#
# There is insufficient memory for the Java Runtime Environment to continue.
# Native memory allocation (mmap) failed to map 29360128 bytes for G1 virtual space
# Possible reasons:
#   The system is out of physical RAM or swap space
#   The process is running with CompressedOops enabled, and the Java Heap may be blocking the growth of the native heap
# Possible solutions:
#   Reduce memory load on the system
#   Increase physical memory or swap space
#   Check if swap backing store is full
#   Decrease Java heap size (-Xmx/-Xms)
#   Decrease number of Java threads
#   Decrease Java thread stack sizes (-Xss)
#   Set larger code cache with -XX:ReservedCodeCacheSize=
#   JVM is running with Unscaled Compressed Oops mode in which the Java heap is
#     placed in the first 4GB address space. The Java Heap base address is the
#     maximum limit for the native heap growth. Please use -XX:HeapBaseMinAddress
#     to set the Java Heap base and to place the Java Heap above 4GB virtual address.
# This output file may be truncated or incomplete.
#
#  Out of Memory Error (os_windows.cpp:3613), pid=7508, tid=7924
#
# JRE version: OpenJDK Runtime Environment Zulu17.46+19-CA (17.0.9+8) (build 17.0.9+8-LTS)
# Java VM: OpenJDK 64-Bit Server VM Zulu17.46+19-CA (17.0.9+8-LTS, mixed mode, sharing, tiered, compressed oops, compressed class ptrs, g1 gc, windows-amd64)
# No core dump will be written. Minidumps are not enabled by default on client versions of Windows
#

---------------  S U M M A R Y ------------

Command Line: --add-opens=java.base/java.util=ALL-UNNAMED --add-opens=java.base/java.lang=ALL-UNNAMED --add-opens=java.base/java.lang.invoke=ALL-UNNAMED --add-opens=java.prefs/java.util.prefs=ALL-UNNAMED --add-opens=java.base/java.nio.charset=ALL-UNNAMED --add-opens=java.base/java.net=ALL-UNNAMED --add-opens=java.base/java.util.concurrent.atomic=ALL-UNNAMED -Xmx2048m -Dfile.encoding=UTF-8 -Duser.country=US -Duser.language=en -Duser.variant org.gradle.launcher.daemon.bootstrap.GradleDaemon 8.0

Host: Intel(R) Core(TM) i5-3210M CPU @ 2.50GHz, 4 cores, 7G,  Windows 10 , 64 bit Build 19041 (10.0.19041.207)
Time: Mon Jan 22 16:29:20 2024 SE Asia Standard Time elapsed time: 55.385536 seconds (0d 0h 0m 55s)

---------------  T H R E A D  ---------------

Current thread (0x00000170c5de67a0):  VMThread "VM Thread" [stack: 0x0000006b07700000,0x0000006b07800000] [id=7924]

Stack: [0x0000006b07700000,0x0000006b07800000]
Native frames: (J=compiled Java code, j=interpreted, Vv=VM code, C=native code)
V  [jvm.dll+0x681239]
V  [jvm.dll+0x838dba]
V  [jvm.dll+0x83a87e]
V  [jvm.dll+0x83aee3]
V  [jvm.dll+0x24b92f]
V  [jvm.dll+0x67e049]
V  [jvm.dll+0x67299a]
V  [jvm.dll+0x30b7db]
V  [jvm.dll+0x312c86]
V  [jvm.dll+0x36327e]
V  [jvm.dll+0x3634af]
V  [jvm.dll+0x2e2438]
V  [jvm.dll+0x2e0614]
V  [jvm.dll+0x2dfc1c]
V  [jvm.dll+0x323c3b]
V  [jvm.dll+0x83f3db]
V  [jvm.dll+0x840121]
V  [jvm.dll+0x84063d]
V  [jvm.dll+0x840a14]
V  [jvm.dll+0x840ae0]
V  [jvm.dll+0x7e825a]
V  [jvm.dll+0x680125]
C  [ucrtbase.dll+0x21542]
C  [KERNEL32.DLL+0x16fd4]
C  [ntdll.dll+0x4cec1]

VM_Operation (0x0000006b08cf2a80): G1CollectForAllocation, mode: safepoint, requested by thread 0x000001710b061190


---------------  P R O C E S S  ---------------

Threads class SMR info:
_java_thread_list=0x000001710f88e820, length=40, elements={
0x00000170a6227dd0, 0x00000170c5deb170, 0x00000170c5debc50, 0x00000170c5e02460,
0x00000170c5e04d50, 0x00000170c5e05630, 0x00000170c5e06f20, 0x00000170c5e07b30,
0x00000170c5e78c70, 0x00000170c5e7b1b0, 0x000001710b0ce090, 0x000001710b0d2dc0,
0x000001710c5e2810, 0x000001710bcf34d0, 0x000001710c29f820, 0x000001710b26b070,
0x000001710bd3cb40, 0x000001710b23a710, 0x000001710b061190, 0x000001710b063500,
0x000001710b0625d0, 0x000001710b0616a0, 0x000001710b061bb0, 0x000001710b064430,
0x000001710b0620c0, 0x000001710b062ae0, 0x000001710b063f20, 0x000001710b062ff0,
0x000001710d761da0, 0x000001710d75cca0, 0x000001710d761380, 0x000001710d75f010,
0x000001710d760960, 0x000001710d764620, 0x000001710d75d1b0, 0x000001710d75fa30,
0x000001710d75f520, 0x000001710d75e5f0, 0x000001710d760450, 0x000001710d761890
}

Java Threads: ( => current thread )
  0x00000170a6227dd0 JavaThread "main" [_thread_blocked, id=5744, stack(0x0000006b07100000,0x0000006b07200000)]
  0x00000170c5deb170 JavaThread "Reference Handler" daemon [_thread_blocked, id=6364, stack(0x0000006b07800000,0x0000006b07900000)]
  0x00000170c5debc50 JavaThread "Finalizer" daemon [_thread_blocked, id=8828, stack(0x0000006b07900000,0x0000006b07a00000)]
  0x00000170c5e02460 JavaThread "Signal Dispatcher" daemon [_thread_blocked, id=5924, stack(0x0000006b07a00000,0x0000006b07b00000)]
  0x00000170c5e04d50 JavaThread "Attach Listener" daemon [_thread_blocked, id=3916, stack(0x0000006b07b00000,0x0000006b07c00000)]
  0x00000170c5e05630 JavaThread "Service Thread" daemon [_thread_blocked, id=4752, stack(0x0000006b07c00000,0x0000006b07d00000)]
  0x00000170c5e06f20 JavaThread "Monitor Deflation Thread" daemon [_thread_blocked, id=4196, stack(0x0000006b07d00000,0x0000006b07e00000)]
  0x00000170c5e07b30 JavaThread "C2 CompilerThread0" daemon [_thread_blocked, id=3624, stack(0x0000006b07e00000,0x0000006b07f00000)]
  0x00000170c5e78c70 JavaThread "C1 CompilerThread0" daemon [_thread_blocked, id=5988, stack(0x0000006b07f00000,0x0000006b08000000)]
  0x00000170c5e7b1b0 JavaThread "Sweeper thread" daemon [_thread_blocked, id=7816, stack(0x0000006b08000000,0x0000006b08100000)]
  0x000001710b0ce090 JavaThread "Common-Cleaner" daemon [_thread_blocked, id=5312, stack(0x0000006b08100000,0x0000006b08200000)]
  0x000001710b0d2dc0 JavaThread "Notification Thread" daemon [_thread_blocked, id=10560, stack(0x0000006b08200000,0x0000006b08300000)]
  0x000001710c5e2810 JavaThread "Daemon health stats" [_thread_blocked, id=6812, stack(0x0000006b06e00000,0x0000006b06f00000)]
  0x000001710bcf34d0 JavaThread "Incoming local TCP Connector on port 52858" [_thread_in_native, id=9636, stack(0x0000006b08600000,0x0000006b08700000)]
  0x000001710c29f820 JavaThread "Daemon periodic checks" [_thread_blocked, id=4104, stack(0x0000006b08800000,0x0000006b08900000)]
  0x000001710b26b070 JavaThread "Daemon" [_thread_blocked, id=3840, stack(0x0000006b08900000,0x0000006b08a00000)]
  0x000001710bd3cb40 JavaThread "Handler for socket connection from /127.0.0.1:52858 to /127.0.0.1:52859" [_thread_in_native, id=5256, stack(0x0000006b08a00000,0x0000006b08b00000)]
  0x000001710b23a710 JavaThread "Cancel handler" [_thread_blocked, id=6256, stack(0x0000006b08b00000,0x0000006b08c00000)]
  0x000001710b061190 JavaThread "Daemon worker" [_thread_blocked, id=2260, stack(0x0000006b08c00000,0x0000006b08d00000)]
  0x000001710b063500 JavaThread "Asynchronous log dispatcher for DefaultDaemonConnection: socket connection from /127.0.0.1:52858 to /127.0.0.1:52859" [_thread_blocked, id=2364, stack(0x0000006b08d00000,0x0000006b08e00000)]
  0x000001710b0625d0 JavaThread "Stdin handler" [_thread_blocked, id=232, stack(0x0000006b08e00000,0x0000006b08f00000)]
  0x000001710b0616a0 JavaThread "Daemon client event forwarder" [_thread_blocked, id=2268, stack(0x0000006b08f00000,0x0000006b09000000)]
  0x000001710b061bb0 JavaThread "Cache worker for journal cache (D:\DOWNLOADS\JetPlayer\caches\journal-1)" [_thread_blocked, id=8312, stack(0x0000006b09000000,0x0000006b09100000)]
  0x000001710b064430 JavaThread "File lock request listener" [_thread_in_native, id=10736, stack(0x0000006b09100000,0x0000006b09200000)]
  0x000001710b0620c0 JavaThread "Cache worker for file hash cache (D:\DOWNLOADS\JetPlayer\caches\8.0\fileHashes)" [_thread_blocked, id=1216, stack(0x0000006b09200000,0x0000006b09300000)]
  0x000001710b062ae0 JavaThread "File watcher server" daemon [_thread_in_native, id=1404, stack(0x0000006b09400000,0x0000006b09500000)]
  0x000001710b063f20 JavaThread "File watcher consumer" daemon [_thread_blocked, id=9244, stack(0x0000006b09500000,0x0000006b09600000)]
  0x000001710b062ff0 JavaThread "jar transforms" [_thread_blocked, id=9656, stack(0x0000006b09600000,0x0000006b09700000)]
  0x000001710d761da0 JavaThread "jar transforms Thread 2" [_thread_blocked, id=900, stack(0x0000006b09700000,0x0000006b09800000)]
  0x000001710d75cca0 JavaThread "jar transforms Thread 3" [_thread_blocked, id=10184, stack(0x0000006b09800000,0x0000006b09900000)]
  0x000001710d761380 JavaThread "jar transforms Thread 4" [_thread_blocked, id=6816, stack(0x0000006b09900000,0x0000006b09a00000)]
  0x000001710d75f010 JavaThread "Cache worker for checksums cache (C:\Users\ACER\AndroidStudioProjects\ShoesCare\.gradle\8.0\checksums)" [_thread_blocked, id=10840, stack(0x0000006b09a00000,0x0000006b09b00000)]
  0x000001710d760960 JavaThread "Cache worker for cache directory md-rule (D:\DOWNLOADS\JetPlayer\caches\8.0\md-rule)" [_thread_blocked, id=3336, stack(0x0000006b09b00000,0x0000006b09c00000)]
  0x000001710d764620 JavaThread "Cache worker for file content cache (D:\DOWNLOADS\JetPlayer\caches\8.0\fileContent)" [_thread_blocked, id=5720, stack(0x0000006b09c00000,0x0000006b09d00000)]
  0x000001710d75d1b0 JavaThread "Cache worker for file hash cache (C:\Users\ACER\AndroidStudioProjects\ShoesCare\.gradle\8.0\fileHashes)" [_thread_blocked, id=5800, stack(0x0000006b09d00000,0x0000006b09e00000)]
  0x000001710d75fa30 JavaThread "Cache worker for cache directory md-supplier (D:\DOWNLOADS\JetPlayer\caches\8.0\md-supplier)" [_thread_blocked, id=8332, stack(0x0000006b09e00000,0x0000006b09f00000)]
  0x000001710d75f520 JavaThread "Cache worker for execution history cache (D:\DOWNLOADS\JetPlayer\caches\8.0\executionHistory)" [_thread_blocked, id=3276, stack(0x0000006b09f00000,0x0000006b0a000000)]
  0x000001710d75e5f0 JavaThread "Cache worker for kotlin-dsl (D:\DOWNLOADS\JetPlayer\caches\8.0\kotlin-dsl)" [_thread_blocked, id=1392, stack(0x0000006b0a200000,0x0000006b0a300000)]
  0x000001710d760450 JavaThread "Cache worker for dependencies-accessors (C:\Users\ACER\AndroidStudioProjects\ShoesCare\.gradle\8.0\dependencies-accessors)" [_thread_blocked, id=10756, stack(0x0000006b0a300000,0x0000006b0a400000)]
  0x000001710d761890 JavaThread "Cache worker for Build Output Cleanup Cache (C:\Users\ACER\AndroidStudioProjects\ShoesCare\.gradle\buildOutputCleanup)" [_thread_blocked, id=7204, stack(0x0000006b0a400000,0x0000006b0a500000)]

Other Threads:
=>0x00000170c5de67a0 VMThread "VM Thread" [stack: 0x0000006b07700000,0x0000006b07800000] [id=7924]
  0x000001710b0d3ad0 WatcherThread [stack: 0x0000006b08300000,0x0000006b08400000] [id=9520]
  0x00000170a62811e0 GCTaskThread "GC Thread#0" [stack: 0x0000006b07200000,0x0000006b07300000] [id=10416]
  0x000001710b5c11d0 GCTaskThread "GC Thread#1" [stack: 0x0000006b08400000,0x0000006b08500000] [id=10936]
  0x000001710b39b250 GCTaskThread "GC Thread#2" [stack: 0x0000006b08500000,0x0000006b08600000] [id=3188]
  0x000001710b1dfc20 GCTaskThread "GC Thread#3" [stack: 0x0000006b08700000,0x0000006b08800000] [id=3044]
  0x00000170a6292f00 ConcurrentGCThread "G1 Main Marker" [stack: 0x0000006b07300000,0x0000006b07400000] [id=10428]
  0x00000170a6293e70 ConcurrentGCThread "G1 Conc#0" [stack: 0x0000006b07400000,0x0000006b07500000] [id=8488]
  0x00000170c5ca00a0 ConcurrentGCThread "G1 Refine#0" [stack: 0x0000006b07500000,0x0000006b07600000] [id=10592]
  0x000001710b51f970 ConcurrentGCThread "G1 Refine#1" [stack: 0x0000006b0a000000,0x0000006b0a100000] [id=5716]
  0x000001710b51f070 ConcurrentGCThread "G1 Refine#2" [stack: 0x0000006b0a100000,0x0000006b0a200000] [id=8272]
  0x00000170c5ca0890 ConcurrentGCThread "G1 Service" [stack: 0x0000006b07600000,0x0000006b07700000] [id=5820]

Threads with active compile tasks:

VM state: at safepoint (normal execution)

VM Mutex/Monitor currently owned by a thread:  ([mutex/lock_event])
[0x00000170a6221cf0] Threads_lock - owner thread: 0x00000170c5de67a0
[0x00000170a6221990] Heap_lock - owner thread: 0x000001710b061190

Heap address: 0x0000000080000000, size: 2048 MB, Compressed Oops mode: 32-bit

CDS archive(s) mapped at: [0x00000170c6000000-0x00000170c6bd0000-0x00000170c6bd0000), size 12386304, SharedBaseAddress: 0x00000170c6000000, ArchiveRelocationMode: 1.
Compressed class space mapped at: 0x00000170c7000000-0x0000017107000000, reserved size: 1073741824
Narrow klass base: 0x00000170c6000000, Narrow klass shift: 0, Narrow klass range: 0x100000000

GC Precious Log:
 CPUs: 4 total, 4 available
 Memory: 8030M
 Large Page Support: Disabled
 NUMA Support: Disabled
 Compressed Oops: Enabled (32-bit)
 Heap Region Size: 1M
 Heap Min Capacity: 8M
 Heap Initial Capacity: 126M
 Heap Max Capacity: 2G
 Pre-touch: Disabled
 Parallel Workers: 4
 Concurrent Workers: 1
 Concurrent Refinement Workers: 4
 Periodic GC: Disabled

Heap:
 garbage-first heap   total 143360K, used 79267K [0x0000000080000000, 0x0000000100000000)
  region size 1024K, 3 young (3072K), 3 survivors (3072K)
 Metaspace       used 60602K, committed 61312K, reserved 1114112K
  class space    used 8676K, committed 9024K, reserved 1048576K

Heap Regions: E=young(eden), S=young(survivor), O=old, HS=humongous(starts), HC=humongous(continues), CS=collection set, F=free, OA=open archive, CA=closed archive, TAMS=top-at-mark-start (previous, next)
|   0|0x0000000080000000, 0x0000000080100000, 0x0000000080100000|100%| O|  |TAMS 0x0000000080100000, 0x0000000080000000| Untracked 
|   1|0x0000000080100000, 0x0000000080200000, 0x0000000080200000|100%| O|  |TAMS 0x0000000080200000, 0x0000000080100000| Untracked 
|   2|0x0000000080200000, 0x0000000080300000, 0x0000000080300000|100%|HS|  |TAMS 0x0000000080300000, 0x0000000080200000| Complete 
|   3|0x0000000080300000, 0x0000000080400000, 0x0000000080400000|100%|HC|  |TAMS 0x0000000080400000, 0x0000000080300000| Complete 
|   4|0x0000000080400000, 0x0000000080500000, 0x0000000080500000|100%|HC|  |TAMS 0x0000000080500000, 0x0000000080400000| Complete 
|   5|0x0000000080500000, 0x0000000080600000, 0x0000000080600000|100%|HC|  |TAMS 0x0000000080600000, 0x0000000080500000| Complete 
|   6|0x0000000080600000, 0x0000000080700000, 0x0000000080700000|100%| O|  |TAMS 0x0000000080700000, 0x0000000080600000| Untracked 
|   7|0x0000000080700000, 0x0000000080800000, 0x0000000080800000|100%| O|  |TAMS 0x0000000080800000, 0x0000000080700000| Untracked 
|   8|0x0000000080800000, 0x0000000080900000, 0x0000000080900000|100%| O|  |TAMS 0x0000000080900000, 0x0000000080800000| Untracked 
|   9|0x0000000080900000, 0x0000000080a00000, 0x0000000080a00000|100%| O|  |TAMS 0x0000000080a00000, 0x0000000080900000| Untracked 
|  10|0x0000000080a00000, 0x0000000080b00000, 0x0000000080b00000|100%| O|  |TAMS 0x0000000080b00000, 0x0000000080a00000| Untracked 
|  11|0x0000000080b00000, 0x0000000080c00000, 0x0000000080c00000|100%| O|  |TAMS 0x0000000080c00000, 0x0000000080b00000| Untracked 
|  12|0x0000000080c00000, 0x0000000080d00000, 0x0000000080d00000|100%|HS|  |TAMS 0x0000000080d00000, 0x0000000080c00000| Complete 
|  13|0x0000000080d00000, 0x0000000080e00000, 0x0000000080e00000|100%|HC|  |TAMS 0x0000000080e00000, 0x0000000080d00000| Complete 
|  14|0x0000000080e00000, 0x0000000080f00000, 0x0000000080f00000|100%|HS|  |TAMS 0x0000000080f00000, 0x0000000080e00000| Complete 
|  15|0x0000000080f00000, 0x0000000081000000, 0x0000000081000000|100%|HC|  |TAMS 0x0000000081000000, 0x0000000080f00000| Complete 
|  16|0x0000000081000000, 0x0000000081100000, 0x0000000081100000|100%|HC|  |TAMS 0x0000000081100000, 0x0000000081000000| Complete 
|  17|0x0000000081100000, 0x0000000081200000, 0x0000000081200000|100%|HS|  |TAMS 0x0000000081200000, 0x0000000081100000| Complete 
|  18|0x0000000081200000, 0x0000000081300000, 0x0000000081300000|100%|HC|  |TAMS 0x0000000081300000, 0x0000000081200000| Complete 
|  19|0x0000000081300000, 0x0000000081400000, 0x0000000081400000|100%|HC|  |TAMS 0x0000000081400000, 0x0000000081300000| Complete 
|  20|0x0000000081400000, 0x0000000081500000, 0x0000000081500000|100%|HS|  |TAMS 0x0000000081500000, 0x0000000081400000| Complete 
|  21|0x0000000081500000, 0x0000000081600000, 0x0000000081600000|100%|HC|  |TAMS 0x0000000081600000, 0x0000000081500000| Complete 
|  22|0x0000000081600000, 0x0000000081700000, 0x0000000081700000|100%|HC|  |TAMS 0x0000000081700000, 0x0000000081600000| Complete 
|  23|0x0000000081700000, 0x0000000081800000, 0x0000000081800000|100%|HC|  |TAMS 0x0000000081800000, 0x0000000081700000| Complete 
|  24|0x0000000081800000, 0x0000000081900000, 0x0000000081900000|100%|HC|  |TAMS 0x0000000081900000, 0x0000000081800000| Complete 
|  25|0x0000000081900000, 0x0000000081a00000, 0x0000000081a00000|100%|HC|  |TAMS 0x0000000081a00000, 0x0000000081900000| Complete 
|  26|0x0000000081a00000, 0x0000000081b00000, 0x0000000081b00000|100%|HC|  |TAMS 0x0000000081b00000, 0x0000000081a00000| Complete 
|  27|0x0000000081b00000, 0x0000000081c00000, 0x0000000081c00000|100%|HC|  |TAMS 0x0000000081c00000, 0x0000000081b00000| Complete 
|  28|0x0000000081c00000, 0x0000000081d00000, 0x0000000081d00000|100%|HC|  |TAMS 0x0000000081d00000, 0x0000000081c00000| Complete 
|  29|0x0000000081d00000, 0x0000000081e00000, 0x0000000081e00000|100%|HC|  |TAMS 0x0000000081e00000, 0x0000000081d00000| Complete 
|  30|0x0000000081e00000, 0x0000000081f00000, 0x0000000081f00000|100%|HC|  |TAMS 0x0000000081f00000, 0x0000000081e00000| Complete 
|  31|0x0000000081f00000, 0x0000000082000000, 0x0000000082000000|100%|HC|  |TAMS 0x0000000082000000, 0x0000000081f00000| Complete 
|  32|0x0000000082000000, 0x0000000082100000, 0x0000000082100000|100%|HS|  |TAMS 0x0000000082100000, 0x0000000082000000| Complete 
|  33|0x0000000082100000, 0x0000000082200000, 0x0000000082200000|100%|HC|  |TAMS 0x0000000082200000, 0x0000000082100000| Complete 
|  34|0x0000000082200000, 0x0000000082300000, 0x0000000082300000|100%| O|  |TAMS 0x0000000082300000, 0x0000000082200000| Untracked 
|  35|0x0000000082300000, 0x0000000082400000, 0x0000000082400000|100%| O|  |TAMS 0x0000000082400000, 0x0000000082300000| Untracked 
|  36|0x0000000082400000, 0x0000000082500000, 0x0000000082500000|100%| O|  |TAMS 0x0000000082500000, 0x0000000082400000| Untracked 
|  37|0x0000000082500000, 0x0000000082600000, 0x0000000082600000|100%| O|  |TAMS 0x0000000082600000, 0x0000000082500000| Untracked 
|  38|0x0000000082600000, 0x0000000082700000, 0x0000000082700000|100%| O|  |TAMS 0x0000000082700000, 0x0000000082600000| Untracked 
|  39|0x0000000082700000, 0x0000000082800000, 0x0000000082800000|100%| O|  |TAMS 0x0000000082800000, 0x0000000082700000| Untracked 
|  40|0x0000000082800000, 0x0000000082900000, 0x0000000082900000|100%| O|  |TAMS 0x0000000082900000, 0x0000000082800000| Untracked 
|  41|0x0000000082900000, 0x0000000082a00000, 0x0000000082a00000|100%| O|  |TAMS 0x0000000082a00000, 0x0000000082900000| Untracked 
|  42|0x0000000082a00000, 0x0000000082b00000, 0x0000000082b00000|100%| O|  |TAMS 0x0000000082b00000, 0x0000000082a00000| Untracked 
|  43|0x0000000082b00000, 0x0000000082c00000, 0x0000000082c00000|100%| O|  |TAMS 0x0000000082c00000, 0x0000000082b00000| Untracked 
|  44|0x0000000082c00000, 0x0000000082d00000, 0x0000000082d00000|100%| O|  |TAMS 0x0000000082d00000, 0x0000000082c00000| Untracked 
|  45|0x0000000082d00000, 0x0000000082e00000, 0x0000000082e00000|100%| O|  |TAMS 0x0000000082e00000, 0x0000000082d00000| Untracked 
|  46|0x0000000082e00000, 0x0000000082f00000, 0x0000000082f00000|100%| O|  |TAMS 0x0000000082f00000, 0x0000000082e00000| Untracked 
|  47|0x0000000082f00000, 0x0000000083000000, 0x0000000083000000|100%| O|  |TAMS 0x0000000083000000, 0x0000000082f00000| Untracked 
|  48|0x0000000083000000, 0x0000000083100000, 0x0000000083100000|100%| O|  |TAMS 0x0000000083100000, 0x0000000083000000| Untracked 
|  49|0x0000000083100000, 0x0000000083200000, 0x0000000083200000|100%| O|  |TAMS 0x0000000083200000, 0x0000000083100000| Untracked 
|  50|0x0000000083200000, 0x0000000083300000, 0x0000000083300000|100%| O|  |TAMS 0x0000000083300000, 0x0000000083200000| Untracked 
|  51|0x0000000083300000, 0x0000000083400000, 0x0000000083400000|100%| O|  |TAMS 0x0000000083400000, 0x0000000083300000| Untracked 
|  52|0x0000000083400000, 0x0000000083500000, 0x0000000083500000|100%| O|  |TAMS 0x0000000083500000, 0x0000000083400000| Untracked 
|  53|0x0000000083500000, 0x0000000083600000, 0x0000000083600000|100%| O|  |TAMS 0x0000000083600000, 0x0000000083500000| Untracked 
|  54|0x0000000083600000, 0x0000000083700000, 0x0000000083700000|100%| O|  |TAMS 0x0000000083700000, 0x0000000083600000| Untracked 
|  55|0x0000000083700000, 0x0000000083800000, 0x0000000083800000|100%| O|  |TAMS 0x0000000083800000, 0x0000000083700000| Untracked 
|  56|0x0000000083800000, 0x0000000083900000, 0x0000000083900000|100%|HS|  |TAMS 0x0000000083900000, 0x0000000083800000| Complete 
|  57|0x0000000083900000, 0x0000000083a00000, 0x0000000083a00000|100%|HC|  |TAMS 0x0000000083a00000, 0x0000000083900000| Complete 
|  58|0x0000000083a00000, 0x0000000083b00000, 0x0000000083b00000|100%|HC|  |TAMS 0x0000000083b00000, 0x0000000083a00000| Complete 
|  59|0x0000000083b00000, 0x0000000083c00000, 0x0000000083c00000|100%|HS|  |TAMS 0x0000000083c00000, 0x0000000083b00000| Complete 
|  60|0x0000000083c00000, 0x0000000083d00000, 0x0000000083d00000|100%|HC|  |TAMS 0x0000000083d00000, 0x0000000083c00000| Complete 
|  61|0x0000000083d00000, 0x0000000083e00000, 0x0000000083e00000|100%|HC|  |TAMS 0x0000000083e00000, 0x0000000083d00000| Complete 
|  62|0x0000000083e00000, 0x0000000083f00000, 0x0000000083f00000|100%| O|  |TAMS 0x0000000083f00000, 0x0000000083e00000| Untracked 
|  63|0x0000000083f00000, 0x0000000084000000, 0x0000000084000000|100%| O|  |TAMS 0x0000000084000000, 0x0000000083f00000| Untracked 
|  64|0x0000000084000000, 0x0000000084100000, 0x0000000084100000|100%| O|  |TAMS 0x0000000084100000, 0x0000000084000000| Untracked 
|  65|0x0000000084100000, 0x0000000084200000, 0x0000000084200000|100%| O|  |TAMS 0x0000000084200000, 0x0000000084100000| Untracked 
|  66|0x0000000084200000, 0x0000000084300000, 0x0000000084300000|100%| O|  |TAMS 0x0000000084300000, 0x0000000084200000| Untracked 
|  67|0x0000000084300000, 0x0000000084400000, 0x0000000084400000|100%| O|  |TAMS 0x0000000084400000, 0x0000000084300000| Untracked 
|  68|0x0000000084400000, 0x0000000084500000, 0x0000000084500000|100%| O|  |TAMS 0x0000000084500000, 0x0000000084400000| Untracked 
|  69|0x0000000084500000, 0x0000000084600000, 0x0000000084600000|100%| O|  |TAMS 0x0000000084588600, 0x0000000084500000| Untracked 
|  70|0x0000000084600000, 0x0000000084700000, 0x0000000084700000|100%|HS|  |TAMS 0x0000000084600000, 0x0000000084600000| Complete 
|  71|0x0000000084700000, 0x0000000084800000, 0x0000000084800000|100%|HC|  |TAMS 0x0000000084700000, 0x0000000084700000| Complete 
|  72|0x0000000084800000, 0x0000000084900000, 0x0000000084900000|100%|HC|  |TAMS 0x0000000084800000, 0x0000000084800000| Complete 
|  73|0x0000000084900000, 0x0000000084a00000, 0x0000000084a00000|100%|HC|  |TAMS 0x0000000084900000, 0x0000000084900000| Complete 
|  74|0x0000000084a00000, 0x0000000084a90a00, 0x0000000084b00000| 56%| O|  |TAMS 0x0000000084a00000, 0x0000000084a00000| Untracked 
|  75|0x0000000084b00000, 0x0000000084b00000, 0x0000000084c00000|  0%| F|  |TAMS 0x0000000084b00000, 0x0000000084b00000| Untracked 
|  76|0x0000000084c00000, 0x0000000084c00000, 0x0000000084d00000|  0%| F|  |TAMS 0x0000000084c00000, 0x0000000084c00000| Untracked 
|  77|0x0000000084d00000, 0x0000000084d00000, 0x0000000084e00000|  0%| F|  |TAMS 0x0000000084d00000, 0x0000000084d00000| Untracked 
|  78|0x0000000084e00000, 0x0000000084e00000, 0x0000000084f00000|  0%| F|  |TAMS 0x0000000084e00000, 0x0000000084e00000| Untracked 
|  79|0x0000000084f00000, 0x0000000084f00000, 0x0000000085000000|  0%| F|  |TAMS 0x0000000084f00000, 0x0000000084f00000| Untracked 
|  80|0x0000000085000000, 0x0000000085000000, 0x0000000085100000|  0%| F|  |TAMS 0x0000000085000000, 0x0000000085000000| Untracked 
|  81|0x0000000085100000, 0x0000000085100000, 0x0000000085200000|  0%| F|  |TAMS 0x0000000085100000, 0x0000000085100000| Untracked 
|  82|0x0000000085200000, 0x0000000085200000, 0x0000000085300000|  0%| F|  |TAMS 0x0000000085200000, 0x0000000085200000| Untracked 
|  83|0x0000000085300000, 0x0000000085300000, 0x0000000085400000|  0%| F|  |TAMS 0x0000000085300000, 0x0000000085300000| Untracked 
|  84|0x0000000085400000, 0x0000000085400000, 0x0000000085500000|  0%| F|  |TAMS 0x0000000085400000, 0x0000000085400000| Untracked 
|  85|0x0000000085500000, 0x0000000085500000, 0x0000000085600000|  0%| F|  |TAMS 0x0000000085500000, 0x0000000085500000| Untracked 
|  86|0x0000000085600000, 0x0000000085600000, 0x0000000085700000|  0%| F|  |TAMS 0x0000000085600000, 0x0000000085600000| Untracked 
|  87|0x0000000085700000, 0x0000000085700000, 0x0000000085800000|  0%| F|  |TAMS 0x0000000085700000, 0x0000000085700000| Untracked 
|  88|0x0000000085800000, 0x0000000085800000, 0x0000000085900000|  0%| F|  |TAMS 0x0000000085800000, 0x0000000085800000| Untracked 
|  89|0x0000000085900000, 0x0000000085900000, 0x0000000085a00000|  0%| F|  |TAMS 0x0000000085900000, 0x0000000085900000| Untracked 
|  90|0x0000000085a00000, 0x0000000085a00000, 0x0000000085b00000|  0%| F|  |TAMS 0x0000000085a00000, 0x0000000085a00000| Untracked 
|  91|0x0000000085b00000, 0x0000000085b00000, 0x0000000085c00000|  0%| F|  |TAMS 0x0000000085b00000, 0x0000000085b00000| Untracked 
|  92|0x0000000085c00000, 0x0000000085c00000, 0x0000000085d00000|  0%| F|  |TAMS 0x0000000085c00000, 0x0000000085c00000| Untracked 
|  93|0x0000000085d00000, 0x0000000085d00000, 0x0000000085e00000|  0%| F|  |TAMS 0x0000000085d00000, 0x0000000085d00000| Untracked 
|  94|0x0000000085e00000, 0x0000000085e00000, 0x0000000085f00000|  0%| F|  |TAMS 0x0000000085e00000, 0x0000000085e00000| Untracked 
|  95|0x0000000085f00000, 0x0000000085f00000, 0x0000000086000000|  0%| F|  |TAMS 0x0000000085f00000, 0x0000000085f00000| Untracked 
|  96|0x0000000086000000, 0x0000000086000000, 0x0000000086100000|  0%| F|  |TAMS 0x0000000086000000, 0x0000000086000000| Untracked 
|  97|0x0000000086100000, 0x0000000086100000, 0x0000000086200000|  0%| F|  |TAMS 0x0000000086100000, 0x0000000086100000| Untracked 
|  98|0x0000000086200000, 0x0000000086200000, 0x0000000086300000|  0%| F|  |TAMS 0x0000000086200000, 0x0000000086200000| Untracked 
|  99|0x0000000086300000, 0x0000000086300000, 0x0000000086400000|  0%| F|  |TAMS 0x0000000086300000, 0x0000000086300000| Untracked 
| 100|0x0000000086400000, 0x0000000086400000, 0x0000000086500000|  0%| F|  |TAMS 0x0000000086400000, 0x0000000086400000| Untracked 
| 101|0x0000000086500000, 0x00000000865d83f0, 0x0000000086600000| 84%| S|CS|TAMS 0x0000000086500000, 0x0000000086500000| Complete 
| 102|0x0000000086600000, 0x0000000086700000, 0x0000000086700000|100%| S|CS|TAMS 0x0000000086600000, 0x0000000086600000| Complete 
| 103|0x0000000086700000, 0x0000000086800000, 0x0000000086800000|100%| S|CS|TAMS 0x0000000086700000, 0x0000000086700000| Complete 
| 104|0x0000000086800000, 0x0000000086800000, 0x0000000086900000|  0%| F|  |TAMS 0x0000000086800000, 0x0000000086800000| Untracked 
| 105|0x0000000086900000, 0x0000000086900000, 0x0000000086a00000|  0%| F|  |TAMS 0x0000000086900000, 0x0000000086900000| Untracked 
| 106|0x0000000086a00000, 0x0000000086a00000, 0x0000000086b00000|  0%| F|  |TAMS 0x0000000086a00000, 0x0000000086a00000| Untracked 
| 107|0x0000000086b00000, 0x0000000086b00000, 0x0000000086c00000|  0%| F|  |TAMS 0x0000000086b00000, 0x0000000086b00000| Untracked 
| 108|0x0000000086c00000, 0x0000000086c00000, 0x0000000086d00000|  0%| F|  |TAMS 0x0000000086c00000, 0x0000000086c00000| Untracked 
| 109|0x0000000086d00000, 0x0000000086d00000, 0x0000000086e00000|  0%| F|  |TAMS 0x0000000086d00000, 0x0000000086d00000| Untracked 
| 110|0x0000000086e00000, 0x0000000086e00000, 0x0000000086f00000|  0%| F|  |TAMS 0x0000000086e00000, 0x0000000086e00000| Untracked 
| 111|0x0000000086f00000, 0x0000000086f00000, 0x0000000087000000|  0%| F|  |TAMS 0x0000000086f00000, 0x0000000086f00000| Untracked 
| 112|0x0000000087000000, 0x0000000087000000, 0x0000000087100000|  0%| F|  |TAMS 0x0000000087000000, 0x0000000087000000| Untracked 
| 113|0x0000000087100000, 0x0000000087100000, 0x0000000087200000|  0%| F|  |TAMS 0x0000000087100000, 0x0000000087100000| Untracked 
| 114|0x0000000087200000, 0x0000000087200000, 0x0000000087300000|  0%| F|  |TAMS 0x0000000087200000, 0x0000000087200000| Untracked 
| 115|0x0000000087300000, 0x0000000087300000, 0x0000000087400000|  0%| F|  |TAMS 0x0000000087300000, 0x0000000087300000| Untracked 
| 116|0x0000000087400000, 0x0000000087400000, 0x0000000087500000|  0%| F|  |TAMS 0x0000000087400000, 0x0000000087400000| Untracked 
| 117|0x0000000087500000, 0x0000000087500000, 0x0000000087600000|  0%| F|  |TAMS 0x0000000087500000, 0x0000000087500000| Untracked 
| 118|0x0000000087600000, 0x0000000087600000, 0x0000000087700000|  0%| F|  |TAMS 0x0000000087600000, 0x0000000087600000| Untracked 
| 119|0x0000000087700000, 0x0000000087700000, 0x0000000087800000|  0%| F|  |TAMS 0x0000000087700000, 0x0000000087700000| Untracked 
| 120|0x0000000087800000, 0x0000000087800000, 0x0000000087900000|  0%| F|  |TAMS 0x0000000087800000, 0x0000000087800000| Untracked 
| 121|0x0000000087900000, 0x0000000087900000, 0x0000000087a00000|  0%| F|  |TAMS 0x0000000087900000, 0x0000000087900000| Untracked 
| 122|0x0000000087a00000, 0x0000000087a00000, 0x0000000087b00000|  0%| F|  |TAMS 0x0000000087a00000, 0x0000000087a00000| Untracked 
| 123|0x0000000087b00000, 0x0000000087b00000, 0x0000000087c00000|  0%| F|  |TAMS 0x0000000087b00000, 0x0000000087b00000| Untracked 
| 124|0x0000000087c00000, 0x0000000087c00000, 0x0000000087d00000|  0%| F|  |TAMS 0x0000000087c00000, 0x0000000087c00000| Untracked 
| 125|0x0000000087d00000, 0x0000000087d00000, 0x0000000087e00000|  0%| F|  |TAMS 0x0000000087d00000, 0x0000000087d00000| Untracked 
| 126|0x0000000087e00000, 0x0000000087e00000, 0x0000000087f00000|  0%| F|  |TAMS 0x0000000087e00000, 0x0000000087e00000| Untracked 
| 127|0x0000000087f00000, 0x0000000087f00000, 0x0000000088000000|  0%| F|  |TAMS 0x0000000087f00000, 0x0000000087f00000| Untracked 
| 128|0x0000000088000000, 0x0000000088000000, 0x0000000088100000|  0%| F|  |TAMS 0x0000000088000000, 0x0000000088000000| Untracked 
| 129|0x0000000088100000, 0x0000000088100000, 0x0000000088200000|  0%| F|  |TAMS 0x0000000088100000, 0x0000000088100000| Untracked 
| 130|0x0000000088200000, 0x0000000088200000, 0x0000000088300000|  0%| F|  |TAMS 0x0000000088200000, 0x0000000088200000| Untracked 
| 131|0x0000000088300000, 0x0000000088300000, 0x0000000088400000|  0%| F|  |TAMS 0x0000000088300000, 0x0000000088300000| Untracked 
| 132|0x0000000088400000, 0x0000000088400000, 0x0000000088500000|  0%| F|  |TAMS 0x0000000088400000, 0x0000000088400000| Untracked 
| 133|0x0000000088500000, 0x0000000088500000, 0x0000000088600000|  0%| F|  |TAMS 0x0000000088500000, 0x0000000088500000| Untracked 
| 134|0x0000000088600000, 0x0000000088600000, 0x0000000088700000|  0%| F|  |TAMS 0x0000000088600000, 0x0000000088600000| Untracked 
| 135|0x0000000088700000, 0x0000000088700000, 0x0000000088800000|  0%| F|  |TAMS 0x0000000088700000, 0x0000000088700000| Untracked 
| 136|0x0000000088800000, 0x0000000088800000, 0x0000000088900000|  0%| F|  |TAMS 0x0000000088800000, 0x0000000088800000| Untracked 
| 137|0x0000000088900000, 0x0000000088900000, 0x0000000088a00000|  0%| F|  |TAMS 0x0000000088900000, 0x0000000088900000| Untracked 
| 138|0x0000000088a00000, 0x0000000088a00000, 0x0000000088b00000|  0%| F|  |TAMS 0x0000000088a00000, 0x0000000088a00000| Untracked 
| 139|0x0000000088b00000, 0x0000000088b00000, 0x0000000088c00000|  0%| F|  |TAMS 0x0000000088b00000, 0x0000000088b00000| Untracked 

Card table byte_map: [0x00000170beff0000,0x00000170bf3f0000] _byte_map_base: 0x00000170bebf0000

Marking Bits (Prev, Next): (CMBitMap*) 0x00000170a6282610, (CMBitMap*) 0x00000170a62825d0
 Prev Bits: [0x00000170c17f0000, 0x00000170c37f0000)
 Next Bits: [0x00000170bf7f0000, 0x00000170c17f0000)

Polling page: 0x00000170a62f0000

Metaspace:

Usage:
  Non-class:     50.71 MB used.
      Class:      8.47 MB used.
       Both:     59.18 MB used.

Virtual space:
  Non-class space:       64.00 MB reserved,      51.06 MB ( 80%) committed,  1 nodes.
      Class space:        1.00 GB reserved,       8.81 MB ( <1%) committed,  1 nodes.
             Both:        1.06 GB reserved,      59.88 MB (  6%) committed. 

Chunk freelists:
   Non-Class:  12.34 MB
       Class:  7.08 MB
        Both:  19.42 MB

MaxMetaspaceSize: unlimited
CompressedClassSpaceSize: 1.00 GB
Initial GC threshold: 21.00 MB
Current GC threshold: 91.88 MB
CDS: on
MetaspaceReclaimPolicy: balanced
 - commit_granule_bytes: 65536.
 - commit_granule_words: 8192.
 - virtual_space_node_default_size: 8388608.
 - enlarge_chunks_in_place: 1.
 - new_chunks_are_fully_committed: 0.
 - uncommit_free_chunks: 1.
 - use_allocation_guard: 0.
 - handle_deallocations: 1.


Internal statistics:

num_allocs_failed_limit: 6.
num_arena_births: 758.
num_arena_deaths: 0.
num_vsnodes_births: 2.
num_vsnodes_deaths: 0.
num_space_committed: 958.
num_space_uncommitted: 0.
num_chunks_returned_to_freelist: 6.
num_chunks_taken_from_freelist: 3071.
num_chunk_merges: 6.
num_chunk_splits: 2149.
num_chunks_enlarged: 1560.
num_inconsistent_stats: 0.

CodeHeap 'non-profiled nmethods': size=120000Kb used=2451Kb max_used=3065Kb free=117549Kb
 bounds [0x00000170b70a0000, 0x00000170b73a0000, 0x00000170be5d0000]
CodeHeap 'profiled nmethods': size=120000Kb used=8891Kb max_used=10649Kb free=111109Kb
 bounds [0x00000170af5d0000, 0x00000170b0040000, 0x00000170b6b00000]
CodeHeap 'non-nmethods': size=5760Kb used=2349Kb max_used=2374Kb free=3410Kb
 bounds [0x00000170b6b00000, 0x00000170b6d70000, 0x00000170b70a0000]
 total_blobs=5393 nmethods=4522 adapters=782
 compilation: enabled
              stopped_count=0, restarted_count=0
 full_count=0

Compilation events (20 events):
Event: 55.058 Thread 0x00000170c5e78c70 5306       1       kotlin.jvm.internal.CallableReference::getName (5 bytes)
Event: 55.059 Thread 0x00000170c5e78c70 nmethod 5306 0x00000170b7166d10 code [0x00000170b7166ea0, 0x00000170b7166f78]
Event: 55.059 Thread 0x00000170c5e78c70 5307       1       kotlin.jvm.internal.CallableReference::getSignature (5 bytes)
Event: 55.059 Thread 0x00000170c5e78c70 nmethod 5307 0x00000170b7166a10 code [0x00000170b7166ba0, 0x00000170b7166c78]
Event: 55.059 Thread 0x00000170c5e78c70 5308       1       kotlin.jvm.internal.CallableReference::getBoundReceiver (5 bytes)
Event: 55.059 Thread 0x00000170c5e78c70 nmethod 5308 0x00000170b7166710 code [0x00000170b71668a0, 0x00000170b7166978]
Event: 55.207 Thread 0x00000170c5e78c70 5309       3       org.jetbrains.kotlin.com.intellij.openapi.util.text.StringUtilRt::toLowerCase (33 bytes)
Event: 55.208 Thread 0x00000170c5e78c70 nmethod 5309 0x00000170af9fa710 code [0x00000170af9fa8e0, 0x00000170af9fac98]
Event: 55.260 Thread 0x00000170c5e78c70 5310       3       org.jetbrains.kotlin.com.intellij.util.text.ByteArrayCharSequence::charAt (17 bytes)
Event: 55.261 Thread 0x00000170c5e78c70 nmethod 5310 0x00000170af7c2110 code [0x00000170af7c22a0, 0x00000170af7c23f8]
Event: 55.280 Thread 0x00000170c5e78c70 5311       1       java.lang.ThreadLocal::initialValue (2 bytes)
Event: 55.281 Thread 0x00000170c5e78c70 nmethod 5311 0x00000170b7166410 code [0x00000170b71665a0, 0x00000170b7166678]
Event: 55.338 Thread 0x00000170c5e78c70 5312       3       org.jetbrains.kotlin.com.intellij.util.text.ImmutableText::charAt (50 bytes)
Event: 55.338 Thread 0x00000170c5e78c70 nmethod 5312 0x00000170af995f90 code [0x00000170af996160, 0x00000170af9964e8]
Event: 55.339 Thread 0x00000170c5e78c70 5313       3       org.jetbrains.kotlin.com.intellij.util.text.ImmutableText$Leaf8BitNode::charAt (10 bytes)
Event: 55.339 Thread 0x00000170c5e78c70 nmethod 5313 0x00000170afa94990 code [0x00000170afa94b20, 0x00000170afa94cb8]
Event: 55.339 Thread 0x00000170c5e78c70 5315       3       org.jetbrains.kotlin.com.intellij.util.text.ImmutableText$Leaf8BitNode::byteToChar (7 bytes)
Event: 55.339 Thread 0x00000170c5e78c70 nmethod 5315 0x00000170af995c90 code [0x00000170af995e20, 0x00000170af995f18]
Event: 55.339 Thread 0x00000170c5e78c70 5314       3       org.jetbrains.kotlin.com.intellij.lexer.FlexAdapter::getTokenType (9 bytes)
Event: 55.339 Thread 0x00000170c5e78c70 nmethod 5314 0x00000170afa94410 code [0x00000170afa945a0, 0x00000170afa94768]

GC Heap History (20 events):
Event: 48.523 GC heap after
{Heap after GC invocations=9 (full 0):
 garbage-first heap   total 129024K, used 58187K [0x0000000080000000, 0x0000000100000000)
  region size 1024K, 6 young (6144K), 6 survivors (6144K)
 Metaspace       used 35207K, committed 35712K, reserved 1114112K
  class space    used 4873K, committed 5120K, reserved 1048576K
}
Event: 48.614 GC heap before
{Heap before GC invocations=9 (full 0):
 garbage-first heap   total 129024K, used 60235K [0x0000000080000000, 0x0000000100000000)
  region size 1024K, 9 young (9216K), 6 survivors (6144K)
 Metaspace       used 35606K, committed 36096K, reserved 1114112K
  class space    used 4925K, committed 5184K, reserved 1048576K
}
Event: 48.626 GC heap after
{Heap after GC invocations=10 (full 0):
 garbage-first heap   total 129024K, used 57768K [0x0000000080000000, 0x0000000100000000)
  region size 1024K, 1 young (1024K), 1 survivors (1024K)
 Metaspace       used 35606K, committed 36096K, reserved 1114112K
  class space    used 4925K, committed 5184K, reserved 1048576K
}
Event: 49.423 GC heap before
{Heap before GC invocations=11 (full 0):
 garbage-first heap   total 129024K, used 69032K [0x0000000080000000, 0x0000000100000000)
  region size 1024K, 13 young (13312K), 1 survivors (1024K)
 Metaspace       used 36622K, committed 37056K, reserved 1114112K
  class space    used 5090K, committed 5312K, reserved 1048576K
}
Event: 49.428 GC heap after
{Heap after GC invocations=12 (full 0):
 garbage-first heap   total 129024K, used 59140K [0x0000000080000000, 0x0000000100000000)
  region size 1024K, 2 young (2048K), 2 survivors (2048K)
 Metaspace       used 36622K, committed 37056K, reserved 1114112K
  class space    used 5090K, committed 5312K, reserved 1048576K
}
Event: 49.495 GC heap before
{Heap before GC invocations=12 (full 0):
 garbage-first heap   total 129024K, used 62212K [0x0000000080000000, 0x0000000100000000)
  region size 1024K, 3 young (3072K), 2 survivors (2048K)
 Metaspace       used 36623K, committed 37056K, reserved 1114112K
  class space    used 5090K, committed 5312K, reserved 1048576K
}
Event: 49.499 GC heap after
{Heap after GC invocations=13 (full 0):
 garbage-first heap   total 129024K, used 62635K [0x0000000080000000, 0x0000000100000000)
  region size 1024K, 3 young (3072K), 3 survivors (3072K)
 Metaspace       used 36623K, committed 37056K, reserved 1114112K
  class space    used 5090K, committed 5312K, reserved 1048576K
}
Event: 49.777 GC heap before
{Heap before GC invocations=14 (full 0):
 garbage-first heap   total 129024K, used 74923K [0x0000000080000000, 0x0000000100000000)
  region size 1024K, 14 young (14336K), 3 survivors (3072K)
 Metaspace       used 37325K, committed 37824K, reserved 1114112K
  class space    used 5169K, committed 5376K, reserved 1048576K
}
Event: 49.783 GC heap after
{Heap after GC invocations=15 (full 0):
 garbage-first heap   total 129024K, used 67638K [0x0000000080000000, 0x0000000100000000)
  region size 1024K, 5 young (5120K), 5 survivors (5120K)
 Metaspace       used 37325K, committed 37824K, reserved 1114112K
  class space    used 5169K, committed 5376K, reserved 1048576K
}
Event: 50.923 GC heap before
{Heap before GC invocations=16 (full 0):
 garbage-first heap   total 129024K, used 97334K [0x0000000080000000, 0x0000000100000000)
  region size 1024K, 33 young (33792K), 5 survivors (5120K)
 Metaspace       used 39754K, committed 40384K, reserved 1114112K
  class space    used 5420K, committed 5696K, reserved 1048576K
}
Event: 50.933 GC heap after
{Heap after GC invocations=17 (full 0):
 garbage-first heap   total 129024K, used 69182K [0x0000000080000000, 0x0000000100000000)
  region size 1024K, 4 young (4096K), 4 survivors (4096K)
 Metaspace       used 39754K, committed 40384K, reserved 1114112K
  class space    used 5420K, committed 5696K, reserved 1048576K
}
Event: 52.154 GC heap before
{Heap before GC invocations=17 (full 0):
 garbage-first heap   total 129024K, used 98878K [0x0000000080000000, 0x0000000100000000)
  region size 1024K, 33 young (33792K), 4 survivors (4096K)
 Metaspace       used 43145K, committed 43712K, reserved 1114112K
  class space    used 6016K, committed 6272K, reserved 1048576K
}
Event: 52.172 GC heap after
{Heap after GC invocations=18 (full 0):
 garbage-first heap   total 129024K, used 71474K [0x0000000080000000, 0x0000000100000000)
  region size 1024K, 5 young (5120K), 5 survivors (5120K)
 Metaspace       used 43145K, committed 43712K, reserved 1114112K
  class space    used 6016K, committed 6272K, reserved 1048576K
}
Event: 53.043 GC heap before
{Heap before GC invocations=19 (full 0):
 garbage-first heap   total 129024K, used 101170K [0x0000000080000000, 0x0000000100000000)
  region size 1024K, 34 young (34816K), 5 survivors (5120K)
 Metaspace       used 48464K, committed 49152K, reserved 1114112K
  class space    used 7174K, committed 7488K, reserved 1048576K
}
Event: 53.055 GC heap after
{Heap after GC invocations=20 (full 0):
 garbage-first heap   total 129024K, used 72537K [0x0000000080000000, 0x0000000100000000)
  region size 1024K, 4 young (4096K), 4 survivors (4096K)
 Metaspace       used 48464K, committed 49152K, reserved 1114112K
  class space    used 7174K, committed 7488K, reserved 1048576K
}
Event: 53.853 GC heap before
{Heap before GC invocations=20 (full 0):
 garbage-first heap   total 129024K, used 103257K [0x0000000080000000, 0x0000000100000000)
  region size 1024K, 34 young (34816K), 4 survivors (4096K)
 Metaspace       used 52376K, committed 53056K, reserved 1114112K
  class space    used 7691K, committed 8000K, reserved 1048576K
}
Event: 53.867 GC heap after
{Heap after GC invocations=21 (full 0):
 garbage-first heap   total 129024K, used 74061K [0x0000000080000000, 0x0000000100000000)
  region size 1024K, 3 young (3072K), 3 survivors (3072K)
 Metaspace       used 52376K, committed 53056K, reserved 1114112K
  class space    used 7691K, committed 8000K, reserved 1048576K
}
Event: 54.424 GC heap before
{Heap before GC invocations=22 (full 0):
 garbage-first heap   total 132096K, used 92493K [0x0000000080000000, 0x0000000100000000)
  region size 1024K, 22 young (22528K), 3 survivors (3072K)
 Metaspace       used 55440K, committed 56064K, reserved 1114112K
  class space    used 8049K, committed 8320K, reserved 1048576K
}
Event: 54.432 GC heap after
{Heap after GC invocations=23 (full 0):
 garbage-first heap   total 132096K, used 74273K [0x0000000080000000, 0x0000000100000000)
  region size 1024K, 3 young (3072K), 3 survivors (3072K)
 Metaspace       used 55440K, committed 56064K, reserved 1114112K
  class space    used 8049K, committed 8320K, reserved 1048576K
}
Event: 55.372 GC heap before
{Heap before GC invocations=24 (full 0):
 garbage-first heap   total 143360K, used 112161K [0x0000000080000000, 0x0000000100000000)
  region size 1024K, 36 young (36864K), 3 survivors (3072K)
 Metaspace       used 60602K, committed 61312K, reserved 1114112K
  class space    used 8676K, committed 9024K, reserved 1048576K
}

Dll operation events (12 events):
Event: 0.019 Loaded shared library C:\Program Files\Zulu\zulu-17\bin\java.dll
Event: 0.351 Loaded shared library C:\Program Files\Zulu\zulu-17\bin\jsvml.dll
Event: 0.517 Loaded shared library C:\Program Files\Zulu\zulu-17\bin\net.dll
Event: 0.522 Loaded shared library C:\Program Files\Zulu\zulu-17\bin\nio.dll
Event: 0.571 Loaded shared library C:\Program Files\Zulu\zulu-17\bin\zip.dll
Event: 7.350 Loaded shared library C:\Program Files\Zulu\zulu-17\bin\jimage.dll
Event: 9.217 Loaded shared library C:\Program Files\Zulu\zulu-17\bin\verify.dll
Event: 15.598 Loaded shared library D:\DOWNLOADS\JetPlayer\native\68d5fa5c4cc2d200863cafc0d521ce42e7d3e7ee720ec0a83991735586a16f82\windows-amd64\native-platform.dll
Event: 15.787 Loaded shared library D:\DOWNLOADS\JetPlayer\native\e376f236ea51e6404a007f0833ffe2c6e607c4080706a723a18a27aeea778392\windows-amd64\native-platform-file-events.dll
Event: 30.717 Loaded shared library C:\Program Files\Zulu\zulu-17\bin\management.dll
Event: 30.726 Loaded shared library C:\Program Files\Zulu\zulu-17\bin\management_ext.dll
Event: 33.009 Loaded shared library C:\Program Files\Zulu\zulu-17\bin\sunmscapi.dll

Deoptimization events (20 events):
Event: 54.474 Thread 0x000001710b061190 DEOPT PACKING pc=0x00000170afb97320 sp=0x0000006b08cf4f50
Event: 54.474 Thread 0x000001710b061190 DEOPT UNPACKING pc=0x00000170b6b57143 sp=0x0000006b08cf43f8 mode 0
Event: 54.474 Thread 0x000001710b061190 DEOPT PACKING pc=0x00000170afb97320 sp=0x0000006b08cf4f50
Event: 54.474 Thread 0x000001710b061190 DEOPT UNPACKING pc=0x00000170b6b57143 sp=0x0000006b08cf43f8 mode 0
Event: 54.475 Thread 0x000001710b061190 DEOPT PACKING pc=0x00000170afb97320 sp=0x0000006b08cf4f50
Event: 54.476 Thread 0x000001710b061190 DEOPT UNPACKING pc=0x00000170b6b57143 sp=0x0000006b08cf43f8 mode 0
Event: 54.534 Thread 0x000001710b061190 Uncommon trap: trap_request=0xffffffde fr.pc=0x00000170b71b0818 relative=0x00000000000015d8
Event: 54.534 Thread 0x000001710b061190 Uncommon trap: reason=class_check action=maybe_recompile pc=0x00000170b71b0818 method=java.util.zip.InflaterInputStream.read([BII)I @ 100 c2
Event: 54.534 Thread 0x000001710b061190 DEOPT PACKING pc=0x00000170b71b0818 sp=0x0000006b08cf5040
Event: 54.534 Thread 0x000001710b061190 DEOPT UNPACKING pc=0x00000170b6b569a3 sp=0x0000006b08cf5070 mode 2
Event: 54.608 Thread 0x000001710b061190 Uncommon trap: trap_request=0xffffffc6 fr.pc=0x00000170b71ef9c8 relative=0x0000000000000848
Event: 54.608 Thread 0x000001710b061190 Uncommon trap: reason=bimorphic_or_optimized_type_check action=maybe_recompile pc=0x00000170b71ef9c8 method=java.io.BufferedInputStream.read([BII)I @ 101 c2
Event: 54.608 Thread 0x000001710b061190 DEOPT PACKING pc=0x00000170b71ef9c8 sp=0x0000006b08cf4ae0
Event: 54.608 Thread 0x000001710b061190 DEOPT UNPACKING pc=0x00000170b6b569a3 sp=0x0000006b08cf4ab8 mode 2
Event: 55.138 Thread 0x000001710b061190 Uncommon trap: trap_request=0xffffffde fr.pc=0x00000170b72255c0 relative=0x00000000000002a0
Event: 55.138 Thread 0x000001710b061190 Uncommon trap: reason=class_check action=maybe_recompile pc=0x00000170b72255c0 method=java.util.Collections$SetFromMap.remove(Ljava/lang/Object;)Z @ 5 c2
Event: 55.138 Thread 0x000001710b061190 DEOPT PACKING pc=0x00000170b72255c0 sp=0x0000006b08cf41f0
Event: 55.138 Thread 0x000001710b061190 DEOPT UNPACKING pc=0x00000170b6b569a3 sp=0x0000006b08cf41e8 mode 2
Event: 55.246 Thread 0x000001710b0616a0 DEOPT PACKING pc=0x00000170afba052c sp=0x0000006b08fff2e0
Event: 55.246 Thread 0x000001710b0616a0 DEOPT UNPACKING pc=0x00000170b6b57143 sp=0x0000006b08ffe808 mode 0

Classes unloaded (0 events):
No events

Classes redefined (0 events):
No events

Internal exceptions (20 events):
Event: 51.550 Thread 0x000001710b061190 Exception <a 'java/lang/ClassNotFoundException'{0x00000000871ae5b0}: org/jetbrains/plugins/gradle/model/DependencyAccessorsModelBeanInfo> (0x00000000871ae5b0) 
thrown [s\src\hotspot\share\classfile\systemDictionary.cpp, line 259]
Event: 51.551 Thread 0x000001710b061190 Exception <a 'java/lang/ClassNotFoundException'{0x00000000871b6918}: org/jetbrains/plugins/gradle/model/DependencyAccessorsModelCustomizer> (0x00000000871b6918) 
thrown [s\src\hotspot\share\classfile\systemDictionary.cpp, line 259]
Event: 51.820 Thread 0x000001710b061190 Exception <a 'java/lang/ClassNotFoundException'{0x0000000086ad8c78}: org/gradle/api/internal/project/DefaultProject_DecoratedBeanInfo> (0x0000000086ad8c78) 
thrown [s\src\hotspot\share\classfile\systemDictionary.cpp, line 259]
Event: 51.821 Thread 0x000001710b061190 Exception <a 'java/lang/ClassNotFoundException'{0x0000000086ae5770}: org/gradle/api/internal/project/DefaultProjectBeanInfo> (0x0000000086ae5770) 
thrown [s\src\hotspot\share\classfile\systemDictionary.cpp, line 259]
Event: 51.822 Thread 0x000001710b061190 Exception <a 'java/lang/ClassNotFoundException'{0x0000000086af2270}: org/gradle/api/internal/project/DefaultProjectCustomizer> (0x0000000086af2270) 
thrown [s\src\hotspot\share\classfile\systemDictionary.cpp, line 259]
Event: 51.835 Thread 0x000001710b061190 Exception <a 'java/lang/ClassNotFoundException'{0x000000008699b9f8}: org/gradle/api/internal/project/DefaultProject_DecoratedCustomizer> (0x000000008699b9f8) 
thrown [s\src\hotspot\share\classfile\systemDictionary.cpp, line 259]
Event: 52.440 Thread 0x000001710b061190 Exception <a 'java/lang/NoSuchMethodError'{0x00000000878407a0}: 'void java.lang.invoke.DirectMethodHandle$Holder.invokeVirtual(java.lang.Object, java.lang.Object)'> (0x00000000878407a0) 
thrown [s\src\hotspot\share\interpreter\linkResolver.cpp, line 759]
Event: 52.489 Thread 0x000001710b061190 Exception <a 'java/lang/NoSuchMethodError'{0x000000008763ab40}: 'java.lang.Object java.lang.invoke.DirectMethodHandle$Holder.invokeStaticInit(java.lang.Object, int)'> (0x000000008763ab40) 
thrown [s\src\hotspot\share\interpreter\linkResolver.cpp, line 759]
Event: 52.517 Thread 0x000001710b061190 Exception <a 'java/lang/NoSuchMethodError'{0x0000000087563248}: 'int java.lang.invoke.DelegatingMethodHandle$Holder.reinvoke_L(java.lang.Object, java.lang.Object, java.lang.Object, long, int, int)'> (0x0000000087563248) 
thrown [s\src\hotspot\share\interpreter\linkResolver.cpp, line 759]
Event: 52.519 Thread 0x000001710b061190 Exception <a 'java/lang/NoSuchMethodError'{0x00000000875730c0}: 'int java.lang.invoke.DelegatingMethodHandle$Holder.reinvoke_L(java.lang.Object, java.lang.Object, java.lang.Object, long, long, long)'> (0x00000000875730c0) 
thrown [s\src\hotspot\share\interpreter\linkResolver.cpp, line 759]
Event: 52.521 Thread 0x000001710b061190 Exception <a 'java/lang/NoSuchMethodError'{0x0000000087583240}: 'int java.lang.invoke.DelegatingMethodHandle$Holder.reinvoke_L(java.lang.Object, java.lang.Object, java.lang.Object, long, java.lang.Object, java.lang.Object)'> (0x0000000087583240) 
thrown [s\src\hotspot\share\interpreter\linkResolver.cpp, line 759]
Event: 52.522 Thread 0x000001710b061190 Exception <a 'java/lang/NoSuchMethodError'{0x0000000087593458}: 'void java.lang.invoke.DelegatingMethodHandle$Holder.reinvoke_L(java.lang.Object, java.lang.Object, java.lang.Object, long, java.lang.Object)'> (0x0000000087593458) 
thrown [s\src\hotspot\share\interpreter\linkResolver.cpp, line 759]
Event: 52.523 Thread 0x000001710b061190 Exception <a 'java/lang/NoSuchMethodError'{0x000000008759bd88}: 'java.lang.Object java.lang.invoke.DirectMethodHandle$Holder.invokeSpecial(java.lang.Object, java.lang.Object, java.lang.Object, java.lang.Object, long)'> (0x000000008759bd88) 
thrown [s\src\hotspot\share\interpreter\linkResolver.cpp, line 759]
Event: 52.528 Thread 0x000001710b061190 Exception <a 'java/lang/NoSuchMethodError'{0x00000000875c0f40}: 'long java.lang.invoke.Invokers$Holder.invoke_MT(java.lang.Object, java.lang.Object, java.lang.Object, java.lang.Object)'> (0x00000000875c0f40) 
thrown [s\src\hotspot\share\interpreter\linkResolver.cpp, line 759]
Event: 52.530 Thread 0x000001710b061190 Exception <a 'java/lang/NoSuchMethodError'{0x00000000875ca2e8}: 'int java.lang.invoke.Invokers$Holder.invoke_MT(java.lang.Object, java.lang.Object, java.lang.Object, java.lang.Object)'> (0x00000000875ca2e8) 
thrown [s\src\hotspot\share\interpreter\linkResolver.cpp, line 759]
Event: 52.534 Thread 0x000001710b061190 Exception <a 'java/lang/NoSuchMethodError'{0x00000000875db5d8}: 'int java.lang.invoke.DelegatingMethodHandle$Holder.reinvoke_L(java.lang.Object, java.lang.Object, java.lang.Object, long, int)'> (0x00000000875db5d8) 
thrown [s\src\hotspot\share\interpreter\linkResolver.cpp, line 759]
Event: 52.537 Thread 0x000001710b061190 Exception <a 'java/lang/NoSuchMethodError'{0x00000000875eec48}: 'java.lang.Object java.lang.invoke.Invokers$Holder.invokeExact_MT(java.lang.Object, java.lang.Object, long, java.lang.Object)'> (0x00000000875eec48) 
thrown [s\src\hotspot\share\interpreter\linkResolver.cpp, line 759]
Event: 54.131 Thread 0x000001710b061190 Exception <a 'java/lang/NoSuchMethodError'{0x000000008780fb70}: 'long java.lang.invoke.DirectMethodHandle$Holder.invokeStatic(java.lang.Object)'> (0x000000008780fb70) 
thrown [s\src\hotspot\share\interpreter\linkResolver.cpp, line 759]
Event: 54.131 Thread 0x000001710b061190 Exception <a 'java/lang/NoSuchMethodError'{0x0000000087814a00}: 'long java.lang.invoke.DirectMethodHandle$Holder.invokeStaticInit(java.lang.Object)'> (0x0000000087814a00) 
thrown [s\src\hotspot\share\interpreter\linkResolver.cpp, line 759]
Event: 54.421 Thread 0x000001710b061190 Implicit null exception at 0x00000170b728430c to 0x00000170b728443e

VM Operations (20 events):
Event: 52.617 Executing VM operation: HandshakeAllThreads done
Event: 53.043 Executing VM operation: G1CollectForAllocation
Event: 53.055 Executing VM operation: G1CollectForAllocation done
Event: 53.853 Executing VM operation: G1CollectForAllocation
Event: 53.870 Executing VM operation: G1CollectForAllocation done
Event: 53.988 Executing VM operation: G1PauseRemark
Event: 53.995 Executing VM operation: G1PauseRemark done
Event: 54.039 Executing VM operation: G1PauseCleanup
Event: 54.039 Executing VM operation: G1PauseCleanup done
Event: 54.424 Executing VM operation: G1TryInitiateConcMark
Event: 54.432 Executing VM operation: G1TryInitiateConcMark done
Event: 54.553 Executing VM operation: G1PauseRemark
Event: 54.559 Executing VM operation: G1PauseRemark done
Event: 54.600 Executing VM operation: HandshakeAllThreads
Event: 54.600 Executing VM operation: HandshakeAllThreads done
Event: 54.615 Executing VM operation: G1PauseCleanup
Event: 54.615 Executing VM operation: G1PauseCleanup done
Event: 55.241 Executing VM operation: HandshakeAllThreads
Event: 55.241 Executing VM operation: HandshakeAllThreads done
Event: 55.372 Executing VM operation: G1CollectForAllocation

Events (20 events):
Event: 54.608 loading class com/sun/xml/internal/stream/util/BufferAllocator done
Event: 54.616 loading class com/sun/org/apache/xerces/internal/util/XMLChar
Event: 54.617 loading class com/sun/org/apache/xerces/internal/util/XMLChar done
Event: 54.622 loading class com/sun/org/apache/xerces/internal/impl/XMLScanner$NameType
Event: 54.622 loading class com/sun/org/apache/xerces/internal/impl/XMLScanner$NameType done
Event: 54.647 loading class com/sun/org/apache/xerces/internal/impl/io/MalformedByteSequenceException
Event: 54.648 loading class java/io/CharConversionException
Event: 54.648 loading class java/io/CharConversionException done
Event: 54.648 loading class com/sun/org/apache/xerces/internal/impl/io/MalformedByteSequenceException done
Event: 55.058 Thread 0x000001710dafd410 Thread exited: 0x000001710dafd410
Event: 55.253 loading class java/beans/PropertyChangeSupport
Event: 55.254 loading class java/beans/PropertyChangeSupport done
Event: 55.254 loading class java/beans/PropertyChangeSupport$PropertyChangeListenerMap
Event: 55.254 loading class java/beans/ChangeListenerMap
Event: 55.254 loading class java/beans/ChangeListenerMap done
Event: 55.254 loading class java/beans/PropertyChangeSupport$PropertyChangeListenerMap done
Event: 55.322 loading class java/util/PrimitiveIterator$OfInt
Event: 55.322 loading class java/util/PrimitiveIterator
Event: 55.323 loading class java/util/PrimitiveIterator done
Event: 55.323 loading class java/util/PrimitiveIterator$OfInt done


Dynamic libraries:
0x00007ff75a6f0000 - 0x00007ff75a6fe000 	C:\Program Files\Zulu\zulu-17\bin\java.exe
0x00007ff987c70000 - 0x00007ff987e64000 	C:\Windows\SYSTEM32\ntdll.dll
0x00007ff986740000 - 0x00007ff9867fd000 	C:\Windows\System32\KERNEL32.DLL
0x00007ff9853c0000 - 0x00007ff985687000 	C:\Windows\System32\KERNELBASE.dll
0x00007ff985730000 - 0x00007ff985830000 	C:\Windows\System32\ucrtbase.dll
0x00007ff97e8c0000 - 0x00007ff97e8db000 	C:\Program Files\Zulu\zulu-17\bin\VCRUNTIME140.dll
0x00007ff97dde0000 - 0x00007ff97ddf9000 	C:\Program Files\Zulu\zulu-17\bin\jli.dll
0x00007ff975210000 - 0x00007ff9754aa000 	C:\Windows\WinSxS\amd64_microsoft.windows.common-controls_6595b64144ccf1df_6.0.19041.1_none_b555e41d4684ddec\COMCTL32.dll
0x00007ff9878d0000 - 0x00007ff987a70000 	C:\Windows\System32\USER32.dll
0x00007ff986210000 - 0x00007ff9862ae000 	C:\Windows\System32\msvcrt.dll
0x00007ff985c60000 - 0x00007ff985c82000 	C:\Windows\System32\win32u.dll
0x00007ff987a70000 - 0x00007ff987a9a000 	C:\Windows\System32\GDI32.dll
0x00007ff985ad0000 - 0x00007ff985bd9000 	C:\Windows\System32\gdi32full.dll
0x00007ff985690000 - 0x00007ff98572d000 	C:\Windows\System32\msvcp_win.dll
0x00007ff9861e0000 - 0x00007ff986210000 	C:\Windows\System32\IMM32.DLL
0x00007ff9801f0000 - 0x00007ff9801fc000 	C:\Program Files\Zulu\zulu-17\bin\vcruntime140_1.dll
0x00007ff94c730000 - 0x00007ff94c7bd000 	C:\Program Files\Zulu\zulu-17\bin\msvcp140.dll
0x00007ff949ea0000 - 0x00007ff94ab07000 	C:\Program Files\Zulu\zulu-17\bin\server\jvm.dll
0x00007ff9862b0000 - 0x00007ff98635a000 	C:\Windows\System32\ADVAPI32.dll
0x00007ff986360000 - 0x00007ff9863fb000 	C:\Windows\System32\sechost.dll
0x00007ff986600000 - 0x00007ff986723000 	C:\Windows\System32\RPCRT4.dll
0x00007ff984ea0000 - 0x00007ff984eeb000 	C:\Windows\SYSTEM32\POWRPROF.dll
0x00007ff971430000 - 0x00007ff971439000 	C:\Windows\SYSTEM32\WSOCK32.dll
0x00007ff976c50000 - 0x00007ff976c77000 	C:\Windows\SYSTEM32\WINMM.dll
0x00007ff986940000 - 0x00007ff9869ab000 	C:\Windows\System32\WS2_32.dll
0x00007ff97a340000 - 0x00007ff97a34a000 	C:\Windows\SYSTEM32\VERSION.dll
0x00007ff984da0000 - 0x00007ff984db2000 	C:\Windows\SYSTEM32\UMPDC.dll
0x00007ff983310000 - 0x00007ff983323000 	C:\Windows\SYSTEM32\kernel.appcore.dll
0x00007ff980150000 - 0x00007ff98015a000 	C:\Program Files\Zulu\zulu-17\bin\jimage.dll
0x00007ff96f1e0000 - 0x00007ff96f3c4000 	C:\Windows\SYSTEM32\DBGHELP.DLL
0x00007ff96f170000 - 0x00007ff96f19c000 	C:\Windows\SYSTEM32\dbgcore.DLL
0x00007ff985be0000 - 0x00007ff985c5f000 	C:\Windows\System32\bcryptPrimitives.dll
0x00007ff976360000 - 0x00007ff976385000 	C:\Program Files\Zulu\zulu-17\bin\java.dll
0x00007ff94bf10000 - 0x00007ff94bfe7000 	C:\Program Files\Zulu\zulu-17\bin\jsvml.dll
0x00007ff9869c0000 - 0x00007ff9870f1000 	C:\Windows\System32\SHELL32.dll
0x00007ff983510000 - 0x00007ff983c9a000 	C:\Windows\SYSTEM32\windows.storage.dll
0x00007ff987390000 - 0x00007ff9876e4000 	C:\Windows\System32\combase.dll
0x00007ff984d00000 - 0x00007ff984d2b000 	C:\Windows\SYSTEM32\Wldp.dll
0x00007ff9876f0000 - 0x00007ff98779e000 	C:\Windows\System32\SHCORE.dll
0x00007ff9868e0000 - 0x00007ff986935000 	C:\Windows\System32\shlwapi.dll
0x00007ff985300000 - 0x00007ff98531f000 	C:\Windows\SYSTEM32\profapi.dll
0x00007ff97cc40000 - 0x00007ff97cc59000 	C:\Program Files\Zulu\zulu-17\bin\net.dll
0x00007ff97d930000 - 0x00007ff97da30000 	C:\Windows\SYSTEM32\WINHTTP.dll
0x00007ff984af0000 - 0x00007ff984b5a000 	C:\Windows\system32\mswsock.dll
0x00007ff97a880000 - 0x00007ff97a896000 	C:\Program Files\Zulu\zulu-17\bin\nio.dll
0x00007ff97a290000 - 0x00007ff97a2a8000 	C:\Program Files\Zulu\zulu-17\bin\zip.dll
0x00007ff97feb0000 - 0x00007ff97fec0000 	C:\Program Files\Zulu\zulu-17\bin\verify.dll
0x00007ff981210000 - 0x00007ff981237000 	D:\DOWNLOADS\JetPlayer\native\68d5fa5c4cc2d200863cafc0d521ce42e7d3e7ee720ec0a83991735586a16f82\windows-amd64\native-platform.dll
0x00007ff956410000 - 0x00007ff956554000 	D:\DOWNLOADS\JetPlayer\native\e376f236ea51e6404a007f0833ffe2c6e607c4080706a723a18a27aeea778392\windows-amd64\native-platform-file-events.dll
0x00007ff97db00000 - 0x00007ff97db09000 	C:\Program Files\Zulu\zulu-17\bin\management.dll
0x00007ff97daa0000 - 0x00007ff97daab000 	C:\Program Files\Zulu\zulu-17\bin\management_ext.dll
0x00007ff986730000 - 0x00007ff986738000 	C:\Windows\System32\PSAPI.DLL
0x00007ff9850a0000 - 0x00007ff9850b8000 	C:\Windows\SYSTEM32\CRYPTSP.dll
0x00007ff9844a0000 - 0x00007ff9844d4000 	C:\Windows\system32\rsaenh.dll
0x00007ff9859f0000 - 0x00007ff985a17000 	C:\Windows\System32\bcrypt.dll
0x00007ff985280000 - 0x00007ff9852ae000 	C:\Windows\SYSTEM32\USERENV.dll
0x00007ff984c70000 - 0x00007ff984c7c000 	C:\Windows\SYSTEM32\CRYPTBASE.dll
0x00007ff984800000 - 0x00007ff98483b000 	C:\Windows\SYSTEM32\IPHLPAPI.DLL
0x00007ff986400000 - 0x00007ff986409000 	C:\Windows\System32\NSI.dll
0x00007ff97f3a0000 - 0x00007ff97f3b7000 	C:\Windows\SYSTEM32\dhcpcsvc6.DLL
0x00007ff97f380000 - 0x00007ff97f39d000 	C:\Windows\SYSTEM32\dhcpcsvc.DLL
0x00007ff984840000 - 0x00007ff98490a000 	C:\Windows\SYSTEM32\DNSAPI.dll
0x00007ff97d4c0000 - 0x00007ff97d4ce000 	C:\Program Files\Zulu\zulu-17\bin\sunmscapi.dll
0x00007ff985830000 - 0x00007ff98598d000 	C:\Windows\System32\CRYPT32.dll
0x00007ff984d70000 - 0x00007ff984d97000 	C:\Windows\SYSTEM32\ncrypt.dll
0x00007ff984d30000 - 0x00007ff984d6b000 	C:\Windows\SYSTEM32\NTASN1.dll
0x00007ff980200000 - 0x00007ff980207000 	C:\Windows\system32\wshunix.dll

dbghelp: loaded successfully - version: 4.0.5 - missing functions: none
symbol engine: initialized successfully - sym options: 0x614 - pdb path: .;C:\Program Files\Zulu\zulu-17\bin;C:\Windows\SYSTEM32;C:\Windows\WinSxS\amd64_microsoft.windows.common-controls_6595b64144ccf1df_6.0.19041.1_none_b555e41d4684ddec;C:\Program Files\Zulu\zulu-17\bin\server;D:\DOWNLOADS\JetPlayer\native\68d5fa5c4cc2d200863cafc0d521ce42e7d3e7ee720ec0a83991735586a16f82\windows-amd64;D:\DOWNLOADS\JetPlayer\native\e376f236ea51e6404a007f0833ffe2c6e607c4080706a723a18a27aeea778392\windows-amd64

VM Arguments:
jvm_args: --add-opens=java.base/java.util=ALL-UNNAMED --add-opens=java.base/java.lang=ALL-UNNAMED --add-opens=java.base/java.lang.invoke=ALL-UNNAMED --add-opens=java.prefs/java.util.prefs=ALL-UNNAMED --add-opens=java.base/java.nio.charset=ALL-UNNAMED --add-opens=java.base/java.net=ALL-UNNAMED --add-opens=java.base/java.util.concurrent.atomic=ALL-UNNAMED -Xmx2048m -Dfile.encoding=UTF-8 -Duser.country=US -Duser.language=en -Duser.variant 
java_command: org.gradle.launcher.daemon.bootstrap.GradleDaemon 8.0
java_class_path (initial): D:\DOWNLOADS\JetPlayer\wrapper\dists\gradle-8.0-bin\ca5e32bp14vu59qr306oxotwh\gradle-8.0\lib\gradle-launcher-8.0.jar
Launcher Type: SUN_STANDARD

[Global flags]
     intx CICompilerCount                          = 3                                         {product} {ergonomic}
     uint ConcGCThreads                            = 1                                         {product} {ergonomic}
     uint G1ConcRefinementThreads                  = 4                                         {product} {ergonomic}
   size_t G1HeapRegionSize                         = 1048576                                   {product} {ergonomic}
    uintx GCDrainStackTargetSize                   = 64                                        {product} {ergonomic}
   size_t InitialHeapSize                          = 132120576                                 {product} {ergonomic}
   size_t MarkStackSize                            = 4194304                                   {product} {ergonomic}
   size_t MaxHeapSize                              = 2147483648                                {product} {command line}
   size_t MaxNewSize                               = 1287651328                                {product} {ergonomic}
   size_t MinHeapDeltaBytes                        = 1048576                                   {product} {ergonomic}
   size_t MinHeapSize                              = 8388608                                   {product} {ergonomic}
    uintx NonNMethodCodeHeapSize                   = 5832780                                {pd product} {ergonomic}
    uintx NonProfiledCodeHeapSize                  = 122912730                              {pd product} {ergonomic}
    uintx ProfiledCodeHeapSize                     = 122912730                              {pd product} {ergonomic}
    uintx ReservedCodeCacheSize                    = 251658240                              {pd product} {ergonomic}
     bool SegmentedCodeCache                       = true                                      {product} {ergonomic}
   size_t SoftMaxHeapSize                          = 2147483648                             {manageable} {ergonomic}
     bool UseCompressedClassPointers               = true                           {product lp64_product} {ergonomic}
     bool UseCompressedOops                        = true                           {product lp64_product} {ergonomic}
     bool UseG1GC                                  = true                                      {product} {ergonomic}
     bool UseLargePagesIndividualAllocation        = false                                  {pd product} {ergonomic}

Logging:
Log output configuration:
 #0: stdout all=warning uptime,level,tags
 #1: stderr all=off uptime,level,tags

Environment Variables:
JAVA_HOME=C:\Program Files\Zulu\zulu-17
PATH=C:\Program Files\Zulu\zulu-17\bin\;C:\Program Files\Common Files\Oracle\Java\javapath;C:\Program Files (x86)\Common Files\Oracle\Java\javapath;C:\Program Files\Zulu\zulu-8\bin\;C:\ProgramData\Oracle\Java\javapath;C:\Windows\system32;C:\Windows;C:\Windows\System32\Wbem;C:\Windows\System32\WindowsPowerShell\v1.0\;C:\Windows\System32\OpenSSH\;C:\Program Files (x86)\dotnet\;C:\Program Files\dotnet\;C:\Program Files (x86)\QuickTime\QTSystem\;D:\DOWNLOADS\gradle-8.3-all\gradle-8.3\bin;C:\Program Files\Git\cmd;C:\Program Files\Java\jdk-21\bin;C:\Users\ACER\AppData\Local\Microsoft\WindowsApps;C:\Users\ACER\AppData\Local\Programs\Microsoft VS Code\bin;C:\Program Files\Java\jdk-21\bin;
USERNAME=ACER
OS=Windows_NT
PROCESSOR_IDENTIFIER=Intel64 Family 6 Model 58 Stepping 9, GenuineIntel
TMP=C:\Users\ACER\AppData\Local\Temp
TEMP=C:\Users\ACER\AppData\Local\Temp



Periodic native trim disabled


---------------  S Y S T E M  ---------------

OS:
 Windows 10 , 64 bit Build 19041 (10.0.19041.207)
OS uptime: 0 days 17:22 hours
Hyper-V role detected

CPU: total 4 (initial active 4) (2 cores per cpu, 2 threads per core) family 6 model 58 stepping 9 microcode 0x21, cx8, cmov, fxsr, ht, mmx, sse, sse2, sse3, ssse3, sse4.1, sse4.2, popcnt, tsc, tscinvbit, avx, aes, erms, clmul, vzeroupper, clflush, hv
Processor Information for all 4 processors :
  Max Mhz: 2501, Current Mhz: 2100, Mhz Limit: 2075

Memory: 4k page, system-wide physical 8030M (814M free)
TotalPageFile size 10078M (AvailPageFile size 27M)
current process WorkingSet (physical memory assigned to process): 320M, peak: 320M
current process commit charge ("private bytes"): 355M, peak: 383M

vm_info: OpenJDK 64-Bit Server VM (17.0.9+8-LTS) for windows-amd64 JRE (17.0.9+8-LTS) (Zulu17.46+19-CA), built on Oct 11 2023 20:47:25 by "zulu_re" with MS VC++ 16.10 / 16.11 (VS2019)

END.
