#
# There is insufficient memory for the Java Runtime Environment to continue.
# Native memory allocation (mmap) failed to map 1048576 bytes for G1 virtual space
# Possible reasons:
#   The system is out of physical RAM or swap space
#   The process is running with CompressedOops enabled, and the Java Heap may be blocking the growth of the native heap
# Possible solutions:
#   Reduce memory load on the system
#   Increase physical memory or swap space
#   Check if swap backing store is full
#   Decrease Java heap size (-Xmx/-Xms)
#   Decrease number of Java threads
#   Decrease Java thread stack sizes (-Xss)
#   Set larger code cache with -XX:ReservedCodeCacheSize=
#   JVM is running with Unscaled Compressed Oops mode in which the Java heap is
#     placed in the first 4GB address space. The Java Heap base address is the
#     maximum limit for the native heap growth. Please use -XX:HeapBaseMinAddress
#     to set the Java Heap base and to place the Java Heap above 4GB virtual address.
# This output file may be truncated or incomplete.
#
#  Out of Memory Error (os_windows.cpp:3600), pid=6300, tid=10828
#
# JRE version: Java(TM) SE Runtime Environment (21.0.1+12) (build 21.0.1+12-LTS-29)
# Java VM: Java HotSpot(TM) 64-Bit Server VM (21.0.1+12-LTS-29, mixed mode, sharing, tiered, compressed oops, compressed class ptrs, g1 gc, windows-amd64)
# No core dump will be written. Minidumps are not enabled by default on client versions of Windows
#

---------------  S U M M A R Y ------------

Command Line: --add-opens=java.base/java.util=ALL-UNNAMED --add-opens=java.base/java.lang=ALL-UNNAMED --add-opens=java.base/java.lang.invoke=ALL-UNNAMED --add-opens=java.prefs/java.util.prefs=ALL-UNNAMED --add-opens=java.base/java.nio.charset=ALL-UNNAMED --add-opens=java.base/java.net=ALL-UNNAMED --add-opens=java.base/java.util.concurrent.atomic=ALL-UNNAMED -Xmx2048m -Dfile.encoding=UTF-8 -Duser.country=US -Duser.language=en -Duser.variant org.gradle.launcher.daemon.bootstrap.GradleDaemon 8.0

Host: Intel(R) Core(TM) i5-3210M CPU @ 2.50GHz, 4 cores, 7G,  Windows 10 , 64 bit Build 19041 (10.0.19041.207)
Time: Mon Jan 22 16:30:29 2024 SE Asia Standard Time elapsed time: 19.833877 seconds (0d 0h 0m 19s)

---------------  T H R E A D  ---------------

Current thread (0x00000158976181d0):  WorkerThread "GC Thread#2"    [id=10828, stack(0x0000000cb8e00000,0x0000000cb8f00000) (1024K)]

Stack: [0x0000000cb8e00000,0x0000000cb8f00000]
Native frames: (J=compiled Java code, j=interpreted, Vv=VM code, C=native code)
V  [jvm.dll+0x6c9029]
V  [jvm.dll+0x854b81]
V  [jvm.dll+0x856e5e]
V  [jvm.dll+0x857543]
V  [jvm.dll+0x280c06]
V  [jvm.dll+0x6c5715]
V  [jvm.dll+0x6ba10a]
V  [jvm.dll+0x3557ea]
V  [jvm.dll+0x35d436]
V  [jvm.dll+0x3adebb]
V  [jvm.dll+0x3ae554]
V  [jvm.dll+0x3ae61d]
V  [jvm.dll+0x32a84c]
V  [jvm.dll+0x32a5a5]
V  [jvm.dll+0x31b086]
V  [jvm.dll+0x31beaa]
V  [jvm.dll+0x31c328]
V  [jvm.dll+0x31bda7]
V  [jvm.dll+0x357656]
V  [jvm.dll+0x3579c3]
V  [jvm.dll+0x358b1a]
V  [jvm.dll+0x358794]
V  [jvm.dll+0x36cac9]
V  [jvm.dll+0x36d19a]
V  [jvm.dll+0x36d297]
V  [jvm.dll+0x36e17b]
V  [jvm.dll+0x881f77]
V  [jvm.dll+0x7fd728]
V  [jvm.dll+0x6c777d]
C  [ucrtbase.dll+0x21542]
C  [KERNEL32.DLL+0x16fd4]
C  [ntdll.dll+0x4cec1]


---------------  P R O C E S S  ---------------

Threads class SMR info:
_java_thread_list=0x00000158e2632540, length=38, elements={
0x00000158f80f7dd0, 0x00000158ff0616e0, 0x00000158ff0646c0, 0x00000158ff066290,
0x00000158ff066cf0, 0x00000158ff067750, 0x00000158ff0681b0, 0x00000158ff06af50,
0x00000158ff0d4cb0, 0x00000158975a7e80, 0x00000158975ac6b0, 0x00000158de077230,
0x00000158dde23c60, 0x00000158de805400, 0x00000158de71dfe0, 0x00000158de71e650,
0x00000158de4278d0, 0x00000158de427f60, 0x00000158de426520, 0x00000158de429310,
0x00000158de428c80, 0x00000158de426bb0, 0x00000158de427240, 0x00000158de425e90,
0x00000158e129de40, 0x00000158e12a3a20, 0x00000158e12a40b0, 0x00000158e129e4d0,
0x00000158e12a4740, 0x00000158e129f880, 0x00000158e12a12c0, 0x00000158e12a05a0,
0x00000158e12a4dd0, 0x00000158e12a1fe0, 0x00000158e129eb60, 0x00000158e12a2670,
0x00000158e129ff10, 0x00000158ddb11830
}

Java Threads: ( => current thread )
  0x00000158f80f7dd0 JavaThread "main"                              [_thread_blocked, id=6768, stack(0x0000000cb7a00000,0x0000000cb7b00000) (1024K)]
  0x00000158ff0616e0 JavaThread "Reference Handler"          daemon [_thread_blocked, id=11096, stack(0x0000000cb8200000,0x0000000cb8300000) (1024K)]
  0x00000158ff0646c0 JavaThread "Finalizer"                  daemon [_thread_blocked, id=7236, stack(0x0000000cb8300000,0x0000000cb8400000) (1024K)]
  0x00000158ff066290 JavaThread "Signal Dispatcher"          daemon [_thread_blocked, id=7876, stack(0x0000000cb8400000,0x0000000cb8500000) (1024K)]
  0x00000158ff066cf0 JavaThread "Attach Listener"            daemon [_thread_blocked, id=6400, stack(0x0000000cb8500000,0x0000000cb8600000) (1024K)]
  0x00000158ff067750 JavaThread "Service Thread"             daemon [_thread_blocked, id=8548, stack(0x0000000cb8600000,0x0000000cb8700000) (1024K)]
  0x00000158ff0681b0 JavaThread "Monitor Deflation Thread"   daemon [_thread_blocked, id=10500, stack(0x0000000cb8700000,0x0000000cb8800000) (1024K)]
  0x00000158ff06af50 JavaThread "C2 CompilerThread0"         daemon [_thread_blocked, id=10872, stack(0x0000000cb8800000,0x0000000cb8900000) (1024K)]
  0x00000158ff0d4cb0 JavaThread "C1 CompilerThread0"         daemon [_thread_blocked, id=10588, stack(0x0000000cb8900000,0x0000000cb8a00000) (1024K)]
  0x00000158975a7e80 JavaThread "Common-Cleaner"             daemon [_thread_blocked, id=10160, stack(0x0000000cb8a00000,0x0000000cb8b00000) (1024K)]
  0x00000158975ac6b0 JavaThread "Notification Thread"        daemon [_thread_blocked, id=5880, stack(0x0000000cb8b00000,0x0000000cb8c00000) (1024K)]
  0x00000158de077230 JavaThread "Daemon health stats"               [_thread_blocked, id=1144, stack(0x0000000cb9000000,0x0000000cb9100000) (1024K)]
  0x00000158dde23c60 JavaThread "Incoming local TCP Connector on port 52867"        [_thread_in_native, id=8416, stack(0x0000000cb9100000,0x0000000cb9200000) (1024K)]
  0x00000158de805400 JavaThread "Daemon periodic checks"            [_thread_blocked, id=820, stack(0x0000000cb9200000,0x0000000cb9300000) (1024K)]
  0x00000158de71dfe0 JavaThread "Daemon"                            [_thread_blocked, id=5400, stack(0x0000000cb9300000,0x0000000cb9400000) (1024K)]
  0x00000158de71e650 JavaThread "Handler for socket connection from /127.0.0.1:52867 to /127.0.0.1:52868"        [_thread_in_native, id=2796, stack(0x0000000cb9400000,0x0000000cb9500000) (1024K)]
  0x00000158de4278d0 JavaThread "Cancel handler"                    [_thread_blocked, id=5048, stack(0x0000000cb9500000,0x0000000cb9600000) (1024K)]
  0x00000158de427f60 JavaThread "Daemon worker"                     [_thread_blocked, id=7548, stack(0x0000000cb9600000,0x0000000cb9700000) (1024K)]
  0x00000158de426520 JavaThread "Asynchronous log dispatcher for DefaultDaemonConnection: socket connection from /127.0.0.1:52867 to /127.0.0.1:52868"        [_thread_blocked, id=9836, stack(0x0000000cb9700000,0x0000000cb9800000) (1024K)]
  0x00000158de429310 JavaThread "Stdin handler"                     [_thread_blocked, id=5484, stack(0x0000000cb9800000,0x0000000cb9900000) (1024K)]
  0x00000158de428c80 JavaThread "Daemon client event forwarder"        [_thread_blocked, id=8340, stack(0x0000000cb9900000,0x0000000cb9a00000) (1024K)]
  0x00000158de426bb0 JavaThread "Cache worker for journal cache (D:\DOWNLOADS\JetPlayer\caches\journal-1)"        [_thread_blocked, id=9736, stack(0x0000000cb8f00000,0x0000000cb9000000) (1024K)]
  0x00000158de427240 JavaThread "File lock request listener"        [_thread_in_native, id=10668, stack(0x0000000cb9a00000,0x0000000cb9b00000) (1024K)]
  0x00000158de425e90 JavaThread "Cache worker for file hash cache (D:\DOWNLOADS\JetPlayer\caches\8.0\fileHashes)"        [_thread_blocked, id=11236, stack(0x0000000cb9c00000,0x0000000cb9d00000) (1024K)]
  0x00000158e129de40 JavaThread "File watcher server"        daemon [_thread_in_native, id=3664, stack(0x0000000cb9d00000,0x0000000cb9e00000) (1024K)]
  0x00000158e12a3a20 JavaThread "File watcher consumer"      daemon [_thread_blocked, id=9072, stack(0x0000000cb9e00000,0x0000000cb9f00000) (1024K)]
  0x00000158e12a40b0 JavaThread "jar transforms"                    [_thread_blocked, id=8700, stack(0x0000000cb9f00000,0x0000000cba000000) (1024K)]
  0x00000158e129e4d0 JavaThread "jar transforms Thread 2"           [_thread_blocked, id=10028, stack(0x0000000cba000000,0x0000000cba100000) (1024K)]
  0x00000158e12a4740 JavaThread "jar transforms Thread 3"           [_thread_blocked, id=5528, stack(0x0000000cba100000,0x0000000cba200000) (1024K)]
  0x00000158e129f880 JavaThread "jar transforms Thread 4"           [_thread_blocked, id=4424, stack(0x0000000cba200000,0x0000000cba300000) (1024K)]
  0x00000158e12a12c0 JavaThread "Cache worker for checksums cache (C:\Users\ACER\AndroidStudioProjects\ShoesCare\.gradle\8.0\checksums)"        [_thread_blocked, id=4804, stack(0x0000000cba300000,0x0000000cba400000) (1024K)]
  0x00000158e12a05a0 JavaThread "Cache worker for cache directory md-rule (D:\DOWNLOADS\JetPlayer\caches\8.0\md-rule)"        [_thread_blocked, id=480, stack(0x0000000cba400000,0x0000000cba500000) (1024K)]
  0x00000158e12a4dd0 JavaThread "Cache worker for file content cache (D:\DOWNLOADS\JetPlayer\caches\8.0\fileContent)"        [_thread_blocked, id=7020, stack(0x0000000cba500000,0x0000000cba600000) (1024K)]
  0x00000158e12a1fe0 JavaThread "Cache worker for file hash cache (C:\Users\ACER\AndroidStudioProjects\ShoesCare\.gradle\8.0\fileHashes)"        [_thread_blocked, id=1888, stack(0x0000000cba600000,0x0000000cba700000) (1024K)]
  0x00000158e129eb60 JavaThread "Cache worker for cache directory md-supplier (D:\DOWNLOADS\JetPlayer\caches\8.0\md-supplier)"        [_thread_blocked, id=10532, stack(0x0000000cba700000,0x0000000cba800000) (1024K)]
  0x00000158e12a2670 JavaThread "Cache worker for execution history cache (D:\DOWNLOADS\JetPlayer\caches\8.0\executionHistory)"        [_thread_blocked, id=4660, stack(0x0000000cba800000,0x0000000cba900000) (1024K)]
  0x00000158e129ff10 JavaThread "Cache worker for kotlin-dsl (D:\DOWNLOADS\JetPlayer\caches\8.0\kotlin-dsl)"        [_thread_blocked, id=5508, stack(0x0000000cba900000,0x0000000cbaa00000) (1024K)]
  0x00000158ddb11830 JavaThread "C2 CompilerThread1"         daemon [_thread_blocked, id=1076, stack(0x0000000cb9b00000,0x0000000cb9c00000) (1024K)]
Total: 38

Other Threads:
  0x00000158ff0403f0 VMThread "VM Thread"                           [id=2140, stack(0x0000000cb8100000,0x0000000cb8200000) (1024K)]
  0x00000158ff028a00 WatcherThread "VM Periodic Task Thread"        [id=4116, stack(0x0000000cb8000000,0x0000000cb8100000) (1024K)]
  0x00000158fa339f80 WorkerThread "GC Thread#0"                     [id=260, stack(0x0000000cb7b00000,0x0000000cb7c00000) (1024K)]
  0x00000158978207b0 WorkerThread "GC Thread#1"                     [id=9160, stack(0x0000000cb8d00000,0x0000000cb8e00000) (1024K)]
=>0x00000158976181d0 WorkerThread "GC Thread#2"                     [id=10828, stack(0x0000000cb8e00000,0x0000000cb8f00000) (1024K)]
  0x00000158dd6b5720 WorkerThread "GC Thread#3"                     [id=10388, stack(0x0000000cb8c00000,0x0000000cb8d00000) (1024K)]
  0x00000158fa34ae70 ConcurrentGCThread "G1 Main Marker"            [id=1732, stack(0x0000000cb7c00000,0x0000000cb7d00000) (1024K)]
  0x00000158fa34ba30 WorkerThread "G1 Conc#0"                       [id=484, stack(0x0000000cb7d00000,0x0000000cb7e00000) (1024K)]
  0x00000158fef010a0 ConcurrentGCThread "G1 Refine#0"               [id=10892, stack(0x0000000cb7e00000,0x0000000cb7f00000) (1024K)]
  0x00000158fef01b20 ConcurrentGCThread "G1 Service"                [id=2200, stack(0x0000000cb7f00000,0x0000000cb8000000) (1024K)]
Total: 10

Threads with active compile tasks:
Total: 0

VM state: at safepoint (normal execution)

VM Mutex/Monitor currently owned by a thread:  ([mutex/lock_event])
[0x00007ff947f48078] FreeList_lock - owner thread: 0x00000158976181d0
[0x00007ff947f4a5f8] Threads_lock - owner thread: 0x00000158ff0403f0
[0x00007ff947f4a6f8] Heap_lock - owner thread: 0x00000158de427f60

Heap address: 0x0000000080000000, size: 2048 MB, Compressed Oops mode: 32-bit

CDS archive(s) mapped at: [0x0000015898000000-0x0000015898c90000-0x0000015898c90000), size 13172736, SharedBaseAddress: 0x0000015898000000, ArchiveRelocationMode: 1.
Compressed class space mapped at: 0x0000015899000000-0x00000158d9000000, reserved size: 1073741824
Narrow klass base: 0x0000015898000000, Narrow klass shift: 0, Narrow klass range: 0x100000000

GC Precious Log:
 CardTable entry size: 512
 Card Set container configuration: InlinePtr #cards 5 size 8 Array Of Cards #cards 12 size 40 Howl #buckets 4 coarsen threshold 1843 Howl Bitmap #cards 512 size 80 coarsen threshold 460 Card regions per heap region 1 cards per card region 2048
 CPUs: 4 total, 4 available
 Memory: 8030M
 Large Page Support: Disabled
 NUMA Support: Disabled
 Compressed Oops: Enabled (32-bit)
 Heap Region Size: 1M
 Heap Min Capacity: 8M
 Heap Initial Capacity: 126M
 Heap Max Capacity: 2G
 Pre-touch: Disabled
 Parallel Workers: 4
 Concurrent Workers: 1
 Concurrent Refinement Workers: 4
 Periodic GC: Disabled

Heap:
 garbage-first heap   total 148480K, used 142296K [0x0000000080000000, 0x0000000100000000)
  region size 1024K, 59 young (60416K), 5 survivors (5120K)
 Metaspace       used 63431K, committed 65088K, reserved 1114112K
  class space    used 8965K, committed 9792K, reserved 1048576K

Heap Regions: E=young(eden), S=young(survivor), O=old, HS=humongous(starts), HC=humongous(continues), CS=collection set, F=free, TAMS=top-at-mark-start, PB=parsable bottom
|   0|0x0000000080000000, 0x0000000080100000, 0x0000000080100000|100%| O|  |TAMS 0x0000000080000000| PB 0x0000000080000000| Untracked 
|   1|0x0000000080100000, 0x0000000080200000, 0x0000000080200000|100%| O|  |TAMS 0x0000000080100000| PB 0x0000000080100000| Untracked 
|   2|0x0000000080200000, 0x0000000080300000, 0x0000000080300000|100%| O|  |TAMS 0x0000000080200000| PB 0x0000000080200000| Untracked 
|   3|0x0000000080300000, 0x0000000080400000, 0x0000000080400000|100%|HS|  |TAMS 0x0000000080300000| PB 0x0000000080300000| Complete 
|   4|0x0000000080400000, 0x0000000080500000, 0x0000000080500000|100%|HC|  |TAMS 0x0000000080400000| PB 0x0000000080400000| Complete 
|   5|0x0000000080500000, 0x0000000080600000, 0x0000000080600000|100%|HC|  |TAMS 0x0000000080500000| PB 0x0000000080500000| Complete 
|   6|0x0000000080600000, 0x0000000080700000, 0x0000000080700000|100%|HC|  |TAMS 0x0000000080600000| PB 0x0000000080600000| Complete 
|   7|0x0000000080700000, 0x0000000080800000, 0x0000000080800000|100%| O|  |TAMS 0x0000000080700000| PB 0x0000000080700000| Untracked 
|   8|0x0000000080800000, 0x0000000080900000, 0x0000000080900000|100%| O|  |TAMS 0x0000000080800000| PB 0x0000000080800000| Untracked 
|   9|0x0000000080900000, 0x0000000080a00000, 0x0000000080a00000|100%| O|  |TAMS 0x0000000080900000| PB 0x0000000080900000| Untracked 
|  10|0x0000000080a00000, 0x0000000080b00000, 0x0000000080b00000|100%| O|  |TAMS 0x0000000080a00000| PB 0x0000000080a00000| Untracked 
|  11|0x0000000080b00000, 0x0000000080c00000, 0x0000000080c00000|100%| O|  |TAMS 0x0000000080b00000| PB 0x0000000080b00000| Untracked 
|  12|0x0000000080c00000, 0x0000000080d00000, 0x0000000080d00000|100%| O|  |TAMS 0x0000000080c00000| PB 0x0000000080c00000| Untracked 
|  13|0x0000000080d00000, 0x0000000080e00000, 0x0000000080e00000|100%| O|  |TAMS 0x0000000080d00000| PB 0x0000000080d00000| Untracked 
|  14|0x0000000080e00000, 0x0000000080f00000, 0x0000000080f00000|100%| O|  |TAMS 0x0000000080e00000| PB 0x0000000080e00000| Untracked 
|  15|0x0000000080f00000, 0x0000000081000000, 0x0000000081000000|100%| O|  |TAMS 0x0000000080f00000| PB 0x0000000080f00000| Untracked 
|  16|0x0000000081000000, 0x0000000081100000, 0x0000000081100000|100%| O|  |TAMS 0x0000000081000000| PB 0x0000000081000000| Untracked 
|  17|0x0000000081100000, 0x0000000081200000, 0x0000000081200000|100%| O|  |TAMS 0x0000000081100000| PB 0x0000000081100000| Untracked 
|  18|0x0000000081200000, 0x0000000081300000, 0x0000000081300000|100%| O|  |TAMS 0x0000000081200000| PB 0x0000000081200000| Untracked 
|  19|0x0000000081300000, 0x0000000081400000, 0x0000000081400000|100%| O|  |TAMS 0x0000000081300000| PB 0x0000000081300000| Untracked 
|  20|0x0000000081400000, 0x0000000081500000, 0x0000000081500000|100%| O|  |TAMS 0x0000000081400000| PB 0x0000000081400000| Untracked 
|  21|0x0000000081500000, 0x0000000081600000, 0x0000000081600000|100%| O|  |TAMS 0x0000000081500000| PB 0x0000000081500000| Untracked 
|  22|0x0000000081600000, 0x0000000081700000, 0x0000000081700000|100%|HS|  |TAMS 0x0000000081600000| PB 0x0000000081600000| Complete 
|  23|0x0000000081700000, 0x0000000081800000, 0x0000000081800000|100%|HC|  |TAMS 0x0000000081700000| PB 0x0000000081700000| Complete 
|  24|0x0000000081800000, 0x0000000081900000, 0x0000000081900000|100%|HS|  |TAMS 0x0000000081800000| PB 0x0000000081800000| Complete 
|  25|0x0000000081900000, 0x0000000081a00000, 0x0000000081a00000|100%|HC|  |TAMS 0x0000000081900000| PB 0x0000000081900000| Complete 
|  26|0x0000000081a00000, 0x0000000081b00000, 0x0000000081b00000|100%|HC|  |TAMS 0x0000000081a00000| PB 0x0000000081a00000| Complete 
|  27|0x0000000081b00000, 0x0000000081c00000, 0x0000000081c00000|100%|HS|  |TAMS 0x0000000081b00000| PB 0x0000000081b00000| Complete 
|  28|0x0000000081c00000, 0x0000000081d00000, 0x0000000081d00000|100%|HC|  |TAMS 0x0000000081c00000| PB 0x0000000081c00000| Complete 
|  29|0x0000000081d00000, 0x0000000081e00000, 0x0000000081e00000|100%|HC|  |TAMS 0x0000000081d00000| PB 0x0000000081d00000| Complete 
|  30|0x0000000081e00000, 0x0000000081f00000, 0x0000000081f00000|100%|HS|  |TAMS 0x0000000081e00000| PB 0x0000000081e00000| Complete 
|  31|0x0000000081f00000, 0x0000000082000000, 0x0000000082000000|100%|HC|  |TAMS 0x0000000081f00000| PB 0x0000000081f00000| Complete 
|  32|0x0000000082000000, 0x0000000082100000, 0x0000000082100000|100%|HC|  |TAMS 0x0000000082000000| PB 0x0000000082000000| Complete 
|  33|0x0000000082100000, 0x0000000082200000, 0x0000000082200000|100%|HC|  |TAMS 0x0000000082100000| PB 0x0000000082100000| Complete 
|  34|0x0000000082200000, 0x0000000082300000, 0x0000000082300000|100%|HC|  |TAMS 0x0000000082200000| PB 0x0000000082200000| Complete 
|  35|0x0000000082300000, 0x0000000082400000, 0x0000000082400000|100%|HC|  |TAMS 0x0000000082300000| PB 0x0000000082300000| Complete 
|  36|0x0000000082400000, 0x0000000082500000, 0x0000000082500000|100%|HC|  |TAMS 0x0000000082400000| PB 0x0000000082400000| Complete 
|  37|0x0000000082500000, 0x0000000082600000, 0x0000000082600000|100%|HC|  |TAMS 0x0000000082500000| PB 0x0000000082500000| Complete 
|  38|0x0000000082600000, 0x0000000082700000, 0x0000000082700000|100%|HC|  |TAMS 0x0000000082600000| PB 0x0000000082600000| Complete 
|  39|0x0000000082700000, 0x0000000082800000, 0x0000000082800000|100%|HC|  |TAMS 0x0000000082700000| PB 0x0000000082700000| Complete 
|  40|0x0000000082800000, 0x0000000082900000, 0x0000000082900000|100%|HC|  |TAMS 0x0000000082800000| PB 0x0000000082800000| Complete 
|  41|0x0000000082900000, 0x0000000082a00000, 0x0000000082a00000|100%|HC|  |TAMS 0x0000000082900000| PB 0x0000000082900000| Complete 
|  42|0x0000000082a00000, 0x0000000082b00000, 0x0000000082b00000|100%|HS|  |TAMS 0x0000000082a00000| PB 0x0000000082a00000| Complete 
|  43|0x0000000082b00000, 0x0000000082c00000, 0x0000000082c00000|100%|HC|  |TAMS 0x0000000082b00000| PB 0x0000000082b00000| Complete 
|  44|0x0000000082c00000, 0x0000000082d00000, 0x0000000082d00000|100%| O|  |TAMS 0x0000000082c00000| PB 0x0000000082c00000| Untracked 
|  45|0x0000000082d00000, 0x0000000082e00000, 0x0000000082e00000|100%| O|  |TAMS 0x0000000082d00000| PB 0x0000000082d00000| Untracked 
|  46|0x0000000082e00000, 0x0000000082f00000, 0x0000000082f00000|100%| O|  |TAMS 0x0000000082e00000| PB 0x0000000082e00000| Untracked 
|  47|0x0000000082f00000, 0x0000000083000000, 0x0000000083000000|100%| O|  |TAMS 0x0000000082f00000| PB 0x0000000082f00000| Untracked 
|  48|0x0000000083000000, 0x0000000083100000, 0x0000000083100000|100%| O|  |TAMS 0x0000000083000000| PB 0x0000000083000000| Untracked 
|  49|0x0000000083100000, 0x0000000083200000, 0x0000000083200000|100%| O|  |TAMS 0x0000000083100000| PB 0x0000000083100000| Untracked 
|  50|0x0000000083200000, 0x0000000083300000, 0x0000000083300000|100%| O|  |TAMS 0x0000000083200000| PB 0x0000000083200000| Untracked 
|  51|0x0000000083300000, 0x0000000083400000, 0x0000000083400000|100%| O|CS|TAMS 0x0000000083300000| PB 0x0000000083300000| Complete 
|  52|0x0000000083400000, 0x0000000083500000, 0x0000000083500000|100%|HS|  |TAMS 0x0000000083400000| PB 0x0000000083400000| Complete 
|  53|0x0000000083500000, 0x0000000083600000, 0x0000000083600000|100%|HC|  |TAMS 0x0000000083500000| PB 0x0000000083500000| Complete 
|  54|0x0000000083600000, 0x0000000083700000, 0x0000000083700000|100%|HC|  |TAMS 0x0000000083600000| PB 0x0000000083600000| Complete 
|  55|0x0000000083700000, 0x0000000083800000, 0x0000000083800000|100%| O|  |TAMS 0x0000000083700000| PB 0x0000000083700000| Untracked 
|  56|0x0000000083800000, 0x0000000083900000, 0x0000000083900000|100%| O|  |TAMS 0x0000000083800000| PB 0x0000000083800000| Untracked 
|  57|0x0000000083900000, 0x0000000083a00000, 0x0000000083a00000|100%| O|  |TAMS 0x0000000083900000| PB 0x0000000083900000| Untracked 
|  58|0x0000000083a00000, 0x0000000083b00000, 0x0000000083b00000|100%| O|  |TAMS 0x0000000083a00000| PB 0x0000000083a00000| Untracked 
|  59|0x0000000083b00000, 0x0000000083c00000, 0x0000000083c00000|100%|HS|  |TAMS 0x0000000083b00000| PB 0x0000000083b00000| Complete 
|  60|0x0000000083c00000, 0x0000000083d00000, 0x0000000083d00000|100%|HC|  |TAMS 0x0000000083c00000| PB 0x0000000083c00000| Complete 
|  61|0x0000000083d00000, 0x0000000083e00000, 0x0000000083e00000|100%|HC|  |TAMS 0x0000000083d00000| PB 0x0000000083d00000| Complete 
|  62|0x0000000083e00000, 0x0000000083f00000, 0x0000000083f00000|100%| O|  |TAMS 0x0000000083e00000| PB 0x0000000083e00000| Untracked 
|  63|0x0000000083f00000, 0x0000000084000000, 0x0000000084000000|100%| O|  |TAMS 0x0000000083f00000| PB 0x0000000083f00000| Untracked 
|  64|0x0000000084000000, 0x0000000084100000, 0x0000000084100000|100%| O|  |TAMS 0x0000000084000000| PB 0x0000000084000000| Untracked 
|  65|0x0000000084100000, 0x0000000084200000, 0x0000000084200000|100%| O|  |TAMS 0x0000000084100000| PB 0x0000000084100000| Untracked 
|  66|0x0000000084200000, 0x0000000084300000, 0x0000000084300000|100%| O|  |TAMS 0x0000000084200000| PB 0x0000000084200000| Untracked 
|  67|0x0000000084300000, 0x0000000084400000, 0x0000000084400000|100%| O|  |TAMS 0x0000000084300000| PB 0x0000000084300000| Untracked 
|  68|0x0000000084400000, 0x0000000084500000, 0x0000000084500000|100%|HS|  |TAMS 0x0000000084400000| PB 0x0000000084400000| Complete 
|  69|0x0000000084500000, 0x0000000084600000, 0x0000000084600000|100%|HC|  |TAMS 0x0000000084500000| PB 0x0000000084500000| Complete 
|  70|0x0000000084600000, 0x0000000084700000, 0x0000000084700000|100%|HC|  |TAMS 0x0000000084600000| PB 0x0000000084600000| Complete 
|  71|0x0000000084700000, 0x0000000084800000, 0x0000000084800000|100%|HC|  |TAMS 0x0000000084700000| PB 0x0000000084700000| Complete 
|  72|0x0000000084800000, 0x0000000084900000, 0x0000000084900000|100%| O|  |TAMS 0x0000000084800000| PB 0x0000000084800000| Untracked 
|  73|0x0000000084900000, 0x0000000084a00000, 0x0000000084a00000|100%|HS|  |TAMS 0x0000000084900000| PB 0x0000000084900000| Complete 
|  74|0x0000000084a00000, 0x0000000084b00000, 0x0000000084b00000|100%|HC|  |TAMS 0x0000000084a00000| PB 0x0000000084a00000| Complete 
|  75|0x0000000084b00000, 0x0000000084c00000, 0x0000000084c00000|100%|HC|  |TAMS 0x0000000084b00000| PB 0x0000000084b00000| Complete 
|  76|0x0000000084c00000, 0x0000000084d00000, 0x0000000084d00000|100%|HC|  |TAMS 0x0000000084c00000| PB 0x0000000084c00000| Complete 
|  77|0x0000000084d00000, 0x0000000084e00000, 0x0000000084e00000|100%|HC|  |TAMS 0x0000000084d00000| PB 0x0000000084d00000| Complete 
|  78|0x0000000084e00000, 0x0000000084f00000, 0x0000000084f00000|100%|HC|  |TAMS 0x0000000084e00000| PB 0x0000000084e00000| Complete 
|  79|0x0000000084f00000, 0x0000000084f7ca70, 0x0000000085000000| 48%| O|  |TAMS 0x0000000084f00000| PB 0x0000000084f00000| Untracked 
|  80|0x0000000085000000, 0x0000000085100000, 0x0000000085100000|100%| S|  |TAMS 0x0000000085000000| PB 0x0000000085000000| Complete 
|  81|0x0000000085100000, 0x0000000085200000, 0x0000000085200000|100%| S|  |TAMS 0x0000000085100000| PB 0x0000000085100000| Complete 
|  82|0x0000000085200000, 0x0000000085300000, 0x0000000085300000|100%| S|  |TAMS 0x0000000085200000| PB 0x0000000085200000| Complete 
|  83|0x0000000085300000, 0x0000000085400000, 0x0000000085400000|100%| S|  |TAMS 0x0000000085300000| PB 0x0000000085300000| Complete 
|  84|0x0000000085400000, 0x0000000085500000, 0x0000000085500000|100%| E|CS|TAMS 0x0000000085400000| PB 0x0000000085400000| Complete 
|  85|0x0000000085500000, 0x0000000085600000, 0x0000000085600000|100%| E|CS|TAMS 0x0000000085500000| PB 0x0000000085500000| Complete 
|  86|0x0000000085600000, 0x0000000085700000, 0x0000000085700000|100%| E|CS|TAMS 0x0000000085600000| PB 0x0000000085600000| Complete 
|  87|0x0000000085700000, 0x0000000085800000, 0x0000000085800000|100%| E|CS|TAMS 0x0000000085700000| PB 0x0000000085700000| Complete 
|  88|0x0000000085800000, 0x0000000085900000, 0x0000000085900000|100%| E|CS|TAMS 0x0000000085800000| PB 0x0000000085800000| Complete 
|  89|0x0000000085900000, 0x0000000085a00000, 0x0000000085a00000|100%| E|CS|TAMS 0x0000000085900000| PB 0x0000000085900000| Complete 
|  90|0x0000000085a00000, 0x0000000085b00000, 0x0000000085b00000|100%| E|CS|TAMS 0x0000000085a00000| PB 0x0000000085a00000| Complete 
|  91|0x0000000085b00000, 0x0000000085c00000, 0x0000000085c00000|100%| E|CS|TAMS 0x0000000085b00000| PB 0x0000000085b00000| Complete 
|  92|0x0000000085c00000, 0x0000000085d00000, 0x0000000085d00000|100%| E|CS|TAMS 0x0000000085c00000| PB 0x0000000085c00000| Complete 
|  93|0x0000000085d00000, 0x0000000085e00000, 0x0000000085e00000|100%| E|CS|TAMS 0x0000000085d00000| PB 0x0000000085d00000| Complete 
|  94|0x0000000085e00000, 0x0000000085f00000, 0x0000000085f00000|100%| E|CS|TAMS 0x0000000085e00000| PB 0x0000000085e00000| Complete 
|  95|0x0000000085f00000, 0x0000000086000000, 0x0000000086000000|100%| E|CS|TAMS 0x0000000085f00000| PB 0x0000000085f00000| Complete 
|  96|0x0000000086000000, 0x0000000086100000, 0x0000000086100000|100%| E|CS|TAMS 0x0000000086000000| PB 0x0000000086000000| Complete 
|  97|0x0000000086100000, 0x0000000086200000, 0x0000000086200000|100%| E|CS|TAMS 0x0000000086100000| PB 0x0000000086100000| Complete 
|  98|0x0000000086200000, 0x0000000086300000, 0x0000000086300000|100%| E|CS|TAMS 0x0000000086200000| PB 0x0000000086200000| Complete 
|  99|0x0000000086300000, 0x0000000086400000, 0x0000000086400000|100%| E|CS|TAMS 0x0000000086300000| PB 0x0000000086300000| Complete 
| 100|0x0000000086400000, 0x0000000086500000, 0x0000000086500000|100%| E|CS|TAMS 0x0000000086400000| PB 0x0000000086400000| Complete 
| 101|0x0000000086500000, 0x0000000086600000, 0x0000000086600000|100%| E|CS|TAMS 0x0000000086500000| PB 0x0000000086500000| Complete 
| 102|0x0000000086600000, 0x0000000086700000, 0x0000000086700000|100%| E|CS|TAMS 0x0000000086600000| PB 0x0000000086600000| Complete 
| 103|0x0000000086700000, 0x0000000086800000, 0x0000000086800000|100%| E|CS|TAMS 0x0000000086700000| PB 0x0000000086700000| Complete 
| 104|0x0000000086800000, 0x0000000086900000, 0x0000000086900000|100%| E|CS|TAMS 0x0000000086800000| PB 0x0000000086800000| Complete 
| 105|0x0000000086900000, 0x00000000869f61e0, 0x0000000086a00000| 96%| E|CS|TAMS 0x0000000086900000| PB 0x0000000086900000| Complete 
| 106|0x0000000086a00000, 0x0000000086b00000, 0x0000000086b00000|100%| E|CS|TAMS 0x0000000086a00000| PB 0x0000000086a00000| Complete 
| 107|0x0000000086b00000, 0x0000000086c00000, 0x0000000086c00000|100%| E|CS|TAMS 0x0000000086b00000| PB 0x0000000086b00000| Complete 
| 108|0x0000000086c00000, 0x0000000086d00000, 0x0000000086d00000|100%| E|CS|TAMS 0x0000000086c00000| PB 0x0000000086c00000| Complete 
| 109|0x0000000086d00000, 0x0000000086e00000, 0x0000000086e00000|100%| E|CS|TAMS 0x0000000086d00000| PB 0x0000000086d00000| Complete 
| 110|0x0000000086e00000, 0x0000000086f00000, 0x0000000086f00000|100%| E|CS|TAMS 0x0000000086e00000| PB 0x0000000086e00000| Complete 
| 111|0x0000000086f00000, 0x0000000087000000, 0x0000000087000000|100%| E|CS|TAMS 0x0000000086f00000| PB 0x0000000086f00000| Complete 
| 112|0x0000000087000000, 0x0000000087100000, 0x0000000087100000|100%| E|CS|TAMS 0x0000000087000000| PB 0x0000000087000000| Complete 
| 113|0x0000000087100000, 0x0000000087200000, 0x0000000087200000|100%| E|CS|TAMS 0x0000000087100000| PB 0x0000000087100000| Complete 
| 114|0x0000000087200000, 0x0000000087300000, 0x0000000087300000|100%| E|CS|TAMS 0x0000000087200000| PB 0x0000000087200000| Complete 
| 115|0x0000000087300000, 0x0000000087400000, 0x0000000087400000|100%| E|CS|TAMS 0x0000000087300000| PB 0x0000000087300000| Complete 
| 116|0x0000000087400000, 0x0000000087500000, 0x0000000087500000|100%| E|CS|TAMS 0x0000000087400000| PB 0x0000000087400000| Complete 
| 117|0x0000000087500000, 0x0000000087600000, 0x0000000087600000|100%| E|CS|TAMS 0x0000000087500000| PB 0x0000000087500000| Complete 
| 118|0x0000000087600000, 0x0000000087700000, 0x0000000087700000|100%| E|CS|TAMS 0x0000000087600000| PB 0x0000000087600000| Complete 
| 119|0x0000000087700000, 0x0000000087800000, 0x0000000087800000|100%| E|CS|TAMS 0x0000000087700000| PB 0x0000000087700000| Complete 
| 120|0x0000000087800000, 0x0000000087900000, 0x0000000087900000|100%| E|CS|TAMS 0x0000000087800000| PB 0x0000000087800000| Complete 
| 121|0x0000000087900000, 0x0000000087a00000, 0x0000000087a00000|100%| E|CS|TAMS 0x0000000087900000| PB 0x0000000087900000| Complete 
| 122|0x0000000087a00000, 0x0000000087b00000, 0x0000000087b00000|100%| E|CS|TAMS 0x0000000087a00000| PB 0x0000000087a00000| Complete 
| 123|0x0000000087b00000, 0x0000000087c00000, 0x0000000087c00000|100%| E|CS|TAMS 0x0000000087b00000| PB 0x0000000087b00000| Complete 
| 124|0x0000000087c00000, 0x0000000087d00000, 0x0000000087d00000|100%| E|CS|TAMS 0x0000000087c00000| PB 0x0000000087c00000| Complete 
| 125|0x0000000087d00000, 0x0000000087e00000, 0x0000000087e00000|100%| E|CS|TAMS 0x0000000087d00000| PB 0x0000000087d00000| Complete 
| 126|0x0000000087e00000, 0x0000000087f00000, 0x0000000087f00000|100%| E|CS|TAMS 0x0000000087e00000| PB 0x0000000087e00000| Complete 
| 127|0x0000000087f00000, 0x0000000088000000, 0x0000000088000000|100%| E|CS|TAMS 0x0000000087f00000| PB 0x0000000087f00000| Complete 
| 128|0x0000000088000000, 0x0000000088100000, 0x0000000088100000|100%| E|CS|TAMS 0x0000000088000000| PB 0x0000000088000000| Complete 
| 129|0x0000000088100000, 0x0000000088200000, 0x0000000088200000|100%| E|CS|TAMS 0x0000000088100000| PB 0x0000000088100000| Complete 
| 130|0x0000000088200000, 0x0000000088300000, 0x0000000088300000|100%| E|CS|TAMS 0x0000000088200000| PB 0x0000000088200000| Complete 
| 131|0x0000000088300000, 0x0000000088400000, 0x0000000088400000|100%| E|CS|TAMS 0x0000000088300000| PB 0x0000000088300000| Complete 
| 132|0x0000000088400000, 0x0000000088500000, 0x0000000088500000|100%| E|CS|TAMS 0x0000000088400000| PB 0x0000000088400000| Complete 
| 133|0x0000000088500000, 0x0000000088600000, 0x0000000088600000|100%| E|CS|TAMS 0x0000000088500000| PB 0x0000000088500000| Complete 
| 134|0x0000000088600000, 0x0000000088700000, 0x0000000088700000|100%| E|CS|TAMS 0x0000000088600000| PB 0x0000000088600000| Complete 
| 135|0x0000000088700000, 0x0000000088800000, 0x0000000088800000|100%| E|CS|TAMS 0x0000000088700000| PB 0x0000000088700000| Complete 
| 136|0x0000000088800000, 0x0000000088900000, 0x0000000088900000|100%| E|CS|TAMS 0x0000000088800000| PB 0x0000000088800000| Complete 
| 137|0x0000000088900000, 0x0000000088a00000, 0x0000000088a00000|100%| E|CS|TAMS 0x0000000088900000| PB 0x0000000088900000| Complete 
| 138|0x0000000088a00000, 0x0000000088b00000, 0x0000000088b00000|100%| E|CS|TAMS 0x0000000088a00000| PB 0x0000000088a00000| Complete 
| 139|0x0000000088b00000, 0x0000000088c00000, 0x0000000088c00000|100%| E|CS|TAMS 0x0000000088b00000| PB 0x0000000088b00000| Complete 
| 140|0x0000000088c00000, 0x0000000088d00000, 0x0000000088d00000|100%| E|CS|TAMS 0x0000000088c00000| PB 0x0000000088c00000| Complete 
| 141|0x0000000088d00000, 0x0000000088e00000, 0x0000000088e00000|100%| S|  |TAMS 0x0000000088d00000| PB 0x0000000088d00000| Complete 
|2045|0x00000000ffd00000, 0x00000000ffe00000, 0x00000000ffe00000|100%| O|  |TAMS 0x00000000ffd00000| PB 0x00000000ffd00000| Untracked 
|2046|0x00000000ffe00000, 0x00000000fff00000, 0x00000000fff00000|100%| O|  |TAMS 0x00000000ffe00000| PB 0x00000000ffe00000| Untracked 
|2047|0x00000000fff00000, 0x0000000100000000, 0x0000000100000000|100%| O|  |TAMS 0x00000000fff00000| PB 0x00000000fff00000| Untracked 

Card table byte_map: [0x00000158fa7c0000,0x00000158fabc0000] _byte_map_base: 0x00000158fa3c0000

Marking Bits: (CMBitMap*) 0x00000158fa33a590
 Bits: [0x00000158fabc0000, 0x00000158fcbc0000)

Polling page: 0x00000158f8230000

Metaspace:

Usage:
  Non-class:     53.19 MB used.
      Class:      8.76 MB used.
       Both:     61.94 MB used.

Virtual space:
  Non-class space:       64.00 MB reserved,      54.00 MB ( 84%) committed,  1 nodes.
      Class space:        1.00 GB reserved,       9.56 MB ( <1%) committed,  1 nodes.
             Both:        1.06 GB reserved,      63.56 MB (  6%) committed. 

Chunk freelists:
   Non-Class:  9.39 MB
       Class:  6.28 MB
        Both:  15.67 MB

MaxMetaspaceSize: unlimited
CompressedClassSpaceSize: 1.00 GB
Initial GC threshold: 21.00 MB
Current GC threshold: 91.69 MB
CDS: on
 - commit_granule_bytes: 65536.
 - commit_granule_words: 8192.
 - virtual_space_node_default_size: 8388608.
 - enlarge_chunks_in_place: 1.
 - use_allocation_guard: 0.


Internal statistics:

num_allocs_failed_limit: 3.
num_arena_births: 2668.
num_arena_deaths: 0.
num_vsnodes_births: 2.
num_vsnodes_deaths: 0.
num_space_committed: 1016.
num_space_uncommitted: 0.
num_chunks_returned_to_freelist: 3.
num_chunks_taken_from_freelist: 5270.
num_chunk_merges: 3.
num_chunk_splits: 3592.
num_chunks_enlarged: 2410.
num_inconsistent_stats: 0.

CodeHeap 'non-profiled nmethods': size=120000Kb used=3095Kb max_used=3095Kb free=116904Kb
 bounds [0x000001588fe60000, 0x0000015890170000, 0x0000015897390000]
CodeHeap 'profiled nmethods': size=120000Kb used=9693Kb max_used=9693Kb free=110306Kb
 bounds [0x0000015888390000, 0x0000015888d10000, 0x000001588f8c0000]
CodeHeap 'non-nmethods': size=5760Kb used=2780Kb max_used=2813Kb free=2979Kb
 bounds [0x000001588f8c0000, 0x000001588fb90000, 0x000001588fe60000]
 total_blobs=5959 nmethods=5055 adapters=807
 compilation: enabled
              stopped_count=0, restarted_count=0
 full_count=0

Compilation events (20 events):
Event: 19.423 Thread 0x00000158ff0d4cb0 5879       3       kotlin.reflect.jvm.internal.ReflectionFactoryImpl::getOrCreateKotlinClass (5 bytes)
Event: 19.424 Thread 0x00000158ff0d4cb0 nmethod 5879 0x0000015888d04990 code [0x0000015888d04c40, 0x0000015888d057e8]
Event: 19.440 Thread 0x00000158ff0d4cb0 5881       3       kotlin.properties.ObservableProperty::<init> (10 bytes)
Event: 19.440 Thread 0x00000158ff0d4cb0 nmethod 5881 0x0000015888d05c10 code [0x0000015888d05dc0, 0x0000015888d05f78]
Event: 19.444 Thread 0x00000158ff0d4cb0 5882       3       org.jetbrains.kotlin.renderer.DescriptorRendererOptionsImpl::property (20 bytes)
Event: 19.445 Thread 0x00000158ff0d4cb0 nmethod 5882 0x0000015888d06010 code [0x0000015888d061c0, 0x0000015888d06500]
Event: 19.445 Thread 0x00000158ff0d4cb0 5883       3       org.jetbrains.kotlin.renderer.DescriptorRendererOptionsImpl$property$$inlined$vetoable$1::<init> (11 bytes)
Event: 19.445 Thread 0x00000158ff0d4cb0 nmethod 5883 0x0000015888d06610 code [0x0000015888d067c0, 0x0000015888d06a40]
Event: 19.461 Thread 0x00000158ff0d4cb0 5884       3       java.lang.invoke.DirectMethodHandle$Holder::invokeStatic (14 bytes)
Event: 19.462 Thread 0x00000158ff0d4cb0 nmethod 5884 0x0000015888d06b10 code [0x0000015888d06ce0, 0x0000015888d071c0]
Event: 19.463 Thread 0x00000158ff0d4cb0 5885       3       java.lang.invoke.DirectMethodHandle$Holder::invokeStatic (17 bytes)
Event: 19.463 Thread 0x00000158ff0d4cb0 nmethod 5885 0x0000015888d07310 code [0x0000015888d074e0, 0x0000015888d07968]
Event: 19.463 Thread 0x00000158ff0d4cb0 5886       3       java.lang.invoke.LambdaForm$MH/0x00000158990c9400::invoke (32 bytes)
Event: 19.464 Thread 0x00000158ff0d4cb0 nmethod 5886 0x0000015888d07a90 code [0x0000015888d07c60, 0x0000015888d08108]
Event: 19.464 Thread 0x00000158ff0d4cb0 5887       3       java.lang.invoke.DirectMethodHandle$Holder::invokeStatic (21 bytes)
Event: 19.464 Thread 0x00000158ff0d4cb0 nmethod 5887 0x0000015888d08210 code [0x0000015888d083e0, 0x0000015888d088a0]
Event: 19.464 Thread 0x00000158ff0d4cb0 5888       1       javax.management.ObjectName::getCanonicalName (5 bytes)
Event: 19.465 Thread 0x00000158ff0d4cb0 nmethod 5888 0x0000015890163c10 code [0x0000015890163da0, 0x0000015890163e68]
Event: 19.472 Thread 0x00000158ddb11830 5889       4       java.util.zip.ZipFile::getZipEntry (322 bytes)
Event: 19.513 Thread 0x00000158ddb11830 nmethod 5889 0x0000015890163f10 code [0x0000015890164160, 0x00000158901653f8]

GC Heap History (20 events):
Event: 9.642 GC heap after
{Heap after GC invocations=7 (full 0):
 garbage-first heap   total 93184K, used 51585K [0x0000000080000000, 0x0000000100000000)
  region size 1024K, 7 young (7168K), 7 survivors (7168K)
 Metaspace       used 25227K, committed 26240K, reserved 1114112K
  class space    used 3813K, committed 4352K, reserved 1048576K
}
Event: 10.584 GC heap before
{Heap before GC invocations=7 (full 0):
 garbage-first heap   total 93184K, used 79233K [0x0000000080000000, 0x0000000100000000)
  region size 1024K, 34 young (34816K), 7 survivors (7168K)
 Metaspace       used 29764K, committed 30976K, reserved 1114112K
  class space    used 4465K, committed 5056K, reserved 1048576K
}
Event: 10.595 GC heap after
{Heap after GC invocations=8 (full 0):
 garbage-first heap   total 93184K, used 53580K [0x0000000080000000, 0x0000000100000000)
  region size 1024K, 3 young (3072K), 3 survivors (3072K)
 Metaspace       used 29764K, committed 30976K, reserved 1114112K
  class space    used 4465K, committed 5056K, reserved 1048576K
}
Event: 11.381 GC heap before
{Heap before GC invocations=8 (full 0):
 garbage-first heap   total 93184K, used 81228K [0x0000000080000000, 0x0000000100000000)
  region size 1024K, 31 young (31744K), 3 survivors (3072K)
 Metaspace       used 34005K, committed 35264K, reserved 1114112K
  class space    used 4879K, committed 5504K, reserved 1048576K
}
Event: 11.396 GC heap after
{Heap after GC invocations=9 (full 0):
 garbage-first heap   total 93184K, used 57062K [0x0000000080000000, 0x0000000100000000)
  region size 1024K, 4 young (4096K), 4 survivors (4096K)
 Metaspace       used 34005K, committed 35264K, reserved 1114112K
  class space    used 4879K, committed 5504K, reserved 1048576K
}
Event: 12.466 GC heap before
{Heap before GC invocations=10 (full 0):
 garbage-first heap   total 97280K, used 84710K [0x0000000080000000, 0x0000000100000000)
  region size 1024K, 29 young (29696K), 4 survivors (4096K)
 Metaspace       used 37201K, committed 38528K, reserved 1114112K
  class space    used 5237K, committed 5888K, reserved 1048576K
}
Event: 12.482 GC heap after
{Heap after GC invocations=11 (full 0):
 garbage-first heap   total 97280K, used 60884K [0x0000000080000000, 0x0000000100000000)
  region size 1024K, 4 young (4096K), 4 survivors (4096K)
 Metaspace       used 37201K, committed 38528K, reserved 1114112K
  class space    used 5237K, committed 5888K, reserved 1048576K
}
Event: 13.315 GC heap before
{Heap before GC invocations=11 (full 0):
 garbage-first heap   total 97280K, used 91604K [0x0000000080000000, 0x0000000100000000)
  region size 1024K, 29 young (29696K), 4 survivors (4096K)
 Metaspace       used 39752K, committed 41152K, reserved 1114112K
  class space    used 5602K, committed 6272K, reserved 1048576K
}
Event: 13.330 GC heap after
{Heap after GC invocations=12 (full 0):
 garbage-first heap   total 102400K, used 70827K [0x0000000080000000, 0x0000000100000000)
  region size 1024K, 4 young (4096K), 4 survivors (4096K)
 Metaspace       used 39752K, committed 41152K, reserved 1114112K
  class space    used 5602K, committed 6272K, reserved 1048576K
}
Event: 13.340 GC heap before
{Heap before GC invocations=12 (full 0):
 garbage-first heap   total 102400K, used 70827K [0x0000000080000000, 0x0000000100000000)
  region size 1024K, 6 young (6144K), 4 survivors (4096K)
 Metaspace       used 39785K, committed 41152K, reserved 1114112K
  class space    used 5607K, committed 6272K, reserved 1048576K
}
Event: 13.347 GC heap after
{Heap after GC invocations=13 (full 0):
 garbage-first heap   total 102400K, used 71680K [0x0000000080000000, 0x0000000100000000)
  region size 1024K, 1 young (1024K), 1 survivors (1024K)
 Metaspace       used 39785K, committed 41152K, reserved 1114112K
  class space    used 5607K, committed 6272K, reserved 1048576K
}
Event: 14.045 GC heap before
{Heap before GC invocations=14 (full 0):
 garbage-first heap   total 122880K, used 95232K [0x0000000080000000, 0x0000000100000000)
  region size 1024K, 23 young (23552K), 1 survivors (1024K)
 Metaspace       used 41903K, committed 43392K, reserved 1114112K
  class space    used 5820K, committed 6528K, reserved 1048576K
}
Event: 14.050 GC heap after
{Heap after GC invocations=15 (full 0):
 garbage-first heap   total 122880K, used 72295K [0x0000000080000000, 0x0000000100000000)
  region size 1024K, 2 young (2048K), 2 survivors (2048K)
 Metaspace       used 41903K, committed 43392K, reserved 1114112K
  class space    used 5820K, committed 6528K, reserved 1048576K
}
Event: 15.615 GC heap before
{Heap before GC invocations=15 (full 0):
 garbage-first heap   total 122880K, used 111207K [0x0000000080000000, 0x0000000100000000)
  region size 1024K, 40 young (40960K), 2 survivors (2048K)
 Metaspace       used 48734K, committed 50368K, reserved 1114112K
  class space    used 7200K, committed 8000K, reserved 1048576K
}
Event: 15.629 GC heap after
{Heap after GC invocations=16 (full 0):
 garbage-first heap   total 122880K, used 73854K [0x0000000080000000, 0x0000000100000000)
  region size 1024K, 4 young (4096K), 4 survivors (4096K)
 Metaspace       used 48734K, committed 50368K, reserved 1114112K
  class space    used 7200K, committed 8000K, reserved 1048576K
}
Event: 16.677 GC heap before
{Heap before GC invocations=16 (full 0):
 garbage-first heap   total 122880K, used 108670K [0x0000000080000000, 0x0000000100000000)
  region size 1024K, 39 young (39936K), 4 survivors (4096K)
 Metaspace       used 54548K, committed 56128K, reserved 1114112K
  class space    used 7916K, committed 8704K, reserved 1048576K
}
Event: 16.689 GC heap after
{Heap after GC invocations=17 (full 0):
 garbage-first heap   total 122880K, used 75701K [0x0000000080000000, 0x0000000100000000)
  region size 1024K, 4 young (4096K), 4 survivors (4096K)
 Metaspace       used 54548K, committed 56128K, reserved 1114112K
  class space    used 7916K, committed 8704K, reserved 1048576K
}
Event: 17.683 GC heap before
{Heap before GC invocations=18 (full 0):
 garbage-first heap   total 147456K, used 113589K [0x0000000080000000, 0x0000000100000000)
  region size 1024K, 37 young (37888K), 4 survivors (4096K)
 Metaspace       used 60400K, committed 62080K, reserved 1114112K
  class space    used 8642K, committed 9472K, reserved 1048576K
}
Event: 17.695 GC heap after
{Heap after GC invocations=19 (full 0):
 garbage-first heap   total 147456K, used 80856K [0x0000000080000000, 0x0000000100000000)
  region size 1024K, 3 young (3072K), 3 survivors (3072K)
 Metaspace       used 60400K, committed 62080K, reserved 1114112K
  class space    used 8642K, committed 9472K, reserved 1048576K
}
Event: 19.808 GC heap before
{Heap before GC invocations=19 (full 0):
 garbage-first heap   total 147456K, used 141272K [0x0000000080000000, 0x0000000100000000)
  region size 1024K, 57 young (58368K), 3 survivors (3072K)
 Metaspace       used 63431K, committed 65088K, reserved 1114112K
  class space    used 8965K, committed 9792K, reserved 1048576K
}

Dll operation events (13 events):
Event: 0.062 Loaded shared library C:\Program Files\Java\jdk-21\bin\java.dll
Event: 0.203 Loaded shared library C:\Program Files\Java\jdk-21\bin\jsvml.dll
Event: 0.451 Loaded shared library C:\Program Files\Java\jdk-21\bin\net.dll
Event: 0.457 Loaded shared library C:\Program Files\Java\jdk-21\bin\nio.dll
Event: 0.478 Loaded shared library C:\Program Files\Java\jdk-21\bin\zip.dll
Event: 1.190 Loaded shared library C:\Program Files\Java\jdk-21\bin\jimage.dll
Event: 1.418 Loaded shared library C:\Program Files\Java\jdk-21\bin\verify.dll
Event: 2.068 Loaded shared library D:\DOWNLOADS\JetPlayer\native\68d5fa5c4cc2d200863cafc0d521ce42e7d3e7ee720ec0a83991735586a16f82\windows-amd64\native-platform.dll
Event: 2.082 Loaded shared library D:\DOWNLOADS\JetPlayer\native\e376f236ea51e6404a007f0833ffe2c6e607c4080706a723a18a27aeea778392\windows-amd64\native-platform-file-events.dll
Event: 4.368 Loaded shared library C:\Program Files\Java\jdk-21\bin\management.dll
Event: 4.375 Loaded shared library C:\Program Files\Java\jdk-21\bin\management_ext.dll
Event: 4.809 Loaded shared library C:\Program Files\Java\jdk-21\bin\extnet.dll
Event: 5.125 Loaded shared library C:\Program Files\Java\jdk-21\bin\sunmscapi.dll

Deoptimization events (20 events):
Event: 18.788 Thread 0x00000158de427f60 Uncommon trap: trap_request=0xffffff45 fr.pc=0x0000015890064694 relative=0x00000000000003b4
Event: 18.788 Thread 0x00000158de427f60 Uncommon trap: reason=unstable_if action=reinterpret pc=0x0000015890064694 method=java.lang.String.getBytesNoRepl1(Ljava/lang/String;Ljava/nio/charset/Charset;)[B @ 18 c2
Event: 18.788 Thread 0x00000158de427f60 DEOPT PACKING pc=0x0000015890064694 sp=0x0000000cb96ef690
Event: 18.788 Thread 0x00000158de427f60 DEOPT UNPACKING pc=0x000001588f9146a2 sp=0x0000000cb96ef4f0 mode 2
Event: 18.788 Thread 0x00000158de427f60 Uncommon trap: trap_request=0xffffff45 fr.pc=0x000001588fed1a80 relative=0x0000000000000240
Event: 18.788 Thread 0x00000158de427f60 Uncommon trap: reason=unstable_if action=reinterpret pc=0x000001588fed1a80 method=sun.net.www.ParseUtil.firstEncodeIndex(Ljava/lang/String;)I @ 27 c2
Event: 18.788 Thread 0x00000158de427f60 DEOPT PACKING pc=0x000001588fed1a80 sp=0x0000000cb96ef740
Event: 18.788 Thread 0x00000158de427f60 DEOPT UNPACKING pc=0x000001588f9146a2 sp=0x0000000cb96ef5f0 mode 2
Event: 18.789 Thread 0x00000158de427f60 Uncommon trap: trap_request=0xffffff45 fr.pc=0x000001588fff67c0 relative=0x0000000000001900
Event: 18.789 Thread 0x00000158de427f60 Uncommon trap: reason=unstable_if action=reinterpret pc=0x000001588fff67c0 method=java.lang.String.indexOf(II)I @ 4 c2
Event: 18.789 Thread 0x00000158de427f60 DEOPT PACKING pc=0x000001588fff67c0 sp=0x0000000cb96ef610
Event: 18.789 Thread 0x00000158de427f60 DEOPT UNPACKING pc=0x000001588f9146a2 sp=0x0000000cb96ef3d0 mode 2
Event: 18.789 Thread 0x00000158de427f60 Uncommon trap: trap_request=0xffffff45 fr.pc=0x000001588ffaf124 relative=0x00000000000001e4
Event: 18.789 Thread 0x00000158de427f60 Uncommon trap: reason=unstable_if action=reinterpret pc=0x000001588ffaf124 method=java.lang.String.startsWith(Ljava/lang/String;I)Z @ 50 c2
Event: 18.789 Thread 0x00000158de427f60 DEOPT PACKING pc=0x000001588ffaf124 sp=0x0000000cb96ef4d0
Event: 18.789 Thread 0x00000158de427f60 DEOPT UNPACKING pc=0x000001588f9146a2 sp=0x0000000cb96ef400 mode 2
Event: 18.789 Thread 0x00000158de427f60 Uncommon trap: trap_request=0xffffff45 fr.pc=0x000001588fe8cde8 relative=0x0000000000000768
Event: 18.789 Thread 0x00000158de427f60 Uncommon trap: reason=unstable_if action=reinterpret pc=0x000001588fe8cde8 method=java.lang.String.lastIndexOf(II)I @ 4 c2
Event: 18.789 Thread 0x00000158de427f60 DEOPT PACKING pc=0x000001588fe8cde8 sp=0x0000000cb96ef490
Event: 18.789 Thread 0x00000158de427f60 DEOPT UNPACKING pc=0x000001588f9146a2 sp=0x0000000cb96ef390 mode 2

Classes loaded (20 events):
Event: 17.665 Loading class sun/nio/ch/FileChannelImpl$Unmapper done
Event: 17.665 Loading class sun/nio/ch/FileChannelImpl$DefaultUnmapper done
Event: 17.666 Loading class sun/nio/ch/Util$4
Event: 17.666 Loading class sun/nio/ch/Util$4 done
Event: 17.666 Loading class java/lang/foreign/MemorySegment
Event: 17.667 Loading class java/lang/foreign/MemorySegment done
Event: 17.675 Loading class java/io/UTFDataFormatException
Event: 17.675 Loading class java/io/UTFDataFormatException done
Event: 17.714 Loading class java/util/DualPivotQuicksort
Event: 17.715 Loading class java/util/DualPivotQuicksort done
Event: 17.721 Loading class java/nio/file/attribute/DosFileAttributeView
Event: 17.721 Loading class java/nio/file/attribute/DosFileAttributeView done
Event: 17.721 Loading class sun/nio/fs/WindowsFileAttributeViews$Dos
Event: 17.721 Loading class sun/nio/fs/WindowsFileAttributeViews$Dos done
Event: 17.756 Loading class java/util/zip/ZipFile$ZipEntryIterator
Event: 17.756 Loading class java/util/zip/ZipFile$ZipEntryIterator done
Event: 18.702 Loading class java/nio/channels/Channels$ReadableByteChannelImpl
Event: 18.703 Loading class java/nio/channels/Channels$ReadableByteChannelImpl done
Event: 18.704 Loading class java/nio/channels/NonWritableChannelException
Event: 18.704 Loading class java/nio/channels/NonWritableChannelException done

Classes unloaded (0 events):
No events

Classes redefined (0 events):
No events

Internal exceptions (20 events):
Event: 14.093 Thread 0x00000158de427f60 Exception <a 'java/lang/IncompatibleClassChangeError'{0x00000000872940b0}: Found class java.lang.Object, but interface was expected> (0x00000000872940b0) 
thrown [s\open\src\hotspot\share\interpreter\linkResolver.cpp, line 840]
Event: 14.180 Thread 0x00000158de427f60 Exception <a 'java/lang/IncompatibleClassChangeError'{0x00000000870e13d0}: Found class java.lang.Object, but interface was expected> (0x00000000870e13d0) 
thrown [s\open\src\hotspot\share\interpreter\linkResolver.cpp, line 840]
Event: 14.213 Thread 0x00000158de427f60 Exception <a 'java/lang/NoSuchMethodError'{0x0000000086e2d4e0}: 'int java.lang.invoke.DirectMethodHandle$Holder.invokeStaticInit(java.lang.Object, java.lang.Object, java.lang.Object, java.lang.Object, java.lang.Object)'> (0x0000000086e2d4e0) 
thrown [s\open\src\hotspot\share\interpreter\linkResolver.cpp, line 773]
Event: 14.282 Thread 0x00000158de427f60 Exception <a 'java/lang/NoSuchMethodError'{0x0000000086c715d8}: 'java.lang.Object java.lang.invoke.DirectMethodHandle$Holder.invokeStaticInit(java.lang.Object, int)'> (0x0000000086c715d8) 
thrown [s\open\src\hotspot\share\interpreter\linkResolver.cpp, line 773]
Event: 14.313 Thread 0x00000158de427f60 Exception <a 'java/lang/NoSuchMethodError'{0x0000000086b79508}: 'int java.lang.invoke.DelegatingMethodHandle$Holder.reinvoke_L(java.lang.Object, java.lang.Object, java.lang.Object, long, int, int)'> (0x0000000086b79508) 
thrown [s\open\src\hotspot\share\interpreter\linkResolver.cpp, line 773]
Event: 14.315 Thread 0x00000158de427f60 Exception <a 'java/lang/NoSuchMethodError'{0x0000000086b88580}: 'int java.lang.invoke.DelegatingMethodHandle$Holder.reinvoke_L(java.lang.Object, java.lang.Object, java.lang.Object, long, long, long)'> (0x0000000086b88580) 
thrown [s\open\src\hotspot\share\interpreter\linkResolver.cpp, line 773]
Event: 14.317 Thread 0x00000158de427f60 Exception <a 'java/lang/NoSuchMethodError'{0x0000000086b97900}: 'int java.lang.invoke.DelegatingMethodHandle$Holder.reinvoke_L(java.lang.Object, java.lang.Object, java.lang.Object, long, java.lang.Object, java.lang.Object)'> (0x0000000086b97900) 
thrown [s\open\src\hotspot\share\interpreter\linkResolver.cpp, line 773]
Event: 14.319 Thread 0x00000158de427f60 Exception <a 'java/lang/NoSuchMethodError'{0x0000000086ba69d0}: 'void java.lang.invoke.DelegatingMethodHandle$Holder.reinvoke_L(java.lang.Object, java.lang.Object, java.lang.Object, long, java.lang.Object)'> (0x0000000086ba69d0) 
thrown [s\open\src\hotspot\share\interpreter\linkResolver.cpp, line 773]
Event: 14.321 Thread 0x00000158de427f60 Exception <a 'java/lang/NoSuchMethodError'{0x0000000086baeac8}: 'java.lang.Object java.lang.invoke.DirectMethodHandle$Holder.invokeSpecial(java.lang.Object, java.lang.Object, java.lang.Object, java.lang.Object, long)'> (0x0000000086baeac8) 
thrown [s\open\src\hotspot\share\interpreter\linkResolver.cpp, line 773]
Event: 14.326 Thread 0x00000158de427f60 Exception <a 'java/lang/NoSuchMethodError'{0x0000000086bcc308}: 'long java.lang.invoke.Invokers$Holder.invoke_MT(java.lang.Object, java.lang.Object, java.lang.Object, java.lang.Object)'> (0x0000000086bcc308) 
thrown [s\open\src\hotspot\share\interpreter\linkResolver.cpp, line 773]
Event: 14.328 Thread 0x00000158de427f60 Exception <a 'java/lang/NoSuchMethodError'{0x0000000086bd4b40}: 'int java.lang.invoke.Invokers$Holder.invoke_MT(java.lang.Object, java.lang.Object, java.lang.Object, java.lang.Object)'> (0x0000000086bd4b40) 
thrown [s\open\src\hotspot\share\interpreter\linkResolver.cpp, line 773]
Event: 14.331 Thread 0x00000158de427f60 Exception <a 'java/lang/NoSuchMethodError'{0x0000000086be4f40}: 'int java.lang.invoke.DelegatingMethodHandle$Holder.reinvoke_L(java.lang.Object, java.lang.Object, java.lang.Object, long, int)'> (0x0000000086be4f40) 
thrown [s\open\src\hotspot\share\interpreter\linkResolver.cpp, line 773]
Event: 14.334 Thread 0x00000158de427f60 Exception <a 'java/lang/NoSuchMethodError'{0x0000000086bf6ab8}: 'java.lang.Object java.lang.invoke.Invokers$Holder.invokeExact_MT(java.lang.Object, java.lang.Object, long, java.lang.Object)'> (0x0000000086bf6ab8) 
thrown [s\open\src\hotspot\share\interpreter\linkResolver.cpp, line 773]
Event: 16.327 Thread 0x00000158de427f60 Exception <a 'java/lang/NoSuchMethodError'{0x0000000085b56990}: 'long java.lang.invoke.DirectMethodHandle$Holder.invokeStatic(java.lang.Object)'> (0x0000000085b56990) 
thrown [s\open\src\hotspot\share\interpreter\linkResolver.cpp, line 773]
Event: 16.328 Thread 0x00000158de427f60 Exception <a 'java/lang/NoSuchMethodError'{0x0000000085b5b260}: 'long java.lang.invoke.DirectMethodHandle$Holder.invokeStaticInit(java.lang.Object)'> (0x0000000085b5b260) 
thrown [s\open\src\hotspot\share\interpreter\linkResolver.cpp, line 773]
Event: 17.245 Thread 0x00000158de427f60 Exception <a 'java/lang/NoSuchMethodError'{0x00000000880bc1c0}: 'void java.lang.invoke.DirectMethodHandle$Holder.invokeVirtual(java.lang.Object, java.lang.Object)'> (0x00000000880bc1c0) 
thrown [s\open\src\hotspot\share\interpreter\linkResolver.cpp, line 773]
Event: 17.668 Thread 0x00000158de427f60 Exception <a 'java/lang/NoSuchMethodError'{0x0000000086c83e98}: 'long java.lang.invoke.DirectMethodHandle$Holder.invokeStatic(java.lang.Object, java.lang.Object, int)'> (0x0000000086c83e98) 
thrown [s\open\src\hotspot\share\interpreter\linkResolver.cpp, line 773]
Event: 17.670 Thread 0x00000158de427f60 Exception <a 'java/lang/NoSuchMethodError'{0x0000000086c902a0}: 'java.lang.Object java.lang.invoke.DelegatingMethodHandle$Holder.reinvoke_L(java.lang.Object, int, long, java.lang.Object, java.lang.Object, int, java.lang.Object)'> (0x0000000086c902a0) 
thrown [s\open\src\hotspot\share\interpreter\linkResolver.cpp, line 773]
Event: 17.756 Thread 0x00000158de427f60 Implicit null exception at 0x000001589005fde6 to 0x0000015890060950
Event: 18.290 Thread 0x00000158de427f60 Implicit null exception at 0x0000015890122369 to 0x0000015890124368

ZGC Phase Switch (0 events):
No events

VM Operations (20 events):
Event: 15.629 Executing VM operation: G1CollectForAllocation (G1 Evacuation Pause) done
Event: 16.635 Executing VM operation: Cleanup
Event: 16.635 Executing VM operation: Cleanup done
Event: 16.677 Executing VM operation: G1TryInitiateConcMark (G1 Humongous Allocation)
Event: 16.689 Executing VM operation: G1TryInitiateConcMark (G1 Humongous Allocation) done
Event: 16.826 Executing VM operation: G1PauseRemark
Event: 16.832 Executing VM operation: G1PauseRemark done
Event: 16.883 Executing VM operation: G1PauseCleanup
Event: 16.884 Executing VM operation: G1PauseCleanup done
Event: 16.896 Executing VM operation: HandshakeAllThreads (Deoptimize)
Event: 16.896 Executing VM operation: HandshakeAllThreads (Deoptimize) done
Event: 17.425 Executing VM operation: HandshakeAllThreads (Deoptimize)
Event: 17.425 Executing VM operation: HandshakeAllThreads (Deoptimize) done
Event: 17.683 Executing VM operation: G1CollectForAllocation (G1 Evacuation Pause)
Event: 17.695 Executing VM operation: G1CollectForAllocation (G1 Evacuation Pause) done
Event: 18.698 Executing VM operation: Cleanup
Event: 18.698 Executing VM operation: Cleanup done
Event: 19.700 Executing VM operation: Cleanup
Event: 19.731 Executing VM operation: Cleanup done
Event: 19.808 Executing VM operation: G1CollectForAllocation (G1 Evacuation Pause)

Events (20 events):
Event: 16.831 Thread 0x00000158ff0403f0 flushing nmethod 0x00000158883a7b90
Event: 16.831 Thread 0x00000158ff0403f0 flushing nmethod 0x000001589009e710
Event: 16.831 Thread 0x00000158ff0403f0 flushing nmethod 0x00000158900b4e10
Event: 16.831 Thread 0x00000158ff0403f0 flushing nmethod 0x00000158900aaa90
Event: 16.831 Thread 0x00000158ff0403f0 flushing nmethod 0x00000158900abb10
Event: 16.831 Thread 0x00000158ff0403f0 flushing nmethod 0x000001589009d410
Event: 16.831 Thread 0x00000158ff0403f0 flushing nmethod 0x0000015890074010
Event: 16.831 Thread 0x00000158ff0403f0 flushing nmethod 0x0000015890068110
Event: 16.831 Thread 0x00000158ff0403f0 flushing nmethod 0x0000015890031710
Event: 16.831 Thread 0x00000158ff0403f0 flushing nmethod 0x0000015890009690
Event: 16.831 Thread 0x00000158ff0403f0 flushing nmethod 0x0000015890026310
Event: 16.831 Thread 0x00000158ff0403f0 flushing nmethod 0x000001588ff7db90
Event: 16.831 Thread 0x00000158ff0403f0 flushing nmethod 0x000001588ffa2010
Event: 16.831 Thread 0x00000158ff0403f0 flushing nmethod 0x000001588ff69590
Event: 16.831 Thread 0x00000158ff0403f0 flushing nmethod 0x000001588ff65010
Event: 16.831 Thread 0x00000158ff0403f0 flushing nmethod 0x000001588fef1410
Event: 16.831 Thread 0x00000158ff0403f0 flushing nmethod 0x000001588ff2e890
Event: 16.831 Thread 0x00000158ff0403f0 flushing nmethod 0x000001588fe8b910
Event: 17.575 Thread 0x00000158e23a8430 Thread exited: 0x00000158e23a8430
Event: 17.830 Thread 0x00000158ddb11830 Thread added: 0x00000158ddb11830


Dynamic libraries:
0x00007ff7d98f0000 - 0x00007ff7d9900000 	C:\Program Files\Java\jdk-21\bin\java.exe
0x00007ff987c70000 - 0x00007ff987e64000 	C:\Windows\SYSTEM32\ntdll.dll
0x00007ff986740000 - 0x00007ff9867fd000 	C:\Windows\System32\KERNEL32.DLL
0x00007ff9853c0000 - 0x00007ff985687000 	C:\Windows\System32\KERNELBASE.dll
0x00007ff985730000 - 0x00007ff985830000 	C:\Windows\System32\ucrtbase.dll
0x00007ff97fee0000 - 0x00007ff97fef9000 	C:\Program Files\Java\jdk-21\bin\jli.dll
0x00007ff9862b0000 - 0x00007ff98635a000 	C:\Windows\System32\ADVAPI32.dll
0x00007ff986210000 - 0x00007ff9862ae000 	C:\Windows\System32\msvcrt.dll
0x00007ff986360000 - 0x00007ff9863fb000 	C:\Windows\System32\sechost.dll
0x00007ff97d370000 - 0x00007ff97d38b000 	C:\Program Files\Java\jdk-21\bin\VCRUNTIME140.dll
0x00007ff986600000 - 0x00007ff986723000 	C:\Windows\System32\RPCRT4.dll
0x00007ff9878d0000 - 0x00007ff987a70000 	C:\Windows\System32\USER32.dll
0x00007ff985c60000 - 0x00007ff985c82000 	C:\Windows\System32\win32u.dll
0x00007ff987a70000 - 0x00007ff987a9a000 	C:\Windows\System32\GDI32.dll
0x00007ff985ad0000 - 0x00007ff985bd9000 	C:\Windows\System32\gdi32full.dll
0x00007ff985690000 - 0x00007ff98572d000 	C:\Windows\System32\msvcp_win.dll
0x00007ff975210000 - 0x00007ff9754aa000 	C:\Windows\WinSxS\amd64_microsoft.windows.common-controls_6595b64144ccf1df_6.0.19041.1_none_b555e41d4684ddec\COMCTL32.dll
0x00007ff97a340000 - 0x00007ff97a34a000 	C:\Windows\SYSTEM32\VERSION.dll
0x00007ff9861e0000 - 0x00007ff986210000 	C:\Windows\System32\IMM32.DLL
0x00007ff97d360000 - 0x00007ff97d36c000 	C:\Program Files\Java\jdk-21\bin\vcruntime140_1.dll
0x00007ff956910000 - 0x00007ff95699e000 	C:\Program Files\Java\jdk-21\bin\msvcp140.dll
0x00007ff947310000 - 0x00007ff948025000 	C:\Program Files\Java\jdk-21\bin\server\jvm.dll
0x00007ff986940000 - 0x00007ff9869ab000 	C:\Windows\System32\WS2_32.dll
0x00007ff984ea0000 - 0x00007ff984eeb000 	C:\Windows\SYSTEM32\POWRPROF.dll
0x00007ff976c50000 - 0x00007ff976c77000 	C:\Windows\SYSTEM32\WINMM.dll
0x00007ff984da0000 - 0x00007ff984db2000 	C:\Windows\SYSTEM32\UMPDC.dll
0x00007ff983310000 - 0x00007ff983323000 	C:\Windows\SYSTEM32\kernel.appcore.dll
0x00007ff97a8e0000 - 0x00007ff97a8ea000 	C:\Program Files\Java\jdk-21\bin\jimage.dll
0x00007ff96f1e0000 - 0x00007ff96f3c4000 	C:\Windows\SYSTEM32\DBGHELP.DLL
0x00007ff96f170000 - 0x00007ff96f19c000 	C:\Windows\SYSTEM32\dbgcore.DLL
0x00007ff985be0000 - 0x00007ff985c5f000 	C:\Windows\System32\bcryptPrimitives.dll
0x00007ff97a560000 - 0x00007ff97a57f000 	C:\Program Files\Java\jdk-21\bin\java.dll
0x00007ff9869c0000 - 0x00007ff9870f1000 	C:\Windows\System32\SHELL32.dll
0x00007ff983510000 - 0x00007ff983c9a000 	C:\Windows\SYSTEM32\windows.storage.dll
0x00007ff987390000 - 0x00007ff9876e4000 	C:\Windows\System32\combase.dll
0x00007ff984d00000 - 0x00007ff984d2b000 	C:\Windows\SYSTEM32\Wldp.dll
0x00007ff9876f0000 - 0x00007ff98779e000 	C:\Windows\System32\SHCORE.dll
0x00007ff9868e0000 - 0x00007ff986935000 	C:\Windows\System32\shlwapi.dll
0x00007ff985300000 - 0x00007ff98531f000 	C:\Windows\SYSTEM32\profapi.dll
0x00007ff956830000 - 0x00007ff956907000 	C:\Program Files\Java\jdk-21\bin\jsvml.dll
0x00007ff976350000 - 0x00007ff976360000 	C:\Program Files\Java\jdk-21\bin\net.dll
0x00007ff97d930000 - 0x00007ff97da30000 	C:\Windows\SYSTEM32\WINHTTP.dll
0x00007ff984af0000 - 0x00007ff984b5a000 	C:\Windows\system32\mswsock.dll
0x00007ff9729c0000 - 0x00007ff9729d6000 	C:\Program Files\Java\jdk-21\bin\nio.dll
0x00007ff9729a0000 - 0x00007ff9729b8000 	C:\Program Files\Java\jdk-21\bin\zip.dll
0x00007ff9741a0000 - 0x00007ff9741b0000 	C:\Program Files\Java\jdk-21\bin\verify.dll
0x00007ff981210000 - 0x00007ff981237000 	D:\DOWNLOADS\JetPlayer\native\68d5fa5c4cc2d200863cafc0d521ce42e7d3e7ee720ec0a83991735586a16f82\windows-amd64\native-platform.dll
0x00007ff956410000 - 0x00007ff956554000 	D:\DOWNLOADS\JetPlayer\native\e376f236ea51e6404a007f0833ffe2c6e607c4080706a723a18a27aeea778392\windows-amd64\native-platform-file-events.dll
0x00007ff9740e0000 - 0x00007ff9740ea000 	C:\Program Files\Java\jdk-21\bin\management.dll
0x00007ff973820000 - 0x00007ff97382b000 	C:\Program Files\Java\jdk-21\bin\management_ext.dll
0x00007ff986730000 - 0x00007ff986738000 	C:\Windows\System32\PSAPI.DLL
0x00007ff9850a0000 - 0x00007ff9850b8000 	C:\Windows\SYSTEM32\CRYPTSP.dll
0x00007ff9844a0000 - 0x00007ff9844d4000 	C:\Windows\system32\rsaenh.dll
0x00007ff9859f0000 - 0x00007ff985a17000 	C:\Windows\System32\bcrypt.dll
0x00007ff985280000 - 0x00007ff9852ae000 	C:\Windows\SYSTEM32\USERENV.dll
0x00007ff984c70000 - 0x00007ff984c7c000 	C:\Windows\SYSTEM32\CRYPTBASE.dll
0x00007ff984800000 - 0x00007ff98483b000 	C:\Windows\SYSTEM32\IPHLPAPI.DLL
0x00007ff986400000 - 0x00007ff986409000 	C:\Windows\System32\NSI.dll
0x00007ff973230000 - 0x00007ff973237000 	C:\Program Files\Java\jdk-21\bin\extnet.dll
0x00007ff972990000 - 0x00007ff97299e000 	C:\Program Files\Java\jdk-21\bin\sunmscapi.dll
0x00007ff985830000 - 0x00007ff98598d000 	C:\Windows\System32\CRYPT32.dll
0x00007ff984d70000 - 0x00007ff984d97000 	C:\Windows\SYSTEM32\ncrypt.dll
0x00007ff984d30000 - 0x00007ff984d6b000 	C:\Windows\SYSTEM32\NTASN1.dll
0x00007ff980200000 - 0x00007ff980207000 	C:\Windows\system32\wshunix.dll

dbghelp: loaded successfully - version: 4.0.5 - missing functions: none
symbol engine: initialized successfully - sym options: 0x614 - pdb path: .;C:\Program Files\Java\jdk-21\bin;C:\Windows\SYSTEM32;C:\Windows\WinSxS\amd64_microsoft.windows.common-controls_6595b64144ccf1df_6.0.19041.1_none_b555e41d4684ddec;C:\Program Files\Java\jdk-21\bin\server;D:\DOWNLOADS\JetPlayer\native\68d5fa5c4cc2d200863cafc0d521ce42e7d3e7ee720ec0a83991735586a16f82\windows-amd64;D:\DOWNLOADS\JetPlayer\native\e376f236ea51e6404a007f0833ffe2c6e607c4080706a723a18a27aeea778392\windows-amd64

VM Arguments:
jvm_args: --add-opens=java.base/java.util=ALL-UNNAMED --add-opens=java.base/java.lang=ALL-UNNAMED --add-opens=java.base/java.lang.invoke=ALL-UNNAMED --add-opens=java.prefs/java.util.prefs=ALL-UNNAMED --add-opens=java.base/java.nio.charset=ALL-UNNAMED --add-opens=java.base/java.net=ALL-UNNAMED --add-opens=java.base/java.util.concurrent.atomic=ALL-UNNAMED -Xmx2048m -Dfile.encoding=UTF-8 -Duser.country=US -Duser.language=en -Duser.variant 
java_command: org.gradle.launcher.daemon.bootstrap.GradleDaemon 8.0
java_class_path (initial): D:\DOWNLOADS\JetPlayer\wrapper\dists\gradle-8.0-bin\ca5e32bp14vu59qr306oxotwh\gradle-8.0\lib\gradle-launcher-8.0.jar
Launcher Type: SUN_STANDARD

[Global flags]
     intx CICompilerCount                          = 3                                         {product} {ergonomic}
     uint ConcGCThreads                            = 1                                         {product} {ergonomic}
     uint G1ConcRefinementThreads                  = 4                                         {product} {ergonomic}
   size_t G1HeapRegionSize                         = 1048576                                   {product} {ergonomic}
    uintx GCDrainStackTargetSize                   = 64                                        {product} {ergonomic}
   size_t InitialHeapSize                          = 132120576                                 {product} {ergonomic}
   size_t MarkStackSize                            = 4194304                                   {product} {ergonomic}
   size_t MaxHeapSize                              = 2147483648                                {product} {command line}
   size_t MaxNewSize                               = 1287651328                                {product} {ergonomic}
   size_t MinHeapDeltaBytes                        = 1048576                                   {product} {ergonomic}
   size_t MinHeapSize                              = 8388608                                   {product} {ergonomic}
    uintx NonNMethodCodeHeapSize                   = 5832780                                {pd product} {ergonomic}
    uintx NonProfiledCodeHeapSize                  = 122912730                              {pd product} {ergonomic}
    uintx ProfiledCodeHeapSize                     = 122912730                              {pd product} {ergonomic}
    uintx ReservedCodeCacheSize                    = 251658240                              {pd product} {ergonomic}
     bool SegmentedCodeCache                       = true                                      {product} {ergonomic}
   size_t SoftMaxHeapSize                          = 2147483648                             {manageable} {ergonomic}
     bool UseCompressedOops                        = true                           {product lp64_product} {ergonomic}
     bool UseG1GC                                  = true                                      {product} {ergonomic}
     bool UseLargePagesIndividualAllocation        = false                                  {pd product} {ergonomic}

Logging:
Log output configuration:
 #0: stdout all=warning uptime,level,tags foldmultilines=false
 #1: stderr all=off uptime,level,tags foldmultilines=false

Environment Variables:
JAVA_HOME=C:\Program Files\Zulu\zulu-17
PATH=C:\Program Files\Zulu\zulu-17\bin\;C:\Program Files\Common Files\Oracle\Java\javapath;C:\Program Files (x86)\Common Files\Oracle\Java\javapath;C:\Program Files\Zulu\zulu-8\bin\;C:\ProgramData\Oracle\Java\javapath;C:\Windows\system32;C:\Windows;C:\Windows\System32\Wbem;C:\Windows\System32\WindowsPowerShell\v1.0\;C:\Windows\System32\OpenSSH\;C:\Program Files (x86)\dotnet\;C:\Program Files\dotnet\;C:\Program Files (x86)\QuickTime\QTSystem\;D:\DOWNLOADS\gradle-8.3-all\gradle-8.3\bin;C:\Program Files\Git\cmd;C:\Program Files\Java\jdk-21\bin;C:\Users\ACER\AppData\Local\Microsoft\WindowsApps;C:\Users\ACER\AppData\Local\Programs\Microsoft VS Code\bin;C:\Program Files\Java\jdk-21\bin;
USERNAME=ACER
OS=Windows_NT
PROCESSOR_IDENTIFIER=Intel64 Family 6 Model 58 Stepping 9, GenuineIntel
TMP=C:\Users\ACER\AppData\Local\Temp
TEMP=C:\Users\ACER\AppData\Local\Temp




Periodic native trim disabled

---------------  S Y S T E M  ---------------

OS:
 Windows 10 , 64 bit Build 19041 (10.0.19041.207)
OS uptime: 0 days 17:23 hours
Hyper-V role detected

CPU: total 4 (initial active 4) (2 cores per cpu, 2 threads per core) family 6 model 58 stepping 9 microcode 0x21, cx8, cmov, fxsr, ht, mmx, sse, sse2, sse3, ssse3, sse4.1, sse4.2, popcnt, tsc, tscinvbit, avx, aes, erms, clmul, vzeroupper, clflush, hv, rdtscp, f16c
Processor Information for all 4 processors :
  Max Mhz: 2501, Current Mhz: 2100, Mhz Limit: 2075

Memory: 4k page, system-wide physical 8030M (767M free)
TotalPageFile size 10078M (AvailPageFile size 6M)
current process WorkingSet (physical memory assigned to process): 343M, peak: 343M
current process commit charge ("private bytes"): 378M, peak: 379M

vm_info: Java HotSpot(TM) 64-Bit Server VM (21.0.1+12-LTS-29) for windows-amd64 JRE (21.0.1+12-LTS-29), built on 2023-10-05T13:27:09Z by "mach5one" with MS VC++ 17.1 (VS2022)

END.
