#
# There is insufficient memory for the Java Runtime Environment to continue.
# Native memory allocation (mmap) failed to map 240123904 bytes for G1 virtual space
# Possible reasons:
#   The system is out of physical RAM or swap space
#   The process is running with CompressedOops enabled, and the Java Heap may be blocking the growth of the native heap
# Possible solutions:
#   Reduce memory load on the system
#   Increase physical memory or swap space
#   Check if swap backing store is full
#   Decrease Java heap size (-Xmx/-Xms)
#   Decrease number of Java threads
#   Decrease Java thread stack sizes (-Xss)
#   Set larger code cache with -XX:ReservedCodeCacheSize=
#   JVM is running with Unscaled Compressed Oops mode in which the Java heap is
#     placed in the first 4GB address space. The Java Heap base address is the
#     maximum limit for the native heap growth. Please use -XX:HeapBaseMinAddress
#     to set the Java Heap base and to place the Java Heap above 4GB virtual address.
# This output file may be truncated or incomplete.
#
#  Out of Memory Error (os_windows.cpp:3769), pid=7700, tid=1524
#
# JRE version: OpenJDK Runtime Environment (17.0.6) (build 17.0.6+0-b2043.56-10027231)
# Java VM: OpenJDK 64-Bit Server VM (17.0.6+0-b2043.56-10027231, mixed mode, tiered, compressed oops, compressed class ptrs, g1 gc, windows-amd64)
# No core dump will be written. Minidumps are not enabled by default on client versions of Windows
#

---------------  S U M M A R Y ------------

Command Line: --add-opens=java.base/java.util=ALL-UNNAMED --add-opens=java.base/java.lang=ALL-UNNAMED --add-opens=java.base/java.lang.invoke=ALL-UNNAMED --add-opens=java.prefs/java.util.prefs=ALL-UNNAMED --add-opens=java.base/java.nio.charset=ALL-UNNAMED --add-opens=java.base/java.net=ALL-UNNAMED --add-opens=java.base/java.util.concurrent.atomic=ALL-UNNAMED -Xmx2048m -Dfile.encoding=UTF-8 -Duser.country=US -Duser.language=en -Duser.variant org.gradle.launcher.daemon.bootstrap.GradleDaemon 8.0

Host: Intel(R) Core(TM) i5-3210M CPU @ 2.50GHz, 4 cores, 7G,  Windows 10 , 64 bit Build 19041 (10.0.19041.207)
Time: Mon Jan 22 02:48:39 2024 SE Asia Standard Time elapsed time: 22.896993 seconds (0d 0h 0m 22s)

---------------  T H R E A D  ---------------

Current thread (0x00000256feb90200):  VMThread "VM Thread" [stack: 0x0000008132c00000,0x0000008132d00000] [id=1524]

Stack: [0x0000008132c00000,0x0000008132d00000]
Native frames: (J=compiled Java code, j=interpreted, Vv=VM code, C=native code)
V  [jvm.dll+0x683c9a]
V  [jvm.dll+0x8427a4]
V  [jvm.dll+0x843f9e]
V  [jvm.dll+0x844603]
V  [jvm.dll+0x249b75]
V  [jvm.dll+0x680b69]
V  [jvm.dll+0x67505a]
V  [jvm.dll+0x309acb]
V  [jvm.dll+0x310f86]
V  [jvm.dll+0x3608ee]
V  [jvm.dll+0x360b1f]
V  [jvm.dll+0x2dfbf8]
V  [jvm.dll+0x2ddec4]
V  [jvm.dll+0x2dd4cc]
V  [jvm.dll+0x321f3b]
V  [jvm.dll+0x848ccb]
V  [jvm.dll+0x849a04]
V  [jvm.dll+0x849f1d]
V  [jvm.dll+0x84a2f4]
V  [jvm.dll+0x84a3c0]
V  [jvm.dll+0x7f274a]
V  [jvm.dll+0x682ad5]
C  [ucrtbase.dll+0x21542]
C  [KERNEL32.DLL+0x16fd4]
C  [ntdll.dll+0x4cec1]

VM_Operation (0x00000081343f4d50): G1CollectForAllocation, mode: safepoint, requested by thread 0x0000025682127030


---------------  P R O C E S S  ---------------

Threads class SMR info:
_java_thread_list=0x00000256842d4d10, length=84, elements={
0x00000256e7628070, 0x00000256febee750, 0x00000256febf04e0, 0x00000256fec257c0,
0x00000256fec27090, 0x00000256fec27950, 0x00000256fec28210, 0x00000256ff810060,
0x00000256ff875f30, 0x00000256ff884460, 0x00000256ff9b97f0, 0x00000256ff9a80e0,
0x0000025684ba49d0, 0x0000025684203740, 0x0000025682df75e0, 0x00000256833130b0,
0x000002568349e4c0, 0x0000025684350020, 0x0000025682127030, 0x0000025683650ef0,
0x00000256836530a0, 0x00000256836513c0, 0x0000025683650550, 0x0000025683651890,
0x0000025683650a20, 0x0000025683653570, 0x0000025683651d60, 0x0000025683652230,
0x0000025683652700, 0x0000025683652bd0, 0x0000025683653a40, 0x0000025683650080,
0x0000025686627c20, 0x0000025686628a90, 0x00000256866238c0, 0x0000025686627280,
0x0000025686622580, 0x0000025686624c00, 0x0000025686622a50, 0x00000256866285c0,
0x0000025686628f60, 0x0000025686623d90, 0x0000025686629430, 0x0000025686627750,
0x0000025686622f20, 0x00000256866268e0, 0x0000025686624260, 0x00000256866255a0,
0x0000025686625a70, 0x0000025686625f40, 0x0000025686626db0, 0x00000256866220b0,
0x0000025686621be0, 0x0000025686517d60, 0x000002568651bbf0, 0x0000025686516ef0,
0x0000025686518bd0, 0x0000025686514d40, 0x00000256865143a0, 0x0000025686514870,
0x0000025686516550, 0x000002568651b250, 0x0000025686517890, 0x00000256865190a0,
0x00000256865173c0, 0x0000025686515210, 0x0000025686518230, 0x0000025686516a20,
0x00000256865156e0, 0x0000025686519f10, 0x0000025686515bb0, 0x000002568651a3e0,
0x0000025686518700, 0x000002568651a8b0, 0x0000025686516080, 0x0000025686519570,
0x0000025686519a40, 0x000002568651ad80, 0x000002568651b720, 0x0000025687186c20,
0x0000025687189c40, 0x0000025687185db0, 0x000002568718b920, 0x0000025684accc30
}

Java Threads: ( => current thread )
  0x00000256e7628070 JavaThread "main" [_thread_blocked, id=9752, stack(0x0000008132600000,0x0000008132700000)]
  0x00000256febee750 JavaThread "Reference Handler" daemon [_thread_blocked, id=5980, stack(0x0000008132d00000,0x0000008132e00000)]
  0x00000256febf04e0 JavaThread "Finalizer" daemon [_thread_blocked, id=1208, stack(0x0000008132e00000,0x0000008132f00000)]
  0x00000256fec257c0 JavaThread "Signal Dispatcher" daemon [_thread_blocked, id=7316, stack(0x0000008132f00000,0x0000008133000000)]
  0x00000256fec27090 JavaThread "Attach Listener" daemon [_thread_blocked, id=9832, stack(0x0000008133000000,0x0000008133100000)]
  0x00000256fec27950 JavaThread "Service Thread" daemon [_thread_blocked, id=7792, stack(0x0000008133100000,0x0000008133200000)]
  0x00000256fec28210 JavaThread "Monitor Deflation Thread" daemon [_thread_blocked, id=1480, stack(0x0000008133200000,0x0000008133300000)]
  0x00000256ff810060 JavaThread "C2 CompilerThread0" daemon [_thread_blocked, id=4744, stack(0x0000008133300000,0x0000008133400000)]
  0x00000256ff875f30 JavaThread "C1 CompilerThread0" daemon [_thread_blocked, id=3760, stack(0x0000008133400000,0x0000008133500000)]
  0x00000256ff884460 JavaThread "Sweeper thread" daemon [_thread_blocked, id=8480, stack(0x0000008133500000,0x0000008133600000)]
  0x00000256ff9b97f0 JavaThread "Common-Cleaner" daemon [_thread_blocked, id=5828, stack(0x0000008133600000,0x0000008133700000)]
  0x00000256ff9a80e0 JavaThread "Notification Thread" daemon [_thread_blocked, id=3028, stack(0x0000008133700000,0x0000008133800000)]
  0x0000025684ba49d0 JavaThread "Daemon health stats" [_thread_blocked, id=1684, stack(0x0000008133d00000,0x0000008133e00000)]
  0x0000025684203740 JavaThread "Incoming local TCP Connector on port 60857" [_thread_in_native, id=5572, stack(0x0000008133900000,0x0000008133a00000)]
  0x0000025682df75e0 JavaThread "Daemon periodic checks" [_thread_blocked, id=1752, stack(0x0000008133e00000,0x0000008133f00000)]
  0x00000256833130b0 JavaThread "Daemon" [_thread_blocked, id=1224, stack(0x0000008134000000,0x0000008134100000)]
  0x000002568349e4c0 JavaThread "Handler for socket connection from /127.0.0.1:60857 to /127.0.0.1:60858" [_thread_in_native, id=6416, stack(0x0000008134100000,0x0000008134200000)]
  0x0000025684350020 JavaThread "Cancel handler" [_thread_blocked, id=4156, stack(0x0000008134200000,0x0000008134300000)]
  0x0000025682127030 JavaThread "Daemon worker" [_thread_blocked, id=3200, stack(0x0000008134300000,0x0000008134400000)]
  0x0000025683650ef0 JavaThread "Asynchronous log dispatcher for DefaultDaemonConnection: socket connection from /127.0.0.1:60857 to /127.0.0.1:60858" [_thread_blocked, id=2716, stack(0x0000008134400000,0x0000008134500000)]
  0x00000256836530a0 JavaThread "Stdin handler" [_thread_blocked, id=7972, stack(0x0000008134500000,0x0000008134600000)]
  0x00000256836513c0 JavaThread "Daemon client event forwarder" [_thread_blocked, id=928, stack(0x0000008134600000,0x0000008134700000)]
  0x0000025683650550 JavaThread "Cache worker for journal cache (D:\DOWNLOADS\JetPlayer\caches\journal-1)" [_thread_blocked, id=3336, stack(0x0000008133f00000,0x0000008134000000)]
  0x0000025683651890 JavaThread "File lock request listener" [_thread_in_native, id=8396, stack(0x0000008134700000,0x0000008134800000)]
  0x0000025683650a20 JavaThread "Cache worker for file hash cache (D:\DOWNLOADS\JetPlayer\caches\8.0\fileHashes)" [_thread_blocked, id=8780, stack(0x0000008134900000,0x0000008134a00000)]
  0x0000025683653570 JavaThread "File watcher server" daemon [_thread_in_native, id=9708, stack(0x0000008134a00000,0x0000008134b00000)]
  0x0000025683651d60 JavaThread "File watcher consumer" daemon [_thread_blocked, id=8060, stack(0x0000008134b00000,0x0000008134c00000)]
  0x0000025683652230 JavaThread "jar transforms" [_thread_blocked, id=644, stack(0x0000008134c00000,0x0000008134d00000)]
  0x0000025683652700 JavaThread "jar transforms Thread 2" [_thread_blocked, id=6796, stack(0x0000008134d00000,0x0000008134e00000)]
  0x0000025683652bd0 JavaThread "jar transforms Thread 3" [_thread_blocked, id=9112, stack(0x0000008134e00000,0x0000008134f00000)]
  0x0000025683653a40 JavaThread "jar transforms Thread 4" [_thread_blocked, id=3344, stack(0x0000008134f00000,0x0000008135000000)]
  0x0000025683650080 JavaThread "Cache worker for checksums cache (C:\Users\ACER\AndroidStudioProjects\ShoesCare\.gradle\8.0\checksums)" [_thread_blocked, id=1012, stack(0x0000008134800000,0x0000008134900000)]
  0x0000025686627c20 JavaThread "Cache worker for cache directory md-rule (D:\DOWNLOADS\JetPlayer\caches\8.0\md-rule)" [_thread_blocked, id=2632, stack(0x0000008135000000,0x0000008135100000)]
  0x0000025686628a90 JavaThread "Cache worker for file content cache (D:\DOWNLOADS\JetPlayer\caches\8.0\fileContent)" [_thread_blocked, id=4960, stack(0x0000008135100000,0x0000008135200000)]
  0x00000256866238c0 JavaThread "Cache worker for file hash cache (C:\Users\ACER\AndroidStudioProjects\ShoesCare\.gradle\8.0\fileHashes)" [_thread_blocked, id=7580, stack(0x0000008135300000,0x0000008135400000)]
  0x0000025686627280 JavaThread "Cache worker for cache directory md-supplier (D:\DOWNLOADS\JetPlayer\caches\8.0\md-supplier)" [_thread_blocked, id=8456, stack(0x0000008135400000,0x0000008135500000)]
  0x0000025686622580 JavaThread "Cache worker for execution history cache (D:\DOWNLOADS\JetPlayer\caches\8.0\executionHistory)" [_thread_blocked, id=544, stack(0x0000008135500000,0x0000008135600000)]
  0x0000025686624c00 JavaThread "Cache worker for kotlin-dsl (D:\DOWNLOADS\JetPlayer\caches\8.0\kotlin-dsl)" [_thread_blocked, id=6956, stack(0x0000008135600000,0x0000008135700000)]
  0x0000025686622a50 JavaThread "Cache worker for dependencies-accessors (C:\Users\ACER\AndroidStudioProjects\ShoesCare\.gradle\8.0\dependencies-accessors)" [_thread_blocked, id=10000, stack(0x0000008135700000,0x0000008135800000)]
  0x00000256866285c0 JavaThread "Cache worker for Build Output Cleanup Cache (C:\Users\ACER\AndroidStudioProjects\ShoesCare\.gradle\buildOutputCleanup)" [_thread_blocked, id=1884, stack(0x0000008135800000,0x0000008135900000)]
  0x0000025686628f60 JavaThread "Unconstrained build operations" [_thread_blocked, id=8860, stack(0x0000008135900000,0x0000008135a00000)]
  0x0000025686623d90 JavaThread "Unconstrained build operations Thread 2" [_thread_blocked, id=4804, stack(0x0000008135a00000,0x0000008135b00000)]
  0x0000025686629430 JavaThread "Unconstrained build operations Thread 3" [_thread_blocked, id=7188, stack(0x0000008135b00000,0x0000008135c00000)]
  0x0000025686627750 JavaThread "Unconstrained build operations Thread 4" [_thread_blocked, id=3192, stack(0x0000008135c00000,0x0000008135d00000)]
  0x0000025686622f20 JavaThread "Unconstrained build operations Thread 5" [_thread_blocked, id=4104, stack(0x0000008135d00000,0x0000008135e00000)]
  0x00000256866268e0 JavaThread "Unconstrained build operations Thread 6" [_thread_blocked, id=5524, stack(0x0000008135e00000,0x0000008135f00000)]
  0x0000025686624260 JavaThread "Unconstrained build operations Thread 7" [_thread_blocked, id=8908, stack(0x0000008135f00000,0x0000008136000000)]
  0x00000256866255a0 JavaThread "Unconstrained build operations Thread 8" [_thread_blocked, id=8912, stack(0x0000008136000000,0x0000008136100000)]
  0x0000025686625a70 JavaThread "Unconstrained build operations Thread 9" [_thread_blocked, id=5736, stack(0x0000008136100000,0x0000008136200000)]
  0x0000025686625f40 JavaThread "Unconstrained build operations Thread 10" [_thread_blocked, id=8120, stack(0x0000008136200000,0x0000008136300000)]
  0x0000025686626db0 JavaThread "Unconstrained build operations Thread 11" [_thread_blocked, id=1448, stack(0x0000008136300000,0x0000008136400000)]
  0x00000256866220b0 JavaThread "Unconstrained build operations Thread 12" [_thread_blocked, id=4656, stack(0x0000008136400000,0x0000008136500000)]
  0x0000025686621be0 JavaThread "Unconstrained build operations Thread 13" [_thread_blocked, id=1844, stack(0x0000008136500000,0x0000008136600000)]
  0x0000025686517d60 JavaThread "Unconstrained build operations Thread 14" [_thread_blocked, id=6820, stack(0x0000008136600000,0x0000008136700000)]
  0x000002568651bbf0 JavaThread "Unconstrained build operations Thread 15" [_thread_blocked, id=1056, stack(0x0000008136700000,0x0000008136800000)]
  0x0000025686516ef0 JavaThread "Unconstrained build operations Thread 16" [_thread_blocked, id=8104, stack(0x0000008136800000,0x0000008136900000)]
  0x0000025686518bd0 JavaThread "Unconstrained build operations Thread 17" [_thread_blocked, id=7688, stack(0x0000008136900000,0x0000008136a00000)]
  0x0000025686514d40 JavaThread "Unconstrained build operations Thread 18" [_thread_blocked, id=2404, stack(0x0000008136a00000,0x0000008136b00000)]
  0x00000256865143a0 JavaThread "Unconstrained build operations Thread 19" [_thread_blocked, id=5268, stack(0x0000008136b00000,0x0000008136c00000)]
  0x0000025686514870 JavaThread "Unconstrained build operations Thread 20" [_thread_blocked, id=5300, stack(0x0000008136c00000,0x0000008136d00000)]
  0x0000025686516550 JavaThread "Unconstrained build operations Thread 21" [_thread_blocked, id=3140, stack(0x0000008136d00000,0x0000008136e00000)]
  0x000002568651b250 JavaThread "Unconstrained build operations Thread 22" [_thread_blocked, id=9104, stack(0x0000008136e00000,0x0000008136f00000)]
  0x0000025686517890 JavaThread "Unconstrained build operations Thread 23" [_thread_blocked, id=4512, stack(0x0000008136f00000,0x0000008137000000)]
  0x00000256865190a0 JavaThread "Unconstrained build operations Thread 24" [_thread_blocked, id=3816, stack(0x0000008137000000,0x0000008137100000)]
  0x00000256865173c0 JavaThread "Unconstrained build operations Thread 25" [_thread_blocked, id=4708, stack(0x0000008137100000,0x0000008137200000)]
  0x0000025686515210 JavaThread "Unconstrained build operations Thread 26" [_thread_blocked, id=1656, stack(0x0000008137200000,0x0000008137300000)]
  0x0000025686518230 JavaThread "Unconstrained build operations Thread 27" [_thread_blocked, id=6088, stack(0x0000008137300000,0x0000008137400000)]
  0x0000025686516a20 JavaThread "Unconstrained build operations Thread 28" [_thread_blocked, id=592, stack(0x0000008137400000,0x0000008137500000)]
  0x00000256865156e0 JavaThread "Unconstrained build operations Thread 29" [_thread_blocked, id=4600, stack(0x0000008137500000,0x0000008137600000)]
  0x0000025686519f10 JavaThread "Unconstrained build operations Thread 30" [_thread_blocked, id=8588, stack(0x0000008137600000,0x0000008137700000)]
  0x0000025686515bb0 JavaThread "Unconstrained build operations Thread 31" [_thread_blocked, id=5472, stack(0x0000008137700000,0x0000008137800000)]
  0x000002568651a3e0 JavaThread "Unconstrained build operations Thread 32" [_thread_blocked, id=7660, stack(0x0000008137800000,0x0000008137900000)]
  0x0000025686518700 JavaThread "Unconstrained build operations Thread 33" [_thread_blocked, id=8880, stack(0x0000008137900000,0x0000008137a00000)]
  0x000002568651a8b0 JavaThread "Unconstrained build operations Thread 34" [_thread_blocked, id=5988, stack(0x0000008137a00000,0x0000008137b00000)]
  0x0000025686516080 JavaThread "Unconstrained build operations Thread 35" [_thread_blocked, id=3512, stack(0x0000008137b00000,0x0000008137c00000)]
  0x0000025686519570 JavaThread "Unconstrained build operations Thread 36" [_thread_blocked, id=7452, stack(0x0000008137c00000,0x0000008137d00000)]
  0x0000025686519a40 JavaThread "Unconstrained build operations Thread 37" [_thread_blocked, id=3188, stack(0x0000008137d00000,0x0000008137e00000)]
  0x000002568651ad80 JavaThread "Unconstrained build operations Thread 38" [_thread_blocked, id=5956, stack(0x0000008137e00000,0x0000008137f00000)]
  0x000002568651b720 JavaThread "Unconstrained build operations Thread 39" [_thread_blocked, id=6780, stack(0x0000008137f00000,0x0000008138000000)]
  0x0000025687186c20 JavaThread "Unconstrained build operations Thread 40" [_thread_blocked, id=5536, stack(0x0000008138000000,0x0000008138100000)]
  0x0000025687189c40 JavaThread "Memory manager" [_thread_blocked, id=4912, stack(0x0000008138100000,0x0000008138200000)]
  0x0000025687185db0 JavaThread "build event listener" [_thread_blocked, id=128, stack(0x0000008138200000,0x0000008138300000)]
  0x000002568718b920 JavaThread "build event listener" [_thread_blocked, id=9876, stack(0x0000008138300000,0x0000008138400000)]
  0x0000025684accc30 JavaThread "C2 CompilerThread1" daemon [_thread_blocked, id=4836, stack(0x0000008135200000,0x0000008135300000)]

Other Threads:
=>0x00000256feb90200 VMThread "VM Thread" [stack: 0x0000008132c00000,0x0000008132d00000] [id=1524]
  0x00000256ff9ba0d0 WatcherThread [stack: 0x0000008133800000,0x0000008133900000] [id=7636]
  0x00000256e7682f90 GCTaskThread "GC Thread#0" [stack: 0x0000008132700000,0x0000008132800000] [id=5852]
  0x00000256ffb91dc0 GCTaskThread "GC Thread#1" [stack: 0x0000008133a00000,0x0000008133b00000] [id=7376]
  0x00000256ffb92b30 GCTaskThread "GC Thread#2" [stack: 0x0000008133b00000,0x0000008133c00000] [id=8524]
  0x00000256ffb91b10 GCTaskThread "GC Thread#3" [stack: 0x0000008133c00000,0x0000008133d00000] [id=9476]
  0x00000256e7693de0 ConcurrentGCThread "G1 Main Marker" [stack: 0x0000008132800000,0x0000008132900000] [id=4592]
  0x00000256e7694ea0 ConcurrentGCThread "G1 Conc#0" [stack: 0x0000008132900000,0x0000008132a00000] [id=9208]
  0x00000256fea40090 ConcurrentGCThread "G1 Refine#0" [stack: 0x0000008132a00000,0x0000008132b00000] [id=10036]
  0x00000256fea419d0 ConcurrentGCThread "G1 Service" [stack: 0x0000008132b00000,0x0000008132c00000] [id=8840]

Threads with active compile tasks:
C2 CompilerThread0    22924 8384       4       org.jetbrains.kotlin.com.intellij.openapi.vfs.impl.ZipHandlerBase::getOrCreate (292 bytes)
C2 CompilerThread1    22924 8489       4       org.jetbrains.kotlin.com.intellij.openapi.vfs.impl.ZipHandlerBase::getOrCreate (305 bytes)

VM state: at safepoint (normal execution)

VM Mutex/Monitor currently owned by a thread:  ([mutex/lock_event])
[0x00000256e7622d90] Threads_lock - owner thread: 0x00000256feb90200
[0x00000256e7624650] Heap_lock - owner thread: 0x0000025682127030

Heap address: 0x0000000080000000, size: 2048 MB, Compressed Oops mode: 32-bit

CDS archive(s) not mapped
Compressed class space mapped at: 0x0000000100000000-0x0000000140000000, reserved size: 1073741824
Narrow klass base: 0x0000000000000000, Narrow klass shift: 3, Narrow klass range: 0x140000000

GC Precious Log:
 CPUs: 4 total, 4 available
 Memory: 8030M
 Large Page Support: Disabled
 NUMA Support: Disabled
 Compressed Oops: Enabled (32-bit)
 Heap Region Size: 1M
 Heap Min Capacity: 8M
 Heap Initial Capacity: 126M
 Heap Max Capacity: 2G
 Pre-touch: Disabled
 Parallel Workers: 4
 Concurrent Workers: 1
 Concurrent Refinement Workers: 4
 Periodic GC: Disabled

Heap:
 garbage-first heap   total 223232K, used 136192K [0x0000000080000000, 0x0000000100000000)
  region size 1024K, 7 young (7168K), 7 survivors (7168K)
 Metaspace       used 93094K, committed 93888K, reserved 1130496K
  class space    used 12775K, committed 13120K, reserved 1048576K

Heap Regions: E=young(eden), S=young(survivor), O=old, HS=humongous(starts), HC=humongous(continues), CS=collection set, F=free, OA=open archive, CA=closed archive, TAMS=top-at-mark-start (previous, next)
|   0|0x0000000080000000, 0x0000000080100000, 0x0000000080100000|100%| O|  |TAMS 0x0000000080100000, 0x0000000080000000| Untracked 
|   1|0x0000000080100000, 0x0000000080200000, 0x0000000080200000|100%| O|  |TAMS 0x0000000080200000, 0x0000000080100000| Untracked 
|   2|0x0000000080200000, 0x0000000080300000, 0x0000000080300000|100%|HS|  |TAMS 0x0000000080300000, 0x0000000080200000| Complete 
|   3|0x0000000080300000, 0x0000000080400000, 0x0000000080400000|100%|HC|  |TAMS 0x0000000080400000, 0x0000000080300000| Complete 
|   4|0x0000000080400000, 0x0000000080500000, 0x0000000080500000|100%|HC|  |TAMS 0x0000000080500000, 0x0000000080400000| Complete 
|   5|0x0000000080500000, 0x0000000080600000, 0x0000000080600000|100%|HC|  |TAMS 0x0000000080600000, 0x0000000080500000| Complete 
|   6|0x0000000080600000, 0x0000000080700000, 0x0000000080700000|100%| O|  |TAMS 0x0000000080700000, 0x0000000080600000| Untracked 
|   7|0x0000000080700000, 0x0000000080800000, 0x0000000080800000|100%| O|  |TAMS 0x0000000080800000, 0x0000000080700000| Untracked 
|   8|0x0000000080800000, 0x0000000080900000, 0x0000000080900000|100%| O|  |TAMS 0x0000000080900000, 0x0000000080800000| Untracked 
|   9|0x0000000080900000, 0x0000000080a00000, 0x0000000080a00000|100%| O|  |TAMS 0x0000000080a00000, 0x0000000080900000| Untracked 
|  10|0x0000000080a00000, 0x0000000080b00000, 0x0000000080b00000|100%| O|  |TAMS 0x0000000080b00000, 0x0000000080a00000| Untracked 
|  11|0x0000000080b00000, 0x0000000080c00000, 0x0000000080c00000|100%| O|  |TAMS 0x0000000080c00000, 0x0000000080b00000| Untracked 
|  12|0x0000000080c00000, 0x0000000080d00000, 0x0000000080d00000|100%| O|  |TAMS 0x0000000080d00000, 0x0000000080c00000| Untracked 
|  13|0x0000000080d00000, 0x0000000080e00000, 0x0000000080e00000|100%| O|  |TAMS 0x0000000080e00000, 0x0000000080d00000| Untracked 
|  14|0x0000000080e00000, 0x0000000080f00000, 0x0000000080f00000|100%| O|  |TAMS 0x0000000080f00000, 0x0000000080e00000| Untracked 
|  15|0x0000000080f00000, 0x0000000081000000, 0x0000000081000000|100%| O|  |TAMS 0x0000000081000000, 0x0000000080f00000| Untracked 
|  16|0x0000000081000000, 0x0000000081100000, 0x0000000081100000|100%| O|  |TAMS 0x0000000081100000, 0x0000000081000000| Untracked 
|  17|0x0000000081100000, 0x0000000081200000, 0x0000000081200000|100%| O|  |TAMS 0x0000000081200000, 0x0000000081100000| Untracked 
|  18|0x0000000081200000, 0x0000000081300000, 0x0000000081300000|100%| O|  |TAMS 0x0000000081300000, 0x0000000081200000| Untracked 
|  19|0x0000000081300000, 0x0000000081400000, 0x0000000081400000|100%|HS|  |TAMS 0x0000000081400000, 0x0000000081300000| Complete 
|  20|0x0000000081400000, 0x0000000081500000, 0x0000000081500000|100%|HC|  |TAMS 0x0000000081500000, 0x0000000081400000| Complete 
|  21|0x0000000081500000, 0x0000000081600000, 0x0000000081600000|100%|HS|  |TAMS 0x0000000081600000, 0x0000000081500000| Complete 
|  22|0x0000000081600000, 0x0000000081700000, 0x0000000081700000|100%|HC|  |TAMS 0x0000000081700000, 0x0000000081600000| Complete 
|  23|0x0000000081700000, 0x0000000081800000, 0x0000000081800000|100%|HC|  |TAMS 0x0000000081800000, 0x0000000081700000| Complete 
|  24|0x0000000081800000, 0x0000000081900000, 0x0000000081900000|100%| O|  |TAMS 0x0000000081900000, 0x0000000081800000| Untracked 
|  25|0x0000000081900000, 0x0000000081a00000, 0x0000000081a00000|100%| O|  |TAMS 0x0000000081a00000, 0x0000000081900000| Untracked 
|  26|0x0000000081a00000, 0x0000000081b00000, 0x0000000081b00000|100%| O|  |TAMS 0x0000000081b00000, 0x0000000081a00000| Untracked 
|  27|0x0000000081b00000, 0x0000000081c00000, 0x0000000081c00000|100%|HS|  |TAMS 0x0000000081c00000, 0x0000000081b00000| Complete 
|  28|0x0000000081c00000, 0x0000000081d00000, 0x0000000081d00000|100%|HC|  |TAMS 0x0000000081d00000, 0x0000000081c00000| Complete 
|  29|0x0000000081d00000, 0x0000000081e00000, 0x0000000081e00000|100%|HC|  |TAMS 0x0000000081e00000, 0x0000000081d00000| Complete 
|  30|0x0000000081e00000, 0x0000000081f00000, 0x0000000081f00000|100%| O|  |TAMS 0x0000000081f00000, 0x0000000081e00000| Untracked 
|  31|0x0000000081f00000, 0x0000000082000000, 0x0000000082000000|100%|HS|  |TAMS 0x0000000082000000, 0x0000000081f00000| Complete 
|  32|0x0000000082000000, 0x0000000082100000, 0x0000000082100000|100%| O|  |TAMS 0x0000000082100000, 0x0000000082000000| Untracked 
|  33|0x0000000082100000, 0x0000000082200000, 0x0000000082200000|100%|HS|  |TAMS 0x0000000082200000, 0x0000000082100000| Complete 
|  34|0x0000000082200000, 0x0000000082300000, 0x0000000082300000|100%|HC|  |TAMS 0x0000000082300000, 0x0000000082200000| Complete 
|  35|0x0000000082300000, 0x0000000082400000, 0x0000000082400000|100%| O|  |TAMS 0x0000000082400000, 0x0000000082300000| Untracked 
|  36|0x0000000082400000, 0x0000000082500000, 0x0000000082500000|100%| O|  |TAMS 0x0000000082500000, 0x0000000082400000| Untracked 
|  37|0x0000000082500000, 0x0000000082600000, 0x0000000082600000|100%| O|  |TAMS 0x0000000082600000, 0x0000000082500000| Untracked 
|  38|0x0000000082600000, 0x0000000082700000, 0x0000000082700000|100%| O|  |TAMS 0x0000000082700000, 0x0000000082600000| Untracked 
|  39|0x0000000082700000, 0x0000000082800000, 0x0000000082800000|100%| O|  |TAMS 0x0000000082800000, 0x0000000082700000| Untracked 
|  40|0x0000000082800000, 0x0000000082900000, 0x0000000082900000|100%| O|  |TAMS 0x0000000082900000, 0x0000000082800000| Untracked 
|  41|0x0000000082900000, 0x0000000082a00000, 0x0000000082a00000|100%| O|  |TAMS 0x0000000082a00000, 0x0000000082900000| Untracked 
|  42|0x0000000082a00000, 0x0000000082b00000, 0x0000000082b00000|100%| O|  |TAMS 0x0000000082b00000, 0x0000000082a00000| Untracked 
|  43|0x0000000082b00000, 0x0000000082c00000, 0x0000000082c00000|100%| O|  |TAMS 0x0000000082c00000, 0x0000000082b00000| Untracked 
|  44|0x0000000082c00000, 0x0000000082d00000, 0x0000000082d00000|100%| O|  |TAMS 0x0000000082d00000, 0x0000000082c00000| Untracked 
|  45|0x0000000082d00000, 0x0000000082e00000, 0x0000000082e00000|100%| O|  |TAMS 0x0000000082e00000, 0x0000000082d00000| Untracked 
|  46|0x0000000082e00000, 0x0000000082f00000, 0x0000000082f00000|100%|HS|  |TAMS 0x0000000082f00000, 0x0000000082e00000| Complete 
|  47|0x0000000082f00000, 0x0000000083000000, 0x0000000083000000|100%|HC|  |TAMS 0x0000000083000000, 0x0000000082f00000| Complete 
|  48|0x0000000083000000, 0x0000000083100000, 0x0000000083100000|100%|HC|  |TAMS 0x0000000083100000, 0x0000000083000000| Complete 
|  49|0x0000000083100000, 0x0000000083200000, 0x0000000083200000|100%|HC|  |TAMS 0x0000000083200000, 0x0000000083100000| Complete 
|  50|0x0000000083200000, 0x0000000083300000, 0x0000000083300000|100%|HC|  |TAMS 0x0000000083300000, 0x0000000083200000| Complete 
|  51|0x0000000083300000, 0x0000000083400000, 0x0000000083400000|100%|HC|  |TAMS 0x0000000083400000, 0x0000000083300000| Complete 
|  52|0x0000000083400000, 0x0000000083500000, 0x0000000083500000|100%|HC|  |TAMS 0x0000000083500000, 0x0000000083400000| Complete 
|  53|0x0000000083500000, 0x0000000083600000, 0x0000000083600000|100%|HC|  |TAMS 0x0000000083600000, 0x0000000083500000| Complete 
|  54|0x0000000083600000, 0x0000000083700000, 0x0000000083700000|100%|HC|  |TAMS 0x0000000083700000, 0x0000000083600000| Complete 
|  55|0x0000000083700000, 0x0000000083800000, 0x0000000083800000|100%|HC|  |TAMS 0x0000000083800000, 0x0000000083700000| Complete 
|  56|0x0000000083800000, 0x0000000083900000, 0x0000000083900000|100%|HC|  |TAMS 0x0000000083900000, 0x0000000083800000| Complete 
|  57|0x0000000083900000, 0x0000000083a00000, 0x0000000083a00000|100%|HC|  |TAMS 0x0000000083a00000, 0x0000000083900000| Complete 
|  58|0x0000000083a00000, 0x0000000083b00000, 0x0000000083b00000|100%| O|  |TAMS 0x0000000083b00000, 0x0000000083a00000| Untracked 
|  59|0x0000000083b00000, 0x0000000083c00000, 0x0000000083c00000|100%|HS|  |TAMS 0x0000000083c00000, 0x0000000083b00000| Complete 
|  60|0x0000000083c00000, 0x0000000083d00000, 0x0000000083d00000|100%|HC|  |TAMS 0x0000000083d00000, 0x0000000083c00000| Complete 
|  61|0x0000000083d00000, 0x0000000083e00000, 0x0000000083e00000|100%|HC|  |TAMS 0x0000000083e00000, 0x0000000083d00000| Complete 
|  62|0x0000000083e00000, 0x0000000083f00000, 0x0000000083f00000|100%|HS|  |TAMS 0x0000000083f00000, 0x0000000083e00000| Complete 
|  63|0x0000000083f00000, 0x0000000084000000, 0x0000000084000000|100%|HC|  |TAMS 0x0000000084000000, 0x0000000083f00000| Complete 
|  64|0x0000000084000000, 0x0000000084100000, 0x0000000084100000|100%|HC|  |TAMS 0x0000000084100000, 0x0000000084000000| Complete 
|  65|0x0000000084100000, 0x0000000084200000, 0x0000000084200000|100%| O|  |TAMS 0x0000000084200000, 0x0000000084100000| Untracked 
|  66|0x0000000084200000, 0x0000000084300000, 0x0000000084300000|100%| O|  |TAMS 0x0000000084300000, 0x0000000084200000| Untracked 
|  67|0x0000000084300000, 0x0000000084400000, 0x0000000084400000|100%| O|  |TAMS 0x0000000084400000, 0x0000000084300000| Untracked 
|  68|0x0000000084400000, 0x0000000084500000, 0x0000000084500000|100%| O|  |TAMS 0x0000000084500000, 0x0000000084400000| Untracked 
|  69|0x0000000084500000, 0x0000000084600000, 0x0000000084600000|100%| O|  |TAMS 0x0000000084600000, 0x0000000084500000| Untracked 
|  70|0x0000000084600000, 0x0000000084700000, 0x0000000084700000|100%| O|  |TAMS 0x0000000084700000, 0x0000000084600000| Untracked 
|  71|0x0000000084700000, 0x0000000084800000, 0x0000000084800000|100%| O|  |TAMS 0x0000000084800000, 0x0000000084700000| Untracked 
|  72|0x0000000084800000, 0x0000000084900000, 0x0000000084900000|100%|HS|  |TAMS 0x0000000084900000, 0x0000000084800000| Complete 
|  73|0x0000000084900000, 0x0000000084a00000, 0x0000000084a00000|100%|HS|  |TAMS 0x0000000084a00000, 0x0000000084900000| Complete 
|  74|0x0000000084a00000, 0x0000000084b00000, 0x0000000084b00000|100%|HC|  |TAMS 0x0000000084b00000, 0x0000000084a00000| Complete 
|  75|0x0000000084b00000, 0x0000000084c00000, 0x0000000084c00000|100%|HS|  |TAMS 0x0000000084c00000, 0x0000000084b00000| Complete 
|  76|0x0000000084c00000, 0x0000000084d00000, 0x0000000084d00000|100%|HS|  |TAMS 0x0000000084d00000, 0x0000000084c00000| Complete 
|  77|0x0000000084d00000, 0x0000000084e00000, 0x0000000084e00000|100%|HC|  |TAMS 0x0000000084e00000, 0x0000000084d00000| Complete 
|  78|0x0000000084e00000, 0x0000000084f00000, 0x0000000084f00000|100%|HC|  |TAMS 0x0000000084f00000, 0x0000000084e00000| Complete 
|  79|0x0000000084f00000, 0x0000000085000000, 0x0000000085000000|100%|HC|  |TAMS 0x0000000085000000, 0x0000000084f00000| Complete 
|  80|0x0000000085000000, 0x0000000085100000, 0x0000000085100000|100%| O|  |TAMS 0x0000000085100000, 0x0000000085000000| Untracked 
|  81|0x0000000085100000, 0x0000000085200000, 0x0000000085200000|100%| O|  |TAMS 0x0000000085200000, 0x0000000085100000| Untracked 
|  82|0x0000000085200000, 0x0000000085300000, 0x0000000085300000|100%| O|  |TAMS 0x0000000085300000, 0x0000000085200000| Untracked 
|  83|0x0000000085300000, 0x0000000085400000, 0x0000000085400000|100%| O|  |TAMS 0x0000000085300000, 0x0000000085300000| Untracked 
|  84|0x0000000085400000, 0x0000000085500000, 0x0000000085500000|100%| O|  |TAMS 0x0000000085400000, 0x0000000085400000| Untracked 
|  85|0x0000000085500000, 0x0000000085600000, 0x0000000085600000|100%| O|  |TAMS 0x0000000085600000, 0x0000000085500000| Untracked 
|  86|0x0000000085600000, 0x0000000085700000, 0x0000000085700000|100%| O|  |TAMS 0x0000000085700000, 0x0000000085600000| Untracked 
|  87|0x0000000085700000, 0x0000000085800000, 0x0000000085800000|100%| O|  |TAMS 0x0000000085800000, 0x0000000085700000| Untracked 
|  88|0x0000000085800000, 0x0000000085900000, 0x0000000085900000|100%| O|  |TAMS 0x0000000085900000, 0x0000000085800000| Untracked 
|  89|0x0000000085900000, 0x0000000085a00000, 0x0000000085a00000|100%| O|  |TAMS 0x0000000085a00000, 0x0000000085900000| Untracked 
|  90|0x0000000085a00000, 0x0000000085b00000, 0x0000000085b00000|100%| O|  |TAMS 0x0000000085a00000, 0x0000000085a00000| Untracked 
|  91|0x0000000085b00000, 0x0000000085c00000, 0x0000000085c00000|100%| O|  |TAMS 0x0000000085c00000, 0x0000000085b00000| Untracked 
|  92|0x0000000085c00000, 0x0000000085d00000, 0x0000000085d00000|100%| O|  |TAMS 0x0000000085c00000, 0x0000000085c00000| Untracked 
|  93|0x0000000085d00000, 0x0000000085e00000, 0x0000000085e00000|100%| O|  |TAMS 0x0000000085d00000, 0x0000000085d00000| Untracked 
|  94|0x0000000085e00000, 0x0000000085f00000, 0x0000000085f00000|100%| O|  |TAMS 0x0000000085f00000, 0x0000000085e00000| Untracked 
|  95|0x0000000085f00000, 0x0000000086000000, 0x0000000086000000|100%| O|  |TAMS 0x0000000086000000, 0x0000000085f00000| Untracked 
|  96|0x0000000086000000, 0x0000000086100000, 0x0000000086100000|100%| O|  |TAMS 0x0000000086100000, 0x0000000086000000| Untracked 
|  97|0x0000000086100000, 0x0000000086200000, 0x0000000086200000|100%| O|  |TAMS 0x0000000086200000, 0x0000000086100000| Untracked 
|  98|0x0000000086200000, 0x0000000086300000, 0x0000000086300000|100%| O|  |TAMS 0x0000000086300000, 0x0000000086200000| Untracked 
|  99|0x0000000086300000, 0x0000000086400000, 0x0000000086400000|100%| O|  |TAMS 0x0000000086400000, 0x0000000086300000| Untracked 
| 100|0x0000000086400000, 0x0000000086500000, 0x0000000086500000|100%| O|  |TAMS 0x0000000086400000, 0x0000000086400000| Untracked 
| 101|0x0000000086500000, 0x0000000086600000, 0x0000000086600000|100%| O|  |TAMS 0x0000000086600000, 0x0000000086500000| Untracked 
| 102|0x0000000086600000, 0x0000000086700000, 0x0000000086700000|100%| O|  |TAMS 0x0000000086700000, 0x0000000086600000| Untracked 
| 103|0x0000000086700000, 0x0000000086800000, 0x0000000086800000|100%| O|  |TAMS 0x0000000086700000, 0x0000000086700000| Untracked 
| 104|0x0000000086800000, 0x0000000086900000, 0x0000000086900000|100%| O|  |TAMS 0x00000000868a0800, 0x0000000086800000| Untracked 
| 105|0x0000000086900000, 0x0000000086a00000, 0x0000000086a00000|100%| O|  |TAMS 0x0000000086900000, 0x0000000086900000| Untracked 
| 106|0x0000000086a00000, 0x0000000086b00000, 0x0000000086b00000|100%| O|  |TAMS 0x0000000086a00000, 0x0000000086a00000| Untracked 
| 107|0x0000000086b00000, 0x0000000086c00000, 0x0000000086c00000|100%| O|  |TAMS 0x0000000086b00000, 0x0000000086b00000| Untracked 
| 108|0x0000000086c00000, 0x0000000086d00000, 0x0000000086d00000|100%| O|  |TAMS 0x0000000086c00000, 0x0000000086c00000| Untracked 
| 109|0x0000000086d00000, 0x0000000086e00000, 0x0000000086e00000|100%|HS|  |TAMS 0x0000000086d00000, 0x0000000086d00000| Complete 
| 110|0x0000000086e00000, 0x0000000086f00000, 0x0000000086f00000|100%|HC|  |TAMS 0x0000000086e00000, 0x0000000086e00000| Complete 
| 111|0x0000000086f00000, 0x0000000087000000, 0x0000000087000000|100%|HC|  |TAMS 0x0000000086f00000, 0x0000000086f00000| Complete 
| 112|0x0000000087000000, 0x0000000087100000, 0x0000000087100000|100%|HC|  |TAMS 0x0000000087000000, 0x0000000087000000| Complete 
| 113|0x0000000087100000, 0x0000000087100000, 0x0000000087200000|  0%| F|  |TAMS 0x0000000087100000, 0x0000000087100000| Untracked 
| 114|0x0000000087200000, 0x0000000087200000, 0x0000000087300000|  0%| F|  |TAMS 0x0000000087200000, 0x0000000087200000| Untracked 
| 115|0x0000000087300000, 0x0000000087300000, 0x0000000087400000|  0%| F|  |TAMS 0x0000000087300000, 0x0000000087300000| Untracked 
| 116|0x0000000087400000, 0x0000000087400000, 0x0000000087500000|  0%| F|  |TAMS 0x0000000087400000, 0x0000000087400000| Untracked 
| 117|0x0000000087500000, 0x0000000087500000, 0x0000000087600000|  0%| F|  |TAMS 0x0000000087500000, 0x0000000087500000| Untracked 
| 118|0x0000000087600000, 0x0000000087600000, 0x0000000087700000|  0%| F|  |TAMS 0x0000000087600000, 0x0000000087600000| Untracked 
| 119|0x0000000087700000, 0x0000000087800000, 0x0000000087800000|100%| O|  |TAMS 0x0000000087700000, 0x0000000087700000| Untracked 
| 120|0x0000000087800000, 0x0000000087900000, 0x0000000087900000|100%| O|  |TAMS 0x0000000087800000, 0x0000000087800000| Untracked 
| 121|0x0000000087900000, 0x0000000087a00000, 0x0000000087a00000|100%| O|  |TAMS 0x0000000087900000, 0x0000000087900000| Untracked 
| 122|0x0000000087a00000, 0x0000000087b00000, 0x0000000087b00000|100%| O|  |TAMS 0x0000000087a00000, 0x0000000087a00000| Untracked 
| 123|0x0000000087b00000, 0x0000000087c00000, 0x0000000087c00000|100%| O|  |TAMS 0x0000000087b00000, 0x0000000087b00000| Untracked 
| 124|0x0000000087c00000, 0x0000000087d00000, 0x0000000087d00000|100%| O|  |TAMS 0x0000000087c00000, 0x0000000087c00000| Untracked 
| 125|0x0000000087d00000, 0x0000000087e00000, 0x0000000087e00000|100%| O|  |TAMS 0x0000000087d00000, 0x0000000087d00000| Untracked 
| 126|0x0000000087e00000, 0x0000000087f00000, 0x0000000087f00000|100%| O|  |TAMS 0x0000000087e00000, 0x0000000087e00000| Untracked 
| 127|0x0000000087f00000, 0x0000000088000000, 0x0000000088000000|100%| O|  |TAMS 0x0000000087f00000, 0x0000000087f00000| Untracked 
| 128|0x0000000088000000, 0x0000000088100000, 0x0000000088100000|100%| O|  |TAMS 0x0000000088000000, 0x0000000088000000| Untracked 
| 129|0x0000000088100000, 0x0000000088200000, 0x0000000088200000|100%| O|  |TAMS 0x0000000088100000, 0x0000000088100000| Untracked 
| 130|0x0000000088200000, 0x0000000088300000, 0x0000000088300000|100%| O|  |TAMS 0x0000000088200000, 0x0000000088200000| Untracked 
| 131|0x0000000088300000, 0x0000000088400000, 0x0000000088400000|100%| O|  |TAMS 0x0000000088300000, 0x0000000088300000| Untracked 
| 132|0x0000000088400000, 0x0000000088400000, 0x0000000088500000|  0%| F|  |TAMS 0x0000000088400000, 0x0000000088400000| Untracked 
| 133|0x0000000088500000, 0x0000000088500000, 0x0000000088600000|  0%| F|  |TAMS 0x0000000088500000, 0x0000000088500000| Untracked 
| 134|0x0000000088600000, 0x0000000088600000, 0x0000000088700000|  0%| F|  |TAMS 0x0000000088600000, 0x0000000088600000| Untracked 
| 135|0x0000000088700000, 0x0000000088700000, 0x0000000088800000|  0%| F|  |TAMS 0x0000000088700000, 0x0000000088700000| Untracked 
| 136|0x0000000088800000, 0x0000000088800000, 0x0000000088900000|  0%| F|  |TAMS 0x0000000088800000, 0x0000000088800000| Untracked 
| 137|0x0000000088900000, 0x0000000088900000, 0x0000000088a00000|  0%| F|  |TAMS 0x0000000088900000, 0x0000000088900000| Untracked 
| 138|0x0000000088a00000, 0x0000000088a00000, 0x0000000088b00000|  0%| F|  |TAMS 0x0000000088a00000, 0x0000000088a00000| Untracked 
| 139|0x0000000088b00000, 0x0000000088b00000, 0x0000000088c00000|  0%| F|  |TAMS 0x0000000088b00000, 0x0000000088b00000| Untracked 
| 140|0x0000000088c00000, 0x0000000088c00000, 0x0000000088d00000|  0%| F|  |TAMS 0x0000000088c00000, 0x0000000088c00000| Untracked 
| 141|0x0000000088d00000, 0x0000000088d00000, 0x0000000088e00000|  0%| F|  |TAMS 0x0000000088d00000, 0x0000000088d00000| Untracked 
| 142|0x0000000088e00000, 0x0000000088e00000, 0x0000000088f00000|  0%| F|  |TAMS 0x0000000088e00000, 0x0000000088e00000| Untracked 
| 143|0x0000000088f00000, 0x0000000088f00000, 0x0000000089000000|  0%| F|  |TAMS 0x0000000088f00000, 0x0000000088f00000| Untracked 
| 144|0x0000000089000000, 0x0000000089000000, 0x0000000089100000|  0%| F|  |TAMS 0x0000000089000000, 0x0000000089000000| Untracked 
| 145|0x0000000089100000, 0x0000000089100000, 0x0000000089200000|  0%| F|  |TAMS 0x0000000089100000, 0x0000000089100000| Untracked 
| 146|0x0000000089200000, 0x0000000089200000, 0x0000000089300000|  0%| F|  |TAMS 0x0000000089200000, 0x0000000089200000| Untracked 
| 147|0x0000000089300000, 0x0000000089300000, 0x0000000089400000|  0%| F|  |TAMS 0x0000000089300000, 0x0000000089300000| Untracked 
| 148|0x0000000089400000, 0x0000000089400000, 0x0000000089500000|  0%| F|  |TAMS 0x0000000089400000, 0x0000000089400000| Untracked 
| 149|0x0000000089500000, 0x0000000089500000, 0x0000000089600000|  0%| F|  |TAMS 0x0000000089500000, 0x0000000089500000| Untracked 
| 150|0x0000000089600000, 0x0000000089600000, 0x0000000089700000|  0%| F|  |TAMS 0x0000000089600000, 0x0000000089600000| Untracked 
| 151|0x0000000089700000, 0x0000000089700000, 0x0000000089800000|  0%| F|  |TAMS 0x0000000089700000, 0x0000000089700000| Untracked 
| 152|0x0000000089800000, 0x0000000089800000, 0x0000000089900000|  0%| F|  |TAMS 0x0000000089800000, 0x0000000089800000| Untracked 
| 153|0x0000000089900000, 0x0000000089900000, 0x0000000089a00000|  0%| F|  |TAMS 0x0000000089900000, 0x0000000089900000| Untracked 
| 154|0x0000000089a00000, 0x0000000089a00000, 0x0000000089b00000|  0%| F|  |TAMS 0x0000000089a00000, 0x0000000089a00000| Untracked 
| 155|0x0000000089b00000, 0x0000000089b00000, 0x0000000089c00000|  0%| F|  |TAMS 0x0000000089b00000, 0x0000000089b00000| Untracked 
| 156|0x0000000089c00000, 0x0000000089c00000, 0x0000000089d00000|  0%| F|  |TAMS 0x0000000089c00000, 0x0000000089c00000| Untracked 
| 157|0x0000000089d00000, 0x0000000089d00000, 0x0000000089e00000|  0%| F|  |TAMS 0x0000000089d00000, 0x0000000089d00000| Untracked 
| 158|0x0000000089e00000, 0x0000000089e00000, 0x0000000089f00000|  0%| F|  |TAMS 0x0000000089e00000, 0x0000000089e00000| Untracked 
| 159|0x0000000089f00000, 0x0000000089f00000, 0x000000008a000000|  0%| F|  |TAMS 0x0000000089f00000, 0x0000000089f00000| Untracked 
| 160|0x000000008a000000, 0x000000008a100000, 0x000000008a100000|100%| S|CS|TAMS 0x000000008a000000, 0x000000008a000000| Complete 
| 161|0x000000008a100000, 0x000000008a200000, 0x000000008a200000|100%| S|CS|TAMS 0x000000008a100000, 0x000000008a100000| Complete 
| 162|0x000000008a200000, 0x000000008a300000, 0x000000008a300000|100%| S|CS|TAMS 0x000000008a200000, 0x000000008a200000| Complete 
| 163|0x000000008a300000, 0x000000008a400000, 0x000000008a400000|100%| S|CS|TAMS 0x000000008a300000, 0x000000008a300000| Complete 
| 164|0x000000008a400000, 0x000000008a500000, 0x000000008a500000|100%| S|CS|TAMS 0x000000008a400000, 0x000000008a400000| Complete 
| 165|0x000000008a500000, 0x000000008a600000, 0x000000008a600000|100%| S|CS|TAMS 0x000000008a500000, 0x000000008a500000| Complete 
| 166|0x000000008a600000, 0x000000008a700000, 0x000000008a700000|100%| S|CS|TAMS 0x000000008a600000, 0x000000008a600000| Complete 
| 167|0x000000008a700000, 0x000000008a700000, 0x000000008a800000|  0%| F|  |TAMS 0x000000008a700000, 0x000000008a700000| Untracked 
| 168|0x000000008a800000, 0x000000008a800000, 0x000000008a900000|  0%| F|  |TAMS 0x000000008a800000, 0x000000008a800000| Untracked 
| 169|0x000000008a900000, 0x000000008a900000, 0x000000008aa00000|  0%| F|  |TAMS 0x000000008a900000, 0x000000008a900000| Untracked 
| 170|0x000000008aa00000, 0x000000008aa00000, 0x000000008ab00000|  0%| F|  |TAMS 0x000000008aa00000, 0x000000008aa00000| Untracked 
| 171|0x000000008ab00000, 0x000000008ab00000, 0x000000008ac00000|  0%| F|  |TAMS 0x000000008ab00000, 0x000000008ab00000| Untracked 
| 172|0x000000008ac00000, 0x000000008ac00000, 0x000000008ad00000|  0%| F|  |TAMS 0x000000008ac00000, 0x000000008ac00000| Untracked 
| 173|0x000000008ad00000, 0x000000008ad00000, 0x000000008ae00000|  0%| F|  |TAMS 0x000000008ad00000, 0x000000008ad00000| Untracked 
| 174|0x000000008ae00000, 0x000000008ae00000, 0x000000008af00000|  0%| F|  |TAMS 0x000000008ae00000, 0x000000008ae00000| Untracked 
| 175|0x000000008af00000, 0x000000008af00000, 0x000000008b000000|  0%| F|  |TAMS 0x000000008af00000, 0x000000008af00000| Untracked 
| 176|0x000000008b000000, 0x000000008b000000, 0x000000008b100000|  0%| F|  |TAMS 0x000000008b000000, 0x000000008b000000| Untracked 
| 177|0x000000008b100000, 0x000000008b100000, 0x000000008b200000|  0%| F|  |TAMS 0x000000008b100000, 0x000000008b100000| Untracked 
| 178|0x000000008b200000, 0x000000008b200000, 0x000000008b300000|  0%| F|  |TAMS 0x000000008b200000, 0x000000008b200000| Untracked 
| 179|0x000000008b300000, 0x000000008b300000, 0x000000008b400000|  0%| F|  |TAMS 0x000000008b300000, 0x000000008b300000| Untracked 
| 180|0x000000008b400000, 0x000000008b400000, 0x000000008b500000|  0%| F|  |TAMS 0x000000008b400000, 0x000000008b400000| Untracked 
| 181|0x000000008b500000, 0x000000008b500000, 0x000000008b600000|  0%| F|  |TAMS 0x000000008b500000, 0x000000008b500000| Untracked 
| 182|0x000000008b600000, 0x000000008b600000, 0x000000008b700000|  0%| F|  |TAMS 0x000000008b600000, 0x000000008b600000| Untracked 
| 183|0x000000008b700000, 0x000000008b700000, 0x000000008b800000|  0%| F|  |TAMS 0x000000008b700000, 0x000000008b700000| Untracked 
| 184|0x000000008b800000, 0x000000008b800000, 0x000000008b900000|  0%| F|  |TAMS 0x000000008b800000, 0x000000008b800000| Untracked 
| 185|0x000000008b900000, 0x000000008b900000, 0x000000008ba00000|  0%| F|  |TAMS 0x000000008b900000, 0x000000008b900000| Untracked 
| 186|0x000000008ba00000, 0x000000008ba00000, 0x000000008bb00000|  0%| F|  |TAMS 0x000000008ba00000, 0x000000008ba00000| Untracked 
| 187|0x000000008bb00000, 0x000000008bb00000, 0x000000008bc00000|  0%| F|  |TAMS 0x000000008bb00000, 0x000000008bb00000| Untracked 
| 188|0x000000008bc00000, 0x000000008bc00000, 0x000000008bd00000|  0%| F|  |TAMS 0x000000008bc00000, 0x000000008bc00000| Untracked 
| 189|0x000000008bd00000, 0x000000008bd00000, 0x000000008be00000|  0%| F|  |TAMS 0x000000008bd00000, 0x000000008bd00000| Untracked 
| 190|0x000000008be00000, 0x000000008be00000, 0x000000008bf00000|  0%| F|  |TAMS 0x000000008be00000, 0x000000008be00000| Untracked 
| 191|0x000000008bf00000, 0x000000008bf00000, 0x000000008c000000|  0%| F|  |TAMS 0x000000008bf00000, 0x000000008bf00000| Untracked 
| 192|0x000000008c000000, 0x000000008c000000, 0x000000008c100000|  0%| F|  |TAMS 0x000000008c000000, 0x000000008c000000| Untracked 
| 193|0x000000008c100000, 0x000000008c100000, 0x000000008c200000|  0%| F|  |TAMS 0x000000008c100000, 0x000000008c100000| Untracked 
| 194|0x000000008c200000, 0x000000008c200000, 0x000000008c300000|  0%| F|  |TAMS 0x000000008c200000, 0x000000008c200000| Untracked 
| 195|0x000000008c300000, 0x000000008c300000, 0x000000008c400000|  0%| F|  |TAMS 0x000000008c300000, 0x000000008c300000| Untracked 
| 196|0x000000008c400000, 0x000000008c400000, 0x000000008c500000|  0%| F|  |TAMS 0x000000008c400000, 0x000000008c400000| Untracked 
| 197|0x000000008c500000, 0x000000008c500000, 0x000000008c600000|  0%| F|  |TAMS 0x000000008c500000, 0x000000008c500000| Untracked 
| 198|0x000000008c600000, 0x000000008c600000, 0x000000008c700000|  0%| F|  |TAMS 0x000000008c600000, 0x000000008c600000| Untracked 
| 199|0x000000008c700000, 0x000000008c700000, 0x000000008c800000|  0%| F|  |TAMS 0x000000008c700000, 0x000000008c700000| Untracked 
| 200|0x000000008c800000, 0x000000008c800000, 0x000000008c900000|  0%| F|  |TAMS 0x000000008c800000, 0x000000008c800000| Untracked 
| 201|0x000000008c900000, 0x000000008c900000, 0x000000008ca00000|  0%| F|  |TAMS 0x000000008c900000, 0x000000008c900000| Untracked 
| 202|0x000000008ca00000, 0x000000008ca00000, 0x000000008cb00000|  0%| F|  |TAMS 0x000000008ca00000, 0x000000008ca00000| Untracked 
| 203|0x000000008cb00000, 0x000000008cb00000, 0x000000008cc00000|  0%| F|  |TAMS 0x000000008cb00000, 0x000000008cb00000| Untracked 
| 204|0x000000008cc00000, 0x000000008cc00000, 0x000000008cd00000|  0%| F|  |TAMS 0x000000008cc00000, 0x000000008cc00000| Untracked 
| 205|0x000000008cd00000, 0x000000008cd00000, 0x000000008ce00000|  0%| F|  |TAMS 0x000000008cd00000, 0x000000008cd00000| Untracked 
| 206|0x000000008ce00000, 0x000000008ce00000, 0x000000008cf00000|  0%| F|  |TAMS 0x000000008ce00000, 0x000000008ce00000| Untracked 
| 207|0x000000008cf00000, 0x000000008cf00000, 0x000000008d000000|  0%| F|  |TAMS 0x000000008cf00000, 0x000000008cf00000| Untracked 
| 208|0x000000008d000000, 0x000000008d000000, 0x000000008d100000|  0%| F|  |TAMS 0x000000008d000000, 0x000000008d000000| Untracked 
| 209|0x000000008d100000, 0x000000008d100000, 0x000000008d200000|  0%| F|  |TAMS 0x000000008d100000, 0x000000008d100000| Untracked 
| 210|0x000000008d200000, 0x000000008d200000, 0x000000008d300000|  0%| F|  |TAMS 0x000000008d200000, 0x000000008d200000| Untracked 
| 211|0x000000008d300000, 0x000000008d300000, 0x000000008d400000|  0%| F|  |TAMS 0x000000008d300000, 0x000000008d300000| Untracked 
| 212|0x000000008d400000, 0x000000008d400000, 0x000000008d500000|  0%| F|  |TAMS 0x000000008d400000, 0x000000008d400000| Untracked 
| 213|0x000000008d500000, 0x000000008d500000, 0x000000008d600000|  0%| F|  |TAMS 0x000000008d500000, 0x000000008d500000| Untracked 
| 214|0x000000008d600000, 0x000000008d600000, 0x000000008d700000|  0%| F|  |TAMS 0x000000008d600000, 0x000000008d600000| Untracked 
| 215|0x000000008d700000, 0x000000008d700000, 0x000000008d800000|  0%| F|  |TAMS 0x000000008d700000, 0x000000008d700000| Untracked 
| 216|0x000000008d800000, 0x000000008d800000, 0x000000008d900000|  0%| F|  |TAMS 0x000000008d800000, 0x000000008d800000| Untracked 
| 217|0x000000008d900000, 0x000000008d900000, 0x000000008da00000|  0%| F|  |TAMS 0x000000008d900000, 0x000000008d900000| Untracked 

Card table byte_map: [0x00000256f9f00000,0x00000256fa300000] _byte_map_base: 0x00000256f9b00000

Marking Bits (Prev, Next): (CMBitMap*) 0x00000256e76834b0, (CMBitMap*) 0x00000256e76834f0
 Prev Bits: [0x00000256fa700000, 0x00000256fc700000)
 Next Bits: [0x00000256fc700000, 0x00000256fe700000)

Polling page: 0x00000256e53e0000

Metaspace:

Usage:
  Non-class:     78.44 MB used.
      Class:     12.48 MB used.
       Both:     90.91 MB used.

Virtual space:
  Non-class space:       80.00 MB reserved,      78.88 MB ( 99%) committed,  10 nodes.
      Class space:        1.00 GB reserved,      12.81 MB (  1%) committed,  1 nodes.
             Both:        1.08 GB reserved,      91.69 MB (  8%) committed. 

Chunk freelists:
   Non-Class:  1008.00 KB
       Class:  3.11 MB
        Both:  4.09 MB

MaxMetaspaceSize: unlimited
CompressedClassSpaceSize: 1.00 GB
Initial GC threshold: 21.00 MB
Current GC threshold: 140.00 MB
CDS: off
MetaspaceReclaimPolicy: balanced
 - commit_granule_bytes: 65536.
 - commit_granule_words: 8192.
 - virtual_space_node_default_size: 1048576.
 - enlarge_chunks_in_place: 1.
 - new_chunks_are_fully_committed: 0.
 - uncommit_free_chunks: 1.
 - use_allocation_guard: 0.
 - handle_deallocations: 1.


Internal statistics:

num_allocs_failed_limit: 3.
num_arena_births: 946.
num_arena_deaths: 0.
num_vsnodes_births: 11.
num_vsnodes_deaths: 0.
num_space_committed: 1466.
num_space_uncommitted: 0.
num_chunks_returned_to_freelist: 3.
num_chunks_taken_from_freelist: 4203.
num_chunk_merges: 3.
num_chunk_splits: 2892.
num_chunks_enlarged: 2085.
num_purges: 0.
num_inconsistent_stats: 0.

CodeHeap 'non-profiled nmethods': size=120000Kb used=4618Kb max_used=4618Kb free=115381Kb
 bounds [0x00000256f25d0000, 0x00000256f2a60000, 0x00000256f9b00000]
CodeHeap 'profiled nmethods': size=120000Kb used=14755Kb max_used=14755Kb free=105244Kb
 bounds [0x00000256eab00000, 0x00000256eb970000, 0x00000256f2030000]
CodeHeap 'non-nmethods': size=5760Kb used=2395Kb max_used=2436Kb free=3364Kb
 bounds [0x00000256f2030000, 0x00000256f22a0000, 0x00000256f25d0000]
 total_blobs=8626 nmethods=7688 adapters=850
 compilation: enabled
              stopped_count=0, restarted_count=0
 full_count=0

Compilation events (20 events):
Event: 22.836 Thread 0x0000025684accc30 nmethod 8450 0x00000256f2a50f10 code [0x00000256f2a51080, 0x00000256f2a51138]
Event: 22.836 Thread 0x0000025684accc30 8489       4       org.jetbrains.kotlin.com.intellij.openapi.vfs.impl.ZipHandlerBase::getOrCreate (305 bytes)
Event: 22.838 Thread 0x00000256ff875f30 8490       3       org.jetbrains.kotlin.com.intellij.util.containers.FactoryMap::get (69 bytes)
Event: 22.839 Thread 0x00000256ff875f30 nmethod 8490 0x00000256eb963690 code [0x00000256eb963920, 0x00000256eb9647a8]
Event: 22.852 Thread 0x00000256ff810060 nmethod 8488 0x00000256f2a51210 code [0x00000256f2a513c0, 0x00000256f2a51e38]
Event: 22.852 Thread 0x00000256ff810060 8491       4       java.util.ArrayList::toArray (57 bytes)
Event: 22.856 Thread 0x00000256ff875f30 8492       3       org.jetbrains.kotlin.com.intellij.openapi.vfs.impl.ArchiveHandler::splitPathAndFix (137 bytes)
Event: 22.858 Thread 0x00000256ff810060 nmethod 8491 0x00000256f2a52210 code [0x00000256f2a523a0, 0x00000256f2a529b8]
Event: 22.858 Thread 0x00000256ff875f30 nmethod 8492 0x00000256eb964c90 code [0x00000256eb965000, 0x00000256eb966298]
Event: 22.858 Thread 0x00000256ff810060 8384       4       org.jetbrains.kotlin.com.intellij.openapi.vfs.impl.ZipHandlerBase::getOrCreate (292 bytes)
Event: 22.858 Thread 0x00000256ff875f30 8497       3       java.util.zip.ZipEntry::isDirectory (10 bytes)
Event: 22.859 Thread 0x00000256ff875f30 nmethod 8497 0x00000256eb966990 code [0x00000256eb966b60, 0x00000256eb966f08]
Event: 22.859 Thread 0x00000256ff875f30 8495       3       java.lang.String::equals (56 bytes)
Event: 22.859 Thread 0x00000256ff875f30 nmethod 8495 0x00000256eb967090 code [0x00000256eb967260, 0x00000256eb9676c8]
Event: 22.860 Thread 0x00000256ff875f30 8494       3       java.lang.String::substring (58 bytes)
Event: 22.860 Thread 0x00000256ff875f30 nmethod 8494 0x00000256eb967790 code [0x00000256eb967980, 0x00000256eb967e28]
Event: 22.860 Thread 0x00000256ff875f30 8493       3       java.lang.String::lastIndexOf (12 bytes)
Event: 22.861 Thread 0x00000256ff875f30 nmethod 8493 0x00000256eb968010 code [0x00000256eb968200, 0x00000256eb9685f8]
Event: 22.861 Thread 0x00000256ff875f30 8496       3       java.lang.String::substring (10 bytes)
Event: 22.861 Thread 0x00000256ff875f30 nmethod 8496 0x00000256eb968790 code [0x00000256eb968940, 0x00000256eb968b88]

GC Heap History (20 events):
Event: 15.904 GC heap after
{Heap after GC invocations=29 (full 0):
 garbage-first heap   total 137216K, used 90372K [0x0000000080000000, 0x0000000100000000)
  region size 1024K, 4 young (4096K), 4 survivors (4096K)
 Metaspace       used 56650K, committed 57280K, reserved 1105920K
  class space    used 7603K, committed 7872K, reserved 1048576K
}
Event: 15.963 GC heap before
{Heap before GC invocations=29 (full 0):
 garbage-first heap   total 137216K, used 91396K [0x0000000080000000, 0x0000000100000000)
  region size 1024K, 6 young (6144K), 4 survivors (4096K)
 Metaspace       used 56921K, committed 57536K, reserved 1105920K
  class space    used 7652K, committed 7936K, reserved 1048576K
}
Event: 15.969 GC heap after
{Heap after GC invocations=30 (full 0):
 garbage-first heap   total 223232K, used 90835K [0x0000000080000000, 0x0000000100000000)
  region size 1024K, 1 young (1024K), 1 survivors (1024K)
 Metaspace       used 56921K, committed 57536K, reserved 1105920K
  class space    used 7652K, committed 7936K, reserved 1048576K
}
Event: 17.889 GC heap before
{Heap before GC invocations=30 (full 0):
 garbage-first heap   total 223232K, used 169683K [0x0000000080000000, 0x0000000100000000)
  region size 1024K, 73 young (74752K), 1 survivors (1024K)
 Metaspace       used 67958K, committed 68672K, reserved 1114112K
  class space    used 9024K, committed 9344K, reserved 1048576K
}
Event: 17.899 GC heap after
{Heap after GC invocations=31 (full 0):
 garbage-first heap   total 223232K, used 100736K [0x0000000080000000, 0x0000000100000000)
  region size 1024K, 8 young (8192K), 8 survivors (8192K)
 Metaspace       used 67958K, committed 68672K, reserved 1114112K
  class space    used 9024K, committed 9344K, reserved 1048576K
}
Event: 17.940 GC heap before
{Heap before GC invocations=31 (full 0):
 garbage-first heap   total 223232K, used 104832K [0x0000000080000000, 0x0000000100000000)
  region size 1024K, 13 young (13312K), 8 survivors (8192K)
 Metaspace       used 67964K, committed 68672K, reserved 1114112K
  class space    used 9024K, committed 9344K, reserved 1048576K
}
Event: 17.949 GC heap after
{Heap after GC invocations=32 (full 0):
 garbage-first heap   total 223232K, used 102712K [0x0000000080000000, 0x0000000100000000)
  region size 1024K, 2 young (2048K), 2 survivors (2048K)
 Metaspace       used 67964K, committed 68672K, reserved 1114112K
  class space    used 9024K, committed 9344K, reserved 1048576K
}
Event: 19.274 GC heap before
{Heap before GC invocations=33 (full 0):
 garbage-first heap   total 223232K, used 159032K [0x0000000080000000, 0x0000000100000000)
  region size 1024K, 55 young (56320K), 2 survivors (2048K)
 Metaspace       used 73009K, committed 73728K, reserved 1114112K
  class space    used 9721K, committed 10048K, reserved 1048576K
}
Event: 19.282 GC heap after
{Heap after GC invocations=34 (full 0):
 garbage-first heap   total 223232K, used 106660K [0x0000000080000000, 0x0000000100000000)
  region size 1024K, 5 young (5120K), 5 survivors (5120K)
 Metaspace       used 73009K, committed 73728K, reserved 1114112K
  class space    used 9721K, committed 10048K, reserved 1048576K
}
Event: 19.396 GC heap before
{Heap before GC invocations=34 (full 0):
 garbage-first heap   total 223232K, used 111780K [0x0000000080000000, 0x0000000100000000)
  region size 1024K, 10 young (10240K), 5 survivors (5120K)
 Metaspace       used 73593K, committed 74304K, reserved 1114112K
  class space    used 9805K, committed 10112K, reserved 1048576K
}
Event: 19.403 GC heap after
{Heap after GC invocations=35 (full 0):
 garbage-first heap   total 223232K, used 106918K [0x0000000080000000, 0x0000000100000000)
  region size 1024K, 1 young (1024K), 1 survivors (1024K)
 Metaspace       used 73593K, committed 74304K, reserved 1114112K
  class space    used 9805K, committed 10112K, reserved 1048576K
}
Event: 20.611 GC heap before
{Heap before GC invocations=35 (full 0):
 garbage-first heap   total 223232K, used 163238K [0x0000000080000000, 0x0000000100000000)
  region size 1024K, 56 young (57344K), 1 survivors (1024K)
 Metaspace       used 79495K, committed 80128K, reserved 1122304K
  class space    used 10595K, committed 10880K, reserved 1048576K
}
Event: 20.621 GC heap after
{Heap after GC invocations=36 (full 0):
 garbage-first heap   total 223232K, used 112130K [0x0000000080000000, 0x0000000100000000)
  region size 1024K, 6 young (6144K), 6 survivors (6144K)
 Metaspace       used 79495K, committed 80128K, reserved 1122304K
  class space    used 10595K, committed 10880K, reserved 1048576K
}
Event: 21.444 GC heap before
{Heap before GC invocations=36 (full 0):
 garbage-first heap   total 223232K, used 158210K [0x0000000080000000, 0x0000000100000000)
  region size 1024K, 53 young (54272K), 6 survivors (6144K)
 Metaspace       used 84511K, committed 85184K, reserved 1130496K
  class space    used 11233K, committed 11520K, reserved 1048576K
}
Event: 21.458 GC heap after
{Heap after GC invocations=37 (full 0):
 garbage-first heap   total 223232K, used 114620K [0x0000000080000000, 0x0000000100000000)
  region size 1024K, 4 young (4096K), 4 survivors (4096K)
 Metaspace       used 84511K, committed 85184K, reserved 1130496K
  class space    used 11233K, committed 11520K, reserved 1048576K
}
Event: 22.460 GC heap before
{Heap before GC invocations=38 (full 0):
 garbage-first heap   total 223232K, used 178108K [0x0000000080000000, 0x0000000100000000)
  region size 1024K, 60 young (61440K), 4 survivors (4096K)
 Metaspace       used 92919K, committed 93568K, reserved 1130496K
  class space    used 12767K, committed 13056K, reserved 1048576K
}
Event: 22.474 GC heap after
{Heap after GC invocations=39 (full 0):
 garbage-first heap   total 223232K, used 125926K [0x0000000080000000, 0x0000000100000000)
  region size 1024K, 8 young (8192K), 8 survivors (8192K)
 Metaspace       used 92919K, committed 93568K, reserved 1130496K
  class space    used 12767K, committed 13056K, reserved 1048576K
}
Event: 22.489 GC heap before
{Heap before GC invocations=39 (full 0):
 garbage-first heap   total 223232K, used 127974K [0x0000000080000000, 0x0000000100000000)
  region size 1024K, 10 young (10240K), 8 survivors (8192K)
 Metaspace       used 92919K, committed 93568K, reserved 1130496K
  class space    used 12767K, committed 13056K, reserved 1048576K
}
Event: 22.500 GC heap after
{Heap after GC invocations=40 (full 0):
 garbage-first heap   total 223232K, used 125423K [0x0000000080000000, 0x0000000100000000)
  region size 1024K, 1 young (1024K), 1 survivors (1024K)
 Metaspace       used 92919K, committed 93568K, reserved 1130496K
  class space    used 12767K, committed 13056K, reserved 1048576K
}
Event: 22.867 GC heap before
{Heap before GC invocations=40 (full 0):
 garbage-first heap   total 223232K, used 175599K [0x0000000080000000, 0x0000000100000000)
  region size 1024K, 51 young (52224K), 1 survivors (1024K)
 Metaspace       used 93094K, committed 93888K, reserved 1130496K
  class space    used 12775K, committed 13120K, reserved 1048576K
}

Dll operation events (2 events):
Event: 0.014 Loaded shared library C:\Program Files\Android\Android Studio\jbr\bin\java.dll
Event: 0.913 Loaded shared library C:\Program Files\Android\Android Studio\jbr\bin\verify.dll

Deoptimization events (20 events):
Event: 22.855 Thread 0x0000025682127030 Uncommon trap: trap_request=0xffffff45 fr.pc=0x00000256f2a35a04 relative=0x0000000000001104
Event: 22.855 Thread 0x0000025682127030 Uncommon trap: reason=unstable_if action=reinterpret pc=0x00000256f2a35a04 method=java.lang.String.lastIndexOf(II)I @ 4 c2
Event: 22.855 Thread 0x0000025682127030 DEOPT PACKING pc=0x00000256f2a35a04 sp=0x00000081343f5170
Event: 22.855 Thread 0x0000025682127030 DEOPT UNPACKING pc=0x00000256f20869a3 sp=0x00000081343f5060 mode 2
Event: 22.855 Thread 0x0000025682127030 Uncommon trap: trap_request=0xffffff45 fr.pc=0x00000256f26b41a0 relative=0x0000000000000180
Event: 22.855 Thread 0x0000025682127030 Uncommon trap: reason=unstable_if action=reinterpret pc=0x00000256f26b41a0 method=java.lang.String.lastIndexOf(II)I @ 4 c2
Event: 22.855 Thread 0x0000025682127030 DEOPT PACKING pc=0x00000256f26b41a0 sp=0x00000081343f5120
Event: 22.855 Thread 0x0000025682127030 DEOPT UNPACKING pc=0x00000256f20869a3 sp=0x00000081343f5050 mode 2
Event: 22.855 Thread 0x0000025682127030 Uncommon trap: trap_request=0xffffff45 fr.pc=0x00000256f2603e68 relative=0x0000000000000448
Event: 22.855 Thread 0x0000025682127030 Uncommon trap: reason=unstable_if action=reinterpret pc=0x00000256f2603e68 method=java.lang.String.substring(II)Ljava/lang/String; @ 31 c2
Event: 22.855 Thread 0x0000025682127030 DEOPT PACKING pc=0x00000256f2603e68 sp=0x00000081343f50e0
Event: 22.855 Thread 0x0000025682127030 DEOPT UNPACKING pc=0x00000256f20869a3 sp=0x00000081343f50b0 mode 2
Event: 22.855 Thread 0x0000025682127030 Uncommon trap: trap_request=0xffffff45 fr.pc=0x00000256f2716858 relative=0x0000000000000438
Event: 22.855 Thread 0x0000025682127030 Uncommon trap: reason=unstable_if action=reinterpret pc=0x00000256f2716858 method=java.lang.String.substring(II)Ljava/lang/String; @ 31 c2
Event: 22.855 Thread 0x0000025682127030 DEOPT PACKING pc=0x00000256f2716858 sp=0x00000081343f50e0
Event: 22.855 Thread 0x0000025682127030 DEOPT UNPACKING pc=0x00000256f20869a3 sp=0x00000081343f5040 mode 2
Event: 22.855 Thread 0x0000025682127030 Uncommon trap: trap_request=0xffffff45 fr.pc=0x00000256f25f8700 relative=0x0000000000000180
Event: 22.855 Thread 0x0000025682127030 Uncommon trap: reason=unstable_if action=reinterpret pc=0x00000256f25f8700 method=java.lang.String.equals(Ljava/lang/Object;)Z @ 33 c2
Event: 22.855 Thread 0x0000025682127030 DEOPT PACKING pc=0x00000256f25f8700 sp=0x00000081343f51c0
Event: 22.855 Thread 0x0000025682127030 DEOPT UNPACKING pc=0x00000256f20869a3 sp=0x00000081343f5150 mode 2

Classes unloaded (0 events):
No events

Classes redefined (0 events):
No events

Internal exceptions (20 events):
Event: 20.323 Thread 0x0000025682127030 Exception <a 'java/lang/ClassNotFoundException'{0x000000008add9100}: org/jetbrains/kotlin/gradle/targets/js/npm/DefaultDevNpmDependencyExtensionCustomizer> (0x000000008add9100) 
thrown [s\src\hotspot\share\classfile\systemDictionary.cpp, line 256]
Event: 20.327 Thread 0x0000025682127030 Exception <a 'java/lang/ClassNotFoundException'{0x000000008ac13dd8}: org/jetbrains/kotlin/gradle/targets/js/npm/DefaultPeerNpmDependencyExtensionBeanInfo> (0x000000008ac13dd8) 
thrown [s\src\hotspot\share\classfile\systemDictionary.cpp, line 256]
Event: 20.328 Thread 0x0000025682127030 Exception <a 'java/lang/ClassNotFoundException'{0x000000008ac20590}: org/jetbrains/kotlin/gradle/targets/js/npm/DefaultPeerNpmDependencyExtensionCustomizer> (0x000000008ac20590) 
thrown [s\src\hotspot\share\classfile\systemDictionary.cpp, line 256]
Event: 20.334 Thread 0x0000025682127030 Exception <a 'java/lang/ClassNotFoundException'{0x000000008ac62608}: org/jetbrains/kotlin/gradle/targets/js/npm/DefaultPeerNpmDependencyExtension$delegate$1BeanInfo> (0x000000008ac62608) 
thrown [s\src\hotspot\share\classfile\systemDictionary.cpp, line 256]
Event: 20.335 Thread 0x0000025682127030 Exception <a 'java/lang/ClassNotFoundException'{0x000000008ac6f088}: org/jetbrains/kotlin/gradle/targets/js/npm/DefaultPeerNpmDependencyExtension$delegate$1Customizer> (0x000000008ac6f088) 
thrown [s\src\hotspot\share\classfile\systemDictionary.cpp, line 256]
Event: 20.875 Thread 0x0000025682127030 Exception <a 'java/lang/NoSuchMethodError'{0x000000008c83bd60}: 'void java.lang.invoke.DirectMethodHandle$Holder.invokeVirtual(java.lang.Object, java.lang.Object)'> (0x000000008c83bd60) 
thrown [s\src\hotspot\share\interpreter\linkResolver.cpp, line 771]
Event: 20.989 Thread 0x0000025682127030 Exception <a 'java/lang/NoSuchMethodError'{0x000000008c26b9f0}: 'int java.lang.invoke.DelegatingMethodHandle$Holder.reinvoke_L(java.lang.Object, java.lang.Object, java.lang.Object, long, int, int)'> (0x000000008c26b9f0) 
thrown [s\src\hotspot\share\interpreter\linkResolver.cpp, line 771]
Event: 20.991 Thread 0x0000025682127030 Exception <a 'java/lang/NoSuchMethodError'{0x000000008c27bbb0}: 'int java.lang.invoke.DelegatingMethodHandle$Holder.reinvoke_L(java.lang.Object, java.lang.Object, java.lang.Object, long, long, long)'> (0x000000008c27bbb0) 
thrown [s\src\hotspot\share\interpreter\linkResolver.cpp, line 771]
Event: 20.993 Thread 0x0000025682127030 Exception <a 'java/lang/NoSuchMethodError'{0x000000008c28beb0}: 'int java.lang.invoke.DelegatingMethodHandle$Holder.reinvoke_L(java.lang.Object, java.lang.Object, java.lang.Object, long, java.lang.Object, java.lang.Object)'> (0x000000008c28beb0) 
thrown [s\src\hotspot\share\interpreter\linkResolver.cpp, line 771]
Event: 20.994 Thread 0x0000025682127030 Exception <a 'java/lang/NoSuchMethodError'{0x000000008c29bda8}: 'void java.lang.invoke.DelegatingMethodHandle$Holder.reinvoke_L(java.lang.Object, java.lang.Object, java.lang.Object, long, java.lang.Object)'> (0x000000008c29bda8) 
thrown [s\src\hotspot\share\interpreter\linkResolver.cpp, line 771]
Event: 20.994 Thread 0x0000025682127030 Exception <a 'java/lang/NoSuchMethodError'{0x000000008c2a4698}: 'java.lang.Object java.lang.invoke.DirectMethodHandle$Holder.invokeSpecial(java.lang.Object, java.lang.Object, java.lang.Object, java.lang.Object, long)'> (0x000000008c2a4698) 
thrown [s\src\hotspot\share\interpreter\linkResolver.cpp, line 771]
Event: 20.997 Thread 0x0000025682127030 Exception <a 'java/lang/NoSuchMethodError'{0x000000008c2c9540}: 'long java.lang.invoke.Invokers$Holder.invoke_MT(java.lang.Object, java.lang.Object, java.lang.Object, java.lang.Object)'> (0x000000008c2c9540) 
thrown [s\src\hotspot\share\interpreter\linkResolver.cpp, line 771]
Event: 20.999 Thread 0x0000025682127030 Exception <a 'java/lang/NoSuchMethodError'{0x000000008c2d2608}: 'int java.lang.invoke.Invokers$Holder.invoke_MT(java.lang.Object, java.lang.Object, java.lang.Object, java.lang.Object)'> (0x000000008c2d2608) 
thrown [s\src\hotspot\share\interpreter\linkResolver.cpp, line 771]
Event: 21.001 Thread 0x0000025682127030 Exception <a 'java/lang/NoSuchMethodError'{0x000000008c2e3550}: 'int java.lang.invoke.DelegatingMethodHandle$Holder.reinvoke_L(java.lang.Object, java.lang.Object, java.lang.Object, long, int)'> (0x000000008c2e3550) 
thrown [s\src\hotspot\share\interpreter\linkResolver.cpp, line 771]
Event: 21.003 Thread 0x0000025682127030 Exception <a 'java/lang/NoSuchMethodError'{0x000000008c2f6b00}: 'java.lang.Object java.lang.invoke.Invokers$Holder.invokeExact_MT(java.lang.Object, java.lang.Object, long, java.lang.Object)'> (0x000000008c2f6b00) 
thrown [s\src\hotspot\share\interpreter\linkResolver.cpp, line 771]
Event: 21.190 Thread 0x0000025682127030 Exception <a 'java/lang/NoSuchMethodError'{0x000000008baff2d0}: 'java.lang.Object java.lang.invoke.DirectMethodHandle$Holder.invokeStaticInit(java.lang.Object, int)'> (0x000000008baff2d0) 
thrown [s\src\hotspot\share\interpreter\linkResolver.cpp, line 771]
Event: 21.237 Thread 0x0000025682127030 Exception <a 'java/lang/NoSuchMethodError'{0x000000008b7e16a0}: 'long java.lang.invoke.DirectMethodHandle$Holder.invokeStatic(java.lang.Object)'> (0x000000008b7e16a0) 
thrown [s\src\hotspot\share\interpreter\linkResolver.cpp, line 771]
Event: 21.237 Thread 0x0000025682127030 Exception <a 'java/lang/NoSuchMethodError'{0x000000008b7e6240}: 'long java.lang.invoke.DirectMethodHandle$Holder.invokeStaticInit(java.lang.Object)'> (0x000000008b7e6240) 
thrown [s\src\hotspot\share\interpreter\linkResolver.cpp, line 771]
Event: 22.361 Thread 0x0000025682127030 Exception <a 'java/lang/NoSuchMethodError'{0x000000008adb1af0}: 'java.lang.Object java.lang.invoke.Invokers$Holder.invoke_MT(java.lang.Object, java.lang.Object, java.lang.Object)'> (0x000000008adb1af0) 
thrown [s\src\hotspot\share\interpreter\linkResolver.cpp, line 771]
Event: 22.664 Thread 0x0000025682127030 Implicit null exception at 0x00000256f2a3a1f9 to 0x00000256f2a3b180

VM Operations (20 events):
Event: 21.362 Executing VM operation: HandshakeAllThreads done
Event: 21.363 Executing VM operation: HandshakeAllThreads
Event: 21.363 Executing VM operation: HandshakeAllThreads done
Event: 21.444 Executing VM operation: G1TryInitiateConcMark
Event: 21.458 Executing VM operation: G1TryInitiateConcMark done
Event: 21.560 Executing VM operation: HandshakeAllThreads
Event: 21.560 Executing VM operation: HandshakeAllThreads done
Event: 21.591 Executing VM operation: G1Concurrent
Event: 21.599 Executing VM operation: G1Concurrent done
Event: 21.651 Executing VM operation: G1Concurrent
Event: 21.652 Executing VM operation: G1Concurrent done
Event: 22.149 Executing VM operation: HandshakeAllThreads
Event: 22.149 Executing VM operation: HandshakeAllThreads done
Event: 22.386 Executing VM operation: HandshakeAllThreads
Event: 22.386 Executing VM operation: HandshakeAllThreads done
Event: 22.460 Executing VM operation: G1CollectForAllocation
Event: 22.474 Executing VM operation: G1CollectForAllocation done
Event: 22.489 Executing VM operation: G1CollectForAllocation
Event: 22.500 Executing VM operation: G1CollectForAllocation done
Event: 22.866 Executing VM operation: G1CollectForAllocation

Events (20 events):
Event: 22.353 loading class java/io/IOError done
Event: 22.360 loading class java/nio/channels/FileChannel$MapMode
Event: 22.360 loading class java/nio/channels/FileChannel$MapMode done
Event: 22.360 loading class jdk/internal/misc/ExtendedMapMode
Event: 22.360 loading class jdk/internal/misc/ExtendedMapMode done
Event: 22.361 loading class sun/nio/ch/FileChannelImpl$DefaultUnmapper
Event: 22.361 loading class sun/nio/ch/FileChannelImpl$Unmapper
Event: 22.362 loading class jdk/internal/access/foreign/UnmapperProxy
Event: 22.362 loading class jdk/internal/access/foreign/UnmapperProxy done
Event: 22.362 loading class sun/nio/ch/FileChannelImpl$Unmapper done
Event: 22.362 loading class sun/nio/ch/FileChannelImpl$DefaultUnmapper done
Event: 22.362 loading class sun/nio/ch/Util$4
Event: 22.362 loading class sun/nio/ch/Util$4 done
Event: 22.363 loading class java/io/UTFDataFormatException
Event: 22.363 loading class java/io/UTFDataFormatException done
Event: 22.385 loading class java/nio/file/attribute/DosFileAttributeView
Event: 22.385 loading class java/nio/file/attribute/DosFileAttributeView done
Event: 22.385 loading class sun/nio/fs/WindowsFileAttributeViews$Dos
Event: 22.385 loading class sun/nio/fs/WindowsFileAttributeViews$Dos done
Event: 22.435 Thread 0x0000025684accc30 Thread added: 0x0000025684accc30


Dynamic libraries:
0x00007ff7af840000 - 0x00007ff7af84a000 	C:\Program Files\Android\Android Studio\jbr\bin\java.exe
0x00007ff987c70000 - 0x00007ff987e64000 	C:\Windows\SYSTEM32\ntdll.dll
0x00007ff986740000 - 0x00007ff9867fd000 	C:\Windows\System32\KERNEL32.DLL
0x00007ff9853c0000 - 0x00007ff985687000 	C:\Windows\System32\KERNELBASE.dll
0x00007ff985730000 - 0x00007ff985830000 	C:\Windows\System32\ucrtbase.dll
0x00007ff97ff80000 - 0x00007ff97ff97000 	C:\Program Files\Android\Android Studio\jbr\bin\jli.dll
0x00007ff973bb0000 - 0x00007ff973bcb000 	C:\Program Files\Android\Android Studio\jbr\bin\VCRUNTIME140.dll
0x00007ff9878d0000 - 0x00007ff987a70000 	C:\Windows\System32\USER32.dll
0x00007ff975210000 - 0x00007ff9754aa000 	C:\Windows\WinSxS\amd64_microsoft.windows.common-controls_6595b64144ccf1df_6.0.19041.1_none_b555e41d4684ddec\COMCTL32.dll
0x00007ff985c60000 - 0x00007ff985c82000 	C:\Windows\System32\win32u.dll
0x00007ff986210000 - 0x00007ff9862ae000 	C:\Windows\System32\msvcrt.dll
0x00007ff987a70000 - 0x00007ff987a9a000 	C:\Windows\System32\GDI32.dll
0x00007ff985ad0000 - 0x00007ff985bd9000 	C:\Windows\System32\gdi32full.dll
0x00007ff985690000 - 0x00007ff98572d000 	C:\Windows\System32\msvcp_win.dll
0x00007ff9861e0000 - 0x00007ff986210000 	C:\Windows\System32\IMM32.DLL
0x00007ff97eaa0000 - 0x00007ff97eaac000 	C:\Program Files\Android\Android Studio\jbr\bin\vcruntime140_1.dll
0x00007ff969c20000 - 0x00007ff969cad000 	C:\Program Files\Android\Android Studio\jbr\bin\msvcp140.dll
0x00007ff95a160000 - 0x00007ff95adce000 	C:\Program Files\Android\Android Studio\jbr\bin\server\jvm.dll
0x00007ff9862b0000 - 0x00007ff98635a000 	C:\Windows\System32\ADVAPI32.dll
0x00007ff986360000 - 0x00007ff9863fb000 	C:\Windows\System32\sechost.dll
0x00007ff986600000 - 0x00007ff986723000 	C:\Windows\System32\RPCRT4.dll
0x00007ff971430000 - 0x00007ff971439000 	C:\Windows\SYSTEM32\WSOCK32.dll
0x00007ff986940000 - 0x00007ff9869ab000 	C:\Windows\System32\WS2_32.dll
0x00007ff976c50000 - 0x00007ff976c77000 	C:\Windows\SYSTEM32\WINMM.dll
0x00007ff97a340000 - 0x00007ff97a34a000 	C:\Windows\SYSTEM32\VERSION.dll
0x00007ff983310000 - 0x00007ff983323000 	C:\Windows\SYSTEM32\kernel.appcore.dll
0x00007ff9812c0000 - 0x00007ff9812ca000 	C:\Program Files\Android\Android Studio\jbr\bin\jimage.dll
0x00007ff96f1e0000 - 0x00007ff96f3c4000 	C:\Windows\SYSTEM32\DBGHELP.DLL
0x00007ff96f170000 - 0x00007ff96f19c000 	C:\Windows\SYSTEM32\dbgcore.DLL
0x00007ff985be0000 - 0x00007ff985c5f000 	C:\Windows\System32\bcryptPrimitives.dll
0x00007ff981250000 - 0x00007ff981275000 	C:\Program Files\Android\Android Studio\jbr\bin\java.dll
0x00007ff9812a0000 - 0x00007ff9812b8000 	C:\Program Files\Android\Android Studio\jbr\bin\zip.dll
0x00007ff9869c0000 - 0x00007ff9870f1000 	C:\Windows\System32\SHELL32.dll
0x00007ff983510000 - 0x00007ff983c9a000 	C:\Windows\SYSTEM32\windows.storage.dll
0x00007ff987390000 - 0x00007ff9876e4000 	C:\Windows\System32\combase.dll
0x00007ff984d00000 - 0x00007ff984d2b000 	C:\Windows\SYSTEM32\Wldp.dll
0x00007ff9876f0000 - 0x00007ff98779e000 	C:\Windows\System32\SHCORE.dll
0x00007ff9868e0000 - 0x00007ff986935000 	C:\Windows\System32\shlwapi.dll
0x00007ff985300000 - 0x00007ff98531f000 	C:\Windows\SYSTEM32\profapi.dll
0x00007ff980610000 - 0x00007ff980629000 	C:\Program Files\Android\Android Studio\jbr\bin\net.dll
0x00007ff97d930000 - 0x00007ff97da30000 	C:\Windows\SYSTEM32\WINHTTP.dll
0x00007ff984af0000 - 0x00007ff984b5a000 	C:\Windows\system32\mswsock.dll
0x00007ff980360000 - 0x00007ff980376000 	C:\Program Files\Android\Android Studio\jbr\bin\nio.dll
0x00007ff980600000 - 0x00007ff980610000 	C:\Program Files\Android\Android Studio\jbr\bin\verify.dll
0x00007ff97ea10000 - 0x00007ff97ea37000 	D:\DOWNLOADS\JetPlayer\native\68d5fa5c4cc2d200863cafc0d521ce42e7d3e7ee720ec0a83991735586a16f82\windows-amd64\native-platform.dll
0x00007ff95b070000 - 0x00007ff95b1b4000 	D:\DOWNLOADS\JetPlayer\native\e376f236ea51e6404a007f0833ffe2c6e607c4080706a723a18a27aeea778392\windows-amd64\native-platform-file-events.dll
0x00007ff980350000 - 0x00007ff980359000 	C:\Program Files\Android\Android Studio\jbr\bin\management.dll
0x00007ff980210000 - 0x00007ff98021b000 	C:\Program Files\Android\Android Studio\jbr\bin\management_ext.dll
0x00007ff986730000 - 0x00007ff986738000 	C:\Windows\System32\PSAPI.DLL
0x00007ff9850a0000 - 0x00007ff9850b8000 	C:\Windows\SYSTEM32\CRYPTSP.dll
0x00007ff9844a0000 - 0x00007ff9844d4000 	C:\Windows\system32\rsaenh.dll
0x00007ff9859f0000 - 0x00007ff985a17000 	C:\Windows\System32\bcrypt.dll
0x00007ff985280000 - 0x00007ff9852ae000 	C:\Windows\SYSTEM32\USERENV.dll
0x00007ff984c70000 - 0x00007ff984c7c000 	C:\Windows\SYSTEM32\CRYPTBASE.dll
0x00007ff984800000 - 0x00007ff98483b000 	C:\Windows\SYSTEM32\IPHLPAPI.DLL
0x00007ff986400000 - 0x00007ff986409000 	C:\Windows\System32\NSI.dll
0x00007ff97f3a0000 - 0x00007ff97f3b7000 	C:\Windows\SYSTEM32\dhcpcsvc6.DLL
0x00007ff97f380000 - 0x00007ff97f39d000 	C:\Windows\SYSTEM32\dhcpcsvc.DLL
0x00007ff984840000 - 0x00007ff98490a000 	C:\Windows\SYSTEM32\DNSAPI.dll
0x00007ff980200000 - 0x00007ff980207000 	C:\Windows\system32\wshunix.dll

dbghelp: loaded successfully - version: 4.0.5 - missing functions: none
symbol engine: initialized successfully - sym options: 0x614 - pdb path: .;C:\Program Files\Android\Android Studio\jbr\bin;C:\Windows\SYSTEM32;C:\Windows\WinSxS\amd64_microsoft.windows.common-controls_6595b64144ccf1df_6.0.19041.1_none_b555e41d4684ddec;C:\Program Files\Android\Android Studio\jbr\bin\server;D:\DOWNLOADS\JetPlayer\native\68d5fa5c4cc2d200863cafc0d521ce42e7d3e7ee720ec0a83991735586a16f82\windows-amd64;D:\DOWNLOADS\JetPlayer\native\e376f236ea51e6404a007f0833ffe2c6e607c4080706a723a18a27aeea778392\windows-amd64

VM Arguments:
jvm_args: --add-opens=java.base/java.util=ALL-UNNAMED --add-opens=java.base/java.lang=ALL-UNNAMED --add-opens=java.base/java.lang.invoke=ALL-UNNAMED --add-opens=java.prefs/java.util.prefs=ALL-UNNAMED --add-opens=java.base/java.nio.charset=ALL-UNNAMED --add-opens=java.base/java.net=ALL-UNNAMED --add-opens=java.base/java.util.concurrent.atomic=ALL-UNNAMED -Xmx2048m -Dfile.encoding=UTF-8 -Duser.country=US -Duser.language=en -Duser.variant 
java_command: org.gradle.launcher.daemon.bootstrap.GradleDaemon 8.0
java_class_path (initial): D:\DOWNLOADS\JetPlayer\wrapper\dists\gradle-8.0-bin\ca5e32bp14vu59qr306oxotwh\gradle-8.0\lib\gradle-launcher-8.0.jar
Launcher Type: SUN_STANDARD

[Global flags]
     intx CICompilerCount                          = 3                                         {product} {ergonomic}
     uint ConcGCThreads                            = 1                                         {product} {ergonomic}
     uint G1ConcRefinementThreads                  = 4                                         {product} {ergonomic}
   size_t G1HeapRegionSize                         = 1048576                                   {product} {ergonomic}
    uintx GCDrainStackTargetSize                   = 64                                        {product} {ergonomic}
   size_t InitialHeapSize                          = 132120576                                 {product} {ergonomic}
   size_t MarkStackSize                            = 4194304                                   {product} {ergonomic}
   size_t MaxHeapSize                              = 2147483648                                {product} {command line}
   size_t MaxNewSize                               = 1287651328                                {product} {ergonomic}
   size_t MinHeapDeltaBytes                        = 1048576                                   {product} {ergonomic}
   size_t MinHeapSize                              = 8388608                                   {product} {ergonomic}
    uintx NonNMethodCodeHeapSize                   = 5832780                                {pd product} {ergonomic}
    uintx NonProfiledCodeHeapSize                  = 122912730                              {pd product} {ergonomic}
    uintx ProfiledCodeHeapSize                     = 122912730                              {pd product} {ergonomic}
    uintx ReservedCodeCacheSize                    = 251658240                              {pd product} {ergonomic}
     bool SegmentedCodeCache                       = true                                      {product} {ergonomic}
   size_t SoftMaxHeapSize                          = 2147483648                             {manageable} {ergonomic}
     bool UseCompressedClassPointers               = true                           {product lp64_product} {ergonomic}
     bool UseCompressedOops                        = true                           {product lp64_product} {ergonomic}
     bool UseG1GC                                  = true                                      {product} {ergonomic}
     bool UseLargePagesIndividualAllocation        = false                                  {pd product} {ergonomic}

Logging:
Log output configuration:
 #0: stdout all=warning uptime,level,tags
 #1: stderr all=off uptime,level,tags

Environment Variables:
JAVA_HOME=C:\Program Files\Zulu\zulu-17
PATH=C:\Program Files\Zulu\zulu-17\bin\;C:\Program Files\Common Files\Oracle\Java\javapath;C:\Program Files (x86)\Common Files\Oracle\Java\javapath;C:\Program Files\Zulu\zulu-8\bin\;C:\ProgramData\Oracle\Java\javapath;C:\Windows\system32;C:\Windows;C:\Windows\System32\Wbem;C:\Windows\System32\WindowsPowerShell\v1.0\;C:\Windows\System32\OpenSSH\;C:\Program Files (x86)\dotnet\;C:\Program Files\dotnet\;C:\Program Files (x86)\QuickTime\QTSystem\;D:\DOWNLOADS\gradle-8.3-all\gradle-8.3\bin;C:\Program Files\Git\cmd;C:\Program Files\Java\jdk-21\bin;C:\Users\ACER\AppData\Local\Microsoft\WindowsApps;C:\Users\ACER\AppData\Local\Programs\Microsoft VS Code\bin;C:\Program Files\Java\jdk-21\bin;
USERNAME=ACER
OS=Windows_NT
PROCESSOR_IDENTIFIER=Intel64 Family 6 Model 58 Stepping 9, GenuineIntel
TMP=C:\Users\ACER\AppData\Local\Temp
TEMP=C:\Users\ACER\AppData\Local\Temp


JNI global refs:
JNI global refs: 25, weak refs: 3

JNI global refs memory usage: 843, weak refs: 841


---------------  S Y S T E M  ---------------

OS:
 Windows 10 , 64 bit Build 19041 (10.0.19041.207)
OS uptime: 0 days 3:41 hours
Hyper-V role detected

CPU: total 4 (initial active 4) (2 cores per cpu, 2 threads per core) family 6 model 58 stepping 9 microcode 0x21, cx8, cmov, fxsr, ht, mmx, sse, sse2, sse3, ssse3, sse4.1, sse4.2, popcnt, tsc, tscinvbit, avx, aes, erms, clmul, vzeroupper, clflush, hv

Memory: 4k page, system-wide physical 8030M (1301M free)
TotalPageFile size 10078M (AvailPageFile size 110M)
current process WorkingSet (physical memory assigned to process): 453M, peak: 454M
current process commit charge ("private bytes"): 486M, peak: 715M

vm_info: OpenJDK 64-Bit Server VM (17.0.6+0-b2043.56-10027231) for windows-amd64 JRE (17.0.6+0-b2043.56-10027231), built on Apr 28 2023 00:43:19 by "androidbuild" with MS VC++ 16.10 / 16.11 (VS2019)

END.
