#
# There is insufficient memory for the Java Runtime Environment to continue.
# Native memory allocation (malloc) failed to allocate 1884096 bytes for Chunk::new
# Possible reasons:
#   The system is out of physical RAM or swap space
#   The process is running with CompressedOops enabled, and the Java Heap may be blocking the growth of the native heap
# Possible solutions:
#   Reduce memory load on the system
#   Increase physical memory or swap space
#   Check if swap backing store is full
#   Decrease Java heap size (-Xmx/-Xms)
#   Decrease number of Java threads
#   Decrease Java thread stack sizes (-Xss)
#   Set larger code cache with -XX:ReservedCodeCacheSize=
#   JVM is running with Unscaled Compressed Oops mode in which the Java heap is
#     placed in the first 4GB address space. The Java Heap base address is the
#     maximum limit for the native heap growth. Please use -XX:HeapBaseMinAddress
#     to set the Java Heap base and to place the Java Heap above 4GB virtual address.
# This output file may be truncated or incomplete.
#
#  Out of Memory Error (arena.cpp:191), pid=5504, tid=3340
#
# JRE version: OpenJDK Runtime Environment Zulu17.46+19-CA (17.0.9+8) (build 17.0.9+8-LTS)
# Java VM: OpenJDK 64-Bit Server VM Zulu17.46+19-CA (17.0.9+8-LTS, mixed mode, sharing, tiered, compressed oops, compressed class ptrs, g1 gc, windows-amd64)
# No core dump will be written. Minidumps are not enabled by default on client versions of Windows
#

---------------  S U M M A R Y ------------

Command Line: --add-opens=java.base/java.util=ALL-UNNAMED --add-opens=java.base/java.lang=ALL-UNNAMED --add-opens=java.base/java.lang.invoke=ALL-UNNAMED --add-opens=java.prefs/java.util.prefs=ALL-UNNAMED --add-opens=java.base/java.nio.charset=ALL-UNNAMED --add-opens=java.base/java.net=ALL-UNNAMED --add-opens=java.base/java.util.concurrent.atomic=ALL-UNNAMED -Xmx2048m -Dfile.encoding=UTF-8 -Duser.country=US -Duser.language=en -Duser.variant org.gradle.launcher.daemon.bootstrap.GradleDaemon 8.0

Host: Intel(R) Core(TM) i5-3210M CPU @ 2.50GHz, 4 cores, 7G,  Windows 10 , 64 bit Build 19041 (10.0.19041.207)
Time: Mon Jan 22 16:57:26 2024 SE Asia Standard Time elapsed time: 10.555440 seconds (0d 0h 0m 10s)

---------------  T H R E A D  ---------------

Current thread (0x0000025820e7b720):  JavaThread "C2 CompilerThread0" daemon [_thread_in_native, id=3340, stack(0x000000d014500000,0x000000d014600000)]


Current CompileTask:
C2:  10555 2381   !   4       java.net.URLClassLoader$1::run (81 bytes)

Stack: [0x000000d014500000,0x000000d014600000]
Native frames: (J=compiled Java code, j=interpreted, Vv=VM code, C=native code)
V  [jvm.dll+0x681239]
V  [jvm.dll+0x838dba]
V  [jvm.dll+0x83a87e]
V  [jvm.dll+0x83aee3]
V  [jvm.dll+0x24b92f]
V  [jvm.dll+0xac43c]
V  [jvm.dll+0xaca8c]
V  [jvm.dll+0x36b217]
V  [jvm.dll+0x334d3a]
V  [jvm.dll+0x3341da]
V  [jvm.dll+0x21a701]
V  [jvm.dll+0x219b21]
V  [jvm.dll+0x1a58ad]
V  [jvm.dll+0x229909]
V  [jvm.dll+0x227acc]
V  [jvm.dll+0x7edea7]
V  [jvm.dll+0x7e825a]
V  [jvm.dll+0x680125]
C  [ucrtbase.dll+0x21542]
C  [KERNEL32.DLL+0x16fd4]
C  [ntdll.dll+0x4cec1]


---------------  P R O C E S S  ---------------

Threads class SMR info:
_java_thread_list=0x00000258691ea990, length=27, elements={
0x00000258033155e0, 0x0000025820e65370, 0x0000025820e66db0, 0x0000025820e74f90,
0x0000025820e78890, 0x0000025820e79170, 0x0000025820e7aa60, 0x0000025820e7b720,
0x0000025820e80100, 0x0000025820ef9160, 0x00000258660c1a00, 0x00000258660ce540,
0x0000025867e9a580, 0x000002586704a370, 0x0000025867fb1230, 0x0000025868510010,
0x0000025868510500, 0x0000025867ca25a0, 0x0000025867ca4910, 0x0000025867ca2fc0,
0x0000025867ca5330, 0x0000025867ca5840, 0x0000025867ca2ab0, 0x0000025867ca4e20,
0x0000025867ca34d0, 0x0000025867ca39e0, 0x0000025866f466e0
}

Java Threads: ( => current thread )
  0x00000258033155e0 JavaThread "main" [_thread_blocked, id=4384, stack(0x000000d013800000,0x000000d013900000)]
  0x0000025820e65370 JavaThread "Reference Handler" daemon [_thread_blocked, id=1140, stack(0x000000d013f00000,0x000000d014000000)]
  0x0000025820e66db0 JavaThread "Finalizer" daemon [_thread_blocked, id=7124, stack(0x000000d014000000,0x000000d014100000)]
  0x0000025820e74f90 JavaThread "Signal Dispatcher" daemon [_thread_blocked, id=11200, stack(0x000000d014100000,0x000000d014200000)]
  0x0000025820e78890 JavaThread "Attach Listener" daemon [_thread_blocked, id=8804, stack(0x000000d014200000,0x000000d014300000)]
  0x0000025820e79170 JavaThread "Service Thread" daemon [_thread_blocked, id=8848, stack(0x000000d014300000,0x000000d014400000)]
  0x0000025820e7aa60 JavaThread "Monitor Deflation Thread" daemon [_thread_blocked, id=3024, stack(0x000000d014400000,0x000000d014500000)]
=>0x0000025820e7b720 JavaThread "C2 CompilerThread0" daemon [_thread_in_native, id=3340, stack(0x000000d014500000,0x000000d014600000)]
  0x0000025820e80100 JavaThread "C1 CompilerThread0" daemon [_thread_blocked, id=7920, stack(0x000000d014600000,0x000000d014700000)]
  0x0000025820ef9160 JavaThread "Sweeper thread" daemon [_thread_blocked, id=9388, stack(0x000000d014700000,0x000000d014800000)]
  0x00000258660c1a00 JavaThread "Common-Cleaner" daemon [_thread_blocked, id=1744, stack(0x000000d014800000,0x000000d014900000)]
  0x00000258660ce540 JavaThread "Notification Thread" daemon [_thread_blocked, id=2040, stack(0x000000d014900000,0x000000d014a00000)]
  0x0000025867e9a580 JavaThread "Daemon health stats" [_thread_blocked, id=7412, stack(0x000000d014f00000,0x000000d015000000)]
  0x000002586704a370 JavaThread "Incoming local TCP Connector on port 52958" [_thread_in_native, id=6184, stack(0x000000d014d00000,0x000000d014e00000)]
  0x0000025867fb1230 JavaThread "Daemon periodic checks" [_thread_blocked, id=6080, stack(0x000000d015000000,0x000000d015100000)]
  0x0000025868510010 JavaThread "Daemon" [_thread_blocked, id=6552, stack(0x000000d015100000,0x000000d015200000)]
  0x0000025868510500 JavaThread "Handler for socket connection from /127.0.0.1:52958 to /127.0.0.1:52959" [_thread_in_native, id=4696, stack(0x000000d015200000,0x000000d015300000)]
  0x0000025867ca25a0 JavaThread "Cancel handler" [_thread_blocked, id=8324, stack(0x000000d015300000,0x000000d015400000)]
  0x0000025867ca4910 JavaThread "Daemon worker" [_thread_in_vm, id=2076, stack(0x000000d015400000,0x000000d015500000)]
  0x0000025867ca2fc0 JavaThread "Asynchronous log dispatcher for DefaultDaemonConnection: socket connection from /127.0.0.1:52958 to /127.0.0.1:52959" [_thread_blocked, id=1972, stack(0x000000d015500000,0x000000d015600000)]
  0x0000025867ca5330 JavaThread "Stdin handler" [_thread_blocked, id=2360, stack(0x000000d015600000,0x000000d015700000)]
  0x0000025867ca5840 JavaThread "Daemon client event forwarder" [_thread_blocked, id=4300, stack(0x000000d015700000,0x000000d015800000)]
  0x0000025867ca2ab0 JavaThread "Cache worker for journal cache (D:\DOWNLOADS\JetPlayer\caches\journal-1)" [_thread_blocked, id=6464, stack(0x000000d015800000,0x000000d015900000)]
  0x0000025867ca4e20 JavaThread "File lock request listener" [_thread_in_native, id=10356, stack(0x000000d015900000,0x000000d015a00000)]
  0x0000025867ca34d0 JavaThread "File lock release action executor" [_thread_blocked, id=8480, stack(0x000000d015a00000,0x000000d015b00000)]
  0x0000025867ca39e0 JavaThread "Cache worker for file hash cache (D:\DOWNLOADS\JetPlayer\caches\8.0\fileHashes)" [_thread_blocked, id=1012, stack(0x000000d015b00000,0x000000d015c00000)]
  0x0000025866f466e0 JavaThread "C2 CompilerThread1" daemon [_thread_in_native, id=3540, stack(0x000000d015c00000,0x000000d015d00000)]

Other Threads:
  0x0000025820e5ebd0 VMThread "VM Thread" [stack: 0x000000d013e00000,0x000000d013f00000] [id=4956]
  0x00000258660cea30 WatcherThread [stack: 0x000000d014a00000,0x000000d014b00000] [id=7976]
  0x000002580336e860 GCTaskThread "GC Thread#0" [stack: 0x000000d013900000,0x000000d013a00000] [id=10020]
  0x00000258665b7ae0 GCTaskThread "GC Thread#1" [stack: 0x000000d014b00000,0x000000d014c00000] [id=5012]
  0x000002586647a350 GCTaskThread "GC Thread#2" [stack: 0x000000d014c00000,0x000000d014d00000] [id=3396]
  0x0000025866ec6ad0 GCTaskThread "GC Thread#3" [stack: 0x000000d014e00000,0x000000d014f00000] [id=2648]
  0x000002580337f6d0 ConcurrentGCThread "G1 Main Marker" [stack: 0x000000d013a00000,0x000000d013b00000] [id=7980]
  0x0000025803381010 ConcurrentGCThread "G1 Conc#0" [stack: 0x000000d013b00000,0x000000d013c00000] [id=11236]
  0x00000258033d9980 ConcurrentGCThread "G1 Refine#0" [stack: 0x000000d013c00000,0x000000d013d00000] [id=8248]
  0x0000025820d20490 ConcurrentGCThread "G1 Service" [stack: 0x000000d013d00000,0x000000d013e00000] [id=9944]

Threads with active compile tasks:
C2 CompilerThread0    10609 2381   !   4       java.net.URLClassLoader$1::run (81 bytes)
C2 CompilerThread1    10609 2383   !   4       java.net.URLClassLoader::findClass (47 bytes)

VM state: not at safepoint (normal execution)

VM Mutex/Monitor currently owned by a thread: None

Heap address: 0x0000000080000000, size: 2048 MB, Compressed Oops mode: 32-bit

CDS archive(s) mapped at: [0x0000025821000000-0x0000025821bd0000-0x0000025821bd0000), size 12386304, SharedBaseAddress: 0x0000025821000000, ArchiveRelocationMode: 1.
Compressed class space mapped at: 0x0000025822000000-0x0000025862000000, reserved size: 1073741824
Narrow klass base: 0x0000025821000000, Narrow klass shift: 0, Narrow klass range: 0x100000000

GC Precious Log:
 CPUs: 4 total, 4 available
 Memory: 8030M
 Large Page Support: Disabled
 NUMA Support: Disabled
 Compressed Oops: Enabled (32-bit)
 Heap Region Size: 1M
 Heap Min Capacity: 8M
 Heap Initial Capacity: 126M
 Heap Max Capacity: 2G
 Pre-touch: Disabled
 Parallel Workers: 4
 Concurrent Workers: 1
 Concurrent Refinement Workers: 4
 Periodic GC: Disabled

Heap:
 garbage-first heap   total 129024K, used 24621K [0x0000000080000000, 0x0000000100000000)
  region size 1024K, 15 young (15360K), 10 survivors (10240K)
 Metaspace       used 17912K, committed 18304K, reserved 1114112K
  class space    used 2621K, committed 2816K, reserved 1048576K

Heap Regions: E=young(eden), S=young(survivor), O=old, HS=humongous(starts), HC=humongous(continues), CS=collection set, F=free, OA=open archive, CA=closed archive, TAMS=top-at-mark-start (previous, next)
|   0|0x0000000080000000, 0x0000000080100000, 0x0000000080100000|100%| O|  |TAMS 0x0000000080000000, 0x0000000080000000| Untracked 
|   1|0x0000000080100000, 0x0000000080200000, 0x0000000080200000|100%| O|  |TAMS 0x0000000080100000, 0x0000000080100000| Untracked 
|   2|0x0000000080200000, 0x0000000080300000, 0x0000000080300000|100%|HS|  |TAMS 0x0000000080200000, 0x0000000080200000| Complete 
|   3|0x0000000080300000, 0x0000000080400000, 0x0000000080400000|100%|HC|  |TAMS 0x0000000080300000, 0x0000000080300000| Complete 
|   4|0x0000000080400000, 0x0000000080500000, 0x0000000080500000|100%|HC|  |TAMS 0x0000000080400000, 0x0000000080400000| Complete 
|   5|0x0000000080500000, 0x0000000080600000, 0x0000000080600000|100%|HC|  |TAMS 0x0000000080500000, 0x0000000080500000| Complete 
|   6|0x0000000080600000, 0x0000000080700000, 0x0000000080700000|100%| O|  |TAMS 0x0000000080600000, 0x0000000080600000| Untracked 
|   7|0x0000000080700000, 0x0000000080800000, 0x0000000080800000|100%| O|  |TAMS 0x0000000080700000, 0x0000000080700000| Untracked 
|   8|0x0000000080800000, 0x0000000080800000, 0x0000000080900000|  0%| F|  |TAMS 0x0000000080800000, 0x0000000080800000| Untracked 
|   9|0x0000000080900000, 0x0000000080a00000, 0x0000000080a00000|100%| O|  |TAMS 0x0000000080900000, 0x0000000080900000| Untracked 
|  10|0x0000000080a00000, 0x0000000080b00000, 0x0000000080b00000|100%| O|  |TAMS 0x0000000080a00000, 0x0000000080a00000| Untracked 
|  11|0x0000000080b00000, 0x0000000080b2f000, 0x0000000080c00000| 18%| O|  |TAMS 0x0000000080b00000, 0x0000000080b00000| Untracked 
|  12|0x0000000080c00000, 0x0000000080c00000, 0x0000000080d00000|  0%| F|  |TAMS 0x0000000080c00000, 0x0000000080c00000| Untracked 
|  13|0x0000000080d00000, 0x0000000080d00000, 0x0000000080e00000|  0%| F|  |TAMS 0x0000000080d00000, 0x0000000080d00000| Untracked 
|  14|0x0000000080e00000, 0x0000000080e00000, 0x0000000080f00000|  0%| F|  |TAMS 0x0000000080e00000, 0x0000000080e00000| Untracked 
|  15|0x0000000080f00000, 0x0000000080f00000, 0x0000000081000000|  0%| F|  |TAMS 0x0000000080f00000, 0x0000000080f00000| Untracked 
|  16|0x0000000081000000, 0x0000000081000000, 0x0000000081100000|  0%| F|  |TAMS 0x0000000081000000, 0x0000000081000000| Untracked 
|  17|0x0000000081100000, 0x0000000081100000, 0x0000000081200000|  0%| F|  |TAMS 0x0000000081100000, 0x0000000081100000| Untracked 
|  18|0x0000000081200000, 0x0000000081200000, 0x0000000081300000|  0%| F|  |TAMS 0x0000000081200000, 0x0000000081200000| Untracked 
|  19|0x0000000081300000, 0x0000000081300000, 0x0000000081400000|  0%| F|  |TAMS 0x0000000081300000, 0x0000000081300000| Untracked 
|  20|0x0000000081400000, 0x0000000081400000, 0x0000000081500000|  0%| F|  |TAMS 0x0000000081400000, 0x0000000081400000| Untracked 
|  21|0x0000000081500000, 0x0000000081500000, 0x0000000081600000|  0%| F|  |TAMS 0x0000000081500000, 0x0000000081500000| Untracked 
|  22|0x0000000081600000, 0x0000000081600000, 0x0000000081700000|  0%| F|  |TAMS 0x0000000081600000, 0x0000000081600000| Untracked 
|  23|0x0000000081700000, 0x0000000081700000, 0x0000000081800000|  0%| F|  |TAMS 0x0000000081700000, 0x0000000081700000| Untracked 
|  24|0x0000000081800000, 0x0000000081800000, 0x0000000081900000|  0%| F|  |TAMS 0x0000000081800000, 0x0000000081800000| Untracked 
|  25|0x0000000081900000, 0x0000000081900000, 0x0000000081a00000|  0%| F|  |TAMS 0x0000000081900000, 0x0000000081900000| Untracked 
|  26|0x0000000081a00000, 0x0000000081a00000, 0x0000000081b00000|  0%| F|  |TAMS 0x0000000081a00000, 0x0000000081a00000| Untracked 
|  27|0x0000000081b00000, 0x0000000081b00000, 0x0000000081c00000|  0%| F|  |TAMS 0x0000000081b00000, 0x0000000081b00000| Untracked 
|  28|0x0000000081c00000, 0x0000000081c00000, 0x0000000081d00000|  0%| F|  |TAMS 0x0000000081c00000, 0x0000000081c00000| Untracked 
|  29|0x0000000081d00000, 0x0000000081d00000, 0x0000000081e00000|  0%| F|  |TAMS 0x0000000081d00000, 0x0000000081d00000| Untracked 
|  30|0x0000000081e00000, 0x0000000081e00000, 0x0000000081f00000|  0%| F|  |TAMS 0x0000000081e00000, 0x0000000081e00000| Untracked 
|  31|0x0000000081f00000, 0x0000000081f00000, 0x0000000082000000|  0%| F|  |TAMS 0x0000000081f00000, 0x0000000081f00000| Untracked 
|  32|0x0000000082000000, 0x0000000082000000, 0x0000000082100000|  0%| F|  |TAMS 0x0000000082000000, 0x0000000082000000| Untracked 
|  33|0x0000000082100000, 0x0000000082100000, 0x0000000082200000|  0%| F|  |TAMS 0x0000000082100000, 0x0000000082100000| Untracked 
|  34|0x0000000082200000, 0x0000000082200000, 0x0000000082300000|  0%| F|  |TAMS 0x0000000082200000, 0x0000000082200000| Untracked 
|  35|0x0000000082300000, 0x0000000082300000, 0x0000000082400000|  0%| F|  |TAMS 0x0000000082300000, 0x0000000082300000| Untracked 
|  36|0x0000000082400000, 0x0000000082400000, 0x0000000082500000|  0%| F|  |TAMS 0x0000000082400000, 0x0000000082400000| Untracked 
|  37|0x0000000082500000, 0x0000000082500000, 0x0000000082600000|  0%| F|  |TAMS 0x0000000082500000, 0x0000000082500000| Untracked 
|  38|0x0000000082600000, 0x0000000082600000, 0x0000000082700000|  0%| F|  |TAMS 0x0000000082600000, 0x0000000082600000| Untracked 
|  39|0x0000000082700000, 0x0000000082700000, 0x0000000082800000|  0%| F|  |TAMS 0x0000000082700000, 0x0000000082700000| Untracked 
|  40|0x0000000082800000, 0x0000000082800000, 0x0000000082900000|  0%| F|  |TAMS 0x0000000082800000, 0x0000000082800000| Untracked 
|  41|0x0000000082900000, 0x00000000829dc550, 0x0000000082a00000| 86%| S|CS|TAMS 0x0000000082900000, 0x0000000082900000| Complete 
|  42|0x0000000082a00000, 0x0000000082b00000, 0x0000000082b00000|100%| S|CS|TAMS 0x0000000082a00000, 0x0000000082a00000| Complete 
|  43|0x0000000082b00000, 0x0000000082c00000, 0x0000000082c00000|100%| S|CS|TAMS 0x0000000082b00000, 0x0000000082b00000| Complete 
|  44|0x0000000082c00000, 0x0000000082d00000, 0x0000000082d00000|100%| S|CS|TAMS 0x0000000082c00000, 0x0000000082c00000| Complete 
|  45|0x0000000082d00000, 0x0000000082e00000, 0x0000000082e00000|100%| S|CS|TAMS 0x0000000082d00000, 0x0000000082d00000| Complete 
|  46|0x0000000082e00000, 0x0000000082f00000, 0x0000000082f00000|100%| S|CS|TAMS 0x0000000082e00000, 0x0000000082e00000| Complete 
|  47|0x0000000082f00000, 0x0000000083000000, 0x0000000083000000|100%| S|CS|TAMS 0x0000000082f00000, 0x0000000082f00000| Complete 
|  48|0x0000000083000000, 0x0000000083100000, 0x0000000083100000|100%| S|CS|TAMS 0x0000000083000000, 0x0000000083000000| Complete 
|  49|0x0000000083100000, 0x0000000083200000, 0x0000000083200000|100%| S|CS|TAMS 0x0000000083100000, 0x0000000083100000| Complete 
|  50|0x0000000083200000, 0x0000000083300000, 0x0000000083300000|100%| S|CS|TAMS 0x0000000083200000, 0x0000000083200000| Complete 
|  51|0x0000000083300000, 0x0000000083300000, 0x0000000083400000|  0%| F|  |TAMS 0x0000000083300000, 0x0000000083300000| Untracked 
|  52|0x0000000083400000, 0x0000000083400000, 0x0000000083500000|  0%| F|  |TAMS 0x0000000083400000, 0x0000000083400000| Untracked 
|  53|0x0000000083500000, 0x0000000083500000, 0x0000000083600000|  0%| F|  |TAMS 0x0000000083500000, 0x0000000083500000| Untracked 
|  54|0x0000000083600000, 0x0000000083600000, 0x0000000083700000|  0%| F|  |TAMS 0x0000000083600000, 0x0000000083600000| Untracked 
|  55|0x0000000083700000, 0x0000000083700000, 0x0000000083800000|  0%| F|  |TAMS 0x0000000083700000, 0x0000000083700000| Untracked 
|  56|0x0000000083800000, 0x0000000083800000, 0x0000000083900000|  0%| F|  |TAMS 0x0000000083800000, 0x0000000083800000| Untracked 
|  57|0x0000000083900000, 0x0000000083900000, 0x0000000083a00000|  0%| F|  |TAMS 0x0000000083900000, 0x0000000083900000| Untracked 
|  58|0x0000000083a00000, 0x0000000083a00000, 0x0000000083b00000|  0%| F|  |TAMS 0x0000000083a00000, 0x0000000083a00000| Untracked 
|  59|0x0000000083b00000, 0x0000000083b00000, 0x0000000083c00000|  0%| F|  |TAMS 0x0000000083b00000, 0x0000000083b00000| Untracked 
|  60|0x0000000083c00000, 0x0000000083c00000, 0x0000000083d00000|  0%| F|  |TAMS 0x0000000083c00000, 0x0000000083c00000| Untracked 
|  61|0x0000000083d00000, 0x0000000083d00000, 0x0000000083e00000|  0%| F|  |TAMS 0x0000000083d00000, 0x0000000083d00000| Untracked 
|  62|0x0000000083e00000, 0x0000000083e00000, 0x0000000083f00000|  0%| F|  |TAMS 0x0000000083e00000, 0x0000000083e00000| Untracked 
|  63|0x0000000083f00000, 0x0000000083f00000, 0x0000000084000000|  0%| F|  |TAMS 0x0000000083f00000, 0x0000000083f00000| Untracked 
|  64|0x0000000084000000, 0x0000000084000000, 0x0000000084100000|  0%| F|  |TAMS 0x0000000084000000, 0x0000000084000000| Untracked 
|  65|0x0000000084100000, 0x0000000084100000, 0x0000000084200000|  0%| F|  |TAMS 0x0000000084100000, 0x0000000084100000| Untracked 
|  66|0x0000000084200000, 0x0000000084200000, 0x0000000084300000|  0%| F|  |TAMS 0x0000000084200000, 0x0000000084200000| Untracked 
|  67|0x0000000084300000, 0x0000000084300000, 0x0000000084400000|  0%| F|  |TAMS 0x0000000084300000, 0x0000000084300000| Untracked 
|  68|0x0000000084400000, 0x0000000084400000, 0x0000000084500000|  0%| F|  |TAMS 0x0000000084400000, 0x0000000084400000| Untracked 
|  69|0x0000000084500000, 0x0000000084500000, 0x0000000084600000|  0%| F|  |TAMS 0x0000000084500000, 0x0000000084500000| Untracked 
|  70|0x0000000084600000, 0x0000000084600000, 0x0000000084700000|  0%| F|  |TAMS 0x0000000084600000, 0x0000000084600000| Untracked 
|  71|0x0000000084700000, 0x0000000084700000, 0x0000000084800000|  0%| F|  |TAMS 0x0000000084700000, 0x0000000084700000| Untracked 
|  72|0x0000000084800000, 0x0000000084800000, 0x0000000084900000|  0%| F|  |TAMS 0x0000000084800000, 0x0000000084800000| Untracked 
|  73|0x0000000084900000, 0x0000000084900000, 0x0000000084a00000|  0%| F|  |TAMS 0x0000000084900000, 0x0000000084900000| Untracked 
|  74|0x0000000084a00000, 0x0000000084a00000, 0x0000000084b00000|  0%| F|  |TAMS 0x0000000084a00000, 0x0000000084a00000| Untracked 
|  75|0x0000000084b00000, 0x0000000084b00000, 0x0000000084c00000|  0%| F|  |TAMS 0x0000000084b00000, 0x0000000084b00000| Untracked 
|  76|0x0000000084c00000, 0x0000000084c00000, 0x0000000084d00000|  0%| F|  |TAMS 0x0000000084c00000, 0x0000000084c00000| Untracked 
|  77|0x0000000084d00000, 0x0000000084d00000, 0x0000000084e00000|  0%| F|  |TAMS 0x0000000084d00000, 0x0000000084d00000| Untracked 
|  78|0x0000000084e00000, 0x0000000084e00000, 0x0000000084f00000|  0%| F|  |TAMS 0x0000000084e00000, 0x0000000084e00000| Untracked 
|  79|0x0000000084f00000, 0x0000000084f00000, 0x0000000085000000|  0%| F|  |TAMS 0x0000000084f00000, 0x0000000084f00000| Untracked 
|  80|0x0000000085000000, 0x0000000085000000, 0x0000000085100000|  0%| F|  |TAMS 0x0000000085000000, 0x0000000085000000| Untracked 
|  81|0x0000000085100000, 0x0000000085100000, 0x0000000085200000|  0%| F|  |TAMS 0x0000000085100000, 0x0000000085100000| Untracked 
|  82|0x0000000085200000, 0x0000000085200000, 0x0000000085300000|  0%| F|  |TAMS 0x0000000085200000, 0x0000000085200000| Untracked 
|  83|0x0000000085300000, 0x0000000085300000, 0x0000000085400000|  0%| F|  |TAMS 0x0000000085300000, 0x0000000085300000| Untracked 
|  84|0x0000000085400000, 0x0000000085400000, 0x0000000085500000|  0%| F|  |TAMS 0x0000000085400000, 0x0000000085400000| Untracked 
|  85|0x0000000085500000, 0x0000000085500000, 0x0000000085600000|  0%| F|  |TAMS 0x0000000085500000, 0x0000000085500000| Untracked 
|  86|0x0000000085600000, 0x0000000085600000, 0x0000000085700000|  0%| F|  |TAMS 0x0000000085600000, 0x0000000085600000| Untracked 
|  87|0x0000000085700000, 0x0000000085700000, 0x0000000085800000|  0%| F|  |TAMS 0x0000000085700000, 0x0000000085700000| Untracked 
|  88|0x0000000085800000, 0x0000000085800000, 0x0000000085900000|  0%| F|  |TAMS 0x0000000085800000, 0x0000000085800000| Untracked 
|  89|0x0000000085900000, 0x0000000085900000, 0x0000000085a00000|  0%| F|  |TAMS 0x0000000085900000, 0x0000000085900000| Untracked 
|  90|0x0000000085a00000, 0x0000000085a00000, 0x0000000085b00000|  0%| F|  |TAMS 0x0000000085a00000, 0x0000000085a00000| Untracked 
|  91|0x0000000085b00000, 0x0000000085b00000, 0x0000000085c00000|  0%| F|  |TAMS 0x0000000085b00000, 0x0000000085b00000| Untracked 
|  92|0x0000000085c00000, 0x0000000085c00000, 0x0000000085d00000|  0%| F|  |TAMS 0x0000000085c00000, 0x0000000085c00000| Untracked 
|  93|0x0000000085d00000, 0x0000000085d00000, 0x0000000085e00000|  0%| F|  |TAMS 0x0000000085d00000, 0x0000000085d00000| Untracked 
|  94|0x0000000085e00000, 0x0000000085e00000, 0x0000000085f00000|  0%| F|  |TAMS 0x0000000085e00000, 0x0000000085e00000| Untracked 
|  95|0x0000000085f00000, 0x0000000085f00000, 0x0000000086000000|  0%| F|  |TAMS 0x0000000085f00000, 0x0000000085f00000| Untracked 
|  96|0x0000000086000000, 0x0000000086000000, 0x0000000086100000|  0%| F|  |TAMS 0x0000000086000000, 0x0000000086000000| Untracked 
|  97|0x0000000086100000, 0x0000000086100000, 0x0000000086200000|  0%| F|  |TAMS 0x0000000086100000, 0x0000000086100000| Untracked 
|  98|0x0000000086200000, 0x0000000086200000, 0x0000000086300000|  0%| F|  |TAMS 0x0000000086200000, 0x0000000086200000| Untracked 
|  99|0x0000000086300000, 0x0000000086300000, 0x0000000086400000|  0%| F|  |TAMS 0x0000000086300000, 0x0000000086300000| Untracked 
| 100|0x0000000086400000, 0x0000000086400000, 0x0000000086500000|  0%| F|  |TAMS 0x0000000086400000, 0x0000000086400000| Untracked 
| 101|0x0000000086500000, 0x0000000086500000, 0x0000000086600000|  0%| F|  |TAMS 0x0000000086500000, 0x0000000086500000| Untracked 
| 102|0x0000000086600000, 0x0000000086600000, 0x0000000086700000|  0%| F|  |TAMS 0x0000000086600000, 0x0000000086600000| Untracked 
| 103|0x0000000086700000, 0x0000000086700000, 0x0000000086800000|  0%| F|  |TAMS 0x0000000086700000, 0x0000000086700000| Untracked 
| 104|0x0000000086800000, 0x0000000086800000, 0x0000000086900000|  0%| F|  |TAMS 0x0000000086800000, 0x0000000086800000| Untracked 
| 105|0x0000000086900000, 0x0000000086900000, 0x0000000086a00000|  0%| F|  |TAMS 0x0000000086900000, 0x0000000086900000| Untracked 
| 106|0x0000000086a00000, 0x0000000086a00000, 0x0000000086b00000|  0%| F|  |TAMS 0x0000000086a00000, 0x0000000086a00000| Untracked 
| 107|0x0000000086b00000, 0x0000000086b00000, 0x0000000086c00000|  0%| F|  |TAMS 0x0000000086b00000, 0x0000000086b00000| Untracked 
| 108|0x0000000086c00000, 0x0000000086c00000, 0x0000000086d00000|  0%| F|  |TAMS 0x0000000086c00000, 0x0000000086c00000| Untracked 
| 109|0x0000000086d00000, 0x0000000086d00000, 0x0000000086e00000|  0%| F|  |TAMS 0x0000000086d00000, 0x0000000086d00000| Untracked 
| 110|0x0000000086e00000, 0x0000000086e00000, 0x0000000086f00000|  0%| F|  |TAMS 0x0000000086e00000, 0x0000000086e00000| Untracked 
| 111|0x0000000086f00000, 0x0000000086f00000, 0x0000000087000000|  0%| F|  |TAMS 0x0000000086f00000, 0x0000000086f00000| Untracked 
| 112|0x0000000087000000, 0x0000000087000000, 0x0000000087100000|  0%| F|  |TAMS 0x0000000087000000, 0x0000000087000000| Untracked 
| 113|0x0000000087100000, 0x0000000087100000, 0x0000000087200000|  0%| F|  |TAMS 0x0000000087100000, 0x0000000087100000| Untracked 
| 114|0x0000000087200000, 0x0000000087200000, 0x0000000087300000|  0%| F|  |TAMS 0x0000000087200000, 0x0000000087200000| Untracked 
| 115|0x0000000087300000, 0x0000000087300000, 0x0000000087400000|  0%| F|  |TAMS 0x0000000087300000, 0x0000000087300000| Untracked 
| 116|0x0000000087400000, 0x0000000087400000, 0x0000000087500000|  0%| F|  |TAMS 0x0000000087400000, 0x0000000087400000| Untracked 
| 117|0x0000000087500000, 0x0000000087500000, 0x0000000087600000|  0%| F|  |TAMS 0x0000000087500000, 0x0000000087500000| Untracked 
| 118|0x0000000087600000, 0x0000000087600000, 0x0000000087700000|  0%| F|  |TAMS 0x0000000087600000, 0x0000000087600000| Untracked 
| 119|0x0000000087700000, 0x0000000087700000, 0x0000000087800000|  0%| F|  |TAMS 0x0000000087700000, 0x0000000087700000| Untracked 
| 120|0x0000000087800000, 0x0000000087800000, 0x0000000087900000|  0%| F|  |TAMS 0x0000000087800000, 0x0000000087800000| Untracked 
| 121|0x0000000087900000, 0x0000000087a00000, 0x0000000087a00000|100%| E|  |TAMS 0x0000000087900000, 0x0000000087900000| Complete 
| 122|0x0000000087a00000, 0x0000000087b00000, 0x0000000087b00000|100%| E|CS|TAMS 0x0000000087a00000, 0x0000000087a00000| Complete 
| 123|0x0000000087b00000, 0x0000000087c00000, 0x0000000087c00000|100%| E|CS|TAMS 0x0000000087b00000, 0x0000000087b00000| Complete 
| 124|0x0000000087c00000, 0x0000000087d00000, 0x0000000087d00000|100%| E|CS|TAMS 0x0000000087c00000, 0x0000000087c00000| Complete 
| 125|0x0000000087d00000, 0x0000000087e00000, 0x0000000087e00000|100%| E|CS|TAMS 0x0000000087d00000, 0x0000000087d00000| Complete 

Card table byte_map: [0x000002581a2e0000,0x000002581a6e0000] _byte_map_base: 0x0000025819ee0000

Marking Bits (Prev, Next): (CMBitMap*) 0x000002580336eda0, (CMBitMap*) 0x000002580336ede0
 Prev Bits: [0x000002581aae0000, 0x000002581cae0000)
 Next Bits: [0x000002581cae0000, 0x000002581eae0000)

Polling page: 0x00000258010b0000

Metaspace:

Usage:
  Non-class:     14.96 MB used.
      Class:      2.56 MB used.
       Both:     17.52 MB used.

Virtual space:
  Non-class space:       64.00 MB reserved,      15.12 MB ( 24%) committed,  1 nodes.
      Class space:        1.00 GB reserved,       2.75 MB ( <1%) committed,  1 nodes.
             Both:        1.06 GB reserved,      17.88 MB (  2%) committed. 

Chunk freelists:
   Non-Class:  320.00 KB
       Class:  13.30 MB
        Both:  13.61 MB

MaxMetaspaceSize: unlimited
CompressedClassSpaceSize: 1.00 GB
Initial GC threshold: 21.00 MB
Current GC threshold: 21.00 MB
CDS: on
MetaspaceReclaimPolicy: balanced
 - commit_granule_bytes: 65536.
 - commit_granule_words: 8192.
 - virtual_space_node_default_size: 8388608.
 - enlarge_chunks_in_place: 1.
 - new_chunks_are_fully_committed: 0.
 - uncommit_free_chunks: 1.
 - use_allocation_guard: 0.
 - handle_deallocations: 1.


Internal statistics:

num_allocs_failed_limit: 0.
num_arena_births: 218.
num_arena_deaths: 0.
num_vsnodes_births: 2.
num_vsnodes_deaths: 0.
num_space_committed: 286.
num_space_uncommitted: 0.
num_chunks_returned_to_freelist: 0.
num_chunks_taken_from_freelist: 819.
num_chunk_merges: 0.
num_chunk_splits: 547.
num_chunks_enlarged: 405.
num_inconsistent_stats: 0.

CodeHeap 'non-profiled nmethods': size=120000Kb used=1315Kb max_used=1315Kb free=118684Kb
 bounds [0x00000258129b0000, 0x0000025812c20000, 0x0000025819ee0000]
CodeHeap 'profiled nmethods': size=120000Kb used=5064Kb max_used=5064Kb free=114935Kb
 bounds [0x000002580aee0000, 0x000002580b3e0000, 0x0000025812410000]
CodeHeap 'non-nmethods': size=5760Kb used=1222Kb max_used=1287Kb free=4537Kb
 bounds [0x0000025812410000, 0x0000025812680000, 0x00000258129b0000]
 total_blobs=2996 nmethods=2460 adapters=448
 compilation: enabled
              stopped_count=0, restarted_count=0
 full_count=0

Compilation events (20 events):
Event: 10.512 Thread 0x0000025820e80100 2451       3       com.google.common.base.Splitter$1::iterator (11 bytes)
Event: 10.512 Thread 0x0000025820e80100 nmethod 2451 0x000002580b3c5990 code [0x000002580b3c5b40, 0x000002580b3c5da8]
Event: 10.513 Thread 0x0000025820e80100 2452       3       com.google.common.base.Splitter$1$1::<init> (12 bytes)
Event: 10.513 Thread 0x0000025820e80100 nmethod 2452 0x000002580b3c5e90 code [0x000002580b3c6040, 0x000002580b3c61e8]
Event: 10.513 Thread 0x0000025820e80100 2453       3       com.google.common.base.Splitter$SplittingIterator::<init> (39 bytes)
Event: 10.513 Thread 0x0000025820e80100 nmethod 2453 0x000002580b3c6290 code [0x000002580b3c6440, 0x000002580b3c6798]
Event: 10.513 Thread 0x0000025820e80100 2454       3       com.google.common.base.AbstractIterator::<init> (12 bytes)
Event: 10.514 Thread 0x0000025820e80100 nmethod 2454 0x000002580b3c6890 code [0x000002580b3c6a40, 0x000002580b3c6c18]
Event: 10.514 Thread 0x0000025820e80100 2455 %     3       com.google.common.io.LineBuffer::add @ 47 (204 bytes)
Event: 10.515 Thread 0x0000025820e80100 nmethod 2455% 0x000002580b3c6d10 code [0x000002580b3c6f40, 0x000002580b3c78d8]
Event: 10.516 Thread 0x0000025820e80100 2457       3       com.google.common.io.LineBuffer::add (204 bytes)
Event: 10.517 Thread 0x0000025820e80100 nmethod 2457 0x000002580b3c7c90 code [0x000002580b3c7ec0, 0x000002580b3c86b8]
Event: 10.530 Thread 0x0000025820e80100 2458       1       com.google.common.collect.ImmutableMapEntry::isReusable (2 bytes)
Event: 10.530 Thread 0x0000025820e80100 nmethod 2458 0x0000025812af8690 code [0x0000025812af8820, 0x0000025812af88f8]
Event: 10.531 Thread 0x0000025820e80100 2459       3       com.google.common.collect.RegularImmutableMap::checkNoConflictInKeyBucket (119 bytes)
Event: 10.533 Thread 0x0000025820e80100 nmethod 2459 0x000002580b3c8a10 code [0x000002580b3c8d60, 0x000002580b3ca118]
Event: 10.534 Thread 0x0000025820e80100 2460       3       com.google.common.collect.RegularImmutableMap::makeImmutable (44 bytes)
Event: 10.536 Thread 0x0000025820e80100 nmethod 2460 0x000002580b3ca910 code [0x000002580b3cab20, 0x000002580b3cb3b8]
Event: 10.537 Thread 0x0000025820e80100 2461       3       com.google.common.collect.ImmutableMapEntry::<init> (12 bytes)
Event: 10.537 Thread 0x0000025820e80100 nmethod 2461 0x000002580b3cb590 code [0x000002580b3cb740, 0x000002580b3cba48]

GC Heap History (8 events):
Event: 1.630 GC heap before
{Heap before GC invocations=0 (full 0):
 garbage-first heap   total 129024K, used 12288K [0x0000000080000000, 0x0000000100000000)
  region size 1024K, 13 young (13312K), 0 survivors (0K)
 Metaspace       used 1004K, committed 1152K, reserved 1114112K
  class space    used 78K, committed 128K, reserved 1048576K
}
Event: 1.637 GC heap after
{Heap after GC invocations=1 (full 0):
 garbage-first heap   total 129024K, used 3659K [0x0000000080000000, 0x0000000100000000)
  region size 1024K, 2 young (2048K), 2 survivors (2048K)
 Metaspace       used 1004K, committed 1152K, reserved 1114112K
  class space    used 78K, committed 128K, reserved 1048576K
}
Event: 3.062 GC heap before
{Heap before GC invocations=1 (full 0):
 garbage-first heap   total 129024K, used 23115K [0x0000000080000000, 0x0000000100000000)
  region size 1024K, 17 young (17408K), 2 survivors (2048K)
 Metaspace       used 3883K, committed 4096K, reserved 1114112K
  class space    used 482K, committed 576K, reserved 1048576K
}
Event: 3.070 GC heap after
{Heap after GC invocations=2 (full 0):
 garbage-first heap   total 129024K, used 10381K [0x0000000080000000, 0x0000000100000000)
  region size 1024K, 3 young (3072K), 3 survivors (3072K)
 Metaspace       used 3883K, committed 4096K, reserved 1114112K
  class space    used 482K, committed 576K, reserved 1048576K
}
Event: 4.275 GC heap before
{Heap before GC invocations=2 (full 0):
 garbage-first heap   total 129024K, used 31885K [0x0000000080000000, 0x0000000100000000)
  region size 1024K, 24 young (24576K), 3 survivors (3072K)
 Metaspace       used 4026K, committed 4224K, reserved 1114112K
  class space    used 483K, committed 576K, reserved 1048576K
}
Event: 4.283 GC heap after
{Heap after GC invocations=3 (full 0):
 garbage-first heap   total 129024K, used 13323K [0x0000000080000000, 0x0000000100000000)
  region size 1024K, 3 young (3072K), 3 survivors (3072K)
 Metaspace       used 4026K, committed 4224K, reserved 1114112K
  class space    used 483K, committed 576K, reserved 1048576K
}
Event: 10.138 GC heap before
{Heap before GC invocations=3 (full 0):
 garbage-first heap   total 129024K, used 87051K [0x0000000080000000, 0x0000000100000000)
  region size 1024K, 75 young (76800K), 3 survivors (3072K)
 Metaspace       used 17354K, committed 17728K, reserved 1114112K
  class space    used 2535K, committed 2688K, reserved 1048576K
}
Event: 10.156 GC heap after
{Heap after GC invocations=4 (full 0):
 garbage-first heap   total 129024K, used 20525K [0x0000000080000000, 0x0000000100000000)
  region size 1024K, 10 young (10240K), 10 survivors (10240K)
 Metaspace       used 17354K, committed 17728K, reserved 1114112K
  class space    used 2535K, committed 2688K, reserved 1048576K
}

Dll operation events (12 events):
Event: 0.040 Loaded shared library C:\Program Files\Zulu\zulu-17\bin\java.dll
Event: 0.118 Loaded shared library C:\Program Files\Zulu\zulu-17\bin\jsvml.dll
Event: 0.602 Loaded shared library C:\Program Files\Zulu\zulu-17\bin\net.dll
Event: 0.606 Loaded shared library C:\Program Files\Zulu\zulu-17\bin\nio.dll
Event: 0.632 Loaded shared library C:\Program Files\Zulu\zulu-17\bin\zip.dll
Event: 1.183 Loaded shared library C:\Program Files\Zulu\zulu-17\bin\jimage.dll
Event: 1.575 Loaded shared library C:\Program Files\Zulu\zulu-17\bin\verify.dll
Event: 2.099 Loaded shared library D:\DOWNLOADS\JetPlayer\native\68d5fa5c4cc2d200863cafc0d521ce42e7d3e7ee720ec0a83991735586a16f82\windows-amd64\native-platform.dll
Event: 2.108 Loaded shared library D:\DOWNLOADS\JetPlayer\native\e376f236ea51e6404a007f0833ffe2c6e607c4080706a723a18a27aeea778392\windows-amd64\native-platform-file-events.dll
Event: 5.291 Loaded shared library C:\Program Files\Zulu\zulu-17\bin\management.dll
Event: 5.300 Loaded shared library C:\Program Files\Zulu\zulu-17\bin\management_ext.dll
Event: 6.635 Loaded shared library C:\Program Files\Zulu\zulu-17\bin\sunmscapi.dll

Deoptimization events (20 events):
Event: 8.331 Thread 0x0000025867ca4910 Uncommon trap: trap_request=0xffffff45 fr.pc=0x00000258129cb574 relative=0x00000000000009f4
Event: 8.331 Thread 0x0000025867ca4910 Uncommon trap: reason=unstable_if action=reinterpret pc=0x00000258129cb574 method=java.io.WinNTFileSystem.resolve(Ljava/lang/String;Ljava/lang/String;)Ljava/lang/String; @ 19 c2
Event: 8.331 Thread 0x0000025867ca4910 DEOPT PACKING pc=0x00000258129cb574 sp=0x000000d0154fce40
Event: 8.331 Thread 0x0000025867ca4910 DEOPT UNPACKING pc=0x00000258124669a3 sp=0x000000d0154fcde8 mode 2
Event: 8.336 Thread 0x0000025867ca4910 Uncommon trap: trap_request=0xffffff45 fr.pc=0x0000025812a2a12c relative=0x000000000000058c
Event: 8.336 Thread 0x0000025867ca4910 Uncommon trap: reason=unstable_if action=reinterpret pc=0x0000025812a2a12c method=java.io.File.getName()Ljava/lang/String; @ 16 c2
Event: 8.336 Thread 0x0000025867ca4910 DEOPT PACKING pc=0x0000025812a2a12c sp=0x000000d0154fcde0
Event: 8.336 Thread 0x0000025867ca4910 DEOPT UNPACKING pc=0x00000258124669a3 sp=0x000000d0154fcdb0 mode 2
Event: 9.662 Thread 0x0000025867ca4910 Uncommon trap: trap_request=0xffffff45 fr.pc=0x0000025812ad1e44 relative=0x0000000000000764
Event: 9.662 Thread 0x0000025867ca4910 Uncommon trap: reason=unstable_if action=reinterpret pc=0x0000025812ad1e44 method=java.util.HashMap.putVal(ILjava/lang/Object;Ljava/lang/Object;ZZ)Ljava/lang/Object; @ 206 c2
Event: 9.662 Thread 0x0000025867ca4910 DEOPT PACKING pc=0x0000025812ad1e44 sp=0x000000d0154fae10
Event: 9.662 Thread 0x0000025867ca4910 DEOPT UNPACKING pc=0x00000258124669a3 sp=0x000000d0154fada8 mode 2
Event: 9.666 Thread 0x0000025867ca4910 Uncommon trap: trap_request=0xffffff45 fr.pc=0x0000025812ae829c relative=0x000000000000015c
Event: 9.666 Thread 0x0000025867ca4910 Uncommon trap: reason=unstable_if action=reinterpret pc=0x0000025812ae829c method=java.util.HashMap.getNode(Ljava/lang/Object;)Ljava/util/HashMap$Node; @ 131 c2
Event: 9.666 Thread 0x0000025867ca4910 DEOPT PACKING pc=0x0000025812ae829c sp=0x000000d0154fae90
Event: 9.666 Thread 0x0000025867ca4910 DEOPT UNPACKING pc=0x00000258124669a3 sp=0x000000d0154fadb0 mode 2
Event: 10.101 Thread 0x0000025867ca4910 Uncommon trap: trap_request=0xffffff45 fr.pc=0x00000258129dd678 relative=0x00000000000000d8
Event: 10.101 Thread 0x0000025867ca4910 Uncommon trap: reason=unstable_if action=reinterpret pc=0x00000258129dd678 method=java.util.HashMap.hash(Ljava/lang/Object;)I @ 1 c2
Event: 10.101 Thread 0x0000025867ca4910 DEOPT PACKING pc=0x00000258129dd678 sp=0x000000d0154f9dc0
Event: 10.101 Thread 0x0000025867ca4910 DEOPT UNPACKING pc=0x00000258124669a3 sp=0x000000d0154f9d00 mode 2

Classes unloaded (0 events):
No events

Classes redefined (0 events):
No events

Internal exceptions (20 events):
Event: 7.374 Thread 0x0000025867ca4910 Exception <a 'java/lang/NoSuchMethodError'{0x000000008559c060}: 'void java.lang.invoke.DelegatingMethodHandle$Holder.reinvoke_L(java.lang.Object, java.lang.Object, java.lang.Object, java.lang.Object, java.lang.Object, java.lang.Object, java.lang.Object, java.lang.Object, java.lang.Object, java.lang.Object, java.lang.Object)'> (0x000000008559c060) 
thrown [s\src\hotspot\share\interpreter\linkResolver.cpp, line 759]
Event: 7.375 Thread 0x0000025867ca4910 Exception <a 'java/lang/NoSuchMethodError'{0x00000000855a4b60}: 'java.lang.Object java.lang.invoke.DirectMethodHandle$Holder.invokeSpecial(java.lang.Object, java.lang.Object, java.lang.Object, java.lang.Object, java.lang.Object, java.lang.Object, java.lang.Object, java.lang.Object, java.lang.Object, java.lang.Object, java.lang.Object)'> (0x00000000855a4b60) 
thrown [s\src\hotspot\share\interpreter\linkResolver.cpp, line 759]
Event: 7.376 Thread 0x0000025867ca4910 Exception <a 'java/lang/NoSuchMethodError'{0x00000000855a9628}: 'java.lang.Object java.lang.invoke.Invokers$Holder.invoker(java.lang.Object, java.lang.Object, java.lang.Object, java.lang.Object, java.lang.Object, java.lang.Object, java.lang.Object, java.lang.Object, java.lang.Object, java.lang.Object, java.lang.Object)'> (0x00000000855a9628) 
thrown [s\src\hotspot\share\interpreter\linkResolver.cpp, line 759]
Event: 7.376 Thread 0x0000025867ca4910 Exception <a 'java/lang/NoSuchMethodError'{0x00000000855af420}: 'java.lang.Object java.lang.invoke.DirectMethodHandle$Holder.invokeSpecial(java.lang.Object, java.lang.Object, java.lang.Object, java.lang.Object, java.lang.Object, java.lang.Object, java.lang.Object, java.lang.Object, java.lang.Object, java.lang.Object, java.lang.Object, java.lang.Object)'> (0x00000000855af420) 
thrown [s\src\hotspot\share\interpreter\linkResolver.cpp, line 759]
Event: 7.465 Thread 0x0000025867ca4910 Exception <a 'java/lang/NoSuchMethodError'{0x00000000854bbd60}: 'java.lang.Object java.lang.invoke.DirectMethodHandle$Holder.invokeSpecial(java.lang.Object, java.lang.Object, java.lang.Object, java.lang.Object, java.lang.Object, java.lang.Object, java.lang.Object, java.lang.Object, java.lang.Object)'> (0x00000000854bbd60) 
thrown [s\src\hotspot\share\interpreter\linkResolver.cpp, line 759]
Event: 7.794 Thread 0x0000025867ca4910 Exception <a 'java/lang/NoSuchMethodError'{0x00000000851eb338}: 'void java.lang.invoke.DirectMethodHandle$Holder.invokeStaticInit(java.lang.Object)'> (0x00000000851eb338) 
thrown [s\src\hotspot\share\interpreter\linkResolver.cpp, line 759]
Event: 8.050 Thread 0x0000025867ca4910 Exception <a 'java/lang/NoSuchMethodError'{0x000000008507dd70}: 'java.lang.Object java.lang.invoke.DirectMethodHandle$Holder.newInvokeSpecial(java.lang.Object, java.lang.Object, java.lang.Object, int)'> (0x000000008507dd70) 
thrown [s\src\hotspot\share\interpreter\linkResolver.cpp, line 759]
Event: 8.051 Thread 0x0000025867ca4910 Exception <a 'java/lang/NoSuchMethodError'{0x0000000085082b10}: 'java.lang.Object java.lang.invoke.DirectMethodHandle$Holder.invokeSpecial(java.lang.Object, java.lang.Object, java.lang.Object, java.lang.Object, int)'> (0x0000000085082b10) 
thrown [s\src\hotspot\share\interpreter\linkResolver.cpp, line 759]
Event: 8.053 Thread 0x0000025867ca4910 Exception <a 'java/lang/NoSuchMethodError'{0x0000000085086c28}: 'java.lang.Object java.lang.invoke.Invokers$Holder.linkToTargetMethod(java.lang.Object, java.lang.Object, int, java.lang.Object)'> (0x0000000085086c28) 
thrown [s\src\hotspot\share\interpreter\linkResolver.cpp, line 759]
Event: 8.837 Thread 0x0000025867ca4910 Exception <a 'java/lang/NoSuchMethodError'{0x0000000084348cf8}: 'int java.lang.invoke.DirectMethodHandle$Holder.invokeSpecialIFC(java.lang.Object, java.lang.Object, java.lang.Object, java.lang.Object)'> (0x0000000084348cf8) 
thrown [s\src\hotspot\share\interpreter\linkResolver.cpp, line 759]
Event: 8.844 Thread 0x0000025867ca4910 Exception <a 'java/lang/NoSuchMethodError'{0x0000000084357cd0}: 'java.lang.Object java.lang.invoke.DirectMethodHandle$Holder.invokeInterface(java.lang.Object, java.lang.Object, java.lang.Object)'> (0x0000000084357cd0) 
thrown [s\src\hotspot\share\interpreter\linkResolver.cpp, line 759]
Event: 8.845 Thread 0x0000025867ca4910 Exception <a 'java/lang/IncompatibleClassChangeError'{0x000000008435b8e8}: Found class java.lang.Object, but interface was expected> (0x000000008435b8e8) 
thrown [s\src\hotspot\share\interpreter\linkResolver.cpp, line 826]
Event: 8.956 Thread 0x0000025867ca4910 Exception <a 'java/lang/NoSuchMethodError'{0x0000000084232050}: 'int java.lang.invoke.DirectMethodHandle$Holder.invokeStatic(java.lang.Object, java.lang.Object, java.lang.Object, java.lang.Object)'> (0x0000000084232050) 
thrown [s\src\hotspot\share\interpreter\linkResolver.cpp, line 759]
Event: 8.957 Thread 0x0000025867ca4910 Exception <a 'java/lang/NoSuchMethodError'{0x0000000084235c78}: 'java.lang.Object java.lang.invoke.Invokers$Holder.invokeExact_MT(java.lang.Object, java.lang.Object, java.lang.Object, java.lang.Object, java.lang.Object, java.lang.Object)'> (0x0000000084235c78) 
thrown [s\src\hotspot\share\interpreter\linkResolver.cpp, line 759]
Event: 9.565 Thread 0x0000025867ca4910 Exception <a 'java/lang/NoSuchMethodError'{0x0000000083a5bf80}: 'void java.lang.invoke.DirectMethodHandle$Holder.invokeStatic(java.lang.Object, java.lang.Object)'> (0x0000000083a5bf80) 
thrown [s\src\hotspot\share\interpreter\linkResolver.cpp, line 759]
Event: 9.585 Thread 0x0000025867ca4910 Exception <a 'java/lang/NoSuchMethodError'{0x0000000083abbb88}: 'java.lang.Object java.lang.invoke.DirectMethodHandle$Holder.invokeVirtual(java.lang.Object, java.lang.Object, java.lang.Object, java.lang.Object)'> (0x0000000083abbb88) 
thrown [s\src\hotspot\share\interpreter\linkResolver.cpp, line 759]
Event: 9.701 Thread 0x0000025867ca4910 Exception <a 'java/lang/NoSuchMethodError'{0x00000000838db418}: 'java.lang.Object java.lang.invoke.DirectMethodHandle$Holder.newInvokeSpecial(java.lang.Object, java.lang.Object, java.lang.Object, java.lang.Object, java.lang.Object, java.lang.Object, java.lang.Object)'> (0x00000000838db418) 
thrown [s\src\hotspot\share\interpreter\linkResolver.cpp, line 759]
Event: 9.701 Thread 0x0000025867ca4910 Exception <a 'java/lang/NoSuchMethodError'{0x00000000838e00e8}: 'java.lang.Object java.lang.invoke.Invokers$Holder.linkToTargetMethod(java.lang.Object, java.lang.Object, java.lang.Object, java.lang.Object, java.lang.Object, java.lang.Object, java.lang.Object)'> (0x00000000838e00e8) 
thrown [s\src\hotspot\share\interpreter\linkResolver.cpp, line 759]
Event: 9.835 Thread 0x0000025867ca4910 Exception <a 'java/lang/NoSuchMethodError'{0x0000000083631640}: 'java.lang.Object java.lang.invoke.DirectMethodHandle$Holder.invokeVirtual(java.lang.Object, java.lang.Object, java.lang.Object, java.lang.Object, java.lang.Object, java.lang.Object, java.lang.Object, java.lang.Object, java.lang.Object, java.lang.Object, java.lang.Object, java.lang.Object, java.lang.Object, java.lang.Object, java.lang.Object, java.lang.Object, java.lang.Object, java.lang.Object, java.lang.Object, java.lang.Object, java.lang.Ob
Event: 10.101 Thread 0x0000025867ca4910 Implicit null exception at 0x00000258129dd5d8 to 0x00000258129dd66e

VM Operations (20 events):
Event: 5.672 Executing VM operation: HandshakeAllThreads
Event: 5.672 Executing VM operation: HandshakeAllThreads done
Event: 5.860 Executing VM operation: HandshakeAllThreads
Event: 5.860 Executing VM operation: HandshakeAllThreads done
Event: 6.500 Executing VM operation: HandshakeAllThreads
Event: 6.500 Executing VM operation: HandshakeAllThreads done
Event: 6.500 Executing VM operation: Cleanup
Event: 6.501 Executing VM operation: Cleanup done
Event: 6.648 Executing VM operation: HandshakeAllThreads
Event: 6.648 Executing VM operation: HandshakeAllThreads done
Event: 7.655 Executing VM operation: Cleanup
Event: 7.656 Executing VM operation: Cleanup done
Event: 8.422 Executing VM operation: HandshakeAllThreads
Event: 8.422 Executing VM operation: HandshakeAllThreads done
Event: 8.423 Executing VM operation: HandshakeAllThreads
Event: 8.423 Executing VM operation: HandshakeAllThreads done
Event: 9.424 Executing VM operation: Cleanup
Event: 9.427 Executing VM operation: Cleanup done
Event: 10.138 Executing VM operation: G1CollectForAllocation
Event: 10.161 Executing VM operation: G1CollectForAllocation done

Events (20 events):
Event: 8.914 loading class java/io/ObjectStreamConstants
Event: 8.914 loading class java/io/ObjectStreamConstants done
Event: 8.915 loading class java/io/ObjectOutputStream done
Event: 8.916 loading class java/io/ObjectInputStream
Event: 8.917 loading class java/io/ObjectInput
Event: 8.917 loading class java/io/ObjectInput done
Event: 8.917 loading class java/io/ObjectInputStream done
Event: 9.464 Thread 0x0000025866633460 Thread added: 0x0000025866633460
Event: 9.471 loading class javax/xml/parsers/ParserConfigurationException
Event: 9.471 loading class javax/xml/parsers/ParserConfigurationException done
Event: 9.471 loading class org/xml/sax/SAXException
Event: 9.472 loading class org/xml/sax/SAXException done
Event: 9.472 loading class javax/xml/xpath/XPathExpressionException
Event: 9.472 loading class javax/xml/xpath/XPathException
Event: 9.472 loading class javax/xml/xpath/XPathException done
Event: 9.472 loading class javax/xml/xpath/XPathExpressionException done
Event: 9.473 loading class org/xml/sax/ErrorHandler
Event: 9.473 loading class org/xml/sax/ErrorHandler done
Event: 10.162 Thread 0x0000025866633460 Thread exited: 0x0000025866633460
Event: 10.349 Thread 0x0000025866f466e0 Thread added: 0x0000025866f466e0


Dynamic libraries:
0x00007ff75a6f0000 - 0x00007ff75a6fe000 	C:\Program Files\Zulu\zulu-17\bin\java.exe
0x00007ff987c70000 - 0x00007ff987e64000 	C:\Windows\SYSTEM32\ntdll.dll
0x00007ff986740000 - 0x00007ff9867fd000 	C:\Windows\System32\KERNEL32.DLL
0x00007ff9853c0000 - 0x00007ff985687000 	C:\Windows\System32\KERNELBASE.dll
0x00007ff985730000 - 0x00007ff985830000 	C:\Windows\System32\ucrtbase.dll
0x00007ff97dde0000 - 0x00007ff97ddf9000 	C:\Program Files\Zulu\zulu-17\bin\jli.dll
0x00007ff9878d0000 - 0x00007ff987a70000 	C:\Windows\System32\USER32.dll
0x00007ff985c60000 - 0x00007ff985c82000 	C:\Windows\System32\win32u.dll
0x00007ff987a70000 - 0x00007ff987a9a000 	C:\Windows\System32\GDI32.dll
0x00007ff985ad0000 - 0x00007ff985bd9000 	C:\Windows\System32\gdi32full.dll
0x00007ff97e8c0000 - 0x00007ff97e8db000 	C:\Program Files\Zulu\zulu-17\bin\VCRUNTIME140.dll
0x00007ff975210000 - 0x00007ff9754aa000 	C:\Windows\WinSxS\amd64_microsoft.windows.common-controls_6595b64144ccf1df_6.0.19041.1_none_b555e41d4684ddec\COMCTL32.dll
0x00007ff986210000 - 0x00007ff9862ae000 	C:\Windows\System32\msvcrt.dll
0x00007ff985690000 - 0x00007ff98572d000 	C:\Windows\System32\msvcp_win.dll
0x00007ff9861e0000 - 0x00007ff986210000 	C:\Windows\System32\IMM32.DLL
0x00007ff9801f0000 - 0x00007ff9801fc000 	C:\Program Files\Zulu\zulu-17\bin\vcruntime140_1.dll
0x00007ff94c730000 - 0x00007ff94c7bd000 	C:\Program Files\Zulu\zulu-17\bin\msvcp140.dll
0x00007ff949ea0000 - 0x00007ff94ab07000 	C:\Program Files\Zulu\zulu-17\bin\server\jvm.dll
0x00007ff9862b0000 - 0x00007ff98635a000 	C:\Windows\System32\ADVAPI32.dll
0x00007ff986360000 - 0x00007ff9863fb000 	C:\Windows\System32\sechost.dll
0x00007ff986600000 - 0x00007ff986723000 	C:\Windows\System32\RPCRT4.dll
0x00007ff984ea0000 - 0x00007ff984eeb000 	C:\Windows\SYSTEM32\POWRPROF.dll
0x00007ff971430000 - 0x00007ff971439000 	C:\Windows\SYSTEM32\WSOCK32.dll
0x00007ff986940000 - 0x00007ff9869ab000 	C:\Windows\System32\WS2_32.dll
0x00007ff976c50000 - 0x00007ff976c77000 	C:\Windows\SYSTEM32\WINMM.dll
0x00007ff97a340000 - 0x00007ff97a34a000 	C:\Windows\SYSTEM32\VERSION.dll
0x00007ff984da0000 - 0x00007ff984db2000 	C:\Windows\SYSTEM32\UMPDC.dll
0x00007ff983310000 - 0x00007ff983323000 	C:\Windows\SYSTEM32\kernel.appcore.dll
0x00007ff980150000 - 0x00007ff98015a000 	C:\Program Files\Zulu\zulu-17\bin\jimage.dll
0x00007ff96f1e0000 - 0x00007ff96f3c4000 	C:\Windows\SYSTEM32\DBGHELP.DLL
0x00007ff96f170000 - 0x00007ff96f19c000 	C:\Windows\SYSTEM32\dbgcore.DLL
0x00007ff985be0000 - 0x00007ff985c5f000 	C:\Windows\System32\bcryptPrimitives.dll
0x00007ff976360000 - 0x00007ff976385000 	C:\Program Files\Zulu\zulu-17\bin\java.dll
0x00007ff94bf10000 - 0x00007ff94bfe7000 	C:\Program Files\Zulu\zulu-17\bin\jsvml.dll
0x00007ff9869c0000 - 0x00007ff9870f1000 	C:\Windows\System32\SHELL32.dll
0x00007ff983510000 - 0x00007ff983c9a000 	C:\Windows\SYSTEM32\windows.storage.dll
0x00007ff987390000 - 0x00007ff9876e4000 	C:\Windows\System32\combase.dll
0x00007ff984d00000 - 0x00007ff984d2b000 	C:\Windows\SYSTEM32\Wldp.dll
0x00007ff9876f0000 - 0x00007ff98779e000 	C:\Windows\System32\SHCORE.dll
0x00007ff9868e0000 - 0x00007ff986935000 	C:\Windows\System32\shlwapi.dll
0x00007ff985300000 - 0x00007ff98531f000 	C:\Windows\SYSTEM32\profapi.dll
0x00007ff97cc40000 - 0x00007ff97cc59000 	C:\Program Files\Zulu\zulu-17\bin\net.dll
0x00007ff97d930000 - 0x00007ff97da30000 	C:\Windows\SYSTEM32\WINHTTP.dll
0x00007ff984af0000 - 0x00007ff984b5a000 	C:\Windows\system32\mswsock.dll
0x00007ff97a880000 - 0x00007ff97a896000 	C:\Program Files\Zulu\zulu-17\bin\nio.dll
0x00007ff97a290000 - 0x00007ff97a2a8000 	C:\Program Files\Zulu\zulu-17\bin\zip.dll
0x00007ff97feb0000 - 0x00007ff97fec0000 	C:\Program Files\Zulu\zulu-17\bin\verify.dll
0x00007ff981210000 - 0x00007ff981237000 	D:\DOWNLOADS\JetPlayer\native\68d5fa5c4cc2d200863cafc0d521ce42e7d3e7ee720ec0a83991735586a16f82\windows-amd64\native-platform.dll
0x00007ff956370000 - 0x00007ff9564b4000 	D:\DOWNLOADS\JetPlayer\native\e376f236ea51e6404a007f0833ffe2c6e607c4080706a723a18a27aeea778392\windows-amd64\native-platform-file-events.dll
0x00007ff97db00000 - 0x00007ff97db09000 	C:\Program Files\Zulu\zulu-17\bin\management.dll
0x00007ff97daa0000 - 0x00007ff97daab000 	C:\Program Files\Zulu\zulu-17\bin\management_ext.dll
0x00007ff986730000 - 0x00007ff986738000 	C:\Windows\System32\PSAPI.DLL
0x00007ff9850a0000 - 0x00007ff9850b8000 	C:\Windows\SYSTEM32\CRYPTSP.dll
0x00007ff9844a0000 - 0x00007ff9844d4000 	C:\Windows\system32\rsaenh.dll
0x00007ff9859f0000 - 0x00007ff985a17000 	C:\Windows\System32\bcrypt.dll
0x00007ff985280000 - 0x00007ff9852ae000 	C:\Windows\SYSTEM32\USERENV.dll
0x00007ff984c70000 - 0x00007ff984c7c000 	C:\Windows\SYSTEM32\CRYPTBASE.dll
0x00007ff984800000 - 0x00007ff98483b000 	C:\Windows\SYSTEM32\IPHLPAPI.DLL
0x00007ff986400000 - 0x00007ff986409000 	C:\Windows\System32\NSI.dll
0x00007ff97f3a0000 - 0x00007ff97f3b7000 	C:\Windows\SYSTEM32\dhcpcsvc6.DLL
0x00007ff97f380000 - 0x00007ff97f39d000 	C:\Windows\SYSTEM32\dhcpcsvc.DLL
0x00007ff984840000 - 0x00007ff98490a000 	C:\Windows\SYSTEM32\DNSAPI.dll
0x00007ff97d4c0000 - 0x00007ff97d4ce000 	C:\Program Files\Zulu\zulu-17\bin\sunmscapi.dll
0x00007ff985830000 - 0x00007ff98598d000 	C:\Windows\System32\CRYPT32.dll
0x00007ff984d70000 - 0x00007ff984d97000 	C:\Windows\SYSTEM32\ncrypt.dll
0x00007ff984d30000 - 0x00007ff984d6b000 	C:\Windows\SYSTEM32\NTASN1.dll
0x00007ff980200000 - 0x00007ff980207000 	C:\Windows\system32\wshunix.dll

dbghelp: loaded successfully - version: 4.0.5 - missing functions: none
symbol engine: initialized successfully - sym options: 0x614 - pdb path: .;C:\Program Files\Zulu\zulu-17\bin;C:\Windows\SYSTEM32;C:\Windows\WinSxS\amd64_microsoft.windows.common-controls_6595b64144ccf1df_6.0.19041.1_none_b555e41d4684ddec;C:\Program Files\Zulu\zulu-17\bin\server;D:\DOWNLOADS\JetPlayer\native\68d5fa5c4cc2d200863cafc0d521ce42e7d3e7ee720ec0a83991735586a16f82\windows-amd64;D:\DOWNLOADS\JetPlayer\native\e376f236ea51e6404a007f0833ffe2c6e607c4080706a723a18a27aeea778392\windows-amd64

VM Arguments:
jvm_args: --add-opens=java.base/java.util=ALL-UNNAMED --add-opens=java.base/java.lang=ALL-UNNAMED --add-opens=java.base/java.lang.invoke=ALL-UNNAMED --add-opens=java.prefs/java.util.prefs=ALL-UNNAMED --add-opens=java.base/java.nio.charset=ALL-UNNAMED --add-opens=java.base/java.net=ALL-UNNAMED --add-opens=java.base/java.util.concurrent.atomic=ALL-UNNAMED -Xmx2048m -Dfile.encoding=UTF-8 -Duser.country=US -Duser.language=en -Duser.variant 
java_command: org.gradle.launcher.daemon.bootstrap.GradleDaemon 8.0
java_class_path (initial): D:\DOWNLOADS\JetPlayer\wrapper\dists\gradle-8.0-bin\ca5e32bp14vu59qr306oxotwh\gradle-8.0\lib\gradle-launcher-8.0.jar
Launcher Type: SUN_STANDARD

[Global flags]
     intx CICompilerCount                          = 3                                         {product} {ergonomic}
     uint ConcGCThreads                            = 1                                         {product} {ergonomic}
     uint G1ConcRefinementThreads                  = 4                                         {product} {ergonomic}
   size_t G1HeapRegionSize                         = 1048576                                   {product} {ergonomic}
    uintx GCDrainStackTargetSize                   = 64                                        {product} {ergonomic}
   size_t InitialHeapSize                          = 132120576                                 {product} {ergonomic}
   size_t MarkStackSize                            = 4194304                                   {product} {ergonomic}
   size_t MaxHeapSize                              = 2147483648                                {product} {command line}
   size_t MaxNewSize                               = 1287651328                                {product} {ergonomic}
   size_t MinHeapDeltaBytes                        = 1048576                                   {product} {ergonomic}
   size_t MinHeapSize                              = 8388608                                   {product} {ergonomic}
    uintx NonNMethodCodeHeapSize                   = 5832780                                {pd product} {ergonomic}
    uintx NonProfiledCodeHeapSize                  = 122912730                              {pd product} {ergonomic}
    uintx ProfiledCodeHeapSize                     = 122912730                              {pd product} {ergonomic}
    uintx ReservedCodeCacheSize                    = 251658240                              {pd product} {ergonomic}
     bool SegmentedCodeCache                       = true                                      {product} {ergonomic}
   size_t SoftMaxHeapSize                          = 2147483648                             {manageable} {ergonomic}
     bool UseCompressedClassPointers               = true                           {product lp64_product} {ergonomic}
     bool UseCompressedOops                        = true                           {product lp64_product} {ergonomic}
     bool UseG1GC                                  = true                                      {product} {ergonomic}
     bool UseLargePagesIndividualAllocation        = false                                  {pd product} {ergonomic}

Logging:
Log output configuration:
 #0: stdout all=warning uptime,level,tags
 #1: stderr all=off uptime,level,tags

Environment Variables:
JAVA_HOME=C:\Program Files\Zulu\zulu-17
PATH=C:\Program Files\Zulu\zulu-17\bin\;C:\Program Files\Common Files\Oracle\Java\javapath;C:\Program Files (x86)\Common Files\Oracle\Java\javapath;C:\Program Files\Zulu\zulu-8\bin\;C:\ProgramData\Oracle\Java\javapath;C:\Windows\system32;C:\Windows;C:\Windows\System32\Wbem;C:\Windows\System32\WindowsPowerShell\v1.0\;C:\Windows\System32\OpenSSH\;C:\Program Files (x86)\dotnet\;C:\Program Files\dotnet\;C:\Program Files (x86)\QuickTime\QTSystem\;D:\DOWNLOADS\gradle-8.3-all\gradle-8.3\bin;C:\Program Files\Git\cmd;C:\Program Files\Java\jdk-21\bin;C:\Users\ACER\AppData\Local\Microsoft\WindowsApps;C:\Users\ACER\AppData\Local\Programs\Microsoft VS Code\bin;C:\Program Files\Java\jdk-21\bin;
USERNAME=ACER
OS=Windows_NT
PROCESSOR_IDENTIFIER=Intel64 Family 6 Model 58 Stepping 9, GenuineIntel
TMP=C:\Users\ACER\AppData\Local\Temp
TEMP=C:\Users\ACER\AppData\Local\Temp



Periodic native trim disabled


---------------  S Y S T E M  ---------------

OS:
 Windows 10 , 64 bit Build 19041 (10.0.19041.207)
OS uptime: 0 days 17:50 hours
Hyper-V role detected

CPU: total 4 (initial active 4) (2 cores per cpu, 2 threads per core) family 6 model 58 stepping 9 microcode 0x21, cx8, cmov, fxsr, ht, mmx, sse, sse2, sse3, ssse3, sse4.1, sse4.2, popcnt, tsc, tscinvbit, avx, aes, erms, clmul, vzeroupper, clflush, hv
Processor Information for all 4 processors :
  Max Mhz: 2501, Current Mhz: 2100, Mhz Limit: 2075

Memory: 4k page, system-wide physical 8030M (676M free)
TotalPageFile size 10078M (AvailPageFile size 5M)
current process WorkingSet (physical memory assigned to process): 201M, peak: 201M
current process commit charge ("private bytes"): 274M, peak: 276M

vm_info: OpenJDK 64-Bit Server VM (17.0.9+8-LTS) for windows-amd64 JRE (17.0.9+8-LTS) (Zulu17.46+19-CA), built on Oct 11 2023 20:47:25 by "zulu_re" with MS VC++ 16.10 / 16.11 (VS2019)

END.
