#
# There is insufficient memory for the Java Runtime Environment to continue.
# Native memory allocation (mmap) failed to map 347078656 bytes for G1 virtual space
# Possible reasons:
#   The system is out of physical RAM or swap space
#   The process is running with CompressedOops enabled, and the Java Heap may be blocking the growth of the native heap
# Possible solutions:
#   Reduce memory load on the system
#   Increase physical memory or swap space
#   Check if swap backing store is full
#   Decrease Java heap size (-Xmx/-Xms)
#   Decrease number of Java threads
#   Decrease Java thread stack sizes (-Xss)
#   Set larger code cache with -XX:ReservedCodeCacheSize=
#   JVM is running with Unscaled Compressed Oops mode in which the Java heap is
#     placed in the first 4GB address space. The Java Heap base address is the
#     maximum limit for the native heap growth. Please use -XX:HeapBaseMinAddress
#     to set the Java Heap base and to place the Java Heap above 4GB virtual address.
# This output file may be truncated or incomplete.
#
#  Out of Memory Error (os_windows.cpp:3769), pid=7976, tid=4124
#
# JRE version: OpenJDK Runtime Environment (17.0.6) (build 17.0.6+0-b2043.56-10027231)
# Java VM: OpenJDK 64-Bit Server VM (17.0.6+0-b2043.56-10027231, mixed mode, tiered, compressed oops, compressed class ptrs, g1 gc, windows-amd64)
# No core dump will be written. Minidumps are not enabled by default on client versions of Windows
#

---------------  S U M M A R Y ------------

Command Line: --add-opens=java.base/java.util=ALL-UNNAMED --add-opens=java.base/java.lang=ALL-UNNAMED --add-opens=java.base/java.lang.invoke=ALL-UNNAMED --add-opens=java.prefs/java.util.prefs=ALL-UNNAMED --add-opens=java.base/java.nio.charset=ALL-UNNAMED --add-opens=java.base/java.net=ALL-UNNAMED --add-opens=java.base/java.util.concurrent.atomic=ALL-UNNAMED -Xmx2048m -Dfile.encoding=UTF-8 -Duser.country=US -Duser.language=en -Duser.variant org.gradle.launcher.daemon.bootstrap.GradleDaemon 8.0

Host: Intel(R) Core(TM) i5-3210M CPU @ 2.50GHz, 4 cores, 7G,  Windows 10 , 64 bit Build 19041 (10.0.19041.207)
Time: Mon Jan 22 02:29:39 2024 SE Asia Standard Time elapsed time: 34.824439 seconds (0d 0h 0m 34s)

---------------  T H R E A D  ---------------

Current thread (0x000001a16201d710):  VMThread "VM Thread" [stack: 0x000000151b000000,0x000000151b100000] [id=4124]

Stack: [0x000000151b000000,0x000000151b100000]
Native frames: (J=compiled Java code, j=interpreted, Vv=VM code, C=native code)
V  [jvm.dll+0x683c9a]
V  [jvm.dll+0x8427a4]
V  [jvm.dll+0x843f9e]
V  [jvm.dll+0x844603]
V  [jvm.dll+0x249b75]
V  [jvm.dll+0x680b69]
V  [jvm.dll+0x67505a]
V  [jvm.dll+0x309acb]
V  [jvm.dll+0x310f86]
V  [jvm.dll+0x3608ee]
V  [jvm.dll+0x360b1f]
V  [jvm.dll+0x2dfbf8]
V  [jvm.dll+0x2ddec4]
V  [jvm.dll+0x2dd4cc]
V  [jvm.dll+0x321f3b]
V  [jvm.dll+0x848ccb]
V  [jvm.dll+0x849a04]
V  [jvm.dll+0x849f1d]
V  [jvm.dll+0x84a2f4]
V  [jvm.dll+0x84a3c0]
V  [jvm.dll+0x7f274a]
V  [jvm.dll+0x682ad5]
C  [ucrtbase.dll+0x21542]
C  [KERNEL32.DLL+0x16fd4]
C  [ntdll.dll+0x4cec1]

VM_Operation (0x000000151c7f3830): G1CollectForAllocation, mode: safepoint, requested by thread 0x000001a165fc88e0


---------------  P R O C E S S  ---------------

Threads class SMR info:
_java_thread_list=0x000001a16abe6260, length=85, elements={
0x000001a146acbe80, 0x000001a162020330, 0x000001a1620220c0, 0x000001a16202c860,
0x000001a16205e410, 0x000001a162c0a090, 0x000001a162c0a950, 0x000001a162c0b540,
0x000001a162c17350, 0x000001a162c34420, 0x000001a162db2020, 0x000001a162db6910,
0x000001a16465bb90, 0x000001a1660cc190, 0x000001a165a58940, 0x000001a165af8820,
0x000001a1661d9a20, 0x000001a1639241d0, 0x000001a165fc88e0, 0x000001a165f72360,
0x000001a165f74510, 0x000001a165f75850, 0x000001a165f74040, 0x000001a165f75d20,
0x000001a165f74eb0, 0x000001a165f731d0, 0x000001a165f749e0, 0x000001a165f72830,
0x000001a165f73b70, 0x000001a165f72d00, 0x000001a165f736a0, 0x000001a165f75380,
0x000001a1659977c0, 0x000001a1659972f0, 0x000001a165993930, 0x000001a165995140,
0x000001a165999e40, 0x000001a16599a7e0, 0x000001a165992f90, 0x000001a1659947a0,
0x000001a165997c90, 0x000001a165995610, 0x000001a165993460, 0x000001a165993e00,
0x000001a1659942d0, 0x000001a165998630, 0x000001a165998b00, 0x000001a165994c70,
0x000001a165995ae0, 0x000001a165995fb0, 0x000001a165996480, 0x000001a163d0b590,
0x000001a163d0ea80, 0x000001a163d0cda0, 0x000001a163d0dc10, 0x000001a163d0e5b0,
0x000001a163d0ba60, 0x000001a163d0ef50, 0x000001a163d10c30, 0x000001a163d0d270,
0x000001a163d0f420, 0x000001a163d0c400, 0x000001a163d0a720, 0x000001a163d0f8f0,
0x000001a163d098b0, 0x000001a163d0d740, 0x000001a163d10760, 0x000001a163d0a250,
0x000001a163d0fdc0, 0x000001a163d10290, 0x000001a163d0e0e0, 0x000001a163d0abf0,
0x000001a163d0bf30, 0x000001a163d093e0, 0x000001a163d0c8d0, 0x000001a163d09d80,
0x000001a163d0b0c0, 0x000001a168cf55d0, 0x000001a168cf5aa0, 0x000001a168cf6de0,
0x000001a168cf6910, 0x000001a168cf38f0, 0x000001a168cf72b0, 0x000001a168cf3dc0,
0x000001a16ca2b010
}

Java Threads: ( => current thread )
  0x000001a146acbe80 JavaThread "main" [_thread_blocked, id=4500, stack(0x000000151aa00000,0x000000151ab00000)]
  0x000001a162020330 JavaThread "Reference Handler" daemon [_thread_blocked, id=9692, stack(0x000000151b100000,0x000000151b200000)]
  0x000001a1620220c0 JavaThread "Finalizer" daemon [_thread_blocked, id=1956, stack(0x000000151b200000,0x000000151b300000)]
  0x000001a16202c860 JavaThread "Signal Dispatcher" daemon [_thread_blocked, id=8836, stack(0x000000151b300000,0x000000151b400000)]
  0x000001a16205e410 JavaThread "Attach Listener" daemon [_thread_blocked, id=1724, stack(0x000000151b400000,0x000000151b500000)]
  0x000001a162c0a090 JavaThread "Service Thread" daemon [_thread_blocked, id=232, stack(0x000000151b500000,0x000000151b600000)]
  0x000001a162c0a950 JavaThread "Monitor Deflation Thread" daemon [_thread_blocked, id=1336, stack(0x000000151b600000,0x000000151b700000)]
  0x000001a162c0b540 JavaThread "C2 CompilerThread0" daemon [_thread_blocked, id=6800, stack(0x000000151b700000,0x000000151b800000)]
  0x000001a162c17350 JavaThread "C1 CompilerThread0" daemon [_thread_blocked, id=2188, stack(0x000000151b800000,0x000000151b900000)]
  0x000001a162c34420 JavaThread "Sweeper thread" daemon [_thread_blocked, id=9228, stack(0x000000151b900000,0x000000151ba00000)]
  0x000001a162db2020 JavaThread "Common-Cleaner" daemon [_thread_blocked, id=2512, stack(0x000000151ba00000,0x000000151bb00000)]
  0x000001a162db6910 JavaThread "Notification Thread" daemon [_thread_blocked, id=6120, stack(0x000000151bb00000,0x000000151bc00000)]
  0x000001a16465bb90 JavaThread "Daemon health stats" [_thread_blocked, id=1248, stack(0x000000151c100000,0x000000151c200000)]
  0x000001a1660cc190 JavaThread "Incoming local TCP Connector on port 60797" [_thread_in_native, id=5572, stack(0x000000151c200000,0x000000151c300000)]
  0x000001a165a58940 JavaThread "Daemon periodic checks" [_thread_blocked, id=7156, stack(0x000000151c300000,0x000000151c400000)]
  0x000001a165af8820 JavaThread "Daemon" [_thread_blocked, id=9004, stack(0x000000151c400000,0x000000151c500000)]
  0x000001a1661d9a20 JavaThread "Handler for socket connection from /127.0.0.1:60797 to /127.0.0.1:60798" [_thread_in_native, id=7008, stack(0x000000151c500000,0x000000151c600000)]
  0x000001a1639241d0 JavaThread "Cancel handler" [_thread_blocked, id=592, stack(0x000000151c600000,0x000000151c700000)]
  0x000001a165fc88e0 JavaThread "Daemon worker" [_thread_blocked, id=3108, stack(0x000000151c700000,0x000000151c800000)]
  0x000001a165f72360 JavaThread "Asynchronous log dispatcher for DefaultDaemonConnection: socket connection from /127.0.0.1:60797 to /127.0.0.1:60798" [_thread_blocked, id=9748, stack(0x000000151c800000,0x000000151c900000)]
  0x000001a165f74510 JavaThread "Stdin handler" [_thread_blocked, id=1176, stack(0x000000151c900000,0x000000151ca00000)]
  0x000001a165f75850 JavaThread "Daemon client event forwarder" [_thread_blocked, id=5956, stack(0x000000151ca00000,0x000000151cb00000)]
  0x000001a165f74040 JavaThread "Cache worker for journal cache (D:\DOWNLOADS\JetPlayer\caches\journal-1)" [_thread_blocked, id=560, stack(0x000000151bd00000,0x000000151be00000)]
  0x000001a165f75d20 JavaThread "File lock request listener" [_thread_in_native, id=3800, stack(0x000000151cb00000,0x000000151cc00000)]
  0x000001a165f74eb0 JavaThread "Cache worker for file hash cache (D:\DOWNLOADS\JetPlayer\caches\8.0\fileHashes)" [_thread_blocked, id=8060, stack(0x000000151cd00000,0x000000151ce00000)]
  0x000001a165f731d0 JavaThread "File watcher server" daemon [_thread_in_native, id=3004, stack(0x000000151ce00000,0x000000151cf00000)]
  0x000001a165f749e0 JavaThread "File watcher consumer" daemon [_thread_blocked, id=2920, stack(0x000000151cf00000,0x000000151d000000)]
  0x000001a165f72830 JavaThread "jar transforms" [_thread_blocked, id=3692, stack(0x000000151d000000,0x000000151d100000)]
  0x000001a165f73b70 JavaThread "jar transforms Thread 2" [_thread_blocked, id=2792, stack(0x000000151d100000,0x000000151d200000)]
  0x000001a165f72d00 JavaThread "jar transforms Thread 3" [_thread_blocked, id=1840, stack(0x000000151d200000,0x000000151d300000)]
  0x000001a165f736a0 JavaThread "jar transforms Thread 4" [_thread_blocked, id=6132, stack(0x000000151d300000,0x000000151d400000)]
  0x000001a165f75380 JavaThread "Cache worker for checksums cache (C:\Users\ACER\AndroidStudioProjects\ShoesCare\.gradle\8.0\checksums)" [_thread_blocked, id=7864, stack(0x000000151d400000,0x000000151d500000)]
  0x000001a1659977c0 JavaThread "Cache worker for cache directory md-rule (D:\DOWNLOADS\JetPlayer\caches\8.0\md-rule)" [_thread_blocked, id=3672, stack(0x000000151d500000,0x000000151d600000)]
  0x000001a1659972f0 JavaThread "Cache worker for file content cache (D:\DOWNLOADS\JetPlayer\caches\8.0\fileContent)" [_thread_blocked, id=8784, stack(0x000000151d600000,0x000000151d700000)]
  0x000001a165993930 JavaThread "Cache worker for file hash cache (C:\Users\ACER\AndroidStudioProjects\ShoesCare\.gradle\8.0\fileHashes)" [_thread_blocked, id=7820, stack(0x000000151d700000,0x000000151d800000)]
  0x000001a165995140 JavaThread "Cache worker for cache directory md-supplier (D:\DOWNLOADS\JetPlayer\caches\8.0\md-supplier)" [_thread_blocked, id=2292, stack(0x000000151d800000,0x000000151d900000)]
  0x000001a165999e40 JavaThread "Cache worker for execution history cache (D:\DOWNLOADS\JetPlayer\caches\8.0\executionHistory)" [_thread_blocked, id=4332, stack(0x000000151d900000,0x000000151da00000)]
  0x000001a16599a7e0 JavaThread "Cache worker for kotlin-dsl (D:\DOWNLOADS\JetPlayer\caches\8.0\kotlin-dsl)" [_thread_blocked, id=1600, stack(0x000000151da00000,0x000000151db00000)]
  0x000001a165992f90 JavaThread "Cache worker for dependencies-accessors (C:\Users\ACER\AndroidStudioProjects\ShoesCare\.gradle\8.0\dependencies-accessors)" [_thread_blocked, id=4824, stack(0x000000151db00000,0x000000151dc00000)]
  0x000001a1659947a0 JavaThread "Cache worker for Build Output Cleanup Cache (C:\Users\ACER\AndroidStudioProjects\ShoesCare\.gradle\buildOutputCleanup)" [_thread_blocked, id=6644, stack(0x000000151dc00000,0x000000151dd00000)]
  0x000001a165997c90 JavaThread "Unconstrained build operations" [_thread_blocked, id=1968, stack(0x000000151cc00000,0x000000151cd00000)]
  0x000001a165995610 JavaThread "Unconstrained build operations Thread 2" [_thread_blocked, id=8360, stack(0x000000151dd00000,0x000000151de00000)]
  0x000001a165993460 JavaThread "Unconstrained build operations Thread 3" [_thread_blocked, id=8020, stack(0x000000151de00000,0x000000151df00000)]
  0x000001a165993e00 JavaThread "Unconstrained build operations Thread 4" [_thread_blocked, id=9128, stack(0x000000151df00000,0x000000151e000000)]
  0x000001a1659942d0 JavaThread "Unconstrained build operations Thread 5" [_thread_blocked, id=8488, stack(0x000000151e000000,0x000000151e100000)]
  0x000001a165998630 JavaThread "Unconstrained build operations Thread 6" [_thread_blocked, id=7304, stack(0x000000151e100000,0x000000151e200000)]
  0x000001a165998b00 JavaThread "Unconstrained build operations Thread 7" [_thread_blocked, id=10236, stack(0x000000151e200000,0x000000151e300000)]
  0x000001a165994c70 JavaThread "Unconstrained build operations Thread 8" [_thread_blocked, id=5740, stack(0x000000151e300000,0x000000151e400000)]
  0x000001a165995ae0 JavaThread "Unconstrained build operations Thread 9" [_thread_blocked, id=4152, stack(0x000000151e400000,0x000000151e500000)]
  0x000001a165995fb0 JavaThread "Unconstrained build operations Thread 10" [_thread_blocked, id=6772, stack(0x000000151e500000,0x000000151e600000)]
  0x000001a165996480 JavaThread "Unconstrained build operations Thread 11" [_thread_blocked, id=7328, stack(0x000000151e600000,0x000000151e700000)]
  0x000001a163d0b590 JavaThread "Unconstrained build operations Thread 12" [_thread_blocked, id=6412, stack(0x000000151e700000,0x000000151e800000)]
  0x000001a163d0ea80 JavaThread "Unconstrained build operations Thread 13" [_thread_blocked, id=6700, stack(0x000000151e800000,0x000000151e900000)]
  0x000001a163d0cda0 JavaThread "Unconstrained build operations Thread 14" [_thread_blocked, id=8772, stack(0x000000151e900000,0x000000151ea00000)]
  0x000001a163d0dc10 JavaThread "Unconstrained build operations Thread 15" [_thread_blocked, id=7924, stack(0x000000151ea00000,0x000000151eb00000)]
  0x000001a163d0e5b0 JavaThread "Unconstrained build operations Thread 16" [_thread_blocked, id=5356, stack(0x000000151eb00000,0x000000151ec00000)]
  0x000001a163d0ba60 JavaThread "Unconstrained build operations Thread 17" [_thread_blocked, id=4208, stack(0x000000151ec00000,0x000000151ed00000)]
  0x000001a163d0ef50 JavaThread "Unconstrained build operations Thread 18" [_thread_blocked, id=10144, stack(0x000000151ed00000,0x000000151ee00000)]
  0x000001a163d10c30 JavaThread "Unconstrained build operations Thread 19" [_thread_blocked, id=6420, stack(0x000000151ee00000,0x000000151ef00000)]
  0x000001a163d0d270 JavaThread "Unconstrained build operations Thread 20" [_thread_blocked, id=732, stack(0x000000151ef00000,0x000000151f000000)]
  0x000001a163d0f420 JavaThread "Unconstrained build operations Thread 21" [_thread_blocked, id=6920, stack(0x000000151f000000,0x000000151f100000)]
  0x000001a163d0c400 JavaThread "Unconstrained build operations Thread 22" [_thread_blocked, id=5560, stack(0x000000151f100000,0x000000151f200000)]
  0x000001a163d0a720 JavaThread "Unconstrained build operations Thread 23" [_thread_blocked, id=4992, stack(0x000000151f200000,0x000000151f300000)]
  0x000001a163d0f8f0 JavaThread "Unconstrained build operations Thread 24" [_thread_blocked, id=4428, stack(0x000000151f300000,0x000000151f400000)]
  0x000001a163d098b0 JavaThread "Unconstrained build operations Thread 25" [_thread_blocked, id=4524, stack(0x000000151f400000,0x000000151f500000)]
  0x000001a163d0d740 JavaThread "Unconstrained build operations Thread 26" [_thread_blocked, id=9880, stack(0x000000151f500000,0x000000151f600000)]
  0x000001a163d10760 JavaThread "Unconstrained build operations Thread 27" [_thread_blocked, id=9284, stack(0x000000151f600000,0x000000151f700000)]
  0x000001a163d0a250 JavaThread "Unconstrained build operations Thread 28" [_thread_blocked, id=820, stack(0x000000151f700000,0x000000151f800000)]
  0x000001a163d0fdc0 JavaThread "Unconstrained build operations Thread 29" [_thread_blocked, id=8396, stack(0x000000151f800000,0x000000151f900000)]
  0x000001a163d10290 JavaThread "Unconstrained build operations Thread 30" [_thread_blocked, id=10124, stack(0x000000151f900000,0x000000151fa00000)]
  0x000001a163d0e0e0 JavaThread "Unconstrained build operations Thread 31" [_thread_blocked, id=6824, stack(0x000000151fa00000,0x000000151fb00000)]
  0x000001a163d0abf0 JavaThread "Unconstrained build operations Thread 32" [_thread_blocked, id=5924, stack(0x000000151fb00000,0x000000151fc00000)]
  0x000001a163d0bf30 JavaThread "Unconstrained build operations Thread 33" [_thread_blocked, id=4812, stack(0x000000151fc00000,0x000000151fd00000)]
  0x000001a163d093e0 JavaThread "Unconstrained build operations Thread 34" [_thread_blocked, id=4656, stack(0x000000151fd00000,0x000000151fe00000)]
  0x000001a163d0c8d0 JavaThread "Unconstrained build operations Thread 35" [_thread_blocked, id=4724, stack(0x000000151fe00000,0x000000151ff00000)]
  0x000001a163d09d80 JavaThread "Unconstrained build operations Thread 36" [_thread_blocked, id=9584, stack(0x000000151ff00000,0x0000001520000000)]
  0x000001a163d0b0c0 JavaThread "Unconstrained build operations Thread 37" [_thread_blocked, id=7252, stack(0x0000001520000000,0x0000001520100000)]
  0x000001a168cf55d0 JavaThread "Unconstrained build operations Thread 38" [_thread_blocked, id=8988, stack(0x0000001520100000,0x0000001520200000)]
  0x000001a168cf5aa0 JavaThread "Unconstrained build operations Thread 39" [_thread_blocked, id=7608, stack(0x0000001520200000,0x0000001520300000)]
  0x000001a168cf6de0 JavaThread "Unconstrained build operations Thread 40" [_thread_blocked, id=6404, stack(0x0000001520300000,0x0000001520400000)]
  0x000001a168cf6910 JavaThread "Memory manager" [_thread_blocked, id=1656, stack(0x0000001520500000,0x0000001520600000)]
  0x000001a168cf38f0 JavaThread "build event listener" [_thread_blocked, id=8912, stack(0x0000001520600000,0x0000001520700000)]
  0x000001a168cf72b0 JavaThread "build event listener" [_thread_blocked, id=6984, stack(0x0000001520700000,0x0000001520800000)]
  0x000001a168cf3dc0 JavaThread "Kotlin DSL Writer" [_thread_blocked, id=4596, stack(0x0000001520800000,0x0000001520900000)]
  0x000001a16ca2b010 JavaThread "C2 CompilerThread1" daemon [_thread_blocked, id=5660, stack(0x0000001520400000,0x0000001520500000)]

Other Threads:
=>0x000001a16201d710 VMThread "VM Thread" [stack: 0x000000151b000000,0x000000151b100000] [id=4124]
  0x000001a146b6de50 WatcherThread [stack: 0x000000151bc00000,0x000000151bd00000] [id=8544]
  0x000001a146b52f40 GCTaskThread "GC Thread#0" [stack: 0x000000151ab00000,0x000000151ac00000] [id=9304]
  0x000001a163224420 GCTaskThread "GC Thread#1" [stack: 0x000000151be00000,0x000000151bf00000] [id=8808]
  0x000001a16379e030 GCTaskThread "GC Thread#2" [stack: 0x000000151bf00000,0x000000151c000000] [id=9400]
  0x000001a163d5a3f0 GCTaskThread "GC Thread#3" [stack: 0x000000151c000000,0x000000151c100000] [id=7292]
  0x000001a146b63d90 ConcurrentGCThread "G1 Main Marker" [stack: 0x000000151ac00000,0x000000151ad00000] [id=3376]
  0x000001a146b64e50 ConcurrentGCThread "G1 Conc#0" [stack: 0x000000151ad00000,0x000000151ae00000] [id=7728]
  0x000001a146bce5d0 ConcurrentGCThread "G1 Refine#0" [stack: 0x000000151ae00000,0x000000151af00000] [id=9244]
  0x000001a166130a90 ConcurrentGCThread "G1 Refine#1" [stack: 0x0000001520b00000,0x0000001520c00000] [id=4748]
  0x000001a166131050 ConcurrentGCThread "G1 Refine#2" [stack: 0x0000001520c00000,0x0000001520d00000] [id=6184]
  0x000001a161e730b0 ConcurrentGCThread "G1 Service" [stack: 0x000000151af00000,0x000000151b000000] [id=7368]

Threads with active compile tasks:
C2 CompilerThread0    34856 10424 %     4       org.jetbrains.kotlin.com.intellij.openapi.vfs.impl.jar.CoreJarHandler::<init> @ 64 (236 bytes)
C1 CompilerThread0    34856 10571       3       jdk.internal.jimage.ImageBufferCache::releaseBuffer (71 bytes)
C2 CompilerThread1    34856 10536       4       java.util.stream.StreamSpliterators$WrappingSpliterator::tryAdvance (36 bytes)

VM state: at safepoint (normal execution)

VM Mutex/Monitor currently owned by a thread:  ([mutex/lock_event])
[0x000001a146af7aa0] Threads_lock - owner thread: 0x000001a16201d710
[0x000001a146af7620] Heap_lock - owner thread: 0x000001a165fc88e0

Heap address: 0x0000000080000000, size: 2048 MB, Compressed Oops mode: 32-bit

CDS archive(s) not mapped
Compressed class space mapped at: 0x0000000100000000-0x0000000140000000, reserved size: 1073741824
Narrow klass base: 0x0000000000000000, Narrow klass shift: 3, Narrow klass range: 0x140000000

GC Precious Log:
 CPUs: 4 total, 4 available
 Memory: 8030M
 Large Page Support: Disabled
 NUMA Support: Disabled
 Compressed Oops: Enabled (32-bit)
 Heap Region Size: 1M
 Heap Min Capacity: 8M
 Heap Initial Capacity: 126M
 Heap Max Capacity: 2G
 Pre-touch: Disabled
 Parallel Workers: 4
 Concurrent Workers: 1
 Concurrent Refinement Workers: 4
 Periodic GC: Disabled

Heap:
 garbage-first heap   total 223232K, used 142336K [0x0000000080000000, 0x0000000100000000)
  region size 1024K, 7 young (7168K), 7 survivors (7168K)
 Metaspace       used 98583K, committed 99264K, reserved 1138688K
  class space    used 13298K, committed 13632K, reserved 1048576K

Heap Regions: E=young(eden), S=young(survivor), O=old, HS=humongous(starts), HC=humongous(continues), CS=collection set, F=free, OA=open archive, CA=closed archive, TAMS=top-at-mark-start (previous, next)
|   0|0x0000000080000000, 0x0000000080100000, 0x0000000080100000|100%| O|  |TAMS 0x0000000080100000, 0x0000000080100000| Untracked 
|   1|0x0000000080100000, 0x0000000080200000, 0x0000000080200000|100%| O|  |TAMS 0x0000000080200000, 0x0000000080200000| Untracked 
|   2|0x0000000080200000, 0x0000000080300000, 0x0000000080300000|100%|HS|  |TAMS 0x0000000080300000, 0x0000000080300000| Complete 
|   3|0x0000000080300000, 0x0000000080400000, 0x0000000080400000|100%|HC|  |TAMS 0x0000000080400000, 0x0000000080400000| Complete 
|   4|0x0000000080400000, 0x0000000080500000, 0x0000000080500000|100%|HC|  |TAMS 0x0000000080500000, 0x0000000080500000| Complete 
|   5|0x0000000080500000, 0x0000000080600000, 0x0000000080600000|100%|HC|  |TAMS 0x0000000080600000, 0x0000000080600000| Complete 
|   6|0x0000000080600000, 0x0000000080700000, 0x0000000080700000|100%| O|  |TAMS 0x0000000080700000, 0x0000000080700000| Untracked 
|   7|0x0000000080700000, 0x0000000080800000, 0x0000000080800000|100%| O|  |TAMS 0x0000000080800000, 0x0000000080800000| Untracked 
|   8|0x0000000080800000, 0x0000000080900000, 0x0000000080900000|100%| O|  |TAMS 0x0000000080900000, 0x0000000080900000| Untracked 
|   9|0x0000000080900000, 0x0000000080a00000, 0x0000000080a00000|100%| O|  |TAMS 0x0000000080a00000, 0x0000000080a00000| Untracked 
|  10|0x0000000080a00000, 0x0000000080b00000, 0x0000000080b00000|100%| O|  |TAMS 0x0000000080b00000, 0x0000000080b00000| Untracked 
|  11|0x0000000080b00000, 0x0000000080c00000, 0x0000000080c00000|100%| O|  |TAMS 0x0000000080c00000, 0x0000000080c00000| Untracked 
|  12|0x0000000080c00000, 0x0000000080d00000, 0x0000000080d00000|100%| O|  |TAMS 0x0000000080d00000, 0x0000000080d00000| Untracked 
|  13|0x0000000080d00000, 0x0000000080e00000, 0x0000000080e00000|100%| O|  |TAMS 0x0000000080e00000, 0x0000000080e00000| Untracked 
|  14|0x0000000080e00000, 0x0000000080f00000, 0x0000000080f00000|100%| O|  |TAMS 0x0000000080f00000, 0x0000000080f00000| Untracked 
|  15|0x0000000080f00000, 0x0000000081000000, 0x0000000081000000|100%| O|  |TAMS 0x0000000081000000, 0x0000000081000000| Untracked 
|  16|0x0000000081000000, 0x0000000081100000, 0x0000000081100000|100%| O|  |TAMS 0x0000000081100000, 0x0000000081100000| Untracked 
|  17|0x0000000081100000, 0x0000000081200000, 0x0000000081200000|100%| O|  |TAMS 0x0000000081200000, 0x0000000081200000| Untracked 
|  18|0x0000000081200000, 0x0000000081300000, 0x0000000081300000|100%| O|  |TAMS 0x0000000081300000, 0x0000000081300000| Untracked 
|  19|0x0000000081300000, 0x0000000081400000, 0x0000000081400000|100%| O|  |TAMS 0x0000000081400000, 0x0000000081400000| Untracked 
|  20|0x0000000081400000, 0x0000000081500000, 0x0000000081500000|100%| O|  |TAMS 0x0000000081500000, 0x0000000081500000| Untracked 
|  21|0x0000000081500000, 0x0000000081600000, 0x0000000081600000|100%|HS|  |TAMS 0x0000000081600000, 0x0000000081600000| Complete 
|  22|0x0000000081600000, 0x0000000081700000, 0x0000000081700000|100%|HC|  |TAMS 0x0000000081700000, 0x0000000081700000| Complete 
|  23|0x0000000081700000, 0x0000000081800000, 0x0000000081800000|100%|HS|  |TAMS 0x0000000081800000, 0x0000000081800000| Complete 
|  24|0x0000000081800000, 0x0000000081900000, 0x0000000081900000|100%|HC|  |TAMS 0x0000000081900000, 0x0000000081900000| Complete 
|  25|0x0000000081900000, 0x0000000081a00000, 0x0000000081a00000|100%|HC|  |TAMS 0x0000000081a00000, 0x0000000081a00000| Complete 
|  26|0x0000000081a00000, 0x0000000081b00000, 0x0000000081b00000|100%|HS|  |TAMS 0x0000000081b00000, 0x0000000081b00000| Complete 
|  27|0x0000000081b00000, 0x0000000081c00000, 0x0000000081c00000|100%|HC|  |TAMS 0x0000000081c00000, 0x0000000081c00000| Complete 
|  28|0x0000000081c00000, 0x0000000081d00000, 0x0000000081d00000|100%|HC|  |TAMS 0x0000000081d00000, 0x0000000081d00000| Complete 
|  29|0x0000000081d00000, 0x0000000081e00000, 0x0000000081e00000|100%|HS|  |TAMS 0x0000000081e00000, 0x0000000081e00000| Complete 
|  30|0x0000000081e00000, 0x0000000081f00000, 0x0000000081f00000|100%|HC|  |TAMS 0x0000000081f00000, 0x0000000081f00000| Complete 
|  31|0x0000000081f00000, 0x0000000082000000, 0x0000000082000000|100%|HC|  |TAMS 0x0000000082000000, 0x0000000082000000| Complete 
|  32|0x0000000082000000, 0x0000000082100000, 0x0000000082100000|100%|HC|  |TAMS 0x0000000082100000, 0x0000000082100000| Complete 
|  33|0x0000000082100000, 0x0000000082200000, 0x0000000082200000|100%|HC|  |TAMS 0x0000000082200000, 0x0000000082200000| Complete 
|  34|0x0000000082200000, 0x0000000082300000, 0x0000000082300000|100%|HC|  |TAMS 0x0000000082300000, 0x0000000082300000| Complete 
|  35|0x0000000082300000, 0x0000000082400000, 0x0000000082400000|100%|HC|  |TAMS 0x0000000082400000, 0x0000000082400000| Complete 
|  36|0x0000000082400000, 0x0000000082500000, 0x0000000082500000|100%|HC|  |TAMS 0x0000000082500000, 0x0000000082500000| Complete 
|  37|0x0000000082500000, 0x0000000082600000, 0x0000000082600000|100%|HC|  |TAMS 0x0000000082600000, 0x0000000082600000| Complete 
|  38|0x0000000082600000, 0x0000000082700000, 0x0000000082700000|100%|HC|  |TAMS 0x0000000082700000, 0x0000000082700000| Complete 
|  39|0x0000000082700000, 0x0000000082800000, 0x0000000082800000|100%|HC|  |TAMS 0x0000000082800000, 0x0000000082800000| Complete 
|  40|0x0000000082800000, 0x0000000082900000, 0x0000000082900000|100%|HC|  |TAMS 0x0000000082900000, 0x0000000082900000| Complete 
|  41|0x0000000082900000, 0x0000000082a00000, 0x0000000082a00000|100%| O|  |TAMS 0x0000000082a00000, 0x0000000082a00000| Untracked 
|  42|0x0000000082a00000, 0x0000000082b00000, 0x0000000082b00000|100%|HS|  |TAMS 0x0000000082b00000, 0x0000000082b00000| Complete 
|  43|0x0000000082b00000, 0x0000000082c00000, 0x0000000082c00000|100%|HC|  |TAMS 0x0000000082c00000, 0x0000000082c00000| Complete 
|  44|0x0000000082c00000, 0x0000000082d00000, 0x0000000082d00000|100%| O|  |TAMS 0x0000000082d00000, 0x0000000082d00000| Untracked 
|  45|0x0000000082d00000, 0x0000000082e00000, 0x0000000082e00000|100%| O|  |TAMS 0x0000000082e00000, 0x0000000082e00000| Untracked 
|  46|0x0000000082e00000, 0x0000000082f00000, 0x0000000082f00000|100%| O|  |TAMS 0x0000000082f00000, 0x0000000082f00000| Untracked 
|  47|0x0000000082f00000, 0x0000000083000000, 0x0000000083000000|100%| O|  |TAMS 0x0000000083000000, 0x0000000083000000| Untracked 
|  48|0x0000000083000000, 0x0000000083100000, 0x0000000083100000|100%| O|  |TAMS 0x0000000083100000, 0x0000000083100000| Untracked 
|  49|0x0000000083100000, 0x0000000083200000, 0x0000000083200000|100%| O|  |TAMS 0x0000000083200000, 0x0000000083200000| Untracked 
|  50|0x0000000083200000, 0x0000000083300000, 0x0000000083300000|100%| O|  |TAMS 0x0000000083300000, 0x0000000083300000| Untracked 
|  51|0x0000000083300000, 0x0000000083400000, 0x0000000083400000|100%| O|  |TAMS 0x0000000083400000, 0x0000000083400000| Untracked 
|  52|0x0000000083400000, 0x0000000083500000, 0x0000000083500000|100%| O|  |TAMS 0x0000000083500000, 0x0000000083500000| Untracked 
|  53|0x0000000083500000, 0x0000000083600000, 0x0000000083600000|100%|HS|  |TAMS 0x0000000083600000, 0x0000000083600000| Complete 
|  54|0x0000000083600000, 0x0000000083700000, 0x0000000083700000|100%|HC|  |TAMS 0x0000000083700000, 0x0000000083700000| Complete 
|  55|0x0000000083700000, 0x0000000083800000, 0x0000000083800000|100%|HC|  |TAMS 0x0000000083800000, 0x0000000083800000| Complete 
|  56|0x0000000083800000, 0x0000000083900000, 0x0000000083900000|100%|HS|  |TAMS 0x0000000083900000, 0x0000000083900000| Complete 
|  57|0x0000000083900000, 0x0000000083a00000, 0x0000000083a00000|100%|HC|  |TAMS 0x0000000083a00000, 0x0000000083a00000| Complete 
|  58|0x0000000083a00000, 0x0000000083b00000, 0x0000000083b00000|100%|HC|  |TAMS 0x0000000083b00000, 0x0000000083b00000| Complete 
|  59|0x0000000083b00000, 0x0000000083c00000, 0x0000000083c00000|100%| O|  |TAMS 0x0000000083c00000, 0x0000000083c00000| Untracked 
|  60|0x0000000083c00000, 0x0000000083d00000, 0x0000000083d00000|100%| O|  |TAMS 0x0000000083d00000, 0x0000000083d00000| Untracked 
|  61|0x0000000083d00000, 0x0000000083e00000, 0x0000000083e00000|100%| O|  |TAMS 0x0000000083e00000, 0x0000000083e00000| Untracked 
|  62|0x0000000083e00000, 0x0000000083f00000, 0x0000000083f00000|100%| O|  |TAMS 0x0000000083f00000, 0x0000000083f00000| Untracked 
|  63|0x0000000083f00000, 0x0000000084000000, 0x0000000084000000|100%| O|  |TAMS 0x0000000084000000, 0x0000000084000000| Untracked 
|  64|0x0000000084000000, 0x0000000084100000, 0x0000000084100000|100%| O|  |TAMS 0x0000000084100000, 0x0000000084100000| Untracked 
|  65|0x0000000084100000, 0x0000000084200000, 0x0000000084200000|100%| O|  |TAMS 0x0000000084200000, 0x0000000084200000| Untracked 
|  66|0x0000000084200000, 0x0000000084300000, 0x0000000084300000|100%| O|  |TAMS 0x0000000084300000, 0x0000000084300000| Untracked 
|  67|0x0000000084300000, 0x0000000084400000, 0x0000000084400000|100%| O|  |TAMS 0x0000000084400000, 0x0000000084400000| Untracked 
|  68|0x0000000084400000, 0x0000000084500000, 0x0000000084500000|100%| O|  |TAMS 0x0000000084500000, 0x0000000084500000| Untracked 
|  69|0x0000000084500000, 0x0000000084600000, 0x0000000084600000|100%| O|  |TAMS 0x0000000084600000, 0x0000000084600000| Untracked 
|  70|0x0000000084600000, 0x0000000084700000, 0x0000000084700000|100%| O|  |TAMS 0x0000000084700000, 0x0000000084700000| Untracked 
|  71|0x0000000084700000, 0x0000000084800000, 0x0000000084800000|100%| O|  |TAMS 0x0000000084800000, 0x0000000084800000| Untracked 
|  72|0x0000000084800000, 0x0000000084900000, 0x0000000084900000|100%| O|  |TAMS 0x0000000084800000, 0x0000000084900000| Untracked 
|  73|0x0000000084900000, 0x0000000084a00000, 0x0000000084a00000|100%| O|  |TAMS 0x0000000084a00000, 0x0000000084a00000| Untracked 
|  74|0x0000000084a00000, 0x0000000084b00000, 0x0000000084b00000|100%| O|  |TAMS 0x0000000084b00000, 0x0000000084b00000| Untracked 
|  75|0x0000000084b00000, 0x0000000084c00000, 0x0000000084c00000|100%| O|  |TAMS 0x0000000084b00000, 0x0000000084b00000| Untracked 
|  76|0x0000000084c00000, 0x0000000084d00000, 0x0000000084d00000|100%| O|  |TAMS 0x0000000084d00000, 0x0000000084d00000| Untracked 
|  77|0x0000000084d00000, 0x0000000084e00000, 0x0000000084e00000|100%| O|  |TAMS 0x0000000084e00000, 0x0000000084e00000| Untracked 
|  78|0x0000000084e00000, 0x0000000084f00000, 0x0000000084f00000|100%| O|  |TAMS 0x0000000084f00000, 0x0000000084f00000| Untracked 
|  79|0x0000000084f00000, 0x0000000085000000, 0x0000000085000000|100%| O|  |TAMS 0x0000000085000000, 0x0000000085000000| Untracked 
|  80|0x0000000085000000, 0x0000000085100000, 0x0000000085100000|100%| O|  |TAMS 0x0000000085100000, 0x0000000085100000| Untracked 
|  81|0x0000000085100000, 0x0000000085200000, 0x0000000085200000|100%| O|  |TAMS 0x0000000085200000, 0x0000000085200000| Untracked 
|  82|0x0000000085200000, 0x0000000085300000, 0x0000000085300000|100%| O|  |TAMS 0x0000000085300000, 0x0000000085300000| Untracked 
|  83|0x0000000085300000, 0x0000000085400000, 0x0000000085400000|100%| O|  |TAMS 0x0000000085400000, 0x0000000085400000| Untracked 
|  84|0x0000000085400000, 0x0000000085500000, 0x0000000085500000|100%|HS|  |TAMS 0x0000000085500000, 0x0000000085500000| Complete 
|  85|0x0000000085500000, 0x0000000085600000, 0x0000000085600000|100%|HS|  |TAMS 0x0000000085600000, 0x0000000085600000| Complete 
|  86|0x0000000085600000, 0x0000000085700000, 0x0000000085700000|100%|HS|  |TAMS 0x0000000085700000, 0x0000000085700000| Complete 
|  87|0x0000000085700000, 0x0000000085800000, 0x0000000085800000|100%|HC|  |TAMS 0x0000000085800000, 0x0000000085800000| Complete 
|  88|0x0000000085800000, 0x0000000085900000, 0x0000000085900000|100%|HS|  |TAMS 0x0000000085900000, 0x0000000085900000| Complete 
|  89|0x0000000085900000, 0x0000000085a00000, 0x0000000085a00000|100%|HS|  |TAMS 0x0000000085a00000, 0x0000000085a00000| Complete 
|  90|0x0000000085a00000, 0x0000000085b00000, 0x0000000085b00000|100%|HC|  |TAMS 0x0000000085b00000, 0x0000000085b00000| Complete 
|  91|0x0000000085b00000, 0x0000000085c00000, 0x0000000085c00000|100%|HC|  |TAMS 0x0000000085c00000, 0x0000000085c00000| Complete 
|  92|0x0000000085c00000, 0x0000000085d00000, 0x0000000085d00000|100%|HC|  |TAMS 0x0000000085d00000, 0x0000000085d00000| Complete 
|  93|0x0000000085d00000, 0x0000000085e00000, 0x0000000085e00000|100%| O|  |TAMS 0x0000000085e00000, 0x0000000085e00000| Untracked 
|  94|0x0000000085e00000, 0x0000000085f00000, 0x0000000085f00000|100%| O|  |TAMS 0x0000000085f00000, 0x0000000085f00000| Untracked 
|  95|0x0000000085f00000, 0x0000000086000000, 0x0000000086000000|100%| O|  |TAMS 0x0000000086000000, 0x0000000086000000| Untracked 
|  96|0x0000000086000000, 0x0000000086100000, 0x0000000086100000|100%| O|  |TAMS 0x0000000086100000, 0x0000000086100000| Untracked 
|  97|0x0000000086100000, 0x0000000086200000, 0x0000000086200000|100%| O|  |TAMS 0x0000000086200000, 0x0000000086200000| Untracked 
|  98|0x0000000086200000, 0x0000000086300000, 0x0000000086300000|100%| O|  |TAMS 0x0000000086300000, 0x0000000086300000| Untracked 
|  99|0x0000000086300000, 0x0000000086400000, 0x0000000086400000|100%| O|  |TAMS 0x0000000086300000, 0x0000000086300000| Untracked 
| 100|0x0000000086400000, 0x0000000086500000, 0x0000000086500000|100%| O|  |TAMS 0x000000008647f600, 0x0000000086500000| Untracked 
| 101|0x0000000086500000, 0x0000000086600000, 0x0000000086600000|100%|HS|  |TAMS 0x0000000086500000, 0x0000000086600000| Complete 
| 102|0x0000000086600000, 0x0000000086700000, 0x0000000086700000|100%|HC|  |TAMS 0x0000000086600000, 0x0000000086700000| Complete 
| 103|0x0000000086700000, 0x0000000086800000, 0x0000000086800000|100%|HC|  |TAMS 0x0000000086700000, 0x0000000086800000| Complete 
| 104|0x0000000086800000, 0x0000000086900000, 0x0000000086900000|100%|HC|  |TAMS 0x0000000086800000, 0x0000000086900000| Complete 
| 105|0x0000000086900000, 0x0000000086a00000, 0x0000000086a00000|100%| O|  |TAMS 0x0000000086a00000, 0x0000000086a00000| Untracked 
| 106|0x0000000086a00000, 0x0000000086b00000, 0x0000000086b00000|100%| O|  |TAMS 0x0000000086a00000, 0x0000000086b00000| Untracked 
| 107|0x0000000086b00000, 0x0000000086c00000, 0x0000000086c00000|100%| O|  |TAMS 0x0000000086c00000, 0x0000000086c00000| Untracked 
| 108|0x0000000086c00000, 0x0000000086d00000, 0x0000000086d00000|100%| O|  |TAMS 0x0000000086d00000, 0x0000000086d00000| Untracked 
| 109|0x0000000086d00000, 0x0000000086e00000, 0x0000000086e00000|100%| O|  |TAMS 0x0000000086e00000, 0x0000000086e00000| Untracked 
| 110|0x0000000086e00000, 0x0000000086f00000, 0x0000000086f00000|100%| O|  |TAMS 0x0000000086f00000, 0x0000000086f00000| Untracked 
| 111|0x0000000086f00000, 0x0000000087000000, 0x0000000087000000|100%| O|  |TAMS 0x0000000087000000, 0x0000000087000000| Untracked 
| 112|0x0000000087000000, 0x0000000087100000, 0x0000000087100000|100%| O|  |TAMS 0x0000000087000000, 0x0000000087100000| Untracked 
| 113|0x0000000087100000, 0x0000000087200000, 0x0000000087200000|100%| O|  |TAMS 0x0000000087100000, 0x0000000087200000| Untracked 
| 114|0x0000000087200000, 0x0000000087300000, 0x0000000087300000|100%| O|  |TAMS 0x0000000087200000, 0x0000000087300000| Untracked 
| 115|0x0000000087300000, 0x0000000087400000, 0x0000000087400000|100%| O|  |TAMS 0x0000000087300000, 0x0000000087400000| Untracked 
| 116|0x0000000087400000, 0x0000000087500000, 0x0000000087500000|100%| O|  |TAMS 0x0000000087400000, 0x0000000087500000| Untracked 
| 117|0x0000000087500000, 0x0000000087600000, 0x0000000087600000|100%| O|  |TAMS 0x0000000087500000, 0x0000000087600000| Untracked 
| 118|0x0000000087600000, 0x0000000087700000, 0x0000000087700000|100%| O|  |TAMS 0x0000000087600000, 0x0000000087700000| Untracked 
| 119|0x0000000087700000, 0x0000000087800000, 0x0000000087800000|100%| O|  |TAMS 0x0000000087700000, 0x0000000087800000| Untracked 
| 120|0x0000000087800000, 0x0000000087900000, 0x0000000087900000|100%| O|  |TAMS 0x0000000087800000, 0x0000000087900000| Untracked 
| 121|0x0000000087900000, 0x0000000087a00000, 0x0000000087a00000|100%| O|  |TAMS 0x0000000087900000, 0x0000000087a00000| Untracked 
| 122|0x0000000087a00000, 0x0000000087b00000, 0x0000000087b00000|100%| O|  |TAMS 0x0000000087a00000, 0x0000000087b00000| Untracked 
| 123|0x0000000087b00000, 0x0000000087c00000, 0x0000000087c00000|100%| O|  |TAMS 0x0000000087b00000, 0x0000000087c00000| Untracked 
| 124|0x0000000087c00000, 0x0000000087d00000, 0x0000000087d00000|100%| O|  |TAMS 0x0000000087c00000, 0x0000000087d00000| Untracked 
| 125|0x0000000087d00000, 0x0000000087e00000, 0x0000000087e00000|100%| O|  |TAMS 0x0000000087d00000, 0x0000000087d2f800| Untracked 
| 126|0x0000000087e00000, 0x0000000087f00000, 0x0000000087f00000|100%| O|  |TAMS 0x0000000087e00000, 0x0000000087e00000| Untracked 
| 127|0x0000000087f00000, 0x0000000088000000, 0x0000000088000000|100%| O|  |TAMS 0x0000000087f00000, 0x0000000087f00000| Untracked 
| 128|0x0000000088000000, 0x0000000088100000, 0x0000000088100000|100%| O|  |TAMS 0x0000000088000000, 0x0000000088000000| Untracked 
| 129|0x0000000088100000, 0x0000000088200000, 0x0000000088200000|100%| O|  |TAMS 0x0000000088100000, 0x0000000088100000| Untracked 
| 130|0x0000000088200000, 0x0000000088300000, 0x0000000088300000|100%| O|  |TAMS 0x0000000088200000, 0x0000000088200000| Untracked 
| 131|0x0000000088300000, 0x0000000088400000, 0x0000000088400000|100%| O|  |TAMS 0x0000000088300000, 0x0000000088300000| Untracked 
| 132|0x0000000088400000, 0x0000000088400000, 0x0000000088500000|  0%| F|  |TAMS 0x0000000088400000, 0x0000000088400000| Untracked 
| 133|0x0000000088500000, 0x0000000088500000, 0x0000000088600000|  0%| F|  |TAMS 0x0000000088500000, 0x0000000088500000| Untracked 
| 134|0x0000000088600000, 0x0000000088600000, 0x0000000088700000|  0%| F|  |TAMS 0x0000000088600000, 0x0000000088600000| Untracked 
| 135|0x0000000088700000, 0x0000000088700000, 0x0000000088800000|  0%| F|  |TAMS 0x0000000088700000, 0x0000000088700000| Untracked 
| 136|0x0000000088800000, 0x0000000088800000, 0x0000000088900000|  0%| F|  |TAMS 0x0000000088800000, 0x0000000088800000| Untracked 
| 137|0x0000000088900000, 0x0000000088900000, 0x0000000088a00000|  0%| F|  |TAMS 0x0000000088900000, 0x0000000088900000| Untracked 
| 138|0x0000000088a00000, 0x0000000088a00000, 0x0000000088b00000|  0%| F|  |TAMS 0x0000000088a00000, 0x0000000088a00000| Untracked 
| 139|0x0000000088b00000, 0x0000000088b00000, 0x0000000088c00000|  0%| F|  |TAMS 0x0000000088b00000, 0x0000000088b00000| Untracked 
| 140|0x0000000088c00000, 0x0000000088c00000, 0x0000000088d00000|  0%| F|  |TAMS 0x0000000088c00000, 0x0000000088c00000| Untracked 
| 141|0x0000000088d00000, 0x0000000088d00000, 0x0000000088e00000|  0%| F|  |TAMS 0x0000000088d00000, 0x0000000088d00000| Untracked 
| 142|0x0000000088e00000, 0x0000000088e00000, 0x0000000088f00000|  0%| F|  |TAMS 0x0000000088e00000, 0x0000000088e00000| Untracked 
| 143|0x0000000088f00000, 0x0000000088f00000, 0x0000000089000000|  0%| F|  |TAMS 0x0000000088f00000, 0x0000000088f00000| Untracked 
| 144|0x0000000089000000, 0x0000000089000000, 0x0000000089100000|  0%| F|  |TAMS 0x0000000089000000, 0x0000000089000000| Untracked 
| 145|0x0000000089100000, 0x0000000089100000, 0x0000000089200000|  0%| F|  |TAMS 0x0000000089100000, 0x0000000089100000| Untracked 
| 146|0x0000000089200000, 0x0000000089200000, 0x0000000089300000|  0%| F|  |TAMS 0x0000000089200000, 0x0000000089200000| Untracked 
| 147|0x0000000089300000, 0x0000000089300000, 0x0000000089400000|  0%| F|  |TAMS 0x0000000089300000, 0x0000000089300000| Untracked 
| 148|0x0000000089400000, 0x0000000089400000, 0x0000000089500000|  0%| F|  |TAMS 0x0000000089400000, 0x0000000089400000| Untracked 
| 149|0x0000000089500000, 0x0000000089500000, 0x0000000089600000|  0%| F|  |TAMS 0x0000000089500000, 0x0000000089500000| Untracked 
| 150|0x0000000089600000, 0x0000000089600000, 0x0000000089700000|  0%| F|  |TAMS 0x0000000089600000, 0x0000000089600000| Untracked 
| 151|0x0000000089700000, 0x0000000089700000, 0x0000000089800000|  0%| F|  |TAMS 0x0000000089700000, 0x0000000089700000| Untracked 
| 152|0x0000000089800000, 0x0000000089800000, 0x0000000089900000|  0%| F|  |TAMS 0x0000000089800000, 0x0000000089800000| Untracked 
| 153|0x0000000089900000, 0x0000000089900000, 0x0000000089a00000|  0%| F|  |TAMS 0x0000000089900000, 0x0000000089900000| Untracked 
| 154|0x0000000089a00000, 0x0000000089a00000, 0x0000000089b00000|  0%| F|  |TAMS 0x0000000089a00000, 0x0000000089a00000| Untracked 
| 155|0x0000000089b00000, 0x0000000089b00000, 0x0000000089c00000|  0%| F|  |TAMS 0x0000000089b00000, 0x0000000089b00000| Untracked 
| 156|0x0000000089c00000, 0x0000000089c00000, 0x0000000089d00000|  0%| F|  |TAMS 0x0000000089c00000, 0x0000000089c00000| Untracked 
| 157|0x0000000089d00000, 0x0000000089d00000, 0x0000000089e00000|  0%| F|  |TAMS 0x0000000089d00000, 0x0000000089d00000| Untracked 
| 158|0x0000000089e00000, 0x0000000089f00000, 0x0000000089f00000|100%| S|CS|TAMS 0x0000000089e00000, 0x0000000089e00000| Complete 
| 159|0x0000000089f00000, 0x000000008a000000, 0x000000008a000000|100%| S|CS|TAMS 0x0000000089f00000, 0x0000000089f00000| Complete 
| 160|0x000000008a000000, 0x000000008a100000, 0x000000008a100000|100%| S|CS|TAMS 0x000000008a000000, 0x000000008a000000| Complete 
| 161|0x000000008a100000, 0x000000008a200000, 0x000000008a200000|100%| S|CS|TAMS 0x000000008a100000, 0x000000008a100000| Complete 
| 162|0x000000008a200000, 0x000000008a300000, 0x000000008a300000|100%| S|CS|TAMS 0x000000008a200000, 0x000000008a200000| Complete 
| 163|0x000000008a300000, 0x000000008a400000, 0x000000008a400000|100%| S|CS|TAMS 0x000000008a300000, 0x000000008a300000| Complete 
| 164|0x000000008a400000, 0x000000008a500000, 0x000000008a500000|100%| S|CS|TAMS 0x000000008a400000, 0x000000008a400000| Complete 
| 165|0x000000008a500000, 0x000000008a500000, 0x000000008a600000|  0%| F|  |TAMS 0x000000008a500000, 0x000000008a500000| Untracked 
| 166|0x000000008a600000, 0x000000008a600000, 0x000000008a700000|  0%| F|  |TAMS 0x000000008a600000, 0x000000008a600000| Untracked 
| 167|0x000000008a700000, 0x000000008a700000, 0x000000008a800000|  0%| F|  |TAMS 0x000000008a700000, 0x000000008a700000| Untracked 
| 168|0x000000008a800000, 0x000000008a800000, 0x000000008a900000|  0%| F|  |TAMS 0x000000008a800000, 0x000000008a800000| Untracked 
| 169|0x000000008a900000, 0x000000008a900000, 0x000000008aa00000|  0%| F|  |TAMS 0x000000008a900000, 0x000000008a900000| Untracked 
| 170|0x000000008aa00000, 0x000000008aa00000, 0x000000008ab00000|  0%| F|  |TAMS 0x000000008aa00000, 0x000000008aa00000| Untracked 
| 171|0x000000008ab00000, 0x000000008ab00000, 0x000000008ac00000|  0%| F|  |TAMS 0x000000008ab00000, 0x000000008ab00000| Untracked 
| 172|0x000000008ac00000, 0x000000008ac00000, 0x000000008ad00000|  0%| F|  |TAMS 0x000000008ac00000, 0x000000008ac00000| Untracked 
| 173|0x000000008ad00000, 0x000000008ad00000, 0x000000008ae00000|  0%| F|  |TAMS 0x000000008ad00000, 0x000000008ad00000| Untracked 
| 174|0x000000008ae00000, 0x000000008ae00000, 0x000000008af00000|  0%| F|  |TAMS 0x000000008ae00000, 0x000000008ae00000| Untracked 
| 175|0x000000008af00000, 0x000000008af00000, 0x000000008b000000|  0%| F|  |TAMS 0x000000008af00000, 0x000000008af00000| Untracked 
| 176|0x000000008b000000, 0x000000008b000000, 0x000000008b100000|  0%| F|  |TAMS 0x000000008b000000, 0x000000008b000000| Untracked 
| 177|0x000000008b100000, 0x000000008b100000, 0x000000008b200000|  0%| F|  |TAMS 0x000000008b100000, 0x000000008b100000| Untracked 
| 178|0x000000008b200000, 0x000000008b200000, 0x000000008b300000|  0%| F|  |TAMS 0x000000008b200000, 0x000000008b200000| Untracked 
| 179|0x000000008b300000, 0x000000008b300000, 0x000000008b400000|  0%| F|  |TAMS 0x000000008b300000, 0x000000008b300000| Untracked 
| 180|0x000000008b400000, 0x000000008b400000, 0x000000008b500000|  0%| F|  |TAMS 0x000000008b400000, 0x000000008b400000| Untracked 
| 181|0x000000008b500000, 0x000000008b500000, 0x000000008b600000|  0%| F|  |TAMS 0x000000008b500000, 0x000000008b500000| Untracked 
| 182|0x000000008b600000, 0x000000008b600000, 0x000000008b700000|  0%| F|  |TAMS 0x000000008b600000, 0x000000008b600000| Untracked 
| 183|0x000000008b700000, 0x000000008b700000, 0x000000008b800000|  0%| F|  |TAMS 0x000000008b700000, 0x000000008b700000| Untracked 
| 184|0x000000008b800000, 0x000000008b800000, 0x000000008b900000|  0%| F|  |TAMS 0x000000008b800000, 0x000000008b800000| Untracked 
| 185|0x000000008b900000, 0x000000008b900000, 0x000000008ba00000|  0%| F|  |TAMS 0x000000008b900000, 0x000000008b900000| Untracked 
| 186|0x000000008ba00000, 0x000000008ba00000, 0x000000008bb00000|  0%| F|  |TAMS 0x000000008ba00000, 0x000000008ba00000| Untracked 
| 187|0x000000008bb00000, 0x000000008bb00000, 0x000000008bc00000|  0%| F|  |TAMS 0x000000008bb00000, 0x000000008bb00000| Untracked 
| 188|0x000000008bc00000, 0x000000008bc00000, 0x000000008bd00000|  0%| F|  |TAMS 0x000000008bc00000, 0x000000008bc00000| Untracked 
| 189|0x000000008bd00000, 0x000000008bd00000, 0x000000008be00000|  0%| F|  |TAMS 0x000000008bd00000, 0x000000008bd00000| Untracked 
| 190|0x000000008be00000, 0x000000008be00000, 0x000000008bf00000|  0%| F|  |TAMS 0x000000008be00000, 0x000000008be00000| Untracked 
| 191|0x000000008bf00000, 0x000000008bf00000, 0x000000008c000000|  0%| F|  |TAMS 0x000000008bf00000, 0x000000008bf00000| Untracked 
| 192|0x000000008c000000, 0x000000008c000000, 0x000000008c100000|  0%| F|  |TAMS 0x000000008c000000, 0x000000008c000000| Untracked 
| 193|0x000000008c100000, 0x000000008c100000, 0x000000008c200000|  0%| F|  |TAMS 0x000000008c100000, 0x000000008c100000| Untracked 
| 194|0x000000008c200000, 0x000000008c200000, 0x000000008c300000|  0%| F|  |TAMS 0x000000008c200000, 0x000000008c200000| Untracked 
| 195|0x000000008c300000, 0x000000008c300000, 0x000000008c400000|  0%| F|  |TAMS 0x000000008c300000, 0x000000008c300000| Untracked 
| 196|0x000000008c400000, 0x000000008c400000, 0x000000008c500000|  0%| F|  |TAMS 0x000000008c400000, 0x000000008c400000| Untracked 
| 197|0x000000008c500000, 0x000000008c500000, 0x000000008c600000|  0%| F|  |TAMS 0x000000008c500000, 0x000000008c500000| Untracked 
| 198|0x000000008c600000, 0x000000008c600000, 0x000000008c700000|  0%| F|  |TAMS 0x000000008c600000, 0x000000008c600000| Untracked 
| 199|0x000000008c700000, 0x000000008c700000, 0x000000008c800000|  0%| F|  |TAMS 0x000000008c700000, 0x000000008c700000| Untracked 
| 200|0x000000008c800000, 0x000000008c800000, 0x000000008c900000|  0%| F|  |TAMS 0x000000008c800000, 0x000000008c800000| Untracked 
| 201|0x000000008c900000, 0x000000008c900000, 0x000000008ca00000|  0%| F|  |TAMS 0x000000008c900000, 0x000000008c900000| Untracked 
| 202|0x000000008ca00000, 0x000000008ca00000, 0x000000008cb00000|  0%| F|  |TAMS 0x000000008ca00000, 0x000000008ca00000| Untracked 
| 203|0x000000008cb00000, 0x000000008cb00000, 0x000000008cc00000|  0%| F|  |TAMS 0x000000008cb00000, 0x000000008cb00000| Untracked 
| 204|0x000000008cc00000, 0x000000008cc00000, 0x000000008cd00000|  0%| F|  |TAMS 0x000000008cc00000, 0x000000008cc00000| Untracked 
| 205|0x000000008cd00000, 0x000000008cd00000, 0x000000008ce00000|  0%| F|  |TAMS 0x000000008cd00000, 0x000000008cd00000| Untracked 
| 206|0x000000008ce00000, 0x000000008ce00000, 0x000000008cf00000|  0%| F|  |TAMS 0x000000008ce00000, 0x000000008ce00000| Untracked 
| 207|0x000000008cf00000, 0x000000008cf00000, 0x000000008d000000|  0%| F|  |TAMS 0x000000008cf00000, 0x000000008cf00000| Untracked 
| 208|0x000000008d000000, 0x000000008d000000, 0x000000008d100000|  0%| F|  |TAMS 0x000000008d000000, 0x000000008d000000| Untracked 
| 209|0x000000008d100000, 0x000000008d100000, 0x000000008d200000|  0%| F|  |TAMS 0x000000008d100000, 0x000000008d100000| Untracked 
| 210|0x000000008d200000, 0x000000008d200000, 0x000000008d300000|  0%| F|  |TAMS 0x000000008d200000, 0x000000008d200000| Untracked 
| 211|0x000000008d300000, 0x000000008d300000, 0x000000008d400000|  0%| F|  |TAMS 0x000000008d300000, 0x000000008d300000| Untracked 
| 212|0x000000008d400000, 0x000000008d400000, 0x000000008d500000|  0%| F|  |TAMS 0x000000008d400000, 0x000000008d400000| Untracked 
| 213|0x000000008d500000, 0x000000008d500000, 0x000000008d600000|  0%| F|  |TAMS 0x000000008d500000, 0x000000008d500000| Untracked 
| 214|0x000000008d600000, 0x000000008d600000, 0x000000008d700000|  0%| F|  |TAMS 0x000000008d600000, 0x000000008d600000| Untracked 
| 215|0x000000008d700000, 0x000000008d700000, 0x000000008d800000|  0%| F|  |TAMS 0x000000008d700000, 0x000000008d700000| Untracked 
| 216|0x000000008d800000, 0x000000008d800000, 0x000000008d900000|  0%| F|  |TAMS 0x000000008d800000, 0x000000008d800000| Untracked 
| 217|0x000000008d900000, 0x000000008d900000, 0x000000008da00000|  0%| F|  |TAMS 0x000000008d900000, 0x000000008d900000| Untracked 

Card table byte_map: [0x000001a15b220000,0x000001a15b620000] _byte_map_base: 0x000001a15ae20000

Marking Bits (Prev, Next): (CMBitMap*) 0x000001a146b53460, (CMBitMap*) 0x000001a146b534a0
 Prev Bits: [0x000001a15ba20000, 0x000001a15da20000)
 Next Bits: [0x000001a15da20000, 0x000001a15fa20000)

Polling page: 0x000001a1469a0000

Metaspace:

Usage:
  Non-class:     83.29 MB used.
      Class:     12.99 MB used.
       Both:     96.27 MB used.

Virtual space:
  Non-class space:       88.00 MB reserved,      83.62 MB ( 95%) committed,  11 nodes.
      Class space:        1.00 GB reserved,      13.31 MB (  1%) committed,  1 nodes.
             Both:        1.09 GB reserved,      96.94 MB (  9%) committed. 

Chunk freelists:
   Non-Class:  256.00 KB
       Class:  2.58 MB
        Both:  2.83 MB

MaxMetaspaceSize: unlimited
CompressedClassSpaceSize: 1.00 GB
Initial GC threshold: 21.00 MB
Current GC threshold: 152.31 MB
CDS: off
MetaspaceReclaimPolicy: balanced
 - commit_granule_bytes: 65536.
 - commit_granule_words: 8192.
 - virtual_space_node_default_size: 1048576.
 - enlarge_chunks_in_place: 1.
 - new_chunks_are_fully_committed: 0.
 - uncommit_free_chunks: 1.
 - use_allocation_guard: 0.
 - handle_deallocations: 1.


Internal statistics:

num_allocs_failed_limit: 5.
num_arena_births: 944.
num_arena_deaths: 0.
num_vsnodes_births: 12.
num_vsnodes_deaths: 0.
num_space_committed: 1550.
num_space_uncommitted: 0.
num_chunks_returned_to_freelist: 5.
num_chunks_taken_from_freelist: 4364.
num_chunk_merges: 5.
num_chunk_splits: 3063.
num_chunks_enlarged: 2236.
num_purges: 0.
num_inconsistent_stats: 0.

CodeHeap 'non-profiled nmethods': size=120000Kb used=6308Kb max_used=6308Kb free=113691Kb
 bounds [0x000001a1532d0000, 0x000001a153900000, 0x000001a15a800000]
CodeHeap 'profiled nmethods': size=120000Kb used=18041Kb max_used=18041Kb free=101958Kb
 bounds [0x000001a14b800000, 0x000001a14c9a0000, 0x000001a152d30000]
CodeHeap 'non-nmethods': size=5760Kb used=2401Kb max_used=2453Kb free=3358Kb
 bounds [0x000001a152d30000, 0x000001a152fa0000, 0x000001a1532d0000]
 total_blobs=10134 nmethods=9194 adapters=852
 compilation: enabled
              stopped_count=0, restarted_count=0
 full_count=0

Compilation events (20 events):
Event: 34.793 Thread 0x000001a162c17350 10562       1       jdk.internal.jimage.ImageReader$Resource::getLocation (5 bytes)
Event: 34.793 Thread 0x000001a162c17350 nmethod 10562 0x000001a1538f8910 code [0x000001a1538f8aa0, 0x000001a1538f8b78]
Event: 34.793 Thread 0x000001a162c17350 10563       1       jdk.internal.jimage.decompressor.CompressedResourceHeader::getUncompressedSize (5 bytes)
Event: 34.793 Thread 0x000001a162c17350 nmethod 10563 0x000001a1538f8c10 code [0x000001a1538f8da0, 0x000001a1538f8e78]
Event: 34.793 Thread 0x000001a162c17350 10564       1       jdk.internal.jrtfs.JrtFileSystem$1::size (5 bytes)
Event: 34.793 Thread 0x000001a162c17350 nmethod 10564 0x000001a1538f8f10 code [0x000001a1538f90a0, 0x000001a1538f9178]
Event: 34.794 Thread 0x000001a162c17350 10565  s    3       jdk.internal.jimage.ImageReader$SharedImageReader::findNode (36 bytes)
Event: 34.795 Thread 0x000001a162c17350 nmethod 10565 0x000001a14c99a090 code [0x000001a14c99a280, 0x000001a14c99a7b8]
Event: 34.795 Thread 0x000001a162c17350 10566       3       org.jetbrains.org.objectweb.asm.ModuleVisitor::visitUse (16 bytes)
Event: 34.795 Thread 0x000001a162c17350 nmethod 10566 0x000001a14c99a910 code [0x000001a14c99aac0, 0x000001a14c99ade8]
Event: 34.795 Thread 0x000001a162c17350 10567       3       java.util.stream.AbstractPipeline$$Lambda$30/0x00000001000beab0::<init> (10 bytes)
Event: 34.795 Thread 0x000001a162c17350 nmethod 10567 0x000001a14c99af10 code [0x000001a14c99b0a0, 0x000001a14c99b258]
Event: 34.795 Thread 0x000001a162c17350 10568       3       java.util.stream.ReferencePipeline::wrap (11 bytes)
Event: 34.795 Thread 0x000001a162c17350 nmethod 10568 0x000001a14c99b310 code [0x000001a14c99b4c0, 0x000001a14c99b818]
Event: 34.795 Thread 0x000001a162c17350 10569       3       java.util.Collections$UnmodifiableCollection::stream (10 bytes)
Event: 34.796 Thread 0x000001a162c17350 nmethod 10569 0x000001a14c99b990 code [0x000001a14c99bb40, 0x000001a14c99bd08]
Event: 34.796 Thread 0x000001a162c17350 10570       3       java.util.stream.StreamSpliterators$WrappingSpliterator::initPartialTraversalState (46 bytes)
Event: 34.797 Thread 0x000001a162c17350 nmethod 10570 0x000001a14c99be10 code [0x000001a14c99c0a0, 0x000001a14c99cf68]
Event: 34.797 Thread 0x000001a162c17350 10571       3       jdk.internal.jimage.ImageBufferCache::releaseBuffer (71 bytes)
Event: 34.798 Thread 0x000001a162c17350 nmethod 10571 0x000001a14c99d410 code [0x000001a14c99d680, 0x000001a14c99e438]

GC Heap History (20 events):
Event: 23.303 GC heap after
{Heap after GC invocations=54 (full 0):
 garbage-first heap   total 179200K, used 82644K [0x0000000080000000, 0x0000000100000000)
  region size 1024K, 4 young (4096K), 4 survivors (4096K)
 Metaspace       used 56762K, committed 57408K, reserved 1105920K
  class space    used 7575K, committed 7872K, reserved 1048576K
}
Event: 23.497 GC heap before
{Heap before GC invocations=54 (full 0):
 garbage-first heap   total 179200K, used 156372K [0x0000000080000000, 0x0000000100000000)
  region size 1024K, 76 young (77824K), 4 survivors (4096K)
 Metaspace       used 56762K, committed 57408K, reserved 1105920K
  class space    used 7575K, committed 7872K, reserved 1048576K
}
Event: 23.502 GC heap after
{Heap after GC invocations=55 (full 0):
 garbage-first heap   total 223232K, used 83208K [0x0000000080000000, 0x0000000100000000)
  region size 1024K, 5 young (5120K), 5 survivors (5120K)
 Metaspace       used 56762K, committed 57408K, reserved 1105920K
  class space    used 7575K, committed 7872K, reserved 1048576K
}
Event: 26.245 GC heap before
{Heap before GC invocations=55 (full 0):
 garbage-first heap   total 223232K, used 211208K [0x0000000080000000, 0x0000000100000000)
  region size 1024K, 114 young (116736K), 5 survivors (5120K)
 Metaspace       used 65572K, committed 66240K, reserved 1105920K
  class space    used 9184K, committed 9472K, reserved 1048576K
}
Event: 26.253 GC heap after
{Heap after GC invocations=56 (full 0):
 garbage-first heap   total 223232K, used 95143K [0x0000000080000000, 0x0000000100000000)
  region size 1024K, 10 young (10240K), 10 survivors (10240K)
 Metaspace       used 65572K, committed 66240K, reserved 1105920K
  class space    used 9184K, committed 9472K, reserved 1048576K
}
Event: 28.379 GC heap before
{Heap before GC invocations=56 (full 0):
 garbage-first heap   total 223232K, used 193447K [0x0000000080000000, 0x0000000100000000)
  region size 1024K, 100 young (102400K), 10 survivors (10240K)
 Metaspace       used 76668K, committed 77376K, reserved 1122304K
  class space    used 10625K, committed 10944K, reserved 1048576K
}
Event: 28.394 GC heap after
{Heap after GC invocations=57 (full 0):
 garbage-first heap   total 223232K, used 102241K [0x0000000080000000, 0x0000000100000000)
  region size 1024K, 8 young (8192K), 8 survivors (8192K)
 Metaspace       used 76668K, committed 77376K, reserved 1122304K
  class space    used 10625K, committed 10944K, reserved 1048576K
}
Event: 30.434 GC heap before
{Heap before GC invocations=57 (full 0):
 garbage-first heap   total 223232K, used 183137K [0x0000000080000000, 0x0000000100000000)
  region size 1024K, 82 young (83968K), 8 survivors (8192K)
 Metaspace       used 85089K, committed 85760K, reserved 1130496K
  class space    used 11725K, committed 12032K, reserved 1048576K
}
Event: 30.450 GC heap after
{Heap after GC invocations=58 (full 0):
 garbage-first heap   total 223232K, used 115283K [0x0000000080000000, 0x0000000100000000)
  region size 1024K, 7 young (7168K), 7 survivors (7168K)
 Metaspace       used 85089K, committed 85760K, reserved 1130496K
  class space    used 11725K, committed 12032K, reserved 1048576K
}
Event: 31.769 GC heap before
{Heap before GC invocations=59 (full 0):
 garbage-first heap   total 223232K, used 184915K [0x0000000080000000, 0x0000000100000000)
  region size 1024K, 74 young (75776K), 7 survivors (7168K)
 Metaspace       used 87491K, committed 88192K, reserved 1130496K
  class space    used 11948K, committed 12288K, reserved 1048576K
}
Event: 31.778 GC heap after
{Heap after GC invocations=60 (full 0):
 garbage-first heap   total 223232K, used 108974K [0x0000000080000000, 0x0000000100000000)
  region size 1024K, 2 young (2048K), 2 survivors (2048K)
 Metaspace       used 87491K, committed 88192K, reserved 1130496K
  class space    used 11948K, committed 12288K, reserved 1048576K
}
Event: 31.839 GC heap before
{Heap before GC invocations=60 (full 0):
 garbage-first heap   total 223232K, used 117166K [0x0000000080000000, 0x0000000100000000)
  region size 1024K, 10 young (10240K), 2 survivors (2048K)
 Metaspace       used 87497K, committed 88256K, reserved 1130496K
  class space    used 11948K, committed 12288K, reserved 1048576K
}
Event: 31.843 GC heap after
{Heap after GC invocations=61 (full 0):
 garbage-first heap   total 223232K, used 108378K [0x0000000080000000, 0x0000000100000000)
  region size 1024K, 1 young (1024K), 1 survivors (1024K)
 Metaspace       used 87497K, committed 88256K, reserved 1130496K
  class space    used 11948K, committed 12288K, reserved 1048576K
}
Event: 33.247 GC heap before
{Heap before GC invocations=61 (full 0):
 garbage-first heap   total 223232K, used 167770K [0x0000000080000000, 0x0000000100000000)
  region size 1024K, 60 young (61440K), 1 survivors (1024K)
 Metaspace       used 92167K, committed 92928K, reserved 1130496K
  class space    used 12514K, committed 12864K, reserved 1048576K
}
Event: 33.258 GC heap after
{Heap after GC invocations=62 (full 0):
 garbage-first heap   total 223232K, used 111618K [0x0000000080000000, 0x0000000100000000)
  region size 1024K, 4 young (4096K), 4 survivors (4096K)
 Metaspace       used 92167K, committed 92928K, reserved 1130496K
  class space    used 12514K, committed 12864K, reserved 1048576K
}
Event: 34.330 GC heap before
{Heap before GC invocations=63 (full 0):
 garbage-first heap   total 223232K, used 195586K [0x0000000080000000, 0x0000000100000000)
  region size 1024K, 76 young (77824K), 4 survivors (4096K)
 Metaspace       used 98333K, committed 99072K, reserved 1138688K
  class space    used 13276K, committed 13632K, reserved 1048576K
}
Event: 34.355 GC heap after
{Heap after GC invocations=64 (full 0):
 garbage-first heap   total 223232K, used 127305K [0x0000000080000000, 0x0000000100000000)
  region size 1024K, 10 young (10240K), 10 survivors (10240K)
 Metaspace       used 98333K, committed 99072K, reserved 1138688K
  class space    used 13276K, committed 13632K, reserved 1048576K
}
Event: 34.366 GC heap before
{Heap before GC invocations=64 (full 0):
 garbage-first heap   total 223232K, used 128329K [0x0000000080000000, 0x0000000100000000)
  region size 1024K, 11 young (11264K), 10 survivors (10240K)
 Metaspace       used 98333K, committed 99072K, reserved 1138688K
  class space    used 13276K, committed 13632K, reserved 1048576K
}
Event: 34.394 GC heap after
{Heap after GC invocations=65 (full 0):
 garbage-first heap   total 223232K, used 127166K [0x0000000080000000, 0x0000000100000000)
  region size 1024K, 1 young (1024K), 1 survivors (1024K)
 Metaspace       used 98333K, committed 99072K, reserved 1138688K
  class space    used 13276K, committed 13632K, reserved 1048576K
}
Event: 34.798 GC heap before
{Heap before GC invocations=65 (full 0):
 garbage-first heap   total 223232K, used 180414K [0x0000000080000000, 0x0000000100000000)
  region size 1024K, 53 young (54272K), 1 survivors (1024K)
 Metaspace       used 98583K, committed 99264K, reserved 1138688K
  class space    used 13298K, committed 13632K, reserved 1048576K
}

Dll operation events (2 events):
Event: 0.008 Loaded shared library C:\Program Files\Android\Android Studio\jbr\bin\java.dll
Event: 0.516 Loaded shared library C:\Program Files\Android\Android Studio\jbr\bin\verify.dll

Deoptimization events (20 events):
Event: 34.291 Thread 0x000001a165fc88e0 DEOPT PACKING pc=0x000001a15330b100 sp=0x000000151c7f4db0
Event: 34.291 Thread 0x000001a165fc88e0 DEOPT UNPACKING pc=0x000001a152d869a3 sp=0x000000151c7f4d48 mode 2
Event: 34.410 Thread 0x000001a165fc88e0 Uncommon trap: trap_request=0xffffff45 fr.pc=0x000001a1538d5268 relative=0x0000000000002f08
Event: 34.410 Thread 0x000001a165fc88e0 Uncommon trap: reason=unstable_if action=reinterpret pc=0x000001a1538d5268 method=org.jetbrains.kotlin.com.intellij.openapi.vfs.impl.ZipEntryMap.get(Ljava/lang/Object;)Lorg/jetbrains/kotlin/com/intellij/openapi/vfs/impl/ArchiveHandler$EntryInfo; @ 61 c2
Event: 34.410 Thread 0x000001a165fc88e0 DEOPT PACKING pc=0x000001a1538d5268 sp=0x000000151c7f4fc0
Event: 34.410 Thread 0x000001a165fc88e0 DEOPT UNPACKING pc=0x000001a152d869a3 sp=0x000000151c7f4f00 mode 2
Event: 34.546 Thread 0x000001a165fc88e0 Uncommon trap: trap_request=0xffffff45 fr.pc=0x000001a15375d7ac relative=0x00000000000000ac
Event: 34.546 Thread 0x000001a165fc88e0 Uncommon trap: reason=unstable_if action=reinterpret pc=0x000001a15375d7ac method=java.lang.String.startsWith(Ljava/lang/String;I)Z @ 50 c2
Event: 34.546 Thread 0x000001a165fc88e0 DEOPT PACKING pc=0x000001a15375d7ac sp=0x000000151c7f4f70
Event: 34.546 Thread 0x000001a165fc88e0 DEOPT UNPACKING pc=0x000001a152d869a3 sp=0x000000151c7f4df8 mode 2
Event: 34.546 Thread 0x000001a165fc88e0 Uncommon trap: trap_request=0xffffff45 fr.pc=0x000001a153303fe8 relative=0x0000000000000448
Event: 34.546 Thread 0x000001a165fc88e0 Uncommon trap: reason=unstable_if action=reinterpret pc=0x000001a153303fe8 method=java.lang.String.substring(II)Ljava/lang/String; @ 31 c2
Event: 34.547 Thread 0x000001a165fc88e0 DEOPT PACKING pc=0x000001a153303fe8 sp=0x000000151c7f4e60
Event: 34.547 Thread 0x000001a165fc88e0 DEOPT UNPACKING pc=0x000001a152d869a3 sp=0x000000151c7f4e18 mode 2
Event: 34.547 Thread 0x000001a165fc88e0 Uncommon trap: trap_request=0xffffff45 fr.pc=0x000001a1532ef680 relative=0x0000000000000180
Event: 34.547 Thread 0x000001a165fc88e0 Uncommon trap: reason=unstable_if action=reinterpret pc=0x000001a1532ef680 method=java.lang.String.equals(Ljava/lang/Object;)Z @ 33 c2
Event: 34.547 Thread 0x000001a165fc88e0 DEOPT PACKING pc=0x000001a1532ef680 sp=0x000000151c7f4f60
Event: 34.547 Thread 0x000001a165fc88e0 DEOPT UNPACKING pc=0x000001a152d869a3 sp=0x000000151c7f4ef0 mode 2
Event: 34.581 Thread 0x000001a165fc88e0 DEOPT PACKING pc=0x000001a14c921dbd sp=0x000000151c7f5130
Event: 34.581 Thread 0x000001a165fc88e0 DEOPT UNPACKING pc=0x000001a152d87143 sp=0x000000151c7f4610 mode 0

Classes unloaded (0 events):
No events

Classes redefined (0 events):
No events

Internal exceptions (20 events):
Event: 28.518 Thread 0x000001a165fc88e0 Exception <a 'java/lang/NoSuchMethodError'{0x000000008d409f68}: static Lorg/jetbrains/kotlin/gradle/targets/js/nodejs/DefaultUnameExecutorVariantFactory;.<clinit>()V> (0x000000008d409f68) 
thrown [s\src\hotspot\share\prims\jni.cpp, line 1108]
Event: 28.521 Thread 0x000001a165fc88e0 Exception <a 'java/lang/NoSuchMethodError'{0x000000008d423640}: static Lorg/jetbrains/kotlin/gradle/plugin/internal/DefaultBasePluginConfigurationVariantFactory;.<clinit>()V> (0x000000008d423640) 
thrown [s\src\hotspot\share\prims\jni.cpp, line 1108]
Event: 28.523 Thread 0x000001a165fc88e0 Exception <a 'java/lang/NoSuchMethodError'{0x000000008d43c5f0}: static Lorg/jetbrains/kotlin/gradle/plugin/internal/DefaultIdeaSyncDetectorVariantFactory;.<clinit>()V> (0x000000008d43c5f0) 
thrown [s\src\hotspot\share\prims\jni.cpp, line 1108]
Event: 28.525 Thread 0x000001a165fc88e0 Exception <a 'java/lang/NoSuchMethodError'{0x000000008d456288}: static Lorg/jetbrains/kotlin/gradle/plugin/internal/DefaultKotlinTestReportCompatibilityHelperVariantFactory;.<clinit>()V> (0x000000008d456288) 
thrown [s\src\hotspot\share\prims\jni.cpp, line 1108]
Event: 30.003 Thread 0x000001a165fc88e0 Exception <a 'java/lang/ClassNotFoundException'{0x000000008a26c2c0}: org/jetbrains/kotlin/gradle/targets/js/npm/DefaultNpmDependencyExtensionBeanInfo> (0x000000008a26c2c0) 
thrown [s\src\hotspot\share\classfile\systemDictionary.cpp, line 256]
Event: 30.003 Thread 0x000001a165fc88e0 Exception <a 'java/lang/ClassNotFoundException'{0x000000008a278a10}: org/jetbrains/kotlin/gradle/targets/js/npm/DefaultNpmDependencyExtensionCustomizer> (0x000000008a278a10) 
thrown [s\src\hotspot\share\classfile\systemDictionary.cpp, line 256]
Event: 30.010 Thread 0x000001a165fc88e0 Exception <a 'java/lang/ClassNotFoundException'{0x000000008a2e3918}: org/jetbrains/kotlin/gradle/targets/js/npm/NpmDependencyExtensionKt$defaultNpmDependencyDelegate$1BeanInfo> (0x000000008a2e3918) 
thrown [s\src\hotspot\share\classfile\systemDictionary.cpp, line 256]
Event: 30.010 Thread 0x000001a165fc88e0 Exception <a 'java/lang/ClassNotFoundException'{0x000000008a2f00b0}: org/jetbrains/kotlin/gradle/targets/js/npm/NpmDependencyExtensionDelegateBeanInfo> (0x000000008a2f00b0) 
thrown [s\src\hotspot\share\classfile\systemDictionary.cpp, line 256]
Event: 30.011 Thread 0x000001a165fc88e0 Exception <a 'java/lang/ClassNotFoundException'{0x000000008a2fc810}: org/jetbrains/kotlin/gradle/targets/js/npm/NpmDependencyExtensionDelegateCustomizer> (0x000000008a2fc810) 
thrown [s\src\hotspot\share\classfile\systemDictionary.cpp, line 256]
Event: 30.012 Thread 0x000001a165fc88e0 Exception <a 'java/lang/ClassNotFoundException'{0x000000008a11e518}: org/jetbrains/kotlin/gradle/targets/js/npm/NpmDependencyExtensionKt$defaultNpmDependencyDelegate$1Customizer> (0x000000008a11e518) 
thrown [s\src\hotspot\share\classfile\systemDictionary.cpp, line 256]
Event: 30.018 Thread 0x000001a165fc88e0 Exception <a 'java/lang/ClassNotFoundException'{0x000000008a155ae0}: org/jetbrains/kotlin/gradle/targets/js/npm/DefaultDevNpmDependencyExtensionBeanInfo> (0x000000008a155ae0) 
thrown [s\src\hotspot\share\classfile\systemDictionary.cpp, line 256]
Event: 30.018 Thread 0x000001a165fc88e0 Exception <a 'java/lang/ClassNotFoundException'{0x000000008a162248}: org/jetbrains/kotlin/gradle/targets/js/npm/DefaultDevNpmDependencyExtensionCustomizer> (0x000000008a162248) 
thrown [s\src\hotspot\share\classfile\systemDictionary.cpp, line 256]
Event: 30.025 Thread 0x000001a165fc88e0 Exception <a 'java/lang/ClassNotFoundException'{0x000000008a19cce8}: org/jetbrains/kotlin/gradle/targets/js/npm/DefaultPeerNpmDependencyExtensionBeanInfo> (0x000000008a19cce8) 
thrown [s\src\hotspot\share\classfile\systemDictionary.cpp, line 256]
Event: 30.025 Thread 0x000001a165fc88e0 Exception <a 'java/lang/ClassNotFoundException'{0x000000008a1a94a0}: org/jetbrains/kotlin/gradle/targets/js/npm/DefaultPeerNpmDependencyExtensionCustomizer> (0x000000008a1a94a0) 
thrown [s\src\hotspot\share\classfile\systemDictionary.cpp, line 256]
Event: 30.030 Thread 0x000001a165fc88e0 Exception <a 'java/lang/ClassNotFoundException'{0x000000008a1eb4f8}: org/jetbrains/kotlin/gradle/targets/js/npm/DefaultPeerNpmDependencyExtension$delegate$1BeanInfo> (0x000000008a1eb4f8) 
thrown [s\src\hotspot\share\classfile\systemDictionary.cpp, line 256]
Event: 30.031 Thread 0x000001a165fc88e0 Exception <a 'java/lang/ClassNotFoundException'{0x000000008a1f7f78}: org/jetbrains/kotlin/gradle/targets/js/npm/DefaultPeerNpmDependencyExtension$delegate$1Customizer> (0x000000008a1f7f78) 
thrown [s\src\hotspot\share\classfile\systemDictionary.cpp, line 256]
Event: 32.988 Thread 0x000001a165fc88e0 Exception <a 'java/lang/NoSuchMethodError'{0x000000008a9fd8a0}: 'long java.lang.invoke.DirectMethodHandle$Holder.invokeStatic(java.lang.Object)'> (0x000000008a9fd8a0) 
thrown [s\src\hotspot\share\interpreter\linkResolver.cpp, line 771]
Event: 32.988 Thread 0x000001a165fc88e0 Exception <a 'java/lang/NoSuchMethodError'{0x000000008a8028e8}: 'long java.lang.invoke.DirectMethodHandle$Holder.invokeStaticInit(java.lang.Object)'> (0x000000008a8028e8) 
thrown [s\src\hotspot\share\interpreter\linkResolver.cpp, line 771]
Event: 34.004 Thread 0x000001a165fc88e0 Exception <a 'java/lang/NoSuchMethodError'{0x000000008b615758}: 'java.lang.Object java.lang.invoke.Invokers$Holder.invoke_MT(java.lang.Object, java.lang.Object, java.lang.Object)'> (0x000000008b615758) 
thrown [s\src\hotspot\share\interpreter\linkResolver.cpp, line 771]
Event: 34.260 Thread 0x000001a165fc88e0 Implicit null exception at 0x000001a1538c9e90 to 0x000001a1538cbd3c

VM Operations (20 events):
Event: 32.848 Executing VM operation: Cleanup done
Event: 32.998 Executing VM operation: HandshakeAllThreads
Event: 32.998 Executing VM operation: HandshakeAllThreads done
Event: 33.247 Executing VM operation: G1TryInitiateConcMark
Event: 33.258 Executing VM operation: G1TryInitiateConcMark done
Event: 33.417 Executing VM operation: HandshakeAllThreads
Event: 33.417 Executing VM operation: HandshakeAllThreads done
Event: 33.427 Executing VM operation: G1Concurrent
Event: 33.438 Executing VM operation: G1Concurrent done
Event: 33.509 Executing VM operation: G1Concurrent
Event: 33.509 Executing VM operation: G1Concurrent done
Event: 33.859 Executing VM operation: HandshakeAllThreads
Event: 33.859 Executing VM operation: HandshakeAllThreads done
Event: 34.029 Executing VM operation: HandshakeAllThreads
Event: 34.030 Executing VM operation: HandshakeAllThreads done
Event: 34.330 Executing VM operation: G1CollectForAllocation
Event: 34.355 Executing VM operation: G1CollectForAllocation done
Event: 34.365 Executing VM operation: G1CollectForAllocation
Event: 34.394 Executing VM operation: G1CollectForAllocation done
Event: 34.798 Executing VM operation: G1CollectForAllocation

Events (20 events):
Event: 34.004 loading class jdk/internal/misc/ExtendedMapMode done
Event: 34.005 loading class sun/nio/ch/FileChannelImpl$DefaultUnmapper
Event: 34.005 loading class sun/nio/ch/FileChannelImpl$Unmapper
Event: 34.005 loading class jdk/internal/access/foreign/UnmapperProxy
Event: 34.005 loading class jdk/internal/access/foreign/UnmapperProxy done
Event: 34.005 loading class sun/nio/ch/FileChannelImpl$Unmapper done
Event: 34.005 loading class sun/nio/ch/FileChannelImpl$DefaultUnmapper done
Event: 34.005 loading class sun/nio/ch/Util$4
Event: 34.005 loading class sun/nio/ch/Util$4 done
Event: 34.007 loading class java/io/UTFDataFormatException
Event: 34.007 loading class java/io/UTFDataFormatException done
Event: 34.028 loading class java/nio/file/attribute/DosFileAttributeView
Event: 34.028 loading class java/nio/file/attribute/DosFileAttributeView done
Event: 34.028 loading class sun/nio/fs/WindowsFileAttributeViews$Dos
Event: 34.029 loading class sun/nio/fs/WindowsFileAttributeViews$Dos done
Event: 34.089 Thread 0x000001a16ca2b010 Thread added: 0x000001a16ca2b010
Event: 34.712 loading class java/nio/channels/Channels$ReadableByteChannelImpl
Event: 34.712 loading class java/nio/channels/Channels$ReadableByteChannelImpl done
Event: 34.713 loading class java/nio/channels/NonWritableChannelException
Event: 34.713 loading class java/nio/channels/NonWritableChannelException done


Dynamic libraries:
0x00007ff7af840000 - 0x00007ff7af84a000 	C:\Program Files\Android\Android Studio\jbr\bin\java.exe
0x00007ff987c70000 - 0x00007ff987e64000 	C:\Windows\SYSTEM32\ntdll.dll
0x00007ff986740000 - 0x00007ff9867fd000 	C:\Windows\System32\KERNEL32.DLL
0x00007ff9853c0000 - 0x00007ff985687000 	C:\Windows\System32\KERNELBASE.dll
0x00007ff985730000 - 0x00007ff985830000 	C:\Windows\System32\ucrtbase.dll
0x00007ff973bb0000 - 0x00007ff973bcb000 	C:\Program Files\Android\Android Studio\jbr\bin\VCRUNTIME140.dll
0x00007ff97ff80000 - 0x00007ff97ff97000 	C:\Program Files\Android\Android Studio\jbr\bin\jli.dll
0x00007ff9878d0000 - 0x00007ff987a70000 	C:\Windows\System32\USER32.dll
0x00007ff975210000 - 0x00007ff9754aa000 	C:\Windows\WinSxS\amd64_microsoft.windows.common-controls_6595b64144ccf1df_6.0.19041.1_none_b555e41d4684ddec\COMCTL32.dll
0x00007ff985c60000 - 0x00007ff985c82000 	C:\Windows\System32\win32u.dll
0x00007ff987a70000 - 0x00007ff987a9a000 	C:\Windows\System32\GDI32.dll
0x00007ff986210000 - 0x00007ff9862ae000 	C:\Windows\System32\msvcrt.dll
0x00007ff985ad0000 - 0x00007ff985bd9000 	C:\Windows\System32\gdi32full.dll
0x00007ff985690000 - 0x00007ff98572d000 	C:\Windows\System32\msvcp_win.dll
0x00007ff9861e0000 - 0x00007ff986210000 	C:\Windows\System32\IMM32.DLL
0x00007ff97eaa0000 - 0x00007ff97eaac000 	C:\Program Files\Android\Android Studio\jbr\bin\vcruntime140_1.dll
0x00007ff969c20000 - 0x00007ff969cad000 	C:\Program Files\Android\Android Studio\jbr\bin\msvcp140.dll
0x00007ff95a160000 - 0x00007ff95adce000 	C:\Program Files\Android\Android Studio\jbr\bin\server\jvm.dll
0x00007ff9862b0000 - 0x00007ff98635a000 	C:\Windows\System32\ADVAPI32.dll
0x00007ff986360000 - 0x00007ff9863fb000 	C:\Windows\System32\sechost.dll
0x00007ff986600000 - 0x00007ff986723000 	C:\Windows\System32\RPCRT4.dll
0x00007ff971430000 - 0x00007ff971439000 	C:\Windows\SYSTEM32\WSOCK32.dll
0x00007ff976c50000 - 0x00007ff976c77000 	C:\Windows\SYSTEM32\WINMM.dll
0x00007ff986940000 - 0x00007ff9869ab000 	C:\Windows\System32\WS2_32.dll
0x00007ff97a340000 - 0x00007ff97a34a000 	C:\Windows\SYSTEM32\VERSION.dll
0x00007ff983310000 - 0x00007ff983323000 	C:\Windows\SYSTEM32\kernel.appcore.dll
0x00007ff9812c0000 - 0x00007ff9812ca000 	C:\Program Files\Android\Android Studio\jbr\bin\jimage.dll
0x00007ff96f1e0000 - 0x00007ff96f3c4000 	C:\Windows\SYSTEM32\DBGHELP.DLL
0x00007ff96f170000 - 0x00007ff96f19c000 	C:\Windows\SYSTEM32\dbgcore.DLL
0x00007ff985be0000 - 0x00007ff985c5f000 	C:\Windows\System32\bcryptPrimitives.dll
0x00007ff981250000 - 0x00007ff981275000 	C:\Program Files\Android\Android Studio\jbr\bin\java.dll
0x00007ff9812a0000 - 0x00007ff9812b8000 	C:\Program Files\Android\Android Studio\jbr\bin\zip.dll
0x00007ff9869c0000 - 0x00007ff9870f1000 	C:\Windows\System32\SHELL32.dll
0x00007ff983510000 - 0x00007ff983c9a000 	C:\Windows\SYSTEM32\windows.storage.dll
0x00007ff987390000 - 0x00007ff9876e4000 	C:\Windows\System32\combase.dll
0x00007ff984d00000 - 0x00007ff984d2b000 	C:\Windows\SYSTEM32\Wldp.dll
0x00007ff9876f0000 - 0x00007ff98779e000 	C:\Windows\System32\SHCORE.dll
0x00007ff9868e0000 - 0x00007ff986935000 	C:\Windows\System32\shlwapi.dll
0x00007ff985300000 - 0x00007ff98531f000 	C:\Windows\SYSTEM32\profapi.dll
0x00007ff980610000 - 0x00007ff980629000 	C:\Program Files\Android\Android Studio\jbr\bin\net.dll
0x00007ff97d930000 - 0x00007ff97da30000 	C:\Windows\SYSTEM32\WINHTTP.dll
0x00007ff984af0000 - 0x00007ff984b5a000 	C:\Windows\system32\mswsock.dll
0x00007ff980360000 - 0x00007ff980376000 	C:\Program Files\Android\Android Studio\jbr\bin\nio.dll
0x00007ff980600000 - 0x00007ff980610000 	C:\Program Files\Android\Android Studio\jbr\bin\verify.dll
0x00007ff97ea10000 - 0x00007ff97ea37000 	D:\DOWNLOADS\JetPlayer\native\68d5fa5c4cc2d200863cafc0d521ce42e7d3e7ee720ec0a83991735586a16f82\windows-amd64\native-platform.dll
0x00007ff95b070000 - 0x00007ff95b1b4000 	D:\DOWNLOADS\JetPlayer\native\e376f236ea51e6404a007f0833ffe2c6e607c4080706a723a18a27aeea778392\windows-amd64\native-platform-file-events.dll
0x00007ff980350000 - 0x00007ff980359000 	C:\Program Files\Android\Android Studio\jbr\bin\management.dll
0x00007ff980210000 - 0x00007ff98021b000 	C:\Program Files\Android\Android Studio\jbr\bin\management_ext.dll
0x00007ff986730000 - 0x00007ff986738000 	C:\Windows\System32\PSAPI.DLL
0x00007ff9850a0000 - 0x00007ff9850b8000 	C:\Windows\SYSTEM32\CRYPTSP.dll
0x00007ff9844a0000 - 0x00007ff9844d4000 	C:\Windows\system32\rsaenh.dll
0x00007ff9859f0000 - 0x00007ff985a17000 	C:\Windows\System32\bcrypt.dll
0x00007ff985280000 - 0x00007ff9852ae000 	C:\Windows\SYSTEM32\USERENV.dll
0x00007ff984c70000 - 0x00007ff984c7c000 	C:\Windows\SYSTEM32\CRYPTBASE.dll
0x00007ff984800000 - 0x00007ff98483b000 	C:\Windows\SYSTEM32\IPHLPAPI.DLL
0x00007ff986400000 - 0x00007ff986409000 	C:\Windows\System32\NSI.dll
0x00007ff97f3a0000 - 0x00007ff97f3b7000 	C:\Windows\SYSTEM32\dhcpcsvc6.DLL
0x00007ff97f380000 - 0x00007ff97f39d000 	C:\Windows\SYSTEM32\dhcpcsvc.DLL
0x00007ff984840000 - 0x00007ff98490a000 	C:\Windows\SYSTEM32\DNSAPI.dll
0x00007ff980200000 - 0x00007ff980207000 	C:\Windows\system32\wshunix.dll

dbghelp: loaded successfully - version: 4.0.5 - missing functions: none
symbol engine: initialized successfully - sym options: 0x614 - pdb path: .;C:\Program Files\Android\Android Studio\jbr\bin;C:\Windows\SYSTEM32;C:\Windows\WinSxS\amd64_microsoft.windows.common-controls_6595b64144ccf1df_6.0.19041.1_none_b555e41d4684ddec;C:\Program Files\Android\Android Studio\jbr\bin\server;D:\DOWNLOADS\JetPlayer\native\68d5fa5c4cc2d200863cafc0d521ce42e7d3e7ee720ec0a83991735586a16f82\windows-amd64;D:\DOWNLOADS\JetPlayer\native\e376f236ea51e6404a007f0833ffe2c6e607c4080706a723a18a27aeea778392\windows-amd64

VM Arguments:
jvm_args: --add-opens=java.base/java.util=ALL-UNNAMED --add-opens=java.base/java.lang=ALL-UNNAMED --add-opens=java.base/java.lang.invoke=ALL-UNNAMED --add-opens=java.prefs/java.util.prefs=ALL-UNNAMED --add-opens=java.base/java.nio.charset=ALL-UNNAMED --add-opens=java.base/java.net=ALL-UNNAMED --add-opens=java.base/java.util.concurrent.atomic=ALL-UNNAMED -Xmx2048m -Dfile.encoding=UTF-8 -Duser.country=US -Duser.language=en -Duser.variant 
java_command: org.gradle.launcher.daemon.bootstrap.GradleDaemon 8.0
java_class_path (initial): D:\DOWNLOADS\JetPlayer\wrapper\dists\gradle-8.0-bin\ca5e32bp14vu59qr306oxotwh\gradle-8.0\lib\gradle-launcher-8.0.jar
Launcher Type: SUN_STANDARD

[Global flags]
     intx CICompilerCount                          = 3                                         {product} {ergonomic}
     uint ConcGCThreads                            = 1                                         {product} {ergonomic}
     uint G1ConcRefinementThreads                  = 4                                         {product} {ergonomic}
   size_t G1HeapRegionSize                         = 1048576                                   {product} {ergonomic}
    uintx GCDrainStackTargetSize                   = 64                                        {product} {ergonomic}
   size_t InitialHeapSize                          = 132120576                                 {product} {ergonomic}
   size_t MarkStackSize                            = 4194304                                   {product} {ergonomic}
   size_t MaxHeapSize                              = 2147483648                                {product} {command line}
   size_t MaxNewSize                               = 1287651328                                {product} {ergonomic}
   size_t MinHeapDeltaBytes                        = 1048576                                   {product} {ergonomic}
   size_t MinHeapSize                              = 8388608                                   {product} {ergonomic}
    uintx NonNMethodCodeHeapSize                   = 5832780                                {pd product} {ergonomic}
    uintx NonProfiledCodeHeapSize                  = 122912730                              {pd product} {ergonomic}
    uintx ProfiledCodeHeapSize                     = 122912730                              {pd product} {ergonomic}
    uintx ReservedCodeCacheSize                    = 251658240                              {pd product} {ergonomic}
     bool SegmentedCodeCache                       = true                                      {product} {ergonomic}
   size_t SoftMaxHeapSize                          = 2147483648                             {manageable} {ergonomic}
     bool UseCompressedClassPointers               = true                           {product lp64_product} {ergonomic}
     bool UseCompressedOops                        = true                           {product lp64_product} {ergonomic}
     bool UseG1GC                                  = true                                      {product} {ergonomic}
     bool UseLargePagesIndividualAllocation        = false                                  {pd product} {ergonomic}

Logging:
Log output configuration:
 #0: stdout all=warning uptime,level,tags
 #1: stderr all=off uptime,level,tags

Environment Variables:
JAVA_HOME=C:\Program Files\Zulu\zulu-17
PATH=C:\Program Files\Zulu\zulu-17\bin\;C:\Program Files\Common Files\Oracle\Java\javapath;C:\Program Files (x86)\Common Files\Oracle\Java\javapath;C:\Program Files\Zulu\zulu-8\bin\;C:\ProgramData\Oracle\Java\javapath;C:\Windows\system32;C:\Windows;C:\Windows\System32\Wbem;C:\Windows\System32\WindowsPowerShell\v1.0\;C:\Windows\System32\OpenSSH\;C:\Program Files (x86)\dotnet\;C:\Program Files\dotnet\;C:\Program Files (x86)\QuickTime\QTSystem\;D:\DOWNLOADS\gradle-8.3-all\gradle-8.3\bin;C:\Program Files\Git\cmd;C:\Program Files\Java\jdk-21\bin;C:\Users\ACER\AppData\Local\Microsoft\WindowsApps;C:\Users\ACER\AppData\Local\Programs\Microsoft VS Code\bin;C:\Program Files\Java\jdk-21\bin;
USERNAME=ACER
OS=Windows_NT
PROCESSOR_IDENTIFIER=Intel64 Family 6 Model 58 Stepping 9, GenuineIntel
TMP=C:\Users\ACER\AppData\Local\Temp
TEMP=C:\Users\ACER\AppData\Local\Temp


JNI global refs:
JNI global refs: 25, weak refs: 0

JNI global refs memory usage: 843, weak refs: 841


---------------  S Y S T E M  ---------------

OS:
 Windows 10 , 64 bit Build 19041 (10.0.19041.207)
OS uptime: 0 days 3:22 hours
Hyper-V role detected

CPU: total 4 (initial active 4) (2 cores per cpu, 2 threads per core) family 6 model 58 stepping 9 microcode 0x21, cx8, cmov, fxsr, ht, mmx, sse, sse2, sse3, ssse3, sse4.1, sse4.2, popcnt, tsc, tscinvbit, avx, aes, erms, clmul, vzeroupper, clflush, hv

Memory: 4k page, system-wide physical 8030M (1078M free)
TotalPageFile size 10078M (AvailPageFile size 148M)
current process WorkingSet (physical memory assigned to process): 484M, peak: 485M
current process commit charge ("private bytes"): 511M, peak: 842M

vm_info: OpenJDK 64-Bit Server VM (17.0.6+0-b2043.56-10027231) for windows-amd64 JRE (17.0.6+0-b2043.56-10027231), built on Apr 28 2023 00:43:19 by "androidbuild" with MS VC++ 16.10 / 16.11 (VS2019)

END.
