#
# There is insufficient memory for the Java Runtime Environment to continue.
# Native memory allocation (mmap) failed to map 12582912 bytes for G1 virtual space
# Possible reasons:
#   The system is out of physical RAM or swap space
#   The process is running with CompressedOops enabled, and the Java Heap may be blocking the growth of the native heap
# Possible solutions:
#   Reduce memory load on the system
#   Increase physical memory or swap space
#   Check if swap backing store is full
#   Decrease Java heap size (-Xmx/-Xms)
#   Decrease number of Java threads
#   Decrease Java thread stack sizes (-Xss)
#   Set larger code cache with -XX:ReservedCodeCacheSize=
#   JVM is running with Unscaled Compressed Oops mode in which the Java heap is
#     placed in the first 4GB address space. The Java Heap base address is the
#     maximum limit for the native heap growth. Please use -XX:HeapBaseMinAddress
#     to set the Java Heap base and to place the Java Heap above 4GB virtual address.
# This output file may be truncated or incomplete.
#
#  Out of Memory Error (os_windows.cpp:3769), pid=8692, tid=3528
#
# JRE version: OpenJDK Runtime Environment (17.0.6) (build 17.0.6+0-b2043.56-10027231)
# Java VM: OpenJDK 64-Bit Server VM (17.0.6+0-b2043.56-10027231, mixed mode, tiered, compressed oops, compressed class ptrs, g1 gc, windows-amd64)
# No core dump will be written. Minidumps are not enabled by default on client versions of Windows
#

---------------  S U M M A R Y ------------

Command Line: --add-opens=java.base/java.util=ALL-UNNAMED --add-opens=java.base/java.lang=ALL-UNNAMED --add-opens=java.base/java.lang.invoke=ALL-UNNAMED --add-opens=java.prefs/java.util.prefs=ALL-UNNAMED --add-opens=java.base/java.nio.charset=ALL-UNNAMED --add-opens=java.base/java.net=ALL-UNNAMED --add-opens=java.base/java.util.concurrent.atomic=ALL-UNNAMED -Xmx2048m -Dfile.encoding=UTF-8 -Duser.country=US -Duser.language=en -Duser.variant org.gradle.launcher.daemon.bootstrap.GradleDaemon 8.0

Host: Intel(R) Core(TM) i5-3210M CPU @ 2.50GHz, 4 cores, 7G,  Windows 10 , 64 bit Build 19041 (10.0.19041.207)
Time: Mon Jan 22 16:34:46 2024 SE Asia Standard Time elapsed time: 20.609146 seconds (0d 0h 0m 20s)

---------------  T H R E A D  ---------------

Current thread (0x0000023bd70cca30):  VMThread "VM Thread" [stack: 0x000000d15fd00000,0x000000d15fe00000] [id=3528]

Stack: [0x000000d15fd00000,0x000000d15fe00000]
Native frames: (J=compiled Java code, j=interpreted, Vv=VM code, C=native code)
V  [jvm.dll+0x683c9a]
V  [jvm.dll+0x8427a4]
V  [jvm.dll+0x843f9e]
V  [jvm.dll+0x844603]
V  [jvm.dll+0x249b75]
V  [jvm.dll+0x680b69]
V  [jvm.dll+0x67505a]
V  [jvm.dll+0x309acb]
V  [jvm.dll+0x310f86]
V  [jvm.dll+0x3608ee]
V  [jvm.dll+0x360b1f]
V  [jvm.dll+0x2dfbf8]
V  [jvm.dll+0x2e2ce6]
V  [jvm.dll+0x2ed478]
V  [jvm.dll+0x322150]
V  [jvm.dll+0x848ccb]
V  [jvm.dll+0x849a04]
V  [jvm.dll+0x849f1d]
V  [jvm.dll+0x84a2f4]
V  [jvm.dll+0x84a3c0]
V  [jvm.dll+0x7f274a]
V  [jvm.dll+0x682ad5]
C  [ucrtbase.dll+0x21542]
C  [KERNEL32.DLL+0x16fd4]
C  [ntdll.dll+0x4cec1]

VM_Operation (0x000000d15f9ff3f0): G1Concurrent, mode: safepoint, requested by thread 0x0000023bbbc33250


---------------  P R O C E S S  ---------------

Threads class SMR info:
_java_thread_list=0x0000023bdbf80dc0, length=38, elements={
0x0000023bbbbc77f0, 0x0000023bd70cfdd0, 0x0000023bd70d2060, 0x0000023bd70e8cc0,
0x0000023bd70e9580, 0x0000023bd70e9e40, 0x0000023bd70ea700, 0x0000023bd70eb3a0,
0x0000023bd7c7c720, 0x0000023bd7c80c50, 0x0000023bd7da6c40, 0x0000023bd7db3900,
0x0000023bda128dc0, 0x0000023bd8d131c0, 0x0000023bd8fc50a0, 0x0000023bdb3481b0,
0x0000023bdb354b10, 0x0000023bd8f9b330, 0x0000023bd9002d50, 0x0000023bd8eee7f0,
0x0000023bd8ef0e70, 0x0000023bd8eef660, 0x0000023bd8eefb30, 0x0000023bd8ef1340,
0x0000023bd8ef1810, 0x0000023bd8eee320, 0x0000023bd8ef09a0, 0x0000023bd8ef0000,
0x0000023bd8eeecc0, 0x0000023bd8ef1ce0, 0x0000023bd8eef190, 0x0000023bd8ef04d0,
0x0000023bda7e89f0, 0x0000023bda7eaba0, 0x0000023bda7e8520, 0x0000023bda7e8ec0,
0x0000023bda7ea6d0, 0x0000023bda7eba10
}

Java Threads: ( => current thread )
  0x0000023bbbbc77f0 JavaThread "main" [_thread_blocked, id=10944, stack(0x000000d15f700000,0x000000d15f800000)]
  0x0000023bd70cfdd0 JavaThread "Reference Handler" daemon [_thread_blocked, id=2560, stack(0x000000d15fe00000,0x000000d15ff00000)]
  0x0000023bd70d2060 JavaThread "Finalizer" daemon [_thread_blocked, id=10964, stack(0x000000d15ff00000,0x000000d160000000)]
  0x0000023bd70e8cc0 JavaThread "Signal Dispatcher" daemon [_thread_blocked, id=10228, stack(0x000000d160000000,0x000000d160100000)]
  0x0000023bd70e9580 JavaThread "Attach Listener" daemon [_thread_blocked, id=3328, stack(0x000000d160100000,0x000000d160200000)]
  0x0000023bd70e9e40 JavaThread "Service Thread" daemon [_thread_blocked, id=3536, stack(0x000000d160200000,0x000000d160300000)]
  0x0000023bd70ea700 JavaThread "Monitor Deflation Thread" daemon [_thread_blocked, id=5748, stack(0x000000d160300000,0x000000d160400000)]
  0x0000023bd70eb3a0 JavaThread "C2 CompilerThread0" daemon [_thread_blocked, id=4760, stack(0x000000d160400000,0x000000d160500000)]
  0x0000023bd7c7c720 JavaThread "C1 CompilerThread0" daemon [_thread_blocked, id=8592, stack(0x000000d160500000,0x000000d160600000)]
  0x0000023bd7c80c50 JavaThread "Sweeper thread" daemon [_thread_blocked, id=9668, stack(0x000000d160600000,0x000000d160700000)]
  0x0000023bd7da6c40 JavaThread "Common-Cleaner" daemon [_thread_blocked, id=7984, stack(0x000000d160700000,0x000000d160800000)]
  0x0000023bd7db3900 JavaThread "Notification Thread" daemon [_thread_blocked, id=6080, stack(0x000000d160800000,0x000000d160900000)]
  0x0000023bda128dc0 JavaThread "Daemon health stats" [_thread_blocked, id=6364, stack(0x000000d160e00000,0x000000d160f00000)]
  0x0000023bd8d131c0 JavaThread "Incoming local TCP Connector on port 52876" [_thread_in_native, id=8828, stack(0x000000d160a00000,0x000000d160b00000)]
  0x0000023bd8fc50a0 JavaThread "Daemon periodic checks" [_thread_blocked, id=5924, stack(0x000000d160f00000,0x000000d161000000)]
  0x0000023bdb3481b0 JavaThread "Daemon" [_thread_blocked, id=4752, stack(0x000000d161100000,0x000000d161200000)]
  0x0000023bdb354b10 JavaThread "Handler for socket connection from /127.0.0.1:52876 to /127.0.0.1:52877" [_thread_in_native, id=4196, stack(0x000000d161200000,0x000000d161300000)]
  0x0000023bd8f9b330 JavaThread "Cancel handler" [_thread_blocked, id=3624, stack(0x000000d161300000,0x000000d161400000)]
  0x0000023bd9002d50 JavaThread "Daemon worker" [_thread_blocked, id=5988, stack(0x000000d161400000,0x000000d161500000)]
  0x0000023bd8eee7f0 JavaThread "Asynchronous log dispatcher for DefaultDaemonConnection: socket connection from /127.0.0.1:52876 to /127.0.0.1:52877" [_thread_blocked, id=10560, stack(0x000000d161500000,0x000000d161600000)]
  0x0000023bd8ef0e70 JavaThread "Stdin handler" [_thread_blocked, id=9520, stack(0x000000d161600000,0x000000d161700000)]
  0x0000023bd8eef660 JavaThread "Daemon client event forwarder" [_thread_blocked, id=10936, stack(0x000000d161700000,0x000000d161800000)]
  0x0000023bd8eefb30 JavaThread "Cache worker for journal cache (D:\DOWNLOADS\JetPlayer\caches\journal-1)" [_thread_blocked, id=3044, stack(0x000000d161800000,0x000000d161900000)]
  0x0000023bd8ef1340 JavaThread "File lock request listener" [_thread_in_native, id=6812, stack(0x000000d161900000,0x000000d161a00000)]
  0x0000023bd8ef1810 JavaThread "Cache worker for file hash cache (D:\DOWNLOADS\JetPlayer\caches\8.0\fileHashes)" [_thread_blocked, id=4104, stack(0x000000d161a00000,0x000000d161b00000)]
  0x0000023bd8eee320 JavaThread "File watcher server" daemon [_thread_in_native, id=9636, stack(0x000000d161b00000,0x000000d161c00000)]
  0x0000023bd8ef09a0 JavaThread "File watcher consumer" daemon [_thread_blocked, id=5744, stack(0x000000d161c00000,0x000000d161d00000)]
  0x0000023bd8ef0000 JavaThread "jar transforms" [_thread_blocked, id=232, stack(0x000000d161d00000,0x000000d161e00000)]
  0x0000023bd8eeecc0 JavaThread "jar transforms Thread 2" [_thread_blocked, id=2268, stack(0x000000d161e00000,0x000000d161f00000)]
  0x0000023bd8ef1ce0 JavaThread "jar transforms Thread 3" [_thread_blocked, id=8312, stack(0x000000d161f00000,0x000000d162000000)]
  0x0000023bd8eef190 JavaThread "jar transforms Thread 4" [_thread_blocked, id=10736, stack(0x000000d162000000,0x000000d162100000)]
  0x0000023bd8ef04d0 JavaThread "Cache worker for checksums cache (C:\Users\ACER\AndroidStudioProjects\ShoesCare\.gradle\8.0\checksums)" [_thread_blocked, id=1404, stack(0x000000d162100000,0x000000d162200000)]
  0x0000023bda7e89f0 JavaThread "Cache worker for cache directory md-rule (D:\DOWNLOADS\JetPlayer\caches\8.0\md-rule)" [_thread_blocked, id=9244, stack(0x000000d162200000,0x000000d162300000)]
  0x0000023bda7eaba0 JavaThread "Cache worker for file content cache (D:\DOWNLOADS\JetPlayer\caches\8.0\fileContent)" [_thread_blocked, id=9656, stack(0x000000d162300000,0x000000d162400000)]
  0x0000023bda7e8520 JavaThread "Cache worker for file hash cache (C:\Users\ACER\AndroidStudioProjects\ShoesCare\.gradle\8.0\fileHashes)" [_thread_blocked, id=900, stack(0x000000d162400000,0x000000d162500000)]
  0x0000023bda7e8ec0 JavaThread "Cache worker for cache directory md-supplier (D:\DOWNLOADS\JetPlayer\caches\8.0\md-supplier)" [_thread_blocked, id=10184, stack(0x000000d162500000,0x000000d162600000)]
  0x0000023bda7ea6d0 JavaThread "Cache worker for execution history cache (D:\DOWNLOADS\JetPlayer\caches\8.0\executionHistory)" [_thread_blocked, id=6816, stack(0x000000d162600000,0x000000d162700000)]
  0x0000023bda7eba10 JavaThread "Cache worker for kotlin-dsl (D:\DOWNLOADS\JetPlayer\caches\8.0\kotlin-dsl)" [_thread_blocked, id=5716, stack(0x000000d162700000,0x000000d162800000)]

Other Threads:
=>0x0000023bd70cca30 VMThread "VM Thread" [stack: 0x000000d15fd00000,0x000000d15fe00000] [id=3528]
  0x0000023bd7da7520 WatcherThread [stack: 0x000000d160900000,0x000000d160a00000] [id=6692]
  0x0000023bbbc22400 GCTaskThread "GC Thread#0" [stack: 0x000000d15f800000,0x000000d15f900000] [id=2264]
  0x0000023bd85876f0 GCTaskThread "GC Thread#1" [stack: 0x000000d160b00000,0x000000d160c00000] [id=10428]
  0x0000023bd8160d40 GCTaskThread "GC Thread#2" [stack: 0x000000d160c00000,0x000000d160d00000] [id=8488]
  0x0000023bd8d7d850 GCTaskThread "GC Thread#3" [stack: 0x000000d160d00000,0x000000d160e00000] [id=5820]
  0x0000023bbbc33250 ConcurrentGCThread "G1 Main Marker" [stack: 0x000000d15f900000,0x000000d15fa00000] [id=3232]
  0x0000023bbbc33b70 ConcurrentGCThread "G1 Conc#0" [stack: 0x000000d15fa00000,0x000000d15fb00000] [id=6472]
  0x0000023bbbc99300 ConcurrentGCThread "G1 Refine#0" [stack: 0x000000d15fb00000,0x000000d15fc00000] [id=7076]
  0x0000023bdbb37510 ConcurrentGCThread "G1 Refine#1" [stack: 0x000000d162800000,0x000000d162900000] [id=7204]
  0x0000023bdbb37db0 ConcurrentGCThread "G1 Refine#2" [stack: 0x000000d162900000,0x000000d162a00000] [id=7924]
  0x0000023bd6f410a0 ConcurrentGCThread "G1 Service" [stack: 0x000000d15fc00000,0x000000d15fd00000] [id=2668]

Threads with active compile tasks:

VM state: at safepoint (normal execution)

VM Mutex/Monitor currently owned by a thread:  ([mutex/lock_event])
[0x0000023bbbbc2cc0] Threads_lock - owner thread: 0x0000023bd70cca30
[0x0000023bbbbc19a0] Heap_lock - owner thread: 0x0000023bbbc33250

Heap address: 0x0000000080000000, size: 2048 MB, Compressed Oops mode: 32-bit

CDS archive(s) not mapped
Compressed class space mapped at: 0x0000000100000000-0x0000000140000000, reserved size: 1073741824
Narrow klass base: 0x0000000000000000, Narrow klass shift: 3, Narrow klass range: 0x140000000

GC Precious Log:
 CPUs: 4 total, 4 available
 Memory: 8030M
 Large Page Support: Disabled
 NUMA Support: Disabled
 Compressed Oops: Enabled (32-bit)
 Heap Region Size: 1M
 Heap Min Capacity: 8M
 Heap Initial Capacity: 126M
 Heap Max Capacity: 2G
 Pre-touch: Disabled
 Parallel Workers: 4
 Concurrent Workers: 1
 Concurrent Refinement Workers: 4
 Periodic GC: Disabled

Heap:
 garbage-first heap   total 158720K, used 101226K [0x0000000080000000, 0x0000000100000000)
  region size 1024K, 7 young (7168K), 2 survivors (2048K)
 Metaspace       used 73668K, committed 74304K, reserved 1114112K
  class space    used 10067K, committed 10368K, reserved 1048576K

Heap Regions: E=young(eden), S=young(survivor), O=old, HS=humongous(starts), HC=humongous(continues), CS=collection set, F=free, OA=open archive, CA=closed archive, TAMS=top-at-mark-start (previous, next)
|   0|0x0000000080000000, 0x0000000080100000, 0x0000000080100000|100%| O|  |TAMS 0x0000000080100000, 0x0000000080000000| Untracked 
|   1|0x0000000080100000, 0x0000000080200000, 0x0000000080200000|100%| O|  |TAMS 0x0000000080200000, 0x0000000080100000| Untracked 
|   2|0x0000000080200000, 0x0000000080300000, 0x0000000080300000|100%|HS|  |TAMS 0x0000000080300000, 0x0000000080200000| Complete 
|   3|0x0000000080300000, 0x0000000080400000, 0x0000000080400000|100%|HC|  |TAMS 0x0000000080400000, 0x0000000080300000| Complete 
|   4|0x0000000080400000, 0x0000000080500000, 0x0000000080500000|100%|HC|  |TAMS 0x0000000080500000, 0x0000000080400000| Complete 
|   5|0x0000000080500000, 0x0000000080600000, 0x0000000080600000|100%|HC|  |TAMS 0x0000000080600000, 0x0000000080500000| Complete 
|   6|0x0000000080600000, 0x0000000080700000, 0x0000000080700000|100%| O|  |TAMS 0x0000000080700000, 0x0000000080600000| Untracked 
|   7|0x0000000080700000, 0x0000000080800000, 0x0000000080800000|100%| O|  |TAMS 0x0000000080800000, 0x0000000080700000| Untracked 
|   8|0x0000000080800000, 0x0000000080900000, 0x0000000080900000|100%| O|  |TAMS 0x0000000080900000, 0x0000000080800000| Untracked 
|   9|0x0000000080900000, 0x0000000080a00000, 0x0000000080a00000|100%| O|  |TAMS 0x0000000080a00000, 0x0000000080900000| Untracked 
|  10|0x0000000080a00000, 0x0000000080b00000, 0x0000000080b00000|100%| O|  |TAMS 0x0000000080b00000, 0x0000000080a00000| Untracked 
|  11|0x0000000080b00000, 0x0000000080c00000, 0x0000000080c00000|100%| O|  |TAMS 0x0000000080c00000, 0x0000000080b00000| Untracked 
|  12|0x0000000080c00000, 0x0000000080d00000, 0x0000000080d00000|100%| O|  |TAMS 0x0000000080d00000, 0x0000000080c00000| Untracked 
|  13|0x0000000080d00000, 0x0000000080e00000, 0x0000000080e00000|100%| O|  |TAMS 0x0000000080e00000, 0x0000000080d00000| Updating 
|  14|0x0000000080e00000, 0x0000000080f00000, 0x0000000080f00000|100%| O|  |TAMS 0x0000000080f00000, 0x0000000080e00000| Untracked 
|  15|0x0000000080f00000, 0x0000000081000000, 0x0000000081000000|100%| O|  |TAMS 0x0000000081000000, 0x0000000080f00000| Untracked 
|  16|0x0000000081000000, 0x0000000081100000, 0x0000000081100000|100%| O|  |TAMS 0x0000000081100000, 0x0000000081000000| Untracked 
|  17|0x0000000081100000, 0x0000000081200000, 0x0000000081200000|100%| O|  |TAMS 0x0000000081200000, 0x0000000081100000| Untracked 
|  18|0x0000000081200000, 0x0000000081300000, 0x0000000081300000|100%| O|  |TAMS 0x0000000081300000, 0x0000000081200000| Untracked 
|  19|0x0000000081300000, 0x0000000081400000, 0x0000000081400000|100%| O|  |TAMS 0x0000000081400000, 0x0000000081300000| Untracked 
|  20|0x0000000081400000, 0x0000000081500000, 0x0000000081500000|100%| O|  |TAMS 0x0000000081500000, 0x0000000081400000| Updating 
|  21|0x0000000081500000, 0x0000000081600000, 0x0000000081600000|100%|HS|  |TAMS 0x0000000081600000, 0x0000000081500000| Complete 
|  22|0x0000000081600000, 0x0000000081700000, 0x0000000081700000|100%|HC|  |TAMS 0x0000000081700000, 0x0000000081600000| Complete 
|  23|0x0000000081700000, 0x0000000081800000, 0x0000000081800000|100%|HS|  |TAMS 0x0000000081800000, 0x0000000081700000| Complete 
|  24|0x0000000081800000, 0x0000000081900000, 0x0000000081900000|100%|HC|  |TAMS 0x0000000081900000, 0x0000000081800000| Complete 
|  25|0x0000000081900000, 0x0000000081a00000, 0x0000000081a00000|100%|HC|  |TAMS 0x0000000081a00000, 0x0000000081900000| Complete 
|  26|0x0000000081a00000, 0x0000000081b00000, 0x0000000081b00000|100%|HS|  |TAMS 0x0000000081b00000, 0x0000000081a00000| Complete 
|  27|0x0000000081b00000, 0x0000000081c00000, 0x0000000081c00000|100%|HC|  |TAMS 0x0000000081c00000, 0x0000000081b00000| Complete 
|  28|0x0000000081c00000, 0x0000000081d00000, 0x0000000081d00000|100%|HC|  |TAMS 0x0000000081d00000, 0x0000000081c00000| Complete 
|  29|0x0000000081d00000, 0x0000000081e00000, 0x0000000081e00000|100%|HS|  |TAMS 0x0000000081e00000, 0x0000000081d00000| Complete 
|  30|0x0000000081e00000, 0x0000000081f00000, 0x0000000081f00000|100%|HC|  |TAMS 0x0000000081f00000, 0x0000000081e00000| Complete 
|  31|0x0000000081f00000, 0x0000000082000000, 0x0000000082000000|100%|HC|  |TAMS 0x0000000082000000, 0x0000000081f00000| Complete 
|  32|0x0000000082000000, 0x0000000082100000, 0x0000000082100000|100%|HC|  |TAMS 0x0000000082100000, 0x0000000082000000| Complete 
|  33|0x0000000082100000, 0x0000000082200000, 0x0000000082200000|100%|HC|  |TAMS 0x0000000082200000, 0x0000000082100000| Complete 
|  34|0x0000000082200000, 0x0000000082300000, 0x0000000082300000|100%|HC|  |TAMS 0x0000000082300000, 0x0000000082200000| Complete 
|  35|0x0000000082300000, 0x0000000082400000, 0x0000000082400000|100%|HC|  |TAMS 0x0000000082400000, 0x0000000082300000| Complete 
|  36|0x0000000082400000, 0x0000000082500000, 0x0000000082500000|100%|HC|  |TAMS 0x0000000082500000, 0x0000000082400000| Complete 
|  37|0x0000000082500000, 0x0000000082600000, 0x0000000082600000|100%|HC|  |TAMS 0x0000000082600000, 0x0000000082500000| Complete 
|  38|0x0000000082600000, 0x0000000082700000, 0x0000000082700000|100%|HC|  |TAMS 0x0000000082700000, 0x0000000082600000| Complete 
|  39|0x0000000082700000, 0x0000000082800000, 0x0000000082800000|100%|HC|  |TAMS 0x0000000082800000, 0x0000000082700000| Complete 
|  40|0x0000000082800000, 0x0000000082900000, 0x0000000082900000|100%|HC|  |TAMS 0x0000000082900000, 0x0000000082800000| Complete 
|  41|0x0000000082900000, 0x0000000082a00000, 0x0000000082a00000|100%|HS|  |TAMS 0x0000000082a00000, 0x0000000082900000| Complete 
|  42|0x0000000082a00000, 0x0000000082b00000, 0x0000000082b00000|100%|HC|  |TAMS 0x0000000082b00000, 0x0000000082a00000| Complete 
|  43|0x0000000082b00000, 0x0000000082c00000, 0x0000000082c00000|100%| O|  |TAMS 0x0000000082c00000, 0x0000000082b00000| Untracked 
|  44|0x0000000082c00000, 0x0000000082d00000, 0x0000000082d00000|100%| O|  |TAMS 0x0000000082d00000, 0x0000000082c00000| Untracked 
|  45|0x0000000082d00000, 0x0000000082e00000, 0x0000000082e00000|100%| O|  |TAMS 0x0000000082e00000, 0x0000000082d00000| Updating 
|  46|0x0000000082e00000, 0x0000000082f00000, 0x0000000082f00000|100%| O|  |TAMS 0x0000000082f00000, 0x0000000082e00000| Untracked 
|  47|0x0000000082f00000, 0x0000000083000000, 0x0000000083000000|100%| O|  |TAMS 0x0000000083000000, 0x0000000082f00000| Untracked 
|  48|0x0000000083000000, 0x0000000083100000, 0x0000000083100000|100%| O|  |TAMS 0x0000000083100000, 0x0000000083000000| Updating 
|  49|0x0000000083100000, 0x0000000083200000, 0x0000000083200000|100%| O|  |TAMS 0x0000000083200000, 0x0000000083100000| Updating 
|  50|0x0000000083200000, 0x0000000083300000, 0x0000000083300000|100%| O|  |TAMS 0x0000000083300000, 0x0000000083200000| Untracked 
|  51|0x0000000083300000, 0x0000000083400000, 0x0000000083400000|100%| O|  |TAMS 0x0000000083400000, 0x0000000083300000| Untracked 
|  52|0x0000000083400000, 0x0000000083500000, 0x0000000083500000|100%| O|  |TAMS 0x0000000083500000, 0x0000000083400000| Untracked 
|  53|0x0000000083500000, 0x0000000083600000, 0x0000000083600000|100%| O|  |TAMS 0x0000000083600000, 0x0000000083500000| Untracked 
|  54|0x0000000083600000, 0x0000000083700000, 0x0000000083700000|100%|HS|  |TAMS 0x0000000083700000, 0x0000000083600000| Complete 
|  55|0x0000000083700000, 0x0000000083800000, 0x0000000083800000|100%|HC|  |TAMS 0x0000000083800000, 0x0000000083700000| Complete 
|  56|0x0000000083800000, 0x0000000083900000, 0x0000000083900000|100%|HC|  |TAMS 0x0000000083900000, 0x0000000083800000| Complete 
|  57|0x0000000083900000, 0x0000000083a00000, 0x0000000083a00000|100%| O|  |TAMS 0x0000000083a00000, 0x0000000083900000| Updating 
|  58|0x0000000083a00000, 0x0000000083b00000, 0x0000000083b00000|100%| O|  |TAMS 0x0000000083b00000, 0x0000000083a00000| Updating 
|  59|0x0000000083b00000, 0x0000000083c00000, 0x0000000083c00000|100%|HS|  |TAMS 0x0000000083c00000, 0x0000000083b00000| Complete 
|  60|0x0000000083c00000, 0x0000000083d00000, 0x0000000083d00000|100%|HC|  |TAMS 0x0000000083d00000, 0x0000000083c00000| Complete 
|  61|0x0000000083d00000, 0x0000000083e00000, 0x0000000083e00000|100%|HC|  |TAMS 0x0000000083e00000, 0x0000000083d00000| Complete 
|  62|0x0000000083e00000, 0x0000000083f00000, 0x0000000083f00000|100%| O|  |TAMS 0x0000000083f00000, 0x0000000083e00000| Untracked 
|  63|0x0000000083f00000, 0x0000000084000000, 0x0000000084000000|100%| O|  |TAMS 0x0000000084000000, 0x0000000083f00000| Updating 
|  64|0x0000000084000000, 0x0000000084100000, 0x0000000084100000|100%| O|  |TAMS 0x0000000084100000, 0x0000000084000000| Untracked 
|  65|0x0000000084100000, 0x0000000084200000, 0x0000000084200000|100%| O|  |TAMS 0x0000000084200000, 0x0000000084100000| Untracked 
|  66|0x0000000084200000, 0x0000000084300000, 0x0000000084300000|100%| O|  |TAMS 0x0000000084300000, 0x0000000084200000| Untracked 
|  67|0x0000000084300000, 0x0000000084400000, 0x0000000084400000|100%| O|  |TAMS 0x0000000084400000, 0x0000000084300000| Untracked 
|  68|0x0000000084400000, 0x0000000084500000, 0x0000000084500000|100%| O|  |TAMS 0x0000000084500000, 0x0000000084400000| Untracked 
|  69|0x0000000084500000, 0x0000000084600000, 0x0000000084600000|100%|HS|  |TAMS 0x0000000084600000, 0x0000000084500000| Complete 
|  70|0x0000000084600000, 0x0000000084700000, 0x0000000084700000|100%|HC|  |TAMS 0x0000000084700000, 0x0000000084600000| Complete 
|  71|0x0000000084700000, 0x0000000084800000, 0x0000000084800000|100%|HC|  |TAMS 0x0000000084800000, 0x0000000084700000| Complete 
|  72|0x0000000084800000, 0x0000000084900000, 0x0000000084900000|100%|HC|  |TAMS 0x0000000084900000, 0x0000000084800000| Complete 
|  73|0x0000000084900000, 0x0000000084a00000, 0x0000000084a00000|100%| O|  |TAMS 0x0000000084a00000, 0x0000000084900000| Untracked 
|  74|0x0000000084a00000, 0x0000000084b00000, 0x0000000084b00000|100%| O|  |TAMS 0x0000000084a00000, 0x0000000084a00000| Untracked 
|  75|0x0000000084b00000, 0x0000000084c00000, 0x0000000084c00000|100%| O|  |TAMS 0x0000000084b00000, 0x0000000084b00000| Untracked 
|  76|0x0000000084c00000, 0x0000000084d00000, 0x0000000084d00000|100%| O|  |TAMS 0x0000000084c00000, 0x0000000084c00000| Untracked 
|  77|0x0000000084d00000, 0x0000000084e00000, 0x0000000084e00000|100%| O|  |TAMS 0x0000000084d00000, 0x0000000084d00000| Untracked 
|  78|0x0000000084e00000, 0x0000000084f00000, 0x0000000084f00000|100%| O|  |TAMS 0x0000000084e00000, 0x0000000084e00000| Untracked 
|  79|0x0000000084f00000, 0x0000000084fda800, 0x0000000085000000| 85%| O|  |TAMS 0x0000000084f00000, 0x0000000084f00000| Untracked 
|  80|0x0000000085000000, 0x0000000085100000, 0x0000000085100000|100%| O|  |TAMS 0x0000000085100000, 0x0000000085000000| Untracked 
|  81|0x0000000085100000, 0x0000000085200000, 0x0000000085200000|100%| O|  |TAMS 0x0000000085200000, 0x0000000085100000| Untracked 
|  82|0x0000000085200000, 0x0000000085300000, 0x0000000085300000|100%| O|  |TAMS 0x0000000085300000, 0x0000000085200000| Untracked 
|  83|0x0000000085300000, 0x0000000085400000, 0x0000000085400000|100%| O|  |TAMS 0x0000000085400000, 0x0000000085300000| Untracked 
|  84|0x0000000085400000, 0x0000000085500000, 0x0000000085500000|100%| O|  |TAMS 0x0000000085500000, 0x0000000085400000| Untracked 
|  85|0x0000000085500000, 0x0000000085600000, 0x0000000085600000|100%| O|  |TAMS 0x0000000085600000, 0x0000000085500000| Untracked 
|  86|0x0000000085600000, 0x0000000085700000, 0x0000000085700000|100%| O|  |TAMS 0x0000000085670800, 0x0000000085600000| Untracked 
|  87|0x0000000085700000, 0x0000000085800000, 0x0000000085800000|100%|HS|  |TAMS 0x0000000085700000, 0x0000000085700000| Complete 
|  88|0x0000000085800000, 0x0000000085900000, 0x0000000085900000|100%|HC|  |TAMS 0x0000000085800000, 0x0000000085800000| Complete 
|  89|0x0000000085900000, 0x0000000085a00000, 0x0000000085a00000|100%|HC|  |TAMS 0x0000000085900000, 0x0000000085900000| Complete 
|  90|0x0000000085a00000, 0x0000000085b00000, 0x0000000085b00000|100%|HC|  |TAMS 0x0000000085a00000, 0x0000000085a00000| Complete 
|  91|0x0000000085b00000, 0x0000000085c00000, 0x0000000085c00000|100%|HC|  |TAMS 0x0000000085b00000, 0x0000000085b00000| Complete 
|  92|0x0000000085c00000, 0x0000000085d00000, 0x0000000085d00000|100%|HC|  |TAMS 0x0000000085c00000, 0x0000000085c00000| Complete 
|  93|0x0000000085d00000, 0x0000000085d00000, 0x0000000085e00000|  0%| F|  |TAMS 0x0000000085d00000, 0x0000000085d00000| Untracked 
|  94|0x0000000085e00000, 0x0000000085e00000, 0x0000000085f00000|  0%| F|  |TAMS 0x0000000085e00000, 0x0000000085e00000| Untracked 
|  95|0x0000000085f00000, 0x0000000085f00000, 0x0000000086000000|  0%| F|  |TAMS 0x0000000085f00000, 0x0000000085f00000| Untracked 
|  96|0x0000000086000000, 0x0000000086000000, 0x0000000086100000|  0%| F|  |TAMS 0x0000000086000000, 0x0000000086000000| Untracked 
|  97|0x0000000086100000, 0x0000000086100000, 0x0000000086200000|  0%| F|  |TAMS 0x0000000086100000, 0x0000000086100000| Untracked 
|  98|0x0000000086200000, 0x0000000086200000, 0x0000000086300000|  0%| F|  |TAMS 0x0000000086200000, 0x0000000086200000| Untracked 
|  99|0x0000000086300000, 0x0000000086300000, 0x0000000086400000|  0%| F|  |TAMS 0x0000000086300000, 0x0000000086300000| Untracked 
| 100|0x0000000086400000, 0x0000000086400000, 0x0000000086500000|  0%| F|  |TAMS 0x0000000086400000, 0x0000000086400000| Untracked 
| 101|0x0000000086500000, 0x0000000086500000, 0x0000000086600000|  0%| F|  |TAMS 0x0000000086500000, 0x0000000086500000| Untracked 
| 102|0x0000000086600000, 0x0000000086600000, 0x0000000086700000|  0%| F|  |TAMS 0x0000000086600000, 0x0000000086600000| Untracked 
| 103|0x0000000086700000, 0x0000000086700000, 0x0000000086800000|  0%| F|  |TAMS 0x0000000086700000, 0x0000000086700000| Untracked 
| 104|0x0000000086800000, 0x0000000086800000, 0x0000000086900000|  0%| F|  |TAMS 0x0000000086800000, 0x0000000086800000| Untracked 
| 105|0x0000000086900000, 0x0000000086900000, 0x0000000086a00000|  0%| F|  |TAMS 0x0000000086900000, 0x0000000086900000| Untracked 
| 106|0x0000000086a00000, 0x0000000086a00000, 0x0000000086b00000|  0%| F|  |TAMS 0x0000000086a00000, 0x0000000086a00000| Untracked 
| 107|0x0000000086b00000, 0x0000000086b00000, 0x0000000086c00000|  0%| F|  |TAMS 0x0000000086b00000, 0x0000000086b00000| Untracked 
| 108|0x0000000086c00000, 0x0000000086c00000, 0x0000000086d00000|  0%| F|  |TAMS 0x0000000086c00000, 0x0000000086c00000| Untracked 
| 109|0x0000000086d00000, 0x0000000086d00000, 0x0000000086e00000|  0%| F|  |TAMS 0x0000000086d00000, 0x0000000086d00000| Untracked 
| 110|0x0000000086e00000, 0x0000000086e00000, 0x0000000086f00000|  0%| F|  |TAMS 0x0000000086e00000, 0x0000000086e00000| Untracked 
| 111|0x0000000086f00000, 0x0000000086f00000, 0x0000000087000000|  0%| F|  |TAMS 0x0000000086f00000, 0x0000000086f00000| Untracked 
| 112|0x0000000087000000, 0x0000000087000000, 0x0000000087100000|  0%| F|  |TAMS 0x0000000087000000, 0x0000000087000000| Untracked 
| 113|0x0000000087100000, 0x0000000087100000, 0x0000000087200000|  0%| F|  |TAMS 0x0000000087100000, 0x0000000087100000| Untracked 
| 114|0x0000000087200000, 0x0000000087200000, 0x0000000087300000|  0%| F|  |TAMS 0x0000000087200000, 0x0000000087200000| Untracked 
| 115|0x0000000087300000, 0x0000000087300000, 0x0000000087400000|  0%| F|  |TAMS 0x0000000087300000, 0x0000000087300000| Untracked 
| 116|0x0000000087400000, 0x0000000087400000, 0x0000000087500000|  0%| F|  |TAMS 0x0000000087400000, 0x0000000087400000| Untracked 
| 117|0x0000000087500000, 0x0000000087500000, 0x0000000087600000|  0%| F|  |TAMS 0x0000000087500000, 0x0000000087500000| Untracked 
| 118|0x0000000087600000, 0x0000000087600000, 0x0000000087700000|  0%| F|  |TAMS 0x0000000087600000, 0x0000000087600000| Untracked 
| 119|0x0000000087700000, 0x0000000087700000, 0x0000000087800000|  0%| F|  |TAMS 0x0000000087700000, 0x0000000087700000| Untracked 
| 120|0x0000000087800000, 0x0000000087800000, 0x0000000087900000|  0%| F|  |TAMS 0x0000000087800000, 0x0000000087800000| Untracked 
| 121|0x0000000087900000, 0x0000000087900000, 0x0000000087a00000|  0%| F|  |TAMS 0x0000000087900000, 0x0000000087900000| Untracked 
| 122|0x0000000087a00000, 0x0000000087a00000, 0x0000000087b00000|  0%| F|  |TAMS 0x0000000087a00000, 0x0000000087a00000| Untracked 
| 123|0x0000000087b00000, 0x0000000087c00000, 0x0000000087c00000|100%| S|CS|TAMS 0x0000000087b00000, 0x0000000087b00000| Complete 
| 124|0x0000000087c00000, 0x0000000087d00000, 0x0000000087d00000|100%| S|CS|TAMS 0x0000000087c00000, 0x0000000087c00000| Complete 
| 125|0x0000000087d00000, 0x0000000087d00000, 0x0000000087e00000|  0%| F|  |TAMS 0x0000000087d00000, 0x0000000087d00000| Untracked 
| 126|0x0000000087e00000, 0x0000000087e00000, 0x0000000087f00000|  0%| F|  |TAMS 0x0000000087e00000, 0x0000000087e00000| Untracked 
| 127|0x0000000087f00000, 0x0000000087f00000, 0x0000000088000000|  0%| F|  |TAMS 0x0000000087f00000, 0x0000000087f00000| Untracked 
| 128|0x0000000088000000, 0x0000000088000000, 0x0000000088100000|  0%| F|  |TAMS 0x0000000088000000, 0x0000000088000000| Untracked 
| 129|0x0000000088100000, 0x0000000088100000, 0x0000000088200000|  0%| F|  |TAMS 0x0000000088100000, 0x0000000088100000| Untracked 
| 130|0x0000000088200000, 0x0000000088200000, 0x0000000088300000|  0%| F|  |TAMS 0x0000000088200000, 0x0000000088200000| Untracked 
| 131|0x0000000088300000, 0x0000000088300000, 0x0000000088400000|  0%| F|  |TAMS 0x0000000088300000, 0x0000000088300000| Untracked 
| 132|0x0000000088400000, 0x0000000088400000, 0x0000000088500000|  0%| F|  |TAMS 0x0000000088400000, 0x0000000088400000| Untracked 
| 133|0x0000000088500000, 0x0000000088500000, 0x0000000088600000|  0%| F|  |TAMS 0x0000000088500000, 0x0000000088500000| Untracked 
| 134|0x0000000088600000, 0x0000000088600000, 0x0000000088700000|  0%| F|  |TAMS 0x0000000088600000, 0x0000000088600000| Untracked 
| 135|0x0000000088700000, 0x0000000088700000, 0x0000000088800000|  0%| F|  |TAMS 0x0000000088700000, 0x0000000088700000| Untracked 
| 136|0x0000000088800000, 0x0000000088800000, 0x0000000088900000|  0%| F|  |TAMS 0x0000000088800000, 0x0000000088800000| Untracked 
| 137|0x0000000088900000, 0x0000000088900000, 0x0000000088a00000|  0%| F|  |TAMS 0x0000000088900000, 0x0000000088900000| Untracked 
| 138|0x0000000088a00000, 0x0000000088a00000, 0x0000000088b00000|  0%| F|  |TAMS 0x0000000088a00000, 0x0000000088a00000| Untracked 
| 139|0x0000000088b00000, 0x0000000088b00000, 0x0000000088c00000|  0%| F|  |TAMS 0x0000000088b00000, 0x0000000088b00000| Untracked 
| 140|0x0000000088c00000, 0x0000000088c00000, 0x0000000088d00000|  0%| F|  |TAMS 0x0000000088c00000, 0x0000000088c00000| Untracked 
| 141|0x0000000088d00000, 0x0000000088d00000, 0x0000000088e00000|  0%| F|  |TAMS 0x0000000088d00000, 0x0000000088d00000| Untracked 
| 142|0x0000000088e00000, 0x0000000088e00000, 0x0000000088f00000|  0%| F|  |TAMS 0x0000000088e00000, 0x0000000088e00000| Untracked 
| 143|0x0000000088f00000, 0x0000000088f00000, 0x0000000089000000|  0%| F|  |TAMS 0x0000000088f00000, 0x0000000088f00000| Untracked 
| 144|0x0000000089000000, 0x0000000089000000, 0x0000000089100000|  0%| F|  |TAMS 0x0000000089000000, 0x0000000089000000| Untracked 
| 145|0x0000000089100000, 0x0000000089100000, 0x0000000089200000|  0%| F|  |TAMS 0x0000000089100000, 0x0000000089100000| Untracked 
| 146|0x0000000089200000, 0x0000000089200000, 0x0000000089300000|  0%| F|  |TAMS 0x0000000089200000, 0x0000000089200000| Untracked 
| 147|0x0000000089300000, 0x0000000089300000, 0x0000000089400000|  0%| F|  |TAMS 0x0000000089300000, 0x0000000089300000| Untracked 
| 148|0x0000000089400000, 0x0000000089400000, 0x0000000089500000|  0%| F|  |TAMS 0x0000000089400000, 0x0000000089400000| Untracked 
| 149|0x0000000089500000, 0x0000000089500000, 0x0000000089600000|  0%| F|  |TAMS 0x0000000089500000, 0x0000000089500000| Untracked 
| 150|0x0000000089600000, 0x0000000089680800, 0x0000000089700000| 50%| E|  |TAMS 0x0000000089600000, 0x0000000089600000| Complete 
| 151|0x0000000089700000, 0x0000000089800000, 0x0000000089800000|100%| E|CS|TAMS 0x0000000089700000, 0x0000000089700000| Complete 
| 152|0x0000000089800000, 0x0000000089900000, 0x0000000089900000|100%| E|CS|TAMS 0x0000000089800000, 0x0000000089800000| Complete 
| 153|0x0000000089900000, 0x0000000089a00000, 0x0000000089a00000|100%| E|CS|TAMS 0x0000000089900000, 0x0000000089900000| Complete 
| 154|0x0000000089a00000, 0x0000000089b00000, 0x0000000089b00000|100%| E|CS|TAMS 0x0000000089a00000, 0x0000000089a00000| Complete 

Card table byte_map: [0x0000023bd02a0000,0x0000023bd06a0000] _byte_map_base: 0x0000023bcfea0000

Marking Bits (Prev, Next): (CMBitMap*) 0x0000023bbbc22920, (CMBitMap*) 0x0000023bbbc22960
 Prev Bits: [0x0000023bd0aa0000, 0x0000023bd2aa0000)
 Next Bits: [0x0000023bd2aa0000, 0x0000023bd4aa0000)

Polling page: 0x0000023bc0850000

Metaspace:

Usage:
  Non-class:     62.11 MB used.
      Class:      9.83 MB used.
       Both:     71.94 MB used.

Virtual space:
  Non-class space:       64.00 MB reserved,      62.44 MB ( 98%) committed,  8 nodes.
      Class space:        1.00 GB reserved,      10.12 MB ( <1%) committed,  1 nodes.
             Both:        1.06 GB reserved,      72.56 MB (  7%) committed. 

Chunk freelists:
   Non-Class:  1.39 MB
       Class:  1.86 MB
        Both:  3.25 MB

MaxMetaspaceSize: unlimited
CompressedClassSpaceSize: 1.00 GB
Initial GC threshold: 21.00 MB
Current GC threshold: 113.38 MB
CDS: off
MetaspaceReclaimPolicy: balanced
 - commit_granule_bytes: 65536.
 - commit_granule_words: 8192.
 - virtual_space_node_default_size: 1048576.
 - enlarge_chunks_in_place: 1.
 - new_chunks_are_fully_committed: 0.
 - uncommit_free_chunks: 1.
 - use_allocation_guard: 0.
 - handle_deallocations: 1.


Internal statistics:

num_allocs_failed_limit: 3.
num_arena_births: 706.
num_arena_deaths: 0.
num_vsnodes_births: 9.
num_vsnodes_deaths: 0.
num_space_committed: 1160.
num_space_uncommitted: 0.
num_chunks_returned_to_freelist: 3.
num_chunks_taken_from_freelist: 3096.
num_chunk_merges: 3.
num_chunk_splits: 2211.
num_chunks_enlarged: 1675.
num_purges: 0.
num_inconsistent_stats: 0.

CodeHeap 'non-profiled nmethods': size=120000Kb used=2703Kb max_used=3150Kb free=117296Kb
 bounds [0x0000023bc8340000, 0x0000023bc8660000, 0x0000023bcf870000]
CodeHeap 'profiled nmethods': size=120000Kb used=9514Kb max_used=10193Kb free=110485Kb
 bounds [0x0000023bc0870000, 0x0000023bc1280000, 0x0000023bc7da0000]
CodeHeap 'non-nmethods': size=5760Kb used=2355Kb max_used=2384Kb free=3404Kb
 bounds [0x0000023bc7da0000, 0x0000023bc8010000, 0x0000023bc8340000]
 total_blobs=5764 nmethods=4883 adapters=792
 compilation: enabled
              stopped_count=0, restarted_count=0
 full_count=0

Compilation events (20 events):
Event: 20.576 Thread 0x0000023bd7c7c720 5668       3       org.jetbrains.kotlin.metadata.jvm.deserialization.PackageParts::addPart (22 bytes)
Event: 20.578 Thread 0x0000023bd7c7c720 nmethod 5668 0x0000023bc0c04f10 code [0x0000023bc0c05120, 0x0000023bc0c05788]
Event: 20.578 Thread 0x0000023bd7c7c720 5667       3       org.jetbrains.kotlin.metadata.jvm.deserialization.ModuleMapping$Companion::loadMultiFileFacadeInternalName (84 bytes)
Event: 20.581 Thread 0x0000023bd7c7c720 nmethod 5667 0x0000023bc0be4110 code [0x0000023bc0be45a0, 0x0000023bc0be6638]
Event: 20.581 Thread 0x0000023bd7c7c720 5670       3       org.jetbrains.kotlin.protobuf.GeneratedMessageLite$GeneratedExtension::getNumber (8 bytes)
Event: 20.582 Thread 0x0000023bd7c7c720 nmethod 5670 0x0000023bc11f1210 code [0x0000023bc11f13a0, 0x0000023bc11f14d8]
Event: 20.582 Thread 0x0000023bd7c7c720 5671       3       org.jetbrains.kotlin.protobuf.ExtensionRegistryLite::add (27 bytes)
Event: 20.582 Thread 0x0000023bd7c7c720 nmethod 5671 0x0000023bc11f0a90 code [0x0000023bc11f0c60, 0x0000023bc11f1068]
Event: 20.582 Thread 0x0000023bd7c7c720 5664       3       org.jetbrains.kotlin.metadata.ProtoBuf$QualifiedNameTable$QualifiedName::isInitialized (39 bytes)
Event: 20.583 Thread 0x0000023bd7c7c720 nmethod 5664 0x0000023bc11f0510 code [0x0000023bc11f06c0, 0x0000023bc11f09d8]
Event: 20.583 Thread 0x0000023bd7c7c720 5665       3       org.jetbrains.kotlin.metadata.ProtoBuf$QualifiedNameTable$QualifiedName::hasShortName (16 bytes)
Event: 20.583 Thread 0x0000023bd7c7c720 nmethod 5665 0x0000023bc11f0190 code [0x0000023bc11f0320, 0x0000023bc11f0498]
Event: 20.583 Thread 0x0000023bd7c7c720 5666       3       org.jetbrains.kotlin.metadata.ProtoBuf$Class::getConstructorCount (10 bytes)
Event: 20.583 Thread 0x0000023bd7c7c720 nmethod 5666 0x0000023bc11efd10 code [0x0000023bc11efec0, 0x0000023bc11f0088]
Event: 20.583 Thread 0x0000023bd7c7c720 5659       3       org.jetbrains.kotlin.metadata.ProtoBuf$Annotation$Argument$1::parsePartialFrom (7 bytes)
Event: 20.584 Thread 0x0000023bd7c7c720 nmethod 5659 0x0000023bc11ef990 code [0x0000023bc11efb20, 0x0000023bc11efc68]
Event: 20.584 Thread 0x0000023bd7c7c720 5660       3       org.jetbrains.kotlin.metadata.ProtoBuf$Annotation$Argument$1::parsePartialFrom (11 bytes)
Event: 20.584 Thread 0x0000023bd7c7c720 nmethod 5660 0x0000023bc11ef490 code [0x0000023bc11ef640, 0x0000023bc11ef848]
Event: 20.584 Thread 0x0000023bd7c7c720 5661       3       org.jetbrains.kotlin.metadata.ProtoBuf$Annotation$Argument::<init> (7 bytes)
Event: 20.584 Thread 0x0000023bd7c7c720 nmethod 5661 0x0000023bc11ef110 code [0x0000023bc11ef2a0, 0x0000023bc11ef3e8]

GC Heap History (20 events):
Event: 12.358 GC heap before
{Heap before GC invocations=16 (full 0):
 garbage-first heap   total 104448K, used 76944K [0x0000000080000000, 0x0000000100000000)
  region size 1024K, 20 young (20480K), 3 survivors (3072K)
 Metaspace       used 45098K, committed 45568K, reserved 1089536K
  class space    used 5956K, committed 6144K, reserved 1048576K
}
Event: 12.367 GC heap after
{Heap after GC invocations=17 (full 0):
 garbage-first heap   total 104448K, used 58890K [0x0000000080000000, 0x0000000100000000)
  region size 1024K, 3 young (3072K), 3 survivors (3072K)
 Metaspace       used 45098K, committed 45568K, reserved 1089536K
  class space    used 5956K, committed 6144K, reserved 1048576K
}
Event: 12.860 GC heap before
{Heap before GC invocations=17 (full 0):
 garbage-first heap   total 104448K, used 73226K [0x0000000080000000, 0x0000000100000000)
  region size 1024K, 18 young (18432K), 3 survivors (3072K)
 Metaspace       used 46638K, committed 47104K, reserved 1097728K
  class space    used 6188K, committed 6400K, reserved 1048576K
}
Event: 12.869 GC heap after
{Heap after GC invocations=18 (full 0):
 garbage-first heap   total 104448K, used 60598K [0x0000000080000000, 0x0000000100000000)
  region size 1024K, 4 young (4096K), 4 survivors (4096K)
 Metaspace       used 46638K, committed 47104K, reserved 1097728K
  class space    used 6188K, committed 6400K, reserved 1048576K
}
Event: 13.323 GC heap before
{Heap before GC invocations=19 (full 0):
 garbage-first heap   total 116736K, used 75958K [0x0000000080000000, 0x0000000100000000)
  region size 1024K, 15 young (15360K), 4 survivors (4096K)
 Metaspace       used 47366K, committed 47808K, reserved 1097728K
  class space    used 6271K, committed 6464K, reserved 1048576K
}
Event: 13.337 GC heap after
{Heap after GC invocations=20 (full 0):
 garbage-first heap   total 116736K, used 68966K [0x0000000080000000, 0x0000000100000000)
  region size 1024K, 4 young (4096K), 4 survivors (4096K)
 Metaspace       used 47366K, committed 47808K, reserved 1097728K
  class space    used 6271K, committed 6464K, reserved 1048576K
}
Event: 14.313 GC heap before
{Heap before GC invocations=21 (full 0):
 garbage-first heap   total 121856K, used 90470K [0x0000000080000000, 0x0000000100000000)
  region size 1024K, 24 young (24576K), 4 survivors (4096K)
 Metaspace       used 49682K, committed 50176K, reserved 1097728K
  class space    used 6509K, committed 6720K, reserved 1048576K
}
Event: 14.323 GC heap after
{Heap after GC invocations=22 (full 0):
 garbage-first heap   total 121856K, used 70303K [0x0000000080000000, 0x0000000100000000)
  region size 1024K, 2 young (2048K), 2 survivors (2048K)
 Metaspace       used 49682K, committed 50176K, reserved 1097728K
  class space    used 6509K, committed 6720K, reserved 1048576K
}
Event: 15.316 GC heap before
{Heap before GC invocations=22 (full 0):
 garbage-first heap   total 121856K, used 94879K [0x0000000080000000, 0x0000000100000000)
  region size 1024K, 26 young (26624K), 2 survivors (2048K)
 Metaspace       used 53426K, committed 54080K, reserved 1097728K
  class space    used 7393K, committed 7680K, reserved 1048576K
}
Event: 15.326 GC heap after
{Heap after GC invocations=23 (full 0):
 garbage-first heap   total 146432K, used 71377K [0x0000000080000000, 0x0000000100000000)
  region size 1024K, 3 young (3072K), 3 survivors (3072K)
 Metaspace       used 53426K, committed 54080K, reserved 1097728K
  class space    used 7393K, committed 7680K, reserved 1048576K
}
Event: 16.850 GC heap before
{Heap before GC invocations=24 (full 0):
 garbage-first heap   total 146432K, used 110289K [0x0000000080000000, 0x0000000100000000)
  region size 1024K, 41 young (41984K), 3 survivors (3072K)
 Metaspace       used 58765K, committed 59328K, reserved 1105920K
  class space    used 8261K, committed 8512K, reserved 1048576K
}
Event: 16.860 GC heap after
{Heap after GC invocations=25 (full 0):
 garbage-first heap   total 146432K, used 73104K [0x0000000080000000, 0x0000000100000000)
  region size 1024K, 5 young (5120K), 5 survivors (5120K)
 Metaspace       used 58765K, committed 59328K, reserved 1105920K
  class space    used 8261K, committed 8512K, reserved 1048576K
}
Event: 17.483 GC heap before
{Heap before GC invocations=25 (full 0):
 garbage-first heap   total 146432K, used 96656K [0x0000000080000000, 0x0000000100000000)
  region size 1024K, 29 young (29696K), 5 survivors (5120K)
 Metaspace       used 62713K, committed 63296K, reserved 1105920K
  class space    used 8738K, committed 9024K, reserved 1048576K
}
Event: 17.497 GC heap after
{Heap after GC invocations=26 (full 0):
 garbage-first heap   total 146432K, used 73914K [0x0000000080000000, 0x0000000100000000)
  region size 1024K, 4 young (4096K), 4 survivors (4096K)
 Metaspace       used 62713K, committed 63296K, reserved 1105920K
  class space    used 8738K, committed 9024K, reserved 1048576K
}
Event: 18.970 GC heap before
{Heap before GC invocations=27 (full 0):
 garbage-first heap   total 146432K, used 115898K [0x0000000080000000, 0x0000000100000000)
  region size 1024K, 42 young (43008K), 4 survivors (4096K)
 Metaspace       used 68949K, committed 69568K, reserved 1114112K
  class space    used 9527K, committed 9792K, reserved 1048576K
}
Event: 18.982 GC heap after
{Heap after GC invocations=28 (full 0):
 garbage-first heap   total 146432K, used 79034K [0x0000000080000000, 0x0000000100000000)
  region size 1024K, 4 young (4096K), 4 survivors (4096K)
 Metaspace       used 68949K, committed 69568K, reserved 1114112K
  class space    used 9527K, committed 9792K, reserved 1048576K
}
Event: 19.679 GC heap before
{Heap before GC invocations=29 (full 0):
 garbage-first heap   total 158720K, used 124090K [0x0000000080000000, 0x0000000100000000)
  region size 1024K, 42 young (43008K), 4 survivors (4096K)
 Metaspace       used 69366K, committed 70016K, reserved 1114112K
  class space    used 9564K, committed 9856K, reserved 1048576K
}
Event: 19.703 GC heap after
{Heap after GC invocations=30 (full 0):
 garbage-first heap   total 158720K, used 88514K [0x0000000080000000, 0x0000000100000000)
  region size 1024K, 6 young (6144K), 6 survivors (6144K)
 Metaspace       used 69366K, committed 70016K, reserved 1114112K
  class space    used 9564K, committed 9856K, reserved 1048576K
}
Event: 20.434 GC heap before
{Heap before GC invocations=30 (full 0):
 garbage-first heap   total 158720K, used 118210K [0x0000000080000000, 0x0000000100000000)
  region size 1024K, 36 young (36864K), 6 survivors (6144K)
 Metaspace       used 73348K, committed 73984K, reserved 1114112K
  class space    used 10038K, committed 10304K, reserved 1048576K
}
Event: 20.452 GC heap after
{Heap after GC invocations=31 (full 0):
 garbage-first heap   total 158720K, used 90986K [0x0000000080000000, 0x0000000100000000)
  region size 1024K, 2 young (2048K), 2 survivors (2048K)
 Metaspace       used 73348K, committed 73984K, reserved 1114112K
  class space    used 10038K, committed 10304K, reserved 1048576K
}

Dll operation events (2 events):
Event: 0.059 Loaded shared library C:\Program Files\Android\Android Studio\jbr\bin\java.dll
Event: 1.487 Loaded shared library C:\Program Files\Android\Android Studio\jbr\bin\verify.dll

Deoptimization events (20 events):
Event: 20.399 Thread 0x0000023bd9002d50 DEOPT PACKING pc=0x0000023bc84b3a94 sp=0x000000d1614f50a0
Event: 20.399 Thread 0x0000023bd9002d50 DEOPT UNPACKING pc=0x0000023bc7df69a3 sp=0x000000d1614f4fd0 mode 2
Event: 20.483 Thread 0x0000023bd9002d50 Uncommon trap: trap_request=0xffffffde fr.pc=0x0000023bc84139c0 relative=0x0000000000000460
Event: 20.483 Thread 0x0000023bd9002d50 Uncommon trap: reason=class_check action=maybe_recompile pc=0x0000023bc84139c0 method=org.jetbrains.kotlin.protobuf.CodedInputStream.tryRefillBuffer(I)Z @ 177 c2
Event: 20.483 Thread 0x0000023bd9002d50 DEOPT PACKING pc=0x0000023bc84139c0 sp=0x000000d1614f5500
Event: 20.483 Thread 0x0000023bd9002d50 DEOPT UNPACKING pc=0x0000023bc7df69a3 sp=0x000000d1614f53e8 mode 2
Event: 20.491 Thread 0x0000023bd9002d50 Uncommon trap: trap_request=0xffffffde fr.pc=0x0000023bc84139c0 relative=0x0000000000000460
Event: 20.491 Thread 0x0000023bd9002d50 Uncommon trap: reason=class_check action=maybe_recompile pc=0x0000023bc84139c0 method=org.jetbrains.kotlin.protobuf.CodedInputStream.tryRefillBuffer(I)Z @ 177 c2
Event: 20.491 Thread 0x0000023bd9002d50 DEOPT PACKING pc=0x0000023bc84139c0 sp=0x000000d1614f5500
Event: 20.491 Thread 0x0000023bd9002d50 DEOPT UNPACKING pc=0x0000023bc7df69a3 sp=0x000000d1614f53e8 mode 2
Event: 20.497 Thread 0x0000023bd9002d50 Uncommon trap: trap_request=0xffffffde fr.pc=0x0000023bc84139c0 relative=0x0000000000000460
Event: 20.497 Thread 0x0000023bd9002d50 Uncommon trap: reason=class_check action=maybe_recompile pc=0x0000023bc84139c0 method=org.jetbrains.kotlin.protobuf.CodedInputStream.tryRefillBuffer(I)Z @ 177 c2
Event: 20.497 Thread 0x0000023bd9002d50 DEOPT PACKING pc=0x0000023bc84139c0 sp=0x000000d1614f5500
Event: 20.497 Thread 0x0000023bd9002d50 DEOPT UNPACKING pc=0x0000023bc7df69a3 sp=0x000000d1614f53e8 mode 2
Event: 20.497 Thread 0x0000023bd9002d50 Uncommon trap: trap_request=0xffffffde fr.pc=0x0000023bc84139c0 relative=0x0000000000000460
Event: 20.497 Thread 0x0000023bd9002d50 Uncommon trap: reason=class_check action=maybe_recompile pc=0x0000023bc84139c0 method=org.jetbrains.kotlin.protobuf.CodedInputStream.tryRefillBuffer(I)Z @ 177 c2
Event: 20.497 Thread 0x0000023bd9002d50 DEOPT PACKING pc=0x0000023bc84139c0 sp=0x000000d1614f5500
Event: 20.497 Thread 0x0000023bd9002d50 DEOPT UNPACKING pc=0x0000023bc7df69a3 sp=0x000000d1614f53e8 mode 2
Event: 20.516 Thread 0x0000023bd9002d50 DEOPT PACKING pc=0x0000023bc0c71c54 sp=0x000000d1614f5260
Event: 20.516 Thread 0x0000023bd9002d50 DEOPT UNPACKING pc=0x0000023bc7df7143 sp=0x000000d1614f47b8 mode 0

Classes unloaded (0 events):
No events

Classes redefined (0 events):
No events

Internal exceptions (20 events):
Event: 14.244 Thread 0x0000023bd9002d50 Exception <a 'java/lang/NoSuchMethodError'{0x00000000868610a0}: 'java.lang.Object java.lang.invoke.DirectMethodHandle$Holder.invokeStatic(java.lang.Object, java.lang.Object, java.lang.Object, java.lang.Object, java.lang.Object, java.lang.Object, java.lang.Object, java.lang.Object, java.lang.Object, java.lang.Object, java.lang.Object, java.lang.Object, java.lang.Object, java.lang.Object, java.lang.Object, java.lang.Object, java.lang.Object, java.lang.Object, java.lang.Object, java.lang.Object, java.lang.Obj
Event: 14.250 Thread 0x0000023bd9002d50 Exception <a 'java/lang/NoSuchMethodError'{0x000000008688f6f8}: 'java.lang.Object java.lang.invoke.DirectMethodHandle$Holder.invokeStatic(java.lang.Object, java.lang.Object, java.lang.Object, java.lang.Object, java.lang.Object, java.lang.Object, java.lang.Object, java.lang.Object, java.lang.Object, java.lang.Object, java.lang.Object, java.lang.Object, java.lang.Object, java.lang.Object, java.lang.Object, java.lang.Object, java.lang.Object, java.lang.Object, java.lang.Object, java.lang.Object, java.lang.Obj
Event: 14.396 Thread 0x0000023bd9002d50 Exception <a 'java/lang/IncompatibleClassChangeError'{0x0000000087010b00}: Found class java.lang.Object, but interface was expected> (0x0000000087010b00) 
thrown [s\src\hotspot\share\interpreter\linkResolver.cpp, line 838]
Event: 14.564 Thread 0x0000023bd9002d50 Exception <a 'java/lang/IncompatibleClassChangeError'{0x0000000086e934e0}: Found class java.lang.Object, but interface was expected> (0x0000000086e934e0) 
thrown [s\src\hotspot\share\interpreter\linkResolver.cpp, line 838]
Event: 14.623 Thread 0x0000023bd9002d50 Exception <a 'java/lang/NoSuchMethodError'{0x0000000086df84f8}: 'int java.lang.invoke.DirectMethodHandle$Holder.invokeStaticInit(java.lang.Object, java.lang.Object, java.lang.Object, java.lang.Object, java.lang.Object)'> (0x0000000086df84f8) 
thrown [s\src\hotspot\share\interpreter\linkResolver.cpp, line 771]
Event: 14.806 Thread 0x0000023bd9002d50 Exception <a 'java/lang/NoSuchMethodError'{0x00000000869a8c00}: 'java.lang.Object java.lang.invoke.DirectMethodHandle$Holder.invokeStaticInit(java.lang.Object, int)'> (0x00000000869a8c00) 
thrown [s\src\hotspot\share\interpreter\linkResolver.cpp, line 771]
Event: 14.859 Thread 0x0000023bd9002d50 Exception <a 'java/lang/NoSuchMethodError'{0x00000000868ccd88}: 'int java.lang.invoke.DelegatingMethodHandle$Holder.reinvoke_L(java.lang.Object, java.lang.Object, java.lang.Object, long, int, int)'> (0x00000000868ccd88) 
thrown [s\src\hotspot\share\interpreter\linkResolver.cpp, line 771]
Event: 14.861 Thread 0x0000023bd9002d50 Exception <a 'java/lang/NoSuchMethodError'{0x00000000868dc958}: 'int java.lang.invoke.DelegatingMethodHandle$Holder.reinvoke_L(java.lang.Object, java.lang.Object, java.lang.Object, long, long, long)'> (0x00000000868dc958) 
thrown [s\src\hotspot\share\interpreter\linkResolver.cpp, line 771]
Event: 14.863 Thread 0x0000023bd9002d50 Exception <a 'java/lang/NoSuchMethodError'{0x00000000868ec830}: 'int java.lang.invoke.DelegatingMethodHandle$Holder.reinvoke_L(java.lang.Object, java.lang.Object, java.lang.Object, long, java.lang.Object, java.lang.Object)'> (0x00000000868ec830) 
thrown [s\src\hotspot\share\interpreter\linkResolver.cpp, line 771]
Event: 14.865 Thread 0x0000023bd9002d50 Exception <a 'java/lang/NoSuchMethodError'{0x00000000868fc7a0}: 'void java.lang.invoke.DelegatingMethodHandle$Holder.reinvoke_L(java.lang.Object, java.lang.Object, java.lang.Object, long, java.lang.Object)'> (0x00000000868fc7a0) 
thrown [s\src\hotspot\share\interpreter\linkResolver.cpp, line 771]
Event: 14.866 Thread 0x0000023bd9002d50 Exception <a 'java/lang/NoSuchMethodError'{0x00000000867054d8}: 'java.lang.Object java.lang.invoke.DirectMethodHandle$Holder.invokeSpecial(java.lang.Object, java.lang.Object, java.lang.Object, java.lang.Object, long)'> (0x00000000867054d8) 
thrown [s\src\hotspot\share\interpreter\linkResolver.cpp, line 771]
Event: 14.871 Thread 0x0000023bd9002d50 Exception <a 'java/lang/NoSuchMethodError'{0x0000000086729f70}: 'long java.lang.invoke.Invokers$Holder.invoke_MT(java.lang.Object, java.lang.Object, java.lang.Object, java.lang.Object)'> (0x0000000086729f70) 
thrown [s\src\hotspot\share\interpreter\linkResolver.cpp, line 771]
Event: 14.873 Thread 0x0000023bd9002d50 Exception <a 'java/lang/NoSuchMethodError'{0x0000000086733070}: 'int java.lang.invoke.Invokers$Holder.invoke_MT(java.lang.Object, java.lang.Object, java.lang.Object, java.lang.Object)'> (0x0000000086733070) 
thrown [s\src\hotspot\share\interpreter\linkResolver.cpp, line 771]
Event: 14.877 Thread 0x0000023bd9002d50 Exception <a 'java/lang/NoSuchMethodError'{0x00000000867440b8}: 'int java.lang.invoke.DelegatingMethodHandle$Holder.reinvoke_L(java.lang.Object, java.lang.Object, java.lang.Object, long, int)'> (0x00000000867440b8) 
thrown [s\src\hotspot\share\interpreter\linkResolver.cpp, line 771]
Event: 14.880 Thread 0x0000023bd9002d50 Exception <a 'java/lang/NoSuchMethodError'{0x00000000867574c8}: 'java.lang.Object java.lang.invoke.Invokers$Holder.invokeExact_MT(java.lang.Object, java.lang.Object, long, java.lang.Object)'> (0x00000000867574c8) 
thrown [s\src\hotspot\share\interpreter\linkResolver.cpp, line 771]
Event: 17.195 Thread 0x0000023bd9002d50 Exception <a 'java/lang/NoSuchMethodError'{0x00000000882bc3d0}: 'long java.lang.invoke.DirectMethodHandle$Holder.invokeStatic(java.lang.Object)'> (0x00000000882bc3d0) 
thrown [s\src\hotspot\share\interpreter\linkResolver.cpp, line 771]
Event: 17.196 Thread 0x0000023bd9002d50 Exception <a 'java/lang/NoSuchMethodError'{0x00000000882c0fb8}: 'long java.lang.invoke.DirectMethodHandle$Holder.invokeStaticInit(java.lang.Object)'> (0x00000000882c0fb8) 
thrown [s\src\hotspot\share\interpreter\linkResolver.cpp, line 771]
Event: 18.498 Thread 0x0000023bd9002d50 Exception <a 'java/lang/NoSuchMethodError'{0x00000000879b93a8}: 'void java.lang.invoke.DirectMethodHandle$Holder.invokeVirtual(java.lang.Object, java.lang.Object)'> (0x00000000879b93a8) 
thrown [s\src\hotspot\share\interpreter\linkResolver.cpp, line 771]
Event: 18.931 Thread 0x0000023bd9002d50 Exception <a 'java/lang/NoSuchMethodError'{0x00000000867fe5c8}: 'java.lang.Object java.lang.invoke.Invokers$Holder.invoke_MT(java.lang.Object, java.lang.Object, java.lang.Object)'> (0x00000000867fe5c8) 
thrown [s\src\hotspot\share\interpreter\linkResolver.cpp, line 771]
Event: 19.372 Thread 0x0000023bd9002d50 Implicit null exception at 0x0000023bc8360939 to 0x0000023bc8361670

VM Operations (20 events):
Event: 17.876 Executing VM operation: G1Concurrent done
Event: 18.075 Executing VM operation: HandshakeAllThreads
Event: 18.075 Executing VM operation: HandshakeAllThreads done
Event: 18.706 Executing VM operation: HandshakeAllThreads
Event: 18.706 Executing VM operation: HandshakeAllThreads done
Event: 18.968 Executing VM operation: HandshakeAllThreads
Event: 18.968 Executing VM operation: HandshakeAllThreads done
Event: 18.968 Executing VM operation: Cleanup
Event: 18.968 Executing VM operation: Cleanup done
Event: 18.970 Executing VM operation: G1TryInitiateConcMark
Event: 18.982 Executing VM operation: G1TryInitiateConcMark done
Event: 19.101 Executing VM operation: G1Concurrent
Event: 19.110 Executing VM operation: G1Concurrent done
Event: 19.166 Executing VM operation: G1Concurrent
Event: 19.166 Executing VM operation: G1Concurrent done
Event: 19.678 Executing VM operation: G1CollectForAllocation
Event: 19.704 Executing VM operation: G1CollectForAllocation done
Event: 20.434 Executing VM operation: G1TryInitiateConcMark
Event: 20.452 Executing VM operation: G1TryInitiateConcMark done
Event: 20.602 Executing VM operation: G1Concurrent

Events (20 events):
Event: 18.932 loading class sun/nio/ch/FileChannelImpl$Unmapper done
Event: 18.932 loading class sun/nio/ch/FileChannelImpl$DefaultUnmapper done
Event: 18.932 loading class sun/nio/ch/Util$4
Event: 18.932 loading class sun/nio/ch/Util$4 done
Event: 18.932 loading class jdk/internal/access/foreign/MemorySegmentProxy
Event: 18.933 loading class jdk/internal/access/foreign/MemorySegmentProxy done
Event: 18.935 loading class java/io/UTFDataFormatException
Event: 18.935 loading class java/io/UTFDataFormatException done
Event: 18.962 loading class java/util/DualPivotQuicksort
Event: 18.963 loading class java/util/DualPivotQuicksort done
Event: 18.967 loading class java/nio/file/attribute/DosFileAttributeView
Event: 18.967 loading class java/nio/file/attribute/DosFileAttributeView done
Event: 18.967 loading class sun/nio/fs/WindowsFileAttributeViews$Dos
Event: 18.968 loading class sun/nio/fs/WindowsFileAttributeViews$Dos done
Event: 19.054 Thread 0x0000023bdbd91030 Thread added: 0x0000023bdbd91030
Event: 19.512 loading class java/nio/channels/Channels$ReadableByteChannelImpl
Event: 19.512 loading class java/nio/channels/Channels$ReadableByteChannelImpl done
Event: 19.513 loading class java/nio/channels/NonWritableChannelException
Event: 19.513 loading class java/nio/channels/NonWritableChannelException done
Event: 20.148 Thread 0x0000023bdbd91030 Thread exited: 0x0000023bdbd91030


Dynamic libraries:
0x00007ff7b2af0000 - 0x00007ff7b2afa000 	C:\Program Files\Android\Android Studio\jbr\bin\java.exe
0x00007ff987c70000 - 0x00007ff987e64000 	C:\Windows\SYSTEM32\ntdll.dll
0x00007ff986740000 - 0x00007ff9867fd000 	C:\Windows\System32\KERNEL32.DLL
0x00007ff9853c0000 - 0x00007ff985687000 	C:\Windows\System32\KERNELBASE.dll
0x00007ff985730000 - 0x00007ff985830000 	C:\Windows\System32\ucrtbase.dll
0x00007ff97a560000 - 0x00007ff97a57b000 	C:\Program Files\Android\Android Studio\jbr\bin\VCRUNTIME140.dll
0x00007ff97ff80000 - 0x00007ff97ff97000 	C:\Program Files\Android\Android Studio\jbr\bin\jli.dll
0x00007ff975210000 - 0x00007ff9754aa000 	C:\Windows\WinSxS\amd64_microsoft.windows.common-controls_6595b64144ccf1df_6.0.19041.1_none_b555e41d4684ddec\COMCTL32.dll
0x00007ff986210000 - 0x00007ff9862ae000 	C:\Windows\System32\msvcrt.dll
0x00007ff987a70000 - 0x00007ff987a9a000 	C:\Windows\System32\GDI32.dll
0x00007ff985c60000 - 0x00007ff985c82000 	C:\Windows\System32\win32u.dll
0x00007ff985ad0000 - 0x00007ff985bd9000 	C:\Windows\System32\gdi32full.dll
0x00007ff985690000 - 0x00007ff98572d000 	C:\Windows\System32\msvcp_win.dll
0x00007ff9878d0000 - 0x00007ff987a70000 	C:\Windows\System32\USER32.dll
0x00007ff9861e0000 - 0x00007ff986210000 	C:\Windows\System32\IMM32.DLL
0x00007ff97a8e0000 - 0x00007ff97a8ec000 	C:\Program Files\Android\Android Studio\jbr\bin\vcruntime140_1.dll
0x00007ff94e4e0000 - 0x00007ff94e56d000 	C:\Program Files\Android\Android Studio\jbr\bin\msvcp140.dll
0x00007ff95a160000 - 0x00007ff95adce000 	C:\Program Files\Android\Android Studio\jbr\bin\server\jvm.dll
0x00007ff9862b0000 - 0x00007ff98635a000 	C:\Windows\System32\ADVAPI32.dll
0x00007ff986360000 - 0x00007ff9863fb000 	C:\Windows\System32\sechost.dll
0x00007ff986600000 - 0x00007ff986723000 	C:\Windows\System32\RPCRT4.dll
0x00007ff971430000 - 0x00007ff971439000 	C:\Windows\SYSTEM32\WSOCK32.dll
0x00007ff986940000 - 0x00007ff9869ab000 	C:\Windows\System32\WS2_32.dll
0x00007ff976c50000 - 0x00007ff976c77000 	C:\Windows\SYSTEM32\WINMM.dll
0x00007ff97a340000 - 0x00007ff97a34a000 	C:\Windows\SYSTEM32\VERSION.dll
0x00007ff983310000 - 0x00007ff983323000 	C:\Windows\SYSTEM32\kernel.appcore.dll
0x00007ff9812c0000 - 0x00007ff9812ca000 	C:\Program Files\Android\Android Studio\jbr\bin\jimage.dll
0x00007ff96f1e0000 - 0x00007ff96f3c4000 	C:\Windows\SYSTEM32\DBGHELP.DLL
0x00007ff96f170000 - 0x00007ff96f19c000 	C:\Windows\SYSTEM32\dbgcore.DLL
0x00007ff985be0000 - 0x00007ff985c5f000 	C:\Windows\System32\bcryptPrimitives.dll
0x00007ff981250000 - 0x00007ff981275000 	C:\Program Files\Android\Android Studio\jbr\bin\java.dll
0x00007ff9812a0000 - 0x00007ff9812b8000 	C:\Program Files\Android\Android Studio\jbr\bin\zip.dll
0x00007ff9869c0000 - 0x00007ff9870f1000 	C:\Windows\System32\SHELL32.dll
0x00007ff983510000 - 0x00007ff983c9a000 	C:\Windows\SYSTEM32\windows.storage.dll
0x00007ff987390000 - 0x00007ff9876e4000 	C:\Windows\System32\combase.dll
0x00007ff984d00000 - 0x00007ff984d2b000 	C:\Windows\SYSTEM32\Wldp.dll
0x00007ff9876f0000 - 0x00007ff98779e000 	C:\Windows\System32\SHCORE.dll
0x00007ff9868e0000 - 0x00007ff986935000 	C:\Windows\System32\shlwapi.dll
0x00007ff985300000 - 0x00007ff98531f000 	C:\Windows\SYSTEM32\profapi.dll
0x00007ff980610000 - 0x00007ff980629000 	C:\Program Files\Android\Android Studio\jbr\bin\net.dll
0x00007ff97d930000 - 0x00007ff97da30000 	C:\Windows\SYSTEM32\WINHTTP.dll
0x00007ff984af0000 - 0x00007ff984b5a000 	C:\Windows\system32\mswsock.dll
0x00007ff980360000 - 0x00007ff980376000 	C:\Program Files\Android\Android Studio\jbr\bin\nio.dll
0x00007ff980600000 - 0x00007ff980610000 	C:\Program Files\Android\Android Studio\jbr\bin\verify.dll
0x00007ff981210000 - 0x00007ff981237000 	D:\DOWNLOADS\JetPlayer\native\68d5fa5c4cc2d200863cafc0d521ce42e7d3e7ee720ec0a83991735586a16f82\windows-amd64\native-platform.dll
0x00007ff94b180000 - 0x00007ff94b2c4000 	D:\DOWNLOADS\JetPlayer\native\e376f236ea51e6404a007f0833ffe2c6e607c4080706a723a18a27aeea778392\windows-amd64\native-platform-file-events.dll
0x00007ff980350000 - 0x00007ff980359000 	C:\Program Files\Android\Android Studio\jbr\bin\management.dll
0x00007ff980210000 - 0x00007ff98021b000 	C:\Program Files\Android\Android Studio\jbr\bin\management_ext.dll
0x00007ff986730000 - 0x00007ff986738000 	C:\Windows\System32\PSAPI.DLL
0x00007ff9850a0000 - 0x00007ff9850b8000 	C:\Windows\SYSTEM32\CRYPTSP.dll
0x00007ff9844a0000 - 0x00007ff9844d4000 	C:\Windows\system32\rsaenh.dll
0x00007ff9859f0000 - 0x00007ff985a17000 	C:\Windows\System32\bcrypt.dll
0x00007ff985280000 - 0x00007ff9852ae000 	C:\Windows\SYSTEM32\USERENV.dll
0x00007ff984c70000 - 0x00007ff984c7c000 	C:\Windows\SYSTEM32\CRYPTBASE.dll
0x00007ff984800000 - 0x00007ff98483b000 	C:\Windows\SYSTEM32\IPHLPAPI.DLL
0x00007ff986400000 - 0x00007ff986409000 	C:\Windows\System32\NSI.dll
0x00007ff97f3a0000 - 0x00007ff97f3b7000 	C:\Windows\SYSTEM32\dhcpcsvc6.DLL
0x00007ff97f380000 - 0x00007ff97f39d000 	C:\Windows\SYSTEM32\dhcpcsvc.DLL
0x00007ff984840000 - 0x00007ff98490a000 	C:\Windows\SYSTEM32\DNSAPI.dll
0x00007ff980200000 - 0x00007ff980207000 	C:\Windows\system32\wshunix.dll

dbghelp: loaded successfully - version: 4.0.5 - missing functions: none
symbol engine: initialized successfully - sym options: 0x614 - pdb path: .;C:\Program Files\Android\Android Studio\jbr\bin;C:\Windows\SYSTEM32;C:\Windows\WinSxS\amd64_microsoft.windows.common-controls_6595b64144ccf1df_6.0.19041.1_none_b555e41d4684ddec;C:\Program Files\Android\Android Studio\jbr\bin\server;D:\DOWNLOADS\JetPlayer\native\68d5fa5c4cc2d200863cafc0d521ce42e7d3e7ee720ec0a83991735586a16f82\windows-amd64;D:\DOWNLOADS\JetPlayer\native\e376f236ea51e6404a007f0833ffe2c6e607c4080706a723a18a27aeea778392\windows-amd64

VM Arguments:
jvm_args: --add-opens=java.base/java.util=ALL-UNNAMED --add-opens=java.base/java.lang=ALL-UNNAMED --add-opens=java.base/java.lang.invoke=ALL-UNNAMED --add-opens=java.prefs/java.util.prefs=ALL-UNNAMED --add-opens=java.base/java.nio.charset=ALL-UNNAMED --add-opens=java.base/java.net=ALL-UNNAMED --add-opens=java.base/java.util.concurrent.atomic=ALL-UNNAMED -Xmx2048m -Dfile.encoding=UTF-8 -Duser.country=US -Duser.language=en -Duser.variant 
java_command: org.gradle.launcher.daemon.bootstrap.GradleDaemon 8.0
java_class_path (initial): D:\DOWNLOADS\JetPlayer\wrapper\dists\gradle-8.0-bin\ca5e32bp14vu59qr306oxotwh\gradle-8.0\lib\gradle-launcher-8.0.jar
Launcher Type: SUN_STANDARD

[Global flags]
     intx CICompilerCount                          = 3                                         {product} {ergonomic}
     uint ConcGCThreads                            = 1                                         {product} {ergonomic}
     uint G1ConcRefinementThreads                  = 4                                         {product} {ergonomic}
   size_t G1HeapRegionSize                         = 1048576                                   {product} {ergonomic}
    uintx GCDrainStackTargetSize                   = 64                                        {product} {ergonomic}
   size_t InitialHeapSize                          = 132120576                                 {product} {ergonomic}
   size_t MarkStackSize                            = 4194304                                   {product} {ergonomic}
   size_t MaxHeapSize                              = 2147483648                                {product} {command line}
   size_t MaxNewSize                               = 1287651328                                {product} {ergonomic}
   size_t MinHeapDeltaBytes                        = 1048576                                   {product} {ergonomic}
   size_t MinHeapSize                              = 8388608                                   {product} {ergonomic}
    uintx NonNMethodCodeHeapSize                   = 5832780                                {pd product} {ergonomic}
    uintx NonProfiledCodeHeapSize                  = 122912730                              {pd product} {ergonomic}
    uintx ProfiledCodeHeapSize                     = 122912730                              {pd product} {ergonomic}
    uintx ReservedCodeCacheSize                    = 251658240                              {pd product} {ergonomic}
     bool SegmentedCodeCache                       = true                                      {product} {ergonomic}
   size_t SoftMaxHeapSize                          = 2147483648                             {manageable} {ergonomic}
     bool UseCompressedClassPointers               = true                           {product lp64_product} {ergonomic}
     bool UseCompressedOops                        = true                           {product lp64_product} {ergonomic}
     bool UseG1GC                                  = true                                      {product} {ergonomic}
     bool UseLargePagesIndividualAllocation        = false                                  {pd product} {ergonomic}

Logging:
Log output configuration:
 #0: stdout all=warning uptime,level,tags
 #1: stderr all=off uptime,level,tags

Environment Variables:
JAVA_HOME=C:\Program Files\Zulu\zulu-17
PATH=C:\Program Files\Zulu\zulu-17\bin\;C:\Program Files\Common Files\Oracle\Java\javapath;C:\Program Files (x86)\Common Files\Oracle\Java\javapath;C:\Program Files\Zulu\zulu-8\bin\;C:\ProgramData\Oracle\Java\javapath;C:\Windows\system32;C:\Windows;C:\Windows\System32\Wbem;C:\Windows\System32\WindowsPowerShell\v1.0\;C:\Windows\System32\OpenSSH\;C:\Program Files (x86)\dotnet\;C:\Program Files\dotnet\;C:\Program Files (x86)\QuickTime\QTSystem\;D:\DOWNLOADS\gradle-8.3-all\gradle-8.3\bin;C:\Program Files\Git\cmd;C:\Program Files\Java\jdk-21\bin;C:\Users\ACER\AppData\Local\Microsoft\WindowsApps;C:\Users\ACER\AppData\Local\Programs\Microsoft VS Code\bin;C:\Program Files\Java\jdk-21\bin;
USERNAME=ACER
OS=Windows_NT
PROCESSOR_IDENTIFIER=Intel64 Family 6 Model 58 Stepping 9, GenuineIntel
TMP=C:\Users\ACER\AppData\Local\Temp
TEMP=C:\Users\ACER\AppData\Local\Temp


JNI global refs:
JNI global refs: 23, weak refs: 0

JNI global refs memory usage: 843, weak refs: 841


---------------  S Y S T E M  ---------------

OS:
 Windows 10 , 64 bit Build 19041 (10.0.19041.207)
OS uptime: 0 days 17:27 hours
Hyper-V role detected

CPU: total 4 (initial active 4) (2 cores per cpu, 2 threads per core) family 6 model 58 stepping 9 microcode 0x21, cx8, cmov, fxsr, ht, mmx, sse, sse2, sse3, ssse3, sse4.1, sse4.2, popcnt, tsc, tscinvbit, avx, aes, erms, clmul, vzeroupper, clflush, hv

Memory: 4k page, system-wide physical 8030M (998M free)
TotalPageFile size 10078M (AvailPageFile size 13M)
current process WorkingSet (physical memory assigned to process): 345M, peak: 345M
current process commit charge ("private bytes"): 371M, peak: 383M

vm_info: OpenJDK 64-Bit Server VM (17.0.6+0-b2043.56-10027231) for windows-amd64 JRE (17.0.6+0-b2043.56-10027231), built on Apr 28 2023 00:43:19 by "androidbuild" with MS VC++ 16.10 / 16.11 (VS2019)

END.
