#
# There is insufficient memory for the Java Runtime Environment to continue.
# Native memory allocation (mmap) failed to map 69206016 bytes for G1 virtual space
# Possible reasons:
#   The system is out of physical RAM or swap space
#   The process is running with CompressedOops enabled, and the Java Heap may be blocking the growth of the native heap
# Possible solutions:
#   Reduce memory load on the system
#   Increase physical memory or swap space
#   Check if swap backing store is full
#   Decrease Java heap size (-Xmx/-Xms)
#   Decrease number of Java threads
#   Decrease Java thread stack sizes (-Xss)
#   Set larger code cache with -XX:ReservedCodeCacheSize=
#   JVM is running with Unscaled Compressed Oops mode in which the Java heap is
#     placed in the first 4GB address space. The Java Heap base address is the
#     maximum limit for the native heap growth. Please use -XX:HeapBaseMinAddress
#     to set the Java Heap base and to place the Java Heap above 4GB virtual address.
# This output file may be truncated or incomplete.
#
#  Out of Memory Error (os_windows.cpp:3600), pid=1480, tid=3232
#
# JRE version: Java(TM) SE Runtime Environment (21.0.1+12) (build 21.0.1+12-LTS-29)
# Java VM: Java HotSpot(TM) 64-Bit Server VM (21.0.1+12-LTS-29, mixed mode, sharing, tiered, compressed oops, compressed class ptrs, g1 gc, windows-amd64)
# No core dump will be written. Minidumps are not enabled by default on client versions of Windows
#

---------------  S U M M A R Y ------------

Command Line: --add-opens=java.base/java.util=ALL-UNNAMED --add-opens=java.base/java.lang=ALL-UNNAMED --add-opens=java.base/java.lang.invoke=ALL-UNNAMED --add-opens=java.prefs/java.util.prefs=ALL-UNNAMED --add-opens=java.base/java.nio.charset=ALL-UNNAMED --add-opens=java.base/java.net=ALL-UNNAMED --add-opens=java.base/java.util.concurrent.atomic=ALL-UNNAMED -Xmx2048m -Dfile.encoding=UTF-8 -Duser.country=US -Duser.language=en -Duser.variant org.gradle.launcher.daemon.bootstrap.GradleDaemon 8.0

Host: Intel(R) Core(TM) i5-3210M CPU @ 2.50GHz, 4 cores, 7G,  Windows 10 , 64 bit Build 19041 (10.0.19041.207)
Time: Mon Jan 22 02:33:42 2024 SE Asia Standard Time elapsed time: 22.758396 seconds (0d 0h 0m 22s)

---------------  T H R E A D  ---------------

Current thread (0x000001956d861490):  VMThread "VM Thread"          [id=3232, stack(0x0000002e0f100000,0x0000002e0f200000) (1024K)]

Stack: [0x0000002e0f100000,0x0000002e0f200000]
Native frames: (J=compiled Java code, j=interpreted, Vv=VM code, C=native code)
V  [jvm.dll+0x6c9029]
V  [jvm.dll+0x854b81]
V  [jvm.dll+0x856e5e]
V  [jvm.dll+0x857543]
V  [jvm.dll+0x280c06]
V  [jvm.dll+0x6c5715]
V  [jvm.dll+0x6ba10a]
V  [jvm.dll+0x3557ea]
V  [jvm.dll+0x35d436]
V  [jvm.dll+0x3ae1be]
V  [jvm.dll+0x3ae468]
V  [jvm.dll+0x3291fc]
V  [jvm.dll+0x32baa6]
V  [jvm.dll+0x3359fe]
V  [jvm.dll+0x36bc65]
V  [jvm.dll+0x85d048]
V  [jvm.dll+0x85e144]
V  [jvm.dll+0x85e680]
V  [jvm.dll+0x85e923]
V  [jvm.dll+0x7fd728]
V  [jvm.dll+0x6c777d]
C  [ucrtbase.dll+0x21542]
C  [KERNEL32.DLL+0x16fd4]
C  [ntdll.dll+0x4cec1]

VM_Operation (0x0000002e0ecff840): G1PauseRemark, mode: safepoint, requested by thread 0x00000195517dd5f0


---------------  P R O C E S S  ---------------

Threads class SMR info:
_java_thread_list=0x00000195742e1180, length=83, elements={
0x000001954f4fd660, 0x000001956d883c10, 0x000001956d884ae0, 0x000001956d886ec0,
0x000001956d887920, 0x000001956d888380, 0x000001956d888de0, 0x000001956d88bb80,
0x000001956d88ef70, 0x000001956daed750, 0x000001956daf2040, 0x00000195735169c0,
0x0000019573176a60, 0x0000019573723690, 0x000001957350bd20, 0x000001957376e4a0,
0x000001957376b090, 0x0000019573656eb0, 0x00000195736640d0, 0x00000195736612e0,
0x0000019573662690, 0x0000019573661970, 0x0000019573662d20, 0x0000019573662000,
0x0000019573664760, 0x0000019573f91c70, 0x0000019573f92300, 0x0000019573f92990,
0x0000019573f908c0, 0x0000019573f915e0, 0x0000019573f8f510, 0x0000019573f8fba0,
0x0000019573f90f50, 0x0000019574de2880, 0x0000019574dded70, 0x0000019574de14d0,
0x0000019574de4950, 0x0000019574de2f10, 0x0000019574de5670, 0x0000019574de0120,
0x0000019574de6390, 0x0000019574de35a0, 0x0000019574de21f0, 0x0000019574de3c30,
0x0000019574de42c0, 0x0000019574de4fe0, 0x00000195745e0f40, 0x00000195745e22f0,
0x00000195745e15d0, 0x00000195745e3d30, 0x00000195745e4a50, 0x00000195745dee70,
0x00000195745ddac0, 0x00000195745e3010, 0x00000195745df500, 0x00000195745e36a0,
0x00000195745e50e0, 0x00000195745dfb90, 0x00000195745e0220, 0x00000195745e08b0,
0x00000195745e1c60, 0x00000195745e2980, 0x00000195745de7e0, 0x00000195745de150,
0x00000195745e43c0, 0x0000019576be1ef0, 0x0000019576be2580, 0x0000019576be1860,
0x0000019576be04b0, 0x0000019576be0b40, 0x0000019576bdf100, 0x0000019576bdf790,
0x0000019576be11d0, 0x0000019576bdfe20, 0x0000019576c20830, 0x0000019576c201a0,
0x0000019576c1b970, 0x0000019576c21be0, 0x0000019576c20ec0, 0x0000019576c1d3b0,
0x0000019576c1c690, 0x0000019576c1f480, 0x000001957780bee0
}

Java Threads: ( => current thread )
  0x000001954f4fd660 JavaThread "main"                              [_thread_blocked, id=1212, stack(0x0000002e0ea00000,0x0000002e0eb00000) (1024K)]
  0x000001956d883c10 JavaThread "Reference Handler"          daemon [_thread_blocked, id=924, stack(0x0000002e0f200000,0x0000002e0f300000) (1024K)]
  0x000001956d884ae0 JavaThread "Finalizer"                  daemon [_thread_blocked, id=2164, stack(0x0000002e0f300000,0x0000002e0f400000) (1024K)]
  0x000001956d886ec0 JavaThread "Signal Dispatcher"          daemon [_thread_blocked, id=3536, stack(0x0000002e0f400000,0x0000002e0f500000) (1024K)]
  0x000001956d887920 JavaThread "Attach Listener"            daemon [_thread_blocked, id=8872, stack(0x0000002e0f500000,0x0000002e0f600000) (1024K)]
  0x000001956d888380 JavaThread "Service Thread"             daemon [_thread_blocked, id=5600, stack(0x0000002e0f600000,0x0000002e0f700000) (1024K)]
  0x000001956d888de0 JavaThread "Monitor Deflation Thread"   daemon [_thread_blocked, id=548, stack(0x0000002e0f700000,0x0000002e0f800000) (1024K)]
  0x000001956d88bb80 JavaThread "C2 CompilerThread0"         daemon [_thread_blocked, id=7476, stack(0x0000002e0f800000,0x0000002e0f900000) (1024K)]
  0x000001956d88ef70 JavaThread "C1 CompilerThread0"         daemon [_thread_blocked, id=1904, stack(0x0000002e0f900000,0x0000002e0fa00000) (1024K)]
  0x000001956daed750 JavaThread "Common-Cleaner"             daemon [_thread_blocked, id=9752, stack(0x0000002e0fa00000,0x0000002e0fb00000) (1024K)]
  0x000001956daf2040 JavaThread "Notification Thread"        daemon [_thread_blocked, id=480, stack(0x0000002e0fb00000,0x0000002e0fc00000) (1024K)]
  0x00000195735169c0 JavaThread "Daemon health stats"               [_thread_blocked, id=5032, stack(0x0000002e10000000,0x0000002e10100000) (1024K)]
  0x0000019573176a60 JavaThread "Incoming local TCP Connector on port 60815"        [_thread_in_native, id=8048, stack(0x0000002e10100000,0x0000002e10200000) (1024K)]
  0x0000019573723690 JavaThread "Daemon periodic checks"            [_thread_blocked, id=4420, stack(0x0000002e10200000,0x0000002e10300000) (1024K)]
  0x000001957350bd20 JavaThread "Daemon"                            [_thread_blocked, id=3344, stack(0x0000002e10400000,0x0000002e10500000) (1024K)]
  0x000001957376e4a0 JavaThread "Handler for socket connection from /127.0.0.1:60815 to /127.0.0.1:60816"        [_thread_in_native, id=9364, stack(0x0000002e10500000,0x0000002e10600000) (1024K)]
  0x000001957376b090 JavaThread "Cancel handler"                    [_thread_blocked, id=8856, stack(0x0000002e10600000,0x0000002e10700000) (1024K)]
  0x0000019573656eb0 JavaThread "Daemon worker"                     [_thread_blocked, id=8248, stack(0x0000002e10700000,0x0000002e10800000) (1024K)]
  0x00000195736640d0 JavaThread "Asynchronous log dispatcher for DefaultDaemonConnection: socket connection from /127.0.0.1:60815 to /127.0.0.1:60816"        [_thread_blocked, id=1060, stack(0x0000002e10800000,0x0000002e10900000) (1024K)]
  0x00000195736612e0 JavaThread "Stdin handler"                     [_thread_blocked, id=9536, stack(0x0000002e10900000,0x0000002e10a00000) (1024K)]
  0x0000019573662690 JavaThread "Daemon client event forwarder"        [_thread_blocked, id=1332, stack(0x0000002e10a00000,0x0000002e10b00000) (1024K)]
  0x0000019573661970 JavaThread "Cache worker for journal cache (D:\DOWNLOADS\JetPlayer\caches\journal-1)"        [_thread_blocked, id=7676, stack(0x0000002e10b00000,0x0000002e10c00000) (1024K)]
  0x0000019573662d20 JavaThread "File lock request listener"        [_thread_in_native, id=492, stack(0x0000002e10c00000,0x0000002e10d00000) (1024K)]
  0x0000019573662000 JavaThread "Cache worker for file hash cache (D:\DOWNLOADS\JetPlayer\caches\8.0\fileHashes)"        [_thread_blocked, id=9440, stack(0x0000002e10d00000,0x0000002e10e00000) (1024K)]
  0x0000019573664760 JavaThread "File watcher server"        daemon [_thread_in_native, id=8716, stack(0x0000002e10e00000,0x0000002e10f00000) (1024K)]
  0x0000019573f91c70 JavaThread "File watcher consumer"      daemon [_thread_blocked, id=6672, stack(0x0000002e10f00000,0x0000002e11000000) (1024K)]
  0x0000019573f92300 JavaThread "jar transforms"                    [_thread_blocked, id=1072, stack(0x0000002e11000000,0x0000002e11100000) (1024K)]
  0x0000019573f92990 JavaThread "jar transforms Thread 2"           [_thread_blocked, id=9560, stack(0x0000002e11100000,0x0000002e11200000) (1024K)]
  0x0000019573f908c0 JavaThread "jar transforms Thread 3"           [_thread_blocked, id=3268, stack(0x0000002e11200000,0x0000002e11300000) (1024K)]
  0x0000019573f915e0 JavaThread "jar transforms Thread 4"           [_thread_blocked, id=4848, stack(0x0000002e11300000,0x0000002e11400000) (1024K)]
  0x0000019573f8f510 JavaThread "Cache worker for checksums cache (C:\Users\ACER\AndroidStudioProjects\ShoesCare\.gradle\8.0\checksums)"        [_thread_blocked, id=2840, stack(0x0000002e11400000,0x0000002e11500000) (1024K)]
  0x0000019573f8fba0 JavaThread "Cache worker for cache directory md-rule (D:\DOWNLOADS\JetPlayer\caches\8.0\md-rule)"        [_thread_blocked, id=5564, stack(0x0000002e11500000,0x0000002e11600000) (1024K)]
  0x0000019573f90f50 JavaThread "Cache worker for file content cache (D:\DOWNLOADS\JetPlayer\caches\8.0\fileContent)"        [_thread_blocked, id=824, stack(0x0000002e11600000,0x0000002e11700000) (1024K)]
  0x0000019574de2880 JavaThread "Cache worker for file hash cache (C:\Users\ACER\AndroidStudioProjects\ShoesCare\.gradle\8.0\fileHashes)"        [_thread_blocked, id=7552, stack(0x0000002e11700000,0x0000002e11800000) (1024K)]
  0x0000019574dded70 JavaThread "Cache worker for cache directory md-supplier (D:\DOWNLOADS\JetPlayer\caches\8.0\md-supplier)"        [_thread_blocked, id=7132, stack(0x0000002e11800000,0x0000002e11900000) (1024K)]
  0x0000019574de14d0 JavaThread "Cache worker for execution history cache (D:\DOWNLOADS\JetPlayer\caches\8.0\executionHistory)"        [_thread_blocked, id=3664, stack(0x0000002e11900000,0x0000002e11a00000) (1024K)]
  0x0000019574de4950 JavaThread "Cache worker for kotlin-dsl (D:\DOWNLOADS\JetPlayer\caches\8.0\kotlin-dsl)"        [_thread_blocked, id=4700, stack(0x0000002e11a00000,0x0000002e11b00000) (1024K)]
  0x0000019574de2f10 JavaThread "Cache worker for dependencies-accessors (C:\Users\ACER\AndroidStudioProjects\ShoesCare\.gradle\8.0\dependencies-accessors)"        [_thread_blocked, id=8588, stack(0x0000002e11b00000,0x0000002e11c00000) (1024K)]
  0x0000019574de5670 JavaThread "Cache worker for Build Output Cleanup Cache (C:\Users\ACER\AndroidStudioProjects\ShoesCare\.gradle\buildOutputCleanup)"        [_thread_blocked, id=7352, stack(0x0000002e11c00000,0x0000002e11d00000) (1024K)]
  0x0000019574de0120 JavaThread "Unconstrained build operations"        [_thread_blocked, id=8132, stack(0x0000002e11d00000,0x0000002e11e00000) (1024K)]
  0x0000019574de6390 JavaThread "Unconstrained build operations Thread 2"        [_thread_blocked, id=9112, stack(0x0000002e11e00000,0x0000002e11f00000) (1024K)]
  0x0000019574de35a0 JavaThread "Unconstrained build operations Thread 3"        [_thread_blocked, id=6968, stack(0x0000002e11f00000,0x0000002e12000000) (1024K)]
  0x0000019574de21f0 JavaThread "Unconstrained build operations Thread 4"        [_thread_blocked, id=8388, stack(0x0000002e12000000,0x0000002e12100000) (1024K)]
  0x0000019574de3c30 JavaThread "Unconstrained build operations Thread 5"        [_thread_blocked, id=4712, stack(0x0000002e12100000,0x0000002e12200000) (1024K)]
  0x0000019574de42c0 JavaThread "Unconstrained build operations Thread 6"        [_thread_blocked, id=5736, stack(0x0000002e12200000,0x0000002e12300000) (1024K)]
  0x0000019574de4fe0 JavaThread "Unconstrained build operations Thread 7"        [_thread_blocked, id=8552, stack(0x0000002e12300000,0x0000002e12400000) (1024K)]
  0x00000195745e0f40 JavaThread "Unconstrained build operations Thread 8"        [_thread_blocked, id=9672, stack(0x0000002e12400000,0x0000002e12500000) (1024K)]
  0x00000195745e22f0 JavaThread "Unconstrained build operations Thread 9"        [_thread_blocked, id=4696, stack(0x0000002e12500000,0x0000002e12600000) (1024K)]
  0x00000195745e15d0 JavaThread "Unconstrained build operations Thread 10"        [_thread_blocked, id=7408, stack(0x0000002e12600000,0x0000002e12700000) (1024K)]
  0x00000195745e3d30 JavaThread "Unconstrained build operations Thread 11"        [_thread_blocked, id=8436, stack(0x0000002e12700000,0x0000002e12800000) (1024K)]
  0x00000195745e4a50 JavaThread "Unconstrained build operations Thread 12"        [_thread_blocked, id=416, stack(0x0000002e12800000,0x0000002e12900000) (1024K)]
  0x00000195745dee70 JavaThread "Unconstrained build operations Thread 13"        [_thread_blocked, id=6528, stack(0x0000002e12900000,0x0000002e12a00000) (1024K)]
  0x00000195745ddac0 JavaThread "Unconstrained build operations Thread 14"        [_thread_blocked, id=1620, stack(0x0000002e12a00000,0x0000002e12b00000) (1024K)]
  0x00000195745e3010 JavaThread "Unconstrained build operations Thread 15"        [_thread_blocked, id=8120, stack(0x0000002e12b00000,0x0000002e12c00000) (1024K)]
  0x00000195745df500 JavaThread "Unconstrained build operations Thread 16"        [_thread_blocked, id=7828, stack(0x0000002e12c00000,0x0000002e12d00000) (1024K)]
  0x00000195745e36a0 JavaThread "Unconstrained build operations Thread 17"        [_thread_blocked, id=4344, stack(0x0000002e12d00000,0x0000002e12e00000) (1024K)]
  0x00000195745e50e0 JavaThread "Unconstrained build operations Thread 18"        [_thread_blocked, id=5144, stack(0x0000002e12e00000,0x0000002e12f00000) (1024K)]
  0x00000195745dfb90 JavaThread "Unconstrained build operations Thread 19"        [_thread_blocked, id=6956, stack(0x0000002e12f00000,0x0000002e13000000) (1024K)]
  0x00000195745e0220 JavaThread "Unconstrained build operations Thread 20"        [_thread_blocked, id=2140, stack(0x0000002e13000000,0x0000002e13100000) (1024K)]
  0x00000195745e08b0 JavaThread "Unconstrained build operations Thread 21"        [_thread_blocked, id=1844, stack(0x0000002e13100000,0x0000002e13200000) (1024K)]
  0x00000195745e1c60 JavaThread "Unconstrained build operations Thread 22"        [_thread_blocked, id=5828, stack(0x0000002e13200000,0x0000002e13300000) (1024K)]
  0x00000195745e2980 JavaThread "Unconstrained build operations Thread 23"        [_thread_blocked, id=4256, stack(0x0000002e13300000,0x0000002e13400000) (1024K)]
  0x00000195745de7e0 JavaThread "Unconstrained build operations Thread 24"        [_thread_blocked, id=5488, stack(0x0000002e13400000,0x0000002e13500000) (1024K)]
  0x00000195745de150 JavaThread "Unconstrained build operations Thread 25"        [_thread_blocked, id=3896, stack(0x0000002e13500000,0x0000002e13600000) (1024K)]
  0x00000195745e43c0 JavaThread "Unconstrained build operations Thread 26"        [_thread_blocked, id=6916, stack(0x0000002e13600000,0x0000002e13700000) (1024K)]
  0x0000019576be1ef0 JavaThread "Unconstrained build operations Thread 27"        [_thread_blocked, id=6428, stack(0x0000002e13700000,0x0000002e13800000) (1024K)]
  0x0000019576be2580 JavaThread "Unconstrained build operations Thread 28"        [_thread_blocked, id=4228, stack(0x0000002e13800000,0x0000002e13900000) (1024K)]
  0x0000019576be1860 JavaThread "Unconstrained build operations Thread 29"        [_thread_blocked, id=1628, stack(0x0000002e13900000,0x0000002e13a00000) (1024K)]
  0x0000019576be04b0 JavaThread "Unconstrained build operations Thread 30"        [_thread_blocked, id=992, stack(0x0000002e13a00000,0x0000002e13b00000) (1024K)]
  0x0000019576be0b40 JavaThread "Unconstrained build operations Thread 31"        [_thread_blocked, id=1512, stack(0x0000002e13b00000,0x0000002e13c00000) (1024K)]
  0x0000019576bdf100 JavaThread "Unconstrained build operations Thread 32"        [_thread_blocked, id=6648, stack(0x0000002e13c00000,0x0000002e13d00000) (1024K)]
  0x0000019576bdf790 JavaThread "Unconstrained build operations Thread 33"        [_thread_blocked, id=6476, stack(0x0000002e13d00000,0x0000002e13e00000) (1024K)]
  0x0000019576be11d0 JavaThread "Unconstrained build operations Thread 34"        [_thread_blocked, id=1732, stack(0x0000002e13e00000,0x0000002e13f00000) (1024K)]
  0x0000019576bdfe20 JavaThread "Unconstrained build operations Thread 35"        [_thread_blocked, id=2388, stack(0x0000002e13f00000,0x0000002e14000000) (1024K)]
  0x0000019576c20830 JavaThread "Unconstrained build operations Thread 36"        [_thread_blocked, id=8304, stack(0x0000002e14000000,0x0000002e14100000) (1024K)]
  0x0000019576c201a0 JavaThread "Unconstrained build operations Thread 37"        [_thread_blocked, id=208, stack(0x0000002e14100000,0x0000002e14200000) (1024K)]
  0x0000019576c1b970 JavaThread "Unconstrained build operations Thread 38"        [_thread_blocked, id=5404, stack(0x0000002e14200000,0x0000002e14300000) (1024K)]
  0x0000019576c21be0 JavaThread "Unconstrained build operations Thread 39"        [_thread_blocked, id=8828, stack(0x0000002e14300000,0x0000002e14400000) (1024K)]
  0x0000019576c20ec0 JavaThread "Unconstrained build operations Thread 40"        [_thread_blocked, id=4212, stack(0x0000002e14400000,0x0000002e14500000) (1024K)]
  0x0000019576c1d3b0 JavaThread "Memory manager"                    [_thread_blocked, id=5648, stack(0x0000002e14500000,0x0000002e14600000) (1024K)]
  0x0000019576c1c690 JavaThread "build event listener"              [_thread_blocked, id=9208, stack(0x0000002e14600000,0x0000002e14700000) (1024K)]
  0x0000019576c1f480 JavaThread "build event listener"              [_thread_blocked, id=1348, stack(0x0000002e14700000,0x0000002e14800000) (1024K)]
  0x000001957780bee0 JavaThread "C2 CompilerThread1"         daemon [_thread_in_native, id=8876, stack(0x0000002e0fc00000,0x0000002e0fd00000) (1024K)]
Total: 83

Other Threads:
=>0x000001956d861490 VMThread "VM Thread"                           [id=3232, stack(0x0000002e0f100000,0x0000002e0f200000) (1024K)]
  0x000001956d84b350 WatcherThread "VM Periodic Task Thread"        [id=4760, stack(0x0000002e0f000000,0x0000002e0f100000) (1024K)]
  0x00000195517cc800 WorkerThread "GC Thread#0"                     [id=1116, stack(0x0000002e0eb00000,0x0000002e0ec00000) (1024K)]
  0x00000195721b0800 WorkerThread "GC Thread#1"                     [id=1204, stack(0x0000002e0fd00000,0x0000002e0fe00000) (1024K)]
  0x00000195721b0ba0 WorkerThread "GC Thread#2"                     [id=9044, stack(0x0000002e0fe00000,0x0000002e0ff00000) (1024K)]
  0x00000195727cbac0 WorkerThread "GC Thread#3"                     [id=5424, stack(0x0000002e0ff00000,0x0000002e10000000) (1024K)]
  0x00000195517dd5f0 ConcurrentGCThread "G1 Main Marker"            [id=8592, stack(0x0000002e0ec00000,0x0000002e0ed00000) (1024K)]
  0x00000195517de0b0 WorkerThread "G1 Conc#0"                       [id=5568, stack(0x0000002e0ed00000,0x0000002e0ee00000) (1024K)]
  0x000001956d7210a0 ConcurrentGCThread "G1 Refine#0"               [id=9596, stack(0x0000002e0ee00000,0x0000002e0ef00000) (1024K)]
  0x000001955184bc70 ConcurrentGCThread "G1 Service"                [id=4852, stack(0x0000002e0ef00000,0x0000002e0f000000) (1024K)]
Total: 10

Threads with active compile tasks:
C2 CompilerThread0    22800 10448   !   4       org.jetbrains.kotlin.metadata.ProtoBuf$Type::<init> (875 bytes)
C2 CompilerThread1    22800 10470   !   4       org.jetbrains.kotlin.metadata.ProtoBuf$Function::<init> (1410 bytes)
Total: 2

VM state: at safepoint (normal execution)

VM Mutex/Monitor currently owned by a thread:  ([mutex/lock_event])
[0x00007ff94bb4a5f8] Threads_lock - owner thread: 0x000001956d861490
[0x00007ff94bb4a6f8] Heap_lock - owner thread: 0x00000195517dd5f0

Heap address: 0x0000000080000000, size: 2048 MB, Compressed Oops mode: 32-bit

CDS archive(s) mapped at: [0x0000019500000000-0x0000019500c90000-0x0000019500c90000), size 13172736, SharedBaseAddress: 0x0000019500000000, ArchiveRelocationMode: 1.
Compressed class space mapped at: 0x0000019501000000-0x0000019541000000, reserved size: 1073741824
Narrow klass base: 0x0000019500000000, Narrow klass shift: 0, Narrow klass range: 0x100000000

GC Precious Log:
 CardTable entry size: 512
 Card Set container configuration: InlinePtr #cards 5 size 8 Array Of Cards #cards 12 size 40 Howl #buckets 4 coarsen threshold 1843 Howl Bitmap #cards 512 size 80 coarsen threshold 460 Card regions per heap region 1 cards per card region 2048
 CPUs: 4 total, 4 available
 Memory: 8030M
 Large Page Support: Disabled
 NUMA Support: Disabled
 Compressed Oops: Enabled (32-bit)
 Heap Region Size: 1M
 Heap Min Capacity: 8M
 Heap Initial Capacity: 126M
 Heap Max Capacity: 2G
 Pre-touch: Disabled
 Parallel Workers: 4
 Concurrent Workers: 1
 Concurrent Refinement Workers: 4
 Periodic GC: Disabled

Heap:
 garbage-first heap   total 244736K, used 186319K [0x0000000080000000, 0x0000000100000000)
  region size 1024K, 27 young (27648K), 4 survivors (4096K)
 Metaspace       used 104267K, committed 106624K, reserved 1179648K
  class space    used 14063K, committed 15232K, reserved 1048576K

Heap Regions: E=young(eden), S=young(survivor), O=old, HS=humongous(starts), HC=humongous(continues), CS=collection set, F=free, TAMS=top-at-mark-start, PB=parsable bottom
|   0|0x0000000080000000, 0x0000000080100000, 0x0000000080100000|100%| O|  |TAMS 0x0000000080100000| PB 0x0000000080100000| Untracked 
|   1|0x0000000080100000, 0x0000000080200000, 0x0000000080200000|100%| O|  |TAMS 0x0000000080200000| PB 0x0000000080200000| Untracked 
|   2|0x0000000080200000, 0x0000000080300000, 0x0000000080300000|100%|HS|  |TAMS 0x0000000080300000| PB 0x0000000080200000| Complete 
|   3|0x0000000080300000, 0x0000000080400000, 0x0000000080400000|100%|HC|  |TAMS 0x0000000080400000| PB 0x0000000080300000| Complete 
|   4|0x0000000080400000, 0x0000000080500000, 0x0000000080500000|100%|HC|  |TAMS 0x0000000080500000| PB 0x0000000080400000| Complete 
|   5|0x0000000080500000, 0x0000000080600000, 0x0000000080600000|100%|HC|  |TAMS 0x0000000080600000| PB 0x0000000080500000| Complete 
|   6|0x0000000080600000, 0x0000000080700000, 0x0000000080700000|100%| O|  |TAMS 0x0000000080700000| PB 0x0000000080700000| Untracked 
|   7|0x0000000080700000, 0x0000000080800000, 0x0000000080800000|100%| O|  |TAMS 0x0000000080800000| PB 0x0000000080800000| Untracked 
|   8|0x0000000080800000, 0x0000000080900000, 0x0000000080900000|100%| O|  |TAMS 0x0000000080900000| PB 0x0000000080900000| Untracked 
|   9|0x0000000080900000, 0x0000000080a00000, 0x0000000080a00000|100%| O|  |TAMS 0x0000000080a00000| PB 0x0000000080a00000| Untracked 
|  10|0x0000000080a00000, 0x0000000080b00000, 0x0000000080b00000|100%| O|  |TAMS 0x0000000080b00000| PB 0x0000000080b00000| Updating 
|  11|0x0000000080b00000, 0x0000000080c00000, 0x0000000080c00000|100%| O|  |TAMS 0x0000000080c00000| PB 0x0000000080c00000| Untracked 
|  12|0x0000000080c00000, 0x0000000080d00000, 0x0000000080d00000|100%| O|  |TAMS 0x0000000080d00000| PB 0x0000000080d00000| Untracked 
|  13|0x0000000080d00000, 0x0000000080e00000, 0x0000000080e00000|100%| O|  |TAMS 0x0000000080e00000| PB 0x0000000080e00000| Untracked 
|  14|0x0000000080e00000, 0x0000000080f00000, 0x0000000080f00000|100%| O|  |TAMS 0x0000000080f00000| PB 0x0000000080f00000| Untracked 
|  15|0x0000000080f00000, 0x0000000081000000, 0x0000000081000000|100%| O|  |TAMS 0x0000000081000000| PB 0x0000000081000000| Untracked 
|  16|0x0000000081000000, 0x0000000081100000, 0x0000000081100000|100%| O|  |TAMS 0x0000000081100000| PB 0x0000000081100000| Untracked 
|  17|0x0000000081100000, 0x0000000081200000, 0x0000000081200000|100%| O|  |TAMS 0x0000000081200000| PB 0x0000000081200000| Untracked 
|  18|0x0000000081200000, 0x0000000081300000, 0x0000000081300000|100%| O|  |TAMS 0x0000000081300000| PB 0x0000000081300000| Untracked 
|  19|0x0000000081300000, 0x0000000081400000, 0x0000000081400000|100%| O|  |TAMS 0x0000000081400000| PB 0x0000000081400000| Untracked 
|  20|0x0000000081400000, 0x0000000081500000, 0x0000000081500000|100%| O|  |TAMS 0x0000000081500000| PB 0x0000000081500000| Untracked 
|  21|0x0000000081500000, 0x0000000081600000, 0x0000000081600000|100%| O|  |TAMS 0x0000000081600000| PB 0x0000000081600000| Untracked 
|  22|0x0000000081600000, 0x0000000081700000, 0x0000000081700000|100%|HS|  |TAMS 0x0000000081700000| PB 0x0000000081600000| Complete 
|  23|0x0000000081700000, 0x0000000081800000, 0x0000000081800000|100%|HC|  |TAMS 0x0000000081800000| PB 0x0000000081700000| Complete 
|  24|0x0000000081800000, 0x0000000081900000, 0x0000000081900000|100%|HS|  |TAMS 0x0000000081900000| PB 0x0000000081800000| Complete 
|  25|0x0000000081900000, 0x0000000081a00000, 0x0000000081a00000|100%|HC|  |TAMS 0x0000000081a00000| PB 0x0000000081900000| Complete 
|  26|0x0000000081a00000, 0x0000000081b00000, 0x0000000081b00000|100%|HC|  |TAMS 0x0000000081b00000| PB 0x0000000081a00000| Complete 
|  27|0x0000000081b00000, 0x0000000081c00000, 0x0000000081c00000|100%|HS|  |TAMS 0x0000000081c00000| PB 0x0000000081b00000| Complete 
|  28|0x0000000081c00000, 0x0000000081d00000, 0x0000000081d00000|100%|HC|  |TAMS 0x0000000081d00000| PB 0x0000000081c00000| Complete 
|  29|0x0000000081d00000, 0x0000000081e00000, 0x0000000081e00000|100%|HC|  |TAMS 0x0000000081e00000| PB 0x0000000081d00000| Complete 
|  30|0x0000000081e00000, 0x0000000081f00000, 0x0000000081f00000|100%|HS|  |TAMS 0x0000000081f00000| PB 0x0000000081e00000| Complete 
|  31|0x0000000081f00000, 0x0000000082000000, 0x0000000082000000|100%|HC|  |TAMS 0x0000000082000000| PB 0x0000000081f00000| Complete 
|  32|0x0000000082000000, 0x0000000082100000, 0x0000000082100000|100%|HC|  |TAMS 0x0000000082100000| PB 0x0000000082000000| Complete 
|  33|0x0000000082100000, 0x0000000082200000, 0x0000000082200000|100%|HC|  |TAMS 0x0000000082200000| PB 0x0000000082100000| Complete 
|  34|0x0000000082200000, 0x0000000082300000, 0x0000000082300000|100%|HC|  |TAMS 0x0000000082300000| PB 0x0000000082200000| Complete 
|  35|0x0000000082300000, 0x0000000082400000, 0x0000000082400000|100%|HC|  |TAMS 0x0000000082400000| PB 0x0000000082300000| Complete 
|  36|0x0000000082400000, 0x0000000082500000, 0x0000000082500000|100%|HC|  |TAMS 0x0000000082500000| PB 0x0000000082400000| Complete 
|  37|0x0000000082500000, 0x0000000082600000, 0x0000000082600000|100%|HC|  |TAMS 0x0000000082600000| PB 0x0000000082500000| Complete 
|  38|0x0000000082600000, 0x0000000082700000, 0x0000000082700000|100%|HC|  |TAMS 0x0000000082700000| PB 0x0000000082600000| Complete 
|  39|0x0000000082700000, 0x0000000082800000, 0x0000000082800000|100%|HC|  |TAMS 0x0000000082800000| PB 0x0000000082700000| Complete 
|  40|0x0000000082800000, 0x0000000082900000, 0x0000000082900000|100%|HC|  |TAMS 0x0000000082900000| PB 0x0000000082800000| Complete 
|  41|0x0000000082900000, 0x0000000082a00000, 0x0000000082a00000|100%|HC|  |TAMS 0x0000000082a00000| PB 0x0000000082900000| Complete 
|  42|0x0000000082a00000, 0x0000000082b00000, 0x0000000082b00000|100%|HS|  |TAMS 0x0000000082b00000| PB 0x0000000082a00000| Complete 
|  43|0x0000000082b00000, 0x0000000082c00000, 0x0000000082c00000|100%|HC|  |TAMS 0x0000000082c00000| PB 0x0000000082b00000| Complete 
|  44|0x0000000082c00000, 0x0000000082d00000, 0x0000000082d00000|100%| O|  |TAMS 0x0000000082d00000| PB 0x0000000082d00000| Untracked 
|  45|0x0000000082d00000, 0x0000000082e00000, 0x0000000082e00000|100%| O|  |TAMS 0x0000000082e00000| PB 0x0000000082e00000| Untracked 
|  46|0x0000000082e00000, 0x0000000082f00000, 0x0000000082f00000|100%| O|  |TAMS 0x0000000082f00000| PB 0x0000000082f00000| Untracked 
|  47|0x0000000082f00000, 0x0000000083000000, 0x0000000083000000|100%| O|  |TAMS 0x0000000083000000| PB 0x0000000083000000| Untracked 
|  48|0x0000000083000000, 0x0000000083100000, 0x0000000083100000|100%| O|  |TAMS 0x0000000083100000| PB 0x0000000083100000| Untracked 
|  49|0x0000000083100000, 0x0000000083200000, 0x0000000083200000|100%| O|  |TAMS 0x0000000083200000| PB 0x0000000083200000| Updating 
|  50|0x0000000083200000, 0x0000000083300000, 0x0000000083300000|100%| O|  |TAMS 0x0000000083300000| PB 0x0000000083300000| Untracked 
|  51|0x0000000083300000, 0x0000000083400000, 0x0000000083400000|100%| O|  |TAMS 0x0000000083400000| PB 0x0000000083400000| Untracked 
|  52|0x0000000083400000, 0x0000000083500000, 0x0000000083500000|100%| O|  |TAMS 0x0000000083500000| PB 0x0000000083500000| Untracked 
|  53|0x0000000083500000, 0x0000000083600000, 0x0000000083600000|100%| O|  |TAMS 0x0000000083600000| PB 0x0000000083600000| Updating 
|  54|0x0000000083600000, 0x0000000083700000, 0x0000000083700000|100%| O|  |TAMS 0x0000000083700000| PB 0x0000000083700000| Updating 
|  55|0x0000000083700000, 0x0000000083800000, 0x0000000083800000|100%| O|  |TAMS 0x0000000083800000| PB 0x0000000083800000| Untracked 
|  56|0x0000000083800000, 0x0000000083900000, 0x0000000083900000|100%| O|  |TAMS 0x0000000083900000| PB 0x0000000083900000| Updating 
|  57|0x0000000083900000, 0x0000000083a00000, 0x0000000083a00000|100%| O|  |TAMS 0x0000000083a00000| PB 0x0000000083a00000| Updating 
|  58|0x0000000083a00000, 0x0000000083b00000, 0x0000000083b00000|100%| O|  |TAMS 0x0000000083b00000| PB 0x0000000083b00000| Untracked 
|  59|0x0000000083b00000, 0x0000000083c00000, 0x0000000083c00000|100%| O|  |TAMS 0x0000000083c00000| PB 0x0000000083c00000| Updating 
|  60|0x0000000083c00000, 0x0000000083d00000, 0x0000000083d00000|100%|HS|  |TAMS 0x0000000083d00000| PB 0x0000000083c00000| Complete 
|  61|0x0000000083d00000, 0x0000000083e00000, 0x0000000083e00000|100%|HC|  |TAMS 0x0000000083e00000| PB 0x0000000083d00000| Complete 
|  62|0x0000000083e00000, 0x0000000083f00000, 0x0000000083f00000|100%|HC|  |TAMS 0x0000000083f00000| PB 0x0000000083e00000| Complete 
|  63|0x0000000083f00000, 0x0000000084000000, 0x0000000084000000|100%|HS|  |TAMS 0x0000000084000000| PB 0x0000000083f00000| Complete 
|  64|0x0000000084000000, 0x0000000084100000, 0x0000000084100000|100%|HC|  |TAMS 0x0000000084100000| PB 0x0000000084000000| Complete 
|  65|0x0000000084100000, 0x0000000084200000, 0x0000000084200000|100%|HC|  |TAMS 0x0000000084200000| PB 0x0000000084100000| Complete 
|  66|0x0000000084200000, 0x0000000084300000, 0x0000000084300000|100%| O|  |TAMS 0x0000000084200000| PB 0x0000000084200000| Untracked 
|  67|0x0000000084300000, 0x0000000084400000, 0x0000000084400000|100%| O|  |TAMS 0x0000000084400000| PB 0x0000000084400000| Updating 
|  68|0x0000000084400000, 0x0000000084500000, 0x0000000084500000|100%| O|  |TAMS 0x0000000084500000| PB 0x0000000084500000| Updating 
|  69|0x0000000084500000, 0x0000000084600000, 0x0000000084600000|100%| O|  |TAMS 0x0000000084600000| PB 0x0000000084600000| Updating 
|  70|0x0000000084600000, 0x0000000084700000, 0x0000000084700000|100%|HS|  |TAMS 0x0000000084700000| PB 0x0000000084600000| Complete 
|  71|0x0000000084700000, 0x0000000084800000, 0x0000000084800000|100%|HS|  |TAMS 0x0000000084800000| PB 0x0000000084700000| Complete 
|  72|0x0000000084800000, 0x0000000084900000, 0x0000000084900000|100%|HS|  |TAMS 0x0000000084900000| PB 0x0000000084800000| Complete 
|  73|0x0000000084900000, 0x0000000084a00000, 0x0000000084a00000|100%|HC|  |TAMS 0x0000000084a00000| PB 0x0000000084900000| Complete 
|  74|0x0000000084a00000, 0x0000000084b00000, 0x0000000084b00000|100%|HS|  |TAMS 0x0000000084b00000| PB 0x0000000084a00000| Complete 
|  75|0x0000000084b00000, 0x0000000084c00000, 0x0000000084c00000|100%|HS|  |TAMS 0x0000000084c00000| PB 0x0000000084b00000| Complete 
|  76|0x0000000084c00000, 0x0000000084d00000, 0x0000000084d00000|100%|HC|  |TAMS 0x0000000084d00000| PB 0x0000000084c00000| Complete 
|  77|0x0000000084d00000, 0x0000000084e00000, 0x0000000084e00000|100%|HC|  |TAMS 0x0000000084e00000| PB 0x0000000084d00000| Complete 
|  78|0x0000000084e00000, 0x0000000084f00000, 0x0000000084f00000|100%|HC|  |TAMS 0x0000000084f00000| PB 0x0000000084e00000| Complete 
|  79|0x0000000084f00000, 0x0000000085000000, 0x0000000085000000|100%| O|  |TAMS 0x0000000085000000| PB 0x0000000085000000| Untracked 
|  80|0x0000000085000000, 0x0000000085100000, 0x0000000085100000|100%| O|  |TAMS 0x0000000085100000| PB 0x0000000085100000| Untracked 
|  81|0x0000000085100000, 0x0000000085200000, 0x0000000085200000|100%| O|  |TAMS 0x0000000085200000| PB 0x0000000085200000| Untracked 
|  82|0x0000000085200000, 0x0000000085300000, 0x0000000085300000|100%| O|  |TAMS 0x0000000085200000| PB 0x0000000085200000| Untracked 
|  83|0x0000000085300000, 0x0000000085400000, 0x0000000085400000|100%| O|  |TAMS 0x0000000085300000| PB 0x0000000085300000| Untracked 
|  84|0x0000000085400000, 0x0000000085500000, 0x0000000085500000|100%| O|  |TAMS 0x0000000085500000| PB 0x0000000085500000| Updating 
|  85|0x0000000085500000, 0x0000000085600000, 0x0000000085600000|100%| O|  |TAMS 0x0000000085600000| PB 0x0000000085600000| Updating 
|  86|0x0000000085600000, 0x0000000085700000, 0x0000000085700000|100%| O|  |TAMS 0x0000000085700000| PB 0x0000000085700000| Untracked 
|  87|0x0000000085700000, 0x0000000085800000, 0x0000000085800000|100%| O|  |TAMS 0x0000000085800000| PB 0x0000000085800000| Untracked 
|  88|0x0000000085800000, 0x0000000085900000, 0x0000000085900000|100%| O|  |TAMS 0x0000000085900000| PB 0x0000000085900000| Untracked 
|  89|0x0000000085900000, 0x0000000085a00000, 0x0000000085a00000|100%| O|  |TAMS 0x0000000085a00000| PB 0x0000000085a00000| Untracked 
|  90|0x0000000085a00000, 0x0000000085b00000, 0x0000000085b00000|100%| O|  |TAMS 0x0000000085b00000| PB 0x0000000085b00000| Untracked 
|  91|0x0000000085b00000, 0x0000000085c00000, 0x0000000085c00000|100%| O|  |TAMS 0x0000000085c00000| PB 0x0000000085c00000| Untracked 
|  92|0x0000000085c00000, 0x0000000085d00000, 0x0000000085d00000|100%| O|  |TAMS 0x0000000085d00000| PB 0x0000000085d00000| Untracked 
|  93|0x0000000085d00000, 0x0000000085e00000, 0x0000000085e00000|100%| O|  |TAMS 0x0000000085e00000| PB 0x0000000085e00000| Untracked 
|  94|0x0000000085e00000, 0x0000000085f00000, 0x0000000085f00000|100%| O|  |TAMS 0x0000000085f00000| PB 0x0000000085f00000| Untracked 
|  95|0x0000000085f00000, 0x0000000086000000, 0x0000000086000000|100%| O|  |TAMS 0x0000000086000000| PB 0x0000000086000000| Untracked 
|  96|0x0000000086000000, 0x0000000086100000, 0x0000000086100000|100%| O|  |TAMS 0x0000000086100000| PB 0x0000000086100000| Updating 
|  97|0x0000000086100000, 0x0000000086200000, 0x0000000086200000|100%| O|  |TAMS 0x0000000086200000| PB 0x0000000086200000| Updating 
|  98|0x0000000086200000, 0x0000000086300000, 0x0000000086300000|100%|HS|  |TAMS 0x0000000086300000| PB 0x0000000086200000| Complete 
|  99|0x0000000086300000, 0x0000000086400000, 0x0000000086400000|100%|HC|  |TAMS 0x0000000086400000| PB 0x0000000086300000| Complete 
| 100|0x0000000086400000, 0x0000000086500000, 0x0000000086500000|100%|HC|  |TAMS 0x0000000086500000| PB 0x0000000086400000| Complete 
| 101|0x0000000086500000, 0x0000000086600000, 0x0000000086600000|100%|HC|  |TAMS 0x0000000086600000| PB 0x0000000086500000| Complete 
| 102|0x0000000086600000, 0x0000000086700000, 0x0000000086700000|100%|HS|  |TAMS 0x0000000086700000| PB 0x0000000086600000| Complete 
| 103|0x0000000086700000, 0x0000000086800000, 0x0000000086800000|100%|HC|  |TAMS 0x0000000086800000| PB 0x0000000086700000| Complete 
| 104|0x0000000086800000, 0x0000000086900000, 0x0000000086900000|100%|HC|  |TAMS 0x0000000086900000| PB 0x0000000086800000| Complete 
| 105|0x0000000086900000, 0x0000000086a00000, 0x0000000086a00000|100%|HC|  |TAMS 0x0000000086a00000| PB 0x0000000086900000| Complete 
| 106|0x0000000086a00000, 0x0000000086b00000, 0x0000000086b00000|100%|HC|  |TAMS 0x0000000086b00000| PB 0x0000000086a00000| Complete 
| 107|0x0000000086b00000, 0x0000000086c00000, 0x0000000086c00000|100%|HC|  |TAMS 0x0000000086c00000| PB 0x0000000086b00000| Complete 
| 108|0x0000000086c00000, 0x0000000086d00000, 0x0000000086d00000|100%| O|  |TAMS 0x0000000086d00000| PB 0x0000000086d00000| Untracked 
| 109|0x0000000086d00000, 0x0000000086e00000, 0x0000000086e00000|100%| O|  |TAMS 0x0000000086e00000| PB 0x0000000086e00000| Untracked 
| 110|0x0000000086e00000, 0x0000000086f00000, 0x0000000086f00000|100%| O|  |TAMS 0x0000000086f00000| PB 0x0000000086f00000| Untracked 
| 111|0x0000000086f00000, 0x0000000087000000, 0x0000000087000000|100%| O|  |TAMS 0x0000000087000000| PB 0x0000000087000000| Untracked 
| 112|0x0000000087000000, 0x0000000087100000, 0x0000000087100000|100%| O|  |TAMS 0x0000000087100000| PB 0x0000000087100000| Untracked 
| 113|0x0000000087100000, 0x0000000087200000, 0x0000000087200000|100%| O|  |TAMS 0x0000000087200000| PB 0x0000000087200000| Untracked 
| 114|0x0000000087200000, 0x0000000087300000, 0x0000000087300000|100%| O|  |TAMS 0x0000000087300000| PB 0x0000000087300000| Untracked 
| 115|0x0000000087300000, 0x0000000087400000, 0x0000000087400000|100%| O|  |TAMS 0x0000000087400000| PB 0x0000000087400000| Updating 
| 116|0x0000000087400000, 0x0000000087500000, 0x0000000087500000|100%| O|  |TAMS 0x0000000087500000| PB 0x0000000087500000| Untracked 
| 117|0x0000000087500000, 0x0000000087600000, 0x0000000087600000|100%| O|  |TAMS 0x0000000087600000| PB 0x0000000087600000| Untracked 
| 118|0x0000000087600000, 0x0000000087700000, 0x0000000087700000|100%| O|  |TAMS 0x0000000087700000| PB 0x0000000087700000| Untracked 
| 119|0x0000000087700000, 0x0000000087800000, 0x0000000087800000|100%| O|  |TAMS 0x0000000087800000| PB 0x0000000087800000| Untracked 
| 120|0x0000000087800000, 0x0000000087900000, 0x0000000087900000|100%| O|  |TAMS 0x0000000087900000| PB 0x0000000087900000| Untracked 
| 121|0x0000000087900000, 0x0000000087a00000, 0x0000000087a00000|100%| O|  |TAMS 0x0000000087a00000| PB 0x0000000087a00000| Untracked 
| 122|0x0000000087a00000, 0x0000000087b00000, 0x0000000087b00000|100%| O|  |TAMS 0x0000000087b00000| PB 0x0000000087b00000| Untracked 
| 123|0x0000000087b00000, 0x0000000087c00000, 0x0000000087c00000|100%| O|  |TAMS 0x0000000087c00000| PB 0x0000000087c00000| Untracked 
| 124|0x0000000087c00000, 0x0000000087d00000, 0x0000000087d00000|100%| O|  |TAMS 0x0000000087d00000| PB 0x0000000087d00000| Untracked 
| 125|0x0000000087d00000, 0x0000000087e00000, 0x0000000087e00000|100%| O|  |TAMS 0x0000000087e00000| PB 0x0000000087e00000| Untracked 
| 126|0x0000000087e00000, 0x0000000087f00000, 0x0000000087f00000|100%| O|  |TAMS 0x0000000087f00000| PB 0x0000000087f00000| Untracked 
| 127|0x0000000087f00000, 0x0000000088000000, 0x0000000088000000|100%| O|  |TAMS 0x0000000088000000| PB 0x0000000088000000| Untracked 
| 128|0x0000000088000000, 0x0000000088100000, 0x0000000088100000|100%| O|  |TAMS 0x0000000088100000| PB 0x0000000088100000| Untracked 
| 129|0x0000000088100000, 0x0000000088200000, 0x0000000088200000|100%| O|  |TAMS 0x0000000088200000| PB 0x0000000088200000| Untracked 
| 130|0x0000000088200000, 0x0000000088300000, 0x0000000088300000|100%| O|  |TAMS 0x0000000088300000| PB 0x0000000088300000| Untracked 
| 131|0x0000000088300000, 0x0000000088400000, 0x0000000088400000|100%| O|  |TAMS 0x0000000088400000| PB 0x0000000088400000| Untracked 
| 132|0x0000000088400000, 0x0000000088500000, 0x0000000088500000|100%| O|  |TAMS 0x0000000088500000| PB 0x0000000088500000| Updating 
| 133|0x0000000088500000, 0x0000000088600000, 0x0000000088600000|100%| O|  |TAMS 0x0000000088600000| PB 0x0000000088600000| Updating 
| 134|0x0000000088600000, 0x0000000088700000, 0x0000000088700000|100%| O|  |TAMS 0x0000000088700000| PB 0x0000000088700000| Untracked 
| 135|0x0000000088700000, 0x0000000088800000, 0x0000000088800000|100%| O|  |TAMS 0x0000000088800000| PB 0x0000000088800000| Untracked 
| 136|0x0000000088800000, 0x0000000088900000, 0x0000000088900000|100%| O|  |TAMS 0x0000000088900000| PB 0x0000000088900000| Untracked 
| 137|0x0000000088900000, 0x0000000088a00000, 0x0000000088a00000|100%| O|  |TAMS 0x0000000088a00000| PB 0x0000000088a00000| Untracked 
| 138|0x0000000088a00000, 0x0000000088b00000, 0x0000000088b00000|100%| O|  |TAMS 0x0000000088b00000| PB 0x0000000088b00000| Untracked 
| 139|0x0000000088b00000, 0x0000000088c00000, 0x0000000088c00000|100%| O|  |TAMS 0x0000000088c00000| PB 0x0000000088c00000| Untracked 
| 140|0x0000000088c00000, 0x0000000088d00000, 0x0000000088d00000|100%| O|  |TAMS 0x0000000088d00000| PB 0x0000000088d00000| Untracked 
| 141|0x0000000088d00000, 0x0000000088e00000, 0x0000000088e00000|100%| O|  |TAMS 0x0000000088e00000| PB 0x0000000088e00000| Untracked 
| 142|0x0000000088e00000, 0x0000000088f00000, 0x0000000088f00000|100%| O|  |TAMS 0x0000000088f00000| PB 0x0000000088f00000| Untracked 
| 143|0x0000000088f00000, 0x0000000089000000, 0x0000000089000000|100%| O|  |TAMS 0x0000000089000000| PB 0x0000000089000000| Updating 
| 144|0x0000000089000000, 0x0000000089100000, 0x0000000089100000|100%| O|  |TAMS 0x0000000089100000| PB 0x0000000089100000| Untracked 
| 145|0x0000000089100000, 0x0000000089200000, 0x0000000089200000|100%| O|  |TAMS 0x0000000089200000| PB 0x0000000089200000| Untracked 
| 146|0x0000000089200000, 0x0000000089300000, 0x0000000089300000|100%| O|  |TAMS 0x0000000089300000| PB 0x0000000089300000| Untracked 
| 147|0x0000000089300000, 0x0000000089400000, 0x0000000089400000|100%| O|  |TAMS 0x0000000089400000| PB 0x0000000089400000| Untracked 
| 148|0x0000000089400000, 0x0000000089500000, 0x0000000089500000|100%| O|  |TAMS 0x0000000089500000| PB 0x0000000089500000| Untracked 
| 149|0x0000000089500000, 0x0000000089600000, 0x0000000089600000|100%| O|  |TAMS 0x0000000089600000| PB 0x0000000089600000| Updating 
| 150|0x0000000089600000, 0x0000000089700000, 0x0000000089700000|100%| O|  |TAMS 0x0000000089700000| PB 0x0000000089700000| Updating 
| 151|0x0000000089700000, 0x0000000089800000, 0x0000000089800000|100%| O|  |TAMS 0x0000000089700000| PB 0x0000000089700000| Untracked 
| 152|0x0000000089800000, 0x0000000089900000, 0x0000000089900000|100%| O|  |TAMS 0x0000000089800000| PB 0x0000000089800000| Untracked 
| 153|0x0000000089900000, 0x0000000089a00000, 0x0000000089a00000|100%|HS|  |TAMS 0x0000000089900000| PB 0x0000000089900000| Complete 
| 154|0x0000000089a00000, 0x0000000089a00000, 0x0000000089b00000|  0%| F|  |TAMS 0x0000000089a00000| PB 0x0000000089a00000| Untracked 
| 155|0x0000000089b00000, 0x0000000089b00000, 0x0000000089c00000|  0%| F|  |TAMS 0x0000000089b00000| PB 0x0000000089b00000| Untracked 
| 156|0x0000000089c00000, 0x0000000089c00000, 0x0000000089d00000|  0%| F|  |TAMS 0x0000000089c00000| PB 0x0000000089c00000| Untracked 
| 157|0x0000000089d00000, 0x0000000089d00000, 0x0000000089e00000|  0%| F|  |TAMS 0x0000000089d00000| PB 0x0000000089d00000| Untracked 
| 158|0x0000000089e00000, 0x0000000089e00000, 0x0000000089f00000|  0%| F|  |TAMS 0x0000000089e00000| PB 0x0000000089e00000| Untracked 
| 159|0x0000000089f00000, 0x0000000089f00000, 0x000000008a000000|  0%| F|  |TAMS 0x0000000089f00000| PB 0x0000000089f00000| Untracked 
| 160|0x000000008a000000, 0x000000008a000000, 0x000000008a100000|  0%| F|  |TAMS 0x000000008a000000| PB 0x000000008a000000| Untracked 
| 161|0x000000008a100000, 0x000000008a100000, 0x000000008a200000|  0%| F|  |TAMS 0x000000008a100000| PB 0x000000008a100000| Untracked 
| 162|0x000000008a200000, 0x000000008a200000, 0x000000008a300000|  0%| F|  |TAMS 0x000000008a200000| PB 0x000000008a200000| Untracked 
| 163|0x000000008a300000, 0x000000008a300000, 0x000000008a400000|  0%| F|  |TAMS 0x000000008a300000| PB 0x000000008a300000| Untracked 
| 164|0x000000008a400000, 0x000000008a400000, 0x000000008a500000|  0%| F|  |TAMS 0x000000008a400000| PB 0x000000008a400000| Untracked 
| 165|0x000000008a500000, 0x000000008a500000, 0x000000008a600000|  0%| F|  |TAMS 0x000000008a500000| PB 0x000000008a500000| Untracked 
| 166|0x000000008a600000, 0x000000008a600000, 0x000000008a700000|  0%| F|  |TAMS 0x000000008a600000| PB 0x000000008a600000| Untracked 
| 167|0x000000008a700000, 0x000000008a700000, 0x000000008a800000|  0%| F|  |TAMS 0x000000008a700000| PB 0x000000008a700000| Untracked 
| 168|0x000000008a800000, 0x000000008a800000, 0x000000008a900000|  0%| F|  |TAMS 0x000000008a800000| PB 0x000000008a800000| Untracked 
| 169|0x000000008a900000, 0x000000008a900000, 0x000000008aa00000|  0%| F|  |TAMS 0x000000008a900000| PB 0x000000008a900000| Untracked 
| 170|0x000000008aa00000, 0x000000008aa00000, 0x000000008ab00000|  0%| F|  |TAMS 0x000000008aa00000| PB 0x000000008aa00000| Untracked 
| 171|0x000000008ab00000, 0x000000008ab00000, 0x000000008ac00000|  0%| F|  |TAMS 0x000000008ab00000| PB 0x000000008ab00000| Untracked 
| 172|0x000000008ac00000, 0x000000008ac00000, 0x000000008ad00000|  0%| F|  |TAMS 0x000000008ac00000| PB 0x000000008ac00000| Untracked 
| 173|0x000000008ad00000, 0x000000008ad00000, 0x000000008ae00000|  0%| F|  |TAMS 0x000000008ad00000| PB 0x000000008ad00000| Untracked 
| 174|0x000000008ae00000, 0x000000008ae00000, 0x000000008af00000|  0%| F|  |TAMS 0x000000008ae00000| PB 0x000000008ae00000| Untracked 
| 175|0x000000008af00000, 0x000000008af00000, 0x000000008b000000|  0%| F|  |TAMS 0x000000008af00000| PB 0x000000008af00000| Untracked 
| 176|0x000000008b000000, 0x000000008b000000, 0x000000008b100000|  0%| F|  |TAMS 0x000000008b000000| PB 0x000000008b000000| Untracked 
| 177|0x000000008b100000, 0x000000008b100000, 0x000000008b200000|  0%| F|  |TAMS 0x000000008b100000| PB 0x000000008b100000| Untracked 
| 178|0x000000008b200000, 0x000000008b200000, 0x000000008b300000|  0%| F|  |TAMS 0x000000008b200000| PB 0x000000008b200000| Untracked 
| 179|0x000000008b300000, 0x000000008b300000, 0x000000008b400000|  0%| F|  |TAMS 0x000000008b300000| PB 0x000000008b300000| Untracked 
| 180|0x000000008b400000, 0x000000008b400000, 0x000000008b500000|  0%| F|  |TAMS 0x000000008b400000| PB 0x000000008b400000| Untracked 
| 181|0x000000008b500000, 0x000000008b500000, 0x000000008b600000|  0%| F|  |TAMS 0x000000008b500000| PB 0x000000008b500000| Untracked 
| 182|0x000000008b600000, 0x000000008b600000, 0x000000008b700000|  0%| F|  |TAMS 0x000000008b600000| PB 0x000000008b600000| Untracked 
| 183|0x000000008b700000, 0x000000008b700000, 0x000000008b800000|  0%| F|  |TAMS 0x000000008b700000| PB 0x000000008b700000| Untracked 
| 184|0x000000008b800000, 0x000000008b800000, 0x000000008b900000|  0%| F|  |TAMS 0x000000008b800000| PB 0x000000008b800000| Untracked 
| 185|0x000000008b900000, 0x000000008b9f3dc0, 0x000000008ba00000| 95%| S|CS|TAMS 0x000000008b900000| PB 0x000000008b900000| Complete 
| 186|0x000000008ba00000, 0x000000008bb00000, 0x000000008bb00000|100%| S|CS|TAMS 0x000000008ba00000| PB 0x000000008ba00000| Complete 
| 187|0x000000008bb00000, 0x000000008bc00000, 0x000000008bc00000|100%| S|CS|TAMS 0x000000008bb00000| PB 0x000000008bb00000| Complete 
| 188|0x000000008bc00000, 0x000000008bd00000, 0x000000008bd00000|100%| S|CS|TAMS 0x000000008bc00000| PB 0x000000008bc00000| Complete 
| 189|0x000000008bd00000, 0x000000008bd00000, 0x000000008be00000|  0%| F|  |TAMS 0x000000008bd00000| PB 0x000000008bd00000| Untracked 
| 190|0x000000008be00000, 0x000000008be00000, 0x000000008bf00000|  0%| F|  |TAMS 0x000000008be00000| PB 0x000000008be00000| Untracked 
| 191|0x000000008bf00000, 0x000000008bf00000, 0x000000008c000000|  0%| F|  |TAMS 0x000000008bf00000| PB 0x000000008bf00000| Untracked 
| 192|0x000000008c000000, 0x000000008c000000, 0x000000008c100000|  0%| F|  |TAMS 0x000000008c000000| PB 0x000000008c000000| Untracked 
| 193|0x000000008c100000, 0x000000008c100000, 0x000000008c200000|  0%| F|  |TAMS 0x000000008c100000| PB 0x000000008c100000| Untracked 
| 194|0x000000008c200000, 0x000000008c200000, 0x000000008c300000|  0%| F|  |TAMS 0x000000008c200000| PB 0x000000008c200000| Untracked 
| 195|0x000000008c300000, 0x000000008c300000, 0x000000008c400000|  0%| F|  |TAMS 0x000000008c300000| PB 0x000000008c300000| Untracked 
| 196|0x000000008c400000, 0x000000008c400000, 0x000000008c500000|  0%| F|  |TAMS 0x000000008c400000| PB 0x000000008c400000| Untracked 
| 197|0x000000008c500000, 0x000000008c500000, 0x000000008c600000|  0%| F|  |TAMS 0x000000008c500000| PB 0x000000008c500000| Untracked 
| 198|0x000000008c600000, 0x000000008c600000, 0x000000008c700000|  0%| F|  |TAMS 0x000000008c600000| PB 0x000000008c600000| Untracked 
| 199|0x000000008c700000, 0x000000008c700000, 0x000000008c800000|  0%| F|  |TAMS 0x000000008c700000| PB 0x000000008c700000| Untracked 
| 200|0x000000008c800000, 0x000000008c800000, 0x000000008c900000|  0%| F|  |TAMS 0x000000008c800000| PB 0x000000008c800000| Untracked 
| 201|0x000000008c900000, 0x000000008c900000, 0x000000008ca00000|  0%| F|  |TAMS 0x000000008c900000| PB 0x000000008c900000| Untracked 
| 202|0x000000008ca00000, 0x000000008ca00000, 0x000000008cb00000|  0%| F|  |TAMS 0x000000008ca00000| PB 0x000000008ca00000| Untracked 
| 203|0x000000008cb00000, 0x000000008cb00000, 0x000000008cc00000|  0%| F|  |TAMS 0x000000008cb00000| PB 0x000000008cb00000| Untracked 
| 204|0x000000008cc00000, 0x000000008cc00000, 0x000000008cd00000|  0%| F|  |TAMS 0x000000008cc00000| PB 0x000000008cc00000| Untracked 
| 205|0x000000008cd00000, 0x000000008cd00000, 0x000000008ce00000|  0%| F|  |TAMS 0x000000008cd00000| PB 0x000000008cd00000| Untracked 
| 206|0x000000008ce00000, 0x000000008ce00000, 0x000000008cf00000|  0%| F|  |TAMS 0x000000008ce00000| PB 0x000000008ce00000| Untracked 
| 207|0x000000008cf00000, 0x000000008cf00000, 0x000000008d000000|  0%| F|  |TAMS 0x000000008cf00000| PB 0x000000008cf00000| Untracked 
| 208|0x000000008d000000, 0x000000008d000000, 0x000000008d100000|  0%| F|  |TAMS 0x000000008d000000| PB 0x000000008d000000| Untracked 
| 209|0x000000008d100000, 0x000000008d100000, 0x000000008d200000|  0%| F|  |TAMS 0x000000008d100000| PB 0x000000008d100000| Untracked 
| 210|0x000000008d200000, 0x000000008d200000, 0x000000008d300000|  0%| F|  |TAMS 0x000000008d200000| PB 0x000000008d200000| Untracked 
| 211|0x000000008d300000, 0x000000008d300000, 0x000000008d400000|  0%| F|  |TAMS 0x000000008d300000| PB 0x000000008d300000| Untracked 
| 212|0x000000008d400000, 0x000000008d400000, 0x000000008d500000|  0%| F|  |TAMS 0x000000008d400000| PB 0x000000008d400000| Untracked 
| 213|0x000000008d500000, 0x000000008d500000, 0x000000008d600000|  0%| F|  |TAMS 0x000000008d500000| PB 0x000000008d500000| Untracked 
| 214|0x000000008d600000, 0x000000008d700000, 0x000000008d700000|100%| E|  |TAMS 0x000000008d600000| PB 0x000000008d600000| Complete 
| 215|0x000000008d700000, 0x000000008d800000, 0x000000008d800000|100%| E|CS|TAMS 0x000000008d700000| PB 0x000000008d700000| Complete 
| 216|0x000000008d800000, 0x000000008d900000, 0x000000008d900000|100%| E|CS|TAMS 0x000000008d800000| PB 0x000000008d800000| Complete 
| 217|0x000000008d900000, 0x000000008da00000, 0x000000008da00000|100%| E|CS|TAMS 0x000000008d900000| PB 0x000000008d900000| Complete 
| 218|0x000000008da00000, 0x000000008db00000, 0x000000008db00000|100%| E|CS|TAMS 0x000000008da00000| PB 0x000000008da00000| Complete 
| 219|0x000000008db00000, 0x000000008dc00000, 0x000000008dc00000|100%| E|CS|TAMS 0x000000008db00000| PB 0x000000008db00000| Complete 
| 220|0x000000008dc00000, 0x000000008dd00000, 0x000000008dd00000|100%| E|CS|TAMS 0x000000008dc00000| PB 0x000000008dc00000| Complete 
| 221|0x000000008dd00000, 0x000000008de00000, 0x000000008de00000|100%| E|CS|TAMS 0x000000008dd00000| PB 0x000000008dd00000| Complete 
| 222|0x000000008de00000, 0x000000008df00000, 0x000000008df00000|100%| E|CS|TAMS 0x000000008de00000| PB 0x000000008de00000| Complete 
| 223|0x000000008df00000, 0x000000008e000000, 0x000000008e000000|100%| E|CS|TAMS 0x000000008df00000| PB 0x000000008df00000| Complete 
| 224|0x000000008e000000, 0x000000008e100000, 0x000000008e100000|100%| E|CS|TAMS 0x000000008e000000| PB 0x000000008e000000| Complete 
| 225|0x000000008e100000, 0x000000008e200000, 0x000000008e200000|100%| E|CS|TAMS 0x000000008e100000| PB 0x000000008e100000| Complete 
| 226|0x000000008e200000, 0x000000008e300000, 0x000000008e300000|100%| E|CS|TAMS 0x000000008e200000| PB 0x000000008e200000| Complete 
| 227|0x000000008e300000, 0x000000008e400000, 0x000000008e400000|100%| E|CS|TAMS 0x000000008e300000| PB 0x000000008e300000| Complete 
| 228|0x000000008e400000, 0x000000008e500000, 0x000000008e500000|100%| E|CS|TAMS 0x000000008e400000| PB 0x000000008e400000| Complete 
| 229|0x000000008e500000, 0x000000008e600000, 0x000000008e600000|100%| E|CS|TAMS 0x000000008e500000| PB 0x000000008e500000| Complete 
| 230|0x000000008e600000, 0x000000008e700000, 0x000000008e700000|100%| E|CS|TAMS 0x000000008e600000| PB 0x000000008e600000| Complete 
| 231|0x000000008e700000, 0x000000008e800000, 0x000000008e800000|100%| E|CS|TAMS 0x000000008e700000| PB 0x000000008e700000| Complete 
| 232|0x000000008e800000, 0x000000008e900000, 0x000000008e900000|100%| E|CS|TAMS 0x000000008e800000| PB 0x000000008e800000| Complete 
| 233|0x000000008e900000, 0x000000008ea00000, 0x000000008ea00000|100%| E|CS|TAMS 0x000000008e900000| PB 0x000000008e900000| Complete 
| 234|0x000000008ea00000, 0x000000008eb00000, 0x000000008eb00000|100%| E|CS|TAMS 0x000000008ea00000| PB 0x000000008ea00000| Complete 
| 235|0x000000008eb00000, 0x000000008ec00000, 0x000000008ec00000|100%| E|CS|TAMS 0x000000008eb00000| PB 0x000000008eb00000| Complete 
| 236|0x000000008ec00000, 0x000000008ed00000, 0x000000008ed00000|100%| E|CS|TAMS 0x000000008ec00000| PB 0x000000008ec00000| Complete 
|2046|0x00000000ffe00000, 0x00000000fff00000, 0x00000000fff00000|100%| O|  |TAMS 0x00000000fff00000| PB 0x00000000fff00000| Updating 
|2047|0x00000000fff00000, 0x0000000100000000, 0x0000000100000000|100%| O|  |TAMS 0x0000000100000000| PB 0x0000000100000000| Updating 

Card table byte_map: [0x0000019568fe0000,0x00000195693e0000] _byte_map_base: 0x0000019568be0000

Marking Bits: (CMBitMap*) 0x00000195517ccd10
 Bits: [0x00000195693e0000, 0x000001956b3e0000)

Polling page: 0x000001954f6e0000

Metaspace:

Usage:
  Non-class:     88.09 MB used.
      Class:     13.73 MB used.
       Both:    101.82 MB used.

Virtual space:
  Non-class space:      128.00 MB reserved,      89.25 MB ( 70%) committed,  2 nodes.
      Class space:        1.00 GB reserved,      14.88 MB (  1%) committed,  1 nodes.
             Both:        1.12 GB reserved,     104.12 MB (  9%) committed. 

Chunk freelists:
   Non-Class:  6.20 MB
       Class:  1.02 MB
        Both:  7.22 MB

MaxMetaspaceSize: unlimited
CompressedClassSpaceSize: 1.00 GB
Initial GC threshold: 21.00 MB
Current GC threshold: 142.75 MB
CDS: on
 - commit_granule_bytes: 65536.
 - commit_granule_words: 8192.
 - virtual_space_node_default_size: 8388608.
 - enlarge_chunks_in_place: 1.
 - use_allocation_guard: 0.


Internal statistics:

num_allocs_failed_limit: 3.
num_arena_births: 4228.
num_arena_deaths: 0.
num_vsnodes_births: 3.
num_vsnodes_deaths: 0.
num_space_committed: 1664.
num_space_uncommitted: 0.
num_chunks_returned_to_freelist: 3.
num_chunks_taken_from_freelist: 8717.
num_chunk_merges: 3.
num_chunk_splits: 5931.
num_chunks_enlarged: 3845.
num_inconsistent_stats: 0.

CodeHeap 'non-profiled nmethods': size=120000Kb used=5033Kb max_used=5356Kb free=114966Kb
 bounds [0x00000195616b0000, 0x0000019561bf0000, 0x0000019568be0000]
CodeHeap 'profiled nmethods': size=120000Kb used=17284Kb max_used=18621Kb free=102715Kb
 bounds [0x0000019559be0000, 0x000001955ae10000, 0x0000019561110000]
CodeHeap 'non-nmethods': size=5760Kb used=2913Kb max_used=2930Kb free=2846Kb
 bounds [0x0000019561110000, 0x0000019561400000, 0x00000195616b0000]
 total_blobs=9904 nmethods=8901 adapters=906
 compilation: enabled
              stopped_count=0, restarted_count=0
 full_count=0

Compilation events (20 events):
Event: 22.707 Thread 0x000001956d88ef70 10539       1       org.jetbrains.kotlin.load.java.structure.impl.classFiles.BinaryJavaValueParameter::getName (5 bytes)
Event: 22.707 Thread 0x000001956d88ef70 nmethod 10539 0x0000019561bea610 code [0x0000019561bea7a0, 0x0000019561bea868]
Event: 22.707 Thread 0x000001956d88ef70 10540       1       org.jetbrains.kotlin.load.java.structure.impl.classFiles.BinaryJavaValueParameter::setName (6 bytes)
Event: 22.707 Thread 0x000001956d88ef70 nmethod 10540 0x0000019561bea910 code [0x0000019561beaaa0, 0x0000019561beabb8]
Event: 22.707 Thread 0x000001956d88ef70 10541       1       org.jetbrains.kotlin.util.AttributeArrayOwner::getArrayMap (5 bytes)
Event: 22.708 Thread 0x000001956d88ef70 nmethod 10541 0x0000019561beac10 code [0x0000019561beada0, 0x0000019561beae68]
Event: 22.709 Thread 0x000001956d88ef70 10542   !   2       org.gradle.internal.concurrent.ManagedExecutorImpl$1::run (57 bytes)
Event: 22.710 Thread 0x000001956d88ef70 nmethod 10542 0x000001955ae0b510 code [0x000001955ae0b700, 0x000001955ae0b970]
Event: 22.717 Thread 0x000001956d88ef70 10543       2       org.jetbrains.kotlin.serialization.deserialization.descriptors.DeserializedPackageMemberScope::getContributedClassifier (26 bytes)
Event: 22.718 Thread 0x000001956d88ef70 nmethod 10543 0x000001955ae0bc10 code [0x000001955ae0bee0, 0x000001955ae0c6a0]
Event: 22.718 Thread 0x000001956d88ef70 10544       2       org.jetbrains.kotlin.serialization.deserialization.descriptors.DeserializedPackageMemberScope::hasClass (116 bytes)
Event: 22.720 Thread 0x000001956d88ef70 nmethod 10544 0x000001955ae0cc10 code [0x000001955ae0cf40, 0x000001955ae0da28]
Event: 22.720 Thread 0x000001956d88ef70 10545       2       org.jetbrains.kotlin.serialization.deserialization.descriptors.DeserializedMemberScope$OptimizedImplementation::getTypeAliasNames (10 bytes)
Event: 22.720 Thread 0x000001956d88ef70 nmethod 10545 0x000001955ae0e110 code [0x000001955ae0e2c0, 0x000001955ae0e3f8]
Event: 22.721 Thread 0x000001956d88ef70 10546       2       org.jetbrains.kotlin.descriptors.impl.AbstractClassDescriptor::getName (13 bytes)
Event: 22.721 Thread 0x000001956d88ef70 nmethod 10546 0x000001955ae0e490 code [0x000001955ae0e640, 0x000001955ae0e780]
Event: 22.726 Thread 0x000001956d88ef70 10547       2       org.jetbrains.kotlin.cli.jvm.compiler.KotlinCliJavaFileManagerImpl$findClasses$1$$special$$inlined$forEachClassId$lambda$1::invoke (102 bytes)
Event: 22.727 Thread 0x000001956d88ef70 nmethod 10547 0x000001955ae0e810 code [0x000001955ae0ea80, 0x000001955ae0f048]
Event: 22.732 Thread 0x000001956d88ef70 10548       1       org.jetbrains.kotlin.types.SimpleTypeImpl::getConstructor (5 bytes)
Event: 22.732 Thread 0x000001956d88ef70 nmethod 10548 0x0000019561beaf10 code [0x0000019561beb0a0, 0x0000019561beb168]

GC Heap History (20 events):
Event: 13.533 GC heap before
{Heap before GC invocations=19 (full 0):
 garbage-first heap   total 148480K, used 129680K [0x0000000080000000, 0x0000000100000000)
  region size 1024K, 41 young (41984K), 7 survivors (7168K)
 Metaspace       used 56835K, committed 58624K, reserved 1114112K
  class space    used 7903K, committed 8768K, reserved 1048576K
}
Event: 13.544 GC heap after
{Heap after GC invocations=20 (full 0):
 garbage-first heap   total 148480K, used 96009K [0x0000000080000000, 0x0000000100000000)
  region size 1024K, 2 young (2048K), 2 survivors (2048K)
 Metaspace       used 56835K, committed 58624K, reserved 1114112K
  class space    used 7903K, committed 8768K, reserved 1048576K
}
Event: 14.087 GC heap before
{Heap before GC invocations=20 (full 0):
 garbage-first heap   total 148480K, used 112393K [0x0000000080000000, 0x0000000100000000)
  region size 1024K, 19 young (19456K), 2 survivors (2048K)
 Metaspace       used 60562K, committed 62528K, reserved 1114112K
  class space    used 8356K, committed 9344K, reserved 1048576K
}
Event: 14.095 GC heap after
{Heap after GC invocations=21 (full 0):
 garbage-first heap   total 148480K, used 98071K [0x0000000080000000, 0x0000000100000000)
  region size 1024K, 4 young (4096K), 4 survivors (4096K)
 Metaspace       used 60562K, committed 62528K, reserved 1114112K
  class space    used 8356K, committed 9344K, reserved 1048576K
}
Event: 14.801 GC heap before
{Heap before GC invocations=22 (full 0):
 garbage-first heap   total 186368K, used 138007K [0x0000000080000000, 0x0000000100000000)
  region size 1024K, 37 young (37888K), 4 survivors (4096K)
 Metaspace       used 62677K, committed 64640K, reserved 1114112K
  class space    used 8632K, committed 9600K, reserved 1048576K
}
Event: 14.812 GC heap after
{Heap after GC invocations=23 (full 0):
 garbage-first heap   total 186368K, used 100635K [0x0000000080000000, 0x0000000100000000)
  region size 1024K, 5 young (5120K), 5 survivors (5120K)
 Metaspace       used 62677K, committed 64640K, reserved 1114112K
  class space    used 8632K, committed 9600K, reserved 1048576K
}
Event: 16.000 GC heap before
{Heap before GC invocations=23 (full 0):
 garbage-first heap   total 186368K, used 152859K [0x0000000080000000, 0x0000000100000000)
  region size 1024K, 56 young (57344K), 5 survivors (5120K)
 Metaspace       used 68911K, committed 70912K, reserved 1114112K
  class space    used 9456K, committed 10432K, reserved 1048576K
}
Event: 16.015 GC heap after
{Heap after GC invocations=24 (full 0):
 garbage-first heap   total 224256K, used 103907K [0x0000000080000000, 0x0000000100000000)
  region size 1024K, 7 young (7168K), 7 survivors (7168K)
 Metaspace       used 68911K, committed 70912K, reserved 1114112K
  class space    used 9456K, committed 10432K, reserved 1048576K
}
Event: 17.393 GC heap before
{Heap before GC invocations=24 (full 0):
 garbage-first heap   total 224256K, used 176611K [0x0000000080000000, 0x0000000100000000)
  region size 1024K, 78 young (79872K), 7 survivors (7168K)
 Metaspace       used 75781K, committed 77824K, reserved 1179648K
  class space    used 10319K, committed 11328K, reserved 1048576K
}
Event: 17.411 GC heap after
{Heap after GC invocations=25 (full 0):
 garbage-first heap   total 224256K, used 110836K [0x0000000080000000, 0x0000000100000000)
  region size 1024K, 10 young (10240K), 10 survivors (10240K)
 Metaspace       used 75781K, committed 77824K, reserved 1179648K
  class space    used 10319K, committed 11328K, reserved 1048576K
}
Event: 18.760 GC heap before
{Heap before GC invocations=25 (full 0):
 garbage-first heap   total 224256K, used 193780K [0x0000000080000000, 0x0000000100000000)
  region size 1024K, 81 young (82944K), 10 survivors (10240K)
 Metaspace       used 85247K, committed 87296K, reserved 1179648K
  class space    used 11933K, committed 12928K, reserved 1048576K
}
Event: 18.794 GC heap after
{Heap after GC invocations=26 (full 0):
 garbage-first heap   total 224256K, used 132096K [0x0000000080000000, 0x0000000100000000)
  region size 1024K, 11 young (11264K), 11 survivors (11264K)
 Metaspace       used 85247K, committed 87296K, reserved 1179648K
  class space    used 11933K, committed 12928K, reserved 1048576K
}
Event: 19.224 GC heap before
{Heap before GC invocations=26 (full 0):
 garbage-first heap   total 224256K, used 191488K [0x0000000080000000, 0x0000000100000000)
  region size 1024K, 69 young (70656K), 11 survivors (11264K)
 Metaspace       used 85313K, committed 87296K, reserved 1179648K
  class space    used 11935K, committed 12928K, reserved 1048576K
}
Event: 19.267 GC heap after
{Heap after GC invocations=27 (full 0):
 garbage-first heap   total 224256K, used 141715K [0x0000000080000000, 0x0000000100000000)
  region size 1024K, 9 young (9216K), 9 survivors (9216K)
 Metaspace       used 85313K, committed 87296K, reserved 1179648K
  class space    used 11935K, committed 12928K, reserved 1048576K
}
Event: 20.248 GC heap before
{Heap before GC invocations=28 (full 0):
 garbage-first heap   total 244736K, used 197011K [0x0000000080000000, 0x0000000100000000)
  region size 1024K, 57 young (58368K), 9 survivors (9216K)
 Metaspace       used 89828K, committed 91904K, reserved 1179648K
  class space    used 12427K, committed 13440K, reserved 1048576K
}
Event: 20.268 GC heap after
{Heap after GC invocations=29 (full 0):
 garbage-first heap   total 244736K, used 154538K [0x0000000080000000, 0x0000000100000000)
  region size 1024K, 6 young (6144K), 6 survivors (6144K)
 Metaspace       used 89828K, committed 91904K, reserved 1179648K
  class space    used 12427K, committed 13440K, reserved 1048576K
}
Event: 21.383 GC heap before
{Heap before GC invocations=29 (full 0):
 garbage-first heap   total 244736K, used 210858K [0x0000000080000000, 0x0000000100000000)
  region size 1024K, 61 young (62464K), 6 survivors (6144K)
 Metaspace       used 97132K, committed 99456K, reserved 1179648K
  class space    used 13187K, committed 14336K, reserved 1048576K
}
Event: 21.398 GC heap after
{Heap after GC invocations=30 (full 0):
 garbage-first heap   total 244736K, used 158572K [0x0000000080000000, 0x0000000100000000)
  region size 1024K, 5 young (5120K), 5 survivors (5120K)
 Metaspace       used 97132K, committed 99456K, reserved 1179648K
  class space    used 13187K, committed 14336K, reserved 1048576K
}
Event: 22.414 GC heap before
{Heap before GC invocations=30 (full 0):
 garbage-first heap   total 244736K, used 206700K [0x0000000080000000, 0x0000000100000000)
  region size 1024K, 53 young (54272K), 5 survivors (5120K)
 Metaspace       used 104077K, committed 106432K, reserved 1179648K
  class space    used 14052K, committed 15232K, reserved 1048576K
}
Event: 22.427 GC heap after
{Heap after GC invocations=31 (full 0):
 garbage-first heap   total 244736K, used 162767K [0x0000000080000000, 0x0000000100000000)
  region size 1024K, 4 young (4096K), 4 survivors (4096K)
 Metaspace       used 104077K, committed 106432K, reserved 1179648K
  class space    used 14052K, committed 15232K, reserved 1048576K
}

Dll operation events (13 events):
Event: 0.022 Loaded shared library C:\Program Files\Java\jdk-21\bin\java.dll
Event: 0.086 Loaded shared library C:\Program Files\Java\jdk-21\bin\jsvml.dll
Event: 0.178 Loaded shared library C:\Program Files\Java\jdk-21\bin\net.dll
Event: 0.182 Loaded shared library C:\Program Files\Java\jdk-21\bin\nio.dll
Event: 0.191 Loaded shared library C:\Program Files\Java\jdk-21\bin\zip.dll
Event: 0.425 Loaded shared library C:\Program Files\Java\jdk-21\bin\jimage.dll
Event: 0.559 Loaded shared library C:\Program Files\Java\jdk-21\bin\verify.dll
Event: 1.005 Loaded shared library D:\DOWNLOADS\JetPlayer\native\68d5fa5c4cc2d200863cafc0d521ce42e7d3e7ee720ec0a83991735586a16f82\windows-amd64\native-platform.dll
Event: 1.014 Loaded shared library D:\DOWNLOADS\JetPlayer\native\e376f236ea51e6404a007f0833ffe2c6e607c4080706a723a18a27aeea778392\windows-amd64\native-platform-file-events.dll
Event: 2.604 Loaded shared library C:\Program Files\Java\jdk-21\bin\management.dll
Event: 2.608 Loaded shared library C:\Program Files\Java\jdk-21\bin\management_ext.dll
Event: 2.926 Loaded shared library C:\Program Files\Java\jdk-21\bin\extnet.dll
Event: 3.100 Loaded shared library C:\Program Files\Java\jdk-21\bin\sunmscapi.dll

Deoptimization events (20 events):
Event: 22.131 Thread 0x0000019573656eb0 Uncommon trap: trap_request=0xffffffc6 fr.pc=0x0000019561bd4fa8 relative=0x0000000000000d88
Event: 22.131 Thread 0x0000019573656eb0 Uncommon trap: reason=bimorphic_or_optimized_type_check action=maybe_recompile pc=0x0000019561bd4fa8 method=gnu.trove.TObjectHash.insertionIndex(Ljava/lang/Object;)I @ 13 c2
Event: 22.131 Thread 0x0000019573656eb0 DEOPT PACKING pc=0x0000019561bd4fa8 sp=0x0000002e107f19d0
Event: 22.131 Thread 0x0000019573656eb0 DEOPT UNPACKING pc=0x00000195611646a2 sp=0x0000002e107f1970 mode 2
Event: 22.131 Thread 0x0000019573656eb0 Uncommon trap: trap_request=0xffffffc6 fr.pc=0x0000019561bd4f00 relative=0x0000000000000ce0
Event: 22.131 Thread 0x0000019573656eb0 Uncommon trap: reason=bimorphic_or_optimized_type_check action=maybe_recompile pc=0x0000019561bd4f00 method=gnu.trove.TObjectHash.insertionIndex(Ljava/lang/Object;)I @ 30 c2
Event: 22.131 Thread 0x0000019573656eb0 DEOPT PACKING pc=0x0000019561bd4f00 sp=0x0000002e107f19d0
Event: 22.131 Thread 0x0000019573656eb0 DEOPT UNPACKING pc=0x00000195611646a2 sp=0x0000002e107f1970 mode 2
Event: 22.131 Thread 0x0000019573656eb0 Uncommon trap: trap_request=0xffffffc6 fr.pc=0x0000019561bd4f00 relative=0x0000000000000ce0
Event: 22.131 Thread 0x0000019573656eb0 Uncommon trap: reason=bimorphic_or_optimized_type_check action=maybe_recompile pc=0x0000019561bd4f00 method=gnu.trove.TObjectHash.insertionIndex(Ljava/lang/Object;)I @ 30 c2
Event: 22.131 Thread 0x0000019573656eb0 DEOPT PACKING pc=0x0000019561bd4f00 sp=0x0000002e107f19d0
Event: 22.131 Thread 0x0000019573656eb0 DEOPT UNPACKING pc=0x00000195611646a2 sp=0x0000002e107f1970 mode 2
Event: 22.131 Thread 0x0000019573656eb0 Uncommon trap: trap_request=0xffffffc6 fr.pc=0x0000019561bd4f00 relative=0x0000000000000ce0
Event: 22.131 Thread 0x0000019573656eb0 Uncommon trap: reason=bimorphic_or_optimized_type_check action=maybe_recompile pc=0x0000019561bd4f00 method=gnu.trove.TObjectHash.insertionIndex(Ljava/lang/Object;)I @ 30 c2
Event: 22.131 Thread 0x0000019573656eb0 DEOPT PACKING pc=0x0000019561bd4f00 sp=0x0000002e107f19d0
Event: 22.131 Thread 0x0000019573656eb0 DEOPT UNPACKING pc=0x00000195611646a2 sp=0x0000002e107f1970 mode 2
Event: 22.275 Thread 0x0000019573656eb0 Uncommon trap: trap_request=0xffffff45 fr.pc=0x0000019561bbea4c relative=0x000000000000010c
Event: 22.275 Thread 0x0000019573656eb0 Uncommon trap: reason=unstable_if action=reinterpret pc=0x0000019561bbea4c method=java.text.StringCharacterIterator.current()C @ 19 c2
Event: 22.275 Thread 0x0000019573656eb0 DEOPT PACKING pc=0x0000019561bbea4c sp=0x0000002e107f24f0
Event: 22.275 Thread 0x0000019573656eb0 DEOPT UNPACKING pc=0x00000195611646a2 sp=0x0000002e107f2488 mode 2

Classes loaded (20 events):
Event: 19.412 Loading class java/nio/channels/Channels$ReadableByteChannelImpl
Event: 19.412 Loading class java/nio/channels/Channels$ReadableByteChannelImpl done
Event: 19.412 Loading class java/nio/channels/NonWritableChannelException
Event: 19.413 Loading class java/nio/channels/NonWritableChannelException done
Event: 21.330 Loading class java/lang/invoke/BoundMethodHandle$Species_LLLLLLLLLLLLLLLLLLLLLLLLL
Event: 21.330 Loading class java/lang/invoke/BoundMethodHandle$Species_LLLLLLLLLLLLLLLLLLLLLLLLL done
Event: 21.695 Loading class java/text/StringCharacterIterator
Event: 21.695 Loading class java/text/CharacterIterator
Event: 21.695 Loading class java/text/CharacterIterator done
Event: 21.695 Loading class java/text/StringCharacterIterator done
Event: 21.723 Loading class java/io/NotSerializableException
Event: 21.723 Loading class java/io/NotSerializableException done
Event: 22.107 Loading class java/util/function/IntUnaryOperator
Event: 22.107 Loading class java/util/function/IntUnaryOperator done
Event: 22.143 Loading class java/util/AbstractList$SubList
Event: 22.143 Loading class java/util/AbstractList$SubList done
Event: 22.143 Loading class java/util/AbstractList$SubList$1
Event: 22.143 Loading class java/util/AbstractList$SubList$1 done
Event: 22.143 Loading class java/util/AbstractList$ListItr
Event: 22.144 Loading class java/util/AbstractList$ListItr done

Classes unloaded (0 events):
No events

Classes redefined (0 events):
No events

Internal exceptions (20 events):
Event: 17.111 Thread 0x0000019573656eb0 Exception <a 'java/lang/NoSuchMethodError'{0x000000008a1209e0}: 'int java.lang.invoke.DelegatingMethodHandle$Holder.reinvoke_L(java.lang.Object, java.lang.Object, java.lang.Object, long, java.lang.Object, java.lang.Object)'> (0x000000008a1209e0) 
thrown [s\open\src\hotspot\share\interpreter\linkResolver.cpp, line 773]
Event: 17.111 Thread 0x0000019573656eb0 Exception <a 'java/lang/NoSuchMethodError'{0x000000008a12fa80}: 'void java.lang.invoke.DelegatingMethodHandle$Holder.reinvoke_L(java.lang.Object, java.lang.Object, java.lang.Object, long, java.lang.Object)'> (0x000000008a12fa80) 
thrown [s\open\src\hotspot\share\interpreter\linkResolver.cpp, line 773]
Event: 17.112 Thread 0x0000019573656eb0 Exception <a 'java/lang/NoSuchMethodError'{0x000000008a137c98}: 'java.lang.Object java.lang.invoke.DirectMethodHandle$Holder.invokeSpecial(java.lang.Object, java.lang.Object, java.lang.Object, java.lang.Object, long)'> (0x000000008a137c98) 
thrown [s\open\src\hotspot\share\interpreter\linkResolver.cpp, line 773]
Event: 17.114 Thread 0x0000019573656eb0 Exception <a 'java/lang/NoSuchMethodError'{0x000000008a155810}: 'long java.lang.invoke.Invokers$Holder.invoke_MT(java.lang.Object, java.lang.Object, java.lang.Object, java.lang.Object)'> (0x000000008a155810) 
thrown [s\open\src\hotspot\share\interpreter\linkResolver.cpp, line 773]
Event: 17.115 Thread 0x0000019573656eb0 Exception <a 'java/lang/NoSuchMethodError'{0x000000008a15dce0}: 'int java.lang.invoke.Invokers$Holder.invoke_MT(java.lang.Object, java.lang.Object, java.lang.Object, java.lang.Object)'> (0x000000008a15dce0) 
thrown [s\open\src\hotspot\share\interpreter\linkResolver.cpp, line 773]
Event: 17.116 Thread 0x0000019573656eb0 Exception <a 'java/lang/NoSuchMethodError'{0x000000008a16aa48}: 'int java.lang.invoke.DelegatingMethodHandle$Holder.reinvoke_L(java.lang.Object, java.lang.Object, java.lang.Object, long, int)'> (0x000000008a16aa48) 
thrown [s\open\src\hotspot\share\interpreter\linkResolver.cpp, line 773]
Event: 17.117 Thread 0x0000019573656eb0 Exception <a 'java/lang/NoSuchMethodError'{0x000000008a17c560}: 'java.lang.Object java.lang.invoke.Invokers$Holder.invokeExact_MT(java.lang.Object, java.lang.Object, long, java.lang.Object)'> (0x000000008a17c560) 
thrown [s\open\src\hotspot\share\interpreter\linkResolver.cpp, line 773]
Event: 17.244 Thread 0x0000019573656eb0 Exception <a 'java/lang/NoSuchMethodError'{0x0000000089aaf328}: 'java.lang.Object java.lang.invoke.DirectMethodHandle$Holder.invokeStaticInit(java.lang.Object, int)'> (0x0000000089aaf328) 
thrown [s\open\src\hotspot\share\interpreter\linkResolver.cpp, line 773]
Event: 17.303 Thread 0x0000019573656eb0 Exception <a 'java/lang/NoSuchMethodError'{0x0000000089744480}: 'long java.lang.invoke.DirectMethodHandle$Holder.invokeStatic(java.lang.Object)'> (0x0000000089744480) 
thrown [s\open\src\hotspot\share\interpreter\linkResolver.cpp, line 773]
Event: 17.303 Thread 0x0000019573656eb0 Exception <a 'java/lang/NoSuchMethodError'{0x0000000089748d18}: 'long java.lang.invoke.DirectMethodHandle$Holder.invokeStaticInit(java.lang.Object)'> (0x0000000089748d18) 
thrown [s\open\src\hotspot\share\interpreter\linkResolver.cpp, line 773]
Event: 18.517 Thread 0x0000019573656eb0 Exception <a 'java/lang/NoSuchMethodError'{0x000000008ab98370}: 'long java.lang.invoke.DirectMethodHandle$Holder.invokeStatic(java.lang.Object, java.lang.Object, int)'> (0x000000008ab98370) 
thrown [s\open\src\hotspot\share\interpreter\linkResolver.cpp, line 773]
Event: 18.518 Thread 0x0000019573656eb0 Exception <a 'java/lang/NoSuchMethodError'{0x000000008aba4620}: 'java.lang.Object java.lang.invoke.DelegatingMethodHandle$Holder.reinvoke_L(java.lang.Object, int, long, java.lang.Object, java.lang.Object, int, java.lang.Object)'> (0x000000008aba4620) 
thrown [s\open\src\hotspot\share\interpreter\linkResolver.cpp, line 773]
Event: 18.556 Thread 0x0000019573656eb0 Implicit null exception at 0x000001956189bb66 to 0x000001956189c6d0
Event: 18.873 Thread 0x0000019573656eb0 Implicit null exception at 0x0000019561b3be17 to 0x0000019561b3ded8
Event: 21.253 Thread 0x0000019573656eb0 Exception <a 'java/lang/NoSuchMethodError'{0x000000008be8dfd8}: 'java.lang.Object java.lang.invoke.DirectMethodHandle$Holder.newInvokeSpecial(java.lang.Object, java.lang.Object, java.lang.Object, java.lang.Object, java.lang.Object, java.lang.Object, java.lang.Object, java.lang.Object, java.lang.Object, java.lang.Object, java.lang.Object, java.lang.Object, java.lang.Object, java.lang.Object, java.lang.Object, java.lang.Object, java.lang.Object, java.lang.Object)'> (0x000000008be8dfd8) 
thrown [s\open\src\ho
Event: 21.265 Thread 0x0000019573656eb0 Exception <a 'java/lang/NoSuchMethodError'{0x000000008bd645d8}: 'java.lang.Object java.lang.invoke.DirectMethodHandle$Holder.newInvokeSpecial(java.lang.Object, java.lang.Object, java.lang.Object, java.lang.Object, java.lang.Object, java.lang.Object, java.lang.Object, java.lang.Object, java.lang.Object, java.lang.Object, java.lang.Object, java.lang.Object, java.lang.Object, java.lang.Object, java.lang.Object, java.lang.Object, java.lang.Object, java.lang.Object, java.lang.Object, java.lang.Object, java.lang
Event: 21.284 Thread 0x0000019573656eb0 Exception <a 'java/lang/NoSuchMethodError'{0x000000008b530888}: 'java.lang.Object java.lang.invoke.DirectMethodHandle$Holder.newInvokeSpecial(java.lang.Object, java.lang.Object, java.lang.Object, java.lang.Object, java.lang.Object, java.lang.Object, java.lang.Object, java.lang.Object, java.lang.Object, java.lang.Object, java.lang.Object, java.lang.Object, java.lang.Object, java.lang.Object, java.lang.Object, java.lang.Object, java.lang.Object, java.lang.Object, java.lang.Object, java.lang.Object)'> (0x0000
Event: 21.284 Thread 0x0000019573656eb0 Exception <a 'java/lang/NoSuchMethodError'{0x000000008b5379d8}: 'java.lang.Object java.lang.invoke.DelegatingMethodHandle$Holder.reinvoke_L(java.lang.Object, java.lang.Object, java.lang.Object, java.lang.Object, java.lang.Object, java.lang.Object, java.lang.Object, java.lang.Object, java.lang.Object, java.lang.Object, java.lang.Object, java.lang.Object, java.lang.Object, java.lang.Object, java.lang.Object, java.lang.Object, java.lang.Object, java.lang.Object, java.lang.Object, java.lang.Object)'> (0x000000
Event: 21.323 Thread 0x0000019573656eb0 Exception <a 'java/lang/NoSuchMethodError'{0x000000008b214b00}: 'java.lang.Object java.lang.invoke.DirectMethodHandle$Holder.newInvokeSpecial(java.lang.Object, java.lang.Object, java.lang.Object, java.lang.Object, java.lang.Object, java.lang.Object, java.lang.Object, java.lang.Object, java.lang.Object, java.lang.Object, java.lang.Object, java.lang.Object, java.lang.Object, java.lang.Object, java.lang.Object, java.lang.Object, java.lang.Object, java.lang.Object, java.lang.Object, java.lang.Object, java.lang
Event: 21.332 Thread 0x0000019573656eb0 Exception <a 'java/lang/NoSuchMethodError'{0x000000008b2ec3c0}: 'java.lang.Object java.lang.invoke.DirectMethodHandle$Holder.invokeStatic(java.lang.Object, java.lang.Object, java.lang.Object, java.lang.Object, java.lang.Object, java.lang.Object, java.lang.Object, java.lang.Object, java.lang.Object, java.lang.Object, java.lang.Object, java.lang.Object, java.lang.Object, java.lang.Object, java.lang.Object, java.lang.Object, java.lang.Object, java.lang.Object, java.lang.Object, java.lang.Object, java.lang.Obj

ZGC Phase Switch (0 events):
No events

VM Operations (20 events):
Event: 21.398 Executing VM operation: G1CollectForAllocation (G1 Evacuation Pause) done
Event: 21.489 Executing VM operation: HandshakeAllThreads (Deoptimize)
Event: 21.490 Executing VM operation: HandshakeAllThreads (Deoptimize) done
Event: 21.535 Executing VM operation: HandshakeAllThreads (Deoptimize)
Event: 21.535 Executing VM operation: HandshakeAllThreads (Deoptimize) done
Event: 21.629 Executing VM operation: HandshakeAllThreads (Deoptimize)
Event: 21.629 Executing VM operation: HandshakeAllThreads (Deoptimize) done
Event: 21.641 Executing VM operation: HandshakeAllThreads (Deoptimize)
Event: 21.642 Executing VM operation: HandshakeAllThreads (Deoptimize) done
Event: 22.141 Executing VM operation: HandshakeAllThreads (Deoptimize)
Event: 22.141 Executing VM operation: HandshakeAllThreads (Deoptimize) done
Event: 22.184 Executing VM operation: HandshakeAllThreads (Deoptimize)
Event: 22.184 Executing VM operation: HandshakeAllThreads (Deoptimize) done
Event: 22.234 Executing VM operation: ICBufferFull
Event: 22.234 Executing VM operation: ICBufferFull done
Event: 22.249 Executing VM operation: HandshakeAllThreads (Deoptimize)
Event: 22.249 Executing VM operation: HandshakeAllThreads (Deoptimize) done
Event: 22.414 Executing VM operation: G1TryInitiateConcMark (G1 Humongous Allocation)
Event: 22.427 Executing VM operation: G1TryInitiateConcMark (G1 Humongous Allocation) done
Event: 22.741 Executing VM operation: G1PauseRemark

Events (20 events):
Event: 22.755 Thread 0x000001956d861490 flushing nmethod 0x00000195618a3510
Event: 22.755 Thread 0x000001956d861490 flushing nmethod 0x00000195618a2090
Event: 22.755 Thread 0x000001956d861490 flushing nmethod 0x000001956189fa90
Event: 22.755 Thread 0x000001956d861490 flushing nmethod 0x000001956189b890
Event: 22.755 Thread 0x000001956d861490 flushing nmethod 0x00000195618aa810
Event: 22.755 Thread 0x000001956d861490 flushing nmethod 0x0000019561873690
Event: 22.755 Thread 0x000001956d861490 flushing nmethod 0x0000019561871f10
Event: 22.755 Thread 0x000001956d861490 flushing nmethod 0x0000019561871790
Event: 22.755 Thread 0x000001956d861490 flushing nmethod 0x00000195617d4b90
Event: 22.755 Thread 0x000001956d861490 flushing nmethod 0x00000195617b2c10
Event: 22.755 Thread 0x000001956d861490 flushing nmethod 0x0000019561794410
Event: 22.755 Thread 0x000001956d861490 flushing nmethod 0x0000019561743c90
Event: 22.755 Thread 0x000001956d861490 flushing nmethod 0x0000019561742110
Event: 22.755 Thread 0x000001956d861490 flushing nmethod 0x000001956171e990
Event: 22.755 Thread 0x000001956d861490 flushing nmethod 0x00000195616f7110
Event: 22.755 Thread 0x000001956d861490 flushing nmethod 0x00000195616fc290
Event: 22.755 Thread 0x000001956d861490 flushing nmethod 0x00000195616eec10
Event: 22.755 Thread 0x000001956d861490 flushing nmethod 0x00000195616eca10
Event: 22.755 Thread 0x000001956d861490 flushing nmethod 0x00000195616e6710
Event: 22.755 Thread 0x000001956d861490 flushing nmethod 0x00000195616d6790


Dynamic libraries:
0x00007ff61e7d0000 - 0x00007ff61e7e0000 	C:\Program Files\Java\jdk-21\bin\java.exe
0x00007ff987c70000 - 0x00007ff987e64000 	C:\Windows\SYSTEM32\ntdll.dll
0x00007ff986740000 - 0x00007ff9867fd000 	C:\Windows\System32\KERNEL32.DLL
0x00007ff9853c0000 - 0x00007ff985687000 	C:\Windows\System32\KERNELBASE.dll
0x00007ff985730000 - 0x00007ff985830000 	C:\Windows\System32\ucrtbase.dll
0x00007ff97e030000 - 0x00007ff97e049000 	C:\Program Files\Java\jdk-21\bin\jli.dll
0x00007ff9862b0000 - 0x00007ff98635a000 	C:\Windows\System32\ADVAPI32.dll
0x00007ff986210000 - 0x00007ff9862ae000 	C:\Windows\System32\msvcrt.dll
0x00007ff986360000 - 0x00007ff9863fb000 	C:\Windows\System32\sechost.dll
0x00007ff986600000 - 0x00007ff986723000 	C:\Windows\System32\RPCRT4.dll
0x00007ff97dde0000 - 0x00007ff97ddfb000 	C:\Program Files\Java\jdk-21\bin\VCRUNTIME140.dll
0x00007ff9878d0000 - 0x00007ff987a70000 	C:\Windows\System32\USER32.dll
0x00007ff985c60000 - 0x00007ff985c82000 	C:\Windows\System32\win32u.dll
0x00007ff987a70000 - 0x00007ff987a9a000 	C:\Windows\System32\GDI32.dll
0x00007ff985ad0000 - 0x00007ff985bd9000 	C:\Windows\System32\gdi32full.dll
0x00007ff985690000 - 0x00007ff98572d000 	C:\Windows\System32\msvcp_win.dll
0x00007ff975210000 - 0x00007ff9754aa000 	C:\Windows\WinSxS\amd64_microsoft.windows.common-controls_6595b64144ccf1df_6.0.19041.1_none_b555e41d4684ddec\COMCTL32.dll
0x00007ff97a340000 - 0x00007ff97a34a000 	C:\Windows\SYSTEM32\VERSION.dll
0x00007ff9861e0000 - 0x00007ff986210000 	C:\Windows\System32\IMM32.DLL
0x00007ff97feb0000 - 0x00007ff97febc000 	C:\Program Files\Java\jdk-21\bin\vcruntime140_1.dll
0x00007ff95b130000 - 0x00007ff95b1be000 	C:\Program Files\Java\jdk-21\bin\msvcp140.dll
0x00007ff94af10000 - 0x00007ff94bc25000 	C:\Program Files\Java\jdk-21\bin\server\jvm.dll
0x00007ff986940000 - 0x00007ff9869ab000 	C:\Windows\System32\WS2_32.dll
0x00007ff984ea0000 - 0x00007ff984eeb000 	C:\Windows\SYSTEM32\POWRPROF.dll
0x00007ff976c50000 - 0x00007ff976c77000 	C:\Windows\SYSTEM32\WINMM.dll
0x00007ff984da0000 - 0x00007ff984db2000 	C:\Windows\SYSTEM32\UMPDC.dll
0x00007ff983310000 - 0x00007ff983323000 	C:\Windows\SYSTEM32\kernel.appcore.dll
0x00007ff97e020000 - 0x00007ff97e02a000 	C:\Program Files\Java\jdk-21\bin\jimage.dll
0x00007ff96f1e0000 - 0x00007ff96f3c4000 	C:\Windows\SYSTEM32\DBGHELP.DLL
0x00007ff96f170000 - 0x00007ff96f19c000 	C:\Windows\SYSTEM32\dbgcore.DLL
0x00007ff985be0000 - 0x00007ff985c5f000 	C:\Windows\System32\bcryptPrimitives.dll
0x00007ff97a580000 - 0x00007ff97a59f000 	C:\Program Files\Java\jdk-21\bin\java.dll
0x00007ff9869c0000 - 0x00007ff9870f1000 	C:\Windows\System32\SHELL32.dll
0x00007ff983510000 - 0x00007ff983c9a000 	C:\Windows\SYSTEM32\windows.storage.dll
0x00007ff987390000 - 0x00007ff9876e4000 	C:\Windows\System32\combase.dll
0x00007ff984d00000 - 0x00007ff984d2b000 	C:\Windows\SYSTEM32\Wldp.dll
0x00007ff9876f0000 - 0x00007ff98779e000 	C:\Windows\System32\SHCORE.dll
0x00007ff9868e0000 - 0x00007ff986935000 	C:\Windows\System32\shlwapi.dll
0x00007ff985300000 - 0x00007ff98531f000 	C:\Windows\SYSTEM32\profapi.dll
0x00007ff95b050000 - 0x00007ff95b127000 	C:\Program Files\Java\jdk-21\bin\jsvml.dll
0x00007ff97dfd0000 - 0x00007ff97dfe0000 	C:\Program Files\Java\jdk-21\bin\net.dll
0x00007ff97d930000 - 0x00007ff97da30000 	C:\Windows\SYSTEM32\WINHTTP.dll
0x00007ff984af0000 - 0x00007ff984b5a000 	C:\Windows\system32\mswsock.dll
0x00007ff97a560000 - 0x00007ff97a576000 	C:\Program Files\Java\jdk-21\bin\nio.dll
0x00007ff97a290000 - 0x00007ff97a2a8000 	C:\Program Files\Java\jdk-21\bin\zip.dll
0x00007ff97dfa0000 - 0x00007ff97dfb0000 	C:\Program Files\Java\jdk-21\bin\verify.dll
0x00007ff97ea10000 - 0x00007ff97ea37000 	D:\DOWNLOADS\JetPlayer\native\68d5fa5c4cc2d200863cafc0d521ce42e7d3e7ee720ec0a83991735586a16f82\windows-amd64\native-platform.dll
0x00007ff95af00000 - 0x00007ff95b044000 	D:\DOWNLOADS\JetPlayer\native\e376f236ea51e6404a007f0833ffe2c6e607c4080706a723a18a27aeea778392\windows-amd64\native-platform-file-events.dll
0x00007ff97daa0000 - 0x00007ff97daaa000 	C:\Program Files\Java\jdk-21\bin\management.dll
0x00007ff97d4c0000 - 0x00007ff97d4cb000 	C:\Program Files\Java\jdk-21\bin\management_ext.dll
0x00007ff986730000 - 0x00007ff986738000 	C:\Windows\System32\PSAPI.DLL
0x00007ff9850a0000 - 0x00007ff9850b8000 	C:\Windows\SYSTEM32\CRYPTSP.dll
0x00007ff9844a0000 - 0x00007ff9844d4000 	C:\Windows\system32\rsaenh.dll
0x00007ff9859f0000 - 0x00007ff985a17000 	C:\Windows\System32\bcrypt.dll
0x00007ff985280000 - 0x00007ff9852ae000 	C:\Windows\SYSTEM32\USERENV.dll
0x00007ff984c70000 - 0x00007ff984c7c000 	C:\Windows\SYSTEM32\CRYPTBASE.dll
0x00007ff984800000 - 0x00007ff98483b000 	C:\Windows\SYSTEM32\IPHLPAPI.DLL
0x00007ff986400000 - 0x00007ff986409000 	C:\Windows\System32\NSI.dll
0x00007ff97db00000 - 0x00007ff97db07000 	C:\Program Files\Java\jdk-21\bin\extnet.dll
0x00007ff97a8e0000 - 0x00007ff97a8ee000 	C:\Program Files\Java\jdk-21\bin\sunmscapi.dll
0x00007ff985830000 - 0x00007ff98598d000 	C:\Windows\System32\CRYPT32.dll
0x00007ff984d70000 - 0x00007ff984d97000 	C:\Windows\SYSTEM32\ncrypt.dll
0x00007ff984d30000 - 0x00007ff984d6b000 	C:\Windows\SYSTEM32\NTASN1.dll
0x00007ff980200000 - 0x00007ff980207000 	C:\Windows\system32\wshunix.dll

dbghelp: loaded successfully - version: 4.0.5 - missing functions: none
symbol engine: initialized successfully - sym options: 0x614 - pdb path: .;C:\Program Files\Java\jdk-21\bin;C:\Windows\SYSTEM32;C:\Windows\WinSxS\amd64_microsoft.windows.common-controls_6595b64144ccf1df_6.0.19041.1_none_b555e41d4684ddec;C:\Program Files\Java\jdk-21\bin\server;D:\DOWNLOADS\JetPlayer\native\68d5fa5c4cc2d200863cafc0d521ce42e7d3e7ee720ec0a83991735586a16f82\windows-amd64;D:\DOWNLOADS\JetPlayer\native\e376f236ea51e6404a007f0833ffe2c6e607c4080706a723a18a27aeea778392\windows-amd64

VM Arguments:
jvm_args: --add-opens=java.base/java.util=ALL-UNNAMED --add-opens=java.base/java.lang=ALL-UNNAMED --add-opens=java.base/java.lang.invoke=ALL-UNNAMED --add-opens=java.prefs/java.util.prefs=ALL-UNNAMED --add-opens=java.base/java.nio.charset=ALL-UNNAMED --add-opens=java.base/java.net=ALL-UNNAMED --add-opens=java.base/java.util.concurrent.atomic=ALL-UNNAMED -Xmx2048m -Dfile.encoding=UTF-8 -Duser.country=US -Duser.language=en -Duser.variant 
java_command: org.gradle.launcher.daemon.bootstrap.GradleDaemon 8.0
java_class_path (initial): D:\DOWNLOADS\JetPlayer\wrapper\dists\gradle-8.0-bin\ca5e32bp14vu59qr306oxotwh\gradle-8.0\lib\gradle-launcher-8.0.jar
Launcher Type: SUN_STANDARD

[Global flags]
     intx CICompilerCount                          = 3                                         {product} {ergonomic}
     uint ConcGCThreads                            = 1                                         {product} {ergonomic}
     uint G1ConcRefinementThreads                  = 4                                         {product} {ergonomic}
   size_t G1HeapRegionSize                         = 1048576                                   {product} {ergonomic}
    uintx GCDrainStackTargetSize                   = 64                                        {product} {ergonomic}
   size_t InitialHeapSize                          = 132120576                                 {product} {ergonomic}
   size_t MarkStackSize                            = 4194304                                   {product} {ergonomic}
   size_t MaxHeapSize                              = 2147483648                                {product} {command line}
   size_t MaxNewSize                               = 1287651328                                {product} {ergonomic}
   size_t MinHeapDeltaBytes                        = 1048576                                   {product} {ergonomic}
   size_t MinHeapSize                              = 8388608                                   {product} {ergonomic}
    uintx NonNMethodCodeHeapSize                   = 5832780                                {pd product} {ergonomic}
    uintx NonProfiledCodeHeapSize                  = 122912730                              {pd product} {ergonomic}
    uintx ProfiledCodeHeapSize                     = 122912730                              {pd product} {ergonomic}
    uintx ReservedCodeCacheSize                    = 251658240                              {pd product} {ergonomic}
     bool SegmentedCodeCache                       = true                                      {product} {ergonomic}
   size_t SoftMaxHeapSize                          = 2147483648                             {manageable} {ergonomic}
     bool UseCompressedOops                        = true                           {product lp64_product} {ergonomic}
     bool UseG1GC                                  = true                                      {product} {ergonomic}
     bool UseLargePagesIndividualAllocation        = false                                  {pd product} {ergonomic}

Logging:
Log output configuration:
 #0: stdout all=warning uptime,level,tags foldmultilines=false
 #1: stderr all=off uptime,level,tags foldmultilines=false

Environment Variables:
JAVA_HOME=C:\Program Files\Zulu\zulu-17
PATH=C:\Program Files\Zulu\zulu-17\bin\;C:\Program Files\Common Files\Oracle\Java\javapath;C:\Program Files (x86)\Common Files\Oracle\Java\javapath;C:\Program Files\Zulu\zulu-8\bin\;C:\ProgramData\Oracle\Java\javapath;C:\Windows\system32;C:\Windows;C:\Windows\System32\Wbem;C:\Windows\System32\WindowsPowerShell\v1.0\;C:\Windows\System32\OpenSSH\;C:\Program Files (x86)\dotnet\;C:\Program Files\dotnet\;C:\Program Files (x86)\QuickTime\QTSystem\;D:\DOWNLOADS\gradle-8.3-all\gradle-8.3\bin;C:\Program Files\Git\cmd;C:\Program Files\Java\jdk-21\bin;C:\Users\ACER\AppData\Local\Microsoft\WindowsApps;C:\Users\ACER\AppData\Local\Programs\Microsoft VS Code\bin;C:\Program Files\Java\jdk-21\bin;
USERNAME=ACER
OS=Windows_NT
PROCESSOR_IDENTIFIER=Intel64 Family 6 Model 58 Stepping 9, GenuineIntel
TMP=C:\Users\ACER\AppData\Local\Temp
TEMP=C:\Users\ACER\AppData\Local\Temp




Periodic native trim disabled

---------------  S Y S T E M  ---------------

OS:
 Windows 10 , 64 bit Build 19041 (10.0.19041.207)
OS uptime: 0 days 3:26 hours
Hyper-V role detected

CPU: total 4 (initial active 4) (2 cores per cpu, 2 threads per core) family 6 model 58 stepping 9 microcode 0x21, cx8, cmov, fxsr, ht, mmx, sse, sse2, sse3, ssse3, sse4.1, sse4.2, popcnt, tsc, tscinvbit, avx, aes, erms, clmul, vzeroupper, clflush, hv, rdtscp, f16c
Processor Information for all 4 processors :
  Max Mhz: 2501, Current Mhz: 2501, Mhz Limit: 2501

Memory: 4k page, system-wide physical 8030M (842M free)
TotalPageFile size 10078M (AvailPageFile size 69M)
current process WorkingSet (physical memory assigned to process): 529M, peak: 531M
current process commit charge ("private bytes"): 565M, peak: 631M

vm_info: Java HotSpot(TM) 64-Bit Server VM (21.0.1+12-LTS-29) for windows-amd64 JRE (21.0.1+12-LTS-29), built on 2023-10-05T13:27:09Z by "mach5one" with MS VC++ 17.1 (VS2022)

END.
