#
# There is insufficient memory for the Java Runtime Environment to continue.
# Native memory allocation (mmap) failed to map 292552704 bytes for G1 virtual space
# Possible reasons:
#   The system is out of physical RAM or swap space
#   The process is running with CompressedOops enabled, and the Java Heap may be blocking the growth of the native heap
# Possible solutions:
#   Reduce memory load on the system
#   Increase physical memory or swap space
#   Check if swap backing store is full
#   Decrease Java heap size (-Xmx/-Xms)
#   Decrease number of Java threads
#   Decrease Java thread stack sizes (-Xss)
#   Set larger code cache with -XX:ReservedCodeCacheSize=
#   JVM is running with Unscaled Compressed Oops mode in which the Java heap is
#     placed in the first 4GB address space. The Java Heap base address is the
#     maximum limit for the native heap growth. Please use -XX:HeapBaseMinAddress
#     to set the Java Heap base and to place the Java Heap above 4GB virtual address.
# This output file may be truncated or incomplete.
#
#  Out of Memory Error (os_windows.cpp:3613), pid=10616, tid=5724
#
# JRE version: OpenJDK Runtime Environment Zulu17.46+19-CA (17.0.9+8) (build 17.0.9+8-LTS)
# Java VM: OpenJDK 64-Bit Server VM Zulu17.46+19-CA (17.0.9+8-LTS, mixed mode, sharing, tiered, compressed oops, compressed class ptrs, g1 gc, windows-amd64)
# No core dump will be written. Minidumps are not enabled by default on client versions of Windows
#

---------------  S U M M A R Y ------------

Command Line: --add-opens=java.base/java.util=ALL-UNNAMED --add-opens=java.base/java.lang=ALL-UNNAMED --add-opens=java.base/java.lang.invoke=ALL-UNNAMED --add-opens=java.prefs/java.util.prefs=ALL-UNNAMED --add-opens=java.base/java.nio.charset=ALL-UNNAMED --add-opens=java.base/java.net=ALL-UNNAMED --add-opens=java.base/java.util.concurrent.atomic=ALL-UNNAMED -Xmx2048m -Dfile.encoding=UTF-8 -Duser.country=US -Duser.language=en -Duser.variant org.gradle.launcher.daemon.bootstrap.GradleDaemon 8.0

Host: Intel(R) Core(TM) i5-3210M CPU @ 2.50GHz, 4 cores, 7G,  Windows 10 , 64 bit Build 19041 (10.0.19041.207)
Time: Mon Jan 22 16:43:44 2024 SE Asia Standard Time elapsed time: 52.700151 seconds (0d 0h 0m 52s)

---------------  T H R E A D  ---------------

Current thread (0x00000211772ff230):  VMThread "VM Thread" [stack: 0x00000047cf200000,0x00000047cf300000] [id=5724]

Stack: [0x00000047cf200000,0x00000047cf300000]
Native frames: (J=compiled Java code, j=interpreted, Vv=VM code, C=native code)
V  [jvm.dll+0x681239]
V  [jvm.dll+0x838dba]
V  [jvm.dll+0x83a87e]
V  [jvm.dll+0x83aee3]
V  [jvm.dll+0x24b92f]
V  [jvm.dll+0x67e049]
V  [jvm.dll+0x67299a]
V  [jvm.dll+0x30b7db]
V  [jvm.dll+0x312c86]
V  [jvm.dll+0x36327e]
V  [jvm.dll+0x3634af]
V  [jvm.dll+0x2e2438]
V  [jvm.dll+0x2e0614]
V  [jvm.dll+0x2dfc1c]
V  [jvm.dll+0x323c3b]
V  [jvm.dll+0x83f3db]
V  [jvm.dll+0x840121]
V  [jvm.dll+0x84063d]
V  [jvm.dll+0x840a14]
V  [jvm.dll+0x840ae0]
V  [jvm.dll+0x7e825a]
V  [jvm.dll+0x680125]
C  [ucrtbase.dll+0x21542]
C  [KERNEL32.DLL+0x16fd4]
C  [ntdll.dll+0x4cec1]

VM_Operation (0x00000047d08f5d10): G1CollectForAllocation, mode: safepoint, requested by thread 0x000002117dc128c0


---------------  P R O C E S S  ---------------

Threads class SMR info:
_java_thread_list=0x0000021142d123b0, length=85, elements={
0x00000211596a6160, 0x0000021177304a20, 0x00000211773057c0, 0x0000021177312810,
0x0000021177316110, 0x00000211773169f0, 0x0000021177321440, 0x0000021177326060,
0x000002117732af40, 0x000002117732fc80, 0x0000021177567260, 0x000002117758d790,
0x000002117d9c4a30, 0x000002117773de30, 0x000002117dbe8a50, 0x000002117d8d72b0,
0x000002117d64b5f0, 0x000002117db5a390, 0x000002117dc128c0, 0x000002117dc15b60,
0x000002117dc14210, 0x000002117dc123b0, 0x000002117dc14720, 0x000002117dc14c30,
0x000002117dc132e0, 0x000002117dc137f0, 0x000002117dc13d00, 0x000002117e3e50d0,
0x000002117e3e7950, 0x000002117e3e46b0, 0x000002117e3e41a0, 0x000002117e3e6510,
0x000002117e3e9cc0, 0x000002117e3e92a0, 0x000002117e3ea6e0, 0x000002117e3e97b0,
0x000002117e3ea1d0, 0x000002117e3e3270, 0x000002114142d040, 0x000002114142a7c0,
0x0000021141429da0, 0x000002114142d550, 0x000002114142fdd0, 0x00000211414302e0,
0x0000021141429890, 0x000002114142da60, 0x000002114142df70, 0x0000021141428e70,
0x00000211414307f0, 0x000002114142acd0, 0x0000021141429380, 0x000002114142b6f0,
0x000002114142c110, 0x000002114142e480, 0x000002117e3e5af0, 0x000002117e3e7440,
0x000002117dc15650, 0x00000211421194e0, 0x00000211421134b0, 0x0000021142112a90,
0x0000021142112fa0, 0x0000021142117680, 0x0000021142115310, 0x0000021142112070,
0x0000021142117170, 0x0000021142115820, 0x0000021142118ac0, 0x0000021142118fd0,
0x00000211421199f0, 0x0000021142116750, 0x00000211421139c0, 0x0000021142112580,
0x0000021142113ed0, 0x00000211421143e0, 0x00000211421148f0, 0x0000021142115d30,
0x0000021142114e00, 0x0000021142117b90, 0x0000021142116240, 0x0000021142116c60,
0x00000211421185b0, 0x000002114fc6c210, 0x000002114fc6d140, 0x000002114fc6c720,
0x000002117f7520b0
}

Java Threads: ( => current thread )
  0x00000211596a6160 JavaThread "main" [_thread_blocked, id=3660, stack(0x00000047cec00000,0x00000047ced00000)]
  0x0000021177304a20 JavaThread "Reference Handler" daemon [_thread_blocked, id=1952, stack(0x00000047cf300000,0x00000047cf400000)]
  0x00000211773057c0 JavaThread "Finalizer" daemon [_thread_blocked, id=1176, stack(0x00000047cf400000,0x00000047cf500000)]
  0x0000021177312810 JavaThread "Signal Dispatcher" daemon [_thread_blocked, id=10828, stack(0x00000047cf500000,0x00000047cf600000)]
  0x0000021177316110 JavaThread "Attach Listener" daemon [_thread_blocked, id=7236, stack(0x00000047cf600000,0x00000047cf700000)]
  0x00000211773169f0 JavaThread "Service Thread" daemon [_thread_blocked, id=8416, stack(0x00000047cf700000,0x00000047cf800000)]
  0x0000021177321440 JavaThread "Monitor Deflation Thread" daemon [_thread_blocked, id=10388, stack(0x00000047cf800000,0x00000047cf900000)]
  0x0000021177326060 JavaThread "C2 CompilerThread0" daemon [_thread_blocked, id=10872, stack(0x00000047cf900000,0x00000047cfa00000)]
  0x000002117732af40 JavaThread "C1 CompilerThread0" daemon [_thread_blocked, id=6996, stack(0x00000047cfa00000,0x00000047cfb00000)]
  0x000002117732fc80 JavaThread "Sweeper thread" daemon [_thread_blocked, id=7184, stack(0x00000047cfb00000,0x00000047cfc00000)]
  0x0000021177567260 JavaThread "Common-Cleaner" daemon [_thread_blocked, id=5888, stack(0x00000047cfc00000,0x00000047cfd00000)]
  0x000002117758d790 JavaThread "Notification Thread" daemon [_thread_blocked, id=3144, stack(0x00000047cfd00000,0x00000047cfe00000)]
  0x000002117d9c4a30 JavaThread "Daemon health stats" [_thread_blocked, id=820, stack(0x00000047d0300000,0x00000047d0400000)]
  0x000002117773de30 JavaThread "Incoming local TCP Connector on port 52898" [_thread_in_native, id=2888, stack(0x00000047cff00000,0x00000047d0000000)]
  0x000002117dbe8a50 JavaThread "Daemon periodic checks" [_thread_blocked, id=4660, stack(0x00000047d0400000,0x00000047d0500000)]
  0x000002117d8d72b0 JavaThread "Daemon" [_thread_blocked, id=5508, stack(0x00000047d0500000,0x00000047d0600000)]
  0x000002117d64b5f0 JavaThread "Handler for socket connection from /127.0.0.1:52898 to /127.0.0.1:52899" [_thread_in_native, id=10932, stack(0x00000047d0600000,0x00000047d0700000)]
  0x000002117db5a390 JavaThread "Cancel handler" [_thread_blocked, id=10956, stack(0x00000047d0700000,0x00000047d0800000)]
  0x000002117dc128c0 JavaThread "Daemon worker" [_thread_blocked, id=1888, stack(0x00000047d0800000,0x00000047d0900000)]
  0x000002117dc15b60 JavaThread "Asynchronous log dispatcher for DefaultDaemonConnection: socket connection from /127.0.0.1:52898 to /127.0.0.1:52899" [_thread_blocked, id=2920, stack(0x00000047d0900000,0x00000047d0a00000)]
  0x000002117dc14210 JavaThread "Stdin handler" [_thread_blocked, id=6836, stack(0x00000047d0a00000,0x00000047d0b00000)]
  0x000002117dc123b0 JavaThread "Daemon client event forwarder" [_thread_blocked, id=6120, stack(0x00000047d0b00000,0x00000047d0c00000)]
  0x000002117dc14720 JavaThread "Cache worker for journal cache (D:\DOWNLOADS\JetPlayer\caches\journal-1)" [_thread_blocked, id=10500, stack(0x00000047d0c00000,0x00000047d0d00000)]
  0x000002117dc14c30 JavaThread "File lock request listener" [_thread_in_native, id=4492, stack(0x00000047d0d00000,0x00000047d0e00000)]
  0x000002117dc132e0 JavaThread "Cache worker for file hash cache (D:\DOWNLOADS\JetPlayer\caches\8.0\fileHashes)" [_thread_blocked, id=6400, stack(0x00000047d0e00000,0x00000047d0f00000)]
  0x000002117dc137f0 JavaThread "File watcher server" daemon [_thread_in_native, id=7548, stack(0x00000047d1000000,0x00000047d1100000)]
  0x000002117dc13d00 JavaThread "File watcher consumer" daemon [_thread_blocked, id=9068, stack(0x00000047d1100000,0x00000047d1200000)]
  0x000002117e3e50d0 JavaThread "jar transforms" [_thread_blocked, id=2196, stack(0x00000047d1200000,0x00000047d1300000)]
  0x000002117e3e7950 JavaThread "jar transforms Thread 2" [_thread_blocked, id=1076, stack(0x00000047d1300000,0x00000047d1400000)]
  0x000002117e3e46b0 JavaThread "jar transforms Thread 3" [_thread_blocked, id=4420, stack(0x00000047d1400000,0x00000047d1500000)]
  0x000002117e3e41a0 JavaThread "jar transforms Thread 4" [_thread_blocked, id=7304, stack(0x00000047d1500000,0x00000047d1600000)]
  0x000002117e3e6510 JavaThread "Cache worker for checksums cache (C:\Users\ACER\AndroidStudioProjects\ShoesCare\.gradle\8.0\checksums)" [_thread_blocked, id=4860, stack(0x00000047d0f00000,0x00000047d1000000)]
  0x000002117e3e9cc0 JavaThread "Cache worker for cache directory md-rule (D:\DOWNLOADS\JetPlayer\caches\8.0\md-rule)" [_thread_blocked, id=6464, stack(0x00000047d1600000,0x00000047d1700000)]
  0x000002117e3e92a0 JavaThread "Cache worker for file content cache (D:\DOWNLOADS\JetPlayer\caches\8.0\fileContent)" [_thread_blocked, id=8240, stack(0x00000047d1700000,0x00000047d1800000)]
  0x000002117e3ea6e0 JavaThread "Cache worker for file hash cache (C:\Users\ACER\AndroidStudioProjects\ShoesCare\.gradle\8.0\fileHashes)" [_thread_blocked, id=11052, stack(0x00000047d1900000,0x00000047d1a00000)]
  0x000002117e3e97b0 JavaThread "Cache worker for cache directory md-supplier (D:\DOWNLOADS\JetPlayer\caches\8.0\md-supplier)" [_thread_blocked, id=7052, stack(0x00000047d1a00000,0x00000047d1b00000)]
  0x000002117e3ea1d0 JavaThread "Cache worker for execution history cache (D:\DOWNLOADS\JetPlayer\caches\8.0\executionHistory)" [_thread_blocked, id=8412, stack(0x00000047d1800000,0x00000047d1900000)]
  0x000002117e3e3270 JavaThread "Cache worker for kotlin-dsl (D:\DOWNLOADS\JetPlayer\caches\8.0\kotlin-dsl)" [_thread_blocked, id=1196, stack(0x00000047d1d00000,0x00000047d1e00000)]
  0x000002114142d040 JavaThread "Cache worker for dependencies-accessors (C:\Users\ACER\AndroidStudioProjects\ShoesCare\.gradle\8.0\dependencies-accessors)" [_thread_blocked, id=9020, stack(0x00000047d2000000,0x00000047d2100000)]
  0x000002114142a7c0 JavaThread "Cache worker for Build Output Cleanup Cache (C:\Users\ACER\AndroidStudioProjects\ShoesCare\.gradle\buildOutputCleanup)" [_thread_blocked, id=2764, stack(0x00000047d2100000,0x00000047d2200000)]
  0x0000021141429da0 JavaThread "Unconstrained build operations" [_thread_blocked, id=4712, stack(0x00000047ce900000,0x00000047cea00000)]
  0x000002114142d550 JavaThread "Unconstrained build operations Thread 2" [_thread_blocked, id=1656, stack(0x00000047d2200000,0x00000047d2300000)]
  0x000002114142fdd0 JavaThread "Unconstrained build operations Thread 3" [_thread_blocked, id=6928, stack(0x00000047d2300000,0x00000047d2400000)]
  0x00000211414302e0 JavaThread "Unconstrained build operations Thread 4" [_thread_blocked, id=6936, stack(0x00000047d2400000,0x00000047d2500000)]
  0x0000021141429890 JavaThread "Unconstrained build operations Thread 5" [_thread_blocked, id=7368, stack(0x00000047d2500000,0x00000047d2600000)]
  0x000002114142da60 JavaThread "Unconstrained build operations Thread 6" [_thread_blocked, id=11148, stack(0x00000047d2600000,0x00000047d2700000)]
  0x000002114142df70 JavaThread "Unconstrained build operations Thread 7" [_thread_blocked, id=1604, stack(0x00000047d2700000,0x00000047d2800000)]
  0x0000021141428e70 JavaThread "Unconstrained build operations Thread 8" [_thread_blocked, id=7296, stack(0x00000047d2800000,0x00000047d2900000)]
  0x00000211414307f0 JavaThread "Unconstrained build operations Thread 9" [_thread_blocked, id=4644, stack(0x00000047d2900000,0x00000047d2a00000)]
  0x000002114142acd0 JavaThread "Unconstrained build operations Thread 10" [_thread_blocked, id=9948, stack(0x00000047d2a00000,0x00000047d2b00000)]
  0x0000021141429380 JavaThread "Unconstrained build operations Thread 11" [_thread_blocked, id=8200, stack(0x00000047d2b00000,0x00000047d2c00000)]
  0x000002114142b6f0 JavaThread "Unconstrained build operations Thread 12" [_thread_blocked, id=9632, stack(0x00000047d2c00000,0x00000047d2d00000)]
  0x000002114142c110 JavaThread "Unconstrained build operations Thread 13" [_thread_blocked, id=9356, stack(0x00000047d2d00000,0x00000047d2e00000)]
  0x000002114142e480 JavaThread "Unconstrained build operations Thread 14" [_thread_blocked, id=10520, stack(0x00000047d2e00000,0x00000047d2f00000)]
  0x000002117e3e5af0 JavaThread "Unconstrained build operations Thread 15" [_thread_blocked, id=5112, stack(0x00000047d2f00000,0x00000047d3000000)]
  0x000002117e3e7440 JavaThread "Unconstrained build operations Thread 16" [_thread_blocked, id=10528, stack(0x00000047d3000000,0x00000047d3100000)]
  0x000002117dc15650 JavaThread "Unconstrained build operations Thread 17" [_thread_blocked, id=1856, stack(0x00000047d3100000,0x00000047d3200000)]
  0x00000211421194e0 JavaThread "Unconstrained build operations Thread 18" [_thread_blocked, id=2020, stack(0x00000047d3200000,0x00000047d3300000)]
  0x00000211421134b0 JavaThread "Unconstrained build operations Thread 19" [_thread_blocked, id=9448, stack(0x00000047d3300000,0x00000047d3400000)]
  0x0000021142112a90 JavaThread "Unconstrained build operations Thread 20" [_thread_blocked, id=4960, stack(0x00000047d3400000,0x00000047d3500000)]
  0x0000021142112fa0 JavaThread "Unconstrained build operations Thread 21" [_thread_blocked, id=11164, stack(0x00000047d3500000,0x00000047d3600000)]
  0x0000021142117680 JavaThread "Unconstrained build operations Thread 22" [_thread_blocked, id=7576, stack(0x00000047d3600000,0x00000047d3700000)]
  0x0000021142115310 JavaThread "Unconstrained build operations Thread 23" [_thread_blocked, id=6196, stack(0x00000047d3700000,0x00000047d3800000)]
  0x0000021142112070 JavaThread "Unconstrained build operations Thread 24" [_thread_blocked, id=8476, stack(0x00000047d3800000,0x00000047d3900000)]
  0x0000021142117170 JavaThread "Unconstrained build operations Thread 25" [_thread_blocked, id=10556, stack(0x00000047d3900000,0x00000047d3a00000)]
  0x0000021142115820 JavaThread "Unconstrained build operations Thread 26" [_thread_blocked, id=10856, stack(0x00000047d3a00000,0x00000047d3b00000)]
  0x0000021142118ac0 JavaThread "Unconstrained build operations Thread 27" [_thread_blocked, id=6496, stack(0x00000047d3b00000,0x00000047d3c00000)]
  0x0000021142118fd0 JavaThread "Unconstrained build operations Thread 28" [_thread_blocked, id=2164, stack(0x00000047d3c00000,0x00000047d3d00000)]
  0x00000211421199f0 JavaThread "Unconstrained build operations Thread 29" [_thread_blocked, id=8980, stack(0x00000047d3d00000,0x00000047d3e00000)]
  0x0000021142116750 JavaThread "Unconstrained build operations Thread 30" [_thread_blocked, id=7604, stack(0x00000047d3e00000,0x00000047d3f00000)]
  0x00000211421139c0 JavaThread "Unconstrained build operations Thread 31" [_thread_blocked, id=6764, stack(0x00000047d3f00000,0x00000047d4000000)]
  0x0000021142112580 JavaThread "Unconstrained build operations Thread 32" [_thread_blocked, id=7820, stack(0x00000047d4000000,0x00000047d4100000)]
  0x0000021142113ed0 JavaThread "Unconstrained build operations Thread 33" [_thread_blocked, id=9628, stack(0x00000047d4100000,0x00000047d4200000)]
  0x00000211421143e0 JavaThread "Unconstrained build operations Thread 34" [_thread_blocked, id=480, stack(0x00000047d4200000,0x00000047d4300000)]
  0x00000211421148f0 JavaThread "Unconstrained build operations Thread 35" [_thread_blocked, id=11240, stack(0x00000047d4300000,0x00000047d4400000)]
  0x0000021142115d30 JavaThread "Unconstrained build operations Thread 36" [_thread_blocked, id=400, stack(0x00000047d4400000,0x00000047d4500000)]
  0x0000021142114e00 JavaThread "Unconstrained build operations Thread 37" [_thread_blocked, id=2396, stack(0x00000047d4500000,0x00000047d4600000)]
  0x0000021142117b90 JavaThread "Unconstrained build operations Thread 38" [_thread_blocked, id=5436, stack(0x00000047d4600000,0x00000047d4700000)]
  0x0000021142116240 JavaThread "Unconstrained build operations Thread 39" [_thread_blocked, id=1752, stack(0x00000047d4700000,0x00000047d4800000)]
  0x0000021142116c60 JavaThread "Unconstrained build operations Thread 40" [_thread_blocked, id=9920, stack(0x00000047d4800000,0x00000047d4900000)]
  0x00000211421185b0 JavaThread "Memory manager" [_thread_blocked, id=256, stack(0x00000047d4a00000,0x00000047d4b00000)]
  0x000002114fc6c210 JavaThread "build event listener" [_thread_blocked, id=5892, stack(0x00000047d4b00000,0x00000047d4c00000)]
  0x000002114fc6d140 JavaThread "build event listener" [_thread_blocked, id=6176, stack(0x00000047d4c00000,0x00000047d4d00000)]
  0x000002114fc6c720 JavaThread "Kotlin DSL Writer" [_thread_blocked, id=4724, stack(0x00000047d4d00000,0x00000047d4e00000)]
  0x000002117f7520b0 JavaThread "C2 CompilerThread1" daemon [_thread_blocked, id=11024, stack(0x00000047d4900000,0x00000047d4a00000)]

Other Threads:
=>0x00000211772ff230 VMThread "VM Thread" [stack: 0x00000047cf200000,0x00000047cf300000] [id=5724]
  0x0000021177591c90 WatcherThread [stack: 0x00000047cfe00000,0x00000047cff00000] [id=3728]
  0x00000211596fedc0 GCTaskThread "GC Thread#0" [stack: 0x00000047ced00000,0x00000047cee00000] [id=6300]
  0x0000021177826660 GCTaskThread "GC Thread#1" [stack: 0x00000047d0000000,0x00000047d0100000] [id=10648]
  0x000002117766cdc0 GCTaskThread "GC Thread#2" [stack: 0x00000047d0100000,0x00000047d0200000] [id=10356]
  0x0000021177722da0 GCTaskThread "GC Thread#3" [stack: 0x00000047d0200000,0x00000047d0300000] [id=2216]
  0x000002115970fc30 ConcurrentGCThread "G1 Main Marker" [stack: 0x00000047cee00000,0x00000047cef00000] [id=3648]
  0x0000021159711d10 ConcurrentGCThread "G1 Conc#0" [stack: 0x00000047cef00000,0x00000047cf000000] [id=960]
  0x000002115976e620 ConcurrentGCThread "G1 Refine#0" [stack: 0x00000047cf000000,0x00000047cf100000] [id=10532]
  0x000002117f221a50 ConcurrentGCThread "G1 Refine#1" [stack: 0x00000047d1c00000,0x00000047d1d00000] [id=4176]
  0x000002117cd4eaa0 ConcurrentGCThread "G1 Refine#2" [stack: 0x00000047d1b00000,0x00000047d1c00000] [id=1392]
  0x00000211771c00a0 ConcurrentGCThread "G1 Service" [stack: 0x00000047cf100000,0x00000047cf200000] [id=2140]

Threads with active compile tasks:
C2 CompilerThread0    52763 13853       4       kotlin.text.StringsKt__IndentKt::replaceIndent (544 bytes)
C2 CompilerThread1    52763 13854       4       kotlinx.metadata.internal.metadata.ProtoBuf$Type::isInitialized (145 bytes)

VM state: at safepoint (normal execution)

VM Mutex/Monitor currently owned by a thread:  ([mutex/lock_event])
[0x00000211596a1460] Threads_lock - owner thread: 0x00000211772ff230
[0x000002115969fc30] Heap_lock - owner thread: 0x000002117dc128c0

Heap address: 0x0000000080000000, size: 2048 MB, Compressed Oops mode: 32-bit

CDS archive(s) mapped at: [0x0000021100000000-0x0000021100bd0000-0x0000021100bd0000), size 12386304, SharedBaseAddress: 0x0000021100000000, ArchiveRelocationMode: 1.
Compressed class space mapped at: 0x0000021101000000-0x0000021141000000, reserved size: 1073741824
Narrow klass base: 0x0000021100000000, Narrow klass shift: 0, Narrow klass range: 0x100000000

GC Precious Log:
 CPUs: 4 total, 4 available
 Memory: 8030M
 Large Page Support: Disabled
 NUMA Support: Disabled
 Compressed Oops: Enabled (32-bit)
 Heap Region Size: 1M
 Heap Min Capacity: 8M
 Heap Initial Capacity: 126M
 Heap Max Capacity: 2G
 Pre-touch: Disabled
 Parallel Workers: 4
 Concurrent Workers: 1
 Concurrent Refinement Workers: 4
 Periodic GC: Disabled

Heap:
 garbage-first heap   total 291840K, used 147884K [0x0000000080000000, 0x0000000100000000)
  region size 1024K, 4 young (4096K), 4 survivors (4096K)
 Metaspace       used 127873K, committed 128704K, reserved 1179648K
  class space    used 16198K, committed 16576K, reserved 1048576K

Heap Regions: E=young(eden), S=young(survivor), O=old, HS=humongous(starts), HC=humongous(continues), CS=collection set, F=free, OA=open archive, CA=closed archive, TAMS=top-at-mark-start (previous, next)
|   0|0x0000000080000000, 0x0000000080100000, 0x0000000080100000|100%| O|  |TAMS 0x0000000080100000, 0x0000000080000000| Untracked 
|   1|0x0000000080100000, 0x0000000080200000, 0x0000000080200000|100%| O|  |TAMS 0x0000000080200000, 0x0000000080100000| Untracked 
|   2|0x0000000080200000, 0x0000000080300000, 0x0000000080300000|100%|HS|  |TAMS 0x0000000080300000, 0x0000000080200000| Complete 
|   3|0x0000000080300000, 0x0000000080400000, 0x0000000080400000|100%|HC|  |TAMS 0x0000000080400000, 0x0000000080300000| Complete 
|   4|0x0000000080400000, 0x0000000080500000, 0x0000000080500000|100%|HC|  |TAMS 0x0000000080500000, 0x0000000080400000| Complete 
|   5|0x0000000080500000, 0x0000000080600000, 0x0000000080600000|100%|HC|  |TAMS 0x0000000080600000, 0x0000000080500000| Complete 
|   6|0x0000000080600000, 0x0000000080700000, 0x0000000080700000|100%| O|  |TAMS 0x0000000080700000, 0x0000000080600000| Untracked 
|   7|0x0000000080700000, 0x0000000080800000, 0x0000000080800000|100%| O|  |TAMS 0x0000000080800000, 0x0000000080700000| Untracked 
|   8|0x0000000080800000, 0x0000000080900000, 0x0000000080900000|100%| O|  |TAMS 0x0000000080900000, 0x0000000080800000| Untracked 
|   9|0x0000000080900000, 0x0000000080a00000, 0x0000000080a00000|100%| O|  |TAMS 0x0000000080a00000, 0x0000000080900000| Untracked 
|  10|0x0000000080a00000, 0x0000000080b00000, 0x0000000080b00000|100%| O|  |TAMS 0x0000000080b00000, 0x0000000080a00000| Untracked 
|  11|0x0000000080b00000, 0x0000000080c00000, 0x0000000080c00000|100%| O|  |TAMS 0x0000000080c00000, 0x0000000080b00000| Untracked 
|  12|0x0000000080c00000, 0x0000000080d00000, 0x0000000080d00000|100%|HS|  |TAMS 0x0000000080d00000, 0x0000000080c00000| Complete 
|  13|0x0000000080d00000, 0x0000000080e00000, 0x0000000080e00000|100%|HC|  |TAMS 0x0000000080e00000, 0x0000000080d00000| Complete 
|  14|0x0000000080e00000, 0x0000000080f00000, 0x0000000080f00000|100%|HS|  |TAMS 0x0000000080f00000, 0x0000000080e00000| Complete 
|  15|0x0000000080f00000, 0x0000000081000000, 0x0000000081000000|100%|HC|  |TAMS 0x0000000081000000, 0x0000000080f00000| Complete 
|  16|0x0000000081000000, 0x0000000081100000, 0x0000000081100000|100%|HC|  |TAMS 0x0000000081100000, 0x0000000081000000| Complete 
|  17|0x0000000081100000, 0x0000000081200000, 0x0000000081200000|100%|HS|  |TAMS 0x0000000081200000, 0x0000000081100000| Complete 
|  18|0x0000000081200000, 0x0000000081300000, 0x0000000081300000|100%|HC|  |TAMS 0x0000000081300000, 0x0000000081200000| Complete 
|  19|0x0000000081300000, 0x0000000081400000, 0x0000000081400000|100%|HC|  |TAMS 0x0000000081400000, 0x0000000081300000| Complete 
|  20|0x0000000081400000, 0x0000000081500000, 0x0000000081500000|100%|HS|  |TAMS 0x0000000081500000, 0x0000000081400000| Complete 
|  21|0x0000000081500000, 0x0000000081600000, 0x0000000081600000|100%|HC|  |TAMS 0x0000000081600000, 0x0000000081500000| Complete 
|  22|0x0000000081600000, 0x0000000081700000, 0x0000000081700000|100%|HC|  |TAMS 0x0000000081700000, 0x0000000081600000| Complete 
|  23|0x0000000081700000, 0x0000000081800000, 0x0000000081800000|100%|HC|  |TAMS 0x0000000081800000, 0x0000000081700000| Complete 
|  24|0x0000000081800000, 0x0000000081900000, 0x0000000081900000|100%|HC|  |TAMS 0x0000000081900000, 0x0000000081800000| Complete 
|  25|0x0000000081900000, 0x0000000081a00000, 0x0000000081a00000|100%|HC|  |TAMS 0x0000000081a00000, 0x0000000081900000| Complete 
|  26|0x0000000081a00000, 0x0000000081b00000, 0x0000000081b00000|100%|HC|  |TAMS 0x0000000081b00000, 0x0000000081a00000| Complete 
|  27|0x0000000081b00000, 0x0000000081c00000, 0x0000000081c00000|100%|HC|  |TAMS 0x0000000081c00000, 0x0000000081b00000| Complete 
|  28|0x0000000081c00000, 0x0000000081d00000, 0x0000000081d00000|100%|HC|  |TAMS 0x0000000081d00000, 0x0000000081c00000| Complete 
|  29|0x0000000081d00000, 0x0000000081e00000, 0x0000000081e00000|100%|HC|  |TAMS 0x0000000081e00000, 0x0000000081d00000| Complete 
|  30|0x0000000081e00000, 0x0000000081f00000, 0x0000000081f00000|100%|HC|  |TAMS 0x0000000081f00000, 0x0000000081e00000| Complete 
|  31|0x0000000081f00000, 0x0000000082000000, 0x0000000082000000|100%|HC|  |TAMS 0x0000000082000000, 0x0000000081f00000| Complete 
|  32|0x0000000082000000, 0x0000000082100000, 0x0000000082100000|100%|HS|  |TAMS 0x0000000082100000, 0x0000000082000000| Complete 
|  33|0x0000000082100000, 0x0000000082200000, 0x0000000082200000|100%|HC|  |TAMS 0x0000000082200000, 0x0000000082100000| Complete 
|  34|0x0000000082200000, 0x0000000082300000, 0x0000000082300000|100%| O|  |TAMS 0x0000000082300000, 0x0000000082200000| Untracked 
|  35|0x0000000082300000, 0x0000000082400000, 0x0000000082400000|100%| O|  |TAMS 0x0000000082400000, 0x0000000082300000| Untracked 
|  36|0x0000000082400000, 0x0000000082500000, 0x0000000082500000|100%| O|  |TAMS 0x0000000082500000, 0x0000000082400000| Untracked 
|  37|0x0000000082500000, 0x0000000082600000, 0x0000000082600000|100%| O|  |TAMS 0x0000000082600000, 0x0000000082500000| Untracked 
|  38|0x0000000082600000, 0x0000000082700000, 0x0000000082700000|100%| O|  |TAMS 0x0000000082700000, 0x0000000082600000| Untracked 
|  39|0x0000000082700000, 0x0000000082800000, 0x0000000082800000|100%| O|  |TAMS 0x0000000082800000, 0x0000000082700000| Untracked 
|  40|0x0000000082800000, 0x0000000082900000, 0x0000000082900000|100%| O|  |TAMS 0x0000000082900000, 0x0000000082800000| Untracked 
|  41|0x0000000082900000, 0x0000000082a00000, 0x0000000082a00000|100%| O|  |TAMS 0x0000000082a00000, 0x0000000082900000| Untracked 
|  42|0x0000000082a00000, 0x0000000082b00000, 0x0000000082b00000|100%| O|  |TAMS 0x0000000082b00000, 0x0000000082a00000| Untracked 
|  43|0x0000000082b00000, 0x0000000082c00000, 0x0000000082c00000|100%| O|  |TAMS 0x0000000082c00000, 0x0000000082b00000| Untracked 
|  44|0x0000000082c00000, 0x0000000082d00000, 0x0000000082d00000|100%| O|  |TAMS 0x0000000082d00000, 0x0000000082c00000| Untracked 
|  45|0x0000000082d00000, 0x0000000082e00000, 0x0000000082e00000|100%| O|  |TAMS 0x0000000082e00000, 0x0000000082d00000| Untracked 
|  46|0x0000000082e00000, 0x0000000082f00000, 0x0000000082f00000|100%| O|  |TAMS 0x0000000082f00000, 0x0000000082e00000| Untracked 
|  47|0x0000000082f00000, 0x0000000083000000, 0x0000000083000000|100%| O|  |TAMS 0x0000000083000000, 0x0000000082f00000| Untracked 
|  48|0x0000000083000000, 0x0000000083100000, 0x0000000083100000|100%| O|  |TAMS 0x0000000083100000, 0x0000000083000000| Untracked 
|  49|0x0000000083100000, 0x0000000083200000, 0x0000000083200000|100%| O|  |TAMS 0x0000000083200000, 0x0000000083100000| Untracked 
|  50|0x0000000083200000, 0x0000000083300000, 0x0000000083300000|100%| O|  |TAMS 0x0000000083300000, 0x0000000083200000| Untracked 
|  51|0x0000000083300000, 0x0000000083400000, 0x0000000083400000|100%| O|  |TAMS 0x0000000083400000, 0x0000000083300000| Untracked 
|  52|0x0000000083400000, 0x0000000083500000, 0x0000000083500000|100%| O|  |TAMS 0x0000000083500000, 0x0000000083400000| Untracked 
|  53|0x0000000083500000, 0x0000000083600000, 0x0000000083600000|100%| O|  |TAMS 0x0000000083600000, 0x0000000083500000| Untracked 
|  54|0x0000000083600000, 0x0000000083700000, 0x0000000083700000|100%| O|  |TAMS 0x0000000083700000, 0x0000000083600000| Untracked 
|  55|0x0000000083700000, 0x0000000083800000, 0x0000000083800000|100%| O|  |TAMS 0x0000000083800000, 0x0000000083700000| Untracked 
|  56|0x0000000083800000, 0x0000000083900000, 0x0000000083900000|100%|HS|  |TAMS 0x0000000083900000, 0x0000000083800000| Complete 
|  57|0x0000000083900000, 0x0000000083a00000, 0x0000000083a00000|100%|HC|  |TAMS 0x0000000083a00000, 0x0000000083900000| Complete 
|  58|0x0000000083a00000, 0x0000000083b00000, 0x0000000083b00000|100%|HC|  |TAMS 0x0000000083b00000, 0x0000000083a00000| Complete 
|  59|0x0000000083b00000, 0x0000000083c00000, 0x0000000083c00000|100%|HS|  |TAMS 0x0000000083c00000, 0x0000000083b00000| Complete 
|  60|0x0000000083c00000, 0x0000000083d00000, 0x0000000083d00000|100%|HC|  |TAMS 0x0000000083d00000, 0x0000000083c00000| Complete 
|  61|0x0000000083d00000, 0x0000000083e00000, 0x0000000083e00000|100%|HC|  |TAMS 0x0000000083e00000, 0x0000000083d00000| Complete 
|  62|0x0000000083e00000, 0x0000000083f00000, 0x0000000083f00000|100%| O|  |TAMS 0x0000000083f00000, 0x0000000083e00000| Untracked 
|  63|0x0000000083f00000, 0x0000000084000000, 0x0000000084000000|100%| O|  |TAMS 0x0000000084000000, 0x0000000083f00000| Untracked 
|  64|0x0000000084000000, 0x0000000084100000, 0x0000000084100000|100%| O|  |TAMS 0x0000000084100000, 0x0000000084000000| Untracked 
|  65|0x0000000084100000, 0x0000000084200000, 0x0000000084200000|100%| O|  |TAMS 0x0000000084200000, 0x0000000084100000| Untracked 
|  66|0x0000000084200000, 0x0000000084300000, 0x0000000084300000|100%| O|  |TAMS 0x0000000084300000, 0x0000000084200000| Untracked 
|  67|0x0000000084300000, 0x0000000084400000, 0x0000000084400000|100%| O|  |TAMS 0x0000000084400000, 0x0000000084300000| Untracked 
|  68|0x0000000084400000, 0x0000000084500000, 0x0000000084500000|100%|HS|  |TAMS 0x0000000084500000, 0x0000000084400000| Complete 
|  69|0x0000000084500000, 0x0000000084600000, 0x0000000084600000|100%|HC|  |TAMS 0x0000000084600000, 0x0000000084500000| Complete 
|  70|0x0000000084600000, 0x0000000084700000, 0x0000000084700000|100%|HC|  |TAMS 0x0000000084700000, 0x0000000084600000| Complete 
|  71|0x0000000084700000, 0x0000000084800000, 0x0000000084800000|100%|HC|  |TAMS 0x0000000084800000, 0x0000000084700000| Complete 
|  72|0x0000000084800000, 0x0000000084900000, 0x0000000084900000|100%| O|  |TAMS 0x0000000084900000, 0x0000000084800000| Untracked 
|  73|0x0000000084900000, 0x0000000084a00000, 0x0000000084a00000|100%| O|  |TAMS 0x0000000084a00000, 0x0000000084900000| Untracked 
|  74|0x0000000084a00000, 0x0000000084b00000, 0x0000000084b00000|100%| O|  |TAMS 0x0000000084b00000, 0x0000000084a00000| Untracked 
|  75|0x0000000084b00000, 0x0000000084c00000, 0x0000000084c00000|100%| O|  |TAMS 0x0000000084c00000, 0x0000000084b00000| Untracked 
|  76|0x0000000084c00000, 0x0000000084d00000, 0x0000000084d00000|100%| O|  |TAMS 0x0000000084d00000, 0x0000000084c00000| Untracked 
|  77|0x0000000084d00000, 0x0000000084e00000, 0x0000000084e00000|100%| O|  |TAMS 0x0000000084e00000, 0x0000000084d00000| Untracked 
|  78|0x0000000084e00000, 0x0000000084f00000, 0x0000000084f00000|100%| O|  |TAMS 0x0000000084f00000, 0x0000000084e00000| Untracked 
|  79|0x0000000084f00000, 0x0000000085000000, 0x0000000085000000|100%| O|  |TAMS 0x0000000085000000, 0x0000000084f00000| Untracked 
|  80|0x0000000085000000, 0x0000000085100000, 0x0000000085100000|100%| O|  |TAMS 0x0000000085100000, 0x0000000085000000| Untracked 
|  81|0x0000000085100000, 0x0000000085200000, 0x0000000085200000|100%| O|  |TAMS 0x0000000085200000, 0x0000000085100000| Untracked 
|  82|0x0000000085200000, 0x0000000085300000, 0x0000000085300000|100%| O|  |TAMS 0x0000000085300000, 0x0000000085200000| Untracked 
|  83|0x0000000085300000, 0x0000000085400000, 0x0000000085400000|100%| O|  |TAMS 0x0000000085400000, 0x0000000085300000| Untracked 
|  84|0x0000000085400000, 0x0000000085500000, 0x0000000085500000|100%| O|  |TAMS 0x0000000085500000, 0x0000000085400000| Untracked 
|  85|0x0000000085500000, 0x0000000085600000, 0x0000000085600000|100%| O|  |TAMS 0x0000000085600000, 0x0000000085500000| Untracked 
|  86|0x0000000085600000, 0x0000000085700000, 0x0000000085700000|100%|HS|  |TAMS 0x0000000085700000, 0x0000000085600000| Complete 
|  87|0x0000000085700000, 0x0000000085800000, 0x0000000085800000|100%|HC|  |TAMS 0x0000000085800000, 0x0000000085700000| Complete 
|  88|0x0000000085800000, 0x0000000085900000, 0x0000000085900000|100%|HC|  |TAMS 0x0000000085900000, 0x0000000085800000| Complete 
|  89|0x0000000085900000, 0x0000000085a00000, 0x0000000085a00000|100%|HC|  |TAMS 0x0000000085a00000, 0x0000000085900000| Complete 
|  90|0x0000000085a00000, 0x0000000085b00000, 0x0000000085b00000|100%|HC|  |TAMS 0x0000000085b00000, 0x0000000085a00000| Complete 
|  91|0x0000000085b00000, 0x0000000085c00000, 0x0000000085c00000|100%|HC|  |TAMS 0x0000000085c00000, 0x0000000085b00000| Complete 
|  92|0x0000000085c00000, 0x0000000085d00000, 0x0000000085d00000|100%| O|  |TAMS 0x0000000085d00000, 0x0000000085c00000| Untracked 
|  93|0x0000000085d00000, 0x0000000085e00000, 0x0000000085e00000|100%| O|  |TAMS 0x0000000085e00000, 0x0000000085d00000| Untracked 
|  94|0x0000000085e00000, 0x0000000085f00000, 0x0000000085f00000|100%| O|  |TAMS 0x0000000085f00000, 0x0000000085e00000| Untracked 
|  95|0x0000000085f00000, 0x0000000086000000, 0x0000000086000000|100%| O|  |TAMS 0x0000000086000000, 0x0000000085f00000| Untracked 
|  96|0x0000000086000000, 0x0000000086100000, 0x0000000086100000|100%| O|  |TAMS 0x0000000086100000, 0x0000000086000000| Untracked 
|  97|0x0000000086100000, 0x0000000086200000, 0x0000000086200000|100%| O|  |TAMS 0x0000000086200000, 0x0000000086100000| Untracked 
|  98|0x0000000086200000, 0x0000000086300000, 0x0000000086300000|100%| O|  |TAMS 0x0000000086300000, 0x0000000086200000| Untracked 
|  99|0x0000000086300000, 0x0000000086400000, 0x0000000086400000|100%| O|  |TAMS 0x0000000086400000, 0x0000000086300000| Untracked 
| 100|0x0000000086400000, 0x0000000086500000, 0x0000000086500000|100%| O|  |TAMS 0x0000000086500000, 0x0000000086400000| Untracked 
| 101|0x0000000086500000, 0x0000000086600000, 0x0000000086600000|100%| O|  |TAMS 0x0000000086600000, 0x0000000086500000| Untracked 
| 102|0x0000000086600000, 0x0000000086700000, 0x0000000086700000|100%| O|  |TAMS 0x0000000086700000, 0x0000000086600000| Untracked 
| 103|0x0000000086700000, 0x0000000086700000, 0x0000000086800000|  0%| F|  |TAMS 0x0000000086700000, 0x0000000086700000| Untracked 
| 104|0x0000000086800000, 0x0000000086900000, 0x0000000086900000|100%|HS|  |TAMS 0x0000000086900000, 0x0000000086800000| Complete 
| 105|0x0000000086900000, 0x0000000086a00000, 0x0000000086a00000|100%| O|  |TAMS 0x0000000086a00000, 0x0000000086900000| Untracked 
| 106|0x0000000086a00000, 0x0000000086b00000, 0x0000000086b00000|100%| O|  |TAMS 0x0000000086b00000, 0x0000000086a00000| Untracked 
| 107|0x0000000086b00000, 0x0000000086c00000, 0x0000000086c00000|100%| O|  |TAMS 0x0000000086c00000, 0x0000000086b00000| Untracked 
| 108|0x0000000086c00000, 0x0000000086d00000, 0x0000000086d00000|100%|HS|  |TAMS 0x0000000086d00000, 0x0000000086c00000| Complete 
| 109|0x0000000086d00000, 0x0000000086e00000, 0x0000000086e00000|100%|HS|  |TAMS 0x0000000086e00000, 0x0000000086d00000| Complete 
| 110|0x0000000086e00000, 0x0000000086e00000, 0x0000000086f00000|  0%| F|  |TAMS 0x0000000086e00000, 0x0000000086e00000| Untracked 
| 111|0x0000000086f00000, 0x0000000087000000, 0x0000000087000000|100%| O|  |TAMS 0x0000000087000000, 0x0000000086f00000| Untracked 
| 112|0x0000000087000000, 0x0000000087100000, 0x0000000087100000|100%| O|  |TAMS 0x0000000087100000, 0x0000000087000000| Untracked 
| 113|0x0000000087100000, 0x0000000087200000, 0x0000000087200000|100%| O|  |TAMS 0x0000000087200000, 0x0000000087100000| Untracked 
| 114|0x0000000087200000, 0x0000000087200000, 0x0000000087300000|  0%| F|  |TAMS 0x0000000087200000, 0x0000000087200000| Untracked 
| 115|0x0000000087300000, 0x0000000087300000, 0x0000000087400000|  0%| F|  |TAMS 0x0000000087300000, 0x0000000087300000| Untracked 
| 116|0x0000000087400000, 0x0000000087400000, 0x0000000087500000|  0%| F|  |TAMS 0x0000000087400000, 0x0000000087400000| Untracked 
| 117|0x0000000087500000, 0x0000000087600000, 0x0000000087600000|100%| O|  |TAMS 0x0000000087500000, 0x0000000087500000| Untracked 
| 118|0x0000000087600000, 0x0000000087700000, 0x0000000087700000|100%| O|  |TAMS 0x0000000087600000, 0x0000000087600000| Untracked 
| 119|0x0000000087700000, 0x0000000087700000, 0x0000000087800000|  0%| F|  |TAMS 0x0000000087700000, 0x0000000087700000| Untracked 
| 120|0x0000000087800000, 0x0000000087800000, 0x0000000087900000|  0%| F|  |TAMS 0x0000000087800000, 0x0000000087800000| Untracked 
| 121|0x0000000087900000, 0x0000000087a00000, 0x0000000087a00000|100%| O|  |TAMS 0x0000000087a00000, 0x0000000087900000| Untracked 
| 122|0x0000000087a00000, 0x0000000087a00000, 0x0000000087b00000|  0%| F|  |TAMS 0x0000000087a00000, 0x0000000087a00000| Untracked 
| 123|0x0000000087b00000, 0x0000000087b00000, 0x0000000087c00000|  0%| F|  |TAMS 0x0000000087b00000, 0x0000000087b00000| Untracked 
| 124|0x0000000087c00000, 0x0000000087c00000, 0x0000000087d00000|  0%| F|  |TAMS 0x0000000087c00000, 0x0000000087c00000| Untracked 
| 125|0x0000000087d00000, 0x0000000087e00000, 0x0000000087e00000|100%| O|  |TAMS 0x0000000087d00000, 0x0000000087d00000| Untracked 
| 126|0x0000000087e00000, 0x0000000087e00000, 0x0000000087f00000|  0%| F|  |TAMS 0x0000000087e00000, 0x0000000087e00000| Untracked 
| 127|0x0000000087f00000, 0x0000000087f00000, 0x0000000088000000|  0%| F|  |TAMS 0x0000000087f00000, 0x0000000087f00000| Untracked 
| 128|0x0000000088000000, 0x0000000088000000, 0x0000000088100000|  0%| F|  |TAMS 0x0000000088000000, 0x0000000088000000| Untracked 
| 129|0x0000000088100000, 0x0000000088100000, 0x0000000088200000|  0%| F|  |TAMS 0x0000000088100000, 0x0000000088100000| Untracked 
| 130|0x0000000088200000, 0x0000000088200000, 0x0000000088300000|  0%| F|  |TAMS 0x0000000088200000, 0x0000000088200000| Untracked 
| 131|0x0000000088300000, 0x0000000088300000, 0x0000000088400000|  0%| F|  |TAMS 0x0000000088300000, 0x0000000088300000| Untracked 
| 132|0x0000000088400000, 0x0000000088500000, 0x0000000088500000|100%| O|  |TAMS 0x0000000088400000, 0x0000000088400000| Untracked 
| 133|0x0000000088500000, 0x0000000088500000, 0x0000000088600000|  0%| F|  |TAMS 0x0000000088500000, 0x0000000088500000| Untracked 
| 134|0x0000000088600000, 0x0000000088600000, 0x0000000088700000|  0%| F|  |TAMS 0x0000000088600000, 0x0000000088600000| Untracked 
| 135|0x0000000088700000, 0x0000000088800000, 0x0000000088800000|100%|HS|  |TAMS 0x0000000088800000, 0x0000000088700000| Complete 
| 136|0x0000000088800000, 0x0000000088900000, 0x0000000088900000|100%|HC|  |TAMS 0x0000000088900000, 0x0000000088800000| Complete 
| 137|0x0000000088900000, 0x0000000088a00000, 0x0000000088a00000|100%|HS|  |TAMS 0x0000000088a00000, 0x0000000088900000| Complete 
| 138|0x0000000088a00000, 0x0000000088b00000, 0x0000000088b00000|100%|HC|  |TAMS 0x0000000088b00000, 0x0000000088a00000| Complete 
| 139|0x0000000088b00000, 0x0000000088c00000, 0x0000000088c00000|100%|HC|  |TAMS 0x0000000088c00000, 0x0000000088b00000| Complete 
| 140|0x0000000088c00000, 0x0000000088d00000, 0x0000000088d00000|100%|HC|  |TAMS 0x0000000088d00000, 0x0000000088c00000| Complete 
| 141|0x0000000088d00000, 0x0000000088e00000, 0x0000000088e00000|100%| O|  |TAMS 0x0000000088e00000, 0x0000000088d00000| Untracked 
| 142|0x0000000088e00000, 0x0000000088f00000, 0x0000000088f00000|100%| O|  |TAMS 0x0000000088f00000, 0x0000000088e00000| Untracked 
| 143|0x0000000088f00000, 0x0000000089000000, 0x0000000089000000|100%| O|  |TAMS 0x0000000089000000, 0x0000000088f00000| Untracked 
| 144|0x0000000089000000, 0x0000000089100000, 0x0000000089100000|100%| O|  |TAMS 0x0000000089100000, 0x0000000089000000| Untracked 
| 145|0x0000000089100000, 0x0000000089200000, 0x0000000089200000|100%| O|  |TAMS 0x0000000089200000, 0x0000000089100000| Untracked 
| 146|0x0000000089200000, 0x0000000089300000, 0x0000000089300000|100%| O|  |TAMS 0x0000000089300000, 0x0000000089200000| Untracked 
| 147|0x0000000089300000, 0x0000000089400000, 0x0000000089400000|100%| O|  |TAMS 0x0000000089400000, 0x0000000089300000| Untracked 
| 148|0x0000000089400000, 0x0000000089500000, 0x0000000089500000|100%| O|  |TAMS 0x0000000089500000, 0x0000000089400000| Untracked 
| 149|0x0000000089500000, 0x0000000089600000, 0x0000000089600000|100%| O|  |TAMS 0x0000000089600000, 0x0000000089500000| Untracked 
| 150|0x0000000089600000, 0x0000000089700000, 0x0000000089700000|100%| O|  |TAMS 0x0000000089700000, 0x0000000089600000| Untracked 
| 151|0x0000000089700000, 0x0000000089800000, 0x0000000089800000|100%| O|  |TAMS 0x0000000089800000, 0x0000000089700000| Untracked 
| 152|0x0000000089800000, 0x0000000089900000, 0x0000000089900000|100%| O|  |TAMS 0x0000000089900000, 0x0000000089800000| Untracked 
| 153|0x0000000089900000, 0x0000000089a00000, 0x0000000089a00000|100%| O|  |TAMS 0x0000000089900000, 0x0000000089900000| Untracked 
| 154|0x0000000089a00000, 0x0000000089b00000, 0x0000000089b00000|100%| O|  |TAMS 0x0000000089a00000, 0x0000000089a00000| Untracked 
| 155|0x0000000089b00000, 0x0000000089c00000, 0x0000000089c00000|100%| O|  |TAMS 0x0000000089b00000, 0x0000000089b00000| Untracked 
| 156|0x0000000089c00000, 0x0000000089d00000, 0x0000000089d00000|100%| O|  |TAMS 0x0000000089c00000, 0x0000000089c00000| Untracked 
| 157|0x0000000089d00000, 0x0000000089e00000, 0x0000000089e00000|100%| O|  |TAMS 0x0000000089d00000, 0x0000000089d00000| Untracked 
| 158|0x0000000089e00000, 0x0000000089eba600, 0x0000000089f00000| 72%| O|  |TAMS 0x0000000089e00000, 0x0000000089e00000| Untracked 
| 159|0x0000000089f00000, 0x0000000089f00000, 0x000000008a000000|  0%| F|  |TAMS 0x0000000089f00000, 0x0000000089f00000| Untracked 
| 160|0x000000008a000000, 0x000000008a000000, 0x000000008a100000|  0%| F|  |TAMS 0x000000008a000000, 0x000000008a000000| Untracked 
| 161|0x000000008a100000, 0x000000008a100000, 0x000000008a200000|  0%| F|  |TAMS 0x000000008a100000, 0x000000008a100000| Untracked 
| 162|0x000000008a200000, 0x000000008a200000, 0x000000008a300000|  0%| F|  |TAMS 0x000000008a200000, 0x000000008a200000| Untracked 
| 163|0x000000008a300000, 0x000000008a300000, 0x000000008a400000|  0%| F|  |TAMS 0x000000008a300000, 0x000000008a300000| Untracked 
| 164|0x000000008a400000, 0x000000008a400000, 0x000000008a500000|  0%| F|  |TAMS 0x000000008a400000, 0x000000008a400000| Untracked 
| 165|0x000000008a500000, 0x000000008a500000, 0x000000008a600000|  0%| F|  |TAMS 0x000000008a500000, 0x000000008a500000| Untracked 
| 166|0x000000008a600000, 0x000000008a600000, 0x000000008a700000|  0%| F|  |TAMS 0x000000008a600000, 0x000000008a600000| Untracked 
| 167|0x000000008a700000, 0x000000008a700000, 0x000000008a800000|  0%| F|  |TAMS 0x000000008a700000, 0x000000008a700000| Untracked 
| 168|0x000000008a800000, 0x000000008a800000, 0x000000008a900000|  0%| F|  |TAMS 0x000000008a800000, 0x000000008a800000| Untracked 
| 169|0x000000008a900000, 0x000000008a900000, 0x000000008aa00000|  0%| F|  |TAMS 0x000000008a900000, 0x000000008a900000| Untracked 
| 170|0x000000008aa00000, 0x000000008aa00000, 0x000000008ab00000|  0%| F|  |TAMS 0x000000008aa00000, 0x000000008aa00000| Untracked 
| 171|0x000000008ab00000, 0x000000008ab00000, 0x000000008ac00000|  0%| F|  |TAMS 0x000000008ab00000, 0x000000008ab00000| Untracked 
| 172|0x000000008ac00000, 0x000000008ac00000, 0x000000008ad00000|  0%| F|  |TAMS 0x000000008ac00000, 0x000000008ac00000| Untracked 
| 173|0x000000008ad00000, 0x000000008ad00000, 0x000000008ae00000|  0%| F|  |TAMS 0x000000008ad00000, 0x000000008ad00000| Untracked 
| 174|0x000000008ae00000, 0x000000008ae00000, 0x000000008af00000|  0%| F|  |TAMS 0x000000008ae00000, 0x000000008ae00000| Untracked 
| 175|0x000000008af00000, 0x000000008af00000, 0x000000008b000000|  0%| F|  |TAMS 0x000000008af00000, 0x000000008af00000| Untracked 
| 176|0x000000008b000000, 0x000000008b000000, 0x000000008b100000|  0%| F|  |TAMS 0x000000008b000000, 0x000000008b000000| Untracked 
| 177|0x000000008b100000, 0x000000008b100000, 0x000000008b200000|  0%| F|  |TAMS 0x000000008b100000, 0x000000008b100000| Untracked 
| 178|0x000000008b200000, 0x000000008b200000, 0x000000008b300000|  0%| F|  |TAMS 0x000000008b200000, 0x000000008b200000| Untracked 
| 179|0x000000008b300000, 0x000000008b300000, 0x000000008b400000|  0%| F|  |TAMS 0x000000008b300000, 0x000000008b300000| Untracked 
| 180|0x000000008b400000, 0x000000008b400000, 0x000000008b500000|  0%| F|  |TAMS 0x000000008b400000, 0x000000008b400000| Untracked 
| 181|0x000000008b500000, 0x000000008b500000, 0x000000008b600000|  0%| F|  |TAMS 0x000000008b500000, 0x000000008b500000| Untracked 
| 182|0x000000008b600000, 0x000000008b600000, 0x000000008b700000|  0%| F|  |TAMS 0x000000008b600000, 0x000000008b600000| Untracked 
| 183|0x000000008b700000, 0x000000008b700000, 0x000000008b800000|  0%| F|  |TAMS 0x000000008b700000, 0x000000008b700000| Untracked 
| 184|0x000000008b800000, 0x000000008b800000, 0x000000008b900000|  0%| F|  |TAMS 0x000000008b800000, 0x000000008b800000| Untracked 
| 185|0x000000008b900000, 0x000000008b900000, 0x000000008ba00000|  0%| F|  |TAMS 0x000000008b900000, 0x000000008b900000| Untracked 
| 186|0x000000008ba00000, 0x000000008ba00000, 0x000000008bb00000|  0%| F|  |TAMS 0x000000008ba00000, 0x000000008ba00000| Untracked 
| 187|0x000000008bb00000, 0x000000008bb00000, 0x000000008bc00000|  0%| F|  |TAMS 0x000000008bb00000, 0x000000008bb00000| Untracked 
| 188|0x000000008bc00000, 0x000000008bc00000, 0x000000008bd00000|  0%| F|  |TAMS 0x000000008bc00000, 0x000000008bc00000| Untracked 
| 189|0x000000008bd00000, 0x000000008bd00000, 0x000000008be00000|  0%| F|  |TAMS 0x000000008bd00000, 0x000000008bd00000| Untracked 
| 190|0x000000008be00000, 0x000000008be00000, 0x000000008bf00000|  0%| F|  |TAMS 0x000000008be00000, 0x000000008be00000| Untracked 
| 191|0x000000008bf00000, 0x000000008bf00000, 0x000000008c000000|  0%| F|  |TAMS 0x000000008bf00000, 0x000000008bf00000| Untracked 
| 192|0x000000008c000000, 0x000000008c000000, 0x000000008c100000|  0%| F|  |TAMS 0x000000008c000000, 0x000000008c000000| Untracked 
| 193|0x000000008c100000, 0x000000008c100000, 0x000000008c200000|  0%| F|  |TAMS 0x000000008c100000, 0x000000008c100000| Untracked 
| 194|0x000000008c200000, 0x000000008c200000, 0x000000008c300000|  0%| F|  |TAMS 0x000000008c200000, 0x000000008c200000| Untracked 
| 195|0x000000008c300000, 0x000000008c300000, 0x000000008c400000|  0%| F|  |TAMS 0x000000008c300000, 0x000000008c300000| Untracked 
| 196|0x000000008c400000, 0x000000008c400000, 0x000000008c500000|  0%| F|  |TAMS 0x000000008c400000, 0x000000008c400000| Untracked 
| 197|0x000000008c500000, 0x000000008c500000, 0x000000008c600000|  0%| F|  |TAMS 0x000000008c500000, 0x000000008c500000| Untracked 
| 198|0x000000008c600000, 0x000000008c600000, 0x000000008c700000|  0%| F|  |TAMS 0x000000008c600000, 0x000000008c600000| Untracked 
| 199|0x000000008c700000, 0x000000008c7b0d88, 0x000000008c800000| 69%| S|CS|TAMS 0x000000008c700000, 0x000000008c700000| Complete 
| 200|0x000000008c800000, 0x000000008c900000, 0x000000008c900000|100%| S|CS|TAMS 0x000000008c800000, 0x000000008c800000| Complete 
| 201|0x000000008c900000, 0x000000008ca00000, 0x000000008ca00000|100%| S|CS|TAMS 0x000000008c900000, 0x000000008c900000| Complete 
| 202|0x000000008ca00000, 0x000000008cb00000, 0x000000008cb00000|100%| S|CS|TAMS 0x000000008ca00000, 0x000000008ca00000| Complete 
| 203|0x000000008cb00000, 0x000000008cb00000, 0x000000008cc00000|  0%| F|  |TAMS 0x000000008cb00000, 0x000000008cb00000| Untracked 
| 204|0x000000008cc00000, 0x000000008cc00000, 0x000000008cd00000|  0%| F|  |TAMS 0x000000008cc00000, 0x000000008cc00000| Untracked 
| 205|0x000000008cd00000, 0x000000008cd00000, 0x000000008ce00000|  0%| F|  |TAMS 0x000000008cd00000, 0x000000008cd00000| Untracked 
| 206|0x000000008ce00000, 0x000000008ce00000, 0x000000008cf00000|  0%| F|  |TAMS 0x000000008ce00000, 0x000000008ce00000| Untracked 
| 207|0x000000008cf00000, 0x000000008cf00000, 0x000000008d000000|  0%| F|  |TAMS 0x000000008cf00000, 0x000000008cf00000| Untracked 
| 208|0x000000008d000000, 0x000000008d000000, 0x000000008d100000|  0%| F|  |TAMS 0x000000008d000000, 0x000000008d000000| Untracked 
| 209|0x000000008d100000, 0x000000008d100000, 0x000000008d200000|  0%| F|  |TAMS 0x000000008d100000, 0x000000008d100000| Untracked 
| 210|0x000000008d200000, 0x000000008d200000, 0x000000008d300000|  0%| F|  |TAMS 0x000000008d200000, 0x000000008d200000| Untracked 
| 211|0x000000008d300000, 0x000000008d300000, 0x000000008d400000|  0%| F|  |TAMS 0x000000008d300000, 0x000000008d300000| Untracked 
| 212|0x000000008d400000, 0x000000008d400000, 0x000000008d500000|  0%| F|  |TAMS 0x000000008d400000, 0x000000008d400000| Untracked 
| 213|0x000000008d500000, 0x000000008d500000, 0x000000008d600000|  0%| F|  |TAMS 0x000000008d500000, 0x000000008d500000| Untracked 
| 214|0x000000008d600000, 0x000000008d600000, 0x000000008d700000|  0%| F|  |TAMS 0x000000008d600000, 0x000000008d600000| Untracked 
| 215|0x000000008d700000, 0x000000008d700000, 0x000000008d800000|  0%| F|  |TAMS 0x000000008d700000, 0x000000008d700000| Untracked 
| 216|0x000000008d800000, 0x000000008d800000, 0x000000008d900000|  0%| F|  |TAMS 0x000000008d800000, 0x000000008d800000| Untracked 
| 217|0x000000008d900000, 0x000000008d900000, 0x000000008da00000|  0%| F|  |TAMS 0x000000008d900000, 0x000000008d900000| Untracked 
| 218|0x000000008da00000, 0x000000008da00000, 0x000000008db00000|  0%| F|  |TAMS 0x000000008da00000, 0x000000008da00000| Untracked 
| 219|0x000000008db00000, 0x000000008db00000, 0x000000008dc00000|  0%| F|  |TAMS 0x000000008db00000, 0x000000008db00000| Untracked 
| 220|0x000000008dc00000, 0x000000008dc00000, 0x000000008dd00000|  0%| F|  |TAMS 0x000000008dc00000, 0x000000008dc00000| Untracked 
| 221|0x000000008dd00000, 0x000000008dd00000, 0x000000008de00000|  0%| F|  |TAMS 0x000000008dd00000, 0x000000008dd00000| Untracked 
| 222|0x000000008de00000, 0x000000008de00000, 0x000000008df00000|  0%| F|  |TAMS 0x000000008de00000, 0x000000008de00000| Untracked 
| 223|0x000000008df00000, 0x000000008df00000, 0x000000008e000000|  0%| F|  |TAMS 0x000000008df00000, 0x000000008df00000| Untracked 
| 224|0x000000008e000000, 0x000000008e000000, 0x000000008e100000|  0%| F|  |TAMS 0x000000008e000000, 0x000000008e000000| Untracked 
| 225|0x000000008e100000, 0x000000008e100000, 0x000000008e200000|  0%| F|  |TAMS 0x000000008e100000, 0x000000008e100000| Untracked 
| 226|0x000000008e200000, 0x000000008e200000, 0x000000008e300000|  0%| F|  |TAMS 0x000000008e200000, 0x000000008e200000| Untracked 
| 227|0x000000008e300000, 0x000000008e300000, 0x000000008e400000|  0%| F|  |TAMS 0x000000008e300000, 0x000000008e300000| Untracked 
| 228|0x000000008e400000, 0x000000008e400000, 0x000000008e500000|  0%| F|  |TAMS 0x000000008e400000, 0x000000008e400000| Untracked 
| 229|0x000000008e500000, 0x000000008e500000, 0x000000008e600000|  0%| F|  |TAMS 0x000000008e500000, 0x000000008e500000| Untracked 
| 230|0x000000008e600000, 0x000000008e600000, 0x000000008e700000|  0%| F|  |TAMS 0x000000008e600000, 0x000000008e600000| Untracked 
| 231|0x000000008e700000, 0x000000008e700000, 0x000000008e800000|  0%| F|  |TAMS 0x000000008e700000, 0x000000008e700000| Untracked 
| 232|0x000000008e800000, 0x000000008e800000, 0x000000008e900000|  0%| F|  |TAMS 0x000000008e800000, 0x000000008e800000| Untracked 
| 233|0x000000008e900000, 0x000000008e900000, 0x000000008ea00000|  0%| F|  |TAMS 0x000000008e900000, 0x000000008e900000| Untracked 
| 234|0x000000008ea00000, 0x000000008ea00000, 0x000000008eb00000|  0%| F|  |TAMS 0x000000008ea00000, 0x000000008ea00000| Untracked 
| 235|0x000000008eb00000, 0x000000008eb00000, 0x000000008ec00000|  0%| F|  |TAMS 0x000000008eb00000, 0x000000008eb00000| Untracked 
| 236|0x000000008ec00000, 0x000000008ec00000, 0x000000008ed00000|  0%| F|  |TAMS 0x000000008ec00000, 0x000000008ec00000| Untracked 
| 237|0x000000008ed00000, 0x000000008ed00000, 0x000000008ee00000|  0%| F|  |TAMS 0x000000008ed00000, 0x000000008ed00000| Untracked 
| 238|0x000000008ee00000, 0x000000008ee00000, 0x000000008ef00000|  0%| F|  |TAMS 0x000000008ee00000, 0x000000008ee00000| Untracked 
| 239|0x000000008ef00000, 0x000000008ef00000, 0x000000008f000000|  0%| F|  |TAMS 0x000000008ef00000, 0x000000008ef00000| Untracked 
| 240|0x000000008f000000, 0x000000008f000000, 0x000000008f100000|  0%| F|  |TAMS 0x000000008f000000, 0x000000008f000000| Untracked 
| 241|0x000000008f100000, 0x000000008f100000, 0x000000008f200000|  0%| F|  |TAMS 0x000000008f100000, 0x000000008f100000| Untracked 
| 242|0x000000008f200000, 0x000000008f200000, 0x000000008f300000|  0%| F|  |TAMS 0x000000008f200000, 0x000000008f200000| Untracked 
| 243|0x000000008f300000, 0x000000008f300000, 0x000000008f400000|  0%| F|  |TAMS 0x000000008f300000, 0x000000008f300000| Untracked 
| 244|0x000000008f400000, 0x000000008f400000, 0x000000008f500000|  0%| F|  |TAMS 0x000000008f400000, 0x000000008f400000| Untracked 
| 245|0x000000008f500000, 0x000000008f500000, 0x000000008f600000|  0%| F|  |TAMS 0x000000008f500000, 0x000000008f500000| Untracked 
| 246|0x000000008f600000, 0x000000008f600000, 0x000000008f700000|  0%| F|  |TAMS 0x000000008f600000, 0x000000008f600000| Untracked 
| 247|0x000000008f700000, 0x000000008f700000, 0x000000008f800000|  0%| F|  |TAMS 0x000000008f700000, 0x000000008f700000| Untracked 
| 248|0x000000008f800000, 0x000000008f800000, 0x000000008f900000|  0%| F|  |TAMS 0x000000008f800000, 0x000000008f800000| Untracked 
| 249|0x000000008f900000, 0x000000008f900000, 0x000000008fa00000|  0%| F|  |TAMS 0x000000008f900000, 0x000000008f900000| Untracked 
| 250|0x000000008fa00000, 0x000000008fa00000, 0x000000008fb00000|  0%| F|  |TAMS 0x000000008fa00000, 0x000000008fa00000| Untracked 
| 251|0x000000008fb00000, 0x000000008fb00000, 0x000000008fc00000|  0%| F|  |TAMS 0x000000008fb00000, 0x000000008fb00000| Untracked 
| 252|0x000000008fc00000, 0x000000008fc00000, 0x000000008fd00000|  0%| F|  |TAMS 0x000000008fc00000, 0x000000008fc00000| Untracked 
| 253|0x000000008fd00000, 0x000000008fd00000, 0x000000008fe00000|  0%| F|  |TAMS 0x000000008fd00000, 0x000000008fd00000| Untracked 
| 254|0x000000008fe00000, 0x000000008fe00000, 0x000000008ff00000|  0%| F|  |TAMS 0x000000008fe00000, 0x000000008fe00000| Untracked 
| 255|0x000000008ff00000, 0x000000008ff00000, 0x0000000090000000|  0%| F|  |TAMS 0x000000008ff00000, 0x000000008ff00000| Untracked 
| 256|0x0000000090000000, 0x0000000090000000, 0x0000000090100000|  0%| F|  |TAMS 0x0000000090000000, 0x0000000090000000| Untracked 
| 257|0x0000000090100000, 0x0000000090100000, 0x0000000090200000|  0%| F|  |TAMS 0x0000000090100000, 0x0000000090100000| Untracked 
| 258|0x0000000090200000, 0x0000000090200000, 0x0000000090300000|  0%| F|  |TAMS 0x0000000090200000, 0x0000000090200000| Untracked 
| 259|0x0000000090300000, 0x0000000090300000, 0x0000000090400000|  0%| F|  |TAMS 0x0000000090300000, 0x0000000090300000| Untracked 
| 260|0x0000000090400000, 0x0000000090400000, 0x0000000090500000|  0%| F|  |TAMS 0x0000000090400000, 0x0000000090400000| Untracked 
| 261|0x0000000090500000, 0x0000000090500000, 0x0000000090600000|  0%| F|  |TAMS 0x0000000090500000, 0x0000000090500000| Untracked 
| 262|0x0000000090600000, 0x0000000090600000, 0x0000000090700000|  0%| F|  |TAMS 0x0000000090600000, 0x0000000090600000| Untracked 
| 263|0x0000000090700000, 0x0000000090700000, 0x0000000090800000|  0%| F|  |TAMS 0x0000000090700000, 0x0000000090700000| Untracked 
| 264|0x0000000090800000, 0x0000000090800000, 0x0000000090900000|  0%| F|  |TAMS 0x0000000090800000, 0x0000000090800000| Untracked 
| 265|0x0000000090900000, 0x0000000090900000, 0x0000000090a00000|  0%| F|  |TAMS 0x0000000090900000, 0x0000000090900000| Untracked 
| 266|0x0000000090a00000, 0x0000000090a00000, 0x0000000090b00000|  0%| F|  |TAMS 0x0000000090a00000, 0x0000000090a00000| Untracked 
| 267|0x0000000090b00000, 0x0000000090b00000, 0x0000000090c00000|  0%| F|  |TAMS 0x0000000090b00000, 0x0000000090b00000| Untracked 
| 268|0x0000000090c00000, 0x0000000090c00000, 0x0000000090d00000|  0%| F|  |TAMS 0x0000000090c00000, 0x0000000090c00000| Untracked 
| 269|0x0000000090d00000, 0x0000000090d00000, 0x0000000090e00000|  0%| F|  |TAMS 0x0000000090d00000, 0x0000000090d00000| Untracked 
| 270|0x0000000090e00000, 0x0000000090e00000, 0x0000000090f00000|  0%| F|  |TAMS 0x0000000090e00000, 0x0000000090e00000| Untracked 
| 271|0x0000000090f00000, 0x0000000090f00000, 0x0000000091000000|  0%| F|  |TAMS 0x0000000090f00000, 0x0000000090f00000| Untracked 
| 272|0x0000000091000000, 0x0000000091000000, 0x0000000091100000|  0%| F|  |TAMS 0x0000000091000000, 0x0000000091000000| Untracked 
| 273|0x0000000091100000, 0x0000000091100000, 0x0000000091200000|  0%| F|  |TAMS 0x0000000091100000, 0x0000000091100000| Untracked 
| 274|0x0000000091200000, 0x0000000091200000, 0x0000000091300000|  0%| F|  |TAMS 0x0000000091200000, 0x0000000091200000| Untracked 
| 275|0x0000000091300000, 0x0000000091300000, 0x0000000091400000|  0%| F|  |TAMS 0x0000000091300000, 0x0000000091300000| Untracked 
| 276|0x0000000091400000, 0x0000000091400000, 0x0000000091500000|  0%| F|  |TAMS 0x0000000091400000, 0x0000000091400000| Untracked 
| 277|0x0000000091500000, 0x0000000091500000, 0x0000000091600000|  0%| F|  |TAMS 0x0000000091500000, 0x0000000091500000| Untracked 
| 278|0x0000000091600000, 0x0000000091600000, 0x0000000091700000|  0%| F|  |TAMS 0x0000000091600000, 0x0000000091600000| Untracked 
| 279|0x0000000091700000, 0x0000000091700000, 0x0000000091800000|  0%| F|  |TAMS 0x0000000091700000, 0x0000000091700000| Untracked 
| 280|0x0000000091800000, 0x0000000091800000, 0x0000000091900000|  0%| F|  |TAMS 0x0000000091800000, 0x0000000091800000| Untracked 
| 281|0x0000000091900000, 0x0000000091900000, 0x0000000091a00000|  0%| F|  |TAMS 0x0000000091900000, 0x0000000091900000| Untracked 
| 282|0x0000000091a00000, 0x0000000091a00000, 0x0000000091b00000|  0%| F|  |TAMS 0x0000000091a00000, 0x0000000091a00000| Untracked 
| 283|0x0000000091b00000, 0x0000000091b00000, 0x0000000091c00000|  0%| F|  |TAMS 0x0000000091b00000, 0x0000000091b00000| Untracked 
| 284|0x0000000091c00000, 0x0000000091c00000, 0x0000000091d00000|  0%| F|  |TAMS 0x0000000091c00000, 0x0000000091c00000| Untracked 

Card table byte_map: [0x0000021170670000,0x0000021170a70000] _byte_map_base: 0x0000021170270000

Marking Bits (Prev, Next): (CMBitMap*) 0x00000211596ff340, (CMBitMap*) 0x00000211596ff300
 Prev Bits: [0x0000021172e70000, 0x0000021174e70000)
 Next Bits: [0x0000021170e70000, 0x0000021172e70000)

Polling page: 0x0000021157690000

Metaspace:

Usage:
  Non-class:    109.06 MB used.
      Class:     15.82 MB used.
       Both:    124.88 MB used.

Virtual space:
  Non-class space:      128.00 MB reserved,     109.50 MB ( 86%) committed,  2 nodes.
      Class space:        1.00 GB reserved,      16.19 MB (  2%) committed,  1 nodes.
             Both:        1.12 GB reserved,     125.69 MB ( 11%) committed. 

Chunk freelists:
   Non-Class:  2.47 MB
       Class:  15.86 MB
        Both:  18.33 MB

MaxMetaspaceSize: unlimited
CompressedClassSpaceSize: 1.00 GB
Initial GC threshold: 21.00 MB
Current GC threshold: 193.56 MB
CDS: on
MetaspaceReclaimPolicy: balanced
 - commit_granule_bytes: 65536.
 - commit_granule_words: 8192.
 - virtual_space_node_default_size: 8388608.
 - enlarge_chunks_in_place: 1.
 - new_chunks_are_fully_committed: 0.
 - uncommit_free_chunks: 1.
 - use_allocation_guard: 0.
 - handle_deallocations: 1.


Internal statistics:

num_allocs_failed_limit: 6.
num_arena_births: 982.
num_arena_deaths: 0.
num_vsnodes_births: 3.
num_vsnodes_deaths: 0.
num_space_committed: 2009.
num_space_uncommitted: 0.
num_chunks_returned_to_freelist: 6.
num_chunks_taken_from_freelist: 5653.
num_chunk_merges: 6.
num_chunk_splits: 4292.
num_chunks_enlarged: 3444.
num_inconsistent_stats: 0.

CodeHeap 'non-profiled nmethods': size=120000Kb used=7007Kb max_used=7007Kb free=112992Kb
 bounds [0x0000021168d40000, 0x0000021169420000, 0x0000021170270000]
CodeHeap 'profiled nmethods': size=120000Kb used=27397Kb max_used=27397Kb free=92602Kb
 bounds [0x0000021161270000, 0x0000021162d40000, 0x00000211687a0000]
CodeHeap 'non-nmethods': size=5760Kb used=2536Kb max_used=2611Kb free=3223Kb
 bounds [0x00000211687a0000, 0x0000021168a40000, 0x0000021168d40000]
 total_blobs=13473 nmethods=12377 adapters=1006
 compilation: enabled
              stopped_count=0, restarted_count=0
 full_count=0

Compilation events (20 events):
Event: 52.658 Thread 0x000002117732af40 13866       3       kotlinx.metadata.impl.WritersKt$writeFunction$1::visitEnd (65 bytes)
Event: 52.660 Thread 0x000002117732af40 nmethod 13866 0x0000021162d29f90 code [0x0000021162d2a200, 0x0000021162d2aba8]
Event: 52.660 Thread 0x000002117732af40 13870       3       kotlinx.metadata.internal.metadata.ProtoBuf$Function$Builder::<init> (84 bytes)
Event: 52.661 Thread 0x000002117732af40 nmethod 13870 0x0000021162d2b010 code [0x0000021162d2b280, 0x0000021162d2bdb8]
Event: 52.661 Thread 0x000002117732af40 13862       3       kotlinx.metadata.impl.WritersKt$writeFunction$1::visitReturnType (20 bytes)
Event: 52.662 Thread 0x000002117732af40 nmethod 13862 0x0000021162d2c090 code [0x0000021162d2c260, 0x0000021162d2c5e8]
Event: 52.662 Thread 0x000002117732af40 13863       3       kotlinx.metadata.impl.WritersKt$writeFunction$1$visitReturnType$1::<init> (11 bytes)
Event: 52.662 Thread 0x000002117732af40 nmethod 13863 0x0000021162d2c790 code [0x0000021162d2c940, 0x0000021162d2cb78]
Event: 52.662 Thread 0x000002117732af40 13860       3       kotlinx.metadata.impl.WritersKt$writeFunction$1$visitReceiverParameterType$1::invoke (22 bytes)
Event: 52.663 Thread 0x000002117732af40 nmethod 13860 0x0000021162d2cc90 code [0x0000021162d2cf00, 0x0000021162d2d8f8]
Event: 52.663 Thread 0x000002117732af40 13861       3       kotlinx.metadata.internal.metadata.ProtoBuf$Function$Builder::setReceiverType (30 bytes)
Event: 52.664 Thread 0x000002117732af40 nmethod 13861 0x0000021162d2dd10 code [0x0000021162d2dec0, 0x0000021162d2e128]
Event: 52.664 Thread 0x000002117732af40 13864       3       kotlinx.metadata.impl.WritersKt$writeFunction$1$visitReturnType$1::invoke (12 bytes)
Event: 52.665 Thread 0x000002117732af40 nmethod 13864 0x0000021162d2e210 code [0x0000021162d2e4a0, 0x0000021162d2f018]
Event: 52.665 Thread 0x000002117732af40 13865       3       kotlinx.metadata.jvm.JvmFunctionExtensionVisitor::<init> (10 bytes)
Event: 52.666 Thread 0x000002117732af40 nmethod 13865 0x0000021162d2f490 code [0x0000021162d2f620, 0x0000021162d2f7d8]
Event: 52.666 Thread 0x000002117732af40 13871       3       org.gradle.kotlin.dsl.support.bytecode.KotlinMetadataKt$actionTypeOf$1::invoke (12 bytes)
Event: 52.666 Thread 0x000002117732af40 nmethod 13871 0x0000021162d2f890 code [0x0000021162d2fa40, 0x0000021162d2fc88]
Event: 52.666 Thread 0x000002117732af40 13872       3       org.gradle.kotlin.dsl.support.bytecode.KotlinMetadataKt$actionTypeOf$1::invoke (57 bytes)
Event: 52.668 Thread 0x000002117732af40 nmethod 13872 0x0000021162d2fd90 code [0x0000021162d30080, 0x0000021162d30e88]

GC Heap History (20 events):
Event: 31.593 GC heap after
{Heap after GC invocations=39 (full 0):
 garbage-first heap   total 242688K, used 123237K [0x0000000080000000, 0x0000000100000000)
  region size 1024K, 10 young (10240K), 10 survivors (10240K)
 Metaspace       used 98540K, committed 99200K, reserved 1179648K
  class space    used 12631K, committed 12928K, reserved 1048576K
}
Event: 31.682 GC heap before
{Heap before GC invocations=39 (full 0):
 garbage-first heap   total 242688K, used 124261K [0x0000000080000000, 0x0000000100000000)
  region size 1024K, 11 young (11264K), 10 survivors (10240K)
 Metaspace       used 98566K, committed 99200K, reserved 1179648K
  class space    used 12631K, committed 12928K, reserved 1048576K
}
Event: 31.707 GC heap after
{Heap after GC invocations=40 (full 0):
 garbage-first heap   total 242688K, used 123997K [0x0000000080000000, 0x0000000100000000)
  region size 1024K, 2 young (2048K), 2 survivors (2048K)
 Metaspace       used 98566K, committed 99200K, reserved 1179648K
  class space    used 12631K, committed 12928K, reserved 1048576K
}
Event: 33.763 GC heap before
{Heap before GC invocations=40 (full 0):
 garbage-first heap   total 242688K, used 197725K [0x0000000080000000, 0x0000000100000000)
  region size 1024K, 73 young (74752K), 2 survivors (2048K)
 Metaspace       used 102407K, committed 103104K, reserved 1179648K
  class space    used 13198K, committed 13504K, reserved 1048576K
}
Event: 33.780 GC heap after
{Heap after GC invocations=41 (full 0):
 garbage-first heap   total 242688K, used 132015K [0x0000000080000000, 0x0000000100000000)
  region size 1024K, 10 young (10240K), 10 survivors (10240K)
 Metaspace       used 102407K, committed 103104K, reserved 1179648K
  class space    used 13198K, committed 13504K, reserved 1048576K
}
Event: 35.947 GC heap before
{Heap before GC invocations=42 (full 0):
 garbage-first heap   total 261120K, used 195503K [0x0000000080000000, 0x0000000100000000)
  region size 1024K, 72 young (73728K), 10 survivors (10240K)
 Metaspace       used 103331K, committed 104064K, reserved 1179648K
  class space    used 13241K, committed 13568K, reserved 1048576K
}
Event: 35.972 GC heap after
{Heap after GC invocations=43 (full 0):
 garbage-first heap   total 261120K, used 137486K [0x0000000080000000, 0x0000000100000000)
  region size 1024K, 7 young (7168K), 7 survivors (7168K)
 Metaspace       used 103331K, committed 104064K, reserved 1179648K
  class space    used 13241K, committed 13568K, reserved 1048576K
}
Event: 36.225 GC heap before
{Heap before GC invocations=43 (full 0):
 garbage-first heap   total 261120K, used 141582K [0x0000000080000000, 0x0000000100000000)
  region size 1024K, 12 young (12288K), 7 survivors (7168K)
 Metaspace       used 103972K, committed 104704K, reserved 1179648K
  class space    used 13286K, committed 13632K, reserved 1048576K
}
Event: 36.240 GC heap after
{Heap after GC invocations=44 (full 0):
 garbage-first heap   total 261120K, used 136413K [0x0000000080000000, 0x0000000100000000)
  region size 1024K, 2 young (2048K), 2 survivors (2048K)
 Metaspace       used 103972K, committed 104704K, reserved 1179648K
  class space    used 13286K, committed 13632K, reserved 1048576K
}
Event: 46.058 GC heap before
{Heap before GC invocations=44 (full 0):
 garbage-first heap   total 261120K, used 220381K [0x0000000080000000, 0x0000000100000000)
  region size 1024K, 75 young (76800K), 2 survivors (2048K)
 Metaspace       used 108184K, committed 108928K, reserved 1179648K
  class space    used 13765K, committed 14080K, reserved 1048576K
}
Event: 46.073 GC heap after
{Heap after GC invocations=45 (full 0):
 garbage-first heap   total 261120K, used 156625K [0x0000000080000000, 0x0000000100000000)
  region size 1024K, 10 young (10240K), 10 survivors (10240K)
 Metaspace       used 108184K, committed 108928K, reserved 1179648K
  class space    used 13765K, committed 14080K, reserved 1048576K
}
Event: 48.032 GC heap before
{Heap before GC invocations=45 (full 0):
 garbage-first heap   total 261120K, used 211921K [0x0000000080000000, 0x0000000100000000)
  region size 1024K, 64 young (65536K), 10 survivors (10240K)
 Metaspace       used 116556K, committed 117312K, reserved 1179648K
  class space    used 14813K, committed 15168K, reserved 1048576K
}
Event: 48.052 GC heap after
{Heap after GC invocations=46 (full 0):
 garbage-first heap   total 261120K, used 159624K [0x0000000080000000, 0x0000000100000000)
  region size 1024K, 3 young (3072K), 3 survivors (3072K)
 Metaspace       used 116556K, committed 117312K, reserved 1179648K
  class space    used 14813K, committed 15168K, reserved 1048576K
}
Event: 48.367 GC heap before
{Heap before GC invocations=46 (full 0):
 garbage-first heap   total 261120K, used 164744K [0x0000000080000000, 0x0000000100000000)
  region size 1024K, 9 young (9216K), 3 survivors (3072K)
 Metaspace       used 118081K, committed 118912K, reserved 1179648K
  class space    used 14982K, committed 15360K, reserved 1048576K
}
Event: 48.378 GC heap after
{Heap after GC invocations=47 (full 0):
 garbage-first heap   total 261120K, used 160652K [0x0000000080000000, 0x0000000100000000)
  region size 1024K, 4 young (4096K), 4 survivors (4096K)
 Metaspace       used 118081K, committed 118912K, reserved 1179648K
  class space    used 14982K, committed 15360K, reserved 1048576K
}
Event: 50.121 GC heap before
{Heap before GC invocations=48 (full 0):
 garbage-first heap   total 291840K, used 220044K [0x0000000080000000, 0x0000000100000000)
  region size 1024K, 60 young (61440K), 4 survivors (4096K)
 Metaspace       used 122319K, committed 123072K, reserved 1179648K
  class space    used 15559K, committed 15936K, reserved 1048576K
}
Event: 50.137 GC heap after
{Heap after GC invocations=49 (full 0):
 garbage-first heap   total 291840K, used 160955K [0x0000000080000000, 0x0000000100000000)
  region size 1024K, 8 young (8192K), 8 survivors (8192K)
 Metaspace       used 122319K, committed 123072K, reserved 1179648K
  class space    used 15559K, committed 15936K, reserved 1048576K
}
Event: 50.360 GC heap before
{Heap before GC invocations=49 (full 0):
 garbage-first heap   total 291840K, used 167099K [0x0000000080000000, 0x0000000100000000)
  region size 1024K, 14 young (14336K), 8 survivors (8192K)
 Metaspace       used 122996K, committed 123776K, reserved 1179648K
  class space    used 15650K, committed 16000K, reserved 1048576K
}
Event: 50.381 GC heap after
{Heap after GC invocations=50 (full 0):
 garbage-first heap   total 291840K, used 145473K [0x0000000080000000, 0x0000000100000000)
  region size 1024K, 2 young (2048K), 2 survivors (2048K)
 Metaspace       used 122996K, committed 123776K, reserved 1179648K
  class space    used 15650K, committed 16000K, reserved 1048576K
}
Event: 52.683 GC heap before
{Heap before GC invocations=50 (full 0):
 garbage-first heap   total 291840K, used 228417K [0x0000000080000000, 0x0000000100000000)
  region size 1024K, 82 young (83968K), 2 survivors (2048K)
 Metaspace       used 127873K, committed 128704K, reserved 1179648K
  class space    used 16198K, committed 16576K, reserved 1048576K
}

Dll operation events (12 events):
Event: 0.040 Loaded shared library C:\Program Files\Zulu\zulu-17\bin\java.dll
Event: 0.077 Loaded shared library C:\Program Files\Zulu\zulu-17\bin\jsvml.dll
Event: 0.170 Loaded shared library C:\Program Files\Zulu\zulu-17\bin\net.dll
Event: 0.173 Loaded shared library C:\Program Files\Zulu\zulu-17\bin\nio.dll
Event: 0.182 Loaded shared library C:\Program Files\Zulu\zulu-17\bin\zip.dll
Event: 0.416 Loaded shared library C:\Program Files\Zulu\zulu-17\bin\jimage.dll
Event: 0.562 Loaded shared library C:\Program Files\Zulu\zulu-17\bin\verify.dll
Event: 0.896 Loaded shared library D:\DOWNLOADS\JetPlayer\native\68d5fa5c4cc2d200863cafc0d521ce42e7d3e7ee720ec0a83991735586a16f82\windows-amd64\native-platform.dll
Event: 0.905 Loaded shared library D:\DOWNLOADS\JetPlayer\native\e376f236ea51e6404a007f0833ffe2c6e607c4080706a723a18a27aeea778392\windows-amd64\native-platform-file-events.dll
Event: 2.323 Loaded shared library C:\Program Files\Zulu\zulu-17\bin\management.dll
Event: 2.329 Loaded shared library C:\Program Files\Zulu\zulu-17\bin\management_ext.dll
Event: 3.274 Loaded shared library C:\Program Files\Zulu\zulu-17\bin\sunmscapi.dll

Deoptimization events (20 events):
Event: 51.356 Thread 0x000002117dc128c0 Uncommon trap: trap_request=0xffffffde fr.pc=0x0000021168ffd834 relative=0x0000000000002a14
Event: 51.356 Thread 0x000002117dc128c0 Uncommon trap: reason=class_check action=maybe_recompile pc=0x0000021168ffd834 method=org.jetbrains.org.objectweb.asm.ClassReader.readElementValue(Lorg/jetbrains/org/objectweb/asm/AnnotationVisitor;ILjava/lang/String;[C)I @ 1022 c2
Event: 51.356 Thread 0x000002117dc128c0 DEOPT PACKING pc=0x0000021168ffd834 sp=0x00000047d08f5e60
Event: 51.356 Thread 0x000002117dc128c0 DEOPT UNPACKING pc=0x00000211687f69a3 sp=0x00000047d08f5e00 mode 2
Event: 51.359 Thread 0x000002117dc128c0 Uncommon trap: trap_request=0xffffff45 fr.pc=0x0000021169265db8 relative=0x00000000000077b8
Event: 51.359 Thread 0x000002117dc128c0 Uncommon trap: reason=unstable_if action=reinterpret pc=0x0000021169265db8 method=org.jetbrains.org.objectweb.asm.ClassReader.accept(Lorg/jetbrains/org/objectweb/asm/ClassVisitor;[Lorg/jetbrains/org/objectweb/asm/Attribute;I)V @ 400 c2
Event: 51.359 Thread 0x000002117dc128c0 DEOPT PACKING pc=0x0000021169265db8 sp=0x00000047d08f5f20
Event: 51.359 Thread 0x000002117dc128c0 DEOPT UNPACKING pc=0x00000211687f69a3 sp=0x00000047d08f5fc8 mode 2
Event: 51.613 Thread 0x000002117dc128c0 Uncommon trap: trap_request=0xffffff45 fr.pc=0x000002116915b9f4 relative=0x0000000000000074
Event: 51.613 Thread 0x000002117dc128c0 Uncommon trap: reason=unstable_if action=reinterpret pc=0x000002116915b9f4 method=org.jetbrains.org.objectweb.asm.ClassVisitor.visitMethod(ILjava/lang/String;Ljava/lang/String;Ljava/lang/String;[Ljava/lang/String;)Lorg/jetbrains/org/objectweb/asm/MethodVi
Event: 51.613 Thread 0x000002117dc128c0 DEOPT PACKING pc=0x000002116915b9f4 sp=0x00000047d08f6180
Event: 51.613 Thread 0x000002117dc128c0 DEOPT UNPACKING pc=0x00000211687f69a3 sp=0x00000047d08f6140 mode 2
Event: 51.759 Thread 0x000002117dc128c0 DEOPT PACKING pc=0x0000021162b7f1c5 sp=0x00000047d08f5b40
Event: 51.759 Thread 0x000002117dc128c0 DEOPT UNPACKING pc=0x00000211687f7143 sp=0x00000047d08f5050 mode 0
Event: 51.767 Thread 0x000002117dc128c0 DEOPT PACKING pc=0x0000021162b7f1c5 sp=0x00000047d08f5b40
Event: 51.767 Thread 0x000002117dc128c0 DEOPT UNPACKING pc=0x00000211687f7143 sp=0x00000047d08f5050 mode 0
Event: 51.778 Thread 0x000002117dc128c0 DEOPT PACKING pc=0x0000021162b7f1c5 sp=0x00000047d08f5b70
Event: 51.778 Thread 0x000002117dc128c0 DEOPT UNPACKING pc=0x00000211687f7143 sp=0x00000047d08f5080 mode 0
Event: 52.524 Thread 0x000002117dc128c0 DEOPT PACKING pc=0x0000021162c12964 sp=0x00000047d08f60e0
Event: 52.524 Thread 0x000002117dc128c0 DEOPT UNPACKING pc=0x00000211687f7143 sp=0x00000047d08f55f8 mode 0

Classes unloaded (0 events):
No events

Classes redefined (0 events):
No events

Internal exceptions (20 events):
Event: 50.101 Thread 0x000002117dc128c0 Exception <a 'java/lang/NoSuchMethodError'{0x000000008e15cc50}: static Lorg/jetbrains/kotlin/gradle/plugin/internal/CompatibilityConventionRegistrarG80$Factory;.<clinit>()V> (0x000000008e15cc50) 
thrown [s\src\hotspot\share\prims\jni.cpp, line 1107]
Event: 50.105 Thread 0x000002117dc128c0 Exception <a 'java/lang/NoSuchMethodError'{0x000000008e17c988}: static Lorg/jetbrains/kotlin/gradle/plugin/internal/DefaultArtifactTypeAttributeAccessorVariantFactory;.<clinit>()V> (0x000000008e17c988) 
thrown [s\src\hotspot\share\prims\jni.cpp, line 1107]
Event: 50.108 Thread 0x000002117dc128c0 Exception <a 'java/lang/NoSuchMethodError'{0x000000008e1968a0}: static Lorg/jetbrains/kotlin/gradle/plugin/internal/MavenPluginConfigurator$DefaultMavenPluginConfiguratorVariantFactory;.<clinit>()V> (0x000000008e1968a0) 
thrown [s\src\hotspot\share\prims\jni.cpp, line 1107]
Event: 50.111 Thread 0x000002117dc128c0 Exception <a 'java/lang/NoSuchMethodError'{0x000000008e1afb98}: static Lorg/jetbrains/kotlin/gradle/plugin/internal/DefaultJavaSourceSetsAccessorVariantFactory;.<clinit>()V> (0x000000008e1afb98) 
thrown [s\src\hotspot\share\prims\jni.cpp, line 1107]
Event: 50.114 Thread 0x000002117dc128c0 Exception <a 'java/lang/NoSuchMethodError'{0x000000008e1c8728}: static Lorg/jetbrains/kotlin/gradle/targets/js/nodejs/DefaultUnameExecutorVariantFactory;.<clinit>()V> (0x000000008e1c8728) 
thrown [s\src\hotspot\share\prims\jni.cpp, line 1107]
Event: 50.117 Thread 0x000002117dc128c0 Exception <a 'java/lang/NoSuchMethodError'{0x000000008e1e1a60}: static Lorg/jetbrains/kotlin/gradle/plugin/internal/DefaultBasePluginConfigurationVariantFactory;.<clinit>()V> (0x000000008e1e1a60) 
thrown [s\src\hotspot\share\prims\jni.cpp, line 1107]
Event: 50.121 Thread 0x000002117dc128c0 Exception <a 'java/lang/NoSuchMethodError'{0x000000008e1fa690}: static Lorg/jetbrains/kotlin/gradle/plugin/internal/DefaultIdeaSyncDetectorVariantFactory;.<clinit>()V> (0x000000008e1fa690) 
thrown [s\src\hotspot\share\prims\jni.cpp, line 1107]
Event: 50.140 Thread 0x000002117dc128c0 Exception <a 'java/lang/NoSuchMethodError'{0x0000000091c14410}: static Lorg/jetbrains/kotlin/gradle/plugin/internal/DefaultKotlinTestReportCompatibilityHelperVariantFactory;.<clinit>()V> (0x0000000091c14410) 
thrown [s\src\hotspot\share\prims\jni.cpp, line 1107]
Event: 50.965 Thread 0x000002117dc128c0 Exception <a 'java/lang/ClassNotFoundException'{0x000000009099be60}: org/jetbrains/kotlin/gradle/targets/js/npm/DefaultNpmDependencyExtensionBeanInfo> (0x000000009099be60) 
thrown [s\src\hotspot\share\classfile\systemDictionary.cpp, line 259]
Event: 50.965 Thread 0x000002117dc128c0 Exception <a 'java/lang/ClassNotFoundException'{0x00000000909a74d0}: org/jetbrains/kotlin/gradle/targets/js/npm/DefaultNpmDependencyExtensionCustomizer> (0x00000000909a74d0) 
thrown [s\src\hotspot\share\classfile\systemDictionary.cpp, line 259]
Event: 50.974 Thread 0x000002117dc128c0 Exception <a 'java/lang/ClassNotFoundException'{0x00000000908106f8}: org/jetbrains/kotlin/gradle/targets/js/npm/NpmDependencyExtensionKt$defaultNpmDependencyDelegate$1BeanInfo> (0x00000000908106f8) 
thrown [s\src\hotspot\share\classfile\systemDictionary.cpp, line 259]
Event: 50.975 Thread 0x000002117dc128c0 Exception <a 'java/lang/ClassNotFoundException'{0x000000009081bdb0}: org/jetbrains/kotlin/gradle/targets/js/npm/NpmDependencyExtensionDelegateBeanInfo> (0x000000009081bdb0) 
thrown [s\src\hotspot\share\classfile\systemDictionary.cpp, line 259]
Event: 50.976 Thread 0x000002117dc128c0 Exception <a 'java/lang/ClassNotFoundException'{0x0000000090827430}: org/jetbrains/kotlin/gradle/targets/js/npm/NpmDependencyExtensionDelegateCustomizer> (0x0000000090827430) 
thrown [s\src\hotspot\share\classfile\systemDictionary.cpp, line 259]
Event: 50.979 Thread 0x000002117dc128c0 Exception <a 'java/lang/ClassNotFoundException'{0x0000000090848160}: org/jetbrains/kotlin/gradle/targets/js/npm/NpmDependencyExtensionKt$defaultNpmDependencyDelegate$1Customizer> (0x0000000090848160) 
thrown [s\src\hotspot\share\classfile\systemDictionary.cpp, line 259]
Event: 50.985 Thread 0x000002117dc128c0 Exception <a 'java/lang/ClassNotFoundException'{0x000000009087de20}: org/jetbrains/kotlin/gradle/targets/js/npm/DefaultDevNpmDependencyExtensionBeanInfo> (0x000000009087de20) 
thrown [s\src\hotspot\share\classfile\systemDictionary.cpp, line 259]
Event: 50.987 Thread 0x000002117dc128c0 Exception <a 'java/lang/ClassNotFoundException'{0x0000000090889720}: org/jetbrains/kotlin/gradle/targets/js/npm/DefaultDevNpmDependencyExtensionCustomizer> (0x0000000090889720) 
thrown [s\src\hotspot\share\classfile\systemDictionary.cpp, line 259]
Event: 50.994 Thread 0x000002117dc128c0 Exception <a 'java/lang/ClassNotFoundException'{0x00000000908c2e08}: org/jetbrains/kotlin/gradle/targets/js/npm/DefaultPeerNpmDependencyExtensionBeanInfo> (0x00000000908c2e08) 
thrown [s\src\hotspot\share\classfile\systemDictionary.cpp, line 259]
Event: 50.995 Thread 0x000002117dc128c0 Exception <a 'java/lang/ClassNotFoundException'{0x00000000908ce4c0}: org/jetbrains/kotlin/gradle/targets/js/npm/DefaultPeerNpmDependencyExtensionCustomizer> (0x00000000908ce4c0) 
thrown [s\src\hotspot\share\classfile\systemDictionary.cpp, line 259]
Event: 51.002 Thread 0x000002117dc128c0 Exception <a 'java/lang/ClassNotFoundException'{0x000000009070f698}: org/jetbrains/kotlin/gradle/targets/js/npm/DefaultPeerNpmDependencyExtension$delegate$1BeanInfo> (0x000000009070f698) 
thrown [s\src\hotspot\share\classfile\systemDictionary.cpp, line 259]
Event: 51.003 Thread 0x000002117dc128c0 Exception <a 'java/lang/ClassNotFoundException'{0x000000009071af18}: org/jetbrains/kotlin/gradle/targets/js/npm/DefaultPeerNpmDependencyExtension$delegate$1Customizer> (0x000000009071af18) 
thrown [s\src\hotspot\share\classfile\systemDictionary.cpp, line 259]

VM Operations (20 events):
Event: 48.808 Executing VM operation: HandshakeAllThreads done
Event: 49.822 Executing VM operation: Cleanup
Event: 49.822 Executing VM operation: Cleanup done
Event: 49.900 Executing VM operation: HandshakeAllThreads
Event: 49.900 Executing VM operation: HandshakeAllThreads done
Event: 50.121 Executing VM operation: G1CollectForAllocation
Event: 50.137 Executing VM operation: G1CollectForAllocation done
Event: 50.300 Executing VM operation: HandshakeAllThreads
Event: 50.300 Executing VM operation: HandshakeAllThreads done
Event: 50.360 Executing VM operation: G1CollectForAllocation
Event: 50.381 Executing VM operation: G1CollectForAllocation done
Event: 51.281 Executing VM operation: HandshakeAllThreads
Event: 51.281 Executing VM operation: HandshakeAllThreads done
Event: 51.283 Executing VM operation: HandshakeAllThreads
Event: 51.283 Executing VM operation: HandshakeAllThreads done
Event: 51.362 Executing VM operation: ICBufferFull
Event: 51.363 Executing VM operation: ICBufferFull done
Event: 52.378 Executing VM operation: Cleanup
Event: 52.378 Executing VM operation: Cleanup done
Event: 52.683 Executing VM operation: G1CollectForAllocation

Events (20 events):
Event: 49.974 loading class com/sun/jmx/mbeanserver/StandardMBeanIntrospector done
Event: 49.987 Thread 0x000002114fc6c210 Thread added: 0x000002114fc6c210
Event: 50.086 loading class java/io/ObjectOutputStream$BlockDataOutputStream
Event: 50.087 loading class java/io/ObjectOutputStream$BlockDataOutputStream done
Event: 50.087 loading class java/io/ObjectOutputStream$HandleTable
Event: 50.088 loading class java/io/ObjectOutputStream$HandleTable done
Event: 50.088 loading class java/io/ObjectOutputStream$ReplaceTable
Event: 50.088 loading class java/io/ObjectOutputStream$ReplaceTable done
Event: 50.166 loading class java/time/temporal/WeekFields
Event: 50.166 loading class java/time/temporal/WeekFields done
Event: 50.167 loading class java/time/temporal/WeekFields$ComputedDayOfField
Event: 50.168 loading class java/time/temporal/WeekFields$ComputedDayOfField done
Event: 50.169 loading class java/time/Month$1
Event: 50.169 loading class java/time/Month$1 done
Event: 50.174 loading class java/nio/channels/Channels$1
Event: 50.174 loading class java/nio/channels/Channels$1 done
Event: 50.178 Thread 0x000002114fc6d140 Thread added: 0x000002114fc6d140
Event: 51.424 Thread 0x000002114fc6c720 Thread added: 0x000002114fc6c720
Event: 52.005 Thread 0x000002117f751b60 Thread exited: 0x000002117f751b60
Event: 52.611 Thread 0x000002117f7520b0 Thread added: 0x000002117f7520b0


Dynamic libraries:
0x00007ff75a6f0000 - 0x00007ff75a6fe000 	C:\Program Files\Zulu\zulu-17\bin\java.exe
0x00007ff987c70000 - 0x00007ff987e64000 	C:\Windows\SYSTEM32\ntdll.dll
0x00007ff986740000 - 0x00007ff9867fd000 	C:\Windows\System32\KERNEL32.DLL
0x00007ff9853c0000 - 0x00007ff985687000 	C:\Windows\System32\KERNELBASE.dll
0x00007ff985730000 - 0x00007ff985830000 	C:\Windows\System32\ucrtbase.dll
0x00007ff97e8c0000 - 0x00007ff97e8db000 	C:\Program Files\Zulu\zulu-17\bin\VCRUNTIME140.dll
0x00007ff97dde0000 - 0x00007ff97ddf9000 	C:\Program Files\Zulu\zulu-17\bin\jli.dll
0x00007ff9878d0000 - 0x00007ff987a70000 	C:\Windows\System32\USER32.dll
0x00007ff975210000 - 0x00007ff9754aa000 	C:\Windows\WinSxS\amd64_microsoft.windows.common-controls_6595b64144ccf1df_6.0.19041.1_none_b555e41d4684ddec\COMCTL32.dll
0x00007ff985c60000 - 0x00007ff985c82000 	C:\Windows\System32\win32u.dll
0x00007ff986210000 - 0x00007ff9862ae000 	C:\Windows\System32\msvcrt.dll
0x00007ff987a70000 - 0x00007ff987a9a000 	C:\Windows\System32\GDI32.dll
0x00007ff985ad0000 - 0x00007ff985bd9000 	C:\Windows\System32\gdi32full.dll
0x00007ff985690000 - 0x00007ff98572d000 	C:\Windows\System32\msvcp_win.dll
0x00007ff9861e0000 - 0x00007ff986210000 	C:\Windows\System32\IMM32.DLL
0x00007ff9801f0000 - 0x00007ff9801fc000 	C:\Program Files\Zulu\zulu-17\bin\vcruntime140_1.dll
0x00007ff94c730000 - 0x00007ff94c7bd000 	C:\Program Files\Zulu\zulu-17\bin\msvcp140.dll
0x00007ff949ea0000 - 0x00007ff94ab07000 	C:\Program Files\Zulu\zulu-17\bin\server\jvm.dll
0x00007ff9862b0000 - 0x00007ff98635a000 	C:\Windows\System32\ADVAPI32.dll
0x00007ff986360000 - 0x00007ff9863fb000 	C:\Windows\System32\sechost.dll
0x00007ff986600000 - 0x00007ff986723000 	C:\Windows\System32\RPCRT4.dll
0x00007ff984ea0000 - 0x00007ff984eeb000 	C:\Windows\SYSTEM32\POWRPROF.dll
0x00007ff971430000 - 0x00007ff971439000 	C:\Windows\SYSTEM32\WSOCK32.dll
0x00007ff976c50000 - 0x00007ff976c77000 	C:\Windows\SYSTEM32\WINMM.dll
0x00007ff986940000 - 0x00007ff9869ab000 	C:\Windows\System32\WS2_32.dll
0x00007ff97a340000 - 0x00007ff97a34a000 	C:\Windows\SYSTEM32\VERSION.dll
0x00007ff984da0000 - 0x00007ff984db2000 	C:\Windows\SYSTEM32\UMPDC.dll
0x00007ff983310000 - 0x00007ff983323000 	C:\Windows\SYSTEM32\kernel.appcore.dll
0x00007ff980150000 - 0x00007ff98015a000 	C:\Program Files\Zulu\zulu-17\bin\jimage.dll
0x00007ff96f1e0000 - 0x00007ff96f3c4000 	C:\Windows\SYSTEM32\DBGHELP.DLL
0x00007ff96f170000 - 0x00007ff96f19c000 	C:\Windows\SYSTEM32\dbgcore.DLL
0x00007ff985be0000 - 0x00007ff985c5f000 	C:\Windows\System32\bcryptPrimitives.dll
0x00007ff976360000 - 0x00007ff976385000 	C:\Program Files\Zulu\zulu-17\bin\java.dll
0x00007ff94bf10000 - 0x00007ff94bfe7000 	C:\Program Files\Zulu\zulu-17\bin\jsvml.dll
0x00007ff9869c0000 - 0x00007ff9870f1000 	C:\Windows\System32\SHELL32.dll
0x00007ff983510000 - 0x00007ff983c9a000 	C:\Windows\SYSTEM32\windows.storage.dll
0x00007ff987390000 - 0x00007ff9876e4000 	C:\Windows\System32\combase.dll
0x00007ff984d00000 - 0x00007ff984d2b000 	C:\Windows\SYSTEM32\Wldp.dll
0x00007ff9876f0000 - 0x00007ff98779e000 	C:\Windows\System32\SHCORE.dll
0x00007ff9868e0000 - 0x00007ff986935000 	C:\Windows\System32\shlwapi.dll
0x00007ff985300000 - 0x00007ff98531f000 	C:\Windows\SYSTEM32\profapi.dll
0x00007ff97cc40000 - 0x00007ff97cc59000 	C:\Program Files\Zulu\zulu-17\bin\net.dll
0x00007ff97d930000 - 0x00007ff97da30000 	C:\Windows\SYSTEM32\WINHTTP.dll
0x00007ff984af0000 - 0x00007ff984b5a000 	C:\Windows\system32\mswsock.dll
0x00007ff97a880000 - 0x00007ff97a896000 	C:\Program Files\Zulu\zulu-17\bin\nio.dll
0x00007ff97a290000 - 0x00007ff97a2a8000 	C:\Program Files\Zulu\zulu-17\bin\zip.dll
0x00007ff97feb0000 - 0x00007ff97fec0000 	C:\Program Files\Zulu\zulu-17\bin\verify.dll
0x00007ff981210000 - 0x00007ff981237000 	D:\DOWNLOADS\JetPlayer\native\68d5fa5c4cc2d200863cafc0d521ce42e7d3e7ee720ec0a83991735586a16f82\windows-amd64\native-platform.dll
0x00007ff956370000 - 0x00007ff9564b4000 	D:\DOWNLOADS\JetPlayer\native\e376f236ea51e6404a007f0833ffe2c6e607c4080706a723a18a27aeea778392\windows-amd64\native-platform-file-events.dll
0x00007ff97db00000 - 0x00007ff97db09000 	C:\Program Files\Zulu\zulu-17\bin\management.dll
0x00007ff97daa0000 - 0x00007ff97daab000 	C:\Program Files\Zulu\zulu-17\bin\management_ext.dll
0x00007ff986730000 - 0x00007ff986738000 	C:\Windows\System32\PSAPI.DLL
0x00007ff9850a0000 - 0x00007ff9850b8000 	C:\Windows\SYSTEM32\CRYPTSP.dll
0x00007ff9844a0000 - 0x00007ff9844d4000 	C:\Windows\system32\rsaenh.dll
0x00007ff9859f0000 - 0x00007ff985a17000 	C:\Windows\System32\bcrypt.dll
0x00007ff985280000 - 0x00007ff9852ae000 	C:\Windows\SYSTEM32\USERENV.dll
0x00007ff984c70000 - 0x00007ff984c7c000 	C:\Windows\SYSTEM32\CRYPTBASE.dll
0x00007ff984800000 - 0x00007ff98483b000 	C:\Windows\SYSTEM32\IPHLPAPI.DLL
0x00007ff986400000 - 0x00007ff986409000 	C:\Windows\System32\NSI.dll
0x00007ff97f3a0000 - 0x00007ff97f3b7000 	C:\Windows\SYSTEM32\dhcpcsvc6.DLL
0x00007ff97f380000 - 0x00007ff97f39d000 	C:\Windows\SYSTEM32\dhcpcsvc.DLL
0x00007ff984840000 - 0x00007ff98490a000 	C:\Windows\SYSTEM32\DNSAPI.dll
0x00007ff97d4c0000 - 0x00007ff97d4ce000 	C:\Program Files\Zulu\zulu-17\bin\sunmscapi.dll
0x00007ff985830000 - 0x00007ff98598d000 	C:\Windows\System32\CRYPT32.dll
0x00007ff984d70000 - 0x00007ff984d97000 	C:\Windows\SYSTEM32\ncrypt.dll
0x00007ff984d30000 - 0x00007ff984d6b000 	C:\Windows\SYSTEM32\NTASN1.dll
0x00007ff980200000 - 0x00007ff980207000 	C:\Windows\system32\wshunix.dll

dbghelp: loaded successfully - version: 4.0.5 - missing functions: none
symbol engine: initialized successfully - sym options: 0x614 - pdb path: .;C:\Program Files\Zulu\zulu-17\bin;C:\Windows\SYSTEM32;C:\Windows\WinSxS\amd64_microsoft.windows.common-controls_6595b64144ccf1df_6.0.19041.1_none_b555e41d4684ddec;C:\Program Files\Zulu\zulu-17\bin\server;D:\DOWNLOADS\JetPlayer\native\68d5fa5c4cc2d200863cafc0d521ce42e7d3e7ee720ec0a83991735586a16f82\windows-amd64;D:\DOWNLOADS\JetPlayer\native\e376f236ea51e6404a007f0833ffe2c6e607c4080706a723a18a27aeea778392\windows-amd64

VM Arguments:
jvm_args: --add-opens=java.base/java.util=ALL-UNNAMED --add-opens=java.base/java.lang=ALL-UNNAMED --add-opens=java.base/java.lang.invoke=ALL-UNNAMED --add-opens=java.prefs/java.util.prefs=ALL-UNNAMED --add-opens=java.base/java.nio.charset=ALL-UNNAMED --add-opens=java.base/java.net=ALL-UNNAMED --add-opens=java.base/java.util.concurrent.atomic=ALL-UNNAMED -Xmx2048m -Dfile.encoding=UTF-8 -Duser.country=US -Duser.language=en -Duser.variant 
java_command: org.gradle.launcher.daemon.bootstrap.GradleDaemon 8.0
java_class_path (initial): D:\DOWNLOADS\JetPlayer\wrapper\dists\gradle-8.0-bin\ca5e32bp14vu59qr306oxotwh\gradle-8.0\lib\gradle-launcher-8.0.jar
Launcher Type: SUN_STANDARD

[Global flags]
     intx CICompilerCount                          = 3                                         {product} {ergonomic}
     uint ConcGCThreads                            = 1                                         {product} {ergonomic}
     uint G1ConcRefinementThreads                  = 4                                         {product} {ergonomic}
   size_t G1HeapRegionSize                         = 1048576                                   {product} {ergonomic}
    uintx GCDrainStackTargetSize                   = 64                                        {product} {ergonomic}
   size_t InitialHeapSize                          = 132120576                                 {product} {ergonomic}
   size_t MarkStackSize                            = 4194304                                   {product} {ergonomic}
   size_t MaxHeapSize                              = 2147483648                                {product} {command line}
   size_t MaxNewSize                               = 1287651328                                {product} {ergonomic}
   size_t MinHeapDeltaBytes                        = 1048576                                   {product} {ergonomic}
   size_t MinHeapSize                              = 8388608                                   {product} {ergonomic}
    uintx NonNMethodCodeHeapSize                   = 5832780                                {pd product} {ergonomic}
    uintx NonProfiledCodeHeapSize                  = 122912730                              {pd product} {ergonomic}
    uintx ProfiledCodeHeapSize                     = 122912730                              {pd product} {ergonomic}
    uintx ReservedCodeCacheSize                    = 251658240                              {pd product} {ergonomic}
     bool SegmentedCodeCache                       = true                                      {product} {ergonomic}
   size_t SoftMaxHeapSize                          = 2147483648                             {manageable} {ergonomic}
     bool UseCompressedClassPointers               = true                           {product lp64_product} {ergonomic}
     bool UseCompressedOops                        = true                           {product lp64_product} {ergonomic}
     bool UseG1GC                                  = true                                      {product} {ergonomic}
     bool UseLargePagesIndividualAllocation        = false                                  {pd product} {ergonomic}

Logging:
Log output configuration:
 #0: stdout all=warning uptime,level,tags
 #1: stderr all=off uptime,level,tags

Environment Variables:
JAVA_HOME=C:\Program Files\Zulu\zulu-17
PATH=C:\Program Files\Zulu\zulu-17\bin\;C:\Program Files\Common Files\Oracle\Java\javapath;C:\Program Files (x86)\Common Files\Oracle\Java\javapath;C:\Program Files\Zulu\zulu-8\bin\;C:\ProgramData\Oracle\Java\javapath;C:\Windows\system32;C:\Windows;C:\Windows\System32\Wbem;C:\Windows\System32\WindowsPowerShell\v1.0\;C:\Windows\System32\OpenSSH\;C:\Program Files (x86)\dotnet\;C:\Program Files\dotnet\;C:\Program Files (x86)\QuickTime\QTSystem\;D:\DOWNLOADS\gradle-8.3-all\gradle-8.3\bin;C:\Program Files\Git\cmd;C:\Program Files\Java\jdk-21\bin;C:\Users\ACER\AppData\Local\Microsoft\WindowsApps;C:\Users\ACER\AppData\Local\Programs\Microsoft VS Code\bin;C:\Program Files\Java\jdk-21\bin;
USERNAME=ACER
OS=Windows_NT
PROCESSOR_IDENTIFIER=Intel64 Family 6 Model 58 Stepping 9, GenuineIntel
TMP=C:\Users\ACER\AppData\Local\Temp
TEMP=C:\Users\ACER\AppData\Local\Temp



Periodic native trim disabled


---------------  S Y S T E M  ---------------

OS:
 Windows 10 , 64 bit Build 19041 (10.0.19041.207)
OS uptime: 0 days 17:36 hours
Hyper-V role detected

CPU: total 4 (initial active 4) (2 cores per cpu, 2 threads per core) family 6 model 58 stepping 9 microcode 0x21, cx8, cmov, fxsr, ht, mmx, sse, sse2, sse3, ssse3, sse4.1, sse4.2, popcnt, tsc, tscinvbit, avx, aes, erms, clmul, vzeroupper, clflush, hv
Processor Information for all 4 processors :
  Max Mhz: 2501, Current Mhz: 2100, Mhz Limit: 2075

Memory: 4k page, system-wide physical 8030M (474M free)
TotalPageFile size 10075M (AvailPageFile size 118M)
current process WorkingSet (physical memory assigned to process): 604M, peak: 611M
current process commit charge ("private bytes"): 643M, peak: 921M

vm_info: OpenJDK 64-Bit Server VM (17.0.9+8-LTS) for windows-amd64 JRE (17.0.9+8-LTS) (Zulu17.46+19-CA), built on Oct 11 2023 20:47:25 by "zulu_re" with MS VC++ 16.10 / 16.11 (VS2019)

END.
