#
# There is insufficient memory for the Java Runtime Environment to continue.
# Native memory allocation (mmap) failed to map 94371840 bytes for G1 virtual space
# Possible reasons:
#   The system is out of physical RAM or swap space
#   The process is running with CompressedOops enabled, and the Java Heap may be blocking the growth of the native heap
# Possible solutions:
#   Reduce memory load on the system
#   Increase physical memory or swap space
#   Check if swap backing store is full
#   Decrease Java heap size (-Xmx/-Xms)
#   Decrease number of Java threads
#   Decrease Java thread stack sizes (-Xss)
#   Set larger code cache with -XX:ReservedCodeCacheSize=
#   JVM is running with Unscaled Compressed Oops mode in which the Java heap is
#     placed in the first 4GB address space. The Java Heap base address is the
#     maximum limit for the native heap growth. Please use -XX:HeapBaseMinAddress
#     to set the Java Heap base and to place the Java Heap above 4GB virtual address.
# This output file may be truncated or incomplete.
#
#  Out of Memory Error (os_windows.cpp:3769), pid=6924, tid=1752
#
# JRE version: OpenJDK Runtime Environment (17.0.6) (build 17.0.6+0-b2043.56-10027231)
# Java VM: OpenJDK 64-Bit Server VM (17.0.6+0-b2043.56-10027231, mixed mode, tiered, compressed oops, compressed class ptrs, g1 gc, windows-amd64)
# No core dump will be written. Minidumps are not enabled by default on client versions of Windows
#

---------------  S U M M A R Y ------------

Command Line: --add-opens=java.base/java.util=ALL-UNNAMED --add-opens=java.base/java.lang=ALL-UNNAMED --add-opens=java.base/java.lang.invoke=ALL-UNNAMED --add-opens=java.prefs/java.util.prefs=ALL-UNNAMED --add-opens=java.base/java.nio.charset=ALL-UNNAMED --add-opens=java.base/java.net=ALL-UNNAMED --add-opens=java.base/java.util.concurrent.atomic=ALL-UNNAMED -Xmx2048m -Dfile.encoding=UTF-8 -Duser.country=US -Duser.language=en -Duser.variant org.gradle.launcher.daemon.bootstrap.GradleDaemon 8.0

Host: Intel(R) Core(TM) i5-3210M CPU @ 2.50GHz, 4 cores, 7G,  Windows 10 , 64 bit Build 19041 (10.0.19041.207)
Time: Mon Jan 22 02:28:51 2024 SE Asia Standard Time elapsed time: 26.627105 seconds (0d 0h 0m 26s)

---------------  T H R E A D  ---------------

Current thread (0x000001876d8fc420):  VMThread "VM Thread" [stack: 0x0000007172300000,0x0000007172400000] [id=1752]

Stack: [0x0000007172300000,0x0000007172400000]
Native frames: (J=compiled Java code, j=interpreted, Vv=VM code, C=native code)
V  [jvm.dll+0x683c9a]
V  [jvm.dll+0x8427a4]
V  [jvm.dll+0x843f9e]
V  [jvm.dll+0x844603]
V  [jvm.dll+0x249b75]
V  [jvm.dll+0x680b69]
V  [jvm.dll+0x67505a]
V  [jvm.dll+0x309acb]
V  [jvm.dll+0x310f86]
V  [jvm.dll+0x3608ee]
V  [jvm.dll+0x360b1f]
V  [jvm.dll+0x2dfbf8]
V  [jvm.dll+0x2ddec4]
V  [jvm.dll+0x2dd4cc]
V  [jvm.dll+0x321f3b]
V  [jvm.dll+0x848ccb]
V  [jvm.dll+0x849a04]
V  [jvm.dll+0x849f1d]
V  [jvm.dll+0x84a2f4]
V  [jvm.dll+0x84a3c0]
V  [jvm.dll+0x7f274a]
V  [jvm.dll+0x682ad5]
C  [ucrtbase.dll+0x21542]
C  [KERNEL32.DLL+0x16fd4]
C  [ntdll.dll+0x4cec1]

VM_Operation (0x00000071746fd990): G1CollectForAllocation, mode: safepoint, requested by thread 0x000001876f8ce170


---------------  P R O C E S S  ---------------

Threads class SMR info:
_java_thread_list=0x00000187720a2150, length=81, elements={
0x0000018754388180, 0x000001876d97a260, 0x000001876d97c790, 0x000001876d966a50,
0x000001876d992b80, 0x000001876d993be0, 0x000001876d994c40, 0x000001876d999980,
0x000001876e412ba0, 0x000001876e418440, 0x000001876e5c1020, 0x000001876e5c9920,
0x000001876faa5120, 0x000001876f8cf7d0, 0x000001877172d000, 0x000001876fc2de30,
0x000001876fe37450, 0x000001876ffce160, 0x0000018770d0a080, 0x000001876f8cdca0,
0x000001876f8ca7b0, 0x000001876f8cac80, 0x000001876f8cb150, 0x000001876f8cb620,
0x000001876f8cbfc0, 0x000001876f8cbaf0, 0x000001876f8cd300, 0x000001876f8cd7d0,
0x000001876f8cc490, 0x000001876f8cc960, 0x000001876f8ce170, 0x000001876f8cce30,
0x000001876f9fcf60, 0x000001876fa02130, 0x000001876f9fca90, 0x000001876f9fd430,
0x000001876f9fc0f0, 0x000001876fa02ad0, 0x00000187740de2a0, 0x00000187720b7890,
0x00000187720b5bb0, 0x00000187720ba8b0, 0x00000187720b4870, 0x00000187720b43a0,
0x00000187720b5210, 0x00000187720b9570, 0x00000187720b3530, 0x00000187720b6ef0,
0x00000187720b73c0, 0x00000187720b8bd0, 0x00000187720b9a40, 0x00000187720b3a00,
0x00000187720b3ed0, 0x000001876f9fff80, 0x000001876fa012c0, 0x000001876fa03940,
0x000001876f9fe770, 0x000001877cd71530, 0x000001877cd76230, 0x000001877cd77f10,
0x000001877cd72870, 0x000001877cd72d40, 0x000001877cd71a00, 0x000001877cd73210,
0x000001877cd77a40, 0x000001877cd783e0, 0x000001877cd76700, 0x000001877cd770a0,
0x000001877cd71ed0, 0x000001877cd73bb0, 0x000001877cd723a0, 0x000001877cd736e0,
0x000001877cd74a20, 0x000001877cd74080, 0x000001877cd71060, 0x000001877cd74ef0,
0x000001877cd76bd0, 0x000001877cd74550, 0x000001877cd753c0, 0x000001877cd788b0,
0x000001877cd75890
}

Java Threads: ( => current thread )
  0x0000018754388180 JavaThread "main" [_thread_blocked, id=5048, stack(0x0000007171d00000,0x0000007171e00000)]
  0x000001876d97a260 JavaThread "Reference Handler" daemon [_thread_blocked, id=1056, stack(0x0000007172400000,0x0000007172500000)]
  0x000001876d97c790 JavaThread "Finalizer" daemon [_thread_blocked, id=876, stack(0x0000007172500000,0x0000007172600000)]
  0x000001876d966a50 JavaThread "Signal Dispatcher" daemon [_thread_blocked, id=8080, stack(0x0000007172600000,0x0000007172700000)]
  0x000001876d992b80 JavaThread "Attach Listener" daemon [_thread_blocked, id=6444, stack(0x0000007172700000,0x0000007172800000)]
  0x000001876d993be0 JavaThread "Service Thread" daemon [_thread_blocked, id=10192, stack(0x0000007172800000,0x0000007172900000)]
  0x000001876d994c40 JavaThread "Monitor Deflation Thread" daemon [_thread_blocked, id=9532, stack(0x0000007172900000,0x0000007172a00000)]
  0x000001876d999980 JavaThread "C2 CompilerThread0" daemon [_thread_blocked, id=2884, stack(0x0000007172a00000,0x0000007172b00000)]
  0x000001876e412ba0 JavaThread "C1 CompilerThread0" daemon [_thread_blocked, id=10100, stack(0x0000007172b00000,0x0000007172c00000)]
  0x000001876e418440 JavaThread "Sweeper thread" daemon [_thread_blocked, id=9444, stack(0x0000007172c00000,0x0000007172d00000)]
  0x000001876e5c1020 JavaThread "Common-Cleaner" daemon [_thread_blocked, id=8504, stack(0x0000007172d00000,0x0000007172e00000)]
  0x000001876e5c9920 JavaThread "Notification Thread" daemon [_thread_blocked, id=10028, stack(0x0000007172e00000,0x0000007172f00000)]
  0x000001876faa5120 JavaThread "Daemon health stats" [_thread_blocked, id=1780, stack(0x0000007173400000,0x0000007173500000)]
  0x000001876f8cf7d0 JavaThread "Incoming local TCP Connector on port 60793" [_thread_in_native, id=5052, stack(0x0000007173000000,0x0000007173100000)]
  0x000001877172d000 JavaThread "Daemon periodic checks" [_thread_blocked, id=3560, stack(0x0000007173500000,0x0000007173600000)]
  0x000001876fc2de30 JavaThread "Daemon" [_thread_blocked, id=1772, stack(0x0000007173700000,0x0000007173800000)]
  0x000001876fe37450 JavaThread "Handler for socket connection from /127.0.0.1:60793 to /127.0.0.1:60794" [_thread_in_native, id=5012, stack(0x0000007173800000,0x0000007173900000)]
  0x000001876ffce160 JavaThread "Cancel handler" [_thread_blocked, id=9496, stack(0x0000007173900000,0x0000007173a00000)]
  0x0000018770d0a080 JavaThread "Daemon worker" [_thread_blocked, id=7532, stack(0x0000007173a00000,0x0000007173b00000)]
  0x000001876f8cdca0 JavaThread "Asynchronous log dispatcher for DefaultDaemonConnection: socket connection from /127.0.0.1:60793 to /127.0.0.1:60794" [_thread_blocked, id=9888, stack(0x0000007173b00000,0x0000007173c00000)]
  0x000001876f8ca7b0 JavaThread "Stdin handler" [_thread_blocked, id=10084, stack(0x0000007173c00000,0x0000007173d00000)]
  0x000001876f8cac80 JavaThread "Daemon client event forwarder" [_thread_blocked, id=6988, stack(0x0000007173d00000,0x0000007173e00000)]
  0x000001876f8cb150 JavaThread "Cache worker for journal cache (D:\DOWNLOADS\JetPlayer\caches\journal-1)" [_thread_blocked, id=4644, stack(0x0000007173600000,0x0000007173700000)]
  0x000001876f8cb620 JavaThread "File lock request listener" [_thread_in_native, id=6060, stack(0x0000007173e00000,0x0000007173f00000)]
  0x000001876f8cbfc0 JavaThread "Cache worker for file hash cache (D:\DOWNLOADS\JetPlayer\caches\8.0\fileHashes)" [_thread_blocked, id=8288, stack(0x0000007174000000,0x0000007174100000)]
  0x000001876f8cbaf0 JavaThread "File watcher server" daemon [_thread_in_native, id=10152, stack(0x0000007174100000,0x0000007174200000)]
  0x000001876f8cd300 JavaThread "File watcher consumer" daemon [_thread_blocked, id=7196, stack(0x0000007174200000,0x0000007174300000)]
  0x000001876f8cd7d0 JavaThread "jar transforms" [_thread_blocked, id=6844, stack(0x0000007174300000,0x0000007174400000)]
  0x000001876f8cc490 JavaThread "jar transforms Thread 2" [_thread_blocked, id=4912, stack(0x0000007174400000,0x0000007174500000)]
  0x000001876f8cc960 JavaThread "jar transforms Thread 3" [_thread_blocked, id=7724, stack(0x0000007174500000,0x0000007174600000)]
  0x000001876f8ce170 JavaThread "jar transforms Thread 4" [_thread_blocked, id=5776, stack(0x0000007174600000,0x0000007174700000)]
  0x000001876f8cce30 JavaThread "Cache worker for checksums cache (C:\Users\ACER\AndroidStudioProjects\ShoesCare\.gradle\8.0\checksums)" [_thread_blocked, id=5360, stack(0x0000007174700000,0x0000007174800000)]
  0x000001876f9fcf60 JavaThread "Cache worker for cache directory md-rule (D:\DOWNLOADS\JetPlayer\caches\8.0\md-rule)" [_thread_blocked, id=8840, stack(0x0000007174800000,0x0000007174900000)]
  0x000001876fa02130 JavaThread "Cache worker for file content cache (D:\DOWNLOADS\JetPlayer\caches\8.0\fileContent)" [_thread_blocked, id=6348, stack(0x0000007174900000,0x0000007174a00000)]
  0x000001876f9fca90 JavaThread "Cache worker for file hash cache (C:\Users\ACER\AndroidStudioProjects\ShoesCare\.gradle\8.0\fileHashes)" [_thread_blocked, id=5268, stack(0x0000007174a00000,0x0000007174b00000)]
  0x000001876f9fd430 JavaThread "Cache worker for cache directory md-supplier (D:\DOWNLOADS\JetPlayer\caches\8.0\md-supplier)" [_thread_blocked, id=4104, stack(0x0000007174b00000,0x0000007174c00000)]
  0x000001876f9fc0f0 JavaThread "Cache worker for execution history cache (D:\DOWNLOADS\JetPlayer\caches\8.0\executionHistory)" [_thread_blocked, id=5300, stack(0x0000007174c00000,0x0000007174d00000)]
  0x000001876fa02ad0 JavaThread "Cache worker for kotlin-dsl (D:\DOWNLOADS\JetPlayer\caches\8.0\kotlin-dsl)" [_thread_blocked, id=9984, stack(0x0000007174d00000,0x0000007174e00000)]
  0x00000187740de2a0 JavaThread "C2 CompilerThread1" daemon [_thread_in_native, id=3140, stack(0x0000007173f00000,0x0000007174000000)]
  0x00000187720b7890 JavaThread "Cache worker for dependencies-accessors (C:\Users\ACER\AndroidStudioProjects\ShoesCare\.gradle\8.0\dependencies-accessors)" [_thread_blocked, id=5264, stack(0x0000007175100000,0x0000007175200000)]
  0x00000187720b5bb0 JavaThread "Cache worker for Build Output Cleanup Cache (C:\Users\ACER\AndroidStudioProjects\ShoesCare\.gradle\buildOutputCleanup)" [_thread_blocked, id=2716, stack(0x0000007175200000,0x0000007175300000)]
  0x00000187720ba8b0 JavaThread "Unconstrained build operations" [_thread_blocked, id=2964, stack(0x0000007175400000,0x0000007175500000)]
  0x00000187720b4870 JavaThread "Unconstrained build operations Thread 2" [_thread_blocked, id=4708, stack(0x0000007175500000,0x0000007175600000)]
  0x00000187720b43a0 JavaThread "Unconstrained build operations Thread 3" [_thread_blocked, id=5524, stack(0x0000007175600000,0x0000007175700000)]
  0x00000187720b5210 JavaThread "Unconstrained build operations Thread 4" [_thread_blocked, id=4456, stack(0x0000007175700000,0x0000007175800000)]
  0x00000187720b9570 JavaThread "Unconstrained build operations Thread 5" [_thread_blocked, id=7688, stack(0x0000007175800000,0x0000007175900000)]
  0x00000187720b3530 JavaThread "Unconstrained build operations Thread 6" [_thread_blocked, id=9424, stack(0x0000007175900000,0x0000007175a00000)]
  0x00000187720b6ef0 JavaThread "Unconstrained build operations Thread 7" [_thread_blocked, id=3816, stack(0x0000007175a00000,0x0000007175b00000)]
  0x00000187720b73c0 JavaThread "Unconstrained build operations Thread 8" [_thread_blocked, id=7120, stack(0x0000007175b00000,0x0000007175c00000)]
  0x00000187720b8bd0 JavaThread "Unconstrained build operations Thread 9" [_thread_blocked, id=2136, stack(0x0000007175c00000,0x0000007175d00000)]
  0x00000187720b9a40 JavaThread "Unconstrained build operations Thread 10" [_thread_blocked, id=3544, stack(0x0000007175d00000,0x0000007175e00000)]
  0x00000187720b3a00 JavaThread "Unconstrained build operations Thread 11" [_thread_blocked, id=3124, stack(0x0000007175e00000,0x0000007175f00000)]
  0x00000187720b3ed0 JavaThread "Unconstrained build operations Thread 12" [_thread_blocked, id=7796, stack(0x0000007175f00000,0x0000007176000000)]
  0x000001876f9fff80 JavaThread "Unconstrained build operations Thread 13" [_thread_blocked, id=7596, stack(0x0000007176000000,0x0000007176100000)]
  0x000001876fa012c0 JavaThread "Unconstrained build operations Thread 14" [_thread_blocked, id=8908, stack(0x0000007176100000,0x0000007176200000)]
  0x000001876fa03940 JavaThread "Unconstrained build operations Thread 15" [_thread_blocked, id=2000, stack(0x0000007176200000,0x0000007176300000)]
  0x000001876f9fe770 JavaThread "Unconstrained build operations Thread 16" [_thread_blocked, id=4800, stack(0x0000007176300000,0x0000007176400000)]
  0x000001877cd71530 JavaThread "Unconstrained build operations Thread 17" [_thread_blocked, id=3192, stack(0x0000007176400000,0x0000007176500000)]
  0x000001877cd76230 JavaThread "Unconstrained build operations Thread 18" [_thread_blocked, id=336, stack(0x0000007176500000,0x0000007176600000)]
  0x000001877cd77f10 JavaThread "Unconstrained build operations Thread 19" [_thread_blocked, id=9576, stack(0x0000007176600000,0x0000007176700000)]
  0x000001877cd72870 JavaThread "Unconstrained build operations Thread 20" [_thread_blocked, id=2248, stack(0x0000007176700000,0x0000007176800000)]
  0x000001877cd72d40 JavaThread "Unconstrained build operations Thread 21" [_thread_blocked, id=3460, stack(0x0000007176800000,0x0000007176900000)]
  0x000001877cd71a00 JavaThread "Unconstrained build operations Thread 22" [_thread_blocked, id=8420, stack(0x0000007176900000,0x0000007176a00000)]
  0x000001877cd73210 JavaThread "Unconstrained build operations Thread 23" [_thread_blocked, id=9336, stack(0x0000007176a00000,0x0000007176b00000)]
  0x000001877cd77a40 JavaThread "Unconstrained build operations Thread 24" [_thread_blocked, id=8232, stack(0x0000007176b00000,0x0000007176c00000)]
  0x000001877cd783e0 JavaThread "Unconstrained build operations Thread 25" [_thread_blocked, id=7576, stack(0x0000007176c00000,0x0000007176d00000)]
  0x000001877cd76700 JavaThread "Unconstrained build operations Thread 26" [_thread_blocked, id=5764, stack(0x0000007176d00000,0x0000007176e00000)]
  0x000001877cd770a0 JavaThread "Unconstrained build operations Thread 27" [_thread_blocked, id=7644, stack(0x0000007176e00000,0x0000007176f00000)]
  0x000001877cd71ed0 JavaThread "Unconstrained build operations Thread 28" [_thread_blocked, id=6536, stack(0x0000007176f00000,0x0000007177000000)]
  0x000001877cd73bb0 JavaThread "Unconstrained build operations Thread 29" [_thread_blocked, id=7512, stack(0x0000007177000000,0x0000007177100000)]
  0x000001877cd723a0 JavaThread "Unconstrained build operations Thread 30" [_thread_blocked, id=7940, stack(0x0000007177100000,0x0000007177200000)]
  0x000001877cd736e0 JavaThread "Unconstrained build operations Thread 31" [_thread_blocked, id=9676, stack(0x0000007177200000,0x0000007177300000)]
  0x000001877cd74a20 JavaThread "Unconstrained build operations Thread 32" [_thread_blocked, id=4716, stack(0x0000007177300000,0x0000007177400000)]
  0x000001877cd74080 JavaThread "Unconstrained build operations Thread 33" [_thread_blocked, id=3380, stack(0x0000007177400000,0x0000007177500000)]
  0x000001877cd71060 JavaThread "Unconstrained build operations Thread 34" [_thread_blocked, id=6400, stack(0x0000007177500000,0x0000007177600000)]
  0x000001877cd74ef0 JavaThread "Unconstrained build operations Thread 35" [_thread_blocked, id=6624, stack(0x0000007177600000,0x0000007177700000)]
  0x000001877cd76bd0 JavaThread "Unconstrained build operations Thread 36" [_thread_blocked, id=8956, stack(0x0000007177700000,0x0000007177800000)]
  0x000001877cd74550 JavaThread "Unconstrained build operations Thread 37" [_thread_blocked, id=3212, stack(0x0000007177800000,0x0000007177900000)]
  0x000001877cd753c0 JavaThread "Unconstrained build operations Thread 38" [_thread_blocked, id=3824, stack(0x0000007177900000,0x0000007177a00000)]
  0x000001877cd788b0 JavaThread "Unconstrained build operations Thread 39" [_thread_blocked, id=8068, stack(0x0000007177a00000,0x0000007177b00000)]
  0x000001877cd75890 JavaThread "Unconstrained build operations Thread 40" [_thread_blocked, id=9476, stack(0x0000007177b00000,0x0000007177c00000)]

Other Threads:
=>0x000001876d8fc420 VMThread "VM Thread" [stack: 0x0000007172300000,0x0000007172400000] [id=1752]
  0x000001876e5cbe00 WatcherThread [stack: 0x0000007172f00000,0x0000007173000000] [id=5532]
  0x00000187543e30a0 GCTaskThread "GC Thread#0" [stack: 0x0000007171e00000,0x0000007171f00000] [id=5908]
  0x000001876f04a150 GCTaskThread "GC Thread#1" [stack: 0x0000007173100000,0x0000007173200000] [id=8236]
  0x000001876e73b1c0 GCTaskThread "GC Thread#2" [stack: 0x0000007173200000,0x0000007173300000] [id=1788]
  0x000001876ecdbde0 GCTaskThread "GC Thread#3" [stack: 0x0000007173300000,0x0000007173400000] [id=8104]
  0x00000187543f3ef0 ConcurrentGCThread "G1 Main Marker" [stack: 0x0000007171f00000,0x0000007172000000] [id=7520]
  0x00000187543f4810 ConcurrentGCThread "G1 Conc#0" [stack: 0x0000007172000000,0x0000007172100000] [id=2496]
  0x000001876d7b0090 ConcurrentGCThread "G1 Refine#0" [stack: 0x0000007172100000,0x0000007172200000] [id=5008]
  0x0000018772107b00 ConcurrentGCThread "G1 Refine#1" [stack: 0x0000007174e00000,0x0000007174f00000] [id=9320]
  0x00000187721066e0 ConcurrentGCThread "G1 Refine#2" [stack: 0x0000007174f00000,0x0000007175000000] [id=2256]
  0x00000187721069c0 ConcurrentGCThread "G1 Refine#3" [stack: 0x0000007175000000,0x0000007175100000] [id=1864]
  0x000001876d7b19d0 ConcurrentGCThread "G1 Service" [stack: 0x0000007172200000,0x0000007172300000] [id=7412]

Threads with active compile tasks:
C2 CompilerThread0    26666 11431       4       org.objectweb.asm.SymbolTable::addConstantUtf8 (98 bytes)
C2 CompilerThread1    26666 11216       4       org.objectweb.asm.ClassReader::readCode (5109 bytes)

VM state: at safepoint (normal execution)

VM Mutex/Monitor currently owned by a thread:  ([mutex/lock_event])
[0x00000187543835f0] Threads_lock - owner thread: 0x000001876d8fc420
[0x00000187543838c0] Heap_lock - owner thread: 0x000001876f8ce170

Heap address: 0x0000000080000000, size: 2048 MB, Compressed Oops mode: 32-bit

CDS archive(s) not mapped
Compressed class space mapped at: 0x0000000100000000-0x0000000140000000, reserved size: 1073741824
Narrow klass base: 0x0000000000000000, Narrow klass shift: 3, Narrow klass range: 0x140000000

GC Precious Log:
 CPUs: 4 total, 4 available
 Memory: 8030M
 Large Page Support: Disabled
 NUMA Support: Disabled
 Compressed Oops: Enabled (32-bit)
 Heap Region Size: 1M
 Heap Min Capacity: 8M
 Heap Initial Capacity: 126M
 Heap Max Capacity: 2G
 Pre-touch: Disabled
 Parallel Workers: 4
 Concurrent Workers: 1
 Concurrent Refinement Workers: 4
 Periodic GC: Disabled

Heap:
 garbage-first heap   total 250880K, used 126516K [0x0000000080000000, 0x0000000100000000)
  region size 1024K, 2 young (2048K), 2 survivors (2048K)
 Metaspace       used 122859K, committed 123584K, reserved 1163264K
  class space    used 15815K, committed 16128K, reserved 1048576K

Heap Regions: E=young(eden), S=young(survivor), O=old, HS=humongous(starts), HC=humongous(continues), CS=collection set, F=free, OA=open archive, CA=closed archive, TAMS=top-at-mark-start (previous, next)
|   0|0x0000000080000000, 0x0000000080100000, 0x0000000080100000|100%| O|  |TAMS 0x0000000080100000, 0x0000000080100000| Untracked 
|   1|0x0000000080100000, 0x0000000080200000, 0x0000000080200000|100%| O|  |TAMS 0x0000000080200000, 0x0000000080200000| Untracked 
|   2|0x0000000080200000, 0x0000000080300000, 0x0000000080300000|100%|HS|  |TAMS 0x0000000080300000, 0x0000000080300000| Complete 
|   3|0x0000000080300000, 0x0000000080400000, 0x0000000080400000|100%|HC|  |TAMS 0x0000000080400000, 0x0000000080400000| Complete 
|   4|0x0000000080400000, 0x0000000080500000, 0x0000000080500000|100%|HC|  |TAMS 0x0000000080500000, 0x0000000080500000| Complete 
|   5|0x0000000080500000, 0x0000000080600000, 0x0000000080600000|100%|HC|  |TAMS 0x0000000080600000, 0x0000000080600000| Complete 
|   6|0x0000000080600000, 0x0000000080700000, 0x0000000080700000|100%| O|  |TAMS 0x0000000080700000, 0x0000000080700000| Untracked 
|   7|0x0000000080700000, 0x0000000080800000, 0x0000000080800000|100%| O|  |TAMS 0x0000000080800000, 0x0000000080800000| Untracked 
|   8|0x0000000080800000, 0x0000000080900000, 0x0000000080900000|100%| O|  |TAMS 0x0000000080900000, 0x0000000080900000| Untracked 
|   9|0x0000000080900000, 0x0000000080a00000, 0x0000000080a00000|100%| O|  |TAMS 0x0000000080a00000, 0x0000000080a00000| Untracked 
|  10|0x0000000080a00000, 0x0000000080b00000, 0x0000000080b00000|100%| O|  |TAMS 0x0000000080b00000, 0x0000000080b00000| Untracked 
|  11|0x0000000080b00000, 0x0000000080b03200, 0x0000000080c00000|  1%| O|  |TAMS 0x0000000080b00000, 0x0000000080b03200| Untracked 
|  12|0x0000000080c00000, 0x0000000080d00000, 0x0000000080d00000|100%| O|  |TAMS 0x0000000080d00000, 0x0000000080d00000| Untracked 
|  13|0x0000000080d00000, 0x0000000080e00000, 0x0000000080e00000|100%| O|  |TAMS 0x0000000080e00000, 0x0000000080e00000| Untracked 
|  14|0x0000000080e00000, 0x0000000080f00000, 0x0000000080f00000|100%| O|  |TAMS 0x0000000080f00000, 0x0000000080f00000| Untracked 
|  15|0x0000000080f00000, 0x0000000081000000, 0x0000000081000000|100%| O|  |TAMS 0x0000000081000000, 0x0000000081000000| Untracked 
|  16|0x0000000081000000, 0x0000000081100000, 0x0000000081100000|100%| O|  |TAMS 0x0000000081100000, 0x0000000081100000| Untracked 
|  17|0x0000000081100000, 0x0000000081200000, 0x0000000081200000|100%| O|  |TAMS 0x0000000081200000, 0x0000000081200000| Untracked 
|  18|0x0000000081200000, 0x0000000081300000, 0x0000000081300000|100%| O|  |TAMS 0x0000000081300000, 0x0000000081300000| Untracked 
|  19|0x0000000081300000, 0x0000000081400000, 0x0000000081400000|100%|HS|  |TAMS 0x0000000081400000, 0x0000000081400000| Complete 
|  20|0x0000000081400000, 0x0000000081500000, 0x0000000081500000|100%|HC|  |TAMS 0x0000000081500000, 0x0000000081500000| Complete 
|  21|0x0000000081500000, 0x0000000081600000, 0x0000000081600000|100%|HS|  |TAMS 0x0000000081600000, 0x0000000081600000| Complete 
|  22|0x0000000081600000, 0x0000000081700000, 0x0000000081700000|100%|HC|  |TAMS 0x0000000081700000, 0x0000000081700000| Complete 
|  23|0x0000000081700000, 0x0000000081800000, 0x0000000081800000|100%|HC|  |TAMS 0x0000000081800000, 0x0000000081800000| Complete 
|  24|0x0000000081800000, 0x0000000081900000, 0x0000000081900000|100%| O|  |TAMS 0x0000000081900000, 0x0000000081900000| Untracked 
|  25|0x0000000081900000, 0x0000000081a00000, 0x0000000081a00000|100%| O|  |TAMS 0x0000000081a00000, 0x0000000081a00000| Untracked 
|  26|0x0000000081a00000, 0x0000000081b00000, 0x0000000081b00000|100%| O|  |TAMS 0x0000000081b00000, 0x0000000081b00000| Untracked 
|  27|0x0000000081b00000, 0x0000000081c00000, 0x0000000081c00000|100%| O|  |TAMS 0x0000000081c00000, 0x0000000081c00000| Untracked 
|  28|0x0000000081c00000, 0x0000000081d00000, 0x0000000081d00000|100%|HS|  |TAMS 0x0000000081d00000, 0x0000000081d00000| Complete 
|  29|0x0000000081d00000, 0x0000000081e00000, 0x0000000081e00000|100%|HC|  |TAMS 0x0000000081e00000, 0x0000000081e00000| Complete 
|  30|0x0000000081e00000, 0x0000000081f00000, 0x0000000081f00000|100%|HC|  |TAMS 0x0000000081f00000, 0x0000000081f00000| Complete 
|  31|0x0000000081f00000, 0x0000000082000000, 0x0000000082000000|100%| O|  |TAMS 0x0000000082000000, 0x0000000082000000| Untracked 
|  32|0x0000000082000000, 0x0000000082100000, 0x0000000082100000|100%|HS|  |TAMS 0x0000000082100000, 0x0000000082100000| Complete 
|  33|0x0000000082100000, 0x0000000082200000, 0x0000000082200000|100%|HC|  |TAMS 0x0000000082200000, 0x0000000082200000| Complete 
|  34|0x0000000082200000, 0x0000000082300000, 0x0000000082300000|100%|HC|  |TAMS 0x0000000082300000, 0x0000000082300000| Complete 
|  35|0x0000000082300000, 0x0000000082400000, 0x0000000082400000|100%|HC|  |TAMS 0x0000000082400000, 0x0000000082400000| Complete 
|  36|0x0000000082400000, 0x0000000082500000, 0x0000000082500000|100%|HC|  |TAMS 0x0000000082500000, 0x0000000082500000| Complete 
|  37|0x0000000082500000, 0x0000000082600000, 0x0000000082600000|100%|HC|  |TAMS 0x0000000082600000, 0x0000000082600000| Complete 
|  38|0x0000000082600000, 0x0000000082700000, 0x0000000082700000|100%|HC|  |TAMS 0x0000000082700000, 0x0000000082700000| Complete 
|  39|0x0000000082700000, 0x0000000082800000, 0x0000000082800000|100%|HC|  |TAMS 0x0000000082800000, 0x0000000082800000| Complete 
|  40|0x0000000082800000, 0x0000000082900000, 0x0000000082900000|100%|HC|  |TAMS 0x0000000082900000, 0x0000000082900000| Complete 
|  41|0x0000000082900000, 0x0000000082a00000, 0x0000000082a00000|100%|HC|  |TAMS 0x0000000082a00000, 0x0000000082a00000| Complete 
|  42|0x0000000082a00000, 0x0000000082b00000, 0x0000000082b00000|100%|HC|  |TAMS 0x0000000082b00000, 0x0000000082b00000| Complete 
|  43|0x0000000082b00000, 0x0000000082c00000, 0x0000000082c00000|100%|HC|  |TAMS 0x0000000082c00000, 0x0000000082c00000| Complete 
|  44|0x0000000082c00000, 0x0000000082d00000, 0x0000000082d00000|100%| O|  |TAMS 0x0000000082d00000, 0x0000000082d00000| Untracked 
|  45|0x0000000082d00000, 0x0000000082e00000, 0x0000000082e00000|100%|HS|  |TAMS 0x0000000082e00000, 0x0000000082e00000| Complete 
|  46|0x0000000082e00000, 0x0000000082f00000, 0x0000000082f00000|100%|HC|  |TAMS 0x0000000082f00000, 0x0000000082f00000| Complete 
|  47|0x0000000082f00000, 0x0000000083000000, 0x0000000083000000|100%| O|  |TAMS 0x0000000083000000, 0x0000000083000000| Untracked 
|  48|0x0000000083000000, 0x0000000083100000, 0x0000000083100000|100%| O|  |TAMS 0x0000000083100000, 0x0000000083100000| Untracked 
|  49|0x0000000083100000, 0x0000000083200000, 0x0000000083200000|100%| O|  |TAMS 0x0000000083200000, 0x0000000083200000| Untracked 
|  50|0x0000000083200000, 0x0000000083300000, 0x0000000083300000|100%| O|  |TAMS 0x0000000083300000, 0x0000000083300000| Untracked 
|  51|0x0000000083300000, 0x0000000083400000, 0x0000000083400000|100%| O|  |TAMS 0x0000000083400000, 0x0000000083400000| Untracked 
|  52|0x0000000083400000, 0x0000000083500000, 0x0000000083500000|100%| O|  |TAMS 0x0000000083500000, 0x0000000083500000| Untracked 
|  53|0x0000000083500000, 0x0000000083600000, 0x0000000083600000|100%| O|  |TAMS 0x0000000083600000, 0x0000000083600000| Untracked 
|  54|0x0000000083600000, 0x0000000083700000, 0x0000000083700000|100%| O|  |TAMS 0x0000000083700000, 0x0000000083700000| Untracked 
|  55|0x0000000083700000, 0x0000000083800000, 0x0000000083800000|100%| O|  |TAMS 0x0000000083800000, 0x0000000083800000| Untracked 
|  56|0x0000000083800000, 0x0000000083900000, 0x0000000083900000|100%| O|  |TAMS 0x0000000083900000, 0x0000000083900000| Untracked 
|  57|0x0000000083900000, 0x0000000083a00000, 0x0000000083a00000|100%| O|  |TAMS 0x0000000083a00000, 0x0000000083a00000| Untracked 
|  58|0x0000000083a00000, 0x0000000083b00000, 0x0000000083b00000|100%|HS|  |TAMS 0x0000000083b00000, 0x0000000083b00000| Complete 
|  59|0x0000000083b00000, 0x0000000083c00000, 0x0000000083c00000|100%|HC|  |TAMS 0x0000000083c00000, 0x0000000083c00000| Complete 
|  60|0x0000000083c00000, 0x0000000083d00000, 0x0000000083d00000|100%|HC|  |TAMS 0x0000000083d00000, 0x0000000083d00000| Complete 
|  61|0x0000000083d00000, 0x0000000083e00000, 0x0000000083e00000|100%|HS|  |TAMS 0x0000000083e00000, 0x0000000083e00000| Complete 
|  62|0x0000000083e00000, 0x0000000083f00000, 0x0000000083f00000|100%|HC|  |TAMS 0x0000000083f00000, 0x0000000083f00000| Complete 
|  63|0x0000000083f00000, 0x0000000084000000, 0x0000000084000000|100%|HC|  |TAMS 0x0000000084000000, 0x0000000084000000| Complete 
|  64|0x0000000084000000, 0x0000000084100000, 0x0000000084100000|100%| O|  |TAMS 0x0000000084100000, 0x0000000084100000| Untracked 
|  65|0x0000000084100000, 0x0000000084200000, 0x0000000084200000|100%| O|  |TAMS 0x0000000084200000, 0x0000000084200000| Untracked 
|  66|0x0000000084200000, 0x0000000084300000, 0x0000000084300000|100%| O|  |TAMS 0x0000000084300000, 0x0000000084300000| Untracked 
|  67|0x0000000084300000, 0x0000000084400000, 0x0000000084400000|100%| O|  |TAMS 0x0000000084400000, 0x0000000084400000| Untracked 
|  68|0x0000000084400000, 0x0000000084500000, 0x0000000084500000|100%| O|  |TAMS 0x0000000084500000, 0x0000000084500000| Untracked 
|  69|0x0000000084500000, 0x0000000084600000, 0x0000000084600000|100%|HS|  |TAMS 0x0000000084600000, 0x0000000084600000| Complete 
|  70|0x0000000084600000, 0x0000000084700000, 0x0000000084700000|100%|HC|  |TAMS 0x0000000084700000, 0x0000000084700000| Complete 
|  71|0x0000000084700000, 0x0000000084800000, 0x0000000084800000|100%|HC|  |TAMS 0x0000000084800000, 0x0000000084800000| Complete 
|  72|0x0000000084800000, 0x0000000084900000, 0x0000000084900000|100%|HC|  |TAMS 0x0000000084900000, 0x0000000084900000| Complete 
|  73|0x0000000084900000, 0x0000000084a00000, 0x0000000084a00000|100%| O|  |TAMS 0x0000000084a00000, 0x0000000084a00000| Untracked 
|  74|0x0000000084a00000, 0x0000000084b00000, 0x0000000084b00000|100%| O|  |TAMS 0x0000000084b00000, 0x0000000084b00000| Untracked 
|  75|0x0000000084b00000, 0x0000000084c00000, 0x0000000084c00000|100%| O|  |TAMS 0x0000000084c00000, 0x0000000084c00000| Untracked 
|  76|0x0000000084c00000, 0x0000000084d00000, 0x0000000084d00000|100%| O|  |TAMS 0x0000000084d00000, 0x0000000084d00000| Untracked 
|  77|0x0000000084d00000, 0x0000000084e00000, 0x0000000084e00000|100%| O|  |TAMS 0x0000000084e00000, 0x0000000084e00000| Untracked 
|  78|0x0000000084e00000, 0x0000000084f00000, 0x0000000084f00000|100%| O|  |TAMS 0x0000000084f00000, 0x0000000084f00000| Untracked 
|  79|0x0000000084f00000, 0x0000000085000000, 0x0000000085000000|100%| O|  |TAMS 0x0000000085000000, 0x0000000085000000| Untracked 
|  80|0x0000000085000000, 0x0000000085100000, 0x0000000085100000|100%| O|  |TAMS 0x0000000085100000, 0x0000000085100000| Untracked 
|  81|0x0000000085100000, 0x0000000085200000, 0x0000000085200000|100%| O|  |TAMS 0x0000000085200000, 0x0000000085200000| Untracked 
|  82|0x0000000085200000, 0x0000000085300000, 0x0000000085300000|100%| O|  |TAMS 0x0000000085300000, 0x0000000085300000| Untracked 
|  83|0x0000000085300000, 0x0000000085400000, 0x0000000085400000|100%| O|  |TAMS 0x0000000085400000, 0x0000000085400000| Untracked 
|  84|0x0000000085400000, 0x0000000085500000, 0x0000000085500000|100%| O|  |TAMS 0x0000000085500000, 0x0000000085500000| Untracked 
|  85|0x0000000085500000, 0x0000000085600000, 0x0000000085600000|100%| O|  |TAMS 0x0000000085600000, 0x0000000085600000| Untracked 
|  86|0x0000000085600000, 0x0000000085700000, 0x0000000085700000|100%|HS|  |TAMS 0x0000000085700000, 0x0000000085700000| Complete 
|  87|0x0000000085700000, 0x0000000085800000, 0x0000000085800000|100%|HC|  |TAMS 0x0000000085800000, 0x0000000085800000| Complete 
|  88|0x0000000085800000, 0x0000000085900000, 0x0000000085900000|100%|HC|  |TAMS 0x0000000085900000, 0x0000000085900000| Complete 
|  89|0x0000000085900000, 0x0000000085a00000, 0x0000000085a00000|100%|HC|  |TAMS 0x0000000085a00000, 0x0000000085a00000| Complete 
|  90|0x0000000085a00000, 0x0000000085b00000, 0x0000000085b00000|100%|HC|  |TAMS 0x0000000085b00000, 0x0000000085b00000| Complete 
|  91|0x0000000085b00000, 0x0000000085c00000, 0x0000000085c00000|100%|HC|  |TAMS 0x0000000085c00000, 0x0000000085c00000| Complete 
|  92|0x0000000085c00000, 0x0000000085d00000, 0x0000000085d00000|100%| O|  |TAMS 0x0000000085d00000, 0x0000000085d00000| Untracked 
|  93|0x0000000085d00000, 0x0000000085e00000, 0x0000000085e00000|100%| O|  |TAMS 0x0000000085e00000, 0x0000000085e00000| Untracked 
|  94|0x0000000085e00000, 0x0000000085f00000, 0x0000000085f00000|100%| O|  |TAMS 0x0000000085f00000, 0x0000000085f00000| Untracked 
|  95|0x0000000085f00000, 0x0000000086000000, 0x0000000086000000|100%| O|  |TAMS 0x0000000086000000, 0x0000000086000000| Untracked 
|  96|0x0000000086000000, 0x0000000086100000, 0x0000000086100000|100%| O|  |TAMS 0x0000000086100000, 0x0000000086100000| Untracked 
|  97|0x0000000086100000, 0x0000000086200000, 0x0000000086200000|100%| O|  |TAMS 0x0000000086200000, 0x0000000086200000| Untracked 
|  98|0x0000000086200000, 0x0000000086300000, 0x0000000086300000|100%| O|  |TAMS 0x0000000086300000, 0x0000000086300000| Untracked 
|  99|0x0000000086300000, 0x0000000086400000, 0x0000000086400000|100%| O|  |TAMS 0x0000000086400000, 0x0000000086400000| Untracked 
| 100|0x0000000086400000, 0x0000000086500000, 0x0000000086500000|100%| O|  |TAMS 0x0000000086500000, 0x0000000086500000| Untracked 
| 101|0x0000000086500000, 0x0000000086600000, 0x0000000086600000|100%| O|  |TAMS 0x0000000086600000, 0x0000000086600000| Untracked 
| 102|0x0000000086600000, 0x0000000086700000, 0x0000000086700000|100%| O|  |TAMS 0x0000000086700000, 0x0000000086700000| Untracked 
| 103|0x0000000086700000, 0x0000000086700000, 0x0000000086800000|  0%| F|  |TAMS 0x0000000086700000, 0x0000000086700000| Untracked 
| 104|0x0000000086800000, 0x0000000086900000, 0x0000000086900000|100%| O|  |TAMS 0x0000000086900000, 0x0000000086900000| Untracked 
| 105|0x0000000086900000, 0x0000000086900000, 0x0000000086a00000|  0%| F|  |TAMS 0x0000000086900000, 0x0000000086900000| Untracked 
| 106|0x0000000086a00000, 0x0000000086b00000, 0x0000000086b00000|100%| O|  |TAMS 0x0000000086b00000, 0x0000000086b00000| Untracked 
| 107|0x0000000086b00000, 0x0000000086c00000, 0x0000000086c00000|100%| O|  |TAMS 0x0000000086c00000, 0x0000000086c00000| Untracked 
| 108|0x0000000086c00000, 0x0000000086d00000, 0x0000000086d00000|100%| O|  |TAMS 0x0000000086d00000, 0x0000000086d00000| Untracked 
| 109|0x0000000086d00000, 0x0000000086e00000, 0x0000000086e00000|100%| O|  |TAMS 0x0000000086e00000, 0x0000000086e00000| Untracked 
| 110|0x0000000086e00000, 0x0000000086f00000, 0x0000000086f00000|100%| O|  |TAMS 0x0000000086f00000, 0x0000000086f00000| Untracked 
| 111|0x0000000086f00000, 0x0000000086f00000, 0x0000000087000000|  0%| F|  |TAMS 0x0000000086f00000, 0x0000000086f00000| Untracked 
| 112|0x0000000087000000, 0x0000000087100000, 0x0000000087100000|100%| O|  |TAMS 0x0000000087100000, 0x0000000087100000| Untracked 
| 113|0x0000000087100000, 0x0000000087100000, 0x0000000087200000|  0%| F|  |TAMS 0x0000000087100000, 0x0000000087100000| Untracked 
| 114|0x0000000087200000, 0x0000000087200000, 0x0000000087300000|  0%| F|  |TAMS 0x0000000087200000, 0x0000000087200000| Untracked 
| 115|0x0000000087300000, 0x0000000087300000, 0x0000000087400000|  0%| F|  |TAMS 0x0000000087300000, 0x0000000087300000| Untracked 
| 116|0x0000000087400000, 0x0000000087400000, 0x0000000087500000|  0%| F|  |TAMS 0x0000000087400000, 0x0000000087400000| Untracked 
| 117|0x0000000087500000, 0x0000000087500000, 0x0000000087600000|  0%| F|  |TAMS 0x0000000087500000, 0x0000000087500000| Untracked 
| 118|0x0000000087600000, 0x0000000087600000, 0x0000000087700000|  0%| F|  |TAMS 0x0000000087600000, 0x0000000087600000| Untracked 
| 119|0x0000000087700000, 0x0000000087700000, 0x0000000087800000|  0%| F|  |TAMS 0x0000000087700000, 0x0000000087700000| Untracked 
| 120|0x0000000087800000, 0x0000000087800000, 0x0000000087900000|  0%| F|  |TAMS 0x0000000087800000, 0x0000000087800000| Untracked 
| 121|0x0000000087900000, 0x0000000087900000, 0x0000000087a00000|  0%| F|  |TAMS 0x0000000087900000, 0x0000000087900000| Untracked 
| 122|0x0000000087a00000, 0x0000000087b00000, 0x0000000087b00000|100%| O|  |TAMS 0x0000000087b00000, 0x0000000087b00000| Untracked 
| 123|0x0000000087b00000, 0x0000000087c00000, 0x0000000087c00000|100%| O|  |TAMS 0x0000000087c00000, 0x0000000087c00000| Untracked 
| 124|0x0000000087c00000, 0x0000000087d00000, 0x0000000087d00000|100%|HS|  |TAMS 0x0000000087d00000, 0x0000000087d00000| Complete 
| 125|0x0000000087d00000, 0x0000000087e00000, 0x0000000087e00000|100%|HS|  |TAMS 0x0000000087e00000, 0x0000000087e00000| Complete 
| 126|0x0000000087e00000, 0x0000000087f00000, 0x0000000087f00000|100%| O|  |TAMS 0x0000000087f00000, 0x0000000087f00000| Untracked 
| 127|0x0000000087f00000, 0x0000000088000000, 0x0000000088000000|100%| O|  |TAMS 0x0000000088000000, 0x0000000088000000| Untracked 
| 128|0x0000000088000000, 0x0000000088100000, 0x0000000088100000|100%| O|  |TAMS 0x0000000088100000, 0x0000000088100000| Untracked 
| 129|0x0000000088100000, 0x0000000088200000, 0x0000000088200000|100%| O|  |TAMS 0x0000000088200000, 0x0000000088200000| Untracked 
| 130|0x0000000088200000, 0x0000000088300000, 0x0000000088300000|100%| O|  |TAMS 0x0000000088300000, 0x0000000088300000| Untracked 
| 131|0x0000000088300000, 0x0000000088400000, 0x0000000088400000|100%| O|  |TAMS 0x0000000088400000, 0x0000000088400000| Untracked 
| 132|0x0000000088400000, 0x0000000088500000, 0x0000000088500000|100%| O|  |TAMS 0x0000000088500000, 0x0000000088500000| Untracked 
| 133|0x0000000088500000, 0x0000000088600000, 0x0000000088600000|100%| O|  |TAMS 0x0000000088600000, 0x0000000088600000| Untracked 
| 134|0x0000000088600000, 0x0000000088700000, 0x0000000088700000|100%| O|  |TAMS 0x00000000886b6000, 0x0000000088700000| Untracked 
| 135|0x0000000088700000, 0x0000000088700000, 0x0000000088800000|  0%| F|  |TAMS 0x0000000088700000, 0x0000000088700000| Untracked 
| 136|0x0000000088800000, 0x0000000088800000, 0x0000000088900000|  0%| F|  |TAMS 0x0000000088800000, 0x0000000088800000| Untracked 
| 137|0x0000000088900000, 0x0000000088900000, 0x0000000088a00000|  0%| F|  |TAMS 0x0000000088900000, 0x0000000088900000| Untracked 
| 138|0x0000000088a00000, 0x0000000088a00000, 0x0000000088b00000|  0%| F|  |TAMS 0x0000000088a00000, 0x0000000088a00000| Untracked 
| 139|0x0000000088b00000, 0x0000000088b00000, 0x0000000088c00000|  0%| F|  |TAMS 0x0000000088b00000, 0x0000000088b00000| Untracked 
| 140|0x0000000088c00000, 0x0000000088c00000, 0x0000000088d00000|  0%| F|  |TAMS 0x0000000088c00000, 0x0000000088c00000| Untracked 
| 141|0x0000000088d00000, 0x0000000088d00000, 0x0000000088e00000|  0%| F|  |TAMS 0x0000000088d00000, 0x0000000088d00000| Untracked 
| 142|0x0000000088e00000, 0x0000000088e00000, 0x0000000088f00000|  0%| F|  |TAMS 0x0000000088e00000, 0x0000000088e00000| Untracked 
| 143|0x0000000088f00000, 0x0000000088f00000, 0x0000000089000000|  0%| F|  |TAMS 0x0000000088f00000, 0x0000000088f00000| Untracked 
| 144|0x0000000089000000, 0x0000000089000000, 0x0000000089100000|  0%| F|  |TAMS 0x0000000089000000, 0x0000000089000000| Untracked 
| 145|0x0000000089100000, 0x0000000089100000, 0x0000000089200000|  0%| F|  |TAMS 0x0000000089100000, 0x0000000089100000| Untracked 
| 146|0x0000000089200000, 0x0000000089200000, 0x0000000089300000|  0%| F|  |TAMS 0x0000000089200000, 0x0000000089200000| Untracked 
| 147|0x0000000089300000, 0x0000000089300000, 0x0000000089400000|  0%| F|  |TAMS 0x0000000089300000, 0x0000000089300000| Untracked 
| 148|0x0000000089400000, 0x0000000089400000, 0x0000000089500000|  0%| F|  |TAMS 0x0000000089400000, 0x0000000089400000| Untracked 
| 149|0x0000000089500000, 0x0000000089500000, 0x0000000089600000|  0%| F|  |TAMS 0x0000000089500000, 0x0000000089500000| Untracked 
| 150|0x0000000089600000, 0x0000000089600000, 0x0000000089700000|  0%| F|  |TAMS 0x0000000089600000, 0x0000000089600000| Untracked 
| 151|0x0000000089700000, 0x0000000089700000, 0x0000000089800000|  0%| F|  |TAMS 0x0000000089700000, 0x0000000089700000| Untracked 
| 152|0x0000000089800000, 0x0000000089800000, 0x0000000089900000|  0%| F|  |TAMS 0x0000000089800000, 0x0000000089800000| Untracked 
| 153|0x0000000089900000, 0x0000000089900000, 0x0000000089a00000|  0%| F|  |TAMS 0x0000000089900000, 0x0000000089900000| Untracked 
| 154|0x0000000089a00000, 0x0000000089a00000, 0x0000000089b00000|  0%| F|  |TAMS 0x0000000089a00000, 0x0000000089a00000| Untracked 
| 155|0x0000000089b00000, 0x0000000089b00000, 0x0000000089c00000|  0%| F|  |TAMS 0x0000000089b00000, 0x0000000089b00000| Untracked 
| 156|0x0000000089c00000, 0x0000000089c00000, 0x0000000089d00000|  0%| F|  |TAMS 0x0000000089c00000, 0x0000000089c00000| Untracked 
| 157|0x0000000089d00000, 0x0000000089d00000, 0x0000000089e00000|  0%| F|  |TAMS 0x0000000089d00000, 0x0000000089d00000| Untracked 
| 158|0x0000000089e00000, 0x0000000089e00000, 0x0000000089f00000|  0%| F|  |TAMS 0x0000000089e00000, 0x0000000089e00000| Untracked 
| 159|0x0000000089f00000, 0x0000000089f00000, 0x000000008a000000|  0%| F|  |TAMS 0x0000000089f00000, 0x0000000089f00000| Untracked 
| 160|0x000000008a000000, 0x000000008a08a120, 0x000000008a100000| 53%| S|CS|TAMS 0x000000008a000000, 0x000000008a000000| Complete 
| 161|0x000000008a100000, 0x000000008a200000, 0x000000008a200000|100%| S|CS|TAMS 0x000000008a100000, 0x000000008a100000| Complete 
| 162|0x000000008a200000, 0x000000008a200000, 0x000000008a300000|  0%| F|  |TAMS 0x000000008a200000, 0x000000008a200000| Untracked 
| 163|0x000000008a300000, 0x000000008a300000, 0x000000008a400000|  0%| F|  |TAMS 0x000000008a300000, 0x000000008a300000| Untracked 
| 164|0x000000008a400000, 0x000000008a400000, 0x000000008a500000|  0%| F|  |TAMS 0x000000008a400000, 0x000000008a400000| Untracked 
| 165|0x000000008a500000, 0x000000008a500000, 0x000000008a600000|  0%| F|  |TAMS 0x000000008a500000, 0x000000008a500000| Untracked 
| 166|0x000000008a600000, 0x000000008a600000, 0x000000008a700000|  0%| F|  |TAMS 0x000000008a600000, 0x000000008a600000| Untracked 
| 167|0x000000008a700000, 0x000000008a700000, 0x000000008a800000|  0%| F|  |TAMS 0x000000008a700000, 0x000000008a700000| Untracked 
| 168|0x000000008a800000, 0x000000008a800000, 0x000000008a900000|  0%| F|  |TAMS 0x000000008a800000, 0x000000008a800000| Untracked 
| 169|0x000000008a900000, 0x000000008a900000, 0x000000008aa00000|  0%| F|  |TAMS 0x000000008a900000, 0x000000008a900000| Untracked 
| 170|0x000000008aa00000, 0x000000008aa00000, 0x000000008ab00000|  0%| F|  |TAMS 0x000000008aa00000, 0x000000008aa00000| Untracked 
| 171|0x000000008ab00000, 0x000000008ab00000, 0x000000008ac00000|  0%| F|  |TAMS 0x000000008ab00000, 0x000000008ab00000| Untracked 
| 172|0x000000008ac00000, 0x000000008ac00000, 0x000000008ad00000|  0%| F|  |TAMS 0x000000008ac00000, 0x000000008ac00000| Untracked 
| 173|0x000000008ad00000, 0x000000008ad00000, 0x000000008ae00000|  0%| F|  |TAMS 0x000000008ad00000, 0x000000008ad00000| Untracked 
| 174|0x000000008ae00000, 0x000000008ae00000, 0x000000008af00000|  0%| F|  |TAMS 0x000000008ae00000, 0x000000008ae00000| Untracked 
| 175|0x000000008af00000, 0x000000008af00000, 0x000000008b000000|  0%| F|  |TAMS 0x000000008af00000, 0x000000008af00000| Untracked 
| 176|0x000000008b000000, 0x000000008b000000, 0x000000008b100000|  0%| F|  |TAMS 0x000000008b000000, 0x000000008b000000| Untracked 
| 177|0x000000008b100000, 0x000000008b100000, 0x000000008b200000|  0%| F|  |TAMS 0x000000008b100000, 0x000000008b100000| Untracked 
| 178|0x000000008b200000, 0x000000008b200000, 0x000000008b300000|  0%| F|  |TAMS 0x000000008b200000, 0x000000008b200000| Untracked 
| 179|0x000000008b300000, 0x000000008b300000, 0x000000008b400000|  0%| F|  |TAMS 0x000000008b300000, 0x000000008b300000| Untracked 
| 180|0x000000008b400000, 0x000000008b400000, 0x000000008b500000|  0%| F|  |TAMS 0x000000008b400000, 0x000000008b400000| Untracked 
| 181|0x000000008b500000, 0x000000008b500000, 0x000000008b600000|  0%| F|  |TAMS 0x000000008b500000, 0x000000008b500000| Untracked 
| 182|0x000000008b600000, 0x000000008b600000, 0x000000008b700000|  0%| F|  |TAMS 0x000000008b600000, 0x000000008b600000| Untracked 
| 183|0x000000008b700000, 0x000000008b700000, 0x000000008b800000|  0%| F|  |TAMS 0x000000008b700000, 0x000000008b700000| Untracked 
| 184|0x000000008b800000, 0x000000008b800000, 0x000000008b900000|  0%| F|  |TAMS 0x000000008b800000, 0x000000008b800000| Untracked 
| 185|0x000000008b900000, 0x000000008b900000, 0x000000008ba00000|  0%| F|  |TAMS 0x000000008b900000, 0x000000008b900000| Untracked 
| 186|0x000000008ba00000, 0x000000008ba00000, 0x000000008bb00000|  0%| F|  |TAMS 0x000000008ba00000, 0x000000008ba00000| Untracked 
| 187|0x000000008bb00000, 0x000000008bb00000, 0x000000008bc00000|  0%| F|  |TAMS 0x000000008bb00000, 0x000000008bb00000| Untracked 
| 188|0x000000008bc00000, 0x000000008bc00000, 0x000000008bd00000|  0%| F|  |TAMS 0x000000008bc00000, 0x000000008bc00000| Untracked 
| 189|0x000000008bd00000, 0x000000008bd00000, 0x000000008be00000|  0%| F|  |TAMS 0x000000008bd00000, 0x000000008bd00000| Untracked 
| 190|0x000000008be00000, 0x000000008be00000, 0x000000008bf00000|  0%| F|  |TAMS 0x000000008be00000, 0x000000008be00000| Untracked 
| 191|0x000000008bf00000, 0x000000008bf00000, 0x000000008c000000|  0%| F|  |TAMS 0x000000008bf00000, 0x000000008bf00000| Untracked 
| 192|0x000000008c000000, 0x000000008c000000, 0x000000008c100000|  0%| F|  |TAMS 0x000000008c000000, 0x000000008c000000| Untracked 
| 193|0x000000008c100000, 0x000000008c100000, 0x000000008c200000|  0%| F|  |TAMS 0x000000008c100000, 0x000000008c100000| Untracked 
| 194|0x000000008c200000, 0x000000008c200000, 0x000000008c300000|  0%| F|  |TAMS 0x000000008c200000, 0x000000008c200000| Untracked 
| 195|0x000000008c300000, 0x000000008c300000, 0x000000008c400000|  0%| F|  |TAMS 0x000000008c300000, 0x000000008c300000| Untracked 
| 196|0x000000008c400000, 0x000000008c400000, 0x000000008c500000|  0%| F|  |TAMS 0x000000008c400000, 0x000000008c400000| Untracked 
| 197|0x000000008c500000, 0x000000008c500000, 0x000000008c600000|  0%| F|  |TAMS 0x000000008c500000, 0x000000008c500000| Untracked 
| 198|0x000000008c600000, 0x000000008c600000, 0x000000008c700000|  0%| F|  |TAMS 0x000000008c600000, 0x000000008c600000| Untracked 
| 199|0x000000008c700000, 0x000000008c700000, 0x000000008c800000|  0%| F|  |TAMS 0x000000008c700000, 0x000000008c700000| Untracked 
| 200|0x000000008c800000, 0x000000008c800000, 0x000000008c900000|  0%| F|  |TAMS 0x000000008c800000, 0x000000008c800000| Untracked 
| 201|0x000000008c900000, 0x000000008c900000, 0x000000008ca00000|  0%| F|  |TAMS 0x000000008c900000, 0x000000008c900000| Untracked 
| 202|0x000000008ca00000, 0x000000008ca00000, 0x000000008cb00000|  0%| F|  |TAMS 0x000000008ca00000, 0x000000008ca00000| Untracked 
| 203|0x000000008cb00000, 0x000000008cb00000, 0x000000008cc00000|  0%| F|  |TAMS 0x000000008cb00000, 0x000000008cb00000| Untracked 
| 204|0x000000008cc00000, 0x000000008cc00000, 0x000000008cd00000|  0%| F|  |TAMS 0x000000008cc00000, 0x000000008cc00000| Untracked 
| 205|0x000000008cd00000, 0x000000008cd00000, 0x000000008ce00000|  0%| F|  |TAMS 0x000000008cd00000, 0x000000008cd00000| Untracked 
| 206|0x000000008ce00000, 0x000000008ce00000, 0x000000008cf00000|  0%| F|  |TAMS 0x000000008ce00000, 0x000000008ce00000| Untracked 
| 207|0x000000008cf00000, 0x000000008cf00000, 0x000000008d000000|  0%| F|  |TAMS 0x000000008cf00000, 0x000000008cf00000| Untracked 
| 208|0x000000008d000000, 0x000000008d000000, 0x000000008d100000|  0%| F|  |TAMS 0x000000008d000000, 0x000000008d000000| Untracked 
| 209|0x000000008d100000, 0x000000008d100000, 0x000000008d200000|  0%| F|  |TAMS 0x000000008d100000, 0x000000008d100000| Untracked 
| 210|0x000000008d200000, 0x000000008d200000, 0x000000008d300000|  0%| F|  |TAMS 0x000000008d200000, 0x000000008d200000| Untracked 
| 211|0x000000008d300000, 0x000000008d300000, 0x000000008d400000|  0%| F|  |TAMS 0x000000008d300000, 0x000000008d300000| Untracked 
| 212|0x000000008d400000, 0x000000008d400000, 0x000000008d500000|  0%| F|  |TAMS 0x000000008d400000, 0x000000008d400000| Untracked 
| 213|0x000000008d500000, 0x000000008d500000, 0x000000008d600000|  0%| F|  |TAMS 0x000000008d500000, 0x000000008d500000| Untracked 
| 214|0x000000008d600000, 0x000000008d600000, 0x000000008d700000|  0%| F|  |TAMS 0x000000008d600000, 0x000000008d600000| Untracked 
| 215|0x000000008d700000, 0x000000008d700000, 0x000000008d800000|  0%| F|  |TAMS 0x000000008d700000, 0x000000008d700000| Untracked 
| 216|0x000000008d800000, 0x000000008d800000, 0x000000008d900000|  0%| F|  |TAMS 0x000000008d800000, 0x000000008d800000| Untracked 
| 217|0x000000008d900000, 0x000000008d900000, 0x000000008da00000|  0%| F|  |TAMS 0x000000008d900000, 0x000000008d900000| Untracked 
| 218|0x000000008da00000, 0x000000008da00000, 0x000000008db00000|  0%| F|  |TAMS 0x000000008da00000, 0x000000008da00000| Untracked 
| 219|0x000000008db00000, 0x000000008db00000, 0x000000008dc00000|  0%| F|  |TAMS 0x000000008db00000, 0x000000008db00000| Untracked 
| 220|0x000000008dc00000, 0x000000008dc00000, 0x000000008dd00000|  0%| F|  |TAMS 0x000000008dc00000, 0x000000008dc00000| Untracked 
| 221|0x000000008dd00000, 0x000000008dd00000, 0x000000008de00000|  0%| F|  |TAMS 0x000000008dd00000, 0x000000008dd00000| Untracked 
| 222|0x000000008de00000, 0x000000008de00000, 0x000000008df00000|  0%| F|  |TAMS 0x000000008de00000, 0x000000008de00000| Untracked 
| 223|0x000000008df00000, 0x000000008df00000, 0x000000008e000000|  0%| F|  |TAMS 0x000000008df00000, 0x000000008df00000| Untracked 
| 224|0x000000008e000000, 0x000000008e000000, 0x000000008e100000|  0%| F|  |TAMS 0x000000008e000000, 0x000000008e000000| Untracked 
| 225|0x000000008e100000, 0x000000008e100000, 0x000000008e200000|  0%| F|  |TAMS 0x000000008e100000, 0x000000008e100000| Untracked 
| 226|0x000000008e200000, 0x000000008e200000, 0x000000008e300000|  0%| F|  |TAMS 0x000000008e200000, 0x000000008e200000| Untracked 
| 227|0x000000008e300000, 0x000000008e300000, 0x000000008e400000|  0%| F|  |TAMS 0x000000008e300000, 0x000000008e300000| Untracked 
| 228|0x000000008e400000, 0x000000008e400000, 0x000000008e500000|  0%| F|  |TAMS 0x000000008e400000, 0x000000008e400000| Untracked 
| 229|0x000000008e500000, 0x000000008e500000, 0x000000008e600000|  0%| F|  |TAMS 0x000000008e500000, 0x000000008e500000| Untracked 
| 230|0x000000008e600000, 0x000000008e600000, 0x000000008e700000|  0%| F|  |TAMS 0x000000008e600000, 0x000000008e600000| Untracked 
| 231|0x000000008e700000, 0x000000008e700000, 0x000000008e800000|  0%| F|  |TAMS 0x000000008e700000, 0x000000008e700000| Untracked 
| 232|0x000000008e800000, 0x000000008e800000, 0x000000008e900000|  0%| F|  |TAMS 0x000000008e800000, 0x000000008e800000| Untracked 
| 233|0x000000008e900000, 0x000000008e900000, 0x000000008ea00000|  0%| F|  |TAMS 0x000000008e900000, 0x000000008e900000| Untracked 
| 234|0x000000008ea00000, 0x000000008ea00000, 0x000000008eb00000|  0%| F|  |TAMS 0x000000008ea00000, 0x000000008ea00000| Untracked 
| 235|0x000000008eb00000, 0x000000008eb00000, 0x000000008ec00000|  0%| F|  |TAMS 0x000000008eb00000, 0x000000008eb00000| Untracked 
| 236|0x000000008ec00000, 0x000000008ec00000, 0x000000008ed00000|  0%| F|  |TAMS 0x000000008ec00000, 0x000000008ec00000| Untracked 
| 237|0x000000008ed00000, 0x000000008ed00000, 0x000000008ee00000|  0%| F|  |TAMS 0x000000008ed00000, 0x000000008ed00000| Untracked 
| 238|0x000000008ee00000, 0x000000008ee00000, 0x000000008ef00000|  0%| F|  |TAMS 0x000000008ee00000, 0x000000008ee00000| Untracked 
| 239|0x000000008ef00000, 0x000000008ef00000, 0x000000008f000000|  0%| F|  |TAMS 0x000000008ef00000, 0x000000008ef00000| Untracked 
| 240|0x000000008f000000, 0x000000008f000000, 0x000000008f100000|  0%| F|  |TAMS 0x000000008f000000, 0x000000008f000000| Untracked 
| 241|0x000000008f100000, 0x000000008f100000, 0x000000008f200000|  0%| F|  |TAMS 0x000000008f100000, 0x000000008f100000| Untracked 
| 242|0x000000008f200000, 0x000000008f200000, 0x000000008f300000|  0%| F|  |TAMS 0x000000008f200000, 0x000000008f200000| Untracked 
| 243|0x000000008f300000, 0x000000008f300000, 0x000000008f400000|  0%| F|  |TAMS 0x000000008f300000, 0x000000008f300000| Untracked 
| 244|0x000000008f400000, 0x000000008f400000, 0x000000008f500000|  0%| F|  |TAMS 0x000000008f400000, 0x000000008f400000| Untracked 

Card table byte_map: [0x0000018766c60000,0x0000018767060000] _byte_map_base: 0x0000018766860000

Marking Bits (Prev, Next): (CMBitMap*) 0x00000187543e3600, (CMBitMap*) 0x00000187543e35c0
 Prev Bits: [0x0000018769460000, 0x000001876b460000)
 Next Bits: [0x0000018767460000, 0x0000018769460000)

Polling page: 0x0000018752270000

Metaspace:

Usage:
  Non-class:    104.54 MB used.
      Class:     15.45 MB used.
       Both:    119.98 MB used.

Virtual space:
  Non-class space:      112.00 MB reserved,     104.94 MB ( 94%) committed,  14 nodes.
      Class space:        1.00 GB reserved,      15.75 MB (  2%) committed,  1 nodes.
             Both:        1.11 GB reserved,     120.69 MB ( 11%) committed. 

Chunk freelists:
   Non-Class:  2.39 MB
       Class:  192.00 KB
        Both:  2.58 MB

MaxMetaspaceSize: unlimited
CompressedClassSpaceSize: 1.00 GB
Initial GC threshold: 21.00 MB
Current GC threshold: 201.06 MB
CDS: off
MetaspaceReclaimPolicy: balanced
 - commit_granule_bytes: 65536.
 - commit_granule_words: 8192.
 - virtual_space_node_default_size: 1048576.
 - enlarge_chunks_in_place: 1.
 - new_chunks_are_fully_committed: 0.
 - uncommit_free_chunks: 1.
 - use_allocation_guard: 0.
 - handle_deallocations: 1.


Internal statistics:

num_allocs_failed_limit: 3.
num_arena_births: 832.
num_arena_deaths: 0.
num_vsnodes_births: 15.
num_vsnodes_deaths: 0.
num_space_committed: 1929.
num_space_uncommitted: 0.
num_chunks_returned_to_freelist: 3.
num_chunks_taken_from_freelist: 4785.
num_chunk_merges: 3.
num_chunk_splits: 3678.
num_chunks_enlarged: 2993.
num_purges: 0.
num_inconsistent_stats: 0.

CodeHeap 'non-profiled nmethods': size=120000Kb used=5279Kb max_used=5533Kb free=114721Kb
 bounds [0x000001875f330000, 0x000001875f8a0000, 0x0000018766860000]
CodeHeap 'profiled nmethods': size=120000Kb used=20098Kb max_used=20228Kb free=99901Kb
 bounds [0x0000018757860000, 0x0000018758c30000, 0x000001875ed90000]
CodeHeap 'non-nmethods': size=5760Kb used=2530Kb max_used=2576Kb free=3230Kb
 bounds [0x000001875ed90000, 0x000001875f020000, 0x000001875f330000]
 total_blobs=10962 nmethods=9873 adapters=998
 compilation: enabled
              stopped_count=0, restarted_count=0
 full_count=0

Compilation events (20 events):
Event: 26.556 Thread 0x000001876e412ba0 11515       2       org.gradle.cache.internal.btree.ByteOutput::done (13 bytes)
Event: 26.557 Thread 0x000001876e412ba0 nmethod 11515 0x0000018757980210 code [0x00000187579803c0, 0x0000018757980528]
Event: 26.557 Thread 0x000001876e412ba0 11516       2       java.io.FilterOutputStream::flush (8 bytes)
Event: 26.557 Thread 0x000001876e412ba0 nmethod 11516 0x000001875797fe90 code [0x0000018757980020, 0x0000018757980148]
Event: 26.557 Thread 0x000001876e412ba0 11517       2       java.util.concurrent.ThreadPoolExecutor$Worker::unlock (7 bytes)
Event: 26.558 Thread 0x000001876e412ba0 nmethod 11517 0x000001875797fb10 code [0x000001875797fca0, 0x000001875797fde8]
Event: 26.558 Thread 0x000001876e412ba0 11518   !   2       org.gradle.internal.UncheckedException::unchecked (13 bytes)
Event: 26.558 Thread 0x000001876e412ba0 nmethod 11518 0x000001875797f710 code [0x000001875797f8c0, 0x000001875797fa18]
Event: 26.561 Thread 0x000001876e412ba0 11519       2       java.util.concurrent.LinkedBlockingQueue::dequeue (32 bytes)
Event: 26.562 Thread 0x000001876e412ba0 nmethod 11519 0x000001875797f210 code [0x000001875797f3a0, 0x000001875797f598]
Event: 26.562 Thread 0x000001876e412ba0 11520       2       java.util.concurrent.atomic.AtomicInteger::getAndDecrement (12 bytes)
Event: 26.562 Thread 0x000001876e412ba0 nmethod 11520 0x00000187582f3510 code [0x00000187582f36a0, 0x00000187582f37b8]
Event: 26.566 Thread 0x000001876e412ba0 11521   !   2       org.gradle.internal.concurrent.ManagedExecutorImpl$1::run (57 bytes)
Event: 26.566 Thread 0x000001876e412ba0 nmethod 11521 0x00000187582f2e90 code [0x00000187582f3060, 0x00000187582f3298]
Event: 26.569 Thread 0x000001876e412ba0 11522       2       java.util.ComparableTimSort::reverseRange (32 bytes)
Event: 26.570 Thread 0x000001876e412ba0 nmethod 11522 0x00000187582f2810 code [0x00000187582f29c0, 0x00000187582f2cd8]
Event: 26.570 Thread 0x000001876e412ba0 11523       2       sun.management.MemoryPoolImpl::getType (15 bytes)
Event: 26.570 Thread 0x000001876e412ba0 nmethod 11523 0x00000187582f2490 code [0x00000187582f2620, 0x00000187582f2778]
Event: 26.615 Thread 0x000001876d999980 nmethod 11370 0x000001875f5fc990 code [0x000001875f5fce00, 0x000001875f604ee8]
Event: 26.616 Thread 0x000001876d999980 11431       4       org.objectweb.asm.SymbolTable::addConstantUtf8 (98 bytes)

GC Heap History (20 events):
Event: 18.274 GC heap after
{Heap after GC invocations=44 (full 0):
 garbage-first heap   total 198656K, used 113534K [0x0000000080000000, 0x0000000100000000)
  region size 1024K, 8 young (8192K), 8 survivors (8192K)
 Metaspace       used 98999K, committed 99648K, reserved 1138688K
  class space    used 12921K, committed 13184K, reserved 1048576K
}
Event: 19.221 GC heap before
{Heap before GC invocations=44 (full 0):
 garbage-first heap   total 198656K, used 162686K [0x0000000080000000, 0x0000000100000000)
  region size 1024K, 56 young (57344K), 8 survivors (8192K)
 Metaspace       used 107697K, committed 108352K, reserved 1146880K
  class space    used 13841K, committed 14144K, reserved 1048576K
}
Event: 19.233 GC heap after
{Heap after GC invocations=45 (full 0):
 garbage-first heap   total 238592K, used 114929K [0x0000000080000000, 0x0000000100000000)
  region size 1024K, 6 young (6144K), 6 survivors (6144K)
 Metaspace       used 107697K, committed 108352K, reserved 1146880K
  class space    used 13841K, committed 14144K, reserved 1048576K
}
Event: 19.895 GC heap before
{Heap before GC invocations=46 (full 0):
 garbage-first heap   total 238592K, used 143601K [0x0000000080000000, 0x0000000100000000)
  region size 1024K, 35 young (35840K), 6 survivors (6144K)
 Metaspace       used 108925K, committed 109504K, reserved 1146880K
  class space    used 14008K, committed 14272K, reserved 1048576K
}
Event: 19.909 GC heap after
{Heap after GC invocations=47 (full 0):
 garbage-first heap   total 238592K, used 117681K [0x0000000080000000, 0x0000000100000000)
  region size 1024K, 8 young (8192K), 8 survivors (8192K)
 Metaspace       used 108925K, committed 109504K, reserved 1146880K
  class space    used 14008K, committed 14272K, reserved 1048576K
}
Event: 21.270 GC heap before
{Heap before GC invocations=48 (full 0):
 garbage-first heap   total 240640K, used 198577K [0x0000000080000000, 0x0000000100000000)
  region size 1024K, 86 young (88064K), 8 survivors (8192K)
 Metaspace       used 110525K, committed 111104K, reserved 1146880K
  class space    used 14139K, committed 14400K, reserved 1048576K
}
Event: 21.293 GC heap after
{Heap after GC invocations=49 (full 0):
 garbage-first heap   total 240640K, used 124654K [0x0000000080000000, 0x0000000100000000)
  region size 1024K, 11 young (11264K), 11 survivors (11264K)
 Metaspace       used 110525K, committed 111104K, reserved 1146880K
  class space    used 14139K, committed 14400K, reserved 1048576K
}
Event: 24.110 GC heap before
{Heap before GC invocations=49 (full 0):
 garbage-first heap   total 240640K, used 196334K [0x0000000080000000, 0x0000000100000000)
  region size 1024K, 82 young (83968K), 11 survivors (11264K)
 Metaspace       used 122212K, committed 122944K, reserved 1163264K
  class space    used 15781K, committed 16128K, reserved 1048576K
}
Event: 24.133 GC heap after
{Heap after GC invocations=50 (full 0):
 garbage-first heap   total 240640K, used 132464K [0x0000000080000000, 0x0000000100000000)
  region size 1024K, 8 young (8192K), 8 survivors (8192K)
 Metaspace       used 122212K, committed 122944K, reserved 1163264K
  class space    used 15781K, committed 16128K, reserved 1048576K
}
Event: 24.985 GC heap before
{Heap before GC invocations=51 (full 0):
 garbage-first heap   total 244736K, used 200048K [0x0000000080000000, 0x0000000100000000)
  region size 1024K, 71 young (72704K), 8 survivors (8192K)
 Metaspace       used 122795K, committed 123456K, reserved 1163264K
  class space    used 15815K, committed 16128K, reserved 1048576K
}
Event: 24.999 GC heap after
{Heap after GC invocations=52 (full 0):
 garbage-first heap   total 244736K, used 137384K [0x0000000080000000, 0x0000000100000000)
  region size 1024K, 4 young (4096K), 4 survivors (4096K)
 Metaspace       used 122795K, committed 123456K, reserved 1163264K
  class space    used 15815K, committed 16128K, reserved 1048576K
}
Event: 25.043 GC heap before
{Heap before GC invocations=52 (full 0):
 garbage-first heap   total 244736K, used 143528K [0x0000000080000000, 0x0000000100000000)
  region size 1024K, 11 young (11264K), 4 survivors (4096K)
 Metaspace       used 122797K, committed 123456K, reserved 1163264K
  class space    used 15815K, committed 16128K, reserved 1048576K
}
Event: 25.047 GC heap after
{Heap after GC invocations=53 (full 0):
 garbage-first heap   total 244736K, used 137711K [0x0000000080000000, 0x0000000100000000)
  region size 1024K, 1 young (1024K), 1 survivors (1024K)
 Metaspace       used 122797K, committed 123456K, reserved 1163264K
  class space    used 15815K, committed 16128K, reserved 1048576K
}
Event: 25.463 GC heap before
{Heap before GC invocations=53 (full 0):
 garbage-first heap   total 244736K, used 202223K [0x0000000080000000, 0x0000000100000000)
  region size 1024K, 65 young (66560K), 1 survivors (1024K)
 Metaspace       used 122810K, committed 123520K, reserved 1163264K
  class space    used 15815K, committed 16128K, reserved 1048576K
}
Event: 25.466 GC heap after
{Heap after GC invocations=54 (full 0):
 garbage-first heap   total 244736K, used 137765K [0x0000000080000000, 0x0000000100000000)
  region size 1024K, 1 young (1024K), 1 survivors (1024K)
 Metaspace       used 122810K, committed 123520K, reserved 1163264K
  class space    used 15815K, committed 16128K, reserved 1048576K
}
Event: 26.039 GC heap before
{Heap before GC invocations=55 (full 0):
 garbage-first heap   total 250880K, used 198181K [0x0000000080000000, 0x0000000100000000)
  region size 1024K, 67 young (68608K), 1 survivors (1024K)
 Metaspace       used 122816K, committed 123520K, reserved 1163264K
  class space    used 15815K, committed 16128K, reserved 1048576K
}
Event: 26.042 GC heap after
{Heap after GC invocations=56 (full 0):
 garbage-first heap   total 250880K, used 131519K [0x0000000080000000, 0x0000000100000000)
  region size 1024K, 1 young (1024K), 1 survivors (1024K)
 Metaspace       used 122816K, committed 123520K, reserved 1163264K
  class space    used 15815K, committed 16128K, reserved 1048576K
}
Event: 26.110 GC heap before
{Heap before GC invocations=56 (full 0):
 garbage-first heap   total 250880K, used 142783K [0x0000000080000000, 0x0000000100000000)
  region size 1024K, 12 young (12288K), 1 survivors (1024K)
 Metaspace       used 122822K, committed 123520K, reserved 1163264K
  class space    used 15815K, committed 16128K, reserved 1048576K
}
Event: 26.114 GC heap after
{Heap after GC invocations=57 (full 0):
 garbage-first heap   total 250880K, used 126073K [0x0000000080000000, 0x0000000100000000)
  region size 1024K, 2 young (2048K), 2 survivors (2048K)
 Metaspace       used 122822K, committed 123520K, reserved 1163264K
  class space    used 15815K, committed 16128K, reserved 1048576K
}
Event: 26.622 GC heap before
{Heap before GC invocations=57 (full 0):
 garbage-first heap   total 250880K, used 207993K [0x0000000080000000, 0x0000000100000000)
  region size 1024K, 83 young (84992K), 2 survivors (2048K)
 Metaspace       used 122859K, committed 123584K, reserved 1163264K
  class space    used 15815K, committed 16128K, reserved 1048576K
}

Dll operation events (2 events):
Event: 0.012 Loaded shared library C:\Program Files\Android\Android Studio\jbr\bin\java.dll
Event: 0.636 Loaded shared library C:\Program Files\Android\Android Studio\jbr\bin\verify.dll

Deoptimization events (20 events):
Event: 25.514 Thread 0x000001876f8cc490 DEOPT PACKING pc=0x000001875f72e21c sp=0x00000071744fdb80
Event: 25.514 Thread 0x000001876f8cc490 DEOPT UNPACKING pc=0x000001875ede69a3 sp=0x00000071744fdb48 mode 2
Event: 25.514 Thread 0x000001876f8cc490 Uncommon trap: trap_request=0xffffff45 fr.pc=0x000001875f3b676c relative=0x00000000000013cc
Event: 25.514 Thread 0x000001876f8cc490 Uncommon trap: reason=unstable_if action=reinterpret pc=0x000001875f3b676c method=org.objectweb.asm.SymbolTable.addConstantUtf8(Ljava/lang/String;)I @ 40 c2
Event: 25.514 Thread 0x000001876f8cc490 DEOPT PACKING pc=0x000001875f3b676c sp=0x00000071744fdaa0
Event: 25.514 Thread 0x000001876f8cc490 DEOPT UNPACKING pc=0x000001875ede69a3 sp=0x00000071744fdab0 mode 2
Event: 25.689 Thread 0x000001876f8cc490 DEOPT PACKING pc=0x0000018758496ba0 sp=0x00000071744fe550
Event: 25.689 Thread 0x000001876f8cc490 DEOPT UNPACKING pc=0x000001875ede7143 sp=0x00000071744fda30 mode 0
Event: 25.786 Thread 0x000001876f8cc490 Uncommon trap: trap_request=0xffffff45 fr.pc=0x000001875f38aafc relative=0x000000000000071c
Event: 25.786 Thread 0x000001876f8cc490 Uncommon trap: reason=unstable_if action=reinterpret pc=0x000001875f38aafc method=org.objectweb.asm.MethodWriter.visitVarInsn(II)V @ 230 c2
Event: 25.786 Thread 0x000001876f8cc490 DEOPT PACKING pc=0x000001875f38aafc sp=0x00000071744fdc10
Event: 25.786 Thread 0x000001876f8cc490 DEOPT UNPACKING pc=0x000001875ede69a3 sp=0x00000071744fdbf8 mode 2
Event: 25.786 Thread 0x000001876f8cc490 Uncommon trap: trap_request=0xffffff45 fr.pc=0x000001875f5c521c relative=0x00000000000003bc
Event: 25.786 Thread 0x000001876f8cc490 Uncommon trap: reason=unstable_if action=reinterpret pc=0x000001875f5c521c method=org.objectweb.asm.MethodWriter.visitFieldInsn(ILjava/lang/String;Ljava/lang/String;Ljava/lang/String;)V @ 216 c2
Event: 25.786 Thread 0x000001876f8cc490 DEOPT PACKING pc=0x000001875f5c521c sp=0x00000071744fdbb0
Event: 25.786 Thread 0x000001876f8cc490 DEOPT UNPACKING pc=0x000001875ede69a3 sp=0x00000071744fdb30 mode 2
Event: 25.791 Thread 0x000001876f8cc490 Uncommon trap: trap_request=0xffffff45 fr.pc=0x000001875f452698 relative=0x0000000000001318
Event: 25.791 Thread 0x000001876f8cc490 Uncommon trap: reason=unstable_if action=reinterpret pc=0x000001875f452698 method=org.objectweb.asm.Type.getArgumentsAndReturnSizes(Ljava/lang/String;)I @ 123 c2
Event: 25.791 Thread 0x000001876f8cc490 DEOPT PACKING pc=0x000001875f452698 sp=0x00000071744fdac0
Event: 25.791 Thread 0x000001876f8cc490 DEOPT UNPACKING pc=0x000001875ede69a3 sp=0x00000071744fd990 mode 2

Classes unloaded (0 events):
No events

Classes redefined (0 events):
No events

Internal exceptions (20 events):
Event: 24.905 Thread 0x000001876f8cd7d0 Exception <a 'sun/nio/fs/WindowsException'{0x000000008bb248c8}> (0x000000008bb248c8) 
thrown [s\src\hotspot\share\prims\jni.cpp, line 517]
Event: 24.907 Thread 0x000001876f8cd7d0 Exception <a 'sun/nio/fs/WindowsException'{0x000000008bb47508}> (0x000000008bb47508) 
thrown [s\src\hotspot\share\prims\jni.cpp, line 517]
Event: 25.102 Thread 0x000001876f8cd7d0 Exception <a 'sun/nio/fs/WindowsException'{0x000000008e8ce960}> (0x000000008e8ce960) 
thrown [s\src\hotspot\share\prims\jni.cpp, line 517]
Event: 25.348 Thread 0x000001876f8cc960 Exception <a 'sun/nio/fs/WindowsException'{0x000000008c23ffe8}> (0x000000008c23ffe8) 
thrown [s\src\hotspot\share\prims\jni.cpp, line 517]
Event: 25.468 Thread 0x000001876f8cc960 Exception <a 'sun/nio/fs/WindowsException'{0x000000008ee5a228}> (0x000000008ee5a228) 
thrown [s\src\hotspot\share\prims\jni.cpp, line 517]
Event: 25.693 Thread 0x000001876f8cd7d0 Exception <a 'sun/nio/fs/WindowsException'{0x000000008ddf7550}> (0x000000008ddf7550) 
thrown [s\src\hotspot\share\prims\jni.cpp, line 517]
Event: 25.693 Thread 0x000001876f8cd7d0 Exception <a 'sun/nio/fs/WindowsException'{0x000000008ddf76f0}> (0x000000008ddf76f0) 
thrown [s\src\hotspot\share\prims\jni.cpp, line 517]
Event: 25.804 Thread 0x000001876f8cc960 Exception <a 'sun/nio/fs/WindowsException'{0x000000008ee70118}> (0x000000008ee70118) 
thrown [s\src\hotspot\share\prims\jni.cpp, line 517]
Event: 25.805 Thread 0x000001876f8cd7d0 Exception <a 'sun/nio/fs/WindowsException'{0x000000008f11faa0}> (0x000000008f11faa0) 
thrown [s\src\hotspot\share\prims\jni.cpp, line 517]
Event: 25.925 Thread 0x000001876f8cc960 Exception <a 'sun/nio/fs/WindowsException'{0x000000008c7c41b8}> (0x000000008c7c41b8) 
thrown [s\src\hotspot\share\prims\jni.cpp, line 517]
Event: 26.003 Thread 0x000001876f8cc960 Exception <a 'sun/nio/fs/WindowsException'{0x000000008c7c4360}> (0x000000008c7c4360) 
thrown [s\src\hotspot\share\prims\jni.cpp, line 517]
Event: 26.022 Thread 0x000001876f8cd7d0 Exception <a 'sun/nio/fs/WindowsException'{0x000000008bc711a8}> (0x000000008bc711a8) 
thrown [s\src\hotspot\share\prims\jni.cpp, line 517]
Event: 26.030 Thread 0x000001876f8cd7d0 Exception <a 'sun/nio/fs/WindowsException'{0x000000008b5000c8}> (0x000000008b5000c8) 
thrown [s\src\hotspot\share\prims\jni.cpp, line 517]
Event: 26.084 Thread 0x000001876f8cd7d0 Exception <a 'sun/nio/fs/WindowsException'{0x000000008ee8fde8}> (0x000000008ee8fde8) 
thrown [s\src\hotspot\share\prims\jni.cpp, line 517]
Event: 26.147 Thread 0x000001876f8cc960 Exception <a 'sun/nio/fs/WindowsException'{0x000000008ee44738}> (0x000000008ee44738) 
thrown [s\src\hotspot\share\prims\jni.cpp, line 517]
Event: 26.195 Thread 0x000001876f8cc960 Exception <a 'sun/nio/fs/WindowsException'{0x000000008e31d628}> (0x000000008e31d628) 
thrown [s\src\hotspot\share\prims\jni.cpp, line 517]
Event: 26.196 Thread 0x000001876f8cc960 Exception <a 'sun/nio/fs/WindowsException'{0x000000008e31d7d8}> (0x000000008e31d7d8) 
thrown [s\src\hotspot\share\prims\jni.cpp, line 517]
Event: 26.339 Thread 0x000001876f8cc960 Exception <a 'sun/nio/fs/WindowsException'{0x000000008d387930}> (0x000000008d387930) 
thrown [s\src\hotspot\share\prims\jni.cpp, line 517]
Event: 26.414 Thread 0x000001876f8cd7d0 Exception <a 'sun/nio/fs/WindowsException'{0x000000008cddbe68}> (0x000000008cddbe68) 
thrown [s\src\hotspot\share\prims\jni.cpp, line 517]
Event: 26.528 Thread 0x000001876f8cd7d0 Exception <a 'sun/nio/fs/WindowsException'{0x000000008cddbff0}> (0x000000008cddbff0) 
thrown [s\src\hotspot\share\prims\jni.cpp, line 517]

VM Operations (20 events):
Event: 24.451 Executing VM operation: G1Concurrent done
Event: 24.985 Executing VM operation: G1CollectForAllocation
Event: 25.005 Executing VM operation: G1CollectForAllocation done
Event: 25.043 Executing VM operation: G1CollectForAllocation
Event: 25.043 Executing VM operation: G1CollectForAllocation done
Event: 25.043 Executing VM operation: G1CollectForAllocation
Event: 25.047 Executing VM operation: G1CollectForAllocation done
Event: 25.463 Executing VM operation: G1CollectForAllocation
Event: 25.470 Executing VM operation: G1CollectForAllocation done
Event: 25.677 Executing VM operation: G1Concurrent
Event: 25.689 Executing VM operation: G1Concurrent done
Event: 25.780 Executing VM operation: G1Concurrent
Event: 25.782 Executing VM operation: G1Concurrent done
Event: 26.039 Executing VM operation: G1CollectForAllocation
Event: 26.043 Executing VM operation: G1CollectForAllocation done
Event: 26.109 Executing VM operation: G1CollectForAllocation
Event: 26.109 Executing VM operation: G1CollectForAllocation done
Event: 26.110 Executing VM operation: G1CollectForAllocation
Event: 26.114 Executing VM operation: G1CollectForAllocation done
Event: 26.622 Executing VM operation: G1CollectForAllocation

Events (20 events):
Event: 24.159 Thread 0x000001877cd72d40 Thread added: 0x000001877cd72d40
Event: 24.159 Thread 0x000001877cd71a00 Thread added: 0x000001877cd71a00
Event: 24.159 Thread 0x000001877cd73210 Thread added: 0x000001877cd73210
Event: 24.160 Thread 0x000001877cd77a40 Thread added: 0x000001877cd77a40
Event: 24.160 Thread 0x000001877cd783e0 Thread added: 0x000001877cd783e0
Event: 24.160 Thread 0x000001877cd76700 Thread added: 0x000001877cd76700
Event: 24.160 Thread 0x000001877cd770a0 Thread added: 0x000001877cd770a0
Event: 24.161 Thread 0x000001877cd71ed0 Thread added: 0x000001877cd71ed0
Event: 24.161 Thread 0x000001877cd73bb0 Thread added: 0x000001877cd73bb0
Event: 24.161 Thread 0x000001877cd723a0 Thread added: 0x000001877cd723a0
Event: 24.161 Thread 0x000001877cd736e0 Thread added: 0x000001877cd736e0
Event: 24.161 Thread 0x000001877cd74a20 Thread added: 0x000001877cd74a20
Event: 24.162 Thread 0x000001877cd74080 Thread added: 0x000001877cd74080
Event: 24.162 Thread 0x000001877cd71060 Thread added: 0x000001877cd71060
Event: 24.162 Thread 0x000001877cd74ef0 Thread added: 0x000001877cd74ef0
Event: 24.162 Thread 0x000001877cd76bd0 Thread added: 0x000001877cd76bd0
Event: 24.163 Thread 0x000001877cd74550 Thread added: 0x000001877cd74550
Event: 24.163 Thread 0x000001877cd753c0 Thread added: 0x000001877cd753c0
Event: 24.163 Thread 0x000001877cd788b0 Thread added: 0x000001877cd788b0
Event: 24.163 Thread 0x000001877cd75890 Thread added: 0x000001877cd75890


Dynamic libraries:
0x00007ff7af840000 - 0x00007ff7af84a000 	C:\Program Files\Android\Android Studio\jbr\bin\java.exe
0x00007ff987c70000 - 0x00007ff987e64000 	C:\Windows\SYSTEM32\ntdll.dll
0x00007ff986740000 - 0x00007ff9867fd000 	C:\Windows\System32\KERNEL32.DLL
0x00007ff9853c0000 - 0x00007ff985687000 	C:\Windows\System32\KERNELBASE.dll
0x00007ff985730000 - 0x00007ff985830000 	C:\Windows\System32\ucrtbase.dll
0x00007ff97ff80000 - 0x00007ff97ff97000 	C:\Program Files\Android\Android Studio\jbr\bin\jli.dll
0x00007ff973bb0000 - 0x00007ff973bcb000 	C:\Program Files\Android\Android Studio\jbr\bin\VCRUNTIME140.dll
0x00007ff9878d0000 - 0x00007ff987a70000 	C:\Windows\System32\USER32.dll
0x00007ff985c60000 - 0x00007ff985c82000 	C:\Windows\System32\win32u.dll
0x00007ff987a70000 - 0x00007ff987a9a000 	C:\Windows\System32\GDI32.dll
0x00007ff985ad0000 - 0x00007ff985bd9000 	C:\Windows\System32\gdi32full.dll
0x00007ff985690000 - 0x00007ff98572d000 	C:\Windows\System32\msvcp_win.dll
0x00007ff975210000 - 0x00007ff9754aa000 	C:\Windows\WinSxS\amd64_microsoft.windows.common-controls_6595b64144ccf1df_6.0.19041.1_none_b555e41d4684ddec\COMCTL32.dll
0x00007ff986210000 - 0x00007ff9862ae000 	C:\Windows\System32\msvcrt.dll
0x00007ff9861e0000 - 0x00007ff986210000 	C:\Windows\System32\IMM32.DLL
0x00007ff97eaa0000 - 0x00007ff97eaac000 	C:\Program Files\Android\Android Studio\jbr\bin\vcruntime140_1.dll
0x00007ff969c20000 - 0x00007ff969cad000 	C:\Program Files\Android\Android Studio\jbr\bin\msvcp140.dll
0x00007ff95a160000 - 0x00007ff95adce000 	C:\Program Files\Android\Android Studio\jbr\bin\server\jvm.dll
0x00007ff9862b0000 - 0x00007ff98635a000 	C:\Windows\System32\ADVAPI32.dll
0x00007ff986360000 - 0x00007ff9863fb000 	C:\Windows\System32\sechost.dll
0x00007ff986600000 - 0x00007ff986723000 	C:\Windows\System32\RPCRT4.dll
0x00007ff971430000 - 0x00007ff971439000 	C:\Windows\SYSTEM32\WSOCK32.dll
0x00007ff986940000 - 0x00007ff9869ab000 	C:\Windows\System32\WS2_32.dll
0x00007ff976c50000 - 0x00007ff976c77000 	C:\Windows\SYSTEM32\WINMM.dll
0x00007ff97a340000 - 0x00007ff97a34a000 	C:\Windows\SYSTEM32\VERSION.dll
0x00007ff983310000 - 0x00007ff983323000 	C:\Windows\SYSTEM32\kernel.appcore.dll
0x00007ff9812c0000 - 0x00007ff9812ca000 	C:\Program Files\Android\Android Studio\jbr\bin\jimage.dll
0x00007ff96f1e0000 - 0x00007ff96f3c4000 	C:\Windows\SYSTEM32\DBGHELP.DLL
0x00007ff96f170000 - 0x00007ff96f19c000 	C:\Windows\SYSTEM32\dbgcore.DLL
0x00007ff985be0000 - 0x00007ff985c5f000 	C:\Windows\System32\bcryptPrimitives.dll
0x00007ff981250000 - 0x00007ff981275000 	C:\Program Files\Android\Android Studio\jbr\bin\java.dll
0x00007ff9812a0000 - 0x00007ff9812b8000 	C:\Program Files\Android\Android Studio\jbr\bin\zip.dll
0x00007ff9869c0000 - 0x00007ff9870f1000 	C:\Windows\System32\SHELL32.dll
0x00007ff983510000 - 0x00007ff983c9a000 	C:\Windows\SYSTEM32\windows.storage.dll
0x00007ff987390000 - 0x00007ff9876e4000 	C:\Windows\System32\combase.dll
0x00007ff984d00000 - 0x00007ff984d2b000 	C:\Windows\SYSTEM32\Wldp.dll
0x00007ff9876f0000 - 0x00007ff98779e000 	C:\Windows\System32\SHCORE.dll
0x00007ff9868e0000 - 0x00007ff986935000 	C:\Windows\System32\shlwapi.dll
0x00007ff985300000 - 0x00007ff98531f000 	C:\Windows\SYSTEM32\profapi.dll
0x00007ff980610000 - 0x00007ff980629000 	C:\Program Files\Android\Android Studio\jbr\bin\net.dll
0x00007ff97d930000 - 0x00007ff97da30000 	C:\Windows\SYSTEM32\WINHTTP.dll
0x00007ff984af0000 - 0x00007ff984b5a000 	C:\Windows\system32\mswsock.dll
0x00007ff980360000 - 0x00007ff980376000 	C:\Program Files\Android\Android Studio\jbr\bin\nio.dll
0x00007ff980600000 - 0x00007ff980610000 	C:\Program Files\Android\Android Studio\jbr\bin\verify.dll
0x00007ff97ea10000 - 0x00007ff97ea37000 	D:\DOWNLOADS\JetPlayer\native\68d5fa5c4cc2d200863cafc0d521ce42e7d3e7ee720ec0a83991735586a16f82\windows-amd64\native-platform.dll
0x00007ff95b070000 - 0x00007ff95b1b4000 	D:\DOWNLOADS\JetPlayer\native\e376f236ea51e6404a007f0833ffe2c6e607c4080706a723a18a27aeea778392\windows-amd64\native-platform-file-events.dll
0x00007ff980350000 - 0x00007ff980359000 	C:\Program Files\Android\Android Studio\jbr\bin\management.dll
0x00007ff980210000 - 0x00007ff98021b000 	C:\Program Files\Android\Android Studio\jbr\bin\management_ext.dll
0x00007ff986730000 - 0x00007ff986738000 	C:\Windows\System32\PSAPI.DLL
0x00007ff9850a0000 - 0x00007ff9850b8000 	C:\Windows\SYSTEM32\CRYPTSP.dll
0x00007ff9844a0000 - 0x00007ff9844d4000 	C:\Windows\system32\rsaenh.dll
0x00007ff9859f0000 - 0x00007ff985a17000 	C:\Windows\System32\bcrypt.dll
0x00007ff985280000 - 0x00007ff9852ae000 	C:\Windows\SYSTEM32\USERENV.dll
0x00007ff984c70000 - 0x00007ff984c7c000 	C:\Windows\SYSTEM32\CRYPTBASE.dll
0x00007ff984800000 - 0x00007ff98483b000 	C:\Windows\SYSTEM32\IPHLPAPI.DLL
0x00007ff986400000 - 0x00007ff986409000 	C:\Windows\System32\NSI.dll
0x00007ff97f3a0000 - 0x00007ff97f3b7000 	C:\Windows\SYSTEM32\dhcpcsvc6.DLL
0x00007ff97f380000 - 0x00007ff97f39d000 	C:\Windows\SYSTEM32\dhcpcsvc.DLL
0x00007ff984840000 - 0x00007ff98490a000 	C:\Windows\SYSTEM32\DNSAPI.dll
0x00007ff980200000 - 0x00007ff980207000 	C:\Windows\system32\wshunix.dll
0x00007ff97c400000 - 0x00007ff97c40a000 	C:\Windows\System32\rasadhlp.dll
0x00007ff97d610000 - 0x00007ff97d68f000 	C:\Windows\System32\fwpuclnt.dll

dbghelp: loaded successfully - version: 4.0.5 - missing functions: none
symbol engine: initialized successfully - sym options: 0x614 - pdb path: .;C:\Program Files\Android\Android Studio\jbr\bin;C:\Windows\SYSTEM32;C:\Windows\WinSxS\amd64_microsoft.windows.common-controls_6595b64144ccf1df_6.0.19041.1_none_b555e41d4684ddec;C:\Program Files\Android\Android Studio\jbr\bin\server;D:\DOWNLOADS\JetPlayer\native\68d5fa5c4cc2d200863cafc0d521ce42e7d3e7ee720ec0a83991735586a16f82\windows-amd64;D:\DOWNLOADS\JetPlayer\native\e376f236ea51e6404a007f0833ffe2c6e607c4080706a723a18a27aeea778392\windows-amd64

VM Arguments:
jvm_args: --add-opens=java.base/java.util=ALL-UNNAMED --add-opens=java.base/java.lang=ALL-UNNAMED --add-opens=java.base/java.lang.invoke=ALL-UNNAMED --add-opens=java.prefs/java.util.prefs=ALL-UNNAMED --add-opens=java.base/java.nio.charset=ALL-UNNAMED --add-opens=java.base/java.net=ALL-UNNAMED --add-opens=java.base/java.util.concurrent.atomic=ALL-UNNAMED -Xmx2048m -Dfile.encoding=UTF-8 -Duser.country=US -Duser.language=en -Duser.variant 
java_command: org.gradle.launcher.daemon.bootstrap.GradleDaemon 8.0
java_class_path (initial): D:\DOWNLOADS\JetPlayer\wrapper\dists\gradle-8.0-bin\ca5e32bp14vu59qr306oxotwh\gradle-8.0\lib\gradle-launcher-8.0.jar
Launcher Type: SUN_STANDARD

[Global flags]
     intx CICompilerCount                          = 3                                         {product} {ergonomic}
     uint ConcGCThreads                            = 1                                         {product} {ergonomic}
     uint G1ConcRefinementThreads                  = 4                                         {product} {ergonomic}
   size_t G1HeapRegionSize                         = 1048576                                   {product} {ergonomic}
    uintx GCDrainStackTargetSize                   = 64                                        {product} {ergonomic}
   size_t InitialHeapSize                          = 132120576                                 {product} {ergonomic}
   size_t MarkStackSize                            = 4194304                                   {product} {ergonomic}
   size_t MaxHeapSize                              = 2147483648                                {product} {command line}
   size_t MaxNewSize                               = 1287651328                                {product} {ergonomic}
   size_t MinHeapDeltaBytes                        = 1048576                                   {product} {ergonomic}
   size_t MinHeapSize                              = 8388608                                   {product} {ergonomic}
    uintx NonNMethodCodeHeapSize                   = 5832780                                {pd product} {ergonomic}
    uintx NonProfiledCodeHeapSize                  = 122912730                              {pd product} {ergonomic}
    uintx ProfiledCodeHeapSize                     = 122912730                              {pd product} {ergonomic}
    uintx ReservedCodeCacheSize                    = 251658240                              {pd product} {ergonomic}
     bool SegmentedCodeCache                       = true                                      {product} {ergonomic}
   size_t SoftMaxHeapSize                          = 2147483648                             {manageable} {ergonomic}
     bool UseCompressedClassPointers               = true                           {product lp64_product} {ergonomic}
     bool UseCompressedOops                        = true                           {product lp64_product} {ergonomic}
     bool UseG1GC                                  = true                                      {product} {ergonomic}
     bool UseLargePagesIndividualAllocation        = false                                  {pd product} {ergonomic}

Logging:
Log output configuration:
 #0: stdout all=warning uptime,level,tags
 #1: stderr all=off uptime,level,tags

Environment Variables:
JAVA_HOME=C:\Program Files\Zulu\zulu-17
PATH=C:\Program Files\Zulu\zulu-17\bin\;C:\Program Files\Common Files\Oracle\Java\javapath;C:\Program Files (x86)\Common Files\Oracle\Java\javapath;C:\Program Files\Zulu\zulu-8\bin\;C:\ProgramData\Oracle\Java\javapath;C:\Windows\system32;C:\Windows;C:\Windows\System32\Wbem;C:\Windows\System32\WindowsPowerShell\v1.0\;C:\Windows\System32\OpenSSH\;C:\Program Files (x86)\dotnet\;C:\Program Files\dotnet\;C:\Program Files (x86)\QuickTime\QTSystem\;D:\DOWNLOADS\gradle-8.3-all\gradle-8.3\bin;C:\Program Files\Git\cmd;C:\Program Files\Java\jdk-21\bin;C:\Users\ACER\AppData\Local\Microsoft\WindowsApps;C:\Users\ACER\AppData\Local\Programs\Microsoft VS Code\bin;C:\Program Files\Java\jdk-21\bin;
USERNAME=ACER
OS=Windows_NT
PROCESSOR_IDENTIFIER=Intel64 Family 6 Model 58 Stepping 9, GenuineIntel
TMP=C:\Users\ACER\AppData\Local\Temp
TEMP=C:\Users\ACER\AppData\Local\Temp


JNI global refs:
JNI global refs: 25, weak refs: 47

JNI global refs memory usage: 843, weak refs: 841


---------------  S Y S T E M  ---------------

OS:
 Windows 10 , 64 bit Build 19041 (10.0.19041.207)
OS uptime: 0 days 3:21 hours
Hyper-V role detected

CPU: total 4 (initial active 4) (2 cores per cpu, 2 threads per core) family 6 model 58 stepping 9 microcode 0x21, cx8, cmov, fxsr, ht, mmx, sse, sse2, sse3, ssse3, sse4.1, sse4.2, popcnt, tsc, tscinvbit, avx, aes, erms, clmul, vzeroupper, clflush, hv

Memory: 4k page, system-wide physical 8030M (986M free)
TotalPageFile size 10078M (AvailPageFile size 89M)
current process WorkingSet (physical memory assigned to process): 559M, peak: 562M
current process commit charge ("private bytes"): 586M, peak: 676M

vm_info: OpenJDK 64-Bit Server VM (17.0.6+0-b2043.56-10027231) for windows-amd64 JRE (17.0.6+0-b2043.56-10027231), built on Apr 28 2023 00:43:19 by "androidbuild" with MS VC++ 16.10 / 16.11 (VS2019)

END.
