#
# There is insufficient memory for the Java Runtime Environment to continue.
# Native memory allocation (malloc) failed to allocate 1327936 bytes for Chunk::new
# Possible reasons:
#   The system is out of physical RAM or swap space
#   The process is running with CompressedOops enabled, and the Java Heap may be blocking the growth of the native heap
# Possible solutions:
#   Reduce memory load on the system
#   Increase physical memory or swap space
#   Check if swap backing store is full
#   Decrease Java heap size (-Xmx/-Xms)
#   Decrease number of Java threads
#   Decrease Java thread stack sizes (-Xss)
#   Set larger code cache with -XX:ReservedCodeCacheSize=
#   JVM is running with Unscaled Compressed Oops mode in which the Java heap is
#     placed in the first 4GB address space. The Java Heap base address is the
#     maximum limit for the native heap growth. Please use -XX:HeapBaseMinAddress
#     to set the Java Heap base and to place the Java Heap above 4GB virtual address.
# This output file may be truncated or incomplete.
#
#  Out of Memory Error (arena.cpp:191), pid=1012, tid=4644
#
# JRE version: OpenJDK Runtime Environment Zulu17.46+19-CA (17.0.9+8) (build 17.0.9+8-LTS)
# Java VM: OpenJDK 64-Bit Server VM Zulu17.46+19-CA (17.0.9+8-LTS, mixed mode, sharing, tiered, compressed oops, compressed class ptrs, g1 gc, windows-amd64)
# No core dump will be written. Minidumps are not enabled by default on client versions of Windows
#

---------------  S U M M A R Y ------------

Command Line: --add-opens=java.base/java.util=ALL-UNNAMED --add-opens=java.base/java.lang=ALL-UNNAMED --add-opens=java.base/java.lang.invoke=ALL-UNNAMED --add-opens=java.prefs/java.util.prefs=ALL-UNNAMED --add-opens=java.base/java.nio.charset=ALL-UNNAMED --add-opens=java.base/java.net=ALL-UNNAMED --add-opens=java.base/java.util.concurrent.atomic=ALL-UNNAMED -Xmx2048m -Dfile.encoding=UTF-8 -Duser.country=US -Duser.language=en -Duser.variant org.gradle.launcher.daemon.bootstrap.GradleDaemon 8.0

Host: Intel(R) Core(TM) i5-3210M CPU @ 2.50GHz, 4 cores, 7G,  Windows 10 , 64 bit Build 19041 (10.0.19041.207)
Time: Mon Jan 22 16:54:52 2024 SE Asia Standard Time elapsed time: 42.914896 seconds (0d 0h 0m 42s)

---------------  T H R E A D  ---------------

Current thread (0x00000293ac101110):  JavaThread "C2 CompilerThread0" daemon [_thread_in_native, id=4644, stack(0x000000a533c00000,0x000000a533d00000)]


Current CompileTask:
C2:  42915 13534 %     4       org.gradle.internal.instantiation.generator.AbstractClassGenerator::inspectType @ 77 (560 bytes)

Stack: [0x000000a533c00000,0x000000a533d00000]
Native frames: (J=compiled Java code, j=interpreted, Vv=VM code, C=native code)
V  [jvm.dll+0x681239]
V  [jvm.dll+0x838dba]
V  [jvm.dll+0x83a87e]
V  [jvm.dll+0x83aee3]
V  [jvm.dll+0x24b92f]
V  [jvm.dll+0xac43c]
V  [jvm.dll+0xaca8c]
V  [jvm.dll+0x36b217]
V  [jvm.dll+0x1bd616]
V  [jvm.dll+0x21a859]
V  [jvm.dll+0x219b21]
V  [jvm.dll+0x1a58ad]
V  [jvm.dll+0x229909]
V  [jvm.dll+0x227acc]
V  [jvm.dll+0x7edea7]
V  [jvm.dll+0x7e825a]
V  [jvm.dll+0x680125]
C  [ucrtbase.dll+0x21542]
C  [KERNEL32.DLL+0x16fd4]
C  [ntdll.dll+0x4cec1]


---------------  P R O C E S S  ---------------

Threads class SMR info:
_java_thread_list=0x00000293f78c24d0, length=83, elements={
0x000002938c516ec0, 0x00000293ac0dee40, 0x00000293ac0dfbe0, 0x00000293ac0ef960,
0x00000293ac0f1250, 0x00000293ac0f1c70, 0x00000293ac0f3560, 0x00000293ac101110,
0x00000293ac0fe060, 0x00000293ac136240, 0x00000293ac36ef20, 0x00000293ac375c50,
0x00000293f3207830, 0x00000293ac4c11f0, 0x00000293f2694030, 0x00000293f26825d0,
0x00000293f3431070, 0x00000293f2eabfc0, 0x00000293f20715d0, 0x00000293f2072a10,
0x00000293f2072500, 0x00000293f2072f20, 0x00000293f2070190, 0x00000293f2070bb0,
0x00000293f2073430, 0x00000293f20710c0, 0x00000293f2073940, 0x00000293f2071ff0,
0x00000293f36ca570, 0x00000293f36cfb80, 0x00000293f36caa80, 0x00000293f36ca060,
0x00000293f36cc3d0, 0x00000293f36cd810, 0x00000293f36cd300, 0x00000293f36cf670,
0x00000293f36d0ab0, 0x00000293f36d14d0, 0x00000293f36d19e0, 0x00000293f36cb9b0,
0x00000293f36cbec0, 0x00000293f36cc8e0, 0x00000293f3d34ce0, 0x00000293f3d32e80,
0x00000293f3d37050, 0x00000293f3d32460, 0x00000293f3d36b40, 0x00000293f3d35c10,
0x00000293f3d33390, 0x00000293f3d347d0, 0x00000293f3d37560, 0x00000293f3d37a70,
0x00000293f3d342c0, 0x00000293f3d389a0, 0x00000293f3d35700, 0x00000293f3d338a0,
0x00000293f3d33db0, 0x00000293f3d31f50, 0x00000293f3d351f0, 0x00000293f3d31a40,
0x00000293f3d37f80, 0x00000293f3d32970, 0x00000293f3d31530, 0x00000293f3d36120,
0x00000293f3d36630, 0x00000293f3d38490, 0x00000293f3d38eb0, 0x00000293f468afc0,
0x00000293f4687300, 0x00000293f4688230, 0x00000293f468b9e0, 0x00000293f46859b0,
0x00000293f4686df0, 0x00000293f468aab0, 0x00000293f468a090, 0x00000293f4688c50,
0x00000293f468bef0, 0x00000293f4687810, 0x00000293f468b4d0, 0x00000293f4689670,
0x00000293f4685ec0, 0x00000293f4687d20, 0x00000293f46854a0
}

Java Threads: ( => current thread )
  0x000002938c516ec0 JavaThread "main" [_thread_blocked, id=8928, stack(0x000000a532f00000,0x000000a533000000)]
  0x00000293ac0dee40 JavaThread "Reference Handler" daemon [_thread_blocked, id=3336, stack(0x000000a533600000,0x000000a533700000)]
  0x00000293ac0dfbe0 JavaThread "Finalizer" daemon [_thread_blocked, id=10868, stack(0x000000a533700000,0x000000a533800000)]
  0x00000293ac0ef960 JavaThread "Signal Dispatcher" daemon [_thread_blocked, id=6300, stack(0x000000a533800000,0x000000a533900000)]
  0x00000293ac0f1250 JavaThread "Attach Listener" daemon [_thread_blocked, id=9616, stack(0x000000a533900000,0x000000a533a00000)]
  0x00000293ac0f1c70 JavaThread "Service Thread" daemon [_thread_blocked, id=7676, stack(0x000000a533a00000,0x000000a533b00000)]
  0x00000293ac0f3560 JavaThread "Monitor Deflation Thread" daemon [_thread_blocked, id=576, stack(0x000000a533b00000,0x000000a533c00000)]
=>0x00000293ac101110 JavaThread "C2 CompilerThread0" daemon [_thread_in_native, id=4644, stack(0x000000a533c00000,0x000000a533d00000)]
  0x00000293ac0fe060 JavaThread "C1 CompilerThread0" daemon [_thread_blocked, id=10544, stack(0x000000a533d00000,0x000000a533e00000)]
  0x00000293ac136240 JavaThread "Sweeper thread" daemon [_thread_blocked, id=9768, stack(0x000000a533e00000,0x000000a533f00000)]
  0x00000293ac36ef20 JavaThread "Common-Cleaner" daemon [_thread_blocked, id=3904, stack(0x000000a533f00000,0x000000a534000000)]
  0x00000293ac375c50 JavaThread "Notification Thread" daemon [_thread_blocked, id=8460, stack(0x000000a534000000,0x000000a534100000)]
  0x00000293f3207830 JavaThread "Daemon health stats" [_thread_blocked, id=2140, stack(0x000000a534600000,0x000000a534700000)]
  0x00000293ac4c11f0 JavaThread "Incoming local TCP Connector on port 52944" [_thread_in_native, id=9472, stack(0x000000a534200000,0x000000a534300000)]
  0x00000293f2694030 JavaThread "Daemon periodic checks" [_thread_blocked, id=1540, stack(0x000000a534800000,0x000000a534900000)]
  0x00000293f26825d0 JavaThread "Daemon" [_thread_blocked, id=10220, stack(0x000000a534900000,0x000000a534a00000)]
  0x00000293f3431070 JavaThread "Handler for socket connection from /127.0.0.1:52944 to /127.0.0.1:52945" [_thread_in_native, id=9576, stack(0x000000a534a00000,0x000000a534b00000)]
  0x00000293f2eabfc0 JavaThread "Cancel handler" [_thread_blocked, id=10320, stack(0x000000a534b00000,0x000000a534c00000)]
  0x00000293f20715d0 JavaThread "Daemon worker" [_thread_in_native, id=5504, stack(0x000000a534c00000,0x000000a534d00000)]
  0x00000293f2072a10 JavaThread "Asynchronous log dispatcher for DefaultDaemonConnection: socket connection from /127.0.0.1:52944 to /127.0.0.1:52945" [_thread_blocked, id=232, stack(0x000000a534d00000,0x000000a534e00000)]
  0x00000293f2072500 JavaThread "Stdin handler" [_thread_blocked, id=8416, stack(0x000000a534e00000,0x000000a534f00000)]
  0x00000293f2072f20 JavaThread "Daemon client event forwarder" [_thread_blocked, id=10988, stack(0x000000a534f00000,0x000000a535000000)]
  0x00000293f2070190 JavaThread "Cache worker for journal cache (D:\DOWNLOADS\JetPlayer\caches\journal-1)" [_thread_blocked, id=10932, stack(0x000000a534700000,0x000000a534800000)]
  0x00000293f2070bb0 JavaThread "File lock request listener" [_thread_in_native, id=988, stack(0x000000a535000000,0x000000a535100000)]
  0x00000293f2073430 JavaThread "Cache worker for file hash cache (D:\DOWNLOADS\JetPlayer\caches\8.0\fileHashes)" [_thread_blocked, id=6224, stack(0x000000a535100000,0x000000a535200000)]
  0x00000293f20710c0 JavaThread "File watcher server" daemon [_thread_in_native, id=7508, stack(0x000000a535300000,0x000000a535400000)]
  0x00000293f2073940 JavaThread "File watcher consumer" daemon [_thread_blocked, id=2200, stack(0x000000a535400000,0x000000a535500000)]
  0x00000293f2071ff0 JavaThread "jar transforms" [_thread_blocked, id=8408, stack(0x000000a535500000,0x000000a535600000)]
  0x00000293f36ca570 JavaThread "jar transforms Thread 2" [_thread_blocked, id=10364, stack(0x000000a535600000,0x000000a535700000)]
  0x00000293f36cfb80 JavaThread "jar transforms Thread 3" [_thread_blocked, id=4384, stack(0x000000a535700000,0x000000a535800000)]
  0x00000293f36caa80 JavaThread "jar transforms Thread 4" [_thread_blocked, id=10020, stack(0x000000a535800000,0x000000a535900000)]
  0x00000293f36ca060 JavaThread "Cache worker for checksums cache (C:\Users\ACER\AndroidStudioProjects\ShoesCare\.gradle\8.0\checksums)" [_thread_blocked, id=8248, stack(0x000000a535200000,0x000000a535300000)]
  0x00000293f36cc3d0 JavaThread "Cache worker for cache directory md-rule (D:\DOWNLOADS\JetPlayer\caches\8.0\md-rule)" [_thread_blocked, id=9944, stack(0x000000a535900000,0x000000a535a00000)]
  0x00000293f36cd810 JavaThread "Cache worker for file content cache (D:\DOWNLOADS\JetPlayer\caches\8.0\fileContent)" [_thread_blocked, id=11236, stack(0x000000a535a00000,0x000000a535b00000)]
  0x00000293f36cd300 JavaThread "Cache worker for file hash cache (C:\Users\ACER\AndroidStudioProjects\ShoesCare\.gradle\8.0\fileHashes)" [_thread_blocked, id=1140, stack(0x000000a535c00000,0x000000a535d00000)]
  0x00000293f36cf670 JavaThread "Cache worker for cache directory md-supplier (D:\DOWNLOADS\JetPlayer\caches\8.0\md-supplier)" [_thread_blocked, id=7124, stack(0x000000a535d00000,0x000000a535e00000)]
  0x00000293f36d0ab0 JavaThread "Cache worker for execution history cache (D:\DOWNLOADS\JetPlayer\caches\8.0\executionHistory)" [_thread_blocked, id=11200, stack(0x000000a535e00000,0x000000a535f00000)]
  0x00000293f36d14d0 JavaThread "Cache worker for kotlin-dsl (D:\DOWNLOADS\JetPlayer\caches\8.0\kotlin-dsl)" [_thread_blocked, id=3340, stack(0x000000a536100000,0x000000a536200000)]
  0x00000293f36d19e0 JavaThread "Cache worker for dependencies-accessors (C:\Users\ACER\AndroidStudioProjects\ShoesCare\.gradle\8.0\dependencies-accessors)" [_thread_blocked, id=7920, stack(0x000000a536200000,0x000000a536300000)]
  0x00000293f36cb9b0 JavaThread "Cache worker for Build Output Cleanup Cache (C:\Users\ACER\AndroidStudioProjects\ShoesCare\.gradle\buildOutputCleanup)" [_thread_blocked, id=9388, stack(0x000000a536300000,0x000000a536400000)]
  0x00000293f36cbec0 JavaThread "Unconstrained build operations" [_thread_blocked, id=2040, stack(0x000000a536400000,0x000000a536500000)]
  0x00000293f36cc8e0 JavaThread "Unconstrained build operations Thread 2" [_thread_blocked, id=7976, stack(0x000000a536500000,0x000000a536600000)]
  0x00000293f3d34ce0 JavaThread "Unconstrained build operations Thread 3" [_thread_blocked, id=6652, stack(0x000000a536600000,0x000000a536700000)]
  0x00000293f3d32e80 JavaThread "Unconstrained build operations Thread 4" [_thread_blocked, id=4492, stack(0x000000a536700000,0x000000a536800000)]
  0x00000293f3d37050 JavaThread "Unconstrained build operations Thread 5" [_thread_blocked, id=2768, stack(0x000000a536800000,0x000000a536900000)]
  0x00000293f3d32460 JavaThread "Unconstrained build operations Thread 6" [_thread_blocked, id=3236, stack(0x000000a536900000,0x000000a536a00000)]
  0x00000293f3d36b40 JavaThread "Unconstrained build operations Thread 7" [_thread_blocked, id=8636, stack(0x000000a536a00000,0x000000a536b00000)]
  0x00000293f3d35c10 JavaThread "Unconstrained build operations Thread 8" [_thread_blocked, id=2184, stack(0x000000a536b00000,0x000000a536c00000)]
  0x00000293f3d33390 JavaThread "Unconstrained build operations Thread 9" [_thread_blocked, id=5012, stack(0x000000a536c00000,0x000000a536d00000)]
  0x00000293f3d347d0 JavaThread "Unconstrained build operations Thread 10" [_thread_blocked, id=1744, stack(0x000000a536d00000,0x000000a536e00000)]
  0x00000293f3d37560 JavaThread "Unconstrained build operations Thread 11" [_thread_blocked, id=3536, stack(0x000000a536e00000,0x000000a536f00000)]
  0x00000293f3d37a70 JavaThread "Unconstrained build operations Thread 12" [_thread_blocked, id=3396, stack(0x000000a536f00000,0x000000a537000000)]
  0x00000293f3d342c0 JavaThread "Unconstrained build operations Thread 13" [_thread_blocked, id=8848, stack(0x000000a537000000,0x000000a537100000)]
  0x00000293f3d389a0 JavaThread "Unconstrained build operations Thread 14" [_thread_blocked, id=7344, stack(0x000000a537100000,0x000000a537200000)]
  0x00000293f3d35700 JavaThread "Unconstrained build operations Thread 15" [_thread_blocked, id=9220, stack(0x000000a537200000,0x000000a537300000)]
  0x00000293f3d338a0 JavaThread "Unconstrained build operations Thread 16" [_thread_blocked, id=7856, stack(0x000000a537300000,0x000000a537400000)]
  0x00000293f3d33db0 JavaThread "Unconstrained build operations Thread 17" [_thread_blocked, id=9376, stack(0x000000a537400000,0x000000a537500000)]
  0x00000293f3d31f50 JavaThread "Unconstrained build operations Thread 18" [_thread_blocked, id=1628, stack(0x000000a537500000,0x000000a537600000)]
  0x00000293f3d351f0 JavaThread "Unconstrained build operations Thread 19" [_thread_blocked, id=9536, stack(0x000000a537600000,0x000000a537700000)]
  0x00000293f3d31a40 JavaThread "Unconstrained build operations Thread 20" [_thread_blocked, id=1300, stack(0x000000a537700000,0x000000a537800000)]
  0x00000293f3d37f80 JavaThread "Unconstrained build operations Thread 21" [_thread_blocked, id=6700, stack(0x000000a537800000,0x000000a537900000)]
  0x00000293f3d32970 JavaThread "Unconstrained build operations Thread 22" [_thread_blocked, id=7216, stack(0x000000a537900000,0x000000a537a00000)]
  0x00000293f3d31530 JavaThread "Unconstrained build operations Thread 23" [_thread_blocked, id=2648, stack(0x000000a537a00000,0x000000a537b00000)]
  0x00000293f3d36120 JavaThread "Unconstrained build operations Thread 24" [_thread_blocked, id=6956, stack(0x000000a537b00000,0x000000a537c00000)]
  0x00000293f3d36630 JavaThread "Unconstrained build operations Thread 25" [_thread_blocked, id=208, stack(0x000000a537c00000,0x000000a537d00000)]
  0x00000293f3d38490 JavaThread "Unconstrained build operations Thread 26" [_thread_blocked, id=3824, stack(0x000000a537d00000,0x000000a537e00000)]
  0x00000293f3d38eb0 JavaThread "Unconstrained build operations Thread 27" [_thread_blocked, id=9452, stack(0x000000a537e00000,0x000000a537f00000)]
  0x00000293f468afc0 JavaThread "Unconstrained build operations Thread 28" [_thread_blocked, id=1492, stack(0x000000a537f00000,0x000000a538000000)]
  0x00000293f4687300 JavaThread "Unconstrained build operations Thread 29" [_thread_blocked, id=7412, stack(0x000000a538000000,0x000000a538100000)]
  0x00000293f4688230 JavaThread "Unconstrained build operations Thread 30" [_thread_blocked, id=6184, stack(0x000000a538100000,0x000000a538200000)]
  0x00000293f468b9e0 JavaThread "Unconstrained build operations Thread 31" [_thread_blocked, id=6080, stack(0x000000a538200000,0x000000a538300000)]
  0x00000293f46859b0 JavaThread "Unconstrained build operations Thread 32" [_thread_blocked, id=6552, stack(0x000000a538300000,0x000000a538400000)]
  0x00000293f4686df0 JavaThread "Unconstrained build operations Thread 33" [_thread_blocked, id=4696, stack(0x000000a538400000,0x000000a538500000)]
  0x00000293f468aab0 JavaThread "Unconstrained build operations Thread 34" [_thread_blocked, id=8324, stack(0x000000a538500000,0x000000a538600000)]
  0x00000293f468a090 JavaThread "Unconstrained build operations Thread 35" [_thread_blocked, id=2076, stack(0x000000a538600000,0x000000a538700000)]
  0x00000293f4688c50 JavaThread "Unconstrained build operations Thread 36" [_thread_blocked, id=4516, stack(0x000000a538700000,0x000000a538800000)]
  0x00000293f468bef0 JavaThread "Unconstrained build operations Thread 37" [_thread_blocked, id=6084, stack(0x000000a538800000,0x000000a538900000)]
  0x00000293f4687810 JavaThread "Unconstrained build operations Thread 38" [_thread_blocked, id=1972, stack(0x000000a538900000,0x000000a538a00000)]
  0x00000293f468b4d0 JavaThread "Unconstrained build operations Thread 39" [_thread_blocked, id=2360, stack(0x000000a538a00000,0x000000a538b00000)]
  0x00000293f4689670 JavaThread "Unconstrained build operations Thread 40" [_thread_blocked, id=4300, stack(0x000000a538b00000,0x000000a538c00000)]
  0x00000293f4685ec0 JavaThread "Memory manager" [_thread_blocked, id=3920, stack(0x000000a538c00000,0x000000a538d00000)]
  0x00000293f4687d20 JavaThread "build event listener" [_thread_blocked, id=2632, stack(0x000000a538d00000,0x000000a538e00000)]
  0x00000293f46854a0 JavaThread "build event listener" [_thread_blocked, id=6464, stack(0x000000a538e00000,0x000000a538f00000)]

Other Threads:
  0x00000293ac0d9a50 VMThread "VM Thread" [stack: 0x000000a533500000,0x000000a533600000] [id=10884]
  0x00000293ac36eb50 WatcherThread [stack: 0x000000a534100000,0x000000a534200000] [id=5876]
  0x000002938c570070 GCTaskThread "GC Thread#0" [stack: 0x000000a533000000,0x000000a533100000] [id=4228]
  0x00000293ac6f8870 GCTaskThread "GC Thread#1" [stack: 0x000000a534300000,0x000000a534400000] [id=8644]
  0x00000293acdfcce0 GCTaskThread "GC Thread#2" [stack: 0x000000a534400000,0x000000a534500000] [id=10616]
  0x00000293f2b12a90 GCTaskThread "GC Thread#3" [stack: 0x000000a534500000,0x000000a534600000] [id=8632]
  0x000002938c581ef0 ConcurrentGCThread "G1 Main Marker" [stack: 0x000000a533100000,0x000000a533200000] [id=8320]
  0x000002938c582fc0 ConcurrentGCThread "G1 Conc#0" [stack: 0x000000a533200000,0x000000a533300000] [id=8224]
  0x000002938c5ddc90 ConcurrentGCThread "G1 Refine#0" [stack: 0x000000a533300000,0x000000a533400000] [id=8592]
  0x00000293f44a80d0 ConcurrentGCThread "G1 Refine#1" [stack: 0x000000a535f00000,0x000000a536000000] [id=8804]
  0x00000293f38f7b00 ConcurrentGCThread "G1 Refine#2" [stack: 0x000000a536000000,0x000000a536100000] [id=3024]
  0x00000293f6208f60 ConcurrentGCThread "G1 Refine#3" [stack: 0x000000a538f00000,0x000000a539000000] [id=10356]
  0x000002938c5de5e0 ConcurrentGCThread "G1 Service" [stack: 0x000000a533400000,0x000000a533500000] [id=1948]

Threads with active compile tasks:
C2 CompilerThread0    42981 13534 %     4       org.gradle.internal.instantiation.generator.AbstractClassGenerator::inspectType @ 77 (560 bytes)

VM state: not at safepoint (normal execution)

VM Mutex/Monitor currently owned by a thread: None

Heap address: 0x0000000080000000, size: 2048 MB, Compressed Oops mode: 32-bit

CDS archive(s) mapped at: [0x00000293ad000000-0x00000293adbd0000-0x00000293adbd0000), size 12386304, SharedBaseAddress: 0x00000293ad000000, ArchiveRelocationMode: 1.
Compressed class space mapped at: 0x00000293ae000000-0x00000293ee000000, reserved size: 1073741824
Narrow klass base: 0x00000293ad000000, Narrow klass shift: 0, Narrow klass range: 0x100000000

GC Precious Log:
 CPUs: 4 total, 4 available
 Memory: 8030M
 Large Page Support: Disabled
 NUMA Support: Disabled
 Compressed Oops: Enabled (32-bit)
 Heap Region Size: 1M
 Heap Min Capacity: 8M
 Heap Initial Capacity: 126M
 Heap Max Capacity: 2G
 Pre-touch: Disabled
 Parallel Workers: 4
 Concurrent Workers: 1
 Concurrent Refinement Workers: 4
 Periodic GC: Disabled

Heap:
 garbage-first heap   total 302080K, used 185220K [0x0000000080000000, 0x0000000100000000)
  region size 1024K, 14 young (14336K), 7 survivors (7168K)
 Metaspace       used 131772K, committed 132544K, reserved 1179648K
  class space    used 17135K, committed 17472K, reserved 1048576K

Heap Regions: E=young(eden), S=young(survivor), O=old, HS=humongous(starts), HC=humongous(continues), CS=collection set, F=free, OA=open archive, CA=closed archive, TAMS=top-at-mark-start (previous, next)
|   0|0x0000000080000000, 0x0000000080100000, 0x0000000080100000|100%| O|  |TAMS 0x0000000080100000, 0x0000000080000000| Untracked 
|   1|0x0000000080100000, 0x0000000080200000, 0x0000000080200000|100%| O|  |TAMS 0x0000000080200000, 0x0000000080100000| Untracked 
|   2|0x0000000080200000, 0x0000000080300000, 0x0000000080300000|100%|HS|  |TAMS 0x0000000080300000, 0x0000000080200000| Complete 
|   3|0x0000000080300000, 0x0000000080400000, 0x0000000080400000|100%|HC|  |TAMS 0x0000000080400000, 0x0000000080300000| Complete 
|   4|0x0000000080400000, 0x0000000080500000, 0x0000000080500000|100%|HC|  |TAMS 0x0000000080500000, 0x0000000080400000| Complete 
|   5|0x0000000080500000, 0x0000000080600000, 0x0000000080600000|100%|HC|  |TAMS 0x0000000080600000, 0x0000000080500000| Complete 
|   6|0x0000000080600000, 0x0000000080700000, 0x0000000080700000|100%| O|  |TAMS 0x0000000080700000, 0x0000000080600000| Untracked 
|   7|0x0000000080700000, 0x0000000080800000, 0x0000000080800000|100%| O|  |TAMS 0x0000000080800000, 0x0000000080700000| Untracked 
|   8|0x0000000080800000, 0x0000000080900000, 0x0000000080900000|100%| O|  |TAMS 0x0000000080900000, 0x0000000080800000| Untracked 
|   9|0x0000000080900000, 0x0000000080a00000, 0x0000000080a00000|100%| O|  |TAMS 0x0000000080a00000, 0x0000000080900000| Untracked 
|  10|0x0000000080a00000, 0x0000000080b00000, 0x0000000080b00000|100%| O|  |TAMS 0x0000000080b00000, 0x0000000080a00000| Untracked 
|  11|0x0000000080b00000, 0x0000000080c00000, 0x0000000080c00000|100%| O|  |TAMS 0x0000000080c00000, 0x0000000080b00000| Untracked 
|  12|0x0000000080c00000, 0x0000000080d00000, 0x0000000080d00000|100%|HS|  |TAMS 0x0000000080d00000, 0x0000000080c00000| Complete 
|  13|0x0000000080d00000, 0x0000000080e00000, 0x0000000080e00000|100%|HC|  |TAMS 0x0000000080e00000, 0x0000000080d00000| Complete 
|  14|0x0000000080e00000, 0x0000000080f00000, 0x0000000080f00000|100%|HS|  |TAMS 0x0000000080f00000, 0x0000000080e00000| Complete 
|  15|0x0000000080f00000, 0x0000000081000000, 0x0000000081000000|100%|HC|  |TAMS 0x0000000081000000, 0x0000000080f00000| Complete 
|  16|0x0000000081000000, 0x0000000081100000, 0x0000000081100000|100%|HC|  |TAMS 0x0000000081100000, 0x0000000081000000| Complete 
|  17|0x0000000081100000, 0x0000000081200000, 0x0000000081200000|100%|HS|  |TAMS 0x0000000081200000, 0x0000000081100000| Complete 
|  18|0x0000000081200000, 0x0000000081300000, 0x0000000081300000|100%|HC|  |TAMS 0x0000000081300000, 0x0000000081200000| Complete 
|  19|0x0000000081300000, 0x0000000081400000, 0x0000000081400000|100%|HC|  |TAMS 0x0000000081400000, 0x0000000081300000| Complete 
|  20|0x0000000081400000, 0x0000000081500000, 0x0000000081500000|100%|HS|  |TAMS 0x0000000081500000, 0x0000000081400000| Complete 
|  21|0x0000000081500000, 0x0000000081600000, 0x0000000081600000|100%|HC|  |TAMS 0x0000000081600000, 0x0000000081500000| Complete 
|  22|0x0000000081600000, 0x0000000081700000, 0x0000000081700000|100%|HC|  |TAMS 0x0000000081700000, 0x0000000081600000| Complete 
|  23|0x0000000081700000, 0x0000000081800000, 0x0000000081800000|100%|HC|  |TAMS 0x0000000081800000, 0x0000000081700000| Complete 
|  24|0x0000000081800000, 0x0000000081900000, 0x0000000081900000|100%|HC|  |TAMS 0x0000000081900000, 0x0000000081800000| Complete 
|  25|0x0000000081900000, 0x0000000081a00000, 0x0000000081a00000|100%|HC|  |TAMS 0x0000000081a00000, 0x0000000081900000| Complete 
|  26|0x0000000081a00000, 0x0000000081b00000, 0x0000000081b00000|100%|HC|  |TAMS 0x0000000081b00000, 0x0000000081a00000| Complete 
|  27|0x0000000081b00000, 0x0000000081c00000, 0x0000000081c00000|100%|HC|  |TAMS 0x0000000081c00000, 0x0000000081b00000| Complete 
|  28|0x0000000081c00000, 0x0000000081d00000, 0x0000000081d00000|100%|HC|  |TAMS 0x0000000081d00000, 0x0000000081c00000| Complete 
|  29|0x0000000081d00000, 0x0000000081e00000, 0x0000000081e00000|100%|HC|  |TAMS 0x0000000081e00000, 0x0000000081d00000| Complete 
|  30|0x0000000081e00000, 0x0000000081f00000, 0x0000000081f00000|100%|HC|  |TAMS 0x0000000081f00000, 0x0000000081e00000| Complete 
|  31|0x0000000081f00000, 0x0000000082000000, 0x0000000082000000|100%|HC|  |TAMS 0x0000000082000000, 0x0000000081f00000| Complete 
|  32|0x0000000082000000, 0x0000000082100000, 0x0000000082100000|100%|HS|  |TAMS 0x0000000082100000, 0x0000000082000000| Complete 
|  33|0x0000000082100000, 0x0000000082200000, 0x0000000082200000|100%|HC|  |TAMS 0x0000000082200000, 0x0000000082100000| Complete 
|  34|0x0000000082200000, 0x0000000082300000, 0x0000000082300000|100%| O|  |TAMS 0x0000000082300000, 0x0000000082200000| Untracked 
|  35|0x0000000082300000, 0x0000000082400000, 0x0000000082400000|100%| O|  |TAMS 0x0000000082400000, 0x0000000082300000| Untracked 
|  36|0x0000000082400000, 0x0000000082500000, 0x0000000082500000|100%| O|  |TAMS 0x0000000082500000, 0x0000000082400000| Untracked 
|  37|0x0000000082500000, 0x0000000082600000, 0x0000000082600000|100%| O|  |TAMS 0x0000000082600000, 0x0000000082500000| Untracked 
|  38|0x0000000082600000, 0x0000000082700000, 0x0000000082700000|100%| O|  |TAMS 0x0000000082700000, 0x0000000082600000| Untracked 
|  39|0x0000000082700000, 0x0000000082800000, 0x0000000082800000|100%| O|  |TAMS 0x0000000082800000, 0x0000000082700000| Untracked 
|  40|0x0000000082800000, 0x0000000082900000, 0x0000000082900000|100%| O|  |TAMS 0x0000000082900000, 0x0000000082800000| Untracked 
|  41|0x0000000082900000, 0x0000000082a00000, 0x0000000082a00000|100%| O|  |TAMS 0x0000000082a00000, 0x0000000082900000| Untracked 
|  42|0x0000000082a00000, 0x0000000082b00000, 0x0000000082b00000|100%| O|  |TAMS 0x0000000082b00000, 0x0000000082a00000| Untracked 
|  43|0x0000000082b00000, 0x0000000082c00000, 0x0000000082c00000|100%| O|  |TAMS 0x0000000082c00000, 0x0000000082b00000| Untracked 
|  44|0x0000000082c00000, 0x0000000082d00000, 0x0000000082d00000|100%| O|  |TAMS 0x0000000082d00000, 0x0000000082c00000| Untracked 
|  45|0x0000000082d00000, 0x0000000082e00000, 0x0000000082e00000|100%| O|  |TAMS 0x0000000082e00000, 0x0000000082d00000| Untracked 
|  46|0x0000000082e00000, 0x0000000082f00000, 0x0000000082f00000|100%| O|  |TAMS 0x0000000082f00000, 0x0000000082e00000| Untracked 
|  47|0x0000000082f00000, 0x0000000083000000, 0x0000000083000000|100%| O|  |TAMS 0x0000000083000000, 0x0000000082f00000| Untracked 
|  48|0x0000000083000000, 0x0000000083100000, 0x0000000083100000|100%| O|  |TAMS 0x0000000083100000, 0x0000000083000000| Untracked 
|  49|0x0000000083100000, 0x0000000083200000, 0x0000000083200000|100%| O|  |TAMS 0x0000000083200000, 0x0000000083100000| Untracked 
|  50|0x0000000083200000, 0x0000000083300000, 0x0000000083300000|100%| O|  |TAMS 0x0000000083300000, 0x0000000083200000| Untracked 
|  51|0x0000000083300000, 0x0000000083400000, 0x0000000083400000|100%| O|  |TAMS 0x0000000083400000, 0x0000000083300000| Untracked 
|  52|0x0000000083400000, 0x0000000083500000, 0x0000000083500000|100%| O|  |TAMS 0x0000000083500000, 0x0000000083400000| Untracked 
|  53|0x0000000083500000, 0x0000000083600000, 0x0000000083600000|100%| O|  |TAMS 0x0000000083600000, 0x0000000083500000| Untracked 
|  54|0x0000000083600000, 0x0000000083700000, 0x0000000083700000|100%| O|  |TAMS 0x0000000083700000, 0x0000000083600000| Untracked 
|  55|0x0000000083700000, 0x0000000083800000, 0x0000000083800000|100%| O|  |TAMS 0x0000000083800000, 0x0000000083700000| Untracked 
|  56|0x0000000083800000, 0x0000000083900000, 0x0000000083900000|100%| O|  |TAMS 0x0000000083900000, 0x0000000083800000| Untracked 
|  57|0x0000000083900000, 0x0000000083a00000, 0x0000000083a00000|100%| O|  |TAMS 0x0000000083a00000, 0x0000000083900000| Untracked 
|  58|0x0000000083a00000, 0x0000000083b00000, 0x0000000083b00000|100%|HS|  |TAMS 0x0000000083b00000, 0x0000000083a00000| Complete 
|  59|0x0000000083b00000, 0x0000000083c00000, 0x0000000083c00000|100%|HC|  |TAMS 0x0000000083c00000, 0x0000000083b00000| Complete 
|  60|0x0000000083c00000, 0x0000000083d00000, 0x0000000083d00000|100%|HC|  |TAMS 0x0000000083d00000, 0x0000000083c00000| Complete 
|  61|0x0000000083d00000, 0x0000000083e00000, 0x0000000083e00000|100%|HS|  |TAMS 0x0000000083e00000, 0x0000000083d00000| Complete 
|  62|0x0000000083e00000, 0x0000000083f00000, 0x0000000083f00000|100%|HC|  |TAMS 0x0000000083f00000, 0x0000000083e00000| Complete 
|  63|0x0000000083f00000, 0x0000000084000000, 0x0000000084000000|100%|HC|  |TAMS 0x0000000084000000, 0x0000000083f00000| Complete 
|  64|0x0000000084000000, 0x0000000084100000, 0x0000000084100000|100%| O|  |TAMS 0x0000000084100000, 0x0000000084000000| Untracked 
|  65|0x0000000084100000, 0x0000000084200000, 0x0000000084200000|100%| O|  |TAMS 0x0000000084200000, 0x0000000084100000| Untracked 
|  66|0x0000000084200000, 0x0000000084300000, 0x0000000084300000|100%| O|  |TAMS 0x0000000084300000, 0x0000000084200000| Untracked 
|  67|0x0000000084300000, 0x0000000084400000, 0x0000000084400000|100%| O|  |TAMS 0x0000000084400000, 0x0000000084300000| Untracked 
|  68|0x0000000084400000, 0x0000000084500000, 0x0000000084500000|100%| O|  |TAMS 0x0000000084500000, 0x0000000084400000| Untracked 
|  69|0x0000000084500000, 0x0000000084600000, 0x0000000084600000|100%| O|  |TAMS 0x0000000084600000, 0x0000000084500000| Untracked 
|  70|0x0000000084600000, 0x0000000084700000, 0x0000000084700000|100%| O|  |TAMS 0x0000000084700000, 0x0000000084600000| Untracked 
|  71|0x0000000084700000, 0x0000000084800000, 0x0000000084800000|100%| O|  |TAMS 0x0000000084800000, 0x0000000084700000| Untracked 
|  72|0x0000000084800000, 0x0000000084900000, 0x0000000084900000|100%| O|  |TAMS 0x0000000084900000, 0x0000000084800000| Untracked 
|  73|0x0000000084900000, 0x0000000084a00000, 0x0000000084a00000|100%|HS|  |TAMS 0x0000000084a00000, 0x0000000084900000| Complete 
|  74|0x0000000084a00000, 0x0000000084b00000, 0x0000000084b00000|100%|HS|  |TAMS 0x0000000084b00000, 0x0000000084a00000| Complete 
|  75|0x0000000084b00000, 0x0000000084c00000, 0x0000000084c00000|100%|HS|  |TAMS 0x0000000084c00000, 0x0000000084b00000| Complete 
|  76|0x0000000084c00000, 0x0000000084d00000, 0x0000000084d00000|100%|HS|  |TAMS 0x0000000084d00000, 0x0000000084c00000| Complete 
|  77|0x0000000084d00000, 0x0000000084e00000, 0x0000000084e00000|100%|HC|  |TAMS 0x0000000084e00000, 0x0000000084d00000| Complete 
|  78|0x0000000084e00000, 0x0000000084f00000, 0x0000000084f00000|100%|HS|  |TAMS 0x0000000084f00000, 0x0000000084e00000| Complete 
|  79|0x0000000084f00000, 0x0000000085000000, 0x0000000085000000|100%|HC|  |TAMS 0x0000000085000000, 0x0000000084f00000| Complete 
|  80|0x0000000085000000, 0x0000000085100000, 0x0000000085100000|100%|HC|  |TAMS 0x0000000085100000, 0x0000000085000000| Complete 
|  81|0x0000000085100000, 0x0000000085200000, 0x0000000085200000|100%|HC|  |TAMS 0x0000000085200000, 0x0000000085100000| Complete 
|  82|0x0000000085200000, 0x0000000085300000, 0x0000000085300000|100%| O|  |TAMS 0x0000000085300000, 0x0000000085200000| Untracked 
|  83|0x0000000085300000, 0x0000000085400000, 0x0000000085400000|100%| O|  |TAMS 0x0000000085400000, 0x0000000085300000| Untracked 
|  84|0x0000000085400000, 0x0000000085400000, 0x0000000085500000|  0%| F|  |TAMS 0x0000000085400000, 0x0000000085400000| Untracked 
|  85|0x0000000085500000, 0x0000000085500000, 0x0000000085600000|  0%| F|  |TAMS 0x0000000085500000, 0x0000000085500000| Untracked 
|  86|0x0000000085600000, 0x0000000085700000, 0x0000000085700000|100%| O|  |TAMS 0x0000000085700000, 0x0000000085600000| Untracked 
|  87|0x0000000085700000, 0x0000000085800000, 0x0000000085800000|100%| O|  |TAMS 0x0000000085800000, 0x0000000085700000| Untracked 
|  88|0x0000000085800000, 0x0000000085900000, 0x0000000085900000|100%| O|  |TAMS 0x0000000085900000, 0x0000000085800000| Untracked 
|  89|0x0000000085900000, 0x0000000085a00000, 0x0000000085a00000|100%| O|  |TAMS 0x0000000085a00000, 0x0000000085900000| Untracked 
|  90|0x0000000085a00000, 0x0000000085b00000, 0x0000000085b00000|100%| O|  |TAMS 0x0000000085b00000, 0x0000000085a00000| Untracked 
|  91|0x0000000085b00000, 0x0000000085c00000, 0x0000000085c00000|100%| O|  |TAMS 0x0000000085c00000, 0x0000000085b00000| Untracked 
|  92|0x0000000085c00000, 0x0000000085d00000, 0x0000000085d00000|100%| O|  |TAMS 0x0000000085d00000, 0x0000000085c00000| Untracked 
|  93|0x0000000085d00000, 0x0000000085e00000, 0x0000000085e00000|100%| O|  |TAMS 0x0000000085e00000, 0x0000000085d00000| Untracked 
|  94|0x0000000085e00000, 0x0000000085f00000, 0x0000000085f00000|100%| O|  |TAMS 0x0000000085f00000, 0x0000000085e00000| Untracked 
|  95|0x0000000085f00000, 0x0000000086000000, 0x0000000086000000|100%| O|  |TAMS 0x0000000086000000, 0x0000000085f00000| Untracked 
|  96|0x0000000086000000, 0x0000000086100000, 0x0000000086100000|100%| O|  |TAMS 0x0000000086100000, 0x0000000086000000| Untracked 
|  97|0x0000000086100000, 0x0000000086200000, 0x0000000086200000|100%| O|  |TAMS 0x0000000086200000, 0x0000000086100000| Untracked 
|  98|0x0000000086200000, 0x0000000086300000, 0x0000000086300000|100%| O|  |TAMS 0x0000000086300000, 0x0000000086200000| Untracked 
|  99|0x0000000086300000, 0x0000000086400000, 0x0000000086400000|100%|HS|  |TAMS 0x0000000086400000, 0x0000000086300000| Complete 
| 100|0x0000000086400000, 0x0000000086500000, 0x0000000086500000|100%|HC|  |TAMS 0x0000000086500000, 0x0000000086400000| Complete 
| 101|0x0000000086500000, 0x0000000086600000, 0x0000000086600000|100%|HC|  |TAMS 0x0000000086600000, 0x0000000086500000| Complete 
| 102|0x0000000086600000, 0x0000000086700000, 0x0000000086700000|100%|HC|  |TAMS 0x0000000086700000, 0x0000000086600000| Complete 
| 103|0x0000000086700000, 0x0000000086800000, 0x0000000086800000|100%| O|  |TAMS 0x0000000086800000, 0x0000000086700000| Untracked 
| 104|0x0000000086800000, 0x0000000086900000, 0x0000000086900000|100%| O|  |TAMS 0x0000000086900000, 0x0000000086800000| Untracked 
| 105|0x0000000086900000, 0x0000000086a00000, 0x0000000086a00000|100%| O|  |TAMS 0x0000000086a00000, 0x0000000086900000| Untracked 
| 106|0x0000000086a00000, 0x0000000086b00000, 0x0000000086b00000|100%| O|  |TAMS 0x0000000086b00000, 0x0000000086a00000| Untracked 
| 107|0x0000000086b00000, 0x0000000086c00000, 0x0000000086c00000|100%| O|  |TAMS 0x0000000086c00000, 0x0000000086b00000| Untracked 
| 108|0x0000000086c00000, 0x0000000086d00000, 0x0000000086d00000|100%| O|  |TAMS 0x0000000086d00000, 0x0000000086c00000| Untracked 
| 109|0x0000000086d00000, 0x0000000086e00000, 0x0000000086e00000|100%| O|  |TAMS 0x0000000086e00000, 0x0000000086d00000| Untracked 
| 110|0x0000000086e00000, 0x0000000086f00000, 0x0000000086f00000|100%| O|  |TAMS 0x0000000086f00000, 0x0000000086e00000| Untracked 
| 111|0x0000000086f00000, 0x0000000087000000, 0x0000000087000000|100%| O|  |TAMS 0x0000000087000000, 0x0000000086f00000| Untracked 
| 112|0x0000000087000000, 0x0000000087100000, 0x0000000087100000|100%|HS|  |TAMS 0x0000000087100000, 0x0000000087000000| Complete 
| 113|0x0000000087100000, 0x0000000087200000, 0x0000000087200000|100%|HC|  |TAMS 0x0000000087200000, 0x0000000087100000| Complete 
| 114|0x0000000087200000, 0x0000000087300000, 0x0000000087300000|100%|HC|  |TAMS 0x0000000087300000, 0x0000000087200000| Complete 
| 115|0x0000000087300000, 0x0000000087400000, 0x0000000087400000|100%|HC|  |TAMS 0x0000000087400000, 0x0000000087300000| Complete 
| 116|0x0000000087400000, 0x0000000087500000, 0x0000000087500000|100%|HC|  |TAMS 0x0000000087500000, 0x0000000087400000| Complete 
| 117|0x0000000087500000, 0x0000000087600000, 0x0000000087600000|100%|HC|  |TAMS 0x0000000087600000, 0x0000000087500000| Complete 
| 118|0x0000000087600000, 0x0000000087700000, 0x0000000087700000|100%| O|  |TAMS 0x0000000087700000, 0x0000000087600000| Untracked 
| 119|0x0000000087700000, 0x0000000087800000, 0x0000000087800000|100%| O|  |TAMS 0x0000000087800000, 0x0000000087700000| Untracked 
| 120|0x0000000087800000, 0x0000000087900000, 0x0000000087900000|100%| O|  |TAMS 0x0000000087900000, 0x0000000087800000| Untracked 
| 121|0x0000000087900000, 0x0000000087900000, 0x0000000087a00000|  0%| F|  |TAMS 0x0000000087900000, 0x0000000087900000| Untracked 
| 122|0x0000000087a00000, 0x0000000087b00000, 0x0000000087b00000|100%| O|  |TAMS 0x0000000087b00000, 0x0000000087a00000| Untracked 
| 123|0x0000000087b00000, 0x0000000087c00000, 0x0000000087c00000|100%| O|  |TAMS 0x0000000087c00000, 0x0000000087b00000| Untracked 
| 124|0x0000000087c00000, 0x0000000087d00000, 0x0000000087d00000|100%| O|  |TAMS 0x0000000087d00000, 0x0000000087c00000| Untracked 
| 125|0x0000000087d00000, 0x0000000087e00000, 0x0000000087e00000|100%| O|  |TAMS 0x0000000087e00000, 0x0000000087d00000| Untracked 
| 126|0x0000000087e00000, 0x0000000087f00000, 0x0000000087f00000|100%| O|  |TAMS 0x0000000087f00000, 0x0000000087e00000| Untracked 
| 127|0x0000000087f00000, 0x0000000088000000, 0x0000000088000000|100%| O|  |TAMS 0x0000000088000000, 0x0000000087f00000| Untracked 
| 128|0x0000000088000000, 0x0000000088100000, 0x0000000088100000|100%| O|  |TAMS 0x0000000088100000, 0x0000000088000000| Untracked 
| 129|0x0000000088100000, 0x0000000088200000, 0x0000000088200000|100%| O|  |TAMS 0x0000000088200000, 0x0000000088100000| Untracked 
| 130|0x0000000088200000, 0x0000000088300000, 0x0000000088300000|100%| O|  |TAMS 0x0000000088300000, 0x0000000088200000| Untracked 
| 131|0x0000000088300000, 0x0000000088400000, 0x0000000088400000|100%| O|  |TAMS 0x0000000088400000, 0x0000000088300000| Untracked 
| 132|0x0000000088400000, 0x0000000088500000, 0x0000000088500000|100%| O|  |TAMS 0x0000000088500000, 0x0000000088400000| Untracked 
| 133|0x0000000088500000, 0x0000000088600000, 0x0000000088600000|100%| O|  |TAMS 0x0000000088600000, 0x0000000088500000| Untracked 
| 134|0x0000000088600000, 0x0000000088700000, 0x0000000088700000|100%| O|  |TAMS 0x0000000088700000, 0x0000000088600000| Untracked 
| 135|0x0000000088700000, 0x0000000088800000, 0x0000000088800000|100%| O|  |TAMS 0x0000000088800000, 0x0000000088700000| Untracked 
| 136|0x0000000088800000, 0x0000000088900000, 0x0000000088900000|100%| O|  |TAMS 0x0000000088900000, 0x0000000088800000| Untracked 
| 137|0x0000000088900000, 0x0000000088a00000, 0x0000000088a00000|100%| O|  |TAMS 0x0000000088a00000, 0x0000000088900000| Untracked 
| 138|0x0000000088a00000, 0x0000000088b00000, 0x0000000088b00000|100%| O|  |TAMS 0x0000000088b00000, 0x0000000088a00000| Untracked 
| 139|0x0000000088b00000, 0x0000000088c00000, 0x0000000088c00000|100%| O|  |TAMS 0x0000000088c00000, 0x0000000088b00000| Untracked 
| 140|0x0000000088c00000, 0x0000000088d00000, 0x0000000088d00000|100%| O|  |TAMS 0x0000000088d00000, 0x0000000088c00000| Untracked 
| 141|0x0000000088d00000, 0x0000000088e00000, 0x0000000088e00000|100%| O|  |TAMS 0x0000000088e00000, 0x0000000088d00000| Untracked 
| 142|0x0000000088e00000, 0x0000000088f00000, 0x0000000088f00000|100%| O|  |TAMS 0x0000000088f00000, 0x0000000088e00000| Untracked 
| 143|0x0000000088f00000, 0x0000000089000000, 0x0000000089000000|100%| O|  |TAMS 0x0000000089000000, 0x0000000088f00000| Untracked 
| 144|0x0000000089000000, 0x0000000089100000, 0x0000000089100000|100%| O|  |TAMS 0x0000000089100000, 0x0000000089000000| Untracked 
| 145|0x0000000089100000, 0x0000000089200000, 0x0000000089200000|100%| O|  |TAMS 0x0000000089200000, 0x0000000089100000| Untracked 
| 146|0x0000000089200000, 0x0000000089300000, 0x0000000089300000|100%| O|  |TAMS 0x0000000089300000, 0x0000000089200000| Untracked 
| 147|0x0000000089300000, 0x0000000089400000, 0x0000000089400000|100%| O|  |TAMS 0x0000000089400000, 0x0000000089300000| Complete 
| 148|0x0000000089400000, 0x0000000089500000, 0x0000000089500000|100%| O|  |TAMS 0x0000000089500000, 0x0000000089400000| Untracked 
| 149|0x0000000089500000, 0x0000000089600000, 0x0000000089600000|100%| O|  |TAMS 0x0000000089600000, 0x0000000089500000| Untracked 
| 150|0x0000000089600000, 0x0000000089700000, 0x0000000089700000|100%| O|  |TAMS 0x0000000089700000, 0x0000000089600000| Untracked 
| 151|0x0000000089700000, 0x0000000089800000, 0x0000000089800000|100%| O|  |TAMS 0x0000000089800000, 0x0000000089700000| Untracked 
| 152|0x0000000089800000, 0x0000000089900000, 0x0000000089900000|100%| O|  |TAMS 0x0000000089900000, 0x0000000089800000| Untracked 
| 153|0x0000000089900000, 0x0000000089a00000, 0x0000000089a00000|100%| O|  |TAMS 0x0000000089a00000, 0x0000000089900000| Untracked 
| 154|0x0000000089a00000, 0x0000000089b00000, 0x0000000089b00000|100%| O|  |TAMS 0x0000000089b00000, 0x0000000089a00000| Complete 
| 155|0x0000000089b00000, 0x0000000089c00000, 0x0000000089c00000|100%| O|  |TAMS 0x0000000089c00000, 0x0000000089b00000| Untracked 
| 156|0x0000000089c00000, 0x0000000089d00000, 0x0000000089d00000|100%| O|  |TAMS 0x0000000089d00000, 0x0000000089c00000| Untracked 
| 157|0x0000000089d00000, 0x0000000089e00000, 0x0000000089e00000|100%| O|  |TAMS 0x0000000089e00000, 0x0000000089d00000| Untracked 
| 158|0x0000000089e00000, 0x0000000089f00000, 0x0000000089f00000|100%| O|  |TAMS 0x0000000089f00000, 0x0000000089e00000| Untracked 
| 159|0x0000000089f00000, 0x000000008a000000, 0x000000008a000000|100%| O|  |TAMS 0x000000008a000000, 0x0000000089f00000| Untracked 
| 160|0x000000008a000000, 0x000000008a100000, 0x000000008a100000|100%| O|  |TAMS 0x000000008a100000, 0x000000008a000000| Untracked 
| 161|0x000000008a100000, 0x000000008a200000, 0x000000008a200000|100%| O|  |TAMS 0x000000008a200000, 0x000000008a100000| Untracked 
| 162|0x000000008a200000, 0x000000008a300000, 0x000000008a300000|100%| O|  |TAMS 0x000000008a300000, 0x000000008a200000| Untracked 
| 163|0x000000008a300000, 0x000000008a400000, 0x000000008a400000|100%| O|  |TAMS 0x000000008a400000, 0x000000008a300000| Untracked 
| 164|0x000000008a400000, 0x000000008a500000, 0x000000008a500000|100%| O|  |TAMS 0x000000008a500000, 0x000000008a400000| Untracked 
| 165|0x000000008a500000, 0x000000008a600000, 0x000000008a600000|100%| O|  |TAMS 0x000000008a600000, 0x000000008a500000| Untracked 
| 166|0x000000008a600000, 0x000000008a700000, 0x000000008a700000|100%| O|  |TAMS 0x000000008a700000, 0x000000008a600000| Untracked 
| 167|0x000000008a700000, 0x000000008a800000, 0x000000008a800000|100%| O|  |TAMS 0x000000008a800000, 0x000000008a700000| Untracked 
| 168|0x000000008a800000, 0x000000008a900000, 0x000000008a900000|100%| O|  |TAMS 0x000000008a900000, 0x000000008a800000| Untracked 
| 169|0x000000008a900000, 0x000000008aa00000, 0x000000008aa00000|100%| O|  |TAMS 0x000000008aa00000, 0x000000008a900000| Untracked 
| 170|0x000000008aa00000, 0x000000008ab00000, 0x000000008ab00000|100%| O|  |TAMS 0x000000008ab00000, 0x000000008aa00000| Untracked 
| 171|0x000000008ab00000, 0x000000008ab49400, 0x000000008ac00000| 28%| O|  |TAMS 0x000000008ab49400, 0x000000008ab00000| Untracked 
| 172|0x000000008ac00000, 0x000000008ac00000, 0x000000008ad00000|  0%| F|  |TAMS 0x000000008ac00000, 0x000000008ac00000| Untracked 
| 173|0x000000008ad00000, 0x000000008ad00000, 0x000000008ae00000|  0%| F|  |TAMS 0x000000008ad00000, 0x000000008ad00000| Untracked 
| 174|0x000000008ae00000, 0x000000008ae00000, 0x000000008af00000|  0%| F|  |TAMS 0x000000008ae00000, 0x000000008ae00000| Untracked 
| 175|0x000000008af00000, 0x000000008af00000, 0x000000008b000000|  0%| F|  |TAMS 0x000000008af00000, 0x000000008af00000| Untracked 
| 176|0x000000008b000000, 0x000000008b000000, 0x000000008b100000|  0%| F|  |TAMS 0x000000008b000000, 0x000000008b000000| Untracked 
| 177|0x000000008b100000, 0x000000008b100000, 0x000000008b200000|  0%| F|  |TAMS 0x000000008b100000, 0x000000008b100000| Untracked 
| 178|0x000000008b200000, 0x000000008b200000, 0x000000008b300000|  0%| F|  |TAMS 0x000000008b200000, 0x000000008b200000| Untracked 
| 179|0x000000008b300000, 0x000000008b300000, 0x000000008b400000|  0%| F|  |TAMS 0x000000008b300000, 0x000000008b300000| Untracked 
| 180|0x000000008b400000, 0x000000008b400000, 0x000000008b500000|  0%| F|  |TAMS 0x000000008b400000, 0x000000008b400000| Untracked 
| 181|0x000000008b500000, 0x000000008b500000, 0x000000008b600000|  0%| F|  |TAMS 0x000000008b500000, 0x000000008b500000| Untracked 
| 182|0x000000008b600000, 0x000000008b600000, 0x000000008b700000|  0%| F|  |TAMS 0x000000008b600000, 0x000000008b600000| Untracked 
| 183|0x000000008b700000, 0x000000008b700000, 0x000000008b800000|  0%| F|  |TAMS 0x000000008b700000, 0x000000008b700000| Untracked 
| 184|0x000000008b800000, 0x000000008b800000, 0x000000008b900000|  0%| F|  |TAMS 0x000000008b800000, 0x000000008b800000| Untracked 
| 185|0x000000008b900000, 0x000000008b900000, 0x000000008ba00000|  0%| F|  |TAMS 0x000000008b900000, 0x000000008b900000| Untracked 
| 186|0x000000008ba00000, 0x000000008ba00000, 0x000000008bb00000|  0%| F|  |TAMS 0x000000008ba00000, 0x000000008ba00000| Untracked 
| 187|0x000000008bb00000, 0x000000008bb00000, 0x000000008bc00000|  0%| F|  |TAMS 0x000000008bb00000, 0x000000008bb00000| Untracked 
| 188|0x000000008bc00000, 0x000000008bc00000, 0x000000008bd00000|  0%| F|  |TAMS 0x000000008bc00000, 0x000000008bc00000| Untracked 
| 189|0x000000008bd00000, 0x000000008bd00000, 0x000000008be00000|  0%| F|  |TAMS 0x000000008bd00000, 0x000000008bd00000| Untracked 
| 190|0x000000008be00000, 0x000000008be00000, 0x000000008bf00000|  0%| F|  |TAMS 0x000000008be00000, 0x000000008be00000| Untracked 
| 191|0x000000008bf00000, 0x000000008bf00000, 0x000000008c000000|  0%| F|  |TAMS 0x000000008bf00000, 0x000000008bf00000| Untracked 
| 192|0x000000008c000000, 0x000000008c000000, 0x000000008c100000|  0%| F|  |TAMS 0x000000008c000000, 0x000000008c000000| Untracked 
| 193|0x000000008c100000, 0x000000008c100000, 0x000000008c200000|  0%| F|  |TAMS 0x000000008c100000, 0x000000008c100000| Untracked 
| 194|0x000000008c200000, 0x000000008c200000, 0x000000008c300000|  0%| F|  |TAMS 0x000000008c200000, 0x000000008c200000| Untracked 
| 195|0x000000008c300000, 0x000000008c300000, 0x000000008c400000|  0%| F|  |TAMS 0x000000008c300000, 0x000000008c300000| Untracked 
| 196|0x000000008c400000, 0x000000008c400000, 0x000000008c500000|  0%| F|  |TAMS 0x000000008c400000, 0x000000008c400000| Untracked 
| 197|0x000000008c500000, 0x000000008c500000, 0x000000008c600000|  0%| F|  |TAMS 0x000000008c500000, 0x000000008c500000| Untracked 
| 198|0x000000008c600000, 0x000000008c600000, 0x000000008c700000|  0%| F|  |TAMS 0x000000008c600000, 0x000000008c600000| Untracked 
| 199|0x000000008c700000, 0x000000008c700000, 0x000000008c800000|  0%| F|  |TAMS 0x000000008c700000, 0x000000008c700000| Untracked 
| 200|0x000000008c800000, 0x000000008c800000, 0x000000008c900000|  0%| F|  |TAMS 0x000000008c800000, 0x000000008c800000| Untracked 
| 201|0x000000008c900000, 0x000000008c900000, 0x000000008ca00000|  0%| F|  |TAMS 0x000000008c900000, 0x000000008c900000| Untracked 
| 202|0x000000008ca00000, 0x000000008ca00000, 0x000000008cb00000|  0%| F|  |TAMS 0x000000008ca00000, 0x000000008ca00000| Untracked 
| 203|0x000000008cb00000, 0x000000008cb00000, 0x000000008cc00000|  0%| F|  |TAMS 0x000000008cb00000, 0x000000008cb00000| Untracked 
| 204|0x000000008cc00000, 0x000000008cc00000, 0x000000008cd00000|  0%| F|  |TAMS 0x000000008cc00000, 0x000000008cc00000| Untracked 
| 205|0x000000008cd00000, 0x000000008cd00000, 0x000000008ce00000|  0%| F|  |TAMS 0x000000008cd00000, 0x000000008cd00000| Untracked 
| 206|0x000000008ce00000, 0x000000008ce00000, 0x000000008cf00000|  0%| F|  |TAMS 0x000000008ce00000, 0x000000008ce00000| Untracked 
| 207|0x000000008cf00000, 0x000000008cf00000, 0x000000008d000000|  0%| F|  |TAMS 0x000000008cf00000, 0x000000008cf00000| Untracked 
| 208|0x000000008d000000, 0x000000008d000000, 0x000000008d100000|  0%| F|  |TAMS 0x000000008d000000, 0x000000008d000000| Untracked 
| 209|0x000000008d100000, 0x000000008d100000, 0x000000008d200000|  0%| F|  |TAMS 0x000000008d100000, 0x000000008d100000| Untracked 
| 210|0x000000008d200000, 0x000000008d200000, 0x000000008d300000|  0%| F|  |TAMS 0x000000008d200000, 0x000000008d200000| Untracked 
| 211|0x000000008d300000, 0x000000008d300000, 0x000000008d400000|  0%| F|  |TAMS 0x000000008d300000, 0x000000008d300000| Untracked 
| 212|0x000000008d400000, 0x000000008d497c50, 0x000000008d500000| 59%| S|CS|TAMS 0x000000008d400000, 0x000000008d400000| Complete 
| 213|0x000000008d500000, 0x000000008d600000, 0x000000008d600000|100%| S|CS|TAMS 0x000000008d500000, 0x000000008d500000| Complete 
| 214|0x000000008d600000, 0x000000008d600000, 0x000000008d700000|  0%| F|  |TAMS 0x000000008d600000, 0x000000008d600000| Untracked 
| 215|0x000000008d700000, 0x000000008d700000, 0x000000008d800000|  0%| F|  |TAMS 0x000000008d700000, 0x000000008d700000| Untracked 
| 216|0x000000008d800000, 0x000000008d800000, 0x000000008d900000|  0%| F|  |TAMS 0x000000008d800000, 0x000000008d800000| Untracked 
| 217|0x000000008d900000, 0x000000008d900000, 0x000000008da00000|  0%| F|  |TAMS 0x000000008d900000, 0x000000008d900000| Untracked 
| 218|0x000000008da00000, 0x000000008db00000, 0x000000008db00000|100%| S|CS|TAMS 0x000000008da00000, 0x000000008da00000| Complete 
| 219|0x000000008db00000, 0x000000008dc00000, 0x000000008dc00000|100%| S|CS|TAMS 0x000000008db00000, 0x000000008db00000| Complete 
| 220|0x000000008dc00000, 0x000000008dd00000, 0x000000008dd00000|100%| S|CS|TAMS 0x000000008dc00000, 0x000000008dc00000| Complete 
| 221|0x000000008dd00000, 0x000000008de00000, 0x000000008de00000|100%| S|CS|TAMS 0x000000008dd00000, 0x000000008dd00000| Complete 
| 222|0x000000008de00000, 0x000000008df00000, 0x000000008df00000|100%| S|CS|TAMS 0x000000008de00000, 0x000000008de00000| Complete 
| 223|0x000000008df00000, 0x000000008df00000, 0x000000008e000000|  0%| F|  |TAMS 0x000000008df00000, 0x000000008df00000| Untracked 
| 224|0x000000008e000000, 0x000000008e000000, 0x000000008e100000|  0%| F|  |TAMS 0x000000008e000000, 0x000000008e000000| Untracked 
| 225|0x000000008e100000, 0x000000008e100000, 0x000000008e200000|  0%| F|  |TAMS 0x000000008e100000, 0x000000008e100000| Untracked 
| 226|0x000000008e200000, 0x000000008e200000, 0x000000008e300000|  0%| F|  |TAMS 0x000000008e200000, 0x000000008e200000| Untracked 
| 227|0x000000008e300000, 0x000000008e300000, 0x000000008e400000|  0%| F|  |TAMS 0x000000008e300000, 0x000000008e300000| Untracked 
| 228|0x000000008e400000, 0x000000008e400000, 0x000000008e500000|  0%| F|  |TAMS 0x000000008e400000, 0x000000008e400000| Untracked 
| 229|0x000000008e500000, 0x000000008e500000, 0x000000008e600000|  0%| F|  |TAMS 0x000000008e500000, 0x000000008e500000| Untracked 
| 230|0x000000008e600000, 0x000000008e600000, 0x000000008e700000|  0%| F|  |TAMS 0x000000008e600000, 0x000000008e600000| Untracked 
| 231|0x000000008e700000, 0x000000008e700000, 0x000000008e800000|  0%| F|  |TAMS 0x000000008e700000, 0x000000008e700000| Untracked 
| 232|0x000000008e800000, 0x000000008e800000, 0x000000008e900000|  0%| F|  |TAMS 0x000000008e800000, 0x000000008e800000| Untracked 
| 233|0x000000008e900000, 0x000000008e900000, 0x000000008ea00000|  0%| F|  |TAMS 0x000000008e900000, 0x000000008e900000| Untracked 
| 234|0x000000008ea00000, 0x000000008ea00000, 0x000000008eb00000|  0%| F|  |TAMS 0x000000008ea00000, 0x000000008ea00000| Untracked 
| 235|0x000000008eb00000, 0x000000008eb00000, 0x000000008ec00000|  0%| F|  |TAMS 0x000000008eb00000, 0x000000008eb00000| Untracked 
| 236|0x000000008ec00000, 0x000000008ec00000, 0x000000008ed00000|  0%| F|  |TAMS 0x000000008ec00000, 0x000000008ec00000| Untracked 
| 237|0x000000008ed00000, 0x000000008ed00000, 0x000000008ee00000|  0%| F|  |TAMS 0x000000008ed00000, 0x000000008ed00000| Untracked 
| 238|0x000000008ee00000, 0x000000008ee00000, 0x000000008ef00000|  0%| F|  |TAMS 0x000000008ee00000, 0x000000008ee00000| Untracked 
| 239|0x000000008ef00000, 0x000000008ef00000, 0x000000008f000000|  0%| F|  |TAMS 0x000000008ef00000, 0x000000008ef00000| Untracked 
| 240|0x000000008f000000, 0x000000008f000000, 0x000000008f100000|  0%| F|  |TAMS 0x000000008f000000, 0x000000008f000000| Untracked 
| 241|0x000000008f100000, 0x000000008f100000, 0x000000008f200000|  0%| F|  |TAMS 0x000000008f100000, 0x000000008f100000| Untracked 
| 242|0x000000008f200000, 0x000000008f200000, 0x000000008f300000|  0%| F|  |TAMS 0x000000008f200000, 0x000000008f200000| Untracked 
| 243|0x000000008f300000, 0x000000008f300000, 0x000000008f400000|  0%| F|  |TAMS 0x000000008f300000, 0x000000008f300000| Untracked 
| 244|0x000000008f400000, 0x000000008f400000, 0x000000008f500000|  0%| F|  |TAMS 0x000000008f400000, 0x000000008f400000| Untracked 
| 245|0x000000008f500000, 0x000000008f500000, 0x000000008f600000|  0%| F|  |TAMS 0x000000008f500000, 0x000000008f500000| Untracked 
| 246|0x000000008f600000, 0x000000008f600000, 0x000000008f700000|  0%| F|  |TAMS 0x000000008f600000, 0x000000008f600000| Untracked 
| 247|0x000000008f700000, 0x000000008f700000, 0x000000008f800000|  0%| F|  |TAMS 0x000000008f700000, 0x000000008f700000| Untracked 
| 248|0x000000008f800000, 0x000000008f800000, 0x000000008f900000|  0%| F|  |TAMS 0x000000008f800000, 0x000000008f800000| Untracked 
| 249|0x000000008f900000, 0x000000008f900000, 0x000000008fa00000|  0%| F|  |TAMS 0x000000008f900000, 0x000000008f900000| Untracked 
| 250|0x000000008fa00000, 0x000000008fa00000, 0x000000008fb00000|  0%| F|  |TAMS 0x000000008fa00000, 0x000000008fa00000| Untracked 
| 251|0x000000008fb00000, 0x000000008fb00000, 0x000000008fc00000|  0%| F|  |TAMS 0x000000008fb00000, 0x000000008fb00000| Untracked 
| 252|0x000000008fc00000, 0x000000008fc00000, 0x000000008fd00000|  0%| F|  |TAMS 0x000000008fc00000, 0x000000008fc00000| Untracked 
| 253|0x000000008fd00000, 0x000000008fd00000, 0x000000008fe00000|  0%| F|  |TAMS 0x000000008fd00000, 0x000000008fd00000| Untracked 
| 254|0x000000008fe00000, 0x000000008fe00000, 0x000000008ff00000|  0%| F|  |TAMS 0x000000008fe00000, 0x000000008fe00000| Untracked 
| 255|0x000000008ff00000, 0x000000008ff00000, 0x0000000090000000|  0%| F|  |TAMS 0x000000008ff00000, 0x000000008ff00000| Untracked 
| 256|0x0000000090000000, 0x0000000090000000, 0x0000000090100000|  0%| F|  |TAMS 0x0000000090000000, 0x0000000090000000| Untracked 
| 257|0x0000000090100000, 0x0000000090100000, 0x0000000090200000|  0%| F|  |TAMS 0x0000000090100000, 0x0000000090100000| Untracked 
| 258|0x0000000090200000, 0x0000000090200000, 0x0000000090300000|  0%| F|  |TAMS 0x0000000090200000, 0x0000000090200000| Untracked 
| 259|0x0000000090300000, 0x0000000090300000, 0x0000000090400000|  0%| F|  |TAMS 0x0000000090300000, 0x0000000090300000| Untracked 
| 260|0x0000000090400000, 0x0000000090400000, 0x0000000090500000|  0%| F|  |TAMS 0x0000000090400000, 0x0000000090400000| Untracked 
| 261|0x0000000090500000, 0x0000000090500000, 0x0000000090600000|  0%| F|  |TAMS 0x0000000090500000, 0x0000000090500000| Untracked 
| 262|0x0000000090600000, 0x0000000090600000, 0x0000000090700000|  0%| F|  |TAMS 0x0000000090600000, 0x0000000090600000| Untracked 
| 263|0x0000000090700000, 0x0000000090700000, 0x0000000090800000|  0%| F|  |TAMS 0x0000000090700000, 0x0000000090700000| Untracked 
| 264|0x0000000090800000, 0x0000000090800000, 0x0000000090900000|  0%| F|  |TAMS 0x0000000090800000, 0x0000000090800000| Untracked 
| 265|0x0000000090900000, 0x0000000090900000, 0x0000000090a00000|  0%| F|  |TAMS 0x0000000090900000, 0x0000000090900000| Untracked 
| 266|0x0000000090a00000, 0x0000000090a00000, 0x0000000090b00000|  0%| F|  |TAMS 0x0000000090a00000, 0x0000000090a00000| Untracked 
| 267|0x0000000090b00000, 0x0000000090b00000, 0x0000000090c00000|  0%| F|  |TAMS 0x0000000090b00000, 0x0000000090b00000| Untracked 
| 268|0x0000000090c00000, 0x0000000090c00000, 0x0000000090d00000|  0%| F|  |TAMS 0x0000000090c00000, 0x0000000090c00000| Untracked 
| 269|0x0000000090d00000, 0x0000000090d00000, 0x0000000090e00000|  0%| F|  |TAMS 0x0000000090d00000, 0x0000000090d00000| Untracked 
| 270|0x0000000090e00000, 0x0000000090e00000, 0x0000000090f00000|  0%| F|  |TAMS 0x0000000090e00000, 0x0000000090e00000| Untracked 
| 271|0x0000000090f00000, 0x0000000090f00000, 0x0000000091000000|  0%| F|  |TAMS 0x0000000090f00000, 0x0000000090f00000| Untracked 
| 272|0x0000000091000000, 0x0000000091000000, 0x0000000091100000|  0%| F|  |TAMS 0x0000000091000000, 0x0000000091000000| Untracked 
| 273|0x0000000091100000, 0x0000000091100000, 0x0000000091200000|  0%| F|  |TAMS 0x0000000091100000, 0x0000000091100000| Untracked 
| 274|0x0000000091200000, 0x0000000091200000, 0x0000000091300000|  0%| F|  |TAMS 0x0000000091200000, 0x0000000091200000| Untracked 
| 275|0x0000000091300000, 0x0000000091300000, 0x0000000091400000|  0%| F|  |TAMS 0x0000000091300000, 0x0000000091300000| Untracked 
| 276|0x0000000091400000, 0x0000000091400000, 0x0000000091500000|  0%| F|  |TAMS 0x0000000091400000, 0x0000000091400000| Untracked 
| 277|0x0000000091500000, 0x0000000091500000, 0x0000000091600000|  0%| F|  |TAMS 0x0000000091500000, 0x0000000091500000| Untracked 
| 278|0x0000000091600000, 0x0000000091600000, 0x0000000091700000|  0%| F|  |TAMS 0x0000000091600000, 0x0000000091600000| Untracked 
| 279|0x0000000091700000, 0x0000000091700000, 0x0000000091800000|  0%| F|  |TAMS 0x0000000091700000, 0x0000000091700000| Untracked 
| 280|0x0000000091800000, 0x0000000091800000, 0x0000000091900000|  0%| F|  |TAMS 0x0000000091800000, 0x0000000091800000| Untracked 
| 281|0x0000000091900000, 0x0000000091900000, 0x0000000091a00000|  0%| F|  |TAMS 0x0000000091900000, 0x0000000091900000| Untracked 
| 282|0x0000000091a00000, 0x0000000091a00000, 0x0000000091b00000|  0%| F|  |TAMS 0x0000000091a00000, 0x0000000091a00000| Untracked 
| 283|0x0000000091b00000, 0x0000000091b00000, 0x0000000091c00000|  0%| F|  |TAMS 0x0000000091b00000, 0x0000000091b00000| Untracked 
| 284|0x0000000091c00000, 0x0000000091c00000, 0x0000000091d00000|  0%| F|  |TAMS 0x0000000091c00000, 0x0000000091c00000| Untracked 
| 285|0x0000000091d00000, 0x0000000091d00000, 0x0000000091e00000|  0%| F|  |TAMS 0x0000000091d00000, 0x0000000091d00000| Untracked 
| 286|0x0000000091e00000, 0x0000000091e00000, 0x0000000091f00000|  0%| F|  |TAMS 0x0000000091e00000, 0x0000000091e00000| Untracked 
| 287|0x0000000091f00000, 0x0000000091f00000, 0x0000000092000000|  0%| F|  |TAMS 0x0000000091f00000, 0x0000000091f00000| Untracked 
| 288|0x0000000092000000, 0x00000000920924b8, 0x0000000092100000| 57%| E|  |TAMS 0x0000000092000000, 0x0000000092000000| Complete 
| 289|0x0000000092100000, 0x0000000092200000, 0x0000000092200000|100%| E|CS|TAMS 0x0000000092100000, 0x0000000092100000| Complete 
| 290|0x0000000092200000, 0x0000000092300000, 0x0000000092300000|100%| E|CS|TAMS 0x0000000092200000, 0x0000000092200000| Complete 
| 291|0x0000000092300000, 0x0000000092400000, 0x0000000092400000|100%| E|CS|TAMS 0x0000000092300000, 0x0000000092300000| Complete 
| 292|0x0000000092400000, 0x0000000092500000, 0x0000000092500000|100%| E|CS|TAMS 0x0000000092400000, 0x0000000092400000| Complete 
| 293|0x0000000092500000, 0x0000000092600000, 0x0000000092600000|100%| E|CS|TAMS 0x0000000092500000, 0x0000000092500000| Complete 
| 294|0x0000000092600000, 0x0000000092700000, 0x0000000092700000|100%| E|CS|TAMS 0x0000000092600000, 0x0000000092600000| Complete 

Card table byte_map: [0x00000293a5300000,0x00000293a5700000] _byte_map_base: 0x00000293a4f00000

Marking Bits (Prev, Next): (CMBitMap*) 0x000002938c5715c0, (CMBitMap*) 0x000002938c571600
 Prev Bits: [0x00000293a5b00000, 0x00000293a7b00000)
 Next Bits: [0x00000293a7b00000, 0x00000293a9b00000)

Polling page: 0x000002938c380000

Metaspace:

Usage:
  Non-class:    112.00 MB used.
      Class:     16.74 MB used.
       Both:    128.74 MB used.

Virtual space:
  Non-class space:      128.00 MB reserved,     112.44 MB ( 88%) committed,  2 nodes.
      Class space:        1.00 GB reserved,      17.12 MB (  2%) committed,  1 nodes.
             Both:        1.12 GB reserved,     129.56 MB ( 11%) committed. 

Chunk freelists:
   Non-Class:  15.34 MB
       Class:  14.73 MB
        Both:  30.08 MB

MaxMetaspaceSize: unlimited
CompressedClassSpaceSize: 1.00 GB
Initial GC threshold: 21.00 MB
Current GC threshold: 202.19 MB
CDS: on
MetaspaceReclaimPolicy: balanced
 - commit_granule_bytes: 65536.
 - commit_granule_words: 8192.
 - virtual_space_node_default_size: 8388608.
 - enlarge_chunks_in_place: 1.
 - new_chunks_are_fully_committed: 0.
 - uncommit_free_chunks: 1.
 - use_allocation_guard: 0.
 - handle_deallocations: 1.


Internal statistics:

num_allocs_failed_limit: 15.
num_arena_births: 1034.
num_arena_deaths: 0.
num_vsnodes_births: 3.
num_vsnodes_deaths: 0.
num_space_committed: 2071.
num_space_uncommitted: 0.
num_chunks_returned_to_freelist: 15.
num_chunks_taken_from_freelist: 5989.
num_chunk_merges: 15.
num_chunk_splits: 4484.
num_chunks_enlarged: 3494.
num_inconsistent_stats: 0.

CodeHeap 'non-profiled nmethods': size=120000Kb used=6736Kb max_used=6736Kb free=113263Kb
 bounds [0x000002939d3b0000, 0x000002939da50000, 0x00000293a48e0000]
CodeHeap 'profiled nmethods': size=120000Kb used=26665Kb max_used=26665Kb free=93334Kb
 bounds [0x00000293958e0000, 0x00000293972f0000, 0x000002939ce10000]
CodeHeap 'non-nmethods': size=5760Kb used=2542Kb max_used=2576Kb free=3217Kb
 bounds [0x000002939ce10000, 0x000002939d0a0000, 0x000002939d3b0000]
 total_blobs=13168 nmethods=12068 adapters=1009
 compilation: enabled
              stopped_count=0, restarted_count=0
 full_count=0

Compilation events (20 events):
Event: 42.879 Thread 0x00000293ac0fe060 nmethod 13646 0x00000293972e1890 code [0x00000293972e1a40, 0x00000293972e1c28]
Event: 42.880 Thread 0x00000293ac0fe060 13647       3       org.gradle.model.internal.type.ModelType::of (9 bytes)
Event: 42.881 Thread 0x00000293ac0fe060 nmethod 13647 0x00000293972e1d10 code [0x00000293972e1ee0, 0x00000293972e22a8]
Event: 42.881 Thread 0x00000293ac0fe060 13648       3       org.jetbrains.kotlin.gradle.plugin.sources.DefaultKotlinSourceSetKt::disambiguateName (121 bytes)
Event: 42.884 Thread 0x00000293ac0fe060 nmethod 13648 0x00000293972e2490 code [0x00000293972e2840, 0x00000293972e4338]
Event: 42.885 Thread 0x00000293ac0fe060 13649       1       java.lang.reflect.AccessibleObject::isAccessible (5 bytes)
Event: 42.885 Thread 0x00000293ac0fe060 nmethod 13649 0x000002939da43190 code [0x000002939da43320, 0x000002939da433f8]
Event: 42.892 Thread 0x00000293ac0fe060 13650       3       org.jetbrains.kotlin.util.capitalizeDecapitalize.CapitalizeDecapitalizeKt::capitalizeAsciiOnly (98 bytes)
Event: 42.896 Thread 0x00000293ac0fe060 nmethod 13650 0x00000293972e4b90 code [0x00000293972e4f20, 0x00000293972e6428]
Event: 42.897 Thread 0x00000293ac0fe060 13651       3       org.gradle.api.internal.artifacts.configurations.DefaultConfiguration_Decorated::setCanBeConsumed (12 bytes)
Event: 42.897 Thread 0x00000293ac0fe060 nmethod 13651 0x00000293972e6b90 code [0x00000293972e6d60, 0x00000293972e70d8]
Event: 42.897 Thread 0x00000293ac0fe060 13652       3       org.gradle.api.internal.artifacts.configurations.DefaultConfiguration::setCanBeConsumed (13 bytes)
Event: 42.898 Thread 0x00000293ac0fe060 nmethod 13652 0x00000293972e7290 code [0x00000293972e7460, 0x00000293972e7778]
Event: 42.898 Thread 0x00000293ac0fe060 13653       1       com.android.build.gradle.internal.DependencyConfigurator::access$getProjectServices$p (5 bytes)
Event: 42.898 Thread 0x00000293ac0fe060 nmethod 13653 0x000002939da43490 code [0x000002939da43620, 0x000002939da436d8]
Event: 42.908 Thread 0x00000293ac0fe060 13654       1       org.jetbrains.kotlin.gradle.plugin.mpp.compilationImpl.KotlinCompilationImpl$Params::getDependencyConfigurations (5 bytes)
Event: 42.908 Thread 0x00000293ac0fe060 nmethod 13654 0x000002939da43790 code [0x000002939da43920, 0x000002939da439f8]
Event: 42.910 Thread 0x00000293ac0fe060 13655       3       org.gradle.api.internal.artifacts.configurations.DefaultConfiguration$SelectedArtifactsProvider::<init> (6 bytes)
Event: 42.910 Thread 0x00000293ac0fe060 nmethod 13655 0x00000293972e7890 code [0x00000293972e7a40, 0x00000293972e7c58]
Event: 42.910 Thread 0x00000293ac0fe060 13658       3       org.gradle.model.internal.type.ClassTypeWrapper::<init> (31 bytes)

GC Heap History (20 events):
Event: 26.149 GC heap before
{Heap before GC invocations=30 (full 0):
 garbage-first heap   total 280576K, used 224124K [0x0000000080000000, 0x0000000100000000)
  region size 1024K, 103 young (105472K), 2 survivors (2048K)
 Metaspace       used 82148K, committed 82944K, reserved 1179648K
  class space    used 11390K, committed 11776K, reserved 1048576K
}
Event: 26.186 GC heap after
{Heap after GC invocations=31 (full 0):
 garbage-first heap   total 280576K, used 132507K [0x0000000080000000, 0x0000000100000000)
  region size 1024K, 13 young (13312K), 13 survivors (13312K)
 Metaspace       used 82148K, committed 82944K, reserved 1179648K
  class space    used 11390K, committed 11776K, reserved 1048576K
}
Event: 27.764 GC heap before
{Heap before GC invocations=31 (full 0):
 garbage-first heap   total 280576K, used 222619K [0x0000000080000000, 0x0000000100000000)
  region size 1024K, 95 young (97280K), 13 survivors (13312K)
 Metaspace       used 87179K, committed 88000K, reserved 1179648K
  class space    used 11918K, committed 12288K, reserved 1048576K
}
Event: 27.825 GC heap after
{Heap after GC invocations=32 (full 0):
 garbage-first heap   total 280576K, used 153161K [0x0000000080000000, 0x0000000100000000)
  region size 1024K, 12 young (12288K), 12 survivors (12288K)
 Metaspace       used 87179K, committed 88000K, reserved 1179648K
  class space    used 11918K, committed 12288K, reserved 1048576K
}
Event: 29.644 GC heap before
{Heap before GC invocations=32 (full 0):
 garbage-first heap   total 280576K, used 220745K [0x0000000080000000, 0x0000000100000000)
  region size 1024K, 78 young (79872K), 12 survivors (12288K)
 Metaspace       used 96239K, committed 96960K, reserved 1179648K
  class space    used 12836K, committed 13184K, reserved 1048576K
}
Event: 29.674 GC heap after
{Heap after GC invocations=33 (full 0):
 garbage-first heap   total 280576K, used 159744K [0x0000000080000000, 0x0000000100000000)
  region size 1024K, 6 young (6144K), 6 survivors (6144K)
 Metaspace       used 96239K, committed 96960K, reserved 1179648K
  class space    used 12836K, committed 13184K, reserved 1048576K
}
Event: 31.289 GC heap before
{Heap before GC invocations=33 (full 0):
 garbage-first heap   total 280576K, used 225280K [0x0000000080000000, 0x0000000100000000)
  region size 1024K, 69 young (70656K), 6 survivors (6144K)
 Metaspace       used 101189K, committed 102016K, reserved 1179648K
  class space    used 13449K, committed 13824K, reserved 1048576K
}
Event: 31.310 GC heap after
{Heap after GC invocations=34 (full 0):
 garbage-first heap   total 280576K, used 162610K [0x0000000080000000, 0x0000000100000000)
  region size 1024K, 9 young (9216K), 9 survivors (9216K)
 Metaspace       used 101189K, committed 102016K, reserved 1179648K
  class space    used 13449K, committed 13824K, reserved 1048576K
}
Event: 33.022 GC heap before
{Heap before GC invocations=34 (full 0):
 garbage-first heap   total 280576K, used 228146K [0x0000000080000000, 0x0000000100000000)
  region size 1024K, 73 young (74752K), 9 survivors (9216K)
 Metaspace       used 103443K, committed 104192K, reserved 1179648K
  class space    used 13669K, committed 14016K, reserved 1048576K
}
Event: 33.045 GC heap after
{Heap after GC invocations=35 (full 0):
 garbage-first heap   total 280576K, used 168666K [0x0000000080000000, 0x0000000100000000)
  region size 1024K, 10 young (10240K), 10 survivors (10240K)
 Metaspace       used 103443K, committed 104192K, reserved 1179648K
  class space    used 13669K, committed 14016K, reserved 1048576K
}
Event: 33.360 GC heap before
{Heap before GC invocations=35 (full 0):
 garbage-first heap   total 280576K, used 175834K [0x0000000080000000, 0x0000000100000000)
  region size 1024K, 18 young (18432K), 10 survivors (10240K)
 Metaspace       used 104196K, committed 104960K, reserved 1179648K
  class space    used 13761K, committed 14144K, reserved 1048576K
}
Event: 33.378 GC heap after
{Heap after GC invocations=36 (full 0):
 garbage-first heap   total 280576K, used 170204K [0x0000000080000000, 0x0000000100000000)
  region size 1024K, 2 young (2048K), 2 survivors (2048K)
 Metaspace       used 104196K, committed 104960K, reserved 1179648K
  class space    used 13761K, committed 14144K, reserved 1048576K
}
Event: 36.419 GC heap before
{Heap before GC invocations=37 (full 0):
 garbage-first heap   total 299008K, used 233692K [0x0000000080000000, 0x0000000100000000)
  region size 1024K, 64 young (65536K), 2 survivors (2048K)
 Metaspace       used 110305K, committed 111040K, reserved 1179648K
  class space    used 14359K, committed 14720K, reserved 1048576K
}
Event: 36.435 GC heap after
{Heap after GC invocations=38 (full 0):
 garbage-first heap   total 299008K, used 174597K [0x0000000080000000, 0x0000000100000000)
  region size 1024K, 7 young (7168K), 7 survivors (7168K)
 Metaspace       used 110305K, committed 111040K, reserved 1179648K
  class space    used 14359K, committed 14720K, reserved 1048576K
}
Event: 36.691 GC heap before
{Heap before GC invocations=38 (full 0):
 garbage-first heap   total 299008K, used 180741K [0x0000000080000000, 0x0000000100000000)
  region size 1024K, 14 young (14336K), 7 survivors (7168K)
 Metaspace       used 111477K, committed 112256K, reserved 1179648K
  class space    used 14491K, committed 14848K, reserved 1048576K
}
Event: 36.708 GC heap after
{Heap after GC invocations=39 (full 0):
 garbage-first heap   total 299008K, used 173349K [0x0000000080000000, 0x0000000100000000)
  region size 1024K, 1 young (1024K), 1 survivors (1024K)
 Metaspace       used 111477K, committed 112256K, reserved 1179648K
  class space    used 14491K, committed 14848K, reserved 1048576K
}
Event: 39.066 GC heap before
{Heap before GC invocations=39 (full 0):
 garbage-first heap   total 299008K, used 248101K [0x0000000080000000, 0x0000000100000000)
  region size 1024K, 74 young (75776K), 1 survivors (1024K)
 Metaspace       used 123092K, committed 123840K, reserved 1179648K
  class space    used 15759K, committed 16128K, reserved 1048576K
}
Event: 39.076 GC heap after
{Heap after GC invocations=40 (full 0):
 garbage-first heap   total 299008K, used 175543K [0x0000000080000000, 0x0000000100000000)
  region size 1024K, 4 young (4096K), 4 survivors (4096K)
 Metaspace       used 123092K, committed 123840K, reserved 1179648K
  class space    used 15759K, committed 16128K, reserved 1048576K
}
Event: 42.570 GC heap before
{Heap before GC invocations=41 (full 0):
 garbage-first heap   total 302080K, used 249271K [0x0000000080000000, 0x0000000100000000)
  region size 1024K, 76 young (77824K), 4 survivors (4096K)
 Metaspace       used 131199K, committed 132032K, reserved 1179648K
  class space    used 17057K, committed 17408K, reserved 1048576K
}
Event: 42.587 GC heap after
{Heap after GC invocations=42 (full 0):
 garbage-first heap   total 302080K, used 179076K [0x0000000080000000, 0x0000000100000000)
  region size 1024K, 7 young (7168K), 7 survivors (7168K)
 Metaspace       used 131199K, committed 132032K, reserved 1179648K
  class space    used 17057K, committed 17408K, reserved 1048576K
}

Dll operation events (12 events):
Event: 0.015 Loaded shared library C:\Program Files\Zulu\zulu-17\bin\java.dll
Event: 0.042 Loaded shared library C:\Program Files\Zulu\zulu-17\bin\jsvml.dll
Event: 0.160 Loaded shared library C:\Program Files\Zulu\zulu-17\bin\net.dll
Event: 0.164 Loaded shared library C:\Program Files\Zulu\zulu-17\bin\nio.dll
Event: 0.174 Loaded shared library C:\Program Files\Zulu\zulu-17\bin\zip.dll
Event: 0.433 Loaded shared library C:\Program Files\Zulu\zulu-17\bin\jimage.dll
Event: 0.611 Loaded shared library C:\Program Files\Zulu\zulu-17\bin\verify.dll
Event: 0.979 Loaded shared library D:\DOWNLOADS\JetPlayer\native\68d5fa5c4cc2d200863cafc0d521ce42e7d3e7ee720ec0a83991735586a16f82\windows-amd64\native-platform.dll
Event: 0.988 Loaded shared library D:\DOWNLOADS\JetPlayer\native\e376f236ea51e6404a007f0833ffe2c6e607c4080706a723a18a27aeea778392\windows-amd64\native-platform-file-events.dll
Event: 2.481 Loaded shared library C:\Program Files\Zulu\zulu-17\bin\management.dll
Event: 2.615 Loaded shared library C:\Program Files\Zulu\zulu-17\bin\management_ext.dll
Event: 3.617 Loaded shared library C:\Program Files\Zulu\zulu-17\bin\sunmscapi.dll

Deoptimization events (20 events):
Event: 41.130 Thread 0x00000293f20715d0 Uncommon trap: trap_request=0xffffff45 fr.pc=0x000002939d744bb0 relative=0x0000000000001b50
Event: 41.130 Thread 0x00000293f20715d0 Uncommon trap: reason=unstable_if action=reinterpret pc=0x000002939d744bb0 method=java.util.concurrent.ConcurrentHashMap.computeIfAbsent(Ljava/lang/Object;Ljava/util/function/Function;)Ljava/lang/Object; @ 364 c2
Event: 41.130 Thread 0x00000293f20715d0 DEOPT PACKING pc=0x000002939d744bb0 sp=0x000000a534cf7fa0
Event: 41.130 Thread 0x00000293f20715d0 DEOPT UNPACKING pc=0x000002939ce669a3 sp=0x000000a534cf7f58 mode 2
Event: 42.015 Thread 0x00000293f20715d0 Uncommon trap: trap_request=0xffffff45 fr.pc=0x000002939d6f1448 relative=0x0000000000000288
Event: 42.015 Thread 0x00000293f20715d0 Uncommon trap: reason=unstable_if action=reinterpret pc=0x000002939d6f1448 method=java.io.WinNTFileSystem.prefixLength(Ljava/lang/String;)I @ 11 c2
Event: 42.015 Thread 0x00000293f20715d0 DEOPT PACKING pc=0x000002939d6f1448 sp=0x000000a534cf84c0
Event: 42.015 Thread 0x00000293f20715d0 DEOPT UNPACKING pc=0x000002939ce669a3 sp=0x000000a534cf8440 mode 2
Event: 42.047 Thread 0x00000293f20715d0 Uncommon trap: trap_request=0xffffffde fr.pc=0x000002939d3faf10 relative=0x0000000000000410
Event: 42.047 Thread 0x00000293f20715d0 Uncommon trap: reason=class_check action=maybe_recompile pc=0x000002939d3faf10 method=org.gradle.internal.instantiation.generator.AbstractClassGenerator$InjectionAnnotationValidator.validateMethod(Ljava/lang/reflect/Method;Lorg/gradle/internal/reflect/Pro
Event: 42.047 Thread 0x00000293f20715d0 DEOPT PACKING pc=0x000002939d3faf10 sp=0x000000a534cf7c80
Event: 42.047 Thread 0x00000293f20715d0 DEOPT UNPACKING pc=0x000002939ce669a3 sp=0x000000a534cf7c28 mode 2
Event: 42.053 Thread 0x00000293f20715d0 Uncommon trap: trap_request=0xffffffde fr.pc=0x000002939d3faf10 relative=0x0000000000000410
Event: 42.053 Thread 0x00000293f20715d0 Uncommon trap: reason=class_check action=maybe_recompile pc=0x000002939d3faf10 method=org.gradle.internal.instantiation.generator.AbstractClassGenerator$InjectionAnnotationValidator.validateMethod(Ljava/lang/reflect/Method;Lorg/gradle/internal/reflect/Pro
Event: 42.053 Thread 0x00000293f20715d0 DEOPT PACKING pc=0x000002939d3faf10 sp=0x000000a534cf7c80
Event: 42.053 Thread 0x00000293f20715d0 DEOPT UNPACKING pc=0x000002939ce669a3 sp=0x000000a534cf7c28 mode 2
Event: 42.064 Thread 0x00000293f20715d0 Uncommon trap: trap_request=0xffffffde fr.pc=0x000002939d3faf10 relative=0x0000000000000410
Event: 42.064 Thread 0x00000293f20715d0 Uncommon trap: reason=class_check action=maybe_recompile pc=0x000002939d3faf10 method=org.gradle.internal.instantiation.generator.AbstractClassGenerator$InjectionAnnotationValidator.validateMethod(Ljava/lang/reflect/Method;Lorg/gradle/internal/reflect/Pro
Event: 42.064 Thread 0x00000293f20715d0 DEOPT PACKING pc=0x000002939d3faf10 sp=0x000000a534cf7e10
Event: 42.064 Thread 0x00000293f20715d0 DEOPT UNPACKING pc=0x000002939ce669a3 sp=0x000000a534cf7db8 mode 2

Classes unloaded (0 events):
No events

Classes redefined (0 events):
No events

Internal exceptions (20 events):
Event: 25.845 Thread 0x00000293f20715d0 Implicit null exception at 0x000002939d805ec6 to 0x000002939d807e68
Event: 30.336 Thread 0x00000293f20715d0 Exception <a 'java/lang/NoSuchMethodError'{0x000000008ffce0a8}: 'java.lang.Object java.lang.invoke.DirectMethodHandle$Holder.invokeStatic(java.lang.Object, java.lang.Object, java.lang.Object, java.lang.Object, int)'> (0x000000008ffce0a8) 
thrown [s\src\hotspot\share\interpreter\linkResolver.cpp, line 759]
Event: 33.560 Thread 0x00000293f20715d0 Exception <a 'java/lang/IncompatibleClassChangeError'{0x0000000090ee3730}: Found class java.lang.Object, but interface was expected> (0x0000000090ee3730) 
thrown [s\src\hotspot\share\interpreter\linkResolver.cpp, line 826]
Event: 33.597 Thread 0x00000293f20715d0 Exception <a 'java/lang/NoSuchMethodError'{0x0000000090d64dd8}: 'int java.lang.invoke.DirectMethodHandle$Holder.invokeStaticInit(java.lang.Object, int)'> (0x0000000090d64dd8) 
thrown [s\src\hotspot\share\interpreter\linkResolver.cpp, line 759]
Event: 34.962 Thread 0x00000293f20715d0 Implicit null exception at 0x000002939d422a11 to 0x000002939d422b00
Event: 36.497 Thread 0x00000293f20715d0 Exception <a 'java/lang/NoSuchMethodError'{0x000000009211e970}: 'java.lang.Object java.lang.invoke.DirectMethodHandle$Holder.newInvokeSpecial(java.lang.Object, java.lang.Object, java.lang.Object, int, int, java.lang.Object, java.lang.Object)'> (0x000000009211e970) 
thrown [s\src\hotspot\share\interpreter\linkResolver.cpp, line 759]
Event: 39.200 Thread 0x00000293f36cfb80 Exception <a 'sun/nio/fs/WindowsException'{0x00000000921c98a0}> (0x00000000921c98a0) 
thrown [s\src\hotspot\share\prims\jni.cpp, line 516]
Event: 39.245 Thread 0x00000293f36cfb80 Exception <a 'sun/nio/fs/WindowsException'{0x00000000920391a0}> (0x00000000920391a0) 
thrown [s\src\hotspot\share\prims\jni.cpp, line 516]
Event: 39.250 Thread 0x00000293f36cfb80 Exception <a 'sun/nio/fs/WindowsException'{0x0000000092039318}> (0x0000000092039318) 
thrown [s\src\hotspot\share\prims\jni.cpp, line 516]
Event: 41.897 Thread 0x00000293f20715d0 Exception <a 'java/lang/NoSuchMethodError'{0x000000008f3f84a8}: 'int java.lang.invoke.DirectMethodHandle$Holder.invokeSpecialIFC(java.lang.Object, java.lang.Object, java.lang.Object, java.lang.Object, java.lang.Object)'> (0x000000008f3f84a8) 
thrown [s\src\hotspot\share\interpreter\linkResolver.cpp, line 759]
Event: 42.342 Thread 0x00000293f20715d0 Exception <a 'java/lang/ClassNotFoundException'{0x000000008e531308}: com/android/build/gradle/internal/api/ApkVariantOutputImpl_DecoratedBeanInfo> (0x000000008e531308) 
thrown [s\src\hotspot\share\classfile\systemDictionary.cpp, line 259]
Event: 42.344 Thread 0x00000293f20715d0 Exception <a 'java/lang/ClassNotFoundException'{0x000000008e53e188}: com/android/build/gradle/internal/api/ApkVariantOutputImplBeanInfo> (0x000000008e53e188) 
thrown [s\src\hotspot\share\classfile\systemDictionary.cpp, line 259]
Event: 42.344 Thread 0x00000293f20715d0 Exception <a 'java/lang/ClassNotFoundException'{0x000000008e54b018}: com/android/build/gradle/internal/api/BaseVariantOutputImplBeanInfo> (0x000000008e54b018) 
thrown [s\src\hotspot\share\classfile\systemDictionary.cpp, line 259]
Event: 42.345 Thread 0x00000293f20715d0 Exception <a 'java/lang/ClassNotFoundException'{0x000000008e557e80}: com/android/build/gradle/internal/api/BaseVariantOutputImplCustomizer> (0x000000008e557e80) 
thrown [s\src\hotspot\share\classfile\systemDictionary.cpp, line 259]
Event: 42.347 Thread 0x00000293f20715d0 Exception <a 'java/lang/ClassNotFoundException'{0x000000008e577bc8}: com/android/build/gradle/internal/api/ApkVariantOutputImplCustomizer> (0x000000008e577bc8) 
thrown [s\src\hotspot\share\classfile\systemDictionary.cpp, line 259]
Event: 42.349 Thread 0x00000293f20715d0 Exception <a 'java/lang/ClassNotFoundException'{0x000000008e592b20}: com/android/build/gradle/internal/api/ApkVariantOutputImpl_DecoratedCustomizer> (0x000000008e592b20) 
thrown [s\src\hotspot\share\classfile\systemDictionary.cpp, line 259]
Event: 42.549 Thread 0x00000293f20715d0 Exception <a 'java/lang/ClassNotFoundException'{0x000000008df5c468}: com/android/build/gradle/internal/api/ReadOnlyBuildTypeBeanInfo> (0x000000008df5c468) 
thrown [s\src\hotspot\share\classfile\systemDictionary.cpp, line 259]
Event: 42.551 Thread 0x00000293f20715d0 Exception <a 'java/lang/ClassNotFoundException'{0x000000008df69fd8}: com/android/build/gradle/internal/api/ReadOnlyBaseConfigBeanInfo> (0x000000008df69fd8) 
thrown [s\src\hotspot\share\classfile\systemDictionary.cpp, line 259]
Event: 42.552 Thread 0x00000293f20715d0 Exception <a 'java/lang/ClassNotFoundException'{0x000000008df770c8}: com/android/build/gradle/internal/api/ReadOnlyBaseConfigCustomizer> (0x000000008df770c8) 
thrown [s\src\hotspot\share\classfile\systemDictionary.cpp, line 259]
Event: 42.554 Thread 0x00000293f20715d0 Exception <a 'java/lang/ClassNotFoundException'{0x000000008df94d08}: com/android/build/gradle/internal/api/ReadOnlyBuildTypeCustomizer> (0x000000008df94d08) 
thrown [s\src\hotspot\share\classfile\systemDictionary.cpp, line 259]

VM Operations (20 events):
Event: 38.717 Executing VM operation: HandshakeAllThreads
Event: 38.717 Executing VM operation: HandshakeAllThreads done
Event: 39.066 Executing VM operation: G1CollectForAllocation
Event: 39.076 Executing VM operation: G1CollectForAllocation done
Event: 39.099 Executing VM operation: HandshakeAllThreads
Event: 39.099 Executing VM operation: HandshakeAllThreads done
Event: 39.178 Executing VM operation: HandshakeAllThreads
Event: 39.178 Executing VM operation: HandshakeAllThreads done
Event: 39.181 Executing VM operation: HandshakeAllThreads
Event: 39.181 Executing VM operation: HandshakeAllThreads done
Event: 39.631 Executing VM operation: G1PauseRemark
Event: 39.648 Executing VM operation: G1PauseRemark done
Event: 39.833 Executing VM operation: G1PauseCleanup
Event: 39.833 Executing VM operation: G1PauseCleanup done
Event: 40.838 Executing VM operation: Cleanup
Event: 40.839 Executing VM operation: Cleanup done
Event: 41.845 Executing VM operation: Cleanup
Event: 41.846 Executing VM operation: Cleanup done
Event: 42.570 Executing VM operation: G1CollectForAllocation
Event: 42.588 Executing VM operation: G1CollectForAllocation done

Events (20 events):
Event: 30.272 loading class java/util/AbstractList$SubList done
Event: 30.272 loading class java/util/AbstractList$SubList$1
Event: 30.273 loading class java/util/AbstractList$SubList$1 done
Event: 30.273 loading class java/util/AbstractList$ListItr
Event: 30.273 loading class java/util/AbstractList$ListItr done
Event: 30.677 Thread 0x00000293f61ee520 Thread exited: 0x00000293f61ee520
Event: 30.761 Thread 0x00000293f61ee520 Thread added: 0x00000293f61ee520
Event: 32.940 loading class java/util/AbstractList$RandomAccessSubList
Event: 32.940 loading class java/util/AbstractList$RandomAccessSubList done
Event: 35.557 Thread 0x00000293ac136240 flushing nmethod 0x000002939d723d90
Event: 35.562 Thread 0x00000293ac136240 flushing nmethod 0x0000029395bcaf10
Event: 35.727 Thread 0x00000293f61ee520 Thread exited: 0x00000293f61ee520
Event: 39.751 loading class jdk/internal/loader/URLClassPath$FileLoader
Event: 39.751 loading class jdk/internal/loader/URLClassPath$FileLoader done
Event: 39.753 loading class jdk/internal/loader/URLClassPath$FileLoader$1
Event: 39.753 loading class jdk/internal/loader/URLClassPath$FileLoader$1 done
Event: 40.844 loading class sun/reflect/generics/repository/FieldRepository
Event: 40.844 loading class sun/reflect/generics/repository/FieldRepository done
Event: 40.982 loading class java/util/regex/Pattern$Caret
Event: 40.982 loading class java/util/regex/Pattern$Caret done


Dynamic libraries:
0x00007ff75a6f0000 - 0x00007ff75a6fe000 	C:\Program Files\Zulu\zulu-17\bin\java.exe
0x00007ff987c70000 - 0x00007ff987e64000 	C:\Windows\SYSTEM32\ntdll.dll
0x00007ff986740000 - 0x00007ff9867fd000 	C:\Windows\System32\KERNEL32.DLL
0x00007ff9853c0000 - 0x00007ff985687000 	C:\Windows\System32\KERNELBASE.dll
0x00007ff985730000 - 0x00007ff985830000 	C:\Windows\System32\ucrtbase.dll
0x00007ff97e8c0000 - 0x00007ff97e8db000 	C:\Program Files\Zulu\zulu-17\bin\VCRUNTIME140.dll
0x00007ff97dde0000 - 0x00007ff97ddf9000 	C:\Program Files\Zulu\zulu-17\bin\jli.dll
0x00007ff9878d0000 - 0x00007ff987a70000 	C:\Windows\System32\USER32.dll
0x00007ff975210000 - 0x00007ff9754aa000 	C:\Windows\WinSxS\amd64_microsoft.windows.common-controls_6595b64144ccf1df_6.0.19041.1_none_b555e41d4684ddec\COMCTL32.dll
0x00007ff986210000 - 0x00007ff9862ae000 	C:\Windows\System32\msvcrt.dll
0x00007ff985c60000 - 0x00007ff985c82000 	C:\Windows\System32\win32u.dll
0x00007ff987a70000 - 0x00007ff987a9a000 	C:\Windows\System32\GDI32.dll
0x00007ff985ad0000 - 0x00007ff985bd9000 	C:\Windows\System32\gdi32full.dll
0x00007ff985690000 - 0x00007ff98572d000 	C:\Windows\System32\msvcp_win.dll
0x00007ff9861e0000 - 0x00007ff986210000 	C:\Windows\System32\IMM32.DLL
0x00007ff9801f0000 - 0x00007ff9801fc000 	C:\Program Files\Zulu\zulu-17\bin\vcruntime140_1.dll
0x00007ff94c730000 - 0x00007ff94c7bd000 	C:\Program Files\Zulu\zulu-17\bin\msvcp140.dll
0x00007ff949ea0000 - 0x00007ff94ab07000 	C:\Program Files\Zulu\zulu-17\bin\server\jvm.dll
0x00007ff9862b0000 - 0x00007ff98635a000 	C:\Windows\System32\ADVAPI32.dll
0x00007ff986360000 - 0x00007ff9863fb000 	C:\Windows\System32\sechost.dll
0x00007ff986600000 - 0x00007ff986723000 	C:\Windows\System32\RPCRT4.dll
0x00007ff984ea0000 - 0x00007ff984eeb000 	C:\Windows\SYSTEM32\POWRPROF.dll
0x00007ff976c50000 - 0x00007ff976c77000 	C:\Windows\SYSTEM32\WINMM.dll
0x00007ff97a340000 - 0x00007ff97a34a000 	C:\Windows\SYSTEM32\VERSION.dll
0x00007ff971430000 - 0x00007ff971439000 	C:\Windows\SYSTEM32\WSOCK32.dll
0x00007ff986940000 - 0x00007ff9869ab000 	C:\Windows\System32\WS2_32.dll
0x00007ff984da0000 - 0x00007ff984db2000 	C:\Windows\SYSTEM32\UMPDC.dll
0x00007ff983310000 - 0x00007ff983323000 	C:\Windows\SYSTEM32\kernel.appcore.dll
0x00007ff980150000 - 0x00007ff98015a000 	C:\Program Files\Zulu\zulu-17\bin\jimage.dll
0x00007ff96f1e0000 - 0x00007ff96f3c4000 	C:\Windows\SYSTEM32\DBGHELP.DLL
0x00007ff96f170000 - 0x00007ff96f19c000 	C:\Windows\SYSTEM32\dbgcore.DLL
0x00007ff985be0000 - 0x00007ff985c5f000 	C:\Windows\System32\bcryptPrimitives.dll
0x00007ff976360000 - 0x00007ff976385000 	C:\Program Files\Zulu\zulu-17\bin\java.dll
0x00007ff94bf10000 - 0x00007ff94bfe7000 	C:\Program Files\Zulu\zulu-17\bin\jsvml.dll
0x00007ff9869c0000 - 0x00007ff9870f1000 	C:\Windows\System32\SHELL32.dll
0x00007ff983510000 - 0x00007ff983c9a000 	C:\Windows\SYSTEM32\windows.storage.dll
0x00007ff987390000 - 0x00007ff9876e4000 	C:\Windows\System32\combase.dll
0x00007ff984d00000 - 0x00007ff984d2b000 	C:\Windows\SYSTEM32\Wldp.dll
0x00007ff9876f0000 - 0x00007ff98779e000 	C:\Windows\System32\SHCORE.dll
0x00007ff9868e0000 - 0x00007ff986935000 	C:\Windows\System32\shlwapi.dll
0x00007ff985300000 - 0x00007ff98531f000 	C:\Windows\SYSTEM32\profapi.dll
0x00007ff97cc40000 - 0x00007ff97cc59000 	C:\Program Files\Zulu\zulu-17\bin\net.dll
0x00007ff97d930000 - 0x00007ff97da30000 	C:\Windows\SYSTEM32\WINHTTP.dll
0x00007ff984af0000 - 0x00007ff984b5a000 	C:\Windows\system32\mswsock.dll
0x00007ff97a880000 - 0x00007ff97a896000 	C:\Program Files\Zulu\zulu-17\bin\nio.dll
0x00007ff97a290000 - 0x00007ff97a2a8000 	C:\Program Files\Zulu\zulu-17\bin\zip.dll
0x00007ff97feb0000 - 0x00007ff97fec0000 	C:\Program Files\Zulu\zulu-17\bin\verify.dll
0x00007ff981210000 - 0x00007ff981237000 	D:\DOWNLOADS\JetPlayer\native\68d5fa5c4cc2d200863cafc0d521ce42e7d3e7ee720ec0a83991735586a16f82\windows-amd64\native-platform.dll
0x00007ff956370000 - 0x00007ff9564b4000 	D:\DOWNLOADS\JetPlayer\native\e376f236ea51e6404a007f0833ffe2c6e607c4080706a723a18a27aeea778392\windows-amd64\native-platform-file-events.dll
0x00007ff97db00000 - 0x00007ff97db09000 	C:\Program Files\Zulu\zulu-17\bin\management.dll
0x00007ff97daa0000 - 0x00007ff97daab000 	C:\Program Files\Zulu\zulu-17\bin\management_ext.dll
0x00007ff986730000 - 0x00007ff986738000 	C:\Windows\System32\PSAPI.DLL
0x00007ff9850a0000 - 0x00007ff9850b8000 	C:\Windows\SYSTEM32\CRYPTSP.dll
0x00007ff9844a0000 - 0x00007ff9844d4000 	C:\Windows\system32\rsaenh.dll
0x00007ff9859f0000 - 0x00007ff985a17000 	C:\Windows\System32\bcrypt.dll
0x00007ff985280000 - 0x00007ff9852ae000 	C:\Windows\SYSTEM32\USERENV.dll
0x00007ff984c70000 - 0x00007ff984c7c000 	C:\Windows\SYSTEM32\CRYPTBASE.dll
0x00007ff984800000 - 0x00007ff98483b000 	C:\Windows\SYSTEM32\IPHLPAPI.DLL
0x00007ff986400000 - 0x00007ff986409000 	C:\Windows\System32\NSI.dll
0x00007ff97f3a0000 - 0x00007ff97f3b7000 	C:\Windows\SYSTEM32\dhcpcsvc6.DLL
0x00007ff97f380000 - 0x00007ff97f39d000 	C:\Windows\SYSTEM32\dhcpcsvc.DLL
0x00007ff984840000 - 0x00007ff98490a000 	C:\Windows\SYSTEM32\DNSAPI.dll
0x00007ff97d4c0000 - 0x00007ff97d4ce000 	C:\Program Files\Zulu\zulu-17\bin\sunmscapi.dll
0x00007ff985830000 - 0x00007ff98598d000 	C:\Windows\System32\CRYPT32.dll
0x00007ff984d70000 - 0x00007ff984d97000 	C:\Windows\SYSTEM32\ncrypt.dll
0x00007ff984d30000 - 0x00007ff984d6b000 	C:\Windows\SYSTEM32\NTASN1.dll
0x00007ff980200000 - 0x00007ff980207000 	C:\Windows\system32\wshunix.dll

dbghelp: loaded successfully - version: 4.0.5 - missing functions: none
symbol engine: initialized successfully - sym options: 0x614 - pdb path: .;C:\Program Files\Zulu\zulu-17\bin;C:\Windows\SYSTEM32;C:\Windows\WinSxS\amd64_microsoft.windows.common-controls_6595b64144ccf1df_6.0.19041.1_none_b555e41d4684ddec;C:\Program Files\Zulu\zulu-17\bin\server;D:\DOWNLOADS\JetPlayer\native\68d5fa5c4cc2d200863cafc0d521ce42e7d3e7ee720ec0a83991735586a16f82\windows-amd64;D:\DOWNLOADS\JetPlayer\native\e376f236ea51e6404a007f0833ffe2c6e607c4080706a723a18a27aeea778392\windows-amd64

VM Arguments:
jvm_args: --add-opens=java.base/java.util=ALL-UNNAMED --add-opens=java.base/java.lang=ALL-UNNAMED --add-opens=java.base/java.lang.invoke=ALL-UNNAMED --add-opens=java.prefs/java.util.prefs=ALL-UNNAMED --add-opens=java.base/java.nio.charset=ALL-UNNAMED --add-opens=java.base/java.net=ALL-UNNAMED --add-opens=java.base/java.util.concurrent.atomic=ALL-UNNAMED -Xmx2048m -Dfile.encoding=UTF-8 -Duser.country=US -Duser.language=en -Duser.variant 
java_command: org.gradle.launcher.daemon.bootstrap.GradleDaemon 8.0
java_class_path (initial): D:\DOWNLOADS\JetPlayer\wrapper\dists\gradle-8.0-bin\ca5e32bp14vu59qr306oxotwh\gradle-8.0\lib\gradle-launcher-8.0.jar
Launcher Type: SUN_STANDARD

[Global flags]
     intx CICompilerCount                          = 3                                         {product} {ergonomic}
     uint ConcGCThreads                            = 1                                         {product} {ergonomic}
     uint G1ConcRefinementThreads                  = 4                                         {product} {ergonomic}
   size_t G1HeapRegionSize                         = 1048576                                   {product} {ergonomic}
    uintx GCDrainStackTargetSize                   = 64                                        {product} {ergonomic}
   size_t InitialHeapSize                          = 132120576                                 {product} {ergonomic}
   size_t MarkStackSize                            = 4194304                                   {product} {ergonomic}
   size_t MaxHeapSize                              = 2147483648                                {product} {command line}
   size_t MaxNewSize                               = 1287651328                                {product} {ergonomic}
   size_t MinHeapDeltaBytes                        = 1048576                                   {product} {ergonomic}
   size_t MinHeapSize                              = 8388608                                   {product} {ergonomic}
    uintx NonNMethodCodeHeapSize                   = 5832780                                {pd product} {ergonomic}
    uintx NonProfiledCodeHeapSize                  = 122912730                              {pd product} {ergonomic}
    uintx ProfiledCodeHeapSize                     = 122912730                              {pd product} {ergonomic}
    uintx ReservedCodeCacheSize                    = 251658240                              {pd product} {ergonomic}
     bool SegmentedCodeCache                       = true                                      {product} {ergonomic}
   size_t SoftMaxHeapSize                          = 2147483648                             {manageable} {ergonomic}
     bool UseCompressedClassPointers               = true                           {product lp64_product} {ergonomic}
     bool UseCompressedOops                        = true                           {product lp64_product} {ergonomic}
     bool UseG1GC                                  = true                                      {product} {ergonomic}
     bool UseLargePagesIndividualAllocation        = false                                  {pd product} {ergonomic}

Logging:
Log output configuration:
 #0: stdout all=warning uptime,level,tags
 #1: stderr all=off uptime,level,tags

Environment Variables:
JAVA_HOME=C:\Program Files\Zulu\zulu-17
PATH=C:\Program Files\Zulu\zulu-17\bin\;C:\Program Files\Common Files\Oracle\Java\javapath;C:\Program Files (x86)\Common Files\Oracle\Java\javapath;C:\Program Files\Zulu\zulu-8\bin\;C:\ProgramData\Oracle\Java\javapath;C:\Windows\system32;C:\Windows;C:\Windows\System32\Wbem;C:\Windows\System32\WindowsPowerShell\v1.0\;C:\Windows\System32\OpenSSH\;C:\Program Files (x86)\dotnet\;C:\Program Files\dotnet\;C:\Program Files (x86)\QuickTime\QTSystem\;D:\DOWNLOADS\gradle-8.3-all\gradle-8.3\bin;C:\Program Files\Git\cmd;C:\Program Files\Java\jdk-21\bin;C:\Users\ACER\AppData\Local\Microsoft\WindowsApps;C:\Users\ACER\AppData\Local\Programs\Microsoft VS Code\bin;C:\Program Files\Java\jdk-21\bin;
USERNAME=ACER
OS=Windows_NT
PROCESSOR_IDENTIFIER=Intel64 Family 6 Model 58 Stepping 9, GenuineIntel
TMP=C:\Users\ACER\AppData\Local\Temp
TEMP=C:\Users\ACER\AppData\Local\Temp



Periodic native trim disabled


---------------  S Y S T E M  ---------------

OS:
 Windows 10 , 64 bit Build 19041 (10.0.19041.207)
OS uptime: 0 days 17:47 hours
Hyper-V role detected

CPU: total 4 (initial active 4) (2 cores per cpu, 2 threads per core) family 6 model 58 stepping 9 microcode 0x21, cx8, cmov, fxsr, ht, mmx, sse, sse2, sse3, ssse3, sse4.1, sse4.2, popcnt, tsc, tscinvbit, avx, aes, erms, clmul, vzeroupper, clflush, hv
Processor Information for all 4 processors :
  Max Mhz: 2501, Current Mhz: 2100, Mhz Limit: 2075

Memory: 4k page, system-wide physical 8030M (360M free)
TotalPageFile size 10078M (AvailPageFile size 5M)
current process WorkingSet (physical memory assigned to process): 606M, peak: 607M
current process commit charge ("private bytes"): 645M, peak: 646M

vm_info: OpenJDK 64-Bit Server VM (17.0.9+8-LTS) for windows-amd64 JRE (17.0.9+8-LTS) (Zulu17.46+19-CA), built on Oct 11 2023 20:47:25 by "zulu_re" with MS VC++ 16.10 / 16.11 (VS2019)

END.
