#
# There is insufficient memory for the Java Runtime Environment to continue.
# Native memory allocation (mmap) failed to map 220200960 bytes for G1 virtual space
# Possible reasons:
#   The system is out of physical RAM or swap space
#   The process is running with CompressedOops enabled, and the Java Heap may be blocking the growth of the native heap
# Possible solutions:
#   Reduce memory load on the system
#   Increase physical memory or swap space
#   Check if swap backing store is full
#   Decrease Java heap size (-Xmx/-Xms)
#   Decrease number of Java threads
#   Decrease Java thread stack sizes (-Xss)
#   Set larger code cache with -XX:ReservedCodeCacheSize=
#   JVM is running with Unscaled Compressed Oops mode in which the Java heap is
#     placed in the first 4GB address space. The Java Heap base address is the
#     maximum limit for the native heap growth. Please use -XX:HeapBaseMinAddress
#     to set the Java Heap base and to place the Java Heap above 4GB virtual address.
# This output file may be truncated or incomplete.
#
#  Out of Memory Error (os_windows.cpp:3769), pid=9172, tid=8236
#
# JRE version: OpenJDK Runtime Environment (17.0.6) (build 17.0.6+0-b2043.56-10027231)
# Java VM: OpenJDK 64-Bit Server VM (17.0.6+0-b2043.56-10027231, mixed mode, tiered, compressed oops, compressed class ptrs, g1 gc, windows-amd64)
# No core dump will be written. Minidumps are not enabled by default on client versions of Windows
#

---------------  S U M M A R Y ------------

Command Line: --add-opens=java.base/java.util=ALL-UNNAMED --add-opens=java.base/java.lang=ALL-UNNAMED --add-opens=java.base/java.lang.invoke=ALL-UNNAMED --add-opens=java.prefs/java.util.prefs=ALL-UNNAMED --add-opens=java.base/java.nio.charset=ALL-UNNAMED --add-opens=java.base/java.net=ALL-UNNAMED --add-opens=java.base/java.util.concurrent.atomic=ALL-UNNAMED -Xmx2048m -Dfile.encoding=UTF-8 -Duser.country=US -Duser.language=en -Duser.variant org.gradle.launcher.daemon.bootstrap.GradleDaemon 8.0

Host: Intel(R) Core(TM) i5-3210M CPU @ 2.50GHz, 4 cores, 7G,  Windows 10 , 64 bit Build 19041 (10.0.19041.207)
Time: Mon Jan 22 02:35:42 2024 SE Asia Standard Time elapsed time: 21.553953 seconds (0d 0h 0m 21s)

---------------  T H R E A D  ---------------

Current thread (0x000002a7503b6050):  VMThread "VM Thread" [stack: 0x000000c865e00000,0x000000c865f00000] [id=8236]

Stack: [0x000000c865e00000,0x000000c865f00000]
Native frames: (J=compiled Java code, j=interpreted, Vv=VM code, C=native code)
V  [jvm.dll+0x683c9a]
V  [jvm.dll+0x8427a4]
V  [jvm.dll+0x843f9e]
V  [jvm.dll+0x844603]
V  [jvm.dll+0x249b75]
V  [jvm.dll+0x680b69]
V  [jvm.dll+0x67505a]
V  [jvm.dll+0x309acb]
V  [jvm.dll+0x310f86]
V  [jvm.dll+0x3608ee]
V  [jvm.dll+0x360b1f]
V  [jvm.dll+0x2dfbf8]
V  [jvm.dll+0x2ddec4]
V  [jvm.dll+0x2dd4cc]
V  [jvm.dll+0x321f3b]
V  [jvm.dll+0x848ccb]
V  [jvm.dll+0x849a04]
V  [jvm.dll+0x849f1d]
V  [jvm.dll+0x84a2f4]
V  [jvm.dll+0x84a3c0]
V  [jvm.dll+0x7f274a]
V  [jvm.dll+0x682ad5]
C  [ucrtbase.dll+0x21542]
C  [KERNEL32.DLL+0x16fd4]
C  [ntdll.dll+0x4cec1]

VM_Operation (0x000000c8675f3050): G1CollectForAllocation, mode: safepoint, requested by thread 0x000002a751b50570


---------------  P R O C E S S  ---------------

Threads class SMR info:
_java_thread_list=0x000002a7597a5270, length=40, elements={
0x000002a734e88550, 0x000002a7503bd080, 0x000002a7503bee10, 0x000002a7503f32a0,
0x000002a7503f6f80, 0x000002a7503f7840, 0x000002a750d50bf0, 0x000002a750d51f80,
0x000002a750d56cc0, 0x000002a750dbcc40, 0x000002a750ed9030, 0x000002a750ef1010,
0x000002a7525f8980, 0x000002a7510b0830, 0x000002a753cd70e0, 0x000002a753753040,
0x000002a753753510, 0x000002a753735030, 0x000002a751b50570, 0x000002a7538bd0e0,
0x000002a7538bd9b0, 0x000002a7522ef4f0, 0x000002a7522efe90, 0x000002a7522f0830,
0x000002a7522f16a0, 0x000002a7522f1b70, 0x000002a7522f0d00, 0x000002a7522f2510,
0x000002a7522f0360, 0x000002a7522f11d0, 0x000002a7522f29e0, 0x000002a7522ef9c0,
0x000002a754613fc0, 0x000002a754614e30, 0x000002a754614490, 0x000002a754618320,
0x000002a754616b10, 0x000002a754615ca0, 0x000002a754ddc3c0, 0x000002a754e896a0
}

Java Threads: ( => current thread )
  0x000002a734e88550 JavaThread "main" [_thread_blocked, id=8104, stack(0x000000c865800000,0x000000c865900000)]
  0x000002a7503bd080 JavaThread "Reference Handler" daemon [_thread_blocked, id=10028, stack(0x000000c865f00000,0x000000c866000000)]
  0x000002a7503bee10 JavaThread "Finalizer" daemon [_thread_blocked, id=10192, stack(0x000000c866000000,0x000000c866100000)]
  0x000002a7503f32a0 JavaThread "Signal Dispatcher" daemon [_thread_blocked, id=8080, stack(0x000000c866100000,0x000000c866200000)]
  0x000002a7503f6f80 JavaThread "Attach Listener" daemon [_thread_blocked, id=2768, stack(0x000000c866200000,0x000000c866300000)]
  0x000002a7503f7840 JavaThread "Service Thread" daemon [_thread_blocked, id=3836, stack(0x000000c866300000,0x000000c866400000)]
  0x000002a750d50bf0 JavaThread "Monitor Deflation Thread" daemon [_thread_blocked, id=8196, stack(0x000000c866400000,0x000000c866500000)]
  0x000002a750d51f80 JavaThread "C2 CompilerThread0" daemon [_thread_blocked, id=5312, stack(0x000000c866500000,0x000000c866600000)]
  0x000002a750d56cc0 JavaThread "C1 CompilerThread0" daemon [_thread_blocked, id=5360, stack(0x000000c866600000,0x000000c866700000)]
  0x000002a750dbcc40 JavaThread "Sweeper thread" daemon [_thread_blocked, id=5776, stack(0x000000c866700000,0x000000c866800000)]
  0x000002a750ed9030 JavaThread "Common-Cleaner" daemon [_thread_blocked, id=9424, stack(0x000000c866800000,0x000000c866900000)]
  0x000002a750ef1010 JavaThread "Notification Thread" daemon [_thread_blocked, id=2256, stack(0x000000c866900000,0x000000c866a00000)]
  0x000002a7525f8980 JavaThread "Daemon health stats" [_thread_blocked, id=2716, stack(0x000000c866f00000,0x000000c867000000)]
  0x000002a7510b0830 JavaThread "Incoming local TCP Connector on port 60824" [_thread_in_native, id=4708, stack(0x000000c866b00000,0x000000c866c00000)]
  0x000002a753cd70e0 JavaThread "Daemon periodic checks" [_thread_blocked, id=7688, stack(0x000000c867100000,0x000000c867200000)]
  0x000002a753753040 JavaThread "Daemon" [_thread_blocked, id=3816, stack(0x000000c867200000,0x000000c867300000)]
  0x000002a753753510 JavaThread "Handler for socket connection from /127.0.0.1:60824 to /127.0.0.1:60825" [_thread_in_native, id=7120, stack(0x000000c867300000,0x000000c867400000)]
  0x000002a753735030 JavaThread "Cancel handler" [_thread_blocked, id=2136, stack(0x000000c867400000,0x000000c867500000)]
  0x000002a751b50570 JavaThread "Daemon worker" [_thread_blocked, id=3544, stack(0x000000c867500000,0x000000c867600000)]
  0x000002a7538bd0e0 JavaThread "Asynchronous log dispatcher for DefaultDaemonConnection: socket connection from /127.0.0.1:60824 to /127.0.0.1:60825" [_thread_blocked, id=5524, stack(0x000000c867600000,0x000000c867700000)]
  0x000002a7538bd9b0 JavaThread "Stdin handler" [_thread_blocked, id=8908, stack(0x000000c867700000,0x000000c867800000)]
  0x000002a7522ef4f0 JavaThread "Daemon client event forwarder" [_thread_blocked, id=8840, stack(0x000000c867800000,0x000000c867900000)]
  0x000002a7522efe90 JavaThread "Cache worker for journal cache (D:\DOWNLOADS\JetPlayer\caches\journal-1)" [_thread_blocked, id=5268, stack(0x000000c867000000,0x000000c867100000)]
  0x000002a7522f0830 JavaThread "File lock request listener" [_thread_in_native, id=4104, stack(0x000000c867900000,0x000000c867a00000)]
  0x000002a7522f16a0 JavaThread "Cache worker for file hash cache (D:\DOWNLOADS\JetPlayer\caches\8.0\fileHashes)" [_thread_blocked, id=7196, stack(0x000000c867b00000,0x000000c867c00000)]
  0x000002a7522f1b70 JavaThread "File watcher server" daemon [_thread_in_native, id=3192, stack(0x000000c867c00000,0x000000c867d00000)]
  0x000002a7522f0d00 JavaThread "File watcher consumer" daemon [_thread_blocked, id=4132, stack(0x000000c867d00000,0x000000c867e00000)]
  0x000002a7522f2510 JavaThread "jar transforms" [_thread_blocked, id=1012, stack(0x000000c867e00000,0x000000c867f00000)]
  0x000002a7522f0360 JavaThread "jar transforms Thread 2" [_thread_blocked, id=5056, stack(0x000000c867f00000,0x000000c868000000)]
  0x000002a7522f11d0 JavaThread "jar transforms Thread 3" [_thread_blocked, id=5764, stack(0x000000c868000000,0x000000c868100000)]
  0x000002a7522f29e0 JavaThread "jar transforms Thread 4" [_thread_blocked, id=6536, stack(0x000000c868100000,0x000000c868200000)]
  0x000002a7522ef9c0 JavaThread "Cache worker for checksums cache (C:\Users\ACER\AndroidStudioProjects\ShoesCare\.gradle\8.0\checksums)" [_thread_blocked, id=7644, stack(0x000000c868200000,0x000000c868300000)]
  0x000002a754613fc0 JavaThread "Cache worker for cache directory md-rule (D:\DOWNLOADS\JetPlayer\caches\8.0\md-rule)" [_thread_blocked, id=7576, stack(0x000000c868300000,0x000000c868400000)]
  0x000002a754614e30 JavaThread "Cache worker for file content cache (D:\DOWNLOADS\JetPlayer\caches\8.0\fileContent)" [_thread_blocked, id=1084, stack(0x000000c868400000,0x000000c868500000)]
  0x000002a754614490 JavaThread "Cache worker for file hash cache (C:\Users\ACER\AndroidStudioProjects\ShoesCare\.gradle\8.0\fileHashes)" [_thread_blocked, id=4516, stack(0x000000c868500000,0x000000c868600000)]
  0x000002a754618320 JavaThread "Cache worker for cache directory md-supplier (D:\DOWNLOADS\JetPlayer\caches\8.0\md-supplier)" [_thread_blocked, id=7512, stack(0x000000c868600000,0x000000c868700000)]
  0x000002a754616b10 JavaThread "Cache worker for execution history cache (D:\DOWNLOADS\JetPlayer\caches\8.0\executionHistory)" [_thread_blocked, id=9676, stack(0x000000c868700000,0x000000c868800000)]
  0x000002a754615ca0 JavaThread "Cache worker for kotlin-dsl (D:\DOWNLOADS\JetPlayer\caches\8.0\kotlin-dsl)" [_thread_blocked, id=4716, stack(0x000000c868800000,0x000000c868900000)]
  0x000002a754ddc3c0 JavaThread "C2 CompilerThread1" daemon [_thread_in_native, id=6804, stack(0x000000c867a00000,0x000000c867b00000)]
  0x000002a754e896a0 JavaThread "Cache worker for dependencies-accessors (C:\Users\ACER\AndroidStudioProjects\ShoesCare\.gradle\8.0\dependencies-accessors)" [_thread_blocked, id=3128, stack(0x000000c868b00000,0x000000c868c00000)]

Other Threads:
=>0x000002a7503b6050 VMThread "VM Thread" [stack: 0x000000c865e00000,0x000000c865f00000] [id=8236]
  0x000002a750ef34f0 WatcherThread [stack: 0x000000c866a00000,0x000000c866b00000] [id=3140]
  0x000002a734ee3a80 GCTaskThread "GC Thread#0" [stack: 0x000000c865900000,0x000000c865a00000] [id=5048]
  0x000002a75193ed10 GCTaskThread "GC Thread#1" [stack: 0x000000c866c00000,0x000000c866d00000] [id=5300]
  0x000002a7515b6830 GCTaskThread "GC Thread#2" [stack: 0x000000c866d00000,0x000000c866e00000] [id=1864]
  0x000002a751f93f40 GCTaskThread "GC Thread#3" [stack: 0x000000c866e00000,0x000000c866f00000] [id=5264]
  0x000002a734ef48d0 ConcurrentGCThread "G1 Main Marker" [stack: 0x000000c865a00000,0x000000c865b00000] [id=5012]
  0x000002a734ef51f0 ConcurrentGCThread "G1 Conc#0" [stack: 0x000000c865b00000,0x000000c865c00000] [id=8504]
  0x000002a750210090 ConcurrentGCThread "G1 Refine#0" [stack: 0x000000c865c00000,0x000000c865d00000] [id=1788]
  0x000002a756b78120 ConcurrentGCThread "G1 Refine#1" [stack: 0x000000c868900000,0x000000c868a00000] [id=9336]
  0x000002a756b79de0 ConcurrentGCThread "G1 Refine#2" [stack: 0x000000c868a00000,0x000000c868b00000] [id=9576]
  0x000002a7502119d0 ConcurrentGCThread "G1 Service" [stack: 0x000000c865d00000,0x000000c865e00000] [id=5532]

Threads with active compile tasks:
C2 CompilerThread0    21584 9207 %     4       java.util.zip.ZipFile$Source::initCEN @ 240 (591 bytes)
C2 CompilerThread1    21584 9175       4       java.util.regex.Pattern::compile (500 bytes)

VM state: at safepoint (normal execution)

VM Mutex/Monitor currently owned by a thread:  ([mutex/lock_event])
[0x000002a734e84860] Threads_lock - owner thread: 0x000002a7503b6050
[0x000002a734e84980] Heap_lock - owner thread: 0x000002a751b50570

Heap address: 0x0000000080000000, size: 2048 MB, Compressed Oops mode: 32-bit

CDS archive(s) not mapped
Compressed class space mapped at: 0x0000000100000000-0x0000000140000000, reserved size: 1073741824
Narrow klass base: 0x0000000000000000, Narrow klass shift: 3, Narrow klass range: 0x140000000

GC Precious Log:
 CPUs: 4 total, 4 available
 Memory: 8030M
 Large Page Support: Disabled
 NUMA Support: Disabled
 Compressed Oops: Enabled (32-bit)
 Heap Region Size: 1M
 Heap Min Capacity: 8M
 Heap Initial Capacity: 126M
 Heap Max Capacity: 2G
 Pre-touch: Disabled
 Parallel Workers: 4
 Concurrent Workers: 1
 Concurrent Refinement Workers: 4
 Periodic GC: Disabled

Heap:
 garbage-first heap   total 206848K, used 125848K [0x0000000080000000, 0x0000000100000000)
  region size 1024K, 5 young (5120K), 5 survivors (5120K)
 Metaspace       used 112192K, committed 112832K, reserved 1155072K
  class space    used 14419K, committed 14720K, reserved 1048576K

Heap Regions: E=young(eden), S=young(survivor), O=old, HS=humongous(starts), HC=humongous(continues), CS=collection set, F=free, OA=open archive, CA=closed archive, TAMS=top-at-mark-start (previous, next)
|   0|0x0000000080000000, 0x0000000080100000, 0x0000000080100000|100%| O|  |TAMS 0x0000000080100000, 0x0000000080100000| Untracked 
|   1|0x0000000080100000, 0x0000000080200000, 0x0000000080200000|100%| O|  |TAMS 0x0000000080200000, 0x0000000080200000| Untracked 
|   2|0x0000000080200000, 0x0000000080300000, 0x0000000080300000|100%|HS|  |TAMS 0x0000000080300000, 0x0000000080300000| Complete 
|   3|0x0000000080300000, 0x0000000080400000, 0x0000000080400000|100%|HC|  |TAMS 0x0000000080400000, 0x0000000080400000| Complete 
|   4|0x0000000080400000, 0x0000000080500000, 0x0000000080500000|100%|HC|  |TAMS 0x0000000080500000, 0x0000000080500000| Complete 
|   5|0x0000000080500000, 0x0000000080600000, 0x0000000080600000|100%|HC|  |TAMS 0x0000000080600000, 0x0000000080600000| Complete 
|   6|0x0000000080600000, 0x0000000080700000, 0x0000000080700000|100%| O|  |TAMS 0x0000000080700000, 0x0000000080700000| Untracked 
|   7|0x0000000080700000, 0x0000000080800000, 0x0000000080800000|100%| O|  |TAMS 0x0000000080800000, 0x0000000080800000| Untracked 
|   8|0x0000000080800000, 0x0000000080900000, 0x0000000080900000|100%| O|  |TAMS 0x0000000080900000, 0x0000000080900000| Untracked 
|   9|0x0000000080900000, 0x0000000080a00000, 0x0000000080a00000|100%| O|  |TAMS 0x0000000080a00000, 0x0000000080a00000| Untracked 
|  10|0x0000000080a00000, 0x0000000080b00000, 0x0000000080b00000|100%| O|  |TAMS 0x0000000080b00000, 0x0000000080b00000| Untracked 
|  11|0x0000000080b00000, 0x0000000080c00000, 0x0000000080c00000|100%| O|  |TAMS 0x0000000080c00000, 0x0000000080c00000| Untracked 
|  12|0x0000000080c00000, 0x0000000080d00000, 0x0000000080d00000|100%| O|  |TAMS 0x0000000080d00000, 0x0000000080d00000| Untracked 
|  13|0x0000000080d00000, 0x0000000080d00000, 0x0000000080e00000|  0%| F|  |TAMS 0x0000000080d00000, 0x0000000080d00000| Untracked 
|  14|0x0000000080e00000, 0x0000000080f00000, 0x0000000080f00000|100%| O|  |TAMS 0x0000000080f00000, 0x0000000080f00000| Untracked 
|  15|0x0000000080f00000, 0x0000000081000000, 0x0000000081000000|100%| O|  |TAMS 0x0000000081000000, 0x0000000081000000| Untracked 
|  16|0x0000000081000000, 0x0000000081100000, 0x0000000081100000|100%| O|  |TAMS 0x0000000081100000, 0x0000000081100000| Untracked 
|  17|0x0000000081100000, 0x0000000081200000, 0x0000000081200000|100%| O|  |TAMS 0x0000000081200000, 0x0000000081200000| Untracked 
|  18|0x0000000081200000, 0x0000000081300000, 0x0000000081300000|100%| O|  |TAMS 0x0000000081300000, 0x0000000081300000| Untracked 
|  19|0x0000000081300000, 0x0000000081400000, 0x0000000081400000|100%| O|  |TAMS 0x0000000081400000, 0x0000000081400000| Untracked 
|  20|0x0000000081400000, 0x0000000081500000, 0x0000000081500000|100%| O|  |TAMS 0x0000000081400000, 0x0000000081500000| Untracked 
|  21|0x0000000081500000, 0x0000000081600000, 0x0000000081600000|100%|HS|  |TAMS 0x0000000081600000, 0x0000000081600000| Complete 
|  22|0x0000000081600000, 0x0000000081700000, 0x0000000081700000|100%|HC|  |TAMS 0x0000000081700000, 0x0000000081700000| Complete 
|  23|0x0000000081700000, 0x0000000081800000, 0x0000000081800000|100%|HS|  |TAMS 0x0000000081800000, 0x0000000081800000| Complete 
|  24|0x0000000081800000, 0x0000000081900000, 0x0000000081900000|100%|HC|  |TAMS 0x0000000081900000, 0x0000000081900000| Complete 
|  25|0x0000000081900000, 0x0000000081a00000, 0x0000000081a00000|100%|HC|  |TAMS 0x0000000081a00000, 0x0000000081a00000| Complete 
|  26|0x0000000081a00000, 0x0000000081b00000, 0x0000000081b00000|100%|HS|  |TAMS 0x0000000081b00000, 0x0000000081b00000| Complete 
|  27|0x0000000081b00000, 0x0000000081c00000, 0x0000000081c00000|100%|HC|  |TAMS 0x0000000081c00000, 0x0000000081c00000| Complete 
|  28|0x0000000081c00000, 0x0000000081d00000, 0x0000000081d00000|100%|HC|  |TAMS 0x0000000081d00000, 0x0000000081d00000| Complete 
|  29|0x0000000081d00000, 0x0000000081e00000, 0x0000000081e00000|100%|HS|  |TAMS 0x0000000081e00000, 0x0000000081e00000| Complete 
|  30|0x0000000081e00000, 0x0000000081f00000, 0x0000000081f00000|100%|HC|  |TAMS 0x0000000081f00000, 0x0000000081f00000| Complete 
|  31|0x0000000081f00000, 0x0000000082000000, 0x0000000082000000|100%|HC|  |TAMS 0x0000000082000000, 0x0000000082000000| Complete 
|  32|0x0000000082000000, 0x0000000082100000, 0x0000000082100000|100%|HC|  |TAMS 0x0000000082100000, 0x0000000082100000| Complete 
|  33|0x0000000082100000, 0x0000000082200000, 0x0000000082200000|100%|HC|  |TAMS 0x0000000082200000, 0x0000000082200000| Complete 
|  34|0x0000000082200000, 0x0000000082300000, 0x0000000082300000|100%|HC|  |TAMS 0x0000000082300000, 0x0000000082300000| Complete 
|  35|0x0000000082300000, 0x0000000082400000, 0x0000000082400000|100%|HC|  |TAMS 0x0000000082400000, 0x0000000082400000| Complete 
|  36|0x0000000082400000, 0x0000000082500000, 0x0000000082500000|100%|HC|  |TAMS 0x0000000082500000, 0x0000000082500000| Complete 
|  37|0x0000000082500000, 0x0000000082600000, 0x0000000082600000|100%|HC|  |TAMS 0x0000000082600000, 0x0000000082600000| Complete 
|  38|0x0000000082600000, 0x0000000082700000, 0x0000000082700000|100%|HC|  |TAMS 0x0000000082700000, 0x0000000082700000| Complete 
|  39|0x0000000082700000, 0x0000000082800000, 0x0000000082800000|100%|HC|  |TAMS 0x0000000082800000, 0x0000000082800000| Complete 
|  40|0x0000000082800000, 0x0000000082900000, 0x0000000082900000|100%|HC|  |TAMS 0x0000000082900000, 0x0000000082900000| Complete 
|  41|0x0000000082900000, 0x0000000082a00000, 0x0000000082a00000|100%| O|  |TAMS 0x0000000082a00000, 0x0000000082a00000| Untracked 
|  42|0x0000000082a00000, 0x0000000082b00000, 0x0000000082b00000|100%|HS|  |TAMS 0x0000000082b00000, 0x0000000082b00000| Complete 
|  43|0x0000000082b00000, 0x0000000082c00000, 0x0000000082c00000|100%|HC|  |TAMS 0x0000000082c00000, 0x0000000082c00000| Complete 
|  44|0x0000000082c00000, 0x0000000082d00000, 0x0000000082d00000|100%| O|  |TAMS 0x0000000082d00000, 0x0000000082d00000| Untracked 
|  45|0x0000000082d00000, 0x0000000082e00000, 0x0000000082e00000|100%| O|  |TAMS 0x0000000082e00000, 0x0000000082e00000| Untracked 
|  46|0x0000000082e00000, 0x0000000082f00000, 0x0000000082f00000|100%| O|  |TAMS 0x0000000082f00000, 0x0000000082f00000| Untracked 
|  47|0x0000000082f00000, 0x0000000083000000, 0x0000000083000000|100%| O|  |TAMS 0x0000000083000000, 0x0000000083000000| Untracked 
|  48|0x0000000083000000, 0x0000000083100000, 0x0000000083100000|100%| O|  |TAMS 0x0000000083100000, 0x0000000083100000| Untracked 
|  49|0x0000000083100000, 0x0000000083200000, 0x0000000083200000|100%| O|  |TAMS 0x0000000083200000, 0x0000000083200000| Untracked 
|  50|0x0000000083200000, 0x0000000083300000, 0x0000000083300000|100%| O|  |TAMS 0x0000000083300000, 0x0000000083300000| Untracked 
|  51|0x0000000083300000, 0x0000000083400000, 0x0000000083400000|100%| O|  |TAMS 0x0000000083400000, 0x0000000083400000| Untracked 
|  52|0x0000000083400000, 0x0000000083500000, 0x0000000083500000|100%| O|  |TAMS 0x0000000083500000, 0x0000000083500000| Untracked 
|  53|0x0000000083500000, 0x0000000083600000, 0x0000000083600000|100%| O|  |TAMS 0x0000000083600000, 0x0000000083600000| Untracked 
|  54|0x0000000083600000, 0x0000000083700000, 0x0000000083700000|100%| O|  |TAMS 0x0000000083700000, 0x0000000083700000| Untracked 
|  55|0x0000000083700000, 0x0000000083800000, 0x0000000083800000|100%| O|  |TAMS 0x0000000083800000, 0x0000000083800000| Untracked 
|  56|0x0000000083800000, 0x0000000083900000, 0x0000000083900000|100%| O|  |TAMS 0x0000000083900000, 0x0000000083900000| Untracked 
|  57|0x0000000083900000, 0x0000000083a00000, 0x0000000083a00000|100%| O|  |TAMS 0x0000000083a00000, 0x0000000083a00000| Untracked 
|  58|0x0000000083a00000, 0x0000000083b00000, 0x0000000083b00000|100%|HS|  |TAMS 0x0000000083b00000, 0x0000000083b00000| Complete 
|  59|0x0000000083b00000, 0x0000000083c00000, 0x0000000083c00000|100%|HC|  |TAMS 0x0000000083c00000, 0x0000000083c00000| Complete 
|  60|0x0000000083c00000, 0x0000000083d00000, 0x0000000083d00000|100%|HC|  |TAMS 0x0000000083d00000, 0x0000000083d00000| Complete 
|  61|0x0000000083d00000, 0x0000000083e00000, 0x0000000083e00000|100%|HS|  |TAMS 0x0000000083e00000, 0x0000000083e00000| Complete 
|  62|0x0000000083e00000, 0x0000000083f00000, 0x0000000083f00000|100%|HC|  |TAMS 0x0000000083f00000, 0x0000000083f00000| Complete 
|  63|0x0000000083f00000, 0x0000000084000000, 0x0000000084000000|100%|HC|  |TAMS 0x0000000084000000, 0x0000000084000000| Complete 
|  64|0x0000000084000000, 0x0000000084100000, 0x0000000084100000|100%| O|  |TAMS 0x0000000084100000, 0x0000000084100000| Untracked 
|  65|0x0000000084100000, 0x0000000084200000, 0x0000000084200000|100%| O|  |TAMS 0x0000000084200000, 0x0000000084200000| Untracked 
|  66|0x0000000084200000, 0x0000000084300000, 0x0000000084300000|100%| O|  |TAMS 0x0000000084300000, 0x0000000084300000| Untracked 
|  67|0x0000000084300000, 0x0000000084400000, 0x0000000084400000|100%| O|  |TAMS 0x0000000084400000, 0x0000000084400000| Untracked 
|  68|0x0000000084400000, 0x0000000084500000, 0x0000000084500000|100%| O|  |TAMS 0x0000000084500000, 0x0000000084500000| Untracked 
|  69|0x0000000084500000, 0x0000000084600000, 0x0000000084600000|100%| O|  |TAMS 0x0000000084600000, 0x0000000084600000| Untracked 
|  70|0x0000000084600000, 0x0000000084700000, 0x0000000084700000|100%| O|  |TAMS 0x0000000084700000, 0x0000000084700000| Untracked 
|  71|0x0000000084700000, 0x0000000084800000, 0x0000000084800000|100%|HS|  |TAMS 0x0000000084800000, 0x0000000084800000| Complete 
|  72|0x0000000084800000, 0x0000000084900000, 0x0000000084900000|100%|HC|  |TAMS 0x0000000084900000, 0x0000000084900000| Complete 
|  73|0x0000000084900000, 0x0000000084a00000, 0x0000000084a00000|100%|HC|  |TAMS 0x0000000084a00000, 0x0000000084a00000| Complete 
|  74|0x0000000084a00000, 0x0000000084b00000, 0x0000000084b00000|100%|HC|  |TAMS 0x0000000084b00000, 0x0000000084b00000| Complete 
|  75|0x0000000084b00000, 0x0000000084c00000, 0x0000000084c00000|100%| O|  |TAMS 0x0000000084c00000, 0x0000000084c00000| Untracked 
|  76|0x0000000084c00000, 0x0000000084d00000, 0x0000000084d00000|100%| O|  |TAMS 0x0000000084d00000, 0x0000000084d00000| Untracked 
|  77|0x0000000084d00000, 0x0000000084e00000, 0x0000000084e00000|100%| O|  |TAMS 0x0000000084e00000, 0x0000000084e00000| Untracked 
|  78|0x0000000084e00000, 0x0000000084f00000, 0x0000000084f00000|100%| O|  |TAMS 0x0000000084f00000, 0x0000000084f00000| Untracked 
|  79|0x0000000084f00000, 0x0000000085000000, 0x0000000085000000|100%| O|  |TAMS 0x0000000085000000, 0x0000000085000000| Untracked 
|  80|0x0000000085000000, 0x0000000085100000, 0x0000000085100000|100%| O|  |TAMS 0x0000000085100000, 0x0000000085100000| Untracked 
|  81|0x0000000085100000, 0x0000000085200000, 0x0000000085200000|100%| O|  |TAMS 0x0000000085200000, 0x0000000085200000| Untracked 
|  82|0x0000000085200000, 0x0000000085300000, 0x0000000085300000|100%| O|  |TAMS 0x0000000085300000, 0x0000000085300000| Untracked 
|  83|0x0000000085300000, 0x0000000085400000, 0x0000000085400000|100%| O|  |TAMS 0x0000000085400000, 0x0000000085400000| Untracked 
|  84|0x0000000085400000, 0x0000000085500000, 0x0000000085500000|100%| O|  |TAMS 0x0000000085500000, 0x0000000085500000| Untracked 
|  85|0x0000000085500000, 0x0000000085600000, 0x0000000085600000|100%| O|  |TAMS 0x0000000085600000, 0x0000000085600000| Untracked 
|  86|0x0000000085600000, 0x0000000085700000, 0x0000000085700000|100%| O|  |TAMS 0x0000000085700000, 0x0000000085700000| Untracked 
|  87|0x0000000085700000, 0x0000000085800000, 0x0000000085800000|100%| O|  |TAMS 0x0000000085800000, 0x0000000085800000| Untracked 
|  88|0x0000000085800000, 0x0000000085900000, 0x0000000085900000|100%|HS|  |TAMS 0x0000000085900000, 0x0000000085900000| Complete 
|  89|0x0000000085900000, 0x0000000085a00000, 0x0000000085a00000|100%|HC|  |TAMS 0x0000000085a00000, 0x0000000085a00000| Complete 
|  90|0x0000000085a00000, 0x0000000085b00000, 0x0000000085b00000|100%|HC|  |TAMS 0x0000000085b00000, 0x0000000085b00000| Complete 
|  91|0x0000000085b00000, 0x0000000085c00000, 0x0000000085c00000|100%|HC|  |TAMS 0x0000000085c00000, 0x0000000085c00000| Complete 
|  92|0x0000000085c00000, 0x0000000085d00000, 0x0000000085d00000|100%|HC|  |TAMS 0x0000000085d00000, 0x0000000085d00000| Complete 
|  93|0x0000000085d00000, 0x0000000085e00000, 0x0000000085e00000|100%|HC|  |TAMS 0x0000000085e00000, 0x0000000085e00000| Complete 
|  94|0x0000000085e00000, 0x0000000085f00000, 0x0000000085f00000|100%| O|  |TAMS 0x0000000085f00000, 0x0000000085f00000| Untracked 
|  95|0x0000000085f00000, 0x0000000086000000, 0x0000000086000000|100%| O|  |TAMS 0x0000000086000000, 0x0000000086000000| Untracked 
|  96|0x0000000086000000, 0x0000000086100000, 0x0000000086100000|100%| O|  |TAMS 0x0000000086100000, 0x0000000086100000| Untracked 
|  97|0x0000000086100000, 0x0000000086200000, 0x0000000086200000|100%| O|  |TAMS 0x0000000086200000, 0x0000000086200000| Untracked 
|  98|0x0000000086200000, 0x0000000086300000, 0x0000000086300000|100%| O|  |TAMS 0x0000000086300000, 0x0000000086300000| Untracked 
|  99|0x0000000086300000, 0x0000000086400000, 0x0000000086400000|100%| O|  |TAMS 0x0000000086400000, 0x0000000086400000| Untracked 
| 100|0x0000000086400000, 0x0000000086500000, 0x0000000086500000|100%| O|  |TAMS 0x0000000086500000, 0x0000000086500000| Untracked 
| 101|0x0000000086500000, 0x0000000086600000, 0x0000000086600000|100%| O|  |TAMS 0x0000000086600000, 0x0000000086600000| Untracked 
| 102|0x0000000086600000, 0x0000000086700000, 0x0000000086700000|100%| O|  |TAMS 0x0000000086700000, 0x0000000086700000| Untracked 
| 103|0x0000000086700000, 0x0000000086800000, 0x0000000086800000|100%| O|  |TAMS 0x0000000086800000, 0x0000000086800000| Untracked 
| 104|0x0000000086800000, 0x0000000086900000, 0x0000000086900000|100%| O|  |TAMS 0x0000000086900000, 0x0000000086900000| Untracked 
| 105|0x0000000086900000, 0x0000000086a00000, 0x0000000086a00000|100%| O|  |TAMS 0x0000000086a00000, 0x0000000086a00000| Untracked 
| 106|0x0000000086a00000, 0x0000000086b00000, 0x0000000086b00000|100%| O|  |TAMS 0x0000000086b00000, 0x0000000086b00000| Untracked 
| 107|0x0000000086b00000, 0x0000000086c00000, 0x0000000086c00000|100%| O|  |TAMS 0x0000000086c00000, 0x0000000086c00000| Untracked 
| 108|0x0000000086c00000, 0x0000000086d00000, 0x0000000086d00000|100%| O|  |TAMS 0x0000000086d00000, 0x0000000086d00000| Untracked 
| 109|0x0000000086d00000, 0x0000000086e00000, 0x0000000086e00000|100%| O|  |TAMS 0x0000000086e00000, 0x0000000086e00000| Untracked 
| 110|0x0000000086e00000, 0x0000000086f00000, 0x0000000086f00000|100%| O|  |TAMS 0x0000000086f00000, 0x0000000086f00000| Untracked 
| 111|0x0000000086f00000, 0x0000000087000000, 0x0000000087000000|100%| O|  |TAMS 0x0000000086fb2000, 0x0000000087000000| Untracked 
| 112|0x0000000087000000, 0x0000000087100000, 0x0000000087100000|100%| O|  |TAMS 0x0000000087000000, 0x0000000087100000| Untracked 
| 113|0x0000000087100000, 0x0000000087200000, 0x0000000087200000|100%| O|  |TAMS 0x0000000087100000, 0x0000000087200000| Untracked 
| 114|0x0000000087200000, 0x0000000087300000, 0x0000000087300000|100%| O|  |TAMS 0x0000000087200000, 0x0000000087300000| Untracked 
| 115|0x0000000087300000, 0x0000000087400000, 0x0000000087400000|100%| O|  |TAMS 0x0000000087300000, 0x0000000087400000| Untracked 
| 116|0x0000000087400000, 0x0000000087500000, 0x0000000087500000|100%| O|  |TAMS 0x0000000087400000, 0x0000000087500000| Untracked 
| 117|0x0000000087500000, 0x0000000087600000, 0x0000000087600000|100%| O|  |TAMS 0x0000000087500000, 0x0000000087600000| Untracked 
| 118|0x0000000087600000, 0x0000000087700000, 0x0000000087700000|100%| O|  |TAMS 0x0000000087600000, 0x0000000087700000| Untracked 
| 119|0x0000000087700000, 0x0000000087723200, 0x0000000087800000| 13%| O|  |TAMS 0x0000000087700000, 0x0000000087723200| Untracked 
| 120|0x0000000087800000, 0x0000000087800000, 0x0000000087900000|  0%| F|  |TAMS 0x0000000087800000, 0x0000000087800000| Untracked 
| 121|0x0000000087900000, 0x0000000087900000, 0x0000000087a00000|  0%| F|  |TAMS 0x0000000087900000, 0x0000000087900000| Untracked 
| 122|0x0000000087a00000, 0x0000000087a00000, 0x0000000087b00000|  0%| F|  |TAMS 0x0000000087a00000, 0x0000000087a00000| Untracked 
| 123|0x0000000087b00000, 0x0000000087b00000, 0x0000000087c00000|  0%| F|  |TAMS 0x0000000087b00000, 0x0000000087b00000| Untracked 
| 124|0x0000000087c00000, 0x0000000087c00000, 0x0000000087d00000|  0%| F|  |TAMS 0x0000000087c00000, 0x0000000087c00000| Untracked 
| 125|0x0000000087d00000, 0x0000000087d00000, 0x0000000087e00000|  0%| F|  |TAMS 0x0000000087d00000, 0x0000000087d00000| Untracked 
| 126|0x0000000087e00000, 0x0000000087e00000, 0x0000000087f00000|  0%| F|  |TAMS 0x0000000087e00000, 0x0000000087e00000| Untracked 
| 127|0x0000000087f00000, 0x0000000087f00000, 0x0000000088000000|  0%| F|  |TAMS 0x0000000087f00000, 0x0000000087f00000| Untracked 
| 128|0x0000000088000000, 0x0000000088000000, 0x0000000088100000|  0%| F|  |TAMS 0x0000000088000000, 0x0000000088000000| Untracked 
| 129|0x0000000088100000, 0x0000000088100000, 0x0000000088200000|  0%| F|  |TAMS 0x0000000088100000, 0x0000000088100000| Untracked 
| 130|0x0000000088200000, 0x0000000088200000, 0x0000000088300000|  0%| F|  |TAMS 0x0000000088200000, 0x0000000088200000| Untracked 
| 131|0x0000000088300000, 0x0000000088300000, 0x0000000088400000|  0%| F|  |TAMS 0x0000000088300000, 0x0000000088300000| Untracked 
| 132|0x0000000088400000, 0x0000000088400000, 0x0000000088500000|  0%| F|  |TAMS 0x0000000088400000, 0x0000000088400000| Untracked 
| 133|0x0000000088500000, 0x0000000088500000, 0x0000000088600000|  0%| F|  |TAMS 0x0000000088500000, 0x0000000088500000| Untracked 
| 134|0x0000000088600000, 0x0000000088600000, 0x0000000088700000|  0%| F|  |TAMS 0x0000000088600000, 0x0000000088600000| Untracked 
| 135|0x0000000088700000, 0x0000000088700000, 0x0000000088800000|  0%| F|  |TAMS 0x0000000088700000, 0x0000000088700000| Untracked 
| 136|0x0000000088800000, 0x0000000088800000, 0x0000000088900000|  0%| F|  |TAMS 0x0000000088800000, 0x0000000088800000| Untracked 
| 137|0x0000000088900000, 0x0000000088900000, 0x0000000088a00000|  0%| F|  |TAMS 0x0000000088900000, 0x0000000088900000| Untracked 
| 138|0x0000000088a00000, 0x0000000088a00000, 0x0000000088b00000|  0%| F|  |TAMS 0x0000000088a00000, 0x0000000088a00000| Untracked 
| 139|0x0000000088b00000, 0x0000000088b00000, 0x0000000088c00000|  0%| F|  |TAMS 0x0000000088b00000, 0x0000000088b00000| Untracked 
| 140|0x0000000088c00000, 0x0000000088c00000, 0x0000000088d00000|  0%| F|  |TAMS 0x0000000088c00000, 0x0000000088c00000| Untracked 
| 141|0x0000000088d00000, 0x0000000088d00000, 0x0000000088e00000|  0%| F|  |TAMS 0x0000000088d00000, 0x0000000088d00000| Untracked 
| 142|0x0000000088e00000, 0x0000000088e00000, 0x0000000088f00000|  0%| F|  |TAMS 0x0000000088e00000, 0x0000000088e00000| Untracked 
| 143|0x0000000088f00000, 0x0000000088f00000, 0x0000000089000000|  0%| F|  |TAMS 0x0000000088f00000, 0x0000000088f00000| Untracked 
| 144|0x0000000089000000, 0x0000000089000000, 0x0000000089100000|  0%| F|  |TAMS 0x0000000089000000, 0x0000000089000000| Untracked 
| 145|0x0000000089100000, 0x0000000089100000, 0x0000000089200000|  0%| F|  |TAMS 0x0000000089100000, 0x0000000089100000| Untracked 
| 146|0x0000000089200000, 0x0000000089200000, 0x0000000089300000|  0%| F|  |TAMS 0x0000000089200000, 0x0000000089200000| Untracked 
| 147|0x0000000089300000, 0x00000000893c30c0, 0x0000000089400000| 76%| S|CS|TAMS 0x0000000089300000, 0x0000000089300000| Complete 
| 148|0x0000000089400000, 0x0000000089500000, 0x0000000089500000|100%| S|CS|TAMS 0x0000000089400000, 0x0000000089400000| Complete 
| 149|0x0000000089500000, 0x0000000089600000, 0x0000000089600000|100%| S|CS|TAMS 0x0000000089500000, 0x0000000089500000| Complete 
| 150|0x0000000089600000, 0x0000000089700000, 0x0000000089700000|100%| S|CS|TAMS 0x0000000089600000, 0x0000000089600000| Complete 
| 151|0x0000000089700000, 0x0000000089800000, 0x0000000089800000|100%| S|CS|TAMS 0x0000000089700000, 0x0000000089700000| Complete 
| 152|0x0000000089800000, 0x0000000089800000, 0x0000000089900000|  0%| F|  |TAMS 0x0000000089800000, 0x0000000089800000| Untracked 
| 153|0x0000000089900000, 0x0000000089900000, 0x0000000089a00000|  0%| F|  |TAMS 0x0000000089900000, 0x0000000089900000| Untracked 
| 154|0x0000000089a00000, 0x0000000089a00000, 0x0000000089b00000|  0%| F|  |TAMS 0x0000000089a00000, 0x0000000089a00000| Untracked 
| 155|0x0000000089b00000, 0x0000000089b00000, 0x0000000089c00000|  0%| F|  |TAMS 0x0000000089b00000, 0x0000000089b00000| Untracked 
| 156|0x0000000089c00000, 0x0000000089c00000, 0x0000000089d00000|  0%| F|  |TAMS 0x0000000089c00000, 0x0000000089c00000| Untracked 
| 157|0x0000000089d00000, 0x0000000089d00000, 0x0000000089e00000|  0%| F|  |TAMS 0x0000000089d00000, 0x0000000089d00000| Untracked 
| 158|0x0000000089e00000, 0x0000000089e00000, 0x0000000089f00000|  0%| F|  |TAMS 0x0000000089e00000, 0x0000000089e00000| Untracked 
| 159|0x0000000089f00000, 0x0000000089f00000, 0x000000008a000000|  0%| F|  |TAMS 0x0000000089f00000, 0x0000000089f00000| Untracked 
| 160|0x000000008a000000, 0x000000008a000000, 0x000000008a100000|  0%| F|  |TAMS 0x000000008a000000, 0x000000008a000000| Untracked 
| 161|0x000000008a100000, 0x000000008a100000, 0x000000008a200000|  0%| F|  |TAMS 0x000000008a100000, 0x000000008a100000| Untracked 
| 162|0x000000008a200000, 0x000000008a200000, 0x000000008a300000|  0%| F|  |TAMS 0x000000008a200000, 0x000000008a200000| Untracked 
| 163|0x000000008a300000, 0x000000008a300000, 0x000000008a400000|  0%| F|  |TAMS 0x000000008a300000, 0x000000008a300000| Untracked 
| 164|0x000000008a400000, 0x000000008a400000, 0x000000008a500000|  0%| F|  |TAMS 0x000000008a400000, 0x000000008a400000| Untracked 
| 165|0x000000008a500000, 0x000000008a500000, 0x000000008a600000|  0%| F|  |TAMS 0x000000008a500000, 0x000000008a500000| Untracked 
| 166|0x000000008a600000, 0x000000008a600000, 0x000000008a700000|  0%| F|  |TAMS 0x000000008a600000, 0x000000008a600000| Untracked 
| 167|0x000000008a700000, 0x000000008a700000, 0x000000008a800000|  0%| F|  |TAMS 0x000000008a700000, 0x000000008a700000| Untracked 
| 168|0x000000008a800000, 0x000000008a800000, 0x000000008a900000|  0%| F|  |TAMS 0x000000008a800000, 0x000000008a800000| Untracked 
| 169|0x000000008a900000, 0x000000008a900000, 0x000000008aa00000|  0%| F|  |TAMS 0x000000008a900000, 0x000000008a900000| Untracked 
| 170|0x000000008aa00000, 0x000000008aa00000, 0x000000008ab00000|  0%| F|  |TAMS 0x000000008aa00000, 0x000000008aa00000| Untracked 
| 171|0x000000008ab00000, 0x000000008ab00000, 0x000000008ac00000|  0%| F|  |TAMS 0x000000008ab00000, 0x000000008ab00000| Untracked 
| 172|0x000000008ac00000, 0x000000008ac00000, 0x000000008ad00000|  0%| F|  |TAMS 0x000000008ac00000, 0x000000008ac00000| Untracked 
| 173|0x000000008ad00000, 0x000000008ad00000, 0x000000008ae00000|  0%| F|  |TAMS 0x000000008ad00000, 0x000000008ad00000| Untracked 
| 174|0x000000008ae00000, 0x000000008ae00000, 0x000000008af00000|  0%| F|  |TAMS 0x000000008ae00000, 0x000000008ae00000| Untracked 
| 175|0x000000008af00000, 0x000000008af00000, 0x000000008b000000|  0%| F|  |TAMS 0x000000008af00000, 0x000000008af00000| Untracked 
| 176|0x000000008b000000, 0x000000008b000000, 0x000000008b100000|  0%| F|  |TAMS 0x000000008b000000, 0x000000008b000000| Untracked 
| 177|0x000000008b100000, 0x000000008b100000, 0x000000008b200000|  0%| F|  |TAMS 0x000000008b100000, 0x000000008b100000| Untracked 
| 178|0x000000008b200000, 0x000000008b200000, 0x000000008b300000|  0%| F|  |TAMS 0x000000008b200000, 0x000000008b200000| Untracked 
| 179|0x000000008b300000, 0x000000008b300000, 0x000000008b400000|  0%| F|  |TAMS 0x000000008b300000, 0x000000008b300000| Untracked 
| 180|0x000000008b400000, 0x000000008b400000, 0x000000008b500000|  0%| F|  |TAMS 0x000000008b400000, 0x000000008b400000| Untracked 
| 181|0x000000008b500000, 0x000000008b500000, 0x000000008b600000|  0%| F|  |TAMS 0x000000008b500000, 0x000000008b500000| Untracked 
| 182|0x000000008b600000, 0x000000008b600000, 0x000000008b700000|  0%| F|  |TAMS 0x000000008b600000, 0x000000008b600000| Untracked 
| 183|0x000000008b700000, 0x000000008b700000, 0x000000008b800000|  0%| F|  |TAMS 0x000000008b700000, 0x000000008b700000| Untracked 
| 184|0x000000008b800000, 0x000000008b800000, 0x000000008b900000|  0%| F|  |TAMS 0x000000008b800000, 0x000000008b800000| Untracked 
| 185|0x000000008b900000, 0x000000008b900000, 0x000000008ba00000|  0%| F|  |TAMS 0x000000008b900000, 0x000000008b900000| Untracked 
| 186|0x000000008ba00000, 0x000000008ba00000, 0x000000008bb00000|  0%| F|  |TAMS 0x000000008ba00000, 0x000000008ba00000| Untracked 
| 187|0x000000008bb00000, 0x000000008bb00000, 0x000000008bc00000|  0%| F|  |TAMS 0x000000008bb00000, 0x000000008bb00000| Untracked 
| 188|0x000000008bc00000, 0x000000008bc00000, 0x000000008bd00000|  0%| F|  |TAMS 0x000000008bc00000, 0x000000008bc00000| Untracked 
| 189|0x000000008bd00000, 0x000000008bd00000, 0x000000008be00000|  0%| F|  |TAMS 0x000000008bd00000, 0x000000008bd00000| Untracked 
| 190|0x000000008be00000, 0x000000008be00000, 0x000000008bf00000|  0%| F|  |TAMS 0x000000008be00000, 0x000000008be00000| Untracked 
| 191|0x000000008bf00000, 0x000000008bf00000, 0x000000008c000000|  0%| F|  |TAMS 0x000000008bf00000, 0x000000008bf00000| Untracked 
| 192|0x000000008c000000, 0x000000008c000000, 0x000000008c100000|  0%| F|  |TAMS 0x000000008c000000, 0x000000008c000000| Untracked 
| 193|0x000000008c100000, 0x000000008c100000, 0x000000008c200000|  0%| F|  |TAMS 0x000000008c100000, 0x000000008c100000| Untracked 
| 194|0x000000008c200000, 0x000000008c200000, 0x000000008c300000|  0%| F|  |TAMS 0x000000008c200000, 0x000000008c200000| Untracked 
| 195|0x000000008c300000, 0x000000008c300000, 0x000000008c400000|  0%| F|  |TAMS 0x000000008c300000, 0x000000008c300000| Untracked 
| 196|0x000000008c400000, 0x000000008c400000, 0x000000008c500000|  0%| F|  |TAMS 0x000000008c400000, 0x000000008c400000| Untracked 
| 197|0x000000008c500000, 0x000000008c500000, 0x000000008c600000|  0%| F|  |TAMS 0x000000008c500000, 0x000000008c500000| Untracked 
| 198|0x000000008c600000, 0x000000008c600000, 0x000000008c700000|  0%| F|  |TAMS 0x000000008c600000, 0x000000008c600000| Untracked 
| 199|0x000000008c700000, 0x000000008c700000, 0x000000008c800000|  0%| F|  |TAMS 0x000000008c700000, 0x000000008c700000| Untracked 
| 200|0x000000008c800000, 0x000000008c800000, 0x000000008c900000|  0%| F|  |TAMS 0x000000008c800000, 0x000000008c800000| Untracked 
| 201|0x000000008c900000, 0x000000008c900000, 0x000000008ca00000|  0%| F|  |TAMS 0x000000008c900000, 0x000000008c900000| Untracked 

Card table byte_map: [0x000002a749560000,0x000002a749960000] _byte_map_base: 0x000002a749160000

Marking Bits (Prev, Next): (CMBitMap*) 0x000002a734ee3fe0, (CMBitMap*) 0x000002a734ee3fa0
 Prev Bits: [0x000002a74bd60000, 0x000002a74dd60000)
 Next Bits: [0x000002a749d60000, 0x000002a74bd60000)

Polling page: 0x000002a734f60000

Metaspace:

Usage:
  Non-class:     95.48 MB used.
      Class:     14.08 MB used.
       Both:    109.56 MB used.

Virtual space:
  Non-class space:      104.00 MB reserved,      95.81 MB ( 92%) committed,  13 nodes.
      Class space:        1.00 GB reserved,      14.38 MB (  1%) committed,  1 nodes.
             Both:        1.10 GB reserved,     110.19 MB ( 10%) committed. 

Chunk freelists:
   Non-Class:  3.38 MB
       Class:  1.61 MB
        Both:  4.98 MB

MaxMetaspaceSize: unlimited
CompressedClassSpaceSize: 1.00 GB
Initial GC threshold: 21.00 MB
Current GC threshold: 178.38 MB
CDS: off
MetaspaceReclaimPolicy: balanced
 - commit_granule_bytes: 65536.
 - commit_granule_words: 8192.
 - virtual_space_node_default_size: 1048576.
 - enlarge_chunks_in_place: 1.
 - new_chunks_are_fully_committed: 0.
 - uncommit_free_chunks: 1.
 - use_allocation_guard: 0.
 - handle_deallocations: 1.


Internal statistics:

num_allocs_failed_limit: 3.
num_arena_births: 748.
num_arena_deaths: 0.
num_vsnodes_births: 14.
num_vsnodes_deaths: 0.
num_space_committed: 1761.
num_space_uncommitted: 0.
num_chunks_returned_to_freelist: 3.
num_chunks_taken_from_freelist: 4405.
num_chunk_merges: 3.
num_chunk_splits: 3433.
num_chunks_enlarged: 2842.
num_purges: 0.
num_inconsistent_stats: 0.

CodeHeap 'non-profiled nmethods': size=120000Kb used=4748Kb max_used=4748Kb free=115251Kb
 bounds [0x000002a741610000, 0x000002a741ac0000, 0x000002a748b40000]
CodeHeap 'profiled nmethods': size=120000Kb used=17940Kb max_used=17940Kb free=102059Kb
 bounds [0x000002a739b40000, 0x000002a73acd0000, 0x000002a741070000]
CodeHeap 'non-nmethods': size=5760Kb used=2482Kb max_used=2534Kb free=3277Kb
 bounds [0x000002a741070000, 0x000002a741300000, 0x000002a741610000]
 total_blobs=9385 nmethods=8347 adapters=948
 compilation: enabled
              stopped_count=0, restarted_count=0
 full_count=0

Compilation events (20 events):
Event: 21.484 Thread 0x000002a750d56cc0 9216   !   3       com.sun.beans.introspect.ClassInfo::getMethods (47 bytes)
Event: 21.485 Thread 0x000002a750d56cc0 nmethod 9216 0x000002a73acbf510 code [0x000002a73acbf6c0, 0x000002a73acbf9c8]
Event: 21.486 Thread 0x000002a750d56cc0 9217  s    3       java.util.Hashtable::putAll (52 bytes)
Event: 21.487 Thread 0x000002a750d56cc0 nmethod 9217 0x000002a73acbfb10 code [0x000002a73acbfd40, 0x000002a73acc05e8]
Event: 21.495 Thread 0x000002a750d51f80 nmethod 9170 0x000002a741aab790 code [0x000002a741aabbc0, 0x000002a741ab0f48]
Event: 21.495 Thread 0x000002a750d56cc0 9218       3       groovy.lang.MetaClassImpl::addMetaBeanProperty (119 bytes)
Event: 21.495 Thread 0x000002a750d51f80 9207 %     4       java.util.zip.ZipFile$Source::initCEN @ 240 (591 bytes)
Event: 21.497 Thread 0x000002a750d56cc0 nmethod 9218 0x000002a73acc0810 code [0x000002a73acc0ac0, 0x000002a73acc2148]
Event: 21.497 Thread 0x000002a750d56cc0 9219       3       groovy.lang.MetaClassImpl$$Lambda$461/0x0000000100554260::apply (12 bytes)
Event: 21.498 Thread 0x000002a750d56cc0 nmethod 9219 0x000002a73acc2690 code [0x000002a73acc28c0, 0x000002a73acc2f98]
Event: 21.498 Thread 0x000002a750d56cc0 9220       3       groovy.lang.MetaClassImpl::lambda$getPropName$5 (27 bytes)
Event: 21.499 Thread 0x000002a750d56cc0 nmethod 9220 0x000002a73acc3290 code [0x000002a73acc34a0, 0x000002a73acc39f8]
Event: 21.499 Thread 0x000002a750d56cc0 9221       3       org.gradle.internal.service.DefaultServiceRegistry::get (10 bytes)
Event: 21.499 Thread 0x000002a750d56cc0 nmethod 9221 0x000002a73acc3c90 code [0x000002a73acc3e60, 0x000002a73acc4228]
Event: 21.509 Thread 0x000002a750d56cc0 9222       3       sun.reflect.generics.scope.AbstractScope::lookup (66 bytes)
Event: 21.510 Thread 0x000002a750d56cc0 nmethod 9222 0x000002a73acc4390 code [0x000002a73acc45a0, 0x000002a73acc4d88]
Event: 21.510 Thread 0x000002a750d56cc0 9223       1       sun.reflect.generics.tree.ClassSignature::getFormalTypeParameters (5 bytes)
Event: 21.510 Thread 0x000002a750d56cc0 nmethod 9223 0x000002a741ab2e10 code [0x000002a741ab2fa0, 0x000002a741ab3078]
Event: 21.515 Thread 0x000002a750d56cc0 9224       3       java.lang.Long::bitCount (61 bytes)
Event: 21.515 Thread 0x000002a750d56cc0 nmethod 9224 0x000002a73acc5010 code [0x000002a73acc51a0, 0x000002a73acc5318]

GC Heap History (20 events):
Event: 14.292 GC heap after
{Heap after GC invocations=38 (full 0):
 garbage-first heap   total 171008K, used 100510K [0x0000000080000000, 0x0000000100000000)
  region size 1024K, 6 young (6144K), 6 survivors (6144K)
 Metaspace       used 77972K, committed 78592K, reserved 1122304K
  class space    used 10437K, committed 10688K, reserved 1048576K
}
Event: 15.071 GC heap before
{Heap before GC invocations=38 (full 0):
 garbage-first heap   total 171008K, used 138398K [0x0000000080000000, 0x0000000100000000)
  region size 1024K, 43 young (44032K), 6 survivors (6144K)
 Metaspace       used 82889K, committed 83456K, reserved 1122304K
  class space    used 11003K, committed 11264K, reserved 1048576K
}
Event: 15.082 GC heap after
{Heap after GC invocations=39 (full 0):
 garbage-first heap   total 205824K, used 103330K [0x0000000080000000, 0x0000000100000000)
  region size 1024K, 3 young (3072K), 3 survivors (3072K)
 Metaspace       used 82889K, committed 83456K, reserved 1122304K
  class space    used 11003K, committed 11264K, reserved 1048576K
}
Event: 16.080 GC heap before
{Heap before GC invocations=40 (full 0):
 garbage-first heap   total 205824K, used 160674K [0x0000000080000000, 0x0000000100000000)
  region size 1024K, 58 young (59392K), 3 survivors (3072K)
 Metaspace       used 87755K, committed 88384K, reserved 1130496K
  class space    used 11620K, committed 11904K, reserved 1048576K
}
Event: 16.092 GC heap after
{Heap after GC invocations=41 (full 0):
 garbage-first heap   total 205824K, used 106144K [0x0000000080000000, 0x0000000100000000)
  region size 1024K, 6 young (6144K), 6 survivors (6144K)
 Metaspace       used 87755K, committed 88384K, reserved 1130496K
  class space    used 11620K, committed 11904K, reserved 1048576K
}
Event: 16.187 GC heap before
{Heap before GC invocations=41 (full 0):
 garbage-first heap   total 205824K, used 110240K [0x0000000080000000, 0x0000000100000000)
  region size 1024K, 10 young (10240K), 6 survivors (6144K)
 Metaspace       used 88115K, committed 88704K, reserved 1130496K
  class space    used 11666K, committed 11904K, reserved 1048576K
}
Event: 16.198 GC heap after
{Heap after GC invocations=42 (full 0):
 garbage-first heap   total 205824K, used 106296K [0x0000000080000000, 0x0000000100000000)
  region size 1024K, 1 young (1024K), 1 survivors (1024K)
 Metaspace       used 88115K, committed 88704K, reserved 1130496K
  class space    used 11666K, committed 11904K, reserved 1048576K
}
Event: 17.381 GC heap before
{Heap before GC invocations=42 (full 0):
 garbage-first heap   total 205824K, used 167736K [0x0000000080000000, 0x0000000100000000)
  region size 1024K, 61 young (62464K), 1 survivors (1024K)
 Metaspace       used 92527K, committed 93056K, reserved 1130496K
  class space    used 12172K, committed 12416K, reserved 1048576K
}
Event: 17.389 GC heap after
{Heap after GC invocations=43 (full 0):
 garbage-first heap   total 205824K, used 110032K [0x0000000080000000, 0x0000000100000000)
  region size 1024K, 5 young (5120K), 5 survivors (5120K)
 Metaspace       used 92527K, committed 93056K, reserved 1130496K
  class space    used 12172K, committed 12416K, reserved 1048576K
}
Event: 18.436 GC heap before
{Heap before GC invocations=44 (full 0):
 garbage-first heap   total 205824K, used 168400K [0x0000000080000000, 0x0000000100000000)
  region size 1024K, 62 young (63488K), 5 survivors (5120K)
 Metaspace       used 99678K, committed 100288K, reserved 1138688K
  class space    used 13013K, committed 13248K, reserved 1048576K
}
Event: 18.448 GC heap after
{Heap after GC invocations=45 (full 0):
 garbage-first heap   total 205824K, used 114059K [0x0000000080000000, 0x0000000100000000)
  region size 1024K, 4 young (4096K), 4 survivors (4096K)
 Metaspace       used 99678K, committed 100288K, reserved 1138688K
  class space    used 13013K, committed 13248K, reserved 1048576K
}
Event: 18.566 GC heap before
{Heap before GC invocations=45 (full 0):
 garbage-first heap   total 205824K, used 119179K [0x0000000080000000, 0x0000000100000000)
  region size 1024K, 10 young (10240K), 4 survivors (4096K)
 Metaspace       used 100982K, committed 101632K, reserved 1138688K
  class space    used 13099K, committed 13376K, reserved 1048576K
}
Event: 18.576 GC heap after
{Heap after GC invocations=46 (full 0):
 garbage-first heap   total 205824K, used 113901K [0x0000000080000000, 0x0000000100000000)
  region size 1024K, 1 young (1024K), 1 survivors (1024K)
 Metaspace       used 100982K, committed 101632K, reserved 1138688K
  class space    used 13099K, committed 13376K, reserved 1048576K
}
Event: 19.545 GC heap before
{Heap before GC invocations=46 (full 0):
 garbage-first heap   total 205824K, used 170221K [0x0000000080000000, 0x0000000100000000)
  region size 1024K, 56 young (57344K), 1 survivors (1024K)
 Metaspace       used 108895K, committed 109504K, reserved 1146880K
  class space    used 14020K, committed 14272K, reserved 1048576K
}
Event: 19.557 GC heap after
{Heap after GC invocations=47 (full 0):
 garbage-first heap   total 205824K, used 116006K [0x0000000080000000, 0x0000000100000000)
  region size 1024K, 3 young (3072K), 3 survivors (3072K)
 Metaspace       used 108895K, committed 109504K, reserved 1146880K
  class space    used 14020K, committed 14272K, reserved 1048576K
}
Event: 20.251 GC heap before
{Heap before GC invocations=48 (full 0):
 garbage-first heap   total 206848K, used 172326K [0x0000000080000000, 0x0000000100000000)
  region size 1024K, 57 young (58368K), 3 survivors (3072K)
 Metaspace       used 109219K, committed 109824K, reserved 1146880K
  class space    used 14020K, committed 14272K, reserved 1048576K
}
Event: 20.263 GC heap after
{Heap after GC invocations=49 (full 0):
 garbage-first heap   total 206848K, used 121485K [0x0000000080000000, 0x0000000100000000)
  region size 1024K, 8 young (8192K), 8 survivors (8192K)
 Metaspace       used 109219K, committed 109824K, reserved 1146880K
  class space    used 14020K, committed 14272K, reserved 1048576K
}
Event: 20.288 GC heap before
{Heap before GC invocations=49 (full 0):
 garbage-first heap   total 206848K, used 123533K [0x0000000080000000, 0x0000000100000000)
  region size 1024K, 10 young (10240K), 8 survivors (8192K)
 Metaspace       used 109221K, committed 109824K, reserved 1146880K
  class space    used 14020K, committed 14272K, reserved 1048576K
}
Event: 20.300 GC heap after
{Heap after GC invocations=50 (full 0):
 garbage-first heap   total 206848K, used 122314K [0x0000000080000000, 0x0000000100000000)
  region size 1024K, 2 young (2048K), 2 survivors (2048K)
 Metaspace       used 109221K, committed 109824K, reserved 1146880K
  class space    used 14020K, committed 14272K, reserved 1048576K
}
Event: 21.542 GC heap before
{Heap before GC invocations=50 (full 0):
 garbage-first heap   total 206848K, used 171466K [0x0000000080000000, 0x0000000100000000)
  region size 1024K, 50 young (51200K), 2 survivors (2048K)
 Metaspace       used 112192K, committed 112832K, reserved 1155072K
  class space    used 14419K, committed 14720K, reserved 1048576K
}

Dll operation events (2 events):
Event: 0.092 Loaded shared library C:\Program Files\Android\Android Studio\jbr\bin\java.dll
Event: 0.958 Loaded shared library C:\Program Files\Android\Android Studio\jbr\bin\verify.dll

Deoptimization events (20 events):
Event: 20.712 Thread 0x000002a751b50570 Uncommon trap: trap_request=0xffffff45 fr.pc=0x000002a74173466c relative=0x000000000000024c
Event: 20.712 Thread 0x000002a751b50570 Uncommon trap: reason=unstable_if action=reinterpret pc=0x000002a74173466c method=java.util.concurrent.ConcurrentHashMap.get(Ljava/lang/Object;)Ljava/lang/Object; @ 76 c2
Event: 20.712 Thread 0x000002a751b50570 DEOPT PACKING pc=0x000002a74173466c sp=0x000000c8675ef950
Event: 20.712 Thread 0x000002a751b50570 DEOPT UNPACKING pc=0x000002a7410c69a3 sp=0x000000c8675ef8c8 mode 2
Event: 20.712 Thread 0x000002a751b50570 Uncommon trap: trap_request=0xffffffde fr.pc=0x000002a7418fc998 relative=0x00000000000011f8
Event: 20.712 Thread 0x000002a751b50570 Uncommon trap: reason=class_check action=maybe_recompile pc=0x000002a7418fc998 method=java.util.concurrent.ConcurrentHashMap.putVal(Ljava/lang/Object;Ljava/lang/Object;Z)Ljava/lang/Object; @ 242 c2
Event: 20.712 Thread 0x000002a751b50570 DEOPT PACKING pc=0x000002a7418fc998 sp=0x000000c8675ef8b0
Event: 20.713 Thread 0x000002a751b50570 DEOPT UNPACKING pc=0x000002a7410c69a3 sp=0x000000c8675ef820 mode 2
Event: 20.713 Thread 0x000002a751b50570 Uncommon trap: trap_request=0xffffffde fr.pc=0x000002a7418fc998 relative=0x00000000000011f8
Event: 20.713 Thread 0x000002a751b50570 Uncommon trap: reason=class_check action=maybe_recompile pc=0x000002a7418fc998 method=java.util.concurrent.ConcurrentHashMap.putVal(Ljava/lang/Object;Ljava/lang/Object;Z)Ljava/lang/Object; @ 242 c2
Event: 20.713 Thread 0x000002a751b50570 DEOPT PACKING pc=0x000002a7418fc998 sp=0x000000c8675ef8b0
Event: 20.713 Thread 0x000002a751b50570 DEOPT UNPACKING pc=0x000002a7410c69a3 sp=0x000000c8675ef820 mode 2
Event: 21.136 Thread 0x000002a751b50570 Uncommon trap: trap_request=0xffffffc6 fr.pc=0x000002a7416820e4 relative=0x0000000000000824
Event: 21.136 Thread 0x000002a751b50570 Uncommon trap: reason=bimorphic_or_optimized_type_check action=maybe_recompile pc=0x000002a7416820e4 method=org.jetbrains.kotlin.protobuf.CodedOutputStream.refreshBuffer()V @ 28 c2
Event: 21.136 Thread 0x000002a751b50570 DEOPT PACKING pc=0x000002a7416820e4 sp=0x000000c8675f64f0
Event: 21.136 Thread 0x000002a751b50570 DEOPT UNPACKING pc=0x000002a7410c69a3 sp=0x000000c8675f6488 mode 2
Event: 21.234 Thread 0x000002a751b50570 Uncommon trap: trap_request=0xffffffde fr.pc=0x000002a7418bd7ac relative=0x00000000000010cc
Event: 21.234 Thread 0x000002a751b50570 Uncommon trap: reason=class_check action=maybe_recompile pc=0x000002a7418bd7ac method=java.util.concurrent.ConcurrentHashMap.computeIfAbsent(Ljava/lang/Object;Ljava/util/function/Function;)Ljava/lang/Object; @ 241 c2
Event: 21.234 Thread 0x000002a751b50570 DEOPT PACKING pc=0x000002a7418bd7ac sp=0x000000c8675fb570
Event: 21.235 Thread 0x000002a751b50570 DEOPT UNPACKING pc=0x000002a7410c69a3 sp=0x000000c8675fb508 mode 2

Classes unloaded (0 events):
No events

Classes redefined (0 events):
No events

Internal exceptions (20 events):
Event: 12.721 Thread 0x000002a751b50570 Implicit null exception at 0x000002a74191dbd2 to 0x000002a74191fb8c
Event: 15.504 Thread 0x000002a751b50570 Exception <a 'java/lang/NoSuchMethodError'{0x000000008b8a1280}: 'java.lang.Object java.lang.invoke.DirectMethodHandle$Holder.invokeStatic(java.lang.Object, java.lang.Object, java.lang.Object, java.lang.Object, int)'> (0x000000008b8a1280) 
thrown [s\src\hotspot\share\interpreter\linkResolver.cpp, line 771]
Event: 15.505 Thread 0x000002a751b50570 Exception <a 'java/lang/NoSuchMethodError'{0x000000008b8ac3b0}: 'java.lang.Object java.lang.invoke.DirectMethodHandle$Holder.newInvokeSpecial(java.lang.Object, java.lang.Object, java.lang.Object, java.lang.Object, int)'> (0x000000008b8ac3b0) 
thrown [s\src\hotspot\share\interpreter\linkResolver.cpp, line 771]
Event: 15.506 Thread 0x000002a751b50570 Exception <a 'java/lang/NoSuchMethodError'{0x000000008b8b2420}: 'java.lang.Object java.lang.invoke.DirectMethodHandle$Holder.invokeSpecial(java.lang.Object, java.lang.Object, java.lang.Object, java.lang.Object, java.lang.Object, int)'> (0x000000008b8b2420) 
thrown [s\src\hotspot\share\interpreter\linkResolver.cpp, line 771]
Event: 15.507 Thread 0x000002a751b50570 Exception <a 'java/lang/NoSuchMethodError'{0x000000008b8b7e40}: 'java.lang.Object java.lang.invoke.Invokers$Holder.linkToTargetMethod(java.lang.Object, java.lang.Object, java.lang.Object, int, java.lang.Object)'> (0x000000008b8b7e40) 
thrown [s\src\hotspot\share\interpreter\linkResolver.cpp, line 771]
Event: 17.300 Thread 0x000002a751b50570 Implicit null exception at 0x000002a741662191 to 0x000002a7416622f8
Event: 17.939 Thread 0x000002a751b50570 Exception <a 'java/lang/NoSuchMethodError'{0x000000008ad5a588}: 'java.lang.Object java.lang.invoke.DirectMethodHandle$Holder.newInvokeSpecial(java.lang.Object, java.lang.Object, java.lang.Object, int, int, java.lang.Object, java.lang.Object)'> (0x000000008ad5a588) 
thrown [s\src\hotspot\share\interpreter\linkResolver.cpp, line 771]
Event: 19.424 Thread 0x000002a751b50570 Exception <a 'java/lang/NoSuchMethodError'{0x0000000089a52e50}: 'void java.lang.invoke.DirectMethodHandle$Holder.invokeInterface(java.lang.Object, java.lang.Object)'> (0x0000000089a52e50) 
thrown [s\src\hotspot\share\interpreter\linkResolver.cpp, line 771]
Event: 19.425 Thread 0x000002a751b50570 Exception <a 'java/lang/IncompatibleClassChangeError'{0x0000000089a5e3e8}: Found class java.lang.Object, but interface was expected> (0x0000000089a5e3e8) 
thrown [s\src\hotspot\share\interpreter\linkResolver.cpp, line 838]
Event: 20.672 Thread 0x000002a751b50570 Exception <a 'java/lang/IncompatibleClassChangeError'{0x000000008b709ec8}: Found class java.lang.Object, but interface was expected> (0x000000008b709ec8) 
thrown [s\src\hotspot\share\interpreter\linkResolver.cpp, line 838]
Event: 21.261 Thread 0x000002a751b50570 Exception <a 'java/lang/ClassNotFoundException'{0x000000008a3a6dd8}: org/jetbrains/plugins/gradle/model/web/WebConfigurationBeanInfo> (0x000000008a3a6dd8) 
thrown [s\src\hotspot\share\classfile\systemDictionary.cpp, line 256]
Event: 21.261 Thread 0x000002a751b50570 Exception <a 'java/lang/ClassNotFoundException'{0x000000008a3af4e0}: org/jetbrains/plugins/gradle/model/web/WebConfigurationCustomizer> (0x000000008a3af4e0) 
thrown [s\src\hotspot\share\classfile\systemDictionary.cpp, line 256]
Event: 21.266 Thread 0x000002a751b50570 Exception <a 'java/lang/ClassNotFoundException'{0x000000008a3cec60}: org/jetbrains/plugins/gradle/model/scala/ScalaModelBeanInfo> (0x000000008a3cec60) 
thrown [s\src\hotspot\share\classfile\systemDictionary.cpp, line 256]
Event: 21.266 Thread 0x000002a751b50570 Exception <a 'java/lang/ClassNotFoundException'{0x000000008a3d72c8}: org/jetbrains/plugins/gradle/model/scala/ScalaModelCustomizer> (0x000000008a3d72c8) 
thrown [s\src\hotspot\share\classfile\systemDictionary.cpp, line 256]
Event: 21.273 Thread 0x000002a751b50570 Exception <a 'java/lang/ClassNotFoundException'{0x000000008a208860}: org/jetbrains/plugins/gradle/model/DependencyAccessorsModelBeanInfo> (0x000000008a208860) 
thrown [s\src\hotspot\share\classfile\systemDictionary.cpp, line 256]
Event: 21.274 Thread 0x000002a751b50570 Exception <a 'java/lang/ClassNotFoundException'{0x000000008a210f90}: org/jetbrains/plugins/gradle/model/DependencyAccessorsModelCustomizer> (0x000000008a210f90) 
thrown [s\src\hotspot\share\classfile\systemDictionary.cpp, line 256]
Event: 21.471 Thread 0x000002a751b50570 Exception <a 'java/lang/ClassNotFoundException'{0x0000000089b88f60}: org/gradle/api/internal/project/DefaultProject_DecoratedBeanInfo> (0x0000000089b88f60) 
thrown [s\src\hotspot\share\classfile\systemDictionary.cpp, line 256]
Event: 21.471 Thread 0x000002a751b50570 Exception <a 'java/lang/ClassNotFoundException'{0x0000000089b96138}: org/gradle/api/internal/project/DefaultProjectBeanInfo> (0x0000000089b96138) 
thrown [s\src\hotspot\share\classfile\systemDictionary.cpp, line 256]
Event: 21.472 Thread 0x000002a751b50570 Exception <a 'java/lang/ClassNotFoundException'{0x0000000089ba3358}: org/gradle/api/internal/project/DefaultProjectCustomizer> (0x0000000089ba3358) 
thrown [s\src\hotspot\share\classfile\systemDictionary.cpp, line 256]
Event: 21.483 Thread 0x000002a751b50570 Exception <a 'java/lang/ClassNotFoundException'{0x0000000089a4d088}: org/gradle/api/internal/project/DefaultProject_DecoratedCustomizer> (0x0000000089a4d088) 
thrown [s\src\hotspot\share\classfile\systemDictionary.cpp, line 256]

VM Operations (20 events):
Event: 19.780 Executing VM operation: G1Concurrent done
Event: 19.872 Executing VM operation: G1Concurrent
Event: 19.872 Executing VM operation: G1Concurrent done
Event: 20.250 Executing VM operation: G1CollectForAllocation
Event: 20.263 Executing VM operation: G1CollectForAllocation done
Event: 20.288 Executing VM operation: G1CollectForAllocation
Event: 20.300 Executing VM operation: G1CollectForAllocation done
Event: 20.352 Executing VM operation: HandshakeAllThreads
Event: 20.352 Executing VM operation: HandshakeAllThreads done
Event: 20.648 Executing VM operation: ICBufferFull
Event: 20.648 Executing VM operation: ICBufferFull done
Event: 20.960 Executing VM operation: HandshakeAllThreads
Event: 20.960 Executing VM operation: HandshakeAllThreads done
Event: 20.967 Executing VM operation: ICBufferFull
Event: 20.967 Executing VM operation: ICBufferFull done
Event: 21.308 Executing VM operation: ICBufferFull
Event: 21.308 Executing VM operation: ICBufferFull done
Event: 21.380 Executing VM operation: HandshakeAllThreads
Event: 21.380 Executing VM operation: HandshakeAllThreads done
Event: 21.542 Executing VM operation: G1CollectForAllocation

Events (20 events):
Event: 19.327 loading class java/lang/Byte$ByteCache
Event: 19.327 loading class java/lang/Byte$ByteCache done
Event: 19.409 Thread 0x000002a754ddc3c0 Thread added: 0x000002a754ddc3c0
Event: 21.162 loading class jdk/internal/math/FDBigInteger
Event: 21.163 loading class jdk/internal/math/FDBigInteger done
Event: 21.182 loading class java/util/zip/GZIPInputStream
Event: 21.182 loading class java/util/zip/GZIPInputStream done
Event: 21.182 loading class java/util/zip/GZIPOutputStream
Event: 21.182 loading class java/util/zip/GZIPOutputStream done
Event: 21.280 Thread 0x000002a754e896a0 Thread added: 0x000002a754e896a0
Event: 21.345 loading class java/nio/file/AtomicMoveNotSupportedException
Event: 21.345 loading class java/nio/file/AtomicMoveNotSupportedException done
Event: 21.378 loading class java/io/FileWriter
Event: 21.378 loading class java/io/FileWriter done
Event: 21.488 loading class org/xml/sax/Locator
Event: 21.488 loading class org/xml/sax/Locator done
Event: 21.489 loading class org/xml/sax/SAXParseException
Event: 21.489 loading class org/xml/sax/SAXParseException done
Event: 21.490 loading class org/xml/sax/Attributes
Event: 21.491 loading class org/xml/sax/Attributes done


Dynamic libraries:
0x00007ff7af840000 - 0x00007ff7af84a000 	C:\Program Files\Android\Android Studio\jbr\bin\java.exe
0x00007ff987c70000 - 0x00007ff987e64000 	C:\Windows\SYSTEM32\ntdll.dll
0x00007ff986740000 - 0x00007ff9867fd000 	C:\Windows\System32\KERNEL32.DLL
0x00007ff9853c0000 - 0x00007ff985687000 	C:\Windows\System32\KERNELBASE.dll
0x00007ff985730000 - 0x00007ff985830000 	C:\Windows\System32\ucrtbase.dll
0x00007ff97ff80000 - 0x00007ff97ff97000 	C:\Program Files\Android\Android Studio\jbr\bin\jli.dll
0x00007ff9878d0000 - 0x00007ff987a70000 	C:\Windows\System32\USER32.dll
0x00007ff985c60000 - 0x00007ff985c82000 	C:\Windows\System32\win32u.dll
0x00007ff987a70000 - 0x00007ff987a9a000 	C:\Windows\System32\GDI32.dll
0x00007ff985ad0000 - 0x00007ff985bd9000 	C:\Windows\System32\gdi32full.dll
0x00007ff985690000 - 0x00007ff98572d000 	C:\Windows\System32\msvcp_win.dll
0x00007ff973bb0000 - 0x00007ff973bcb000 	C:\Program Files\Android\Android Studio\jbr\bin\VCRUNTIME140.dll
0x00007ff975210000 - 0x00007ff9754aa000 	C:\Windows\WinSxS\amd64_microsoft.windows.common-controls_6595b64144ccf1df_6.0.19041.1_none_b555e41d4684ddec\COMCTL32.dll
0x00007ff986210000 - 0x00007ff9862ae000 	C:\Windows\System32\msvcrt.dll
0x00007ff9861e0000 - 0x00007ff986210000 	C:\Windows\System32\IMM32.DLL
0x00007ff97eaa0000 - 0x00007ff97eaac000 	C:\Program Files\Android\Android Studio\jbr\bin\vcruntime140_1.dll
0x00007ff969c20000 - 0x00007ff969cad000 	C:\Program Files\Android\Android Studio\jbr\bin\msvcp140.dll
0x00007ff95a160000 - 0x00007ff95adce000 	C:\Program Files\Android\Android Studio\jbr\bin\server\jvm.dll
0x00007ff9862b0000 - 0x00007ff98635a000 	C:\Windows\System32\ADVAPI32.dll
0x00007ff986360000 - 0x00007ff9863fb000 	C:\Windows\System32\sechost.dll
0x00007ff986600000 - 0x00007ff986723000 	C:\Windows\System32\RPCRT4.dll
0x00007ff971430000 - 0x00007ff971439000 	C:\Windows\SYSTEM32\WSOCK32.dll
0x00007ff986940000 - 0x00007ff9869ab000 	C:\Windows\System32\WS2_32.dll
0x00007ff976c50000 - 0x00007ff976c77000 	C:\Windows\SYSTEM32\WINMM.dll
0x00007ff97a340000 - 0x00007ff97a34a000 	C:\Windows\SYSTEM32\VERSION.dll
0x00007ff983310000 - 0x00007ff983323000 	C:\Windows\SYSTEM32\kernel.appcore.dll
0x00007ff9812c0000 - 0x00007ff9812ca000 	C:\Program Files\Android\Android Studio\jbr\bin\jimage.dll
0x00007ff96f1e0000 - 0x00007ff96f3c4000 	C:\Windows\SYSTEM32\DBGHELP.DLL
0x00007ff96f170000 - 0x00007ff96f19c000 	C:\Windows\SYSTEM32\dbgcore.DLL
0x00007ff985be0000 - 0x00007ff985c5f000 	C:\Windows\System32\bcryptPrimitives.dll
0x00007ff981250000 - 0x00007ff981275000 	C:\Program Files\Android\Android Studio\jbr\bin\java.dll
0x00007ff9812a0000 - 0x00007ff9812b8000 	C:\Program Files\Android\Android Studio\jbr\bin\zip.dll
0x00007ff9869c0000 - 0x00007ff9870f1000 	C:\Windows\System32\SHELL32.dll
0x00007ff983510000 - 0x00007ff983c9a000 	C:\Windows\SYSTEM32\windows.storage.dll
0x00007ff987390000 - 0x00007ff9876e4000 	C:\Windows\System32\combase.dll
0x00007ff984d00000 - 0x00007ff984d2b000 	C:\Windows\SYSTEM32\Wldp.dll
0x00007ff9876f0000 - 0x00007ff98779e000 	C:\Windows\System32\SHCORE.dll
0x00007ff9868e0000 - 0x00007ff986935000 	C:\Windows\System32\shlwapi.dll
0x00007ff985300000 - 0x00007ff98531f000 	C:\Windows\SYSTEM32\profapi.dll
0x00007ff980610000 - 0x00007ff980629000 	C:\Program Files\Android\Android Studio\jbr\bin\net.dll
0x00007ff97d930000 - 0x00007ff97da30000 	C:\Windows\SYSTEM32\WINHTTP.dll
0x00007ff984af0000 - 0x00007ff984b5a000 	C:\Windows\system32\mswsock.dll
0x00007ff980360000 - 0x00007ff980376000 	C:\Program Files\Android\Android Studio\jbr\bin\nio.dll
0x00007ff980600000 - 0x00007ff980610000 	C:\Program Files\Android\Android Studio\jbr\bin\verify.dll
0x00007ff97ea10000 - 0x00007ff97ea37000 	D:\DOWNLOADS\JetPlayer\native\68d5fa5c4cc2d200863cafc0d521ce42e7d3e7ee720ec0a83991735586a16f82\windows-amd64\native-platform.dll
0x00007ff95b070000 - 0x00007ff95b1b4000 	D:\DOWNLOADS\JetPlayer\native\e376f236ea51e6404a007f0833ffe2c6e607c4080706a723a18a27aeea778392\windows-amd64\native-platform-file-events.dll
0x00007ff980350000 - 0x00007ff980359000 	C:\Program Files\Android\Android Studio\jbr\bin\management.dll
0x00007ff980210000 - 0x00007ff98021b000 	C:\Program Files\Android\Android Studio\jbr\bin\management_ext.dll
0x00007ff986730000 - 0x00007ff986738000 	C:\Windows\System32\PSAPI.DLL
0x00007ff9850a0000 - 0x00007ff9850b8000 	C:\Windows\SYSTEM32\CRYPTSP.dll
0x00007ff9844a0000 - 0x00007ff9844d4000 	C:\Windows\system32\rsaenh.dll
0x00007ff9859f0000 - 0x00007ff985a17000 	C:\Windows\System32\bcrypt.dll
0x00007ff985280000 - 0x00007ff9852ae000 	C:\Windows\SYSTEM32\USERENV.dll
0x00007ff984c70000 - 0x00007ff984c7c000 	C:\Windows\SYSTEM32\CRYPTBASE.dll
0x00007ff984800000 - 0x00007ff98483b000 	C:\Windows\SYSTEM32\IPHLPAPI.DLL
0x00007ff986400000 - 0x00007ff986409000 	C:\Windows\System32\NSI.dll
0x00007ff97f3a0000 - 0x00007ff97f3b7000 	C:\Windows\SYSTEM32\dhcpcsvc6.DLL
0x00007ff97f380000 - 0x00007ff97f39d000 	C:\Windows\SYSTEM32\dhcpcsvc.DLL
0x00007ff984840000 - 0x00007ff98490a000 	C:\Windows\SYSTEM32\DNSAPI.dll
0x00007ff980200000 - 0x00007ff980207000 	C:\Windows\system32\wshunix.dll

dbghelp: loaded successfully - version: 4.0.5 - missing functions: none
symbol engine: initialized successfully - sym options: 0x614 - pdb path: .;C:\Program Files\Android\Android Studio\jbr\bin;C:\Windows\SYSTEM32;C:\Windows\WinSxS\amd64_microsoft.windows.common-controls_6595b64144ccf1df_6.0.19041.1_none_b555e41d4684ddec;C:\Program Files\Android\Android Studio\jbr\bin\server;D:\DOWNLOADS\JetPlayer\native\68d5fa5c4cc2d200863cafc0d521ce42e7d3e7ee720ec0a83991735586a16f82\windows-amd64;D:\DOWNLOADS\JetPlayer\native\e376f236ea51e6404a007f0833ffe2c6e607c4080706a723a18a27aeea778392\windows-amd64

VM Arguments:
jvm_args: --add-opens=java.base/java.util=ALL-UNNAMED --add-opens=java.base/java.lang=ALL-UNNAMED --add-opens=java.base/java.lang.invoke=ALL-UNNAMED --add-opens=java.prefs/java.util.prefs=ALL-UNNAMED --add-opens=java.base/java.nio.charset=ALL-UNNAMED --add-opens=java.base/java.net=ALL-UNNAMED --add-opens=java.base/java.util.concurrent.atomic=ALL-UNNAMED -Xmx2048m -Dfile.encoding=UTF-8 -Duser.country=US -Duser.language=en -Duser.variant 
java_command: org.gradle.launcher.daemon.bootstrap.GradleDaemon 8.0
java_class_path (initial): D:\DOWNLOADS\JetPlayer\wrapper\dists\gradle-8.0-bin\ca5e32bp14vu59qr306oxotwh\gradle-8.0\lib\gradle-launcher-8.0.jar
Launcher Type: SUN_STANDARD

[Global flags]
     intx CICompilerCount                          = 3                                         {product} {ergonomic}
     uint ConcGCThreads                            = 1                                         {product} {ergonomic}
     uint G1ConcRefinementThreads                  = 4                                         {product} {ergonomic}
   size_t G1HeapRegionSize                         = 1048576                                   {product} {ergonomic}
    uintx GCDrainStackTargetSize                   = 64                                        {product} {ergonomic}
   size_t InitialHeapSize                          = 132120576                                 {product} {ergonomic}
   size_t MarkStackSize                            = 4194304                                   {product} {ergonomic}
   size_t MaxHeapSize                              = 2147483648                                {product} {command line}
   size_t MaxNewSize                               = 1287651328                                {product} {ergonomic}
   size_t MinHeapDeltaBytes                        = 1048576                                   {product} {ergonomic}
   size_t MinHeapSize                              = 8388608                                   {product} {ergonomic}
    uintx NonNMethodCodeHeapSize                   = 5832780                                {pd product} {ergonomic}
    uintx NonProfiledCodeHeapSize                  = 122912730                              {pd product} {ergonomic}
    uintx ProfiledCodeHeapSize                     = 122912730                              {pd product} {ergonomic}
    uintx ReservedCodeCacheSize                    = 251658240                              {pd product} {ergonomic}
     bool SegmentedCodeCache                       = true                                      {product} {ergonomic}
   size_t SoftMaxHeapSize                          = 2147483648                             {manageable} {ergonomic}
     bool UseCompressedClassPointers               = true                           {product lp64_product} {ergonomic}
     bool UseCompressedOops                        = true                           {product lp64_product} {ergonomic}
     bool UseG1GC                                  = true                                      {product} {ergonomic}
     bool UseLargePagesIndividualAllocation        = false                                  {pd product} {ergonomic}

Logging:
Log output configuration:
 #0: stdout all=warning uptime,level,tags
 #1: stderr all=off uptime,level,tags

Environment Variables:
JAVA_HOME=C:\Program Files\Zulu\zulu-17
PATH=C:\Program Files\Zulu\zulu-17\bin\;C:\Program Files\Common Files\Oracle\Java\javapath;C:\Program Files (x86)\Common Files\Oracle\Java\javapath;C:\Program Files\Zulu\zulu-8\bin\;C:\ProgramData\Oracle\Java\javapath;C:\Windows\system32;C:\Windows;C:\Windows\System32\Wbem;C:\Windows\System32\WindowsPowerShell\v1.0\;C:\Windows\System32\OpenSSH\;C:\Program Files (x86)\dotnet\;C:\Program Files\dotnet\;C:\Program Files (x86)\QuickTime\QTSystem\;D:\DOWNLOADS\gradle-8.3-all\gradle-8.3\bin;C:\Program Files\Git\cmd;C:\Program Files\Java\jdk-21\bin;C:\Users\ACER\AppData\Local\Microsoft\WindowsApps;C:\Users\ACER\AppData\Local\Programs\Microsoft VS Code\bin;C:\Program Files\Java\jdk-21\bin;
USERNAME=ACER
OS=Windows_NT
PROCESSOR_IDENTIFIER=Intel64 Family 6 Model 58 Stepping 9, GenuineIntel
TMP=C:\Users\ACER\AppData\Local\Temp
TEMP=C:\Users\ACER\AppData\Local\Temp


JNI global refs:
JNI global refs: 23, weak refs: 0

JNI global refs memory usage: 843, weak refs: 841


---------------  S Y S T E M  ---------------

OS:
 Windows 10 , 64 bit Build 19041 (10.0.19041.207)
OS uptime: 0 days 3:28 hours
Hyper-V role detected

CPU: total 4 (initial active 4) (2 cores per cpu, 2 threads per core) family 6 model 58 stepping 9 microcode 0x21, cx8, cmov, fxsr, ht, mmx, sse, sse2, sse3, ssse3, sse4.1, sse4.2, popcnt, tsc, tscinvbit, avx, aes, erms, clmul, vzeroupper, clflush, hv

Memory: 4k page, system-wide physical 8030M (931M free)
TotalPageFile size 10078M (AvailPageFile size 146M)
current process WorkingSet (physical memory assigned to process): 468M, peak: 472M
current process commit charge ("private bytes"): 493M, peak: 701M

vm_info: OpenJDK 64-Bit Server VM (17.0.6+0-b2043.56-10027231) for windows-amd64 JRE (17.0.6+0-b2043.56-10027231), built on Apr 28 2023 00:43:19 by "androidbuild" with MS VC++ 16.10 / 16.11 (VS2019)

END.
