#
# There is insufficient memory for the Java Runtime Environment to continue.
# Native memory allocation (malloc) failed to allocate 626000 bytes for Chunk::new
# Possible reasons:
#   The system is out of physical RAM or swap space
#   The process is running with CompressedOops enabled, and the Java Heap may be blocking the growth of the native heap
# Possible solutions:
#   Reduce memory load on the system
#   Increase physical memory or swap space
#   Check if swap backing store is full
#   Decrease Java heap size (-Xmx/-Xms)
#   Decrease number of Java threads
#   Decrease Java thread stack sizes (-Xss)
#   Set larger code cache with -XX:ReservedCodeCacheSize=
#   JVM is running with Unscaled Compressed Oops mode in which the Java heap is
#     placed in the first 4GB address space. The Java Heap base address is the
#     maximum limit for the native heap growth. Please use -XX:HeapBaseMinAddress
#     to set the Java Heap base and to place the Java Heap above 4GB virtual address.
# This output file may be truncated or incomplete.
#
#  Out of Memory Error (arena.cpp:189), pid=5480, tid=6936
#
# JRE version: OpenJDK Runtime Environment (17.0.6) (build 17.0.6+0-b2043.56-10027231)
# Java VM: OpenJDK 64-Bit Server VM (17.0.6+0-b2043.56-10027231, mixed mode, tiered, compressed oops, compressed class ptrs, g1 gc, windows-amd64)
# No core dump will be written. Minidumps are not enabled by default on client versions of Windows
#

---------------  S U M M A R Y ------------

Command Line: --add-opens=java.base/java.util=ALL-UNNAMED --add-opens=java.base/java.lang=ALL-UNNAMED --add-opens=java.base/java.lang.invoke=ALL-UNNAMED --add-opens=java.prefs/java.util.prefs=ALL-UNNAMED --add-opens=java.base/java.nio.charset=ALL-UNNAMED --add-opens=java.base/java.net=ALL-UNNAMED --add-opens=java.base/java.util.concurrent.atomic=ALL-UNNAMED -Xmx2048m -Dfile.encoding=UTF-8 -Duser.country=US -Duser.language=en -Duser.variant org.gradle.launcher.daemon.bootstrap.GradleDaemon 8.0

Host: Intel(R) Core(TM) i5-3210M CPU @ 2.50GHz, 4 cores, 7G,  Windows 10 , 64 bit Build 19041 (10.0.19041.207)
Time: Mon Jan 22 16:37:09 2024 SE Asia Standard Time elapsed time: 20.415087 seconds (0d 0h 0m 20s)

---------------  T H R E A D  ---------------

Current thread (0x00000130a3c10ef0):  JavaThread "C2 CompilerThread0" daemon [_thread_in_native, id=6936, stack(0x0000000af9900000,0x0000000af9a00000)]


Current CompileTask:
C2:  20415 4650   !   4       java.net.URLClassLoader::findClass (47 bytes)

Stack: [0x0000000af9900000,0x0000000af9a00000]
Native frames: (J=compiled Java code, j=interpreted, Vv=VM code, C=native code)
V  [jvm.dll+0x683c9a]
V  [jvm.dll+0x8427a4]
V  [jvm.dll+0x843f9e]
V  [jvm.dll+0x844603]
V  [jvm.dll+0x249b75]
V  [jvm.dll+0xabcac]
V  [jvm.dll+0xac27c]
V  [jvm.dll+0x11f257]
V  [jvm.dll+0x615b35]
V  [jvm.dll+0x614204]
V  [jvm.dll+0x21c078]
V  [jvm.dll+0x21b621]
V  [jvm.dll+0x1a4fdd]
V  [jvm.dll+0x22b098]
V  [jvm.dll+0x229159]
V  [jvm.dll+0x7f81ec]
V  [jvm.dll+0x7f274a]
V  [jvm.dll+0x682ad5]
C  [ucrtbase.dll+0x21542]
C  [KERNEL32.DLL+0x16fd4]
C  [ntdll.dll+0x4cec1]


---------------  P R O C E S S  ---------------

Threads class SMR info:
_java_thread_list=0x00000130a7a8fea0, length=39, elements={
0x000001308a618040, 0x00000130a3bfd620, 0x00000130a3bff3b0, 0x00000130a3be47f0,
0x00000130a3be8230, 0x00000130a3be8af0, 0x00000130a3be93b0, 0x00000130a3c10ef0,
0x00000130a3c17900, 0x00000130a4886720, 0x00000130a49af430, 0x00000130a49b1d20,
0x00000130a613e060, 0x00000130a5d2a190, 0x00000130a5a97540, 0x00000130a636b2c0,
0x00000130a77f7cb0, 0x00000130a6d58d40, 0x00000130a6d5aa20, 0x00000130a6d57060,
0x00000130a6d59bb0, 0x00000130a6d57a00, 0x00000130a6d57ed0, 0x00000130a6d583a0,
0x00000130a6d59210, 0x00000130a6d58870, 0x00000130a6d5a080, 0x00000130a6d5a550,
0x00000130a9923d90, 0x00000130a9922f20, 0x00000130a9924260, 0x00000130a99220b0,
0x00000130a9921710, 0x00000130a9924730, 0x00000130a99250d0, 0x00000130a99255a0,
0x00000130a99203d0, 0x00000130a89d05c0, 0x00000130a9922a50
}

Java Threads: ( => current thread )
  0x000001308a618040 JavaThread "main" [_thread_blocked, id=5112, stack(0x0000000af8c00000,0x0000000af8d00000)]
  0x00000130a3bfd620 JavaThread "Reference Handler" daemon [_thread_blocked, id=9020, stack(0x0000000af9300000,0x0000000af9400000)]
  0x00000130a3bff3b0 JavaThread "Finalizer" daemon [_thread_blocked, id=2764, stack(0x0000000af9400000,0x0000000af9500000)]
  0x00000130a3be47f0 JavaThread "Signal Dispatcher" daemon [_thread_blocked, id=9940, stack(0x0000000af9500000,0x0000000af9600000)]
  0x00000130a3be8230 JavaThread "Attach Listener" daemon [_thread_blocked, id=4712, stack(0x0000000af9600000,0x0000000af9700000)]
  0x00000130a3be8af0 JavaThread "Service Thread" daemon [_thread_blocked, id=1656, stack(0x0000000af9700000,0x0000000af9800000)]
  0x00000130a3be93b0 JavaThread "Monitor Deflation Thread" daemon [_thread_blocked, id=6928, stack(0x0000000af9800000,0x0000000af9900000)]
=>0x00000130a3c10ef0 JavaThread "C2 CompilerThread0" daemon [_thread_in_native, id=6936, stack(0x0000000af9900000,0x0000000af9a00000)]
  0x00000130a3c17900 JavaThread "C1 CompilerThread0" daemon [_thread_blocked, id=7368, stack(0x0000000af9a00000,0x0000000af9b00000)]
  0x00000130a4886720 JavaThread "Sweeper thread" daemon [_thread_blocked, id=11148, stack(0x0000000af9b00000,0x0000000af9c00000)]
  0x00000130a49af430 JavaThread "Common-Cleaner" daemon [_thread_blocked, id=1604, stack(0x0000000af9c00000,0x0000000af9d00000)]
  0x00000130a49b1d20 JavaThread "Notification Thread" daemon [_thread_blocked, id=7296, stack(0x0000000af9d00000,0x0000000af9e00000)]
  0x00000130a613e060 JavaThread "Daemon health stats" [_thread_blocked, id=9356, stack(0x0000000afa300000,0x0000000afa400000)]
  0x00000130a5d2a190 JavaThread "Incoming local TCP Connector on port 52887" [_thread_in_native, id=10520, stack(0x0000000afa400000,0x0000000afa500000)]
  0x00000130a5a97540 JavaThread "Daemon periodic checks" [_thread_blocked, id=10528, stack(0x0000000afa500000,0x0000000afa600000)]
  0x00000130a636b2c0 JavaThread "Daemon" [_thread_blocked, id=1856, stack(0x0000000afa600000,0x0000000afa700000)]
  0x00000130a77f7cb0 JavaThread "Handler for socket connection from /127.0.0.1:52887 to /127.0.0.1:52888" [_thread_in_native, id=2020, stack(0x0000000afa700000,0x0000000afa800000)]
  0x00000130a6d58d40 JavaThread "Cancel handler" [_thread_blocked, id=9448, stack(0x0000000afa800000,0x0000000afa900000)]
  0x00000130a6d5aa20 JavaThread "Daemon worker" [_thread_blocked, id=4960, stack(0x0000000afa900000,0x0000000afaa00000)]
  0x00000130a6d57060 JavaThread "Asynchronous log dispatcher for DefaultDaemonConnection: socket connection from /127.0.0.1:52887 to /127.0.0.1:52888" [_thread_blocked, id=8476, stack(0x0000000afaa00000,0x0000000afab00000)]
  0x00000130a6d59bb0 JavaThread "Stdin handler" [_thread_blocked, id=11164, stack(0x0000000afab00000,0x0000000afac00000)]
  0x00000130a6d57a00 JavaThread "Daemon client event forwarder" [_thread_blocked, id=7576, stack(0x0000000afac00000,0x0000000afad00000)]
  0x00000130a6d57ed0 JavaThread "Cache worker for journal cache (D:\DOWNLOADS\JetPlayer\caches\journal-1)" [_thread_blocked, id=4644, stack(0x0000000af9f00000,0x0000000afa000000)]
  0x00000130a6d583a0 JavaThread "File lock request listener" [_thread_in_native, id=6196, stack(0x0000000afad00000,0x0000000afae00000)]
  0x00000130a6d59210 JavaThread "Cache worker for file hash cache (D:\DOWNLOADS\JetPlayer\caches\8.0\fileHashes)" [_thread_blocked, id=10556, stack(0x0000000afaf00000,0x0000000afb000000)]
  0x00000130a6d58870 JavaThread "File watcher server" daemon [_thread_in_native, id=10856, stack(0x0000000afb000000,0x0000000afb100000)]
  0x00000130a6d5a080 JavaThread "File watcher consumer" daemon [_thread_blocked, id=6496, stack(0x0000000afb100000,0x0000000afb200000)]
  0x00000130a6d5a550 JavaThread "jar transforms" [_thread_blocked, id=2164, stack(0x0000000afb200000,0x0000000afb300000)]
  0x00000130a9923d90 JavaThread "jar transforms Thread 2" [_thread_blocked, id=8980, stack(0x0000000afb300000,0x0000000afb400000)]
  0x00000130a9922f20 JavaThread "jar transforms Thread 3" [_thread_blocked, id=7604, stack(0x0000000afb400000,0x0000000afb500000)]
  0x00000130a9924260 JavaThread "jar transforms Thread 4" [_thread_blocked, id=6764, stack(0x0000000afb500000,0x0000000afb600000)]
  0x00000130a99220b0 JavaThread "Cache worker for checksums cache (C:\Users\ACER\AndroidStudioProjects\ShoesCare\.gradle\8.0\checksums)" [_thread_blocked, id=7820, stack(0x0000000afae00000,0x0000000afaf00000)]
  0x00000130a9921710 JavaThread "Cache worker for cache directory md-rule (D:\DOWNLOADS\JetPlayer\caches\8.0\md-rule)" [_thread_blocked, id=400, stack(0x0000000afb600000,0x0000000afb700000)]
  0x00000130a9924730 JavaThread "Cache worker for file content cache (D:\DOWNLOADS\JetPlayer\caches\8.0\fileContent)" [_thread_blocked, id=2396, stack(0x0000000afb700000,0x0000000afb800000)]
  0x00000130a99250d0 JavaThread "Cache worker for file hash cache (C:\Users\ACER\AndroidStudioProjects\ShoesCare\.gradle\8.0\fileHashes)" [_thread_blocked, id=5436, stack(0x0000000afb900000,0x0000000afba00000)]
  0x00000130a99255a0 JavaThread "Cache worker for cache directory md-supplier (D:\DOWNLOADS\JetPlayer\caches\8.0\md-supplier)" [_thread_blocked, id=1752, stack(0x0000000afba00000,0x0000000afbb00000)]
  0x00000130a99203d0 JavaThread "Cache worker for execution history cache (D:\DOWNLOADS\JetPlayer\caches\8.0\executionHistory)" [_thread_blocked, id=9920, stack(0x0000000afbb00000,0x0000000afbc00000)]
  0x00000130a89d05c0 JavaThread "C2 CompilerThread1" daemon [_thread_in_native, id=7788, stack(0x0000000afb800000,0x0000000afb900000)]
  0x00000130a9922a50 JavaThread "Cache worker for kotlin-dsl (D:\DOWNLOADS\JetPlayer\caches\8.0\kotlin-dsl)" [_thread_blocked, id=7404, stack(0x0000000afbc00000,0x0000000afbd00000)]

Other Threads:
  0x00000130a3bd9530 VMThread "VM Thread" [stack: 0x0000000af9200000,0x0000000af9300000] [id=9624]
  0x00000130a49b2a10 WatcherThread [stack: 0x0000000af9e00000,0x0000000af9f00000] [id=10824]
  0x000001308a673570 GCTaskThread "GC Thread#0" [stack: 0x0000000af8d00000,0x0000000af8e00000] [id=2548]
  0x00000130a4aad020 GCTaskThread "GC Thread#1" [stack: 0x0000000afa000000,0x0000000afa100000] [id=9948]
  0x00000130a4c40170 GCTaskThread "GC Thread#2" [stack: 0x0000000afa100000,0x0000000afa200000] [id=8200]
  0x00000130a56fd370 GCTaskThread "GC Thread#3" [stack: 0x0000000afa200000,0x0000000afa300000] [id=9632]
  0x000001308a684b60 ConcurrentGCThread "G1 Main Marker" [stack: 0x0000000af8e00000,0x0000000af8f00000] [id=10572]
  0x000001308a685480 ConcurrentGCThread "G1 Conc#0" [stack: 0x0000000af8f00000,0x0000000af9000000] [id=1224]
  0x000001308a6ee620 ConcurrentGCThread "G1 Refine#0" [stack: 0x0000000af9000000,0x0000000af9100000] [id=8436]
  0x00000130a3a330b0 ConcurrentGCThread "G1 Service" [stack: 0x0000000af9100000,0x0000000af9200000] [id=3224]

Threads with active compile tasks:
C2 CompilerThread0    20465 4650   !   4       java.net.URLClassLoader::findClass (47 bytes)
C2 CompilerThread1    20465 4651       4       java.net.URLClassLoader$1::run (5 bytes)

VM state: at safepoint (normal execution)

VM Mutex/Monitor currently owned by a thread:  ([mutex/lock_event])
[0x000001308a6134b0] Threads_lock - owner thread: 0x00000130a3bd9530
[0x000001308a613420] Heap_lock - owner thread: 0x000001308a684b60

Heap address: 0x0000000080000000, size: 2048 MB, Compressed Oops mode: 32-bit

CDS archive(s) not mapped
Compressed class space mapped at: 0x0000000100000000-0x0000000140000000, reserved size: 1073741824
Narrow klass base: 0x0000000000000000, Narrow klass shift: 3, Narrow klass range: 0x140000000

GC Precious Log:
 CPUs: 4 total, 4 available
 Memory: 8030M
 Large Page Support: Disabled
 NUMA Support: Disabled
 Compressed Oops: Enabled (32-bit)
 Heap Region Size: 1M
 Heap Min Capacity: 8M
 Heap Initial Capacity: 126M
 Heap Max Capacity: 2G
 Pre-touch: Disabled
 Parallel Workers: 4
 Concurrent Workers: 1
 Concurrent Refinement Workers: 4
 Periodic GC: Disabled

Heap:
 garbage-first heap   total 119808K, used 72549K [0x0000000080000000, 0x0000000100000000)
  region size 1024K, 5 young (5120K), 2 survivors (2048K)
 Metaspace       used 52252K, committed 52864K, reserved 1097728K
  class space    used 6935K, committed 7232K, reserved 1048576K

Heap Regions: E=young(eden), S=young(survivor), O=old, HS=humongous(starts), HC=humongous(continues), CS=collection set, F=free, OA=open archive, CA=closed archive, TAMS=top-at-mark-start (previous, next)
|   0|0x0000000080000000, 0x0000000080100000, 0x0000000080100000|100%| O|  |TAMS 0x0000000080100000, 0x0000000080000000| Untracked 
|   1|0x0000000080100000, 0x0000000080200000, 0x0000000080200000|100%| O|  |TAMS 0x0000000080200000, 0x0000000080100000| Untracked 
|   2|0x0000000080200000, 0x0000000080300000, 0x0000000080300000|100%|HS|  |TAMS 0x0000000080300000, 0x0000000080200000| Complete 
|   3|0x0000000080300000, 0x0000000080400000, 0x0000000080400000|100%|HC|  |TAMS 0x0000000080400000, 0x0000000080300000| Complete 
|   4|0x0000000080400000, 0x0000000080500000, 0x0000000080500000|100%|HC|  |TAMS 0x0000000080500000, 0x0000000080400000| Complete 
|   5|0x0000000080500000, 0x0000000080600000, 0x0000000080600000|100%|HC|  |TAMS 0x0000000080600000, 0x0000000080500000| Complete 
|   6|0x0000000080600000, 0x0000000080700000, 0x0000000080700000|100%| O|  |TAMS 0x0000000080700000, 0x0000000080600000| Untracked 
|   7|0x0000000080700000, 0x0000000080800000, 0x0000000080800000|100%| O|  |TAMS 0x0000000080800000, 0x0000000080700000| Untracked 
|   8|0x0000000080800000, 0x0000000080900000, 0x0000000080900000|100%| O|  |TAMS 0x0000000080900000, 0x0000000080800000| Untracked 
|   9|0x0000000080900000, 0x0000000080a00000, 0x0000000080a00000|100%| O|  |TAMS 0x0000000080a00000, 0x0000000080900000| Untracked 
|  10|0x0000000080a00000, 0x0000000080b00000, 0x0000000080b00000|100%| O|  |TAMS 0x0000000080b00000, 0x0000000080a00000| Untracked 
|  11|0x0000000080b00000, 0x0000000080c00000, 0x0000000080c00000|100%| O|  |TAMS 0x0000000080c00000, 0x0000000080b00000| Untracked 
|  12|0x0000000080c00000, 0x0000000080d00000, 0x0000000080d00000|100%| O|  |TAMS 0x0000000080d00000, 0x0000000080c00000| Untracked 
|  13|0x0000000080d00000, 0x0000000080e00000, 0x0000000080e00000|100%| O|  |TAMS 0x0000000080e00000, 0x0000000080d00000| Untracked 
|  14|0x0000000080e00000, 0x0000000080f00000, 0x0000000080f00000|100%| O|  |TAMS 0x0000000080f00000, 0x0000000080e00000| Untracked 
|  15|0x0000000080f00000, 0x0000000081000000, 0x0000000081000000|100%| O|  |TAMS 0x0000000081000000, 0x0000000080f00000| Untracked 
|  16|0x0000000081000000, 0x0000000081100000, 0x0000000081100000|100%| O|  |TAMS 0x0000000081100000, 0x0000000081000000| Untracked 
|  17|0x0000000081100000, 0x0000000081200000, 0x0000000081200000|100%| O|  |TAMS 0x0000000081200000, 0x0000000081100000| Untracked 
|  18|0x0000000081200000, 0x0000000081300000, 0x0000000081300000|100%| O|  |TAMS 0x0000000081300000, 0x0000000081200000| Untracked 
|  19|0x0000000081300000, 0x0000000081400000, 0x0000000081400000|100%| O|  |TAMS 0x0000000081400000, 0x0000000081300000| Untracked 
|  20|0x0000000081400000, 0x0000000081500000, 0x0000000081500000|100%| O|  |TAMS 0x0000000081500000, 0x0000000081400000| Untracked 
|  21|0x0000000081500000, 0x0000000081600000, 0x0000000081600000|100%|HS|  |TAMS 0x0000000081600000, 0x0000000081500000| Complete 
|  22|0x0000000081600000, 0x0000000081700000, 0x0000000081700000|100%|HC|  |TAMS 0x0000000081700000, 0x0000000081600000| Complete 
|  23|0x0000000081700000, 0x0000000081800000, 0x0000000081800000|100%|HS|  |TAMS 0x0000000081800000, 0x0000000081700000| Complete 
|  24|0x0000000081800000, 0x0000000081900000, 0x0000000081900000|100%|HC|  |TAMS 0x0000000081900000, 0x0000000081800000| Complete 
|  25|0x0000000081900000, 0x0000000081a00000, 0x0000000081a00000|100%|HC|  |TAMS 0x0000000081a00000, 0x0000000081900000| Complete 
|  26|0x0000000081a00000, 0x0000000081b00000, 0x0000000081b00000|100%|HS|  |TAMS 0x0000000081b00000, 0x0000000081a00000| Complete 
|  27|0x0000000081b00000, 0x0000000081c00000, 0x0000000081c00000|100%|HC|  |TAMS 0x0000000081c00000, 0x0000000081b00000| Complete 
|  28|0x0000000081c00000, 0x0000000081d00000, 0x0000000081d00000|100%|HC|  |TAMS 0x0000000081d00000, 0x0000000081c00000| Complete 
|  29|0x0000000081d00000, 0x0000000081e00000, 0x0000000081e00000|100%|HS|  |TAMS 0x0000000081e00000, 0x0000000081d00000| Complete 
|  30|0x0000000081e00000, 0x0000000081f00000, 0x0000000081f00000|100%|HC|  |TAMS 0x0000000081f00000, 0x0000000081e00000| Complete 
|  31|0x0000000081f00000, 0x0000000082000000, 0x0000000082000000|100%|HC|  |TAMS 0x0000000082000000, 0x0000000081f00000| Complete 
|  32|0x0000000082000000, 0x0000000082100000, 0x0000000082100000|100%|HC|  |TAMS 0x0000000082100000, 0x0000000082000000| Complete 
|  33|0x0000000082100000, 0x0000000082200000, 0x0000000082200000|100%|HC|  |TAMS 0x0000000082200000, 0x0000000082100000| Complete 
|  34|0x0000000082200000, 0x0000000082300000, 0x0000000082300000|100%|HC|  |TAMS 0x0000000082300000, 0x0000000082200000| Complete 
|  35|0x0000000082300000, 0x0000000082400000, 0x0000000082400000|100%|HC|  |TAMS 0x0000000082400000, 0x0000000082300000| Complete 
|  36|0x0000000082400000, 0x0000000082500000, 0x0000000082500000|100%|HC|  |TAMS 0x0000000082500000, 0x0000000082400000| Complete 
|  37|0x0000000082500000, 0x0000000082600000, 0x0000000082600000|100%|HC|  |TAMS 0x0000000082600000, 0x0000000082500000| Complete 
|  38|0x0000000082600000, 0x0000000082700000, 0x0000000082700000|100%|HC|  |TAMS 0x0000000082700000, 0x0000000082600000| Complete 
|  39|0x0000000082700000, 0x0000000082800000, 0x0000000082800000|100%|HC|  |TAMS 0x0000000082800000, 0x0000000082700000| Complete 
|  40|0x0000000082800000, 0x0000000082900000, 0x0000000082900000|100%|HC|  |TAMS 0x0000000082900000, 0x0000000082800000| Complete 
|  41|0x0000000082900000, 0x0000000082a00000, 0x0000000082a00000|100%| O|  |TAMS 0x0000000082a00000, 0x0000000082900000| Untracked 
|  42|0x0000000082a00000, 0x0000000082b00000, 0x0000000082b00000|100%|HS|  |TAMS 0x0000000082b00000, 0x0000000082a00000| Complete 
|  43|0x0000000082b00000, 0x0000000082c00000, 0x0000000082c00000|100%|HC|  |TAMS 0x0000000082c00000, 0x0000000082b00000| Complete 
|  44|0x0000000082c00000, 0x0000000082d00000, 0x0000000082d00000|100%| O|  |TAMS 0x0000000082d00000, 0x0000000082c00000| Untracked 
|  45|0x0000000082d00000, 0x0000000082e00000, 0x0000000082e00000|100%| O|  |TAMS 0x0000000082e00000, 0x0000000082d00000| Untracked 
|  46|0x0000000082e00000, 0x0000000082f00000, 0x0000000082f00000|100%| O|  |TAMS 0x0000000082f00000, 0x0000000082e00000| Untracked 
|  47|0x0000000082f00000, 0x0000000083000000, 0x0000000083000000|100%| O|  |TAMS 0x0000000083000000, 0x0000000082f00000| Untracked 
|  48|0x0000000083000000, 0x0000000083100000, 0x0000000083100000|100%| O|  |TAMS 0x0000000083100000, 0x0000000083000000| Untracked 
|  49|0x0000000083100000, 0x0000000083200000, 0x0000000083200000|100%| O|  |TAMS 0x0000000083200000, 0x0000000083100000| Untracked 
|  50|0x0000000083200000, 0x00000000832c6c00, 0x0000000083300000| 77%| O|  |TAMS 0x0000000083200000, 0x0000000083200000| Updating 
|  51|0x0000000083300000, 0x0000000083400000, 0x0000000083400000|100%| O|  |TAMS 0x0000000083400000, 0x0000000083300000| Updating 
|  52|0x0000000083400000, 0x0000000083500000, 0x0000000083500000|100%| O|  |TAMS 0x0000000083500000, 0x0000000083400000| Updating 
|  53|0x0000000083500000, 0x0000000083600000, 0x0000000083600000|100%| O|  |TAMS 0x0000000083600000, 0x0000000083500000| Untracked 
|  54|0x0000000083600000, 0x0000000083700000, 0x0000000083700000|100%| O|  |TAMS 0x0000000083700000, 0x0000000083600000| Untracked 
|  55|0x0000000083700000, 0x0000000083800000, 0x0000000083800000|100%| O|  |TAMS 0x0000000083800000, 0x0000000083700000| Untracked 
|  56|0x0000000083800000, 0x0000000083900000, 0x0000000083900000|100%| O|  |TAMS 0x0000000083900000, 0x0000000083800000| Updating 
|  57|0x0000000083900000, 0x0000000083a00000, 0x0000000083a00000|100%| O|  |TAMS 0x0000000083a00000, 0x0000000083900000| Updating 
|  58|0x0000000083a00000, 0x0000000083b00000, 0x0000000083b00000|100%| O|  |TAMS 0x0000000083b00000, 0x0000000083a00000| Updating 
|  59|0x0000000083b00000, 0x0000000083c00000, 0x0000000083c00000|100%|HS|  |TAMS 0x0000000083c00000, 0x0000000083b00000| Complete 
|  60|0x0000000083c00000, 0x0000000083d00000, 0x0000000083d00000|100%|HC|  |TAMS 0x0000000083d00000, 0x0000000083c00000| Complete 
|  61|0x0000000083d00000, 0x0000000083e00000, 0x0000000083e00000|100%|HC|  |TAMS 0x0000000083e00000, 0x0000000083d00000| Complete 
|  62|0x0000000083e00000, 0x0000000083f00000, 0x0000000083f00000|100%|HS|  |TAMS 0x0000000083f00000, 0x0000000083e00000| Complete 
|  63|0x0000000083f00000, 0x0000000084000000, 0x0000000084000000|100%|HC|  |TAMS 0x0000000084000000, 0x0000000083f00000| Complete 
|  64|0x0000000084000000, 0x0000000084100000, 0x0000000084100000|100%|HC|  |TAMS 0x0000000084100000, 0x0000000084000000| Complete 
|  65|0x0000000084100000, 0x0000000084200000, 0x0000000084200000|100%| O|  |TAMS 0x0000000084200000, 0x0000000084100000| Untracked 
|  66|0x0000000084200000, 0x0000000084300000, 0x0000000084300000|100%| O|  |TAMS 0x0000000084300000, 0x0000000084200000| Untracked 
|  67|0x0000000084300000, 0x0000000084400000, 0x0000000084400000|100%| O|  |TAMS 0x0000000084329000, 0x0000000084300000| Untracked 
|  68|0x0000000084400000, 0x0000000084400000, 0x0000000084500000|  0%| F|  |TAMS 0x0000000084400000, 0x0000000084400000| Untracked 
|  69|0x0000000084500000, 0x0000000084500000, 0x0000000084600000|  0%| F|  |TAMS 0x0000000084500000, 0x0000000084500000| Untracked 
|  70|0x0000000084600000, 0x0000000084600000, 0x0000000084700000|  0%| F|  |TAMS 0x0000000084600000, 0x0000000084600000| Untracked 
|  71|0x0000000084700000, 0x0000000084700000, 0x0000000084800000|  0%| F|  |TAMS 0x0000000084700000, 0x0000000084700000| Untracked 
|  72|0x0000000084800000, 0x0000000084800000, 0x0000000084900000|  0%| F|  |TAMS 0x0000000084800000, 0x0000000084800000| Untracked 
|  73|0x0000000084900000, 0x0000000084900000, 0x0000000084a00000|  0%| F|  |TAMS 0x0000000084900000, 0x0000000084900000| Untracked 
|  74|0x0000000084a00000, 0x0000000084a00000, 0x0000000084b00000|  0%| F|  |TAMS 0x0000000084a00000, 0x0000000084a00000| Untracked 
|  75|0x0000000084b00000, 0x0000000084b00000, 0x0000000084c00000|  0%| F|  |TAMS 0x0000000084b00000, 0x0000000084b00000| Untracked 
|  76|0x0000000084c00000, 0x0000000084c00000, 0x0000000084d00000|  0%| F|  |TAMS 0x0000000084c00000, 0x0000000084c00000| Untracked 
|  77|0x0000000084d00000, 0x0000000084d00000, 0x0000000084e00000|  0%| F|  |TAMS 0x0000000084d00000, 0x0000000084d00000| Untracked 
|  78|0x0000000084e00000, 0x0000000084e00000, 0x0000000084f00000|  0%| F|  |TAMS 0x0000000084e00000, 0x0000000084e00000| Untracked 
|  79|0x0000000084f00000, 0x0000000084f00000, 0x0000000085000000|  0%| F|  |TAMS 0x0000000084f00000, 0x0000000084f00000| Untracked 
|  80|0x0000000085000000, 0x0000000085000000, 0x0000000085100000|  0%| F|  |TAMS 0x0000000085000000, 0x0000000085000000| Untracked 
|  81|0x0000000085100000, 0x0000000085100000, 0x0000000085200000|  0%| F|  |TAMS 0x0000000085100000, 0x0000000085100000| Untracked 
|  82|0x0000000085200000, 0x0000000085200000, 0x0000000085300000|  0%| F|  |TAMS 0x0000000085200000, 0x0000000085200000| Untracked 
|  83|0x0000000085300000, 0x0000000085300000, 0x0000000085400000|  0%| F|  |TAMS 0x0000000085300000, 0x0000000085300000| Untracked 
|  84|0x0000000085400000, 0x0000000085400000, 0x0000000085500000|  0%| F|  |TAMS 0x0000000085400000, 0x0000000085400000| Untracked 
|  85|0x0000000085500000, 0x0000000085500000, 0x0000000085600000|  0%| F|  |TAMS 0x0000000085500000, 0x0000000085500000| Untracked 
|  86|0x0000000085600000, 0x0000000085600000, 0x0000000085700000|  0%| F|  |TAMS 0x0000000085600000, 0x0000000085600000| Untracked 
|  87|0x0000000085700000, 0x0000000085700000, 0x0000000085800000|  0%| F|  |TAMS 0x0000000085700000, 0x0000000085700000| Untracked 
|  88|0x0000000085800000, 0x0000000085800000, 0x0000000085900000|  0%| F|  |TAMS 0x0000000085800000, 0x0000000085800000| Untracked 
|  89|0x0000000085900000, 0x0000000085900000, 0x0000000085a00000|  0%| F|  |TAMS 0x0000000085900000, 0x0000000085900000| Untracked 
|  90|0x0000000085a00000, 0x0000000085a00000, 0x0000000085b00000|  0%| F|  |TAMS 0x0000000085a00000, 0x0000000085a00000| Untracked 
|  91|0x0000000085b00000, 0x0000000085b00000, 0x0000000085c00000|  0%| F|  |TAMS 0x0000000085b00000, 0x0000000085b00000| Untracked 
|  92|0x0000000085c00000, 0x0000000085c00000, 0x0000000085d00000|  0%| F|  |TAMS 0x0000000085c00000, 0x0000000085c00000| Untracked 
|  93|0x0000000085d00000, 0x0000000085d12ae8, 0x0000000085e00000|  7%| S|CS|TAMS 0x0000000085d00000, 0x0000000085d00000| Complete 
|  94|0x0000000085e00000, 0x0000000085e00000, 0x0000000085f00000|  0%| F|  |TAMS 0x0000000085e00000, 0x0000000085e00000| Untracked 
|  95|0x0000000085f00000, 0x0000000085f00000, 0x0000000086000000|  0%| F|  |TAMS 0x0000000085f00000, 0x0000000085f00000| Untracked 
|  96|0x0000000086000000, 0x0000000086100000, 0x0000000086100000|100%| S|CS|TAMS 0x0000000086000000, 0x0000000086000000| Complete 
|  97|0x0000000086100000, 0x0000000086100000, 0x0000000086200000|  0%| F|  |TAMS 0x0000000086100000, 0x0000000086100000| Untracked 
|  98|0x0000000086200000, 0x0000000086200000, 0x0000000086300000|  0%| F|  |TAMS 0x0000000086200000, 0x0000000086200000| Untracked 
|  99|0x0000000086300000, 0x0000000086300000, 0x0000000086400000|  0%| F|  |TAMS 0x0000000086300000, 0x0000000086300000| Untracked 
| 100|0x0000000086400000, 0x0000000086400000, 0x0000000086500000|  0%| F|  |TAMS 0x0000000086400000, 0x0000000086400000| Untracked 
| 101|0x0000000086500000, 0x0000000086500000, 0x0000000086600000|  0%| F|  |TAMS 0x0000000086500000, 0x0000000086500000| Untracked 
| 102|0x0000000086600000, 0x0000000086600000, 0x0000000086700000|  0%| F|  |TAMS 0x0000000086600000, 0x0000000086600000| Untracked 
| 103|0x0000000086700000, 0x0000000086700000, 0x0000000086800000|  0%| F|  |TAMS 0x0000000086700000, 0x0000000086700000| Untracked 
| 104|0x0000000086800000, 0x0000000086800000, 0x0000000086900000|  0%| F|  |TAMS 0x0000000086800000, 0x0000000086800000| Untracked 
| 105|0x0000000086900000, 0x0000000086900000, 0x0000000086a00000|  0%| F|  |TAMS 0x0000000086900000, 0x0000000086900000| Untracked 
| 106|0x0000000086a00000, 0x0000000086a00000, 0x0000000086b00000|  0%| F|  |TAMS 0x0000000086a00000, 0x0000000086a00000| Untracked 
| 107|0x0000000086b00000, 0x0000000086b00000, 0x0000000086c00000|  0%| F|  |TAMS 0x0000000086b00000, 0x0000000086b00000| Untracked 
| 108|0x0000000086c00000, 0x0000000086c00000, 0x0000000086d00000|  0%| F|  |TAMS 0x0000000086c00000, 0x0000000086c00000| Untracked 
| 109|0x0000000086d00000, 0x0000000086d00000, 0x0000000086e00000|  0%| F|  |TAMS 0x0000000086d00000, 0x0000000086d00000| Untracked 
| 110|0x0000000086e00000, 0x0000000086e00000, 0x0000000086f00000|  0%| F|  |TAMS 0x0000000086e00000, 0x0000000086e00000| Untracked 
| 111|0x0000000086f00000, 0x0000000086f00000, 0x0000000087000000|  0%| F|  |TAMS 0x0000000086f00000, 0x0000000086f00000| Untracked 
| 112|0x0000000087000000, 0x0000000087000000, 0x0000000087100000|  0%| F|  |TAMS 0x0000000087000000, 0x0000000087000000| Untracked 
| 113|0x0000000087100000, 0x0000000087100000, 0x0000000087200000|  0%| F|  |TAMS 0x0000000087100000, 0x0000000087100000| Untracked 
| 114|0x0000000087200000, 0x0000000087261618, 0x0000000087300000| 38%| E|  |TAMS 0x0000000087200000, 0x0000000087200000| Complete 
| 115|0x0000000087300000, 0x0000000087400000, 0x0000000087400000|100%| E|CS|TAMS 0x0000000087300000, 0x0000000087300000| Complete 
| 125|0x0000000087d00000, 0x0000000087e00000, 0x0000000087e00000|100%| E|CS|TAMS 0x0000000087d00000, 0x0000000087d00000| Complete 

Card table byte_map: [0x000001309cef0000,0x000001309d2f0000] _byte_map_base: 0x000001309caf0000

Marking Bits (Prev, Next): (CMBitMap*) 0x000001308a673ad0, (CMBitMap*) 0x000001308a673a90
 Prev Bits: [0x000001309f6f0000, 0x00000130a16f0000)
 Next Bits: [0x000001309d6f0000, 0x000001309f6f0000)

Polling page: 0x00000130884a0000

Metaspace:

Usage:
  Non-class:     44.26 MB used.
      Class:      6.77 MB used.
       Both:     51.03 MB used.

Virtual space:
  Non-class space:       48.00 MB reserved,      44.56 MB ( 93%) committed,  6 nodes.
      Class space:        1.00 GB reserved,       7.06 MB ( <1%) committed,  1 nodes.
             Both:        1.05 GB reserved,      51.62 MB (  5%) committed. 

Chunk freelists:
   Non-Class:  3.44 MB
       Class:  880.00 KB
        Both:  4.30 MB

MaxMetaspaceSize: unlimited
CompressedClassSpaceSize: 1.00 GB
Initial GC threshold: 21.00 MB
Current GC threshold: 79.38 MB
CDS: off
MetaspaceReclaimPolicy: balanced
 - commit_granule_bytes: 65536.
 - commit_granule_words: 8192.
 - virtual_space_node_default_size: 1048576.
 - enlarge_chunks_in_place: 1.
 - new_chunks_are_fully_committed: 0.
 - uncommit_free_chunks: 1.
 - use_allocation_guard: 0.
 - handle_deallocations: 1.


Internal statistics:

num_allocs_failed_limit: 3.
num_arena_births: 668.
num_arena_deaths: 0.
num_vsnodes_births: 7.
num_vsnodes_deaths: 0.
num_space_committed: 826.
num_space_uncommitted: 0.
num_chunks_returned_to_freelist: 3.
num_chunks_taken_from_freelist: 2341.
num_chunk_merges: 3.
num_chunk_splits: 1550.
num_chunks_enlarged: 1053.
num_purges: 0.
num_inconsistent_stats: 0.

CodeHeap 'non-profiled nmethods': size=120000Kb used=2914Kb max_used=2914Kb free=117085Kb
 bounds [0x00000130955c0000, 0x00000130958a0000, 0x000001309caf0000]
CodeHeap 'profiled nmethods': size=120000Kb used=9744Kb max_used=9744Kb free=110255Kb
 bounds [0x000001308daf0000, 0x000001308e480000, 0x0000013095020000]
CodeHeap 'non-nmethods': size=5760Kb used=2310Kb max_used=2344Kb free=3449Kb
 bounds [0x0000013095020000, 0x0000013095290000, 0x00000130955c0000]
 total_blobs=5511 nmethods=4685 adapters=738
 compilation: enabled
              stopped_count=0, restarted_count=0
 full_count=0

Compilation events (20 events):
Event: 20.126 Thread 0x00000130a3c17900 4666       3       java.lang.StringUTF16::length (5 bytes)
Event: 20.126 Thread 0x00000130a3c17900 nmethod 4666 0x000001308e471210 code [0x000001308e4713a0, 0x000001308e471498]
Event: 20.127 Thread 0x00000130a3c17900 4667       3       java.lang.StringUTF16::checkIndex (9 bytes)
Event: 20.127 Thread 0x00000130a3c17900 nmethod 4667 0x000001308e471590 code [0x000001308e471740, 0x000001308e4718c8]
Event: 20.127 Thread 0x00000130a3c17900 4668       3       java.lang.StringUTF16::charAt (11 bytes)
Event: 20.128 Thread 0x00000130a3c17900 nmethod 4668 0x000001308e471a10 code [0x000001308e471bc0, 0x000001308e471dc8]
Event: 20.181 Thread 0x00000130a3c17900 4679       3       jdk.internal.misc.CDS::isDumpingClassList (4 bytes)
Event: 20.182 Thread 0x00000130a3c17900 nmethod 4679 0x000001308e471f10 code [0x000001308e4720a0, 0x000001308e472198]
Event: 20.184 Thread 0x00000130a3c17900 4683       3       java.util.List::of (9 bytes)
Event: 20.184 Thread 0x00000130a3c17900 nmethod 4683 0x000001308e472210 code [0x000001308e472400, 0x000001308e472948]
Event: 20.185 Thread 0x00000130a3c17900 4684       3       jdk.internal.misc.Unsafe::ensureClassInitialized (18 bytes)
Event: 20.185 Thread 0x00000130a3c17900 nmethod 4684 0x000001308e472b10 code [0x000001308e472cc0, 0x000001308e472ef8]
Event: 20.198 Thread 0x00000130a3c17900 4693       3       jdk.internal.org.objectweb.asm.ClassWriter::visitSource (39 bytes)
Event: 20.199 Thread 0x00000130a3c17900 nmethod 4693 0x000001308e473010 code [0x000001308e4731e0, 0x000001308e473658]
Event: 20.212 Thread 0x00000130a3c17900 4697       3       java.lang.reflect.Modifier::isVolatile (13 bytes)
Event: 20.212 Thread 0x00000130a3c17900 nmethod 4697 0x000001308e473810 code [0x000001308e4739a0, 0x000001308e473af8]
Event: 20.236 Thread 0x00000130a3c17900 4698       3       java.lang.invoke.DelegatingMethodHandle::rebind (8 bytes)
Event: 20.237 Thread 0x00000130a3c17900 nmethod 4698 0x000001308e473b90 code [0x000001308e473d40, 0x000001308e473fb8]
Event: 20.247 Thread 0x00000130a3c17900 4699       1       org.jetbrains.kotlin.com.intellij.psi.tree.IElementType::getIndex (5 bytes)
Event: 20.247 Thread 0x00000130a3c17900 nmethod 4699 0x0000013095898790 code [0x0000013095898920, 0x00000130958989f8]

GC Heap History (20 events):
Event: 11.403 GC heap before
{Heap before GC invocations=12 (full 0):
 garbage-first heap   total 81920K, used 62896K [0x0000000080000000, 0x0000000100000000)
  region size 1024K, 15 young (15360K), 1 survivors (1024K)
 Metaspace       used 32826K, committed 33216K, reserved 1081344K
  class space    used 4530K, committed 4736K, reserved 1048576K
}
Event: 11.407 GC heap after
{Heap after GC invocations=13 (full 0):
 garbage-first heap   total 111616K, used 49235K [0x0000000080000000, 0x0000000100000000)
  region size 1024K, 1 young (1024K), 1 survivors (1024K)
 Metaspace       used 32826K, committed 33216K, reserved 1081344K
  class space    used 4530K, committed 4736K, reserved 1048576K
}
Event: 14.248 GC heap before
{Heap before GC invocations=14 (full 0):
 garbage-first heap   total 111616K, used 84051K [0x0000000080000000, 0x0000000100000000)
  region size 1024K, 36 young (36864K), 1 survivors (1024K)
 Metaspace       used 41284K, committed 41664K, reserved 1089536K
  class space    used 5531K, committed 5696K, reserved 1048576K
}
Event: 14.266 GC heap after
{Heap after GC invocations=15 (full 0):
 garbage-first heap   total 111616K, used 53358K [0x0000000080000000, 0x0000000100000000)
  region size 1024K, 5 young (5120K), 5 survivors (5120K)
 Metaspace       used 41284K, committed 41664K, reserved 1089536K
  class space    used 5531K, committed 5696K, reserved 1048576K
}
Event: 14.356 GC heap before
{Heap before GC invocations=15 (full 0):
 garbage-first heap   total 111616K, used 54382K [0x0000000080000000, 0x0000000100000000)
  region size 1024K, 6 young (6144K), 5 survivors (5120K)
 Metaspace       used 41488K, committed 41856K, reserved 1089536K
  class space    used 5551K, committed 5696K, reserved 1048576K
}
Event: 14.367 GC heap after
{Heap after GC invocations=16 (full 0):
 garbage-first heap   total 111616K, used 54368K [0x0000000080000000, 0x0000000100000000)
  region size 1024K, 1 young (1024K), 1 survivors (1024K)
 Metaspace       used 41488K, committed 41856K, reserved 1089536K
  class space    used 5551K, committed 5696K, reserved 1048576K
}
Event: 16.168 GC heap before
{Heap before GC invocations=16 (full 0):
 garbage-first heap   total 111616K, used 77920K [0x0000000080000000, 0x0000000100000000)
  region size 1024K, 25 young (25600K), 1 survivors (1024K)
 Metaspace       used 42302K, committed 42688K, reserved 1089536K
  class space    used 5626K, committed 5824K, reserved 1048576K
}
Event: 16.175 GC heap after
{Heap after GC invocations=17 (full 0):
 garbage-first heap   total 111616K, used 56761K [0x0000000080000000, 0x0000000100000000)
  region size 1024K, 4 young (4096K), 4 survivors (4096K)
 Metaspace       used 42302K, committed 42688K, reserved 1089536K
  class space    used 5626K, committed 5824K, reserved 1048576K
}
Event: 18.581 GC heap before
{Heap before GC invocations=18 (full 0):
 garbage-first heap   total 111616K, used 88505K [0x0000000080000000, 0x0000000100000000)
  region size 1024K, 33 young (33792K), 4 survivors (4096K)
 Metaspace       used 46663K, committed 47104K, reserved 1097728K
  class space    used 6187K, committed 6400K, reserved 1048576K
}
Event: 18.593 GC heap after
{Heap after GC invocations=19 (full 0):
 garbage-first heap   total 111616K, used 59206K [0x0000000080000000, 0x0000000100000000)
  region size 1024K, 3 young (3072K), 3 survivors (3072K)
 Metaspace       used 46663K, committed 47104K, reserved 1097728K
  class space    used 6187K, committed 6400K, reserved 1048576K
}
Event: 18.674 GC heap before
{Heap before GC invocations=19 (full 0):
 garbage-first heap   total 111616K, used 61254K [0x0000000080000000, 0x0000000100000000)
  region size 1024K, 5 young (5120K), 3 survivors (3072K)
 Metaspace       used 46725K, committed 47168K, reserved 1097728K
  class space    used 6194K, committed 6400K, reserved 1048576K
}
Event: 18.682 GC heap after
{Heap after GC invocations=20 (full 0):
 garbage-first heap   total 111616K, used 59711K [0x0000000080000000, 0x0000000100000000)
  region size 1024K, 1 young (1024K), 1 survivors (1024K)
 Metaspace       used 46725K, committed 47168K, reserved 1097728K
  class space    used 6194K, committed 6400K, reserved 1048576K
}
Event: 18.698 GC heap before
{Heap before GC invocations=20 (full 0):
 garbage-first heap   total 111616K, used 59711K [0x0000000080000000, 0x0000000100000000)
  region size 1024K, 2 young (2048K), 1 survivors (1024K)
 Metaspace       used 46728K, committed 47168K, reserved 1097728K
  class space    used 6194K, committed 6400K, reserved 1048576K
}
Event: 18.701 GC heap after
{Heap after GC invocations=21 (full 0):
 garbage-first heap   total 111616K, used 59952K [0x0000000080000000, 0x0000000100000000)
  region size 1024K, 2 young (2048K), 2 survivors (2048K)
 Metaspace       used 46728K, committed 47168K, reserved 1097728K
  class space    used 6194K, committed 6400K, reserved 1048576K
}
Event: 19.102 GC heap before
{Heap before GC invocations=22 (full 0):
 garbage-first heap   total 116736K, used 76336K [0x0000000080000000, 0x0000000100000000)
  region size 1024K, 13 young (13312K), 2 survivors (2048K)
 Metaspace       used 47434K, committed 47936K, reserved 1097728K
  class space    used 6276K, committed 6464K, reserved 1048576K
}
Event: 19.109 GC heap after
{Heap after GC invocations=23 (full 0):
 garbage-first heap   total 116736K, used 68225K [0x0000000080000000, 0x0000000100000000)
  region size 1024K, 3 young (3072K), 3 survivors (3072K)
 Metaspace       used 47434K, committed 47936K, reserved 1097728K
  class space    used 6276K, committed 6464K, reserved 1048576K
}
Event: 19.768 GC heap before
{Heap before GC invocations=24 (full 0):
 garbage-first heap   total 119808K, used 87681K [0x0000000080000000, 0x0000000100000000)
  region size 1024K, 21 young (21504K), 3 survivors (3072K)
 Metaspace       used 49724K, committed 50240K, reserved 1097728K
  class space    used 6509K, committed 6720K, reserved 1048576K
}
Event: 19.778 GC heap after
{Heap after GC invocations=25 (full 0):
 garbage-first heap   total 119808K, used 69413K [0x0000000080000000, 0x0000000100000000)
  region size 1024K, 2 young (2048K), 2 survivors (2048K)
 Metaspace       used 49724K, committed 50240K, reserved 1097728K
  class space    used 6509K, committed 6720K, reserved 1048576K
}
Event: 20.298 GC heap before
{Heap before GC invocations=25 (full 0):
 garbage-first heap   total 119808K, used 89893K [0x0000000080000000, 0x0000000100000000)
  region size 1024K, 22 young (22528K), 2 survivors (2048K)
 Metaspace       used 51566K, committed 52160K, reserved 1097728K
  class space    used 6816K, committed 7104K, reserved 1048576K
}
Event: 20.304 GC heap after
{Heap after GC invocations=26 (full 0):
 garbage-first heap   total 119808K, used 70501K [0x0000000080000000, 0x0000000100000000)
  region size 1024K, 2 young (2048K), 2 survivors (2048K)
 Metaspace       used 51566K, committed 52160K, reserved 1097728K
  class space    used 6816K, committed 7104K, reserved 1048576K
}

Dll operation events (2 events):
Event: 0.585 Loaded shared library C:\Program Files\Android\Android Studio\jbr\bin\java.dll
Event: 2.325 Loaded shared library C:\Program Files\Android\Android Studio\jbr\bin\verify.dll

Deoptimization events (20 events):
Event: 18.913 Thread 0x00000130a6d5aa20 DEOPT PACKING pc=0x00000130957fa2b0 sp=0x0000000afa9f8970
Event: 18.913 Thread 0x00000130a6d5aa20 DEOPT UNPACKING pc=0x00000130950769a3 sp=0x0000000afa9f8978 mode 2
Event: 19.193 Thread 0x00000130a6d5aa20 Uncommon trap: trap_request=0xffffff76 fr.pc=0x0000013095852c50 relative=0x0000000000000190
Event: 19.193 Thread 0x00000130a6d5aa20 Uncommon trap: reason=predicate action=maybe_recompile pc=0x0000013095852c50 method=java.util.Arrays.binarySearch0([Ljava/lang/Object;IILjava/lang/Object;Ljava/util/Comparator;)I @ 25 c2
Event: 19.193 Thread 0x00000130a6d5aa20 DEOPT PACKING pc=0x0000013095852c50 sp=0x0000000afa9f7270
Event: 19.193 Thread 0x00000130a6d5aa20 DEOPT UNPACKING pc=0x00000130950769a3 sp=0x0000000afa9f7168 mode 2
Event: 19.193 Thread 0x00000130a6d5aa20 Uncommon trap: trap_request=0xffffff76 fr.pc=0x0000013095850ecc relative=0x000000000000018c
Event: 19.193 Thread 0x00000130a6d5aa20 Uncommon trap: reason=predicate action=maybe_recompile pc=0x0000013095850ecc method=java.util.Arrays.binarySearch0([Ljava/lang/Object;IILjava/lang/Object;Ljava/util/Comparator;)I @ 25 c2
Event: 19.193 Thread 0x00000130a6d5aa20 DEOPT PACKING pc=0x0000013095850ecc sp=0x0000000afa9f71d0
Event: 19.193 Thread 0x00000130a6d5aa20 DEOPT UNPACKING pc=0x00000130950769a3 sp=0x0000000afa9f7160 mode 2
Event: 19.494 Thread 0x00000130a6d5aa20 Uncommon trap: trap_request=0xffffff45 fr.pc=0x00000130956bb3dc relative=0x000000000000657c
Event: 19.494 Thread 0x00000130a6d5aa20 Uncommon trap: reason=unstable_if action=reinterpret pc=0x00000130956bb3dc method=jdk.internal.org.objectweb.asm.SymbolTable.addType(Ljava/lang/String;)I @ 33 c2
Event: 19.494 Thread 0x00000130a6d5aa20 DEOPT PACKING pc=0x00000130956bb3dc sp=0x0000000afa9f7ce0
Event: 19.495 Thread 0x00000130a6d5aa20 DEOPT UNPACKING pc=0x00000130950769a3 sp=0x0000000afa9f7c08 mode 2
Event: 19.724 Thread 0x00000130a6d5aa20 DEOPT PACKING pc=0x000001308e2a3224 sp=0x0000000afa9f9e90
Event: 19.724 Thread 0x00000130a6d5aa20 DEOPT UNPACKING pc=0x0000013095077143 sp=0x0000000afa9f93e8 mode 0
Event: 19.994 Thread 0x00000130a6d5aa20 Uncommon trap: trap_request=0xffffff76 fr.pc=0x000001309587c4c0 relative=0x00000000000001a0
Event: 19.994 Thread 0x00000130a6d5aa20 Uncommon trap: reason=predicate action=maybe_recompile pc=0x000001309587c4c0 method=java.util.LinkedHashMap.keysToArray([Ljava/lang/Object;)[Ljava/lang/Object; @ 12 c2
Event: 19.994 Thread 0x00000130a6d5aa20 DEOPT PACKING pc=0x000001309587c4c0 sp=0x0000000afa9f6120
Event: 19.994 Thread 0x00000130a6d5aa20 DEOPT UNPACKING pc=0x00000130950769a3 sp=0x0000000afa9f60d8 mode 2

Classes unloaded (0 events):
No events

Classes redefined (0 events):
No events

Internal exceptions (20 events):
Event: 19.683 Thread 0x00000130a6d5aa20 Exception <a 'java/lang/NoSuchMethodError'{0x00000000867999f0}: 'java.lang.Object java.lang.invoke.DirectMethodHandle$Holder.invokeStatic(java.lang.Object, java.lang.Object, java.lang.Object, java.lang.Object, java.lang.Object, java.lang.Object, java.lang.Object, java.lang.Object, java.lang.Object, java.lang.Object, java.lang.Object, java.lang.Object, java.lang.Object, java.lang.Object, java.lang.Object, java.lang.Object, java.lang.Object, java.lang.Object)'> (0x00000000867999f0) 
thrown [s\src\hotspot\sha
Event: 19.688 Thread 0x00000130a6d5aa20 Exception <a 'java/lang/NoSuchMethodError'{0x00000000867c2070}: 'java.lang.Object java.lang.invoke.DirectMethodHandle$Holder.invokeStatic(java.lang.Object, java.lang.Object, java.lang.Object, java.lang.Object, java.lang.Object, java.lang.Object, java.lang.Object, java.lang.Object, java.lang.Object, java.lang.Object, java.lang.Object, java.lang.Object, java.lang.Object, java.lang.Object, java.lang.Object, java.lang.Object, java.lang.Object, java.lang.Object, java.lang.Object)'> (0x00000000867c2070) 
thrown 
Event: 19.692 Thread 0x00000130a6d5aa20 Exception <a 'java/lang/NoSuchMethodError'{0x00000000867ebc18}: 'java.lang.Object java.lang.invoke.DirectMethodHandle$Holder.invokeStatic(java.lang.Object, java.lang.Object, java.lang.Object, java.lang.Object, java.lang.Object, java.lang.Object, java.lang.Object, java.lang.Object, java.lang.Object, java.lang.Object, java.lang.Object, java.lang.Object, java.lang.Object, java.lang.Object, java.lang.Object, java.lang.Object, java.lang.Object, java.lang.Object, java.lang.Object, java.lang.Object)'> (0x00000000
Event: 19.699 Thread 0x00000130a6d5aa20 Exception <a 'java/lang/NoSuchMethodError'{0x0000000086616a10}: 'java.lang.Object java.lang.invoke.DirectMethodHandle$Holder.invokeStatic(java.lang.Object, java.lang.Object, java.lang.Object, java.lang.Object, java.lang.Object, java.lang.Object, java.lang.Object, java.lang.Object, java.lang.Object, java.lang.Object, java.lang.Object, java.lang.Object, java.lang.Object, java.lang.Object, java.lang.Object, java.lang.Object, java.lang.Object, java.lang.Object, java.lang.Object, java.lang.Object, java.lang.Obj
Event: 19.704 Thread 0x00000130a6d5aa20 Exception <a 'java/lang/NoSuchMethodError'{0x0000000086641d18}: 'java.lang.Object java.lang.invoke.DirectMethodHandle$Holder.invokeStatic(java.lang.Object, java.lang.Object, java.lang.Object, java.lang.Object, java.lang.Object, java.lang.Object, java.lang.Object, java.lang.Object, java.lang.Object, java.lang.Object, java.lang.Object, java.lang.Object, java.lang.Object, java.lang.Object, java.lang.Object, java.lang.Object, java.lang.Object, java.lang.Object, java.lang.Object, java.lang.Object, java.lang.Obj
Event: 19.709 Thread 0x00000130a6d5aa20 Exception <a 'java/lang/NoSuchMethodError'{0x000000008666ede0}: 'java.lang.Object java.lang.invoke.DirectMethodHandle$Holder.invokeStatic(java.lang.Object, java.lang.Object, java.lang.Object, java.lang.Object, java.lang.Object, java.lang.Object, java.lang.Object, java.lang.Object, java.lang.Object, java.lang.Object, java.lang.Object, java.lang.Object, java.lang.Object, java.lang.Object, java.lang.Object, java.lang.Object, java.lang.Object, java.lang.Object, java.lang.Object, java.lang.Object, java.lang.Obj
Event: 19.715 Thread 0x00000130a6d5aa20 Exception <a 'java/lang/NoSuchMethodError'{0x000000008669d6b8}: 'java.lang.Object java.lang.invoke.DirectMethodHandle$Holder.invokeStatic(java.lang.Object, java.lang.Object, java.lang.Object, java.lang.Object, java.lang.Object, java.lang.Object, java.lang.Object, java.lang.Object, java.lang.Object, java.lang.Object, java.lang.Object, java.lang.Object, java.lang.Object, java.lang.Object, java.lang.Object, java.lang.Object, java.lang.Object, java.lang.Object, java.lang.Object, java.lang.Object, java.lang.Obj
Event: 19.862 Thread 0x00000130a6d5aa20 Exception <a 'java/lang/IncompatibleClassChangeError'{0x0000000086dfe780}: Found class java.lang.Object, but interface was expected> (0x0000000086dfe780) 
thrown [s\src\hotspot\share\interpreter\linkResolver.cpp, line 838]
Event: 19.959 Thread 0x00000130a6d5aa20 Exception <a 'java/lang/IncompatibleClassChangeError'{0x0000000086a798a0}: Found class java.lang.Object, but interface was expected> (0x0000000086a798a0) 
thrown [s\src\hotspot\share\interpreter\linkResolver.cpp, line 838]
Event: 19.993 Thread 0x00000130a6d5aa20 Exception <a 'java/lang/NoSuchMethodError'{0x00000000869dd580}: 'int java.lang.invoke.DirectMethodHandle$Holder.invokeStaticInit(java.lang.Object, java.lang.Object, java.lang.Object, java.lang.Object, java.lang.Object)'> (0x00000000869dd580) 
thrown [s\src\hotspot\share\interpreter\linkResolver.cpp, line 771]
Event: 20.138 Thread 0x00000130a6d5aa20 Exception <a 'java/lang/NoSuchMethodError'{0x000000008658d688}: 'java.lang.Object java.lang.invoke.DirectMethodHandle$Holder.invokeStaticInit(java.lang.Object, int)'> (0x000000008658d688) 
thrown [s\src\hotspot\share\interpreter\linkResolver.cpp, line 771]
Event: 20.178 Thread 0x00000130a6d5aa20 Exception <a 'java/lang/NoSuchMethodError'{0x00000000864b0590}: 'int java.lang.invoke.DelegatingMethodHandle$Holder.reinvoke_L(java.lang.Object, java.lang.Object, java.lang.Object, long, int, int)'> (0x00000000864b0590) 
thrown [s\src\hotspot\share\interpreter\linkResolver.cpp, line 771]
Event: 20.179 Thread 0x00000130a6d5aa20 Exception <a 'java/lang/NoSuchMethodError'{0x00000000864c03b0}: 'int java.lang.invoke.DelegatingMethodHandle$Holder.reinvoke_L(java.lang.Object, java.lang.Object, java.lang.Object, long, long, long)'> (0x00000000864c03b0) 
thrown [s\src\hotspot\share\interpreter\linkResolver.cpp, line 771]
Event: 20.181 Thread 0x00000130a6d5aa20 Exception <a 'java/lang/NoSuchMethodError'{0x00000000864d0288}: 'int java.lang.invoke.DelegatingMethodHandle$Holder.reinvoke_L(java.lang.Object, java.lang.Object, java.lang.Object, long, java.lang.Object, java.lang.Object)'> (0x00000000864d0288) 
thrown [s\src\hotspot\share\interpreter\linkResolver.cpp, line 771]
Event: 20.184 Thread 0x00000130a6d5aa20 Exception <a 'java/lang/NoSuchMethodError'{0x00000000864dffa8}: 'void java.lang.invoke.DelegatingMethodHandle$Holder.reinvoke_L(java.lang.Object, java.lang.Object, java.lang.Object, long, java.lang.Object)'> (0x00000000864dffa8) 
thrown [s\src\hotspot\share\interpreter\linkResolver.cpp, line 771]
Event: 20.185 Thread 0x00000130a6d5aa20 Exception <a 'java/lang/NoSuchMethodError'{0x00000000864e8630}: 'java.lang.Object java.lang.invoke.DirectMethodHandle$Holder.invokeSpecial(java.lang.Object, java.lang.Object, java.lang.Object, java.lang.Object, long)'> (0x00000000864e8630) 
thrown [s\src\hotspot\share\interpreter\linkResolver.cpp, line 771]
Event: 20.191 Thread 0x00000130a6d5aa20 Exception <a 'java/lang/NoSuchMethodError'{0x000000008630d650}: 'long java.lang.invoke.Invokers$Holder.invoke_MT(java.lang.Object, java.lang.Object, java.lang.Object, java.lang.Object)'> (0x000000008630d650) 
thrown [s\src\hotspot\share\interpreter\linkResolver.cpp, line 771]
Event: 20.193 Thread 0x00000130a6d5aa20 Exception <a 'java/lang/NoSuchMethodError'{0x0000000086316750}: 'int java.lang.invoke.Invokers$Holder.invoke_MT(java.lang.Object, java.lang.Object, java.lang.Object, java.lang.Object)'> (0x0000000086316750) 
thrown [s\src\hotspot\share\interpreter\linkResolver.cpp, line 771]
Event: 20.197 Thread 0x00000130a6d5aa20 Exception <a 'java/lang/NoSuchMethodError'{0x0000000086327798}: 'int java.lang.invoke.DelegatingMethodHandle$Holder.reinvoke_L(java.lang.Object, java.lang.Object, java.lang.Object, long, int)'> (0x0000000086327798) 
thrown [s\src\hotspot\share\interpreter\linkResolver.cpp, line 771]
Event: 20.201 Thread 0x00000130a6d5aa20 Exception <a 'java/lang/NoSuchMethodError'{0x000000008633abb8}: 'java.lang.Object java.lang.invoke.Invokers$Holder.invokeExact_MT(java.lang.Object, java.lang.Object, long, java.lang.Object)'> (0x000000008633abb8) 
thrown [s\src\hotspot\share\interpreter\linkResolver.cpp, line 771]

VM Operations (20 events):
Event: 19.102 Executing VM operation: G1TryInitiateConcMark
Event: 19.109 Executing VM operation: G1TryInitiateConcMark done
Event: 19.197 Executing VM operation: G1Concurrent
Event: 19.202 Executing VM operation: G1Concurrent done
Event: 19.245 Executing VM operation: G1Concurrent
Event: 19.246 Executing VM operation: G1Concurrent done
Event: 19.768 Executing VM operation: G1CollectForAllocation
Event: 19.779 Executing VM operation: G1CollectForAllocation done
Event: 19.866 Executing VM operation: HandshakeAllThreads
Event: 19.866 Executing VM operation: HandshakeAllThreads done
Event: 20.032 Executing VM operation: HandshakeAllThreads
Event: 20.032 Executing VM operation: HandshakeAllThreads done
Event: 20.130 Executing VM operation: HandshakeAllThreads
Event: 20.130 Executing VM operation: HandshakeAllThreads done
Event: 20.298 Executing VM operation: G1CollectForAllocation
Event: 20.304 Executing VM operation: G1CollectForAllocation done
Event: 20.309 Executing VM operation: HandshakeAllThreads
Event: 20.309 Executing VM operation: HandshakeAllThreads done
Event: 20.313 Executing VM operation: HandshakeAllThreads
Event: 20.314 Executing VM operation: HandshakeAllThreads done

Events (20 events):
Event: 19.936 loading class java/util/stream/ReduceOps$5ReducingSink
Event: 19.936 loading class java/util/stream/ReduceOps$5ReducingSink done
Event: 19.936 loading class java/util/stream/ReferencePipeline$4$1
Event: 19.937 loading class java/util/stream/ReferencePipeline$4$1 done
Event: 20.020 loading class java/util/HashMap$EntrySpliterator
Event: 20.021 loading class java/util/HashMap$EntrySpliterator done
Event: 20.029 loading class java/util/stream/SortedOps
Event: 20.030 loading class java/util/stream/SortedOps done
Event: 20.030 loading class java/util/stream/SortedOps$OfRef
Event: 20.031 loading class java/util/stream/ReferencePipeline$StatefulOp
Event: 20.031 loading class java/util/stream/ReferencePipeline$StatefulOp done
Event: 20.031 loading class java/util/stream/SortedOps$OfRef done
Event: 20.033 loading class java/util/stream/SortedOps$SizedRefSortingSink
Event: 20.033 loading class java/util/stream/SortedOps$AbstractRefSortingSink
Event: 20.033 loading class java/util/stream/SortedOps$AbstractRefSortingSink done
Event: 20.033 loading class java/util/stream/SortedOps$SizedRefSortingSink done
Event: 20.034 loading class java/util/LinkedList$LLSpliterator
Event: 20.034 loading class java/util/LinkedList$LLSpliterator done
Event: 20.130 loading class java/util/EmptyStackException
Event: 20.130 loading class java/util/EmptyStackException done


Dynamic libraries:
0x00007ff7b2af0000 - 0x00007ff7b2afa000 	C:\Program Files\Android\Android Studio\jbr\bin\java.exe
0x00007ff987c70000 - 0x00007ff987e64000 	C:\Windows\SYSTEM32\ntdll.dll
0x00007ff986740000 - 0x00007ff9867fd000 	C:\Windows\System32\KERNEL32.DLL
0x00007ff9853c0000 - 0x00007ff985687000 	C:\Windows\System32\KERNELBASE.dll
0x00007ff985730000 - 0x00007ff985830000 	C:\Windows\System32\ucrtbase.dll
0x00007ff97ff80000 - 0x00007ff97ff97000 	C:\Program Files\Android\Android Studio\jbr\bin\jli.dll
0x00007ff9878d0000 - 0x00007ff987a70000 	C:\Windows\System32\USER32.dll
0x00007ff985c60000 - 0x00007ff985c82000 	C:\Windows\System32\win32u.dll
0x00007ff987a70000 - 0x00007ff987a9a000 	C:\Windows\System32\GDI32.dll
0x00007ff985ad0000 - 0x00007ff985bd9000 	C:\Windows\System32\gdi32full.dll
0x00007ff985690000 - 0x00007ff98572d000 	C:\Windows\System32\msvcp_win.dll
0x00007ff97fee0000 - 0x00007ff97fefb000 	C:\Program Files\Android\Android Studio\jbr\bin\VCRUNTIME140.dll
0x00007ff975210000 - 0x00007ff9754aa000 	C:\Windows\WinSxS\amd64_microsoft.windows.common-controls_6595b64144ccf1df_6.0.19041.1_none_b555e41d4684ddec\COMCTL32.dll
0x00007ff986210000 - 0x00007ff9862ae000 	C:\Windows\System32\msvcrt.dll
0x00007ff9861e0000 - 0x00007ff986210000 	C:\Windows\System32\IMM32.DLL
0x00007ff97d380000 - 0x00007ff97d38c000 	C:\Program Files\Android\Android Studio\jbr\bin\vcruntime140_1.dll
0x00007ff94e4e0000 - 0x00007ff94e56d000 	C:\Program Files\Android\Android Studio\jbr\bin\msvcp140.dll
0x00007ff95a160000 - 0x00007ff95adce000 	C:\Program Files\Android\Android Studio\jbr\bin\server\jvm.dll
0x00007ff9862b0000 - 0x00007ff98635a000 	C:\Windows\System32\ADVAPI32.dll
0x00007ff986360000 - 0x00007ff9863fb000 	C:\Windows\System32\sechost.dll
0x00007ff986600000 - 0x00007ff986723000 	C:\Windows\System32\RPCRT4.dll
0x00007ff971430000 - 0x00007ff971439000 	C:\Windows\SYSTEM32\WSOCK32.dll
0x00007ff986940000 - 0x00007ff9869ab000 	C:\Windows\System32\WS2_32.dll
0x00007ff976c50000 - 0x00007ff976c77000 	C:\Windows\SYSTEM32\WINMM.dll
0x00007ff97a340000 - 0x00007ff97a34a000 	C:\Windows\SYSTEM32\VERSION.dll
0x00007ff983310000 - 0x00007ff983323000 	C:\Windows\SYSTEM32\kernel.appcore.dll
0x00007ff9812c0000 - 0x00007ff9812ca000 	C:\Program Files\Android\Android Studio\jbr\bin\jimage.dll
0x00007ff96f1e0000 - 0x00007ff96f3c4000 	C:\Windows\SYSTEM32\DBGHELP.DLL
0x00007ff96f170000 - 0x00007ff96f19c000 	C:\Windows\SYSTEM32\dbgcore.DLL
0x00007ff985be0000 - 0x00007ff985c5f000 	C:\Windows\System32\bcryptPrimitives.dll
0x00007ff981250000 - 0x00007ff981275000 	C:\Program Files\Android\Android Studio\jbr\bin\java.dll
0x00007ff9812a0000 - 0x00007ff9812b8000 	C:\Program Files\Android\Android Studio\jbr\bin\zip.dll
0x00007ff9869c0000 - 0x00007ff9870f1000 	C:\Windows\System32\SHELL32.dll
0x00007ff983510000 - 0x00007ff983c9a000 	C:\Windows\SYSTEM32\windows.storage.dll
0x00007ff987390000 - 0x00007ff9876e4000 	C:\Windows\System32\combase.dll
0x00007ff984d00000 - 0x00007ff984d2b000 	C:\Windows\SYSTEM32\Wldp.dll
0x00007ff9876f0000 - 0x00007ff98779e000 	C:\Windows\System32\SHCORE.dll
0x00007ff9868e0000 - 0x00007ff986935000 	C:\Windows\System32\shlwapi.dll
0x00007ff985300000 - 0x00007ff98531f000 	C:\Windows\SYSTEM32\profapi.dll
0x00007ff980610000 - 0x00007ff980629000 	C:\Program Files\Android\Android Studio\jbr\bin\net.dll
0x00007ff97d930000 - 0x00007ff97da30000 	C:\Windows\SYSTEM32\WINHTTP.dll
0x00007ff984af0000 - 0x00007ff984b5a000 	C:\Windows\system32\mswsock.dll
0x00007ff980360000 - 0x00007ff980376000 	C:\Program Files\Android\Android Studio\jbr\bin\nio.dll
0x00007ff980600000 - 0x00007ff980610000 	C:\Program Files\Android\Android Studio\jbr\bin\verify.dll
0x00007ff981210000 - 0x00007ff981237000 	D:\DOWNLOADS\JetPlayer\native\68d5fa5c4cc2d200863cafc0d521ce42e7d3e7ee720ec0a83991735586a16f82\windows-amd64\native-platform.dll
0x00007ff94b180000 - 0x00007ff94b2c4000 	D:\DOWNLOADS\JetPlayer\native\e376f236ea51e6404a007f0833ffe2c6e607c4080706a723a18a27aeea778392\windows-amd64\native-platform-file-events.dll
0x00007ff980350000 - 0x00007ff980359000 	C:\Program Files\Android\Android Studio\jbr\bin\management.dll
0x00007ff980210000 - 0x00007ff98021b000 	C:\Program Files\Android\Android Studio\jbr\bin\management_ext.dll
0x00007ff986730000 - 0x00007ff986738000 	C:\Windows\System32\PSAPI.DLL
0x00007ff9850a0000 - 0x00007ff9850b8000 	C:\Windows\SYSTEM32\CRYPTSP.dll
0x00007ff9844a0000 - 0x00007ff9844d4000 	C:\Windows\system32\rsaenh.dll
0x00007ff9859f0000 - 0x00007ff985a17000 	C:\Windows\System32\bcrypt.dll
0x00007ff985280000 - 0x00007ff9852ae000 	C:\Windows\SYSTEM32\USERENV.dll
0x00007ff984c70000 - 0x00007ff984c7c000 	C:\Windows\SYSTEM32\CRYPTBASE.dll
0x00007ff984800000 - 0x00007ff98483b000 	C:\Windows\SYSTEM32\IPHLPAPI.DLL
0x00007ff986400000 - 0x00007ff986409000 	C:\Windows\System32\NSI.dll
0x00007ff97f3a0000 - 0x00007ff97f3b7000 	C:\Windows\SYSTEM32\dhcpcsvc6.DLL
0x00007ff97f380000 - 0x00007ff97f39d000 	C:\Windows\SYSTEM32\dhcpcsvc.DLL
0x00007ff984840000 - 0x00007ff98490a000 	C:\Windows\SYSTEM32\DNSAPI.dll
0x00007ff980200000 - 0x00007ff980207000 	C:\Windows\system32\wshunix.dll

dbghelp: loaded successfully - version: 4.0.5 - missing functions: none
symbol engine: initialized successfully - sym options: 0x614 - pdb path: .;C:\Program Files\Android\Android Studio\jbr\bin;C:\Windows\SYSTEM32;C:\Windows\WinSxS\amd64_microsoft.windows.common-controls_6595b64144ccf1df_6.0.19041.1_none_b555e41d4684ddec;C:\Program Files\Android\Android Studio\jbr\bin\server;D:\DOWNLOADS\JetPlayer\native\68d5fa5c4cc2d200863cafc0d521ce42e7d3e7ee720ec0a83991735586a16f82\windows-amd64;D:\DOWNLOADS\JetPlayer\native\e376f236ea51e6404a007f0833ffe2c6e607c4080706a723a18a27aeea778392\windows-amd64

VM Arguments:
jvm_args: --add-opens=java.base/java.util=ALL-UNNAMED --add-opens=java.base/java.lang=ALL-UNNAMED --add-opens=java.base/java.lang.invoke=ALL-UNNAMED --add-opens=java.prefs/java.util.prefs=ALL-UNNAMED --add-opens=java.base/java.nio.charset=ALL-UNNAMED --add-opens=java.base/java.net=ALL-UNNAMED --add-opens=java.base/java.util.concurrent.atomic=ALL-UNNAMED -Xmx2048m -Dfile.encoding=UTF-8 -Duser.country=US -Duser.language=en -Duser.variant 
java_command: org.gradle.launcher.daemon.bootstrap.GradleDaemon 8.0
java_class_path (initial): D:\DOWNLOADS\JetPlayer\wrapper\dists\gradle-8.0-bin\ca5e32bp14vu59qr306oxotwh\gradle-8.0\lib\gradle-launcher-8.0.jar
Launcher Type: SUN_STANDARD

[Global flags]
     intx CICompilerCount                          = 3                                         {product} {ergonomic}
     uint ConcGCThreads                            = 1                                         {product} {ergonomic}
     uint G1ConcRefinementThreads                  = 4                                         {product} {ergonomic}
   size_t G1HeapRegionSize                         = 1048576                                   {product} {ergonomic}
    uintx GCDrainStackTargetSize                   = 64                                        {product} {ergonomic}
   size_t InitialHeapSize                          = 132120576                                 {product} {ergonomic}
   size_t MarkStackSize                            = 4194304                                   {product} {ergonomic}
   size_t MaxHeapSize                              = 2147483648                                {product} {command line}
   size_t MaxNewSize                               = 1287651328                                {product} {ergonomic}
   size_t MinHeapDeltaBytes                        = 1048576                                   {product} {ergonomic}
   size_t MinHeapSize                              = 8388608                                   {product} {ergonomic}
    uintx NonNMethodCodeHeapSize                   = 5832780                                {pd product} {ergonomic}
    uintx NonProfiledCodeHeapSize                  = 122912730                              {pd product} {ergonomic}
    uintx ProfiledCodeHeapSize                     = 122912730                              {pd product} {ergonomic}
    uintx ReservedCodeCacheSize                    = 251658240                              {pd product} {ergonomic}
     bool SegmentedCodeCache                       = true                                      {product} {ergonomic}
   size_t SoftMaxHeapSize                          = 2147483648                             {manageable} {ergonomic}
     bool UseCompressedClassPointers               = true                           {product lp64_product} {ergonomic}
     bool UseCompressedOops                        = true                           {product lp64_product} {ergonomic}
     bool UseG1GC                                  = true                                      {product} {ergonomic}
     bool UseLargePagesIndividualAllocation        = false                                  {pd product} {ergonomic}

Logging:
Log output configuration:
 #0: stdout all=warning uptime,level,tags
 #1: stderr all=off uptime,level,tags

Environment Variables:
JAVA_HOME=C:\Program Files\Zulu\zulu-17
PATH=C:\Program Files\Zulu\zulu-17\bin\;C:\Program Files\Common Files\Oracle\Java\javapath;C:\Program Files (x86)\Common Files\Oracle\Java\javapath;C:\Program Files\Zulu\zulu-8\bin\;C:\ProgramData\Oracle\Java\javapath;C:\Windows\system32;C:\Windows;C:\Windows\System32\Wbem;C:\Windows\System32\WindowsPowerShell\v1.0\;C:\Windows\System32\OpenSSH\;C:\Program Files (x86)\dotnet\;C:\Program Files\dotnet\;C:\Program Files (x86)\QuickTime\QTSystem\;D:\DOWNLOADS\gradle-8.3-all\gradle-8.3\bin;C:\Program Files\Git\cmd;C:\Program Files\Java\jdk-21\bin;C:\Users\ACER\AppData\Local\Microsoft\WindowsApps;C:\Users\ACER\AppData\Local\Programs\Microsoft VS Code\bin;C:\Program Files\Java\jdk-21\bin;
USERNAME=ACER
OS=Windows_NT
PROCESSOR_IDENTIFIER=Intel64 Family 6 Model 58 Stepping 9, GenuineIntel
TMP=C:\Users\ACER\AppData\Local\Temp
TEMP=C:\Users\ACER\AppData\Local\Temp


JNI global refs:
JNI global refs: 23, weak refs: 0

JNI global refs memory usage: 843, weak refs: 209


---------------  S Y S T E M  ---------------

OS:
 Windows 10 , 64 bit Build 19041 (10.0.19041.207)
OS uptime: 0 days 17:30 hours
Hyper-V role detected

CPU: total 4 (initial active 4) (2 cores per cpu, 2 threads per core) family 6 model 58 stepping 9 microcode 0x21, cx8, cmov, fxsr, ht, mmx, sse, sse2, sse3, ssse3, sse4.1, sse4.2, popcnt, tsc, tscinvbit, avx, aes, erms, clmul, vzeroupper, clflush, hv

Memory: 4k page, system-wide physical 8030M (1239M free)
TotalPageFile size 10078M (AvailPageFile size 5M)
current process WorkingSet (physical memory assigned to process): 287M, peak: 288M
current process commit charge ("private bytes"): 316M, peak: 320M

vm_info: OpenJDK 64-Bit Server VM (17.0.6+0-b2043.56-10027231) for windows-amd64 JRE (17.0.6+0-b2043.56-10027231), built on Apr 28 2023 00:43:19 by "androidbuild" with MS VC++ 16.10 / 16.11 (VS2019)

END.
