#
# There is insufficient memory for the Java Runtime Environment to continue.
# Native memory allocation (malloc) failed to allocate 646576 bytes for Chunk::new
# Possible reasons:
#   The system is out of physical RAM or swap space
#   The process is running with CompressedOops enabled, and the Java Heap may be blocking the growth of the native heap
# Possible solutions:
#   Reduce memory load on the system
#   Increase physical memory or swap space
#   Check if swap backing store is full
#   Decrease Java heap size (-Xmx/-Xms)
#   Decrease number of Java threads
#   Decrease Java thread stack sizes (-Xss)
#   Set larger code cache with -XX:ReservedCodeCacheSize=
#   JVM is running with Unscaled Compressed Oops mode in which the Java heap is
#     placed in the first 4GB address space. The Java Heap base address is the
#     maximum limit for the native heap growth. Please use -XX:HeapBaseMinAddress
#     to set the Java Heap base and to place the Java Heap above 4GB virtual address.
# This output file may be truncated or incomplete.
#
#  Out of Memory Error (arena.cpp:189), pid=2496, tid=10192
#
# JRE version: OpenJDK Runtime Environment (17.0.6) (build 17.0.6+0-b2043.56-10027231)
# Java VM: OpenJDK 64-Bit Server VM (17.0.6+0-b2043.56-10027231, mixed mode, tiered, compressed oops, compressed class ptrs, g1 gc, windows-amd64)
# No core dump will be written. Minidumps are not enabled by default on client versions of Windows
#

---------------  S U M M A R Y ------------

Command Line: --add-opens=java.base/java.util=ALL-UNNAMED --add-opens=java.base/java.lang=ALL-UNNAMED --add-opens=java.base/java.lang.invoke=ALL-UNNAMED --add-opens=java.prefs/java.util.prefs=ALL-UNNAMED --add-opens=java.base/java.nio.charset=ALL-UNNAMED --add-opens=java.base/java.net=ALL-UNNAMED --add-opens=java.base/java.util.concurrent.atomic=ALL-UNNAMED -Xmx2048m -Dfile.encoding=UTF-8 -Duser.country=US -Duser.language=en -Duser.variant org.gradle.launcher.daemon.bootstrap.GradleDaemon 8.0

Host: Intel(R) Core(TM) i5-3210M CPU @ 2.50GHz, 4 cores, 7G,  Windows 10 , 64 bit Build 19041 (10.0.19041.207)
Time: Mon Jan 22 02:43:02 2024 SE Asia Standard Time elapsed time: 20.855861 seconds (0d 0h 0m 20s)

---------------  T H R E A D  ---------------

Current thread (0x0000028efbb78ad0):  JavaThread "C2 CompilerThread0" daemon [_thread_in_native, id=10192, stack(0x00000095b5000000,0x00000095b5100000)]


Current CompileTask:
C2:  20856 8677   !   4       java.net.URLClassLoader$1::run (81 bytes)

Stack: [0x00000095b5000000,0x00000095b5100000]
Native frames: (J=compiled Java code, j=interpreted, Vv=VM code, C=native code)
V  [jvm.dll+0x683c9a]
V  [jvm.dll+0x8427a4]
V  [jvm.dll+0x843f9e]
V  [jvm.dll+0x844603]
V  [jvm.dll+0x249b75]
V  [jvm.dll+0xabcac]
V  [jvm.dll+0xac27c]
V  [jvm.dll+0x2b0eef]
V  [jvm.dll+0x58a267]
V  [jvm.dll+0x2243b2]
V  [jvm.dll+0x21d8bf]
V  [jvm.dll+0x21b51b]
V  [jvm.dll+0x1a4fdd]
V  [jvm.dll+0x22b098]
V  [jvm.dll+0x229159]
V  [jvm.dll+0x7f81ec]
V  [jvm.dll+0x7f274a]
V  [jvm.dll+0x682ad5]
C  [ucrtbase.dll+0x21542]
C  [KERNEL32.DLL+0x16fd4]
C  [ntdll.dll+0x4cec1]


---------------  P R O C E S S  ---------------

Threads class SMR info:
_java_thread_list=0x0000028e84b81900, length=84, elements={
0x0000028ee25780e0, 0x0000028efbb4f6f0, 0x0000028efbb4ba40, 0x0000028efbb73480,
0x0000028efbb76d60, 0x0000028efbb77620, 0x0000028efbb77ee0, 0x0000028efbb78ad0,
0x0000028efbb793d0, 0x0000028efc516730, 0x0000028efc6b6010, 0x0000028efc6b8900,
0x0000028efdb40880, 0x0000028efdb433d0, 0x0000028efdb438a0, 0x0000028efdb416f0,
0x0000028efdb42a30, 0x0000028efdb42090, 0x0000028efdb3fee0, 0x0000028efdb42560,
0x0000028efdb40d50, 0x0000028efdb41220, 0x0000028efdb41bc0, 0x0000028efdb42f00,
0x0000028efdb403b0, 0x0000028effac5f10, 0x0000028effac3d60, 0x0000028effac03a0,
0x0000028effac0d40, 0x0000028effabf060, 0x0000028effac2a20, 0x0000028effac2080,
0x0000028effac4bd0, 0x0000028effac4700, 0x0000028effac4230, 0x0000028effabf530,
0x0000028effac0870, 0x0000028effac2550, 0x0000028effac63e0, 0x0000028effac2ef0,
0x0000028effac1210, 0x0000028effac68b0, 0x0000028effac33c0, 0x0000028effac16e0,
0x0000028effabfa00, 0x0000028effabfed0, 0x0000028effac1bb0, 0x0000028effac3890,
0x0000028eff1410c0, 0x0000028eff142400, 0x0000028eff146c30, 0x0000028eff142da0,
0x0000028eff141a60, 0x0000028eff145dc0, 0x0000028eff143270, 0x0000028eff146760,
0x0000028eff13fd80, 0x0000028eff143740, 0x0000028eff1428d0, 0x0000028eff143c10,
0x0000028eff147100, 0x0000028eff144a80, 0x0000028eff141590, 0x0000028eff1440e0,
0x0000028eff13f8b0, 0x0000028eff1445b0, 0x0000028eff141f30, 0x0000028eff145420,
0x0000028eff144f50, 0x0000028eff140250, 0x0000028eff1458f0, 0x0000028eff146290,
0x0000028eff140720, 0x0000028eff140bf0, 0x0000028e80c73b10, 0x0000028e80c75cc0,
0x0000028e80c71e30, 0x0000028e80c74e50, 0x0000028e80c76190, 0x0000028e80c71960,
0x0000028e80c779a0, 0x0000028e80c774d0, 0x0000028e80c72300, 0x0000028e825a8570
}

Java Threads: ( => current thread )
  0x0000028ee25780e0 JavaThread "main" [_thread_blocked, id=9496, stack(0x00000095b4200000,0x00000095b4300000)]
  0x0000028efbb4f6f0 JavaThread "Reference Handler" daemon [_thread_blocked, id=3084, stack(0x00000095b4900000,0x00000095b4a00000)]
  0x0000028efbb4ba40 JavaThread "Finalizer" daemon [_thread_blocked, id=2916, stack(0x00000095b4a00000,0x00000095b4b00000)]
  0x0000028efbb73480 JavaThread "Signal Dispatcher" daemon [_thread_blocked, id=8504, stack(0x00000095b4c00000,0x00000095b4d00000)]
  0x0000028efbb76d60 JavaThread "Attach Listener" daemon [_thread_blocked, id=1788, stack(0x00000095b4d00000,0x00000095b4e00000)]
  0x0000028efbb77620 JavaThread "Service Thread" daemon [_thread_blocked, id=5532, stack(0x00000095b4e00000,0x00000095b4f00000)]
  0x0000028efbb77ee0 JavaThread "Monitor Deflation Thread" daemon [_thread_blocked, id=10028, stack(0x00000095b4f00000,0x00000095b5000000)]
=>0x0000028efbb78ad0 JavaThread "C2 CompilerThread0" daemon [_thread_in_native, id=10192, stack(0x00000095b5000000,0x00000095b5100000)]
  0x0000028efbb793d0 JavaThread "C1 CompilerThread0" daemon [_thread_blocked, id=5360, stack(0x00000095b5100000,0x00000095b5200000)]
  0x0000028efc516730 JavaThread "Sweeper thread" daemon [_thread_blocked, id=8080, stack(0x00000095b5200000,0x00000095b5300000)]
  0x0000028efc6b6010 JavaThread "Common-Cleaner" daemon [_thread_blocked, id=2768, stack(0x00000095b5300000,0x00000095b5400000)]
  0x0000028efc6b8900 JavaThread "Notification Thread" daemon [_thread_blocked, id=3836, stack(0x00000095b5400000,0x00000095b5500000)]
  0x0000028efdb40880 JavaThread "Daemon health stats" [_thread_blocked, id=7596, stack(0x00000095b5a00000,0x00000095b5b00000)]
  0x0000028efdb433d0 JavaThread "Incoming local TCP Connector on port 60839" [_thread_in_native, id=5056, stack(0x00000095b5b00000,0x00000095b5c00000)]
  0x0000028efdb438a0 JavaThread "Daemon periodic checks" [_thread_blocked, id=6536, stack(0x00000095b5c00000,0x00000095b5d00000)]
  0x0000028efdb416f0 JavaThread "Daemon" [_thread_blocked, id=7644, stack(0x00000095b5d00000,0x00000095b5e00000)]
  0x0000028efdb42a30 JavaThread "Handler for socket connection from /127.0.0.1:60839 to /127.0.0.1:60840" [_thread_in_native, id=7576, stack(0x00000095b5e00000,0x00000095b5f00000)]
  0x0000028efdb42090 JavaThread "Cancel handler" [_thread_blocked, id=1084, stack(0x00000095b5f00000,0x00000095b6000000)]
  0x0000028efdb3fee0 JavaThread "Daemon worker" [_thread_in_vm, id=4516, stack(0x00000095b6000000,0x00000095b6100000)]
  0x0000028efdb42560 JavaThread "Asynchronous log dispatcher for DefaultDaemonConnection: socket connection from /127.0.0.1:60839 to /127.0.0.1:60840" [_thread_blocked, id=4716, stack(0x00000095b6100000,0x00000095b6200000)]
  0x0000028efdb40d50 JavaThread "Stdin handler" [_thread_blocked, id=9336, stack(0x00000095b6200000,0x00000095b6300000)]
  0x0000028efdb41220 JavaThread "Daemon client event forwarder" [_thread_blocked, id=9576, stack(0x00000095b6300000,0x00000095b6400000)]
  0x0000028efdb41bc0 JavaThread "Cache worker for journal cache (D:\DOWNLOADS\JetPlayer\caches\journal-1)" [_thread_blocked, id=3128, stack(0x00000095b5600000,0x00000095b5700000)]
  0x0000028efdb42f00 JavaThread "File lock request listener" [_thread_in_native, id=8236, stack(0x00000095b6400000,0x00000095b6500000)]
  0x0000028efdb403b0 JavaThread "Cache worker for file hash cache (D:\DOWNLOADS\JetPlayer\caches\8.0\fileHashes)" [_thread_blocked, id=9172, stack(0x00000095b6500000,0x00000095b6600000)]
  0x0000028effac5f10 JavaThread "File watcher server" daemon [_thread_in_native, id=1504, stack(0x00000095b6700000,0x00000095b6800000)]
  0x0000028effac3d60 JavaThread "File watcher consumer" daemon [_thread_blocked, id=7788, stack(0x00000095b6800000,0x00000095b6900000)]
  0x0000028effac03a0 JavaThread "jar transforms" [_thread_blocked, id=2872, stack(0x00000095b6900000,0x00000095b6a00000)]
  0x0000028effac0d40 JavaThread "jar transforms Thread 2" [_thread_blocked, id=4884, stack(0x00000095b6a00000,0x00000095b6b00000)]
  0x0000028effabf060 JavaThread "jar transforms Thread 3" [_thread_blocked, id=2440, stack(0x00000095b6b00000,0x00000095b6c00000)]
  0x0000028effac2a20 JavaThread "jar transforms Thread 4" [_thread_blocked, id=3484, stack(0x00000095b6c00000,0x00000095b6d00000)]
  0x0000028effac2080 JavaThread "Cache worker for checksums cache (C:\Users\ACER\AndroidStudioProjects\ShoesCare\.gradle\8.0\checksums)" [_thread_blocked, id=1972, stack(0x00000095b6d00000,0x00000095b6e00000)]
  0x0000028effac4bd0 JavaThread "Cache worker for cache directory md-rule (D:\DOWNLOADS\JetPlayer\caches\8.0\md-rule)" [_thread_blocked, id=2000, stack(0x00000095b6e00000,0x00000095b6f00000)]
  0x0000028effac4700 JavaThread "Cache worker for file content cache (D:\DOWNLOADS\JetPlayer\caches\8.0\fileContent)" [_thread_blocked, id=9608, stack(0x00000095b6f00000,0x00000095b7000000)]
  0x0000028effac4230 JavaThread "Cache worker for file hash cache (C:\Users\ACER\AndroidStudioProjects\ShoesCare\.gradle\8.0\fileHashes)" [_thread_blocked, id=6768, stack(0x00000095b7000000,0x00000095b7100000)]
  0x0000028effabf530 JavaThread "Cache worker for cache directory md-supplier (D:\DOWNLOADS\JetPlayer\caches\8.0\md-supplier)" [_thread_blocked, id=1392, stack(0x00000095b7100000,0x00000095b7200000)]
  0x0000028effac0870 JavaThread "Cache worker for execution history cache (D:\DOWNLOADS\JetPlayer\caches\8.0\executionHistory)" [_thread_blocked, id=2556, stack(0x00000095b7200000,0x00000095b7300000)]
  0x0000028effac2550 JavaThread "Cache worker for kotlin-dsl (D:\DOWNLOADS\JetPlayer\caches\8.0\kotlin-dsl)" [_thread_blocked, id=2544, stack(0x00000095b7300000,0x00000095b7400000)]
  0x0000028effac63e0 JavaThread "Cache worker for dependencies-accessors (C:\Users\ACER\AndroidStudioProjects\ShoesCare\.gradle\8.0\dependencies-accessors)" [_thread_blocked, id=608, stack(0x00000095b7400000,0x00000095b7500000)]
  0x0000028effac2ef0 JavaThread "Cache worker for Build Output Cleanup Cache (C:\Users\ACER\AndroidStudioProjects\ShoesCare\.gradle\buildOutputCleanup)" [_thread_blocked, id=5344, stack(0x00000095b7500000,0x00000095b7600000)]
  0x0000028effac1210 JavaThread "Unconstrained build operations" [_thread_blocked, id=9580, stack(0x00000095b7600000,0x00000095b7700000)]
  0x0000028effac68b0 JavaThread "Unconstrained build operations Thread 2" [_thread_blocked, id=5744, stack(0x00000095b7700000,0x00000095b7800000)]
  0x0000028effac33c0 JavaThread "Unconstrained build operations Thread 3" [_thread_blocked, id=6816, stack(0x00000095b7800000,0x00000095b7900000)]
  0x0000028effac16e0 JavaThread "Unconstrained build operations Thread 4" [_thread_blocked, id=7076, stack(0x00000095b7900000,0x00000095b7a00000)]
  0x0000028effabfa00 JavaThread "Unconstrained build operations Thread 5" [_thread_blocked, id=1740, stack(0x00000095b7a00000,0x00000095b7b00000)]
  0x0000028effabfed0 JavaThread "Unconstrained build operations Thread 6" [_thread_blocked, id=9948, stack(0x00000095b7b00000,0x00000095b7c00000)]
  0x0000028effac1bb0 JavaThread "Unconstrained build operations Thread 7" [_thread_blocked, id=6984, stack(0x00000095b7c00000,0x00000095b7d00000)]
  0x0000028effac3890 JavaThread "Unconstrained build operations Thread 8" [_thread_blocked, id=6908, stack(0x00000095b7d00000,0x00000095b7e00000)]
  0x0000028eff1410c0 JavaThread "Unconstrained build operations Thread 9" [_thread_blocked, id=5476, stack(0x00000095b7e00000,0x00000095b7f00000)]
  0x0000028eff142400 JavaThread "Unconstrained build operations Thread 10" [_thread_blocked, id=6976, stack(0x00000095b7f00000,0x00000095b8000000)]
  0x0000028eff146c30 JavaThread "Unconstrained build operations Thread 11" [_thread_blocked, id=1100, stack(0x00000095b8000000,0x00000095b8100000)]
  0x0000028eff142da0 JavaThread "Unconstrained build operations Thread 12" [_thread_blocked, id=9620, stack(0x00000095b8100000,0x00000095b8200000)]
  0x0000028eff141a60 JavaThread "Unconstrained build operations Thread 13" [_thread_blocked, id=7724, stack(0x00000095b8200000,0x00000095b8300000)]
  0x0000028eff145dc0 JavaThread "Unconstrained build operations Thread 14" [_thread_blocked, id=1936, stack(0x00000095b8300000,0x00000095b8400000)]
  0x0000028eff143270 JavaThread "Unconstrained build operations Thread 15" [_thread_blocked, id=9284, stack(0x00000095b8400000,0x00000095b8500000)]
  0x0000028eff146760 JavaThread "Unconstrained build operations Thread 16" [_thread_blocked, id=4260, stack(0x00000095b8500000,0x00000095b8600000)]
  0x0000028eff13fd80 JavaThread "Unconstrained build operations Thread 17" [_thread_blocked, id=10152, stack(0x00000095b8600000,0x00000095b8700000)]
  0x0000028eff143740 JavaThread "Unconstrained build operations Thread 18" [_thread_blocked, id=7024, stack(0x00000095b8700000,0x00000095b8800000)]
  0x0000028eff1428d0 JavaThread "Unconstrained build operations Thread 19" [_thread_blocked, id=4436, stack(0x00000095b8800000,0x00000095b8900000)]
  0x0000028eff143c10 JavaThread "Unconstrained build operations Thread 20" [_thread_blocked, id=6660, stack(0x00000095b8900000,0x00000095b8a00000)]
  0x0000028eff147100 JavaThread "Unconstrained build operations Thread 21" [_thread_blocked, id=2944, stack(0x00000095b8a00000,0x00000095b8b00000)]
  0x0000028eff144a80 JavaThread "Unconstrained build operations Thread 22" [_thread_blocked, id=5024, stack(0x00000095b8b00000,0x00000095b8c00000)]
  0x0000028eff141590 JavaThread "Unconstrained build operations Thread 23" [_thread_blocked, id=5084, stack(0x00000095b8c00000,0x00000095b8d00000)]
  0x0000028eff1440e0 JavaThread "Unconstrained build operations Thread 24" [_thread_blocked, id=968, stack(0x00000095b8d00000,0x00000095b8e00000)]
  0x0000028eff13f8b0 JavaThread "Unconstrained build operations Thread 25" [_thread_blocked, id=3212, stack(0x00000095b8e00000,0x00000095b8f00000)]
  0x0000028eff1445b0 JavaThread "Unconstrained build operations Thread 26" [_thread_blocked, id=4432, stack(0x00000095b8f00000,0x00000095b9000000)]
  0x0000028eff141f30 JavaThread "Unconstrained build operations Thread 27" [_thread_blocked, id=8852, stack(0x00000095b9000000,0x00000095b9100000)]
  0x0000028eff145420 JavaThread "Unconstrained build operations Thread 28" [_thread_blocked, id=6400, stack(0x00000095b9100000,0x00000095b9200000)]
  0x0000028eff144f50 JavaThread "Unconstrained build operations Thread 29" [_thread_blocked, id=9724, stack(0x00000095b9200000,0x00000095b9300000)]
  0x0000028eff140250 JavaThread "Unconstrained build operations Thread 30" [_thread_blocked, id=876, stack(0x00000095b9300000,0x00000095b9400000)]
  0x0000028eff1458f0 JavaThread "Unconstrained build operations Thread 31" [_thread_blocked, id=2200, stack(0x00000095b9400000,0x00000095b9500000)]
  0x0000028eff146290 JavaThread "Unconstrained build operations Thread 32" [_thread_blocked, id=5792, stack(0x00000095b9500000,0x00000095b9600000)]
  0x0000028eff140720 JavaThread "Unconstrained build operations Thread 33" [_thread_blocked, id=3824, stack(0x00000095b9600000,0x00000095b9700000)]
  0x0000028eff140bf0 JavaThread "Unconstrained build operations Thread 34" [_thread_blocked, id=3380, stack(0x00000095b9700000,0x00000095b9800000)]
  0x0000028e80c73b10 JavaThread "Unconstrained build operations Thread 35" [_thread_blocked, id=4628, stack(0x00000095b9800000,0x00000095b9900000)]
  0x0000028e80c75cc0 JavaThread "Unconstrained build operations Thread 36" [_thread_blocked, id=9512, stack(0x00000095b9900000,0x00000095b9a00000)]
  0x0000028e80c71e30 JavaThread "Unconstrained build operations Thread 37" [_thread_blocked, id=9704, stack(0x00000095b9a00000,0x00000095b9b00000)]
  0x0000028e80c74e50 JavaThread "Unconstrained build operations Thread 38" [_thread_blocked, id=3292, stack(0x00000095b9b00000,0x00000095b9c00000)]
  0x0000028e80c76190 JavaThread "Unconstrained build operations Thread 39" [_thread_blocked, id=3708, stack(0x00000095b9c00000,0x00000095b9d00000)]
  0x0000028e80c71960 JavaThread "Unconstrained build operations Thread 40" [_thread_blocked, id=6680, stack(0x00000095b9d00000,0x00000095b9e00000)]
  0x0000028e80c779a0 JavaThread "Memory manager" [_thread_blocked, id=4392, stack(0x00000095b9e00000,0x00000095b9f00000)]
  0x0000028e80c774d0 JavaThread "build event listener" [_thread_blocked, id=4648, stack(0x00000095b9f00000,0x00000095ba000000)]
  0x0000028e80c72300 JavaThread "build event listener" [_thread_blocked, id=2216, stack(0x00000095ba000000,0x00000095ba100000)]
  0x0000028e825a8570 JavaThread "C2 CompilerThread1" daemon [_thread_in_native, id=6928, stack(0x00000095b6600000,0x00000095b6700000)]

Other Threads:
  0x0000028efbb37f00 VMThread "VM Thread" [stack: 0x00000095b4800000,0x00000095b4900000] [id=8420]
  0x0000028efc6bade0 WatcherThread [stack: 0x00000095b5500000,0x00000095b5600000] [id=8196]
  0x0000028ee25d3610 GCTaskThread "GC Thread#0" [stack: 0x00000095b4300000,0x00000095b4400000] [id=9400]
  0x0000028efcd67950 GCTaskThread "GC Thread#1" [stack: 0x00000095b5700000,0x00000095b5800000] [id=5776]
  0x0000028efcd67c00 GCTaskThread "GC Thread#2" [stack: 0x00000095b5800000,0x00000095b5900000] [id=9424]
  0x0000028efd550f30 GCTaskThread "GC Thread#3" [stack: 0x00000095b5900000,0x00000095b5a00000] [id=4132]
  0x0000028ee25e4460 ConcurrentGCThread "G1 Main Marker" [stack: 0x00000095b4400000,0x00000095b4500000] [id=1712]
  0x0000028ee25e4d80 ConcurrentGCThread "G1 Conc#0" [stack: 0x00000095b4500000,0x00000095b4600000] [id=9444]
  0x0000028efb990090 ConcurrentGCThread "G1 Refine#0" [stack: 0x00000095b4600000,0x00000095b4700000] [id=9984]
  0x0000028efb9919d0 ConcurrentGCThread "G1 Service" [stack: 0x00000095b4700000,0x00000095b4800000] [id=4456]

Threads with active compile tasks:
C2 CompilerThread0    20899 8677   !   4       java.net.URLClassLoader$1::run (81 bytes)
C2 CompilerThread1    20899 8676       4       java.net.URLClassLoader$1::run (5 bytes)

VM state: not at safepoint (normal execution)

VM Mutex/Monitor currently owned by a thread: None

Heap address: 0x0000000080000000, size: 2048 MB, Compressed Oops mode: 32-bit

CDS archive(s) not mapped
Compressed class space mapped at: 0x0000000100000000-0x0000000140000000, reserved size: 1073741824
Narrow klass base: 0x0000000000000000, Narrow klass shift: 3, Narrow klass range: 0x140000000

GC Precious Log:
 CPUs: 4 total, 4 available
 Memory: 8030M
 Large Page Support: Disabled
 NUMA Support: Disabled
 Compressed Oops: Enabled (32-bit)
 Heap Region Size: 1M
 Heap Min Capacity: 8M
 Heap Initial Capacity: 126M
 Heap Max Capacity: 2G
 Pre-touch: Disabled
 Parallel Workers: 4
 Concurrent Workers: 1
 Concurrent Refinement Workers: 4
 Periodic GC: Disabled

Heap:
 garbage-first heap   total 335872K, used 240586K [0x0000000080000000, 0x0000000100000000)
  region size 1024K, 121 young (123904K), 2 survivors (2048K)
 Metaspace       used 96170K, committed 96896K, reserved 1138688K
  class space    used 13165K, committed 13504K, reserved 1048576K

Heap Regions: E=young(eden), S=young(survivor), O=old, HS=humongous(starts), HC=humongous(continues), CS=collection set, F=free, OA=open archive, CA=closed archive, TAMS=top-at-mark-start (previous, next)
|   0|0x0000000080000000, 0x0000000080100000, 0x0000000080100000|100%| O|  |TAMS 0x0000000080100000, 0x0000000080000000| Untracked 
|   1|0x0000000080100000, 0x0000000080200000, 0x0000000080200000|100%| O|  |TAMS 0x0000000080200000, 0x0000000080100000| Untracked 
|   2|0x0000000080200000, 0x0000000080300000, 0x0000000080300000|100%|HS|  |TAMS 0x0000000080300000, 0x0000000080200000| Complete 
|   3|0x0000000080300000, 0x0000000080400000, 0x0000000080400000|100%|HC|  |TAMS 0x0000000080400000, 0x0000000080300000| Complete 
|   4|0x0000000080400000, 0x0000000080500000, 0x0000000080500000|100%|HC|  |TAMS 0x0000000080500000, 0x0000000080400000| Complete 
|   5|0x0000000080500000, 0x0000000080600000, 0x0000000080600000|100%|HC|  |TAMS 0x0000000080600000, 0x0000000080500000| Complete 
|   6|0x0000000080600000, 0x0000000080700000, 0x0000000080700000|100%| O|  |TAMS 0x0000000080700000, 0x0000000080600000| Untracked 
|   7|0x0000000080700000, 0x0000000080800000, 0x0000000080800000|100%| O|  |TAMS 0x0000000080800000, 0x0000000080700000| Untracked 
|   8|0x0000000080800000, 0x0000000080900000, 0x0000000080900000|100%| O|  |TAMS 0x0000000080900000, 0x0000000080800000| Untracked 
|   9|0x0000000080900000, 0x0000000080a00000, 0x0000000080a00000|100%| O|  |TAMS 0x0000000080a00000, 0x0000000080900000| Untracked 
|  10|0x0000000080a00000, 0x0000000080b00000, 0x0000000080b00000|100%| O|  |TAMS 0x0000000080b00000, 0x0000000080a00000| Untracked 
|  11|0x0000000080b00000, 0x0000000080c00000, 0x0000000080c00000|100%| O|  |TAMS 0x0000000080c00000, 0x0000000080b00000| Untracked 
|  12|0x0000000080c00000, 0x0000000080d00000, 0x0000000080d00000|100%| O|  |TAMS 0x0000000080d00000, 0x0000000080c00000| Untracked 
|  13|0x0000000080d00000, 0x0000000080e00000, 0x0000000080e00000|100%| O|  |TAMS 0x0000000080e00000, 0x0000000080d00000| Untracked 
|  14|0x0000000080e00000, 0x0000000080f00000, 0x0000000080f00000|100%| O|  |TAMS 0x0000000080f00000, 0x0000000080e00000| Untracked 
|  15|0x0000000080f00000, 0x0000000081000000, 0x0000000081000000|100%| O|  |TAMS 0x0000000081000000, 0x0000000080f00000| Untracked 
|  16|0x0000000081000000, 0x0000000081100000, 0x0000000081100000|100%| O|  |TAMS 0x0000000081100000, 0x0000000081000000| Untracked 
|  17|0x0000000081100000, 0x0000000081200000, 0x0000000081200000|100%| O|  |TAMS 0x0000000081200000, 0x0000000081100000| Untracked 
|  18|0x0000000081200000, 0x0000000081300000, 0x0000000081300000|100%| O|  |TAMS 0x0000000081300000, 0x0000000081200000| Untracked 
|  19|0x0000000081300000, 0x0000000081400000, 0x0000000081400000|100%|HS|  |TAMS 0x0000000081400000, 0x0000000081300000| Complete 
|  20|0x0000000081400000, 0x0000000081500000, 0x0000000081500000|100%|HC|  |TAMS 0x0000000081500000, 0x0000000081400000| Complete 
|  21|0x0000000081500000, 0x0000000081600000, 0x0000000081600000|100%|HS|  |TAMS 0x0000000081600000, 0x0000000081500000| Complete 
|  22|0x0000000081600000, 0x0000000081700000, 0x0000000081700000|100%|HC|  |TAMS 0x0000000081700000, 0x0000000081600000| Complete 
|  23|0x0000000081700000, 0x0000000081800000, 0x0000000081800000|100%|HC|  |TAMS 0x0000000081800000, 0x0000000081700000| Complete 
|  24|0x0000000081800000, 0x0000000081900000, 0x0000000081900000|100%| O|  |TAMS 0x0000000081900000, 0x0000000081800000| Untracked 
|  25|0x0000000081900000, 0x0000000081a00000, 0x0000000081a00000|100%| O|  |TAMS 0x0000000081a00000, 0x0000000081900000| Untracked 
|  26|0x0000000081a00000, 0x0000000081b00000, 0x0000000081b00000|100%| O|  |TAMS 0x0000000081b00000, 0x0000000081a00000| Untracked 
|  27|0x0000000081b00000, 0x0000000081c00000, 0x0000000081c00000|100%|HS|  |TAMS 0x0000000081c00000, 0x0000000081b00000| Complete 
|  28|0x0000000081c00000, 0x0000000081d00000, 0x0000000081d00000|100%|HC|  |TAMS 0x0000000081d00000, 0x0000000081c00000| Complete 
|  29|0x0000000081d00000, 0x0000000081e00000, 0x0000000081e00000|100%|HC|  |TAMS 0x0000000081e00000, 0x0000000081d00000| Complete 
|  30|0x0000000081e00000, 0x0000000081f00000, 0x0000000081f00000|100%| O|  |TAMS 0x0000000081f00000, 0x0000000081e00000| Untracked 
|  31|0x0000000081f00000, 0x0000000082000000, 0x0000000082000000|100%| O|  |TAMS 0x0000000082000000, 0x0000000081f00000| Untracked 
|  32|0x0000000082000000, 0x0000000082100000, 0x0000000082100000|100%| O|  |TAMS 0x0000000082100000, 0x0000000082000000| Untracked 
|  33|0x0000000082100000, 0x0000000082200000, 0x0000000082200000|100%|HS|  |TAMS 0x0000000082200000, 0x0000000082100000| Complete 
|  34|0x0000000082200000, 0x0000000082300000, 0x0000000082300000|100%|HC|  |TAMS 0x0000000082300000, 0x0000000082200000| Complete 
|  35|0x0000000082300000, 0x0000000082400000, 0x0000000082400000|100%| O|  |TAMS 0x0000000082400000, 0x0000000082300000| Untracked 
|  36|0x0000000082400000, 0x0000000082500000, 0x0000000082500000|100%| O|  |TAMS 0x0000000082500000, 0x0000000082400000| Untracked 
|  37|0x0000000082500000, 0x0000000082600000, 0x0000000082600000|100%| O|  |TAMS 0x0000000082600000, 0x0000000082500000| Untracked 
|  38|0x0000000082600000, 0x0000000082700000, 0x0000000082700000|100%| O|  |TAMS 0x0000000082700000, 0x0000000082600000| Untracked 
|  39|0x0000000082700000, 0x0000000082800000, 0x0000000082800000|100%| O|  |TAMS 0x0000000082800000, 0x0000000082700000| Untracked 
|  40|0x0000000082800000, 0x0000000082900000, 0x0000000082900000|100%| O|  |TAMS 0x0000000082900000, 0x0000000082800000| Untracked 
|  41|0x0000000082900000, 0x0000000082a00000, 0x0000000082a00000|100%| O|  |TAMS 0x0000000082a00000, 0x0000000082900000| Untracked 
|  42|0x0000000082a00000, 0x0000000082b00000, 0x0000000082b00000|100%| O|  |TAMS 0x0000000082b00000, 0x0000000082a00000| Untracked 
|  43|0x0000000082b00000, 0x0000000082c00000, 0x0000000082c00000|100%| O|  |TAMS 0x0000000082c00000, 0x0000000082b00000| Untracked 
|  44|0x0000000082c00000, 0x0000000082c00000, 0x0000000082d00000|  0%| F|  |TAMS 0x0000000082c00000, 0x0000000082c00000| Untracked 
|  45|0x0000000082d00000, 0x0000000082e00000, 0x0000000082e00000|100%| O|  |TAMS 0x0000000082e00000, 0x0000000082d00000| Untracked 
|  46|0x0000000082e00000, 0x0000000082f00000, 0x0000000082f00000|100%|HS|  |TAMS 0x0000000082f00000, 0x0000000082e00000| Complete 
|  47|0x0000000082f00000, 0x0000000083000000, 0x0000000083000000|100%|HC|  |TAMS 0x0000000083000000, 0x0000000082f00000| Complete 
|  48|0x0000000083000000, 0x0000000083100000, 0x0000000083100000|100%|HC|  |TAMS 0x0000000083100000, 0x0000000083000000| Complete 
|  49|0x0000000083100000, 0x0000000083200000, 0x0000000083200000|100%|HC|  |TAMS 0x0000000083200000, 0x0000000083100000| Complete 
|  50|0x0000000083200000, 0x0000000083300000, 0x0000000083300000|100%|HC|  |TAMS 0x0000000083300000, 0x0000000083200000| Complete 
|  51|0x0000000083300000, 0x0000000083400000, 0x0000000083400000|100%|HC|  |TAMS 0x0000000083400000, 0x0000000083300000| Complete 
|  52|0x0000000083400000, 0x0000000083500000, 0x0000000083500000|100%|HC|  |TAMS 0x0000000083500000, 0x0000000083400000| Complete 
|  53|0x0000000083500000, 0x0000000083600000, 0x0000000083600000|100%|HC|  |TAMS 0x0000000083600000, 0x0000000083500000| Complete 
|  54|0x0000000083600000, 0x0000000083700000, 0x0000000083700000|100%|HC|  |TAMS 0x0000000083700000, 0x0000000083600000| Complete 
|  55|0x0000000083700000, 0x0000000083800000, 0x0000000083800000|100%|HC|  |TAMS 0x0000000083800000, 0x0000000083700000| Complete 
|  56|0x0000000083800000, 0x0000000083900000, 0x0000000083900000|100%|HC|  |TAMS 0x0000000083900000, 0x0000000083800000| Complete 
|  57|0x0000000083900000, 0x0000000083a00000, 0x0000000083a00000|100%|HC|  |TAMS 0x0000000083a00000, 0x0000000083900000| Complete 
|  58|0x0000000083a00000, 0x0000000083b00000, 0x0000000083b00000|100%|HS|  |TAMS 0x0000000083b00000, 0x0000000083a00000| Complete 
|  59|0x0000000083b00000, 0x0000000083c00000, 0x0000000083c00000|100%|HC|  |TAMS 0x0000000083c00000, 0x0000000083b00000| Complete 
|  60|0x0000000083c00000, 0x0000000083d00000, 0x0000000083d00000|100%|HC|  |TAMS 0x0000000083d00000, 0x0000000083c00000| Complete 
|  61|0x0000000083d00000, 0x0000000083e00000, 0x0000000083e00000|100%|HS|  |TAMS 0x0000000083e00000, 0x0000000083d00000| Complete 
|  62|0x0000000083e00000, 0x0000000083f00000, 0x0000000083f00000|100%|HC|  |TAMS 0x0000000083f00000, 0x0000000083e00000| Complete 
|  63|0x0000000083f00000, 0x0000000084000000, 0x0000000084000000|100%|HC|  |TAMS 0x0000000084000000, 0x0000000083f00000| Complete 
|  64|0x0000000084000000, 0x0000000084100000, 0x0000000084100000|100%| O|  |TAMS 0x0000000084100000, 0x0000000084000000| Untracked 
|  65|0x0000000084100000, 0x0000000084200000, 0x0000000084200000|100%| O|  |TAMS 0x0000000084200000, 0x0000000084100000| Untracked 
|  66|0x0000000084200000, 0x0000000084300000, 0x0000000084300000|100%| O|  |TAMS 0x0000000084300000, 0x0000000084200000| Untracked 
|  67|0x0000000084300000, 0x0000000084400000, 0x0000000084400000|100%| O|  |TAMS 0x0000000084400000, 0x0000000084300000| Untracked 
|  68|0x0000000084400000, 0x0000000084500000, 0x0000000084500000|100%| O|  |TAMS 0x0000000084500000, 0x0000000084400000| Untracked 
|  69|0x0000000084500000, 0x0000000084600000, 0x0000000084600000|100%| O|  |TAMS 0x0000000084600000, 0x0000000084500000| Untracked 
|  70|0x0000000084600000, 0x0000000084700000, 0x0000000084700000|100%| O|  |TAMS 0x0000000084700000, 0x0000000084600000| Untracked 
|  71|0x0000000084700000, 0x0000000084800000, 0x0000000084800000|100%| O|  |TAMS 0x0000000084800000, 0x0000000084700000| Untracked 
|  72|0x0000000084800000, 0x0000000084900000, 0x0000000084900000|100%| O|  |TAMS 0x0000000084900000, 0x0000000084800000| Untracked 
|  73|0x0000000084900000, 0x0000000084a00000, 0x0000000084a00000|100%| O|  |TAMS 0x0000000084a00000, 0x0000000084900000| Untracked 
|  74|0x0000000084a00000, 0x0000000084b00000, 0x0000000084b00000|100%| O|  |TAMS 0x0000000084b00000, 0x0000000084a00000| Untracked 
|  75|0x0000000084b00000, 0x0000000084c00000, 0x0000000084c00000|100%|HS|  |TAMS 0x0000000084c00000, 0x0000000084b00000| Complete 
|  76|0x0000000084c00000, 0x0000000084d00000, 0x0000000084d00000|100%|HS|  |TAMS 0x0000000084d00000, 0x0000000084c00000| Complete 
|  77|0x0000000084d00000, 0x0000000084e00000, 0x0000000084e00000|100%|HS|  |TAMS 0x0000000084e00000, 0x0000000084d00000| Complete 
|  78|0x0000000084e00000, 0x0000000084f00000, 0x0000000084f00000|100%|HC|  |TAMS 0x0000000084f00000, 0x0000000084e00000| Complete 
|  79|0x0000000084f00000, 0x0000000085000000, 0x0000000085000000|100%|HS|  |TAMS 0x0000000085000000, 0x0000000084f00000| Complete 
|  80|0x0000000085000000, 0x0000000085100000, 0x0000000085100000|100%|HS|  |TAMS 0x0000000085100000, 0x0000000085000000| Complete 
|  81|0x0000000085100000, 0x0000000085200000, 0x0000000085200000|100%|HC|  |TAMS 0x0000000085200000, 0x0000000085100000| Complete 
|  82|0x0000000085200000, 0x0000000085300000, 0x0000000085300000|100%|HC|  |TAMS 0x0000000085300000, 0x0000000085200000| Complete 
|  83|0x0000000085300000, 0x0000000085400000, 0x0000000085400000|100%|HC|  |TAMS 0x0000000085400000, 0x0000000085300000| Complete 
|  84|0x0000000085400000, 0x0000000085500000, 0x0000000085500000|100%| O|  |TAMS 0x0000000085500000, 0x0000000085400000| Untracked 
|  85|0x0000000085500000, 0x0000000085600000, 0x0000000085600000|100%| O|  |TAMS 0x0000000085600000, 0x0000000085500000| Untracked 
|  86|0x0000000085600000, 0x0000000085700000, 0x0000000085700000|100%| O|  |TAMS 0x0000000085700000, 0x0000000085600000| Untracked 
|  87|0x0000000085700000, 0x0000000085800000, 0x0000000085800000|100%| O|  |TAMS 0x0000000085800000, 0x0000000085700000| Untracked 
|  88|0x0000000085800000, 0x0000000085900000, 0x0000000085900000|100%| O|  |TAMS 0x0000000085900000, 0x0000000085800000| Untracked 
|  89|0x0000000085900000, 0x0000000085a00000, 0x0000000085a00000|100%| O|  |TAMS 0x0000000085a00000, 0x0000000085900000| Untracked 
|  90|0x0000000085a00000, 0x0000000085b00000, 0x0000000085b00000|100%| O|  |TAMS 0x0000000085a00000, 0x0000000085a00000| Untracked 
|  91|0x0000000085b00000, 0x0000000085c00000, 0x0000000085c00000|100%| O|  |TAMS 0x0000000085c00000, 0x0000000085b00000| Untracked 
|  92|0x0000000085c00000, 0x0000000085d00000, 0x0000000085d00000|100%| O|  |TAMS 0x0000000085d00000, 0x0000000085c00000| Untracked 
|  93|0x0000000085d00000, 0x0000000085e00000, 0x0000000085e00000|100%| O|  |TAMS 0x0000000085e00000, 0x0000000085d00000| Untracked 
|  94|0x0000000085e00000, 0x0000000085f00000, 0x0000000085f00000|100%| O|  |TAMS 0x0000000085f00000, 0x0000000085e00000| Untracked 
|  95|0x0000000085f00000, 0x0000000086000000, 0x0000000086000000|100%| O|  |TAMS 0x0000000085fc3400, 0x0000000085f00000| Untracked 
|  96|0x0000000086000000, 0x0000000086100000, 0x0000000086100000|100%| O|  |TAMS 0x0000000086000000, 0x0000000086000000| Untracked 
|  97|0x0000000086100000, 0x0000000086200000, 0x0000000086200000|100%| O|  |TAMS 0x0000000086100000, 0x0000000086100000| Untracked 
|  98|0x0000000086200000, 0x0000000086300000, 0x0000000086300000|100%| O|  |TAMS 0x0000000086300000, 0x0000000086200000| Untracked 
|  99|0x0000000086300000, 0x0000000086400000, 0x0000000086400000|100%|HS|  |TAMS 0x0000000086300000, 0x0000000086300000| Complete 
| 100|0x0000000086400000, 0x0000000086500000, 0x0000000086500000|100%|HC|  |TAMS 0x0000000086400000, 0x0000000086400000| Complete 
| 101|0x0000000086500000, 0x0000000086600000, 0x0000000086600000|100%|HC|  |TAMS 0x0000000086500000, 0x0000000086500000| Complete 
| 102|0x0000000086600000, 0x0000000086700000, 0x0000000086700000|100%|HC|  |TAMS 0x0000000086600000, 0x0000000086600000| Complete 
| 103|0x0000000086700000, 0x0000000086800000, 0x0000000086800000|100%| O|  |TAMS 0x0000000086700000, 0x0000000086700000| Untracked 
| 104|0x0000000086800000, 0x0000000086900000, 0x0000000086900000|100%| O|  |TAMS 0x0000000086800000, 0x0000000086800000| Untracked 
| 105|0x0000000086900000, 0x0000000086a00000, 0x0000000086a00000|100%| O|  |TAMS 0x0000000086900000, 0x0000000086900000| Untracked 
| 106|0x0000000086a00000, 0x0000000086b00000, 0x0000000086b00000|100%| O|  |TAMS 0x0000000086a00000, 0x0000000086a00000| Untracked 
| 107|0x0000000086b00000, 0x0000000086c00000, 0x0000000086c00000|100%| O|  |TAMS 0x0000000086b00000, 0x0000000086b00000| Untracked 
| 108|0x0000000086c00000, 0x0000000086d00000, 0x0000000086d00000|100%| O|  |TAMS 0x0000000086c00000, 0x0000000086c00000| Untracked 
| 109|0x0000000086d00000, 0x0000000086e00000, 0x0000000086e00000|100%| O|  |TAMS 0x0000000086d00000, 0x0000000086d00000| Untracked 
| 110|0x0000000086e00000, 0x0000000086f00000, 0x0000000086f00000|100%| O|  |TAMS 0x0000000086e00000, 0x0000000086e00000| Untracked 
| 111|0x0000000086f00000, 0x0000000086f82400, 0x0000000087000000| 50%| O|  |TAMS 0x0000000086f00000, 0x0000000086f00000| Untracked 
| 112|0x0000000087000000, 0x0000000087100000, 0x0000000087100000|100%|HS|  |TAMS 0x0000000087000000, 0x0000000087000000| Complete 
| 113|0x0000000087100000, 0x0000000087200000, 0x0000000087200000|100%|HC|  |TAMS 0x0000000087100000, 0x0000000087100000| Complete 
| 114|0x0000000087200000, 0x0000000087300000, 0x0000000087300000|100%|HC|  |TAMS 0x0000000087200000, 0x0000000087200000| Complete 
| 115|0x0000000087300000, 0x0000000087400000, 0x0000000087400000|100%|HC|  |TAMS 0x0000000087300000, 0x0000000087300000| Complete 
| 116|0x0000000087400000, 0x0000000087500000, 0x0000000087500000|100%|HC|  |TAMS 0x0000000087400000, 0x0000000087400000| Complete 
| 117|0x0000000087500000, 0x0000000087600000, 0x0000000087600000|100%|HC|  |TAMS 0x0000000087500000, 0x0000000087500000| Complete 
| 118|0x0000000087600000, 0x0000000087600000, 0x0000000087700000|  0%| F|  |TAMS 0x0000000087600000, 0x0000000087600000| Untracked 
| 119|0x0000000087700000, 0x0000000087700000, 0x0000000087800000|  0%| F|  |TAMS 0x0000000087700000, 0x0000000087700000| Untracked 
| 120|0x0000000087800000, 0x0000000087800000, 0x0000000087900000|  0%| F|  |TAMS 0x0000000087800000, 0x0000000087800000| Untracked 
| 121|0x0000000087900000, 0x0000000087900000, 0x0000000087a00000|  0%| F|  |TAMS 0x0000000087900000, 0x0000000087900000| Untracked 
| 122|0x0000000087a00000, 0x0000000087a00000, 0x0000000087b00000|  0%| F|  |TAMS 0x0000000087a00000, 0x0000000087a00000| Untracked 
| 123|0x0000000087b00000, 0x0000000087b00000, 0x0000000087c00000|  0%| F|  |TAMS 0x0000000087b00000, 0x0000000087b00000| Untracked 
| 124|0x0000000087c00000, 0x0000000087c00000, 0x0000000087d00000|  0%| F|  |TAMS 0x0000000087c00000, 0x0000000087c00000| Untracked 
| 125|0x0000000087d00000, 0x0000000087d00000, 0x0000000087e00000|  0%| F|  |TAMS 0x0000000087d00000, 0x0000000087d00000| Untracked 
| 126|0x0000000087e00000, 0x0000000087e00000, 0x0000000087f00000|  0%| F|  |TAMS 0x0000000087e00000, 0x0000000087e00000| Untracked 
| 127|0x0000000087f00000, 0x0000000087f00000, 0x0000000088000000|  0%| F|  |TAMS 0x0000000087f00000, 0x0000000087f00000| Untracked 
| 128|0x0000000088000000, 0x0000000088000000, 0x0000000088100000|  0%| F|  |TAMS 0x0000000088000000, 0x0000000088000000| Untracked 
| 129|0x0000000088100000, 0x0000000088100000, 0x0000000088200000|  0%| F|  |TAMS 0x0000000088100000, 0x0000000088100000| Untracked 
| 130|0x0000000088200000, 0x0000000088200000, 0x0000000088300000|  0%| F|  |TAMS 0x0000000088200000, 0x0000000088200000| Untracked 
| 131|0x0000000088300000, 0x0000000088300000, 0x0000000088400000|  0%| F|  |TAMS 0x0000000088300000, 0x0000000088300000| Untracked 
| 132|0x0000000088400000, 0x0000000088400000, 0x0000000088500000|  0%| F|  |TAMS 0x0000000088400000, 0x0000000088400000| Untracked 
| 133|0x0000000088500000, 0x0000000088500000, 0x0000000088600000|  0%| F|  |TAMS 0x0000000088500000, 0x0000000088500000| Untracked 
| 134|0x0000000088600000, 0x0000000088600000, 0x0000000088700000|  0%| F|  |TAMS 0x0000000088600000, 0x0000000088600000| Untracked 
| 135|0x0000000088700000, 0x0000000088700000, 0x0000000088800000|  0%| F|  |TAMS 0x0000000088700000, 0x0000000088700000| Untracked 
| 136|0x0000000088800000, 0x0000000088800000, 0x0000000088900000|  0%| F|  |TAMS 0x0000000088800000, 0x0000000088800000| Untracked 
| 137|0x0000000088900000, 0x0000000088900000, 0x0000000088a00000|  0%| F|  |TAMS 0x0000000088900000, 0x0000000088900000| Untracked 
| 138|0x0000000088a00000, 0x0000000088a00000, 0x0000000088b00000|  0%| F|  |TAMS 0x0000000088a00000, 0x0000000088a00000| Untracked 
| 139|0x0000000088b00000, 0x0000000088b00000, 0x0000000088c00000|  0%| F|  |TAMS 0x0000000088b00000, 0x0000000088b00000| Untracked 
| 140|0x0000000088c00000, 0x0000000088c00000, 0x0000000088d00000|  0%| F|  |TAMS 0x0000000088c00000, 0x0000000088c00000| Untracked 
| 141|0x0000000088d00000, 0x0000000088d00000, 0x0000000088e00000|  0%| F|  |TAMS 0x0000000088d00000, 0x0000000088d00000| Untracked 
| 142|0x0000000088e00000, 0x0000000088e00000, 0x0000000088f00000|  0%| F|  |TAMS 0x0000000088e00000, 0x0000000088e00000| Untracked 
| 143|0x0000000088f00000, 0x0000000088f00000, 0x0000000089000000|  0%| F|  |TAMS 0x0000000088f00000, 0x0000000088f00000| Untracked 
| 144|0x0000000089000000, 0x0000000089000000, 0x0000000089100000|  0%| F|  |TAMS 0x0000000089000000, 0x0000000089000000| Untracked 
| 145|0x0000000089100000, 0x0000000089100000, 0x0000000089200000|  0%| F|  |TAMS 0x0000000089100000, 0x0000000089100000| Untracked 
| 146|0x0000000089200000, 0x0000000089200000, 0x0000000089300000|  0%| F|  |TAMS 0x0000000089200000, 0x0000000089200000| Untracked 
| 147|0x0000000089300000, 0x0000000089300000, 0x0000000089400000|  0%| F|  |TAMS 0x0000000089300000, 0x0000000089300000| Untracked 
| 148|0x0000000089400000, 0x0000000089400000, 0x0000000089500000|  0%| F|  |TAMS 0x0000000089400000, 0x0000000089400000| Untracked 
| 149|0x0000000089500000, 0x0000000089500000, 0x0000000089600000|  0%| F|  |TAMS 0x0000000089500000, 0x0000000089500000| Untracked 
| 150|0x0000000089600000, 0x0000000089600000, 0x0000000089700000|  0%| F|  |TAMS 0x0000000089600000, 0x0000000089600000| Untracked 
| 151|0x0000000089700000, 0x0000000089700000, 0x0000000089800000|  0%| F|  |TAMS 0x0000000089700000, 0x0000000089700000| Untracked 
| 152|0x0000000089800000, 0x0000000089800000, 0x0000000089900000|  0%| F|  |TAMS 0x0000000089800000, 0x0000000089800000| Untracked 
| 153|0x0000000089900000, 0x0000000089900000, 0x0000000089a00000|  0%| F|  |TAMS 0x0000000089900000, 0x0000000089900000| Untracked 
| 154|0x0000000089a00000, 0x0000000089a00000, 0x0000000089b00000|  0%| F|  |TAMS 0x0000000089a00000, 0x0000000089a00000| Untracked 
| 155|0x0000000089b00000, 0x0000000089b00000, 0x0000000089c00000|  0%| F|  |TAMS 0x0000000089b00000, 0x0000000089b00000| Untracked 
| 156|0x0000000089c00000, 0x0000000089c00000, 0x0000000089d00000|  0%| F|  |TAMS 0x0000000089c00000, 0x0000000089c00000| Untracked 
| 157|0x0000000089d00000, 0x0000000089d00000, 0x0000000089e00000|  0%| F|  |TAMS 0x0000000089d00000, 0x0000000089d00000| Untracked 
| 158|0x0000000089e00000, 0x0000000089e00000, 0x0000000089f00000|  0%| F|  |TAMS 0x0000000089e00000, 0x0000000089e00000| Untracked 
| 159|0x0000000089f00000, 0x0000000089f00000, 0x000000008a000000|  0%| F|  |TAMS 0x0000000089f00000, 0x0000000089f00000| Untracked 
| 160|0x000000008a000000, 0x000000008a000000, 0x000000008a100000|  0%| F|  |TAMS 0x000000008a000000, 0x000000008a000000| Untracked 
| 161|0x000000008a100000, 0x000000008a100000, 0x000000008a200000|  0%| F|  |TAMS 0x000000008a100000, 0x000000008a100000| Untracked 
| 162|0x000000008a200000, 0x000000008a200000, 0x000000008a300000|  0%| F|  |TAMS 0x000000008a200000, 0x000000008a200000| Untracked 
| 163|0x000000008a300000, 0x000000008a300000, 0x000000008a400000|  0%| F|  |TAMS 0x000000008a300000, 0x000000008a300000| Untracked 
| 164|0x000000008a400000, 0x000000008a400000, 0x000000008a500000|  0%| F|  |TAMS 0x000000008a400000, 0x000000008a400000| Untracked 
| 165|0x000000008a500000, 0x000000008a500000, 0x000000008a600000|  0%| F|  |TAMS 0x000000008a500000, 0x000000008a500000| Untracked 
| 166|0x000000008a600000, 0x000000008a600000, 0x000000008a700000|  0%| F|  |TAMS 0x000000008a600000, 0x000000008a600000| Untracked 
| 167|0x000000008a700000, 0x000000008a700000, 0x000000008a800000|  0%| F|  |TAMS 0x000000008a700000, 0x000000008a700000| Untracked 
| 168|0x000000008a800000, 0x000000008a800000, 0x000000008a900000|  0%| F|  |TAMS 0x000000008a800000, 0x000000008a800000| Untracked 
| 169|0x000000008a900000, 0x000000008a900000, 0x000000008aa00000|  0%| F|  |TAMS 0x000000008a900000, 0x000000008a900000| Untracked 
| 170|0x000000008aa00000, 0x000000008aa00000, 0x000000008ab00000|  0%| F|  |TAMS 0x000000008aa00000, 0x000000008aa00000| Untracked 
| 171|0x000000008ab00000, 0x000000008ab00000, 0x000000008ac00000|  0%| F|  |TAMS 0x000000008ab00000, 0x000000008ab00000| Untracked 
| 172|0x000000008ac00000, 0x000000008ac00000, 0x000000008ad00000|  0%| F|  |TAMS 0x000000008ac00000, 0x000000008ac00000| Untracked 
| 173|0x000000008ad00000, 0x000000008ad00000, 0x000000008ae00000|  0%| F|  |TAMS 0x000000008ad00000, 0x000000008ad00000| Untracked 
| 174|0x000000008ae00000, 0x000000008ae00000, 0x000000008af00000|  0%| F|  |TAMS 0x000000008ae00000, 0x000000008ae00000| Untracked 
| 175|0x000000008af00000, 0x000000008af00000, 0x000000008b000000|  0%| F|  |TAMS 0x000000008af00000, 0x000000008af00000| Untracked 
| 176|0x000000008b000000, 0x000000008b000000, 0x000000008b100000|  0%| F|  |TAMS 0x000000008b000000, 0x000000008b000000| Untracked 
| 177|0x000000008b100000, 0x000000008b100000, 0x000000008b200000|  0%| F|  |TAMS 0x000000008b100000, 0x000000008b100000| Untracked 
| 178|0x000000008b200000, 0x000000008b200000, 0x000000008b300000|  0%| F|  |TAMS 0x000000008b200000, 0x000000008b200000| Untracked 
| 179|0x000000008b300000, 0x000000008b300000, 0x000000008b400000|  0%| F|  |TAMS 0x000000008b300000, 0x000000008b300000| Untracked 
| 180|0x000000008b400000, 0x000000008b400000, 0x000000008b500000|  0%| F|  |TAMS 0x000000008b400000, 0x000000008b400000| Untracked 
| 181|0x000000008b500000, 0x000000008b500000, 0x000000008b600000|  0%| F|  |TAMS 0x000000008b500000, 0x000000008b500000| Untracked 
| 182|0x000000008b600000, 0x000000008b600000, 0x000000008b700000|  0%| F|  |TAMS 0x000000008b600000, 0x000000008b600000| Untracked 
| 183|0x000000008b700000, 0x000000008b700000, 0x000000008b800000|  0%| F|  |TAMS 0x000000008b700000, 0x000000008b700000| Untracked 
| 184|0x000000008b800000, 0x000000008b800000, 0x000000008b900000|  0%| F|  |TAMS 0x000000008b800000, 0x000000008b800000| Untracked 
| 185|0x000000008b900000, 0x000000008b900000, 0x000000008ba00000|  0%| F|  |TAMS 0x000000008b900000, 0x000000008b900000| Untracked 
| 186|0x000000008ba00000, 0x000000008ba00000, 0x000000008bb00000|  0%| F|  |TAMS 0x000000008ba00000, 0x000000008ba00000| Untracked 
| 187|0x000000008bb00000, 0x000000008bb00000, 0x000000008bc00000|  0%| F|  |TAMS 0x000000008bb00000, 0x000000008bb00000| Untracked 
| 188|0x000000008bc00000, 0x000000008bc00000, 0x000000008bd00000|  0%| F|  |TAMS 0x000000008bc00000, 0x000000008bc00000| Untracked 
| 189|0x000000008bd00000, 0x000000008bd00000, 0x000000008be00000|  0%| F|  |TAMS 0x000000008bd00000, 0x000000008bd00000| Untracked 
| 190|0x000000008be00000, 0x000000008be00000, 0x000000008bf00000|  0%| F|  |TAMS 0x000000008be00000, 0x000000008be00000| Untracked 
| 191|0x000000008bf00000, 0x000000008bf00000, 0x000000008c000000|  0%| F|  |TAMS 0x000000008bf00000, 0x000000008bf00000| Untracked 
| 192|0x000000008c000000, 0x000000008c000000, 0x000000008c100000|  0%| F|  |TAMS 0x000000008c000000, 0x000000008c000000| Untracked 
| 193|0x000000008c100000, 0x000000008c100000, 0x000000008c200000|  0%| F|  |TAMS 0x000000008c100000, 0x000000008c100000| Untracked 
| 194|0x000000008c200000, 0x000000008c200000, 0x000000008c300000|  0%| F|  |TAMS 0x000000008c200000, 0x000000008c200000| Untracked 
| 195|0x000000008c300000, 0x000000008c300000, 0x000000008c400000|  0%| F|  |TAMS 0x000000008c300000, 0x000000008c300000| Untracked 
| 196|0x000000008c400000, 0x000000008c400000, 0x000000008c500000|  0%| F|  |TAMS 0x000000008c400000, 0x000000008c400000| Untracked 
| 197|0x000000008c500000, 0x000000008c500000, 0x000000008c600000|  0%| F|  |TAMS 0x000000008c500000, 0x000000008c500000| Untracked 
| 198|0x000000008c600000, 0x000000008c600000, 0x000000008c700000|  0%| F|  |TAMS 0x000000008c600000, 0x000000008c600000| Untracked 
| 199|0x000000008c700000, 0x000000008c700000, 0x000000008c800000|  0%| F|  |TAMS 0x000000008c700000, 0x000000008c700000| Untracked 
| 200|0x000000008c800000, 0x000000008c800000, 0x000000008c900000|  0%| F|  |TAMS 0x000000008c800000, 0x000000008c800000| Untracked 
| 201|0x000000008c900000, 0x000000008c900000, 0x000000008ca00000|  0%| F|  |TAMS 0x000000008c900000, 0x000000008c900000| Untracked 
| 202|0x000000008ca00000, 0x000000008ca00000, 0x000000008cb00000|  0%| F|  |TAMS 0x000000008ca00000, 0x000000008ca00000| Untracked 
| 203|0x000000008cb00000, 0x000000008cb00000, 0x000000008cc00000|  0%| F|  |TAMS 0x000000008cb00000, 0x000000008cb00000| Untracked 
| 204|0x000000008cc00000, 0x000000008cc00000, 0x000000008cd00000|  0%| F|  |TAMS 0x000000008cc00000, 0x000000008cc00000| Untracked 
| 205|0x000000008cd00000, 0x000000008cd00000, 0x000000008ce00000|  0%| F|  |TAMS 0x000000008cd00000, 0x000000008cd00000| Untracked 
| 206|0x000000008ce00000, 0x000000008ce00000, 0x000000008cf00000|  0%| F|  |TAMS 0x000000008ce00000, 0x000000008ce00000| Untracked 
| 207|0x000000008cf00000, 0x000000008d000000, 0x000000008d000000|100%| E|  |TAMS 0x000000008cf00000, 0x000000008cf00000| Complete 
| 208|0x000000008d000000, 0x000000008d100000, 0x000000008d100000|100%| E|CS|TAMS 0x000000008d000000, 0x000000008d000000| Complete 
| 209|0x000000008d100000, 0x000000008d200000, 0x000000008d200000|100%| E|CS|TAMS 0x000000008d100000, 0x000000008d100000| Complete 
| 210|0x000000008d200000, 0x000000008d300000, 0x000000008d300000|100%| E|CS|TAMS 0x000000008d200000, 0x000000008d200000| Complete 
| 211|0x000000008d300000, 0x000000008d400000, 0x000000008d400000|100%| E|CS|TAMS 0x000000008d300000, 0x000000008d300000| Complete 
| 212|0x000000008d400000, 0x000000008d500000, 0x000000008d500000|100%| E|CS|TAMS 0x000000008d400000, 0x000000008d400000| Complete 
| 213|0x000000008d500000, 0x000000008d600000, 0x000000008d600000|100%| E|CS|TAMS 0x000000008d500000, 0x000000008d500000| Complete 
| 214|0x000000008d600000, 0x000000008d700000, 0x000000008d700000|100%| E|CS|TAMS 0x000000008d600000, 0x000000008d600000| Complete 
| 215|0x000000008d700000, 0x000000008d800000, 0x000000008d800000|100%| E|CS|TAMS 0x000000008d700000, 0x000000008d700000| Complete 
| 216|0x000000008d800000, 0x000000008d900000, 0x000000008d900000|100%| E|CS|TAMS 0x000000008d800000, 0x000000008d800000| Complete 
| 217|0x000000008d900000, 0x000000008da00000, 0x000000008da00000|100%| E|CS|TAMS 0x000000008d900000, 0x000000008d900000| Complete 
| 218|0x000000008da00000, 0x000000008db00000, 0x000000008db00000|100%| E|CS|TAMS 0x000000008da00000, 0x000000008da00000| Complete 
| 219|0x000000008db00000, 0x000000008dc00000, 0x000000008dc00000|100%| E|CS|TAMS 0x000000008db00000, 0x000000008db00000| Complete 
| 220|0x000000008dc00000, 0x000000008dd00000, 0x000000008dd00000|100%| E|CS|TAMS 0x000000008dc00000, 0x000000008dc00000| Complete 
| 221|0x000000008dd00000, 0x000000008de00000, 0x000000008de00000|100%| E|CS|TAMS 0x000000008dd00000, 0x000000008dd00000| Complete 
| 222|0x000000008de00000, 0x000000008df00000, 0x000000008df00000|100%| E|CS|TAMS 0x000000008de00000, 0x000000008de00000| Complete 
| 223|0x000000008df00000, 0x000000008e000000, 0x000000008e000000|100%| E|CS|TAMS 0x000000008df00000, 0x000000008df00000| Complete 
| 224|0x000000008e000000, 0x000000008e100000, 0x000000008e100000|100%| E|CS|TAMS 0x000000008e000000, 0x000000008e000000| Complete 
| 225|0x000000008e100000, 0x000000008e200000, 0x000000008e200000|100%| E|CS|TAMS 0x000000008e100000, 0x000000008e100000| Complete 
| 226|0x000000008e200000, 0x000000008e300000, 0x000000008e300000|100%| E|CS|TAMS 0x000000008e200000, 0x000000008e200000| Complete 
| 227|0x000000008e300000, 0x000000008e400000, 0x000000008e400000|100%| E|CS|TAMS 0x000000008e300000, 0x000000008e300000| Complete 
| 228|0x000000008e400000, 0x000000008e500000, 0x000000008e500000|100%| E|CS|TAMS 0x000000008e400000, 0x000000008e400000| Complete 
| 229|0x000000008e500000, 0x000000008e600000, 0x000000008e600000|100%| E|CS|TAMS 0x000000008e500000, 0x000000008e500000| Complete 
| 230|0x000000008e600000, 0x000000008e700000, 0x000000008e700000|100%| E|CS|TAMS 0x000000008e600000, 0x000000008e600000| Complete 
| 231|0x000000008e700000, 0x000000008e800000, 0x000000008e800000|100%| E|CS|TAMS 0x000000008e700000, 0x000000008e700000| Complete 
| 232|0x000000008e800000, 0x000000008e900000, 0x000000008e900000|100%| E|CS|TAMS 0x000000008e800000, 0x000000008e800000| Complete 
| 233|0x000000008e900000, 0x000000008ea00000, 0x000000008ea00000|100%| E|CS|TAMS 0x000000008e900000, 0x000000008e900000| Complete 
| 234|0x000000008ea00000, 0x000000008eb00000, 0x000000008eb00000|100%| E|CS|TAMS 0x000000008ea00000, 0x000000008ea00000| Complete 
| 235|0x000000008eb00000, 0x000000008ec00000, 0x000000008ec00000|100%| E|CS|TAMS 0x000000008eb00000, 0x000000008eb00000| Complete 
| 236|0x000000008ec00000, 0x000000008ed00000, 0x000000008ed00000|100%| E|CS|TAMS 0x000000008ec00000, 0x000000008ec00000| Complete 
| 237|0x000000008ed00000, 0x000000008ee00000, 0x000000008ee00000|100%| E|CS|TAMS 0x000000008ed00000, 0x000000008ed00000| Complete 
| 238|0x000000008ee00000, 0x000000008ef00000, 0x000000008ef00000|100%| E|CS|TAMS 0x000000008ee00000, 0x000000008ee00000| Complete 
| 239|0x000000008ef00000, 0x000000008f000000, 0x000000008f000000|100%| E|CS|TAMS 0x000000008ef00000, 0x000000008ef00000| Complete 
| 240|0x000000008f000000, 0x000000008f100000, 0x000000008f100000|100%| E|CS|TAMS 0x000000008f000000, 0x000000008f000000| Complete 
| 241|0x000000008f100000, 0x000000008f200000, 0x000000008f200000|100%| E|CS|TAMS 0x000000008f100000, 0x000000008f100000| Complete 
| 242|0x000000008f200000, 0x000000008f300000, 0x000000008f300000|100%| E|CS|TAMS 0x000000008f200000, 0x000000008f200000| Complete 
| 243|0x000000008f300000, 0x000000008f400000, 0x000000008f400000|100%| E|CS|TAMS 0x000000008f300000, 0x000000008f300000| Complete 
| 244|0x000000008f400000, 0x000000008f500000, 0x000000008f500000|100%| E|CS|TAMS 0x000000008f400000, 0x000000008f400000| Complete 
| 245|0x000000008f500000, 0x000000008f600000, 0x000000008f600000|100%| E|CS|TAMS 0x000000008f500000, 0x000000008f500000| Complete 
| 246|0x000000008f600000, 0x000000008f700000, 0x000000008f700000|100%| E|CS|TAMS 0x000000008f600000, 0x000000008f600000| Complete 
| 247|0x000000008f700000, 0x000000008f800000, 0x000000008f800000|100%| E|CS|TAMS 0x000000008f700000, 0x000000008f700000| Complete 
| 248|0x000000008f800000, 0x000000008f900000, 0x000000008f900000|100%| E|CS|TAMS 0x000000008f800000, 0x000000008f800000| Complete 
| 249|0x000000008f900000, 0x000000008fa00000, 0x000000008fa00000|100%| E|CS|TAMS 0x000000008f900000, 0x000000008f900000| Complete 
| 250|0x000000008fa00000, 0x000000008fb00000, 0x000000008fb00000|100%| E|CS|TAMS 0x000000008fa00000, 0x000000008fa00000| Complete 
| 251|0x000000008fb00000, 0x000000008fc00000, 0x000000008fc00000|100%| E|CS|TAMS 0x000000008fb00000, 0x000000008fb00000| Complete 
| 252|0x000000008fc00000, 0x000000008fd00000, 0x000000008fd00000|100%| E|CS|TAMS 0x000000008fc00000, 0x000000008fc00000| Complete 
| 253|0x000000008fd00000, 0x000000008fe00000, 0x000000008fe00000|100%| E|CS|TAMS 0x000000008fd00000, 0x000000008fd00000| Complete 
| 254|0x000000008fe00000, 0x000000008ff00000, 0x000000008ff00000|100%| E|CS|TAMS 0x000000008fe00000, 0x000000008fe00000| Complete 
| 255|0x000000008ff00000, 0x0000000090000000, 0x0000000090000000|100%| E|CS|TAMS 0x000000008ff00000, 0x000000008ff00000| Complete 
| 256|0x0000000090000000, 0x0000000090100000, 0x0000000090100000|100%| E|CS|TAMS 0x0000000090000000, 0x0000000090000000| Complete 
| 257|0x0000000090100000, 0x0000000090200000, 0x0000000090200000|100%| E|CS|TAMS 0x0000000090100000, 0x0000000090100000| Complete 
| 258|0x0000000090200000, 0x0000000090300000, 0x0000000090300000|100%| E|CS|TAMS 0x0000000090200000, 0x0000000090200000| Complete 
| 259|0x0000000090300000, 0x0000000090400000, 0x0000000090400000|100%| E|CS|TAMS 0x0000000090300000, 0x0000000090300000| Complete 
| 260|0x0000000090400000, 0x0000000090500000, 0x0000000090500000|100%| E|CS|TAMS 0x0000000090400000, 0x0000000090400000| Complete 
| 261|0x0000000090500000, 0x0000000090600000, 0x0000000090600000|100%| E|CS|TAMS 0x0000000090500000, 0x0000000090500000| Complete 
| 262|0x0000000090600000, 0x0000000090700000, 0x0000000090700000|100%| E|CS|TAMS 0x0000000090600000, 0x0000000090600000| Complete 
| 263|0x0000000090700000, 0x0000000090800000, 0x0000000090800000|100%| E|CS|TAMS 0x0000000090700000, 0x0000000090700000| Complete 
| 264|0x0000000090800000, 0x0000000090900000, 0x0000000090900000|100%| E|CS|TAMS 0x0000000090800000, 0x0000000090800000| Complete 
| 265|0x0000000090900000, 0x0000000090a00000, 0x0000000090a00000|100%| E|CS|TAMS 0x0000000090900000, 0x0000000090900000| Complete 
| 266|0x0000000090a00000, 0x0000000090b00000, 0x0000000090b00000|100%| E|CS|TAMS 0x0000000090a00000, 0x0000000090a00000| Complete 
| 267|0x0000000090b00000, 0x0000000090c00000, 0x0000000090c00000|100%| E|CS|TAMS 0x0000000090b00000, 0x0000000090b00000| Complete 
| 268|0x0000000090c00000, 0x0000000090d00000, 0x0000000090d00000|100%| E|CS|TAMS 0x0000000090c00000, 0x0000000090c00000| Complete 
| 269|0x0000000090d00000, 0x0000000090e00000, 0x0000000090e00000|100%| E|CS|TAMS 0x0000000090d00000, 0x0000000090d00000| Complete 
| 270|0x0000000090e00000, 0x0000000090f00000, 0x0000000090f00000|100%| E|CS|TAMS 0x0000000090e00000, 0x0000000090e00000| Complete 
| 271|0x0000000090f00000, 0x0000000091000000, 0x0000000091000000|100%| E|CS|TAMS 0x0000000090f00000, 0x0000000090f00000| Complete 
| 272|0x0000000091000000, 0x0000000091100000, 0x0000000091100000|100%| E|CS|TAMS 0x0000000091000000, 0x0000000091000000| Complete 
| 273|0x0000000091100000, 0x0000000091200000, 0x0000000091200000|100%| E|CS|TAMS 0x0000000091100000, 0x0000000091100000| Complete 
| 274|0x0000000091200000, 0x0000000091300000, 0x0000000091300000|100%| E|CS|TAMS 0x0000000091200000, 0x0000000091200000| Complete 
| 275|0x0000000091300000, 0x0000000091400000, 0x0000000091400000|100%| E|CS|TAMS 0x0000000091300000, 0x0000000091300000| Complete 
| 276|0x0000000091400000, 0x0000000091500000, 0x0000000091500000|100%| E|CS|TAMS 0x0000000091400000, 0x0000000091400000| Complete 
| 277|0x0000000091500000, 0x0000000091600000, 0x0000000091600000|100%| E|CS|TAMS 0x0000000091500000, 0x0000000091500000| Complete 
| 278|0x0000000091600000, 0x0000000091700000, 0x0000000091700000|100%| E|CS|TAMS 0x0000000091600000, 0x0000000091600000| Complete 
| 279|0x0000000091700000, 0x0000000091800000, 0x0000000091800000|100%| E|CS|TAMS 0x0000000091700000, 0x0000000091700000| Complete 
| 280|0x0000000091800000, 0x0000000091900000, 0x0000000091900000|100%| E|CS|TAMS 0x0000000091800000, 0x0000000091800000| Complete 
| 281|0x0000000091900000, 0x0000000091a00000, 0x0000000091a00000|100%| E|CS|TAMS 0x0000000091900000, 0x0000000091900000| Complete 
| 282|0x0000000091a00000, 0x0000000091b00000, 0x0000000091b00000|100%| E|CS|TAMS 0x0000000091a00000, 0x0000000091a00000| Complete 
| 283|0x0000000091b00000, 0x0000000091c00000, 0x0000000091c00000|100%| E|CS|TAMS 0x0000000091b00000, 0x0000000091b00000| Complete 
| 284|0x0000000091c00000, 0x0000000091d00000, 0x0000000091d00000|100%| E|CS|TAMS 0x0000000091c00000, 0x0000000091c00000| Complete 
| 285|0x0000000091d00000, 0x0000000091e00000, 0x0000000091e00000|100%| E|CS|TAMS 0x0000000091d00000, 0x0000000091d00000| Complete 
| 286|0x0000000091e00000, 0x0000000091f00000, 0x0000000091f00000|100%| E|CS|TAMS 0x0000000091e00000, 0x0000000091e00000| Complete 
| 287|0x0000000091f00000, 0x0000000092000000, 0x0000000092000000|100%| E|CS|TAMS 0x0000000091f00000, 0x0000000091f00000| Complete 
| 288|0x0000000092000000, 0x0000000092100000, 0x0000000092100000|100%| E|CS|TAMS 0x0000000092000000, 0x0000000092000000| Complete 
| 289|0x0000000092100000, 0x0000000092200000, 0x0000000092200000|100%| E|CS|TAMS 0x0000000092100000, 0x0000000092100000| Complete 
| 290|0x0000000092200000, 0x0000000092300000, 0x0000000092300000|100%| E|CS|TAMS 0x0000000092200000, 0x0000000092200000| Complete 
| 291|0x0000000092300000, 0x0000000092400000, 0x0000000092400000|100%| E|CS|TAMS 0x0000000092300000, 0x0000000092300000| Complete 
| 292|0x0000000092400000, 0x0000000092500000, 0x0000000092500000|100%| E|CS|TAMS 0x0000000092400000, 0x0000000092400000| Complete 
| 293|0x0000000092500000, 0x0000000092600000, 0x0000000092600000|100%| E|CS|TAMS 0x0000000092500000, 0x0000000092500000| Complete 
| 294|0x0000000092600000, 0x0000000092700000, 0x0000000092700000|100%| E|  |TAMS 0x0000000092600000, 0x0000000092600000| Complete 
| 295|0x0000000092700000, 0x0000000092800000, 0x0000000092800000|100%| E|CS|TAMS 0x0000000092700000, 0x0000000092700000| Complete 
| 296|0x0000000092800000, 0x0000000092900000, 0x0000000092900000|100%| E|CS|TAMS 0x0000000092800000, 0x0000000092800000| Complete 
| 297|0x0000000092900000, 0x0000000092a00000, 0x0000000092a00000|100%| E|CS|TAMS 0x0000000092900000, 0x0000000092900000| Complete 
| 298|0x0000000092a00000, 0x0000000092b00000, 0x0000000092b00000|100%| E|CS|TAMS 0x0000000092a00000, 0x0000000092a00000| Complete 
| 299|0x0000000092b00000, 0x0000000092c00000, 0x0000000092c00000|100%| E|CS|TAMS 0x0000000092b00000, 0x0000000092b00000| Complete 
| 300|0x0000000092c00000, 0x0000000092d00000, 0x0000000092d00000|100%| E|CS|TAMS 0x0000000092c00000, 0x0000000092c00000| Complete 
| 301|0x0000000092d00000, 0x0000000092e00000, 0x0000000092e00000|100%| E|CS|TAMS 0x0000000092d00000, 0x0000000092d00000| Complete 
| 302|0x0000000092e00000, 0x0000000092f00000, 0x0000000092f00000|100%| E|CS|TAMS 0x0000000092e00000, 0x0000000092e00000| Complete 
| 303|0x0000000092f00000, 0x0000000093000000, 0x0000000093000000|100%| E|CS|TAMS 0x0000000092f00000, 0x0000000092f00000| Complete 
| 304|0x0000000093000000, 0x0000000093100000, 0x0000000093100000|100%| E|CS|TAMS 0x0000000093000000, 0x0000000093000000| Complete 
| 305|0x0000000093100000, 0x0000000093200000, 0x0000000093200000|100%| E|CS|TAMS 0x0000000093100000, 0x0000000093100000| Complete 
| 306|0x0000000093200000, 0x0000000093300000, 0x0000000093300000|100%| E|CS|TAMS 0x0000000093200000, 0x0000000093200000| Complete 
| 307|0x0000000093300000, 0x0000000093400000, 0x0000000093400000|100%| E|CS|TAMS 0x0000000093300000, 0x0000000093300000| Complete 
| 308|0x0000000093400000, 0x0000000093500000, 0x0000000093500000|100%| E|CS|TAMS 0x0000000093400000, 0x0000000093400000| Complete 
| 309|0x0000000093500000, 0x0000000093600000, 0x0000000093600000|100%| E|CS|TAMS 0x0000000093500000, 0x0000000093500000| Complete 
| 310|0x0000000093600000, 0x0000000093700000, 0x0000000093700000|100%| E|CS|TAMS 0x0000000093600000, 0x0000000093600000| Complete 
| 311|0x0000000093700000, 0x0000000093800000, 0x0000000093800000|100%| E|CS|TAMS 0x0000000093700000, 0x0000000093700000| Complete 
| 312|0x0000000093800000, 0x0000000093900000, 0x0000000093900000|100%| E|CS|TAMS 0x0000000093800000, 0x0000000093800000| Complete 
| 313|0x0000000093900000, 0x0000000093a00000, 0x0000000093a00000|100%| E|CS|TAMS 0x0000000093900000, 0x0000000093900000| Complete 
| 314|0x0000000093a00000, 0x0000000093b00000, 0x0000000093b00000|100%| E|CS|TAMS 0x0000000093a00000, 0x0000000093a00000| Complete 
| 315|0x0000000093b00000, 0x0000000093c00000, 0x0000000093c00000|100%| E|CS|TAMS 0x0000000093b00000, 0x0000000093b00000| Complete 
| 316|0x0000000093c00000, 0x0000000093d00000, 0x0000000093d00000|100%| E|CS|TAMS 0x0000000093c00000, 0x0000000093c00000| Complete 
| 317|0x0000000093d00000, 0x0000000093e00000, 0x0000000093e00000|100%| E|CS|TAMS 0x0000000093d00000, 0x0000000093d00000| Complete 
| 318|0x0000000093e00000, 0x0000000093f00000, 0x0000000093f00000|100%| E|CS|TAMS 0x0000000093e00000, 0x0000000093e00000| Complete 
| 319|0x0000000093f00000, 0x0000000094000000, 0x0000000094000000|100%| E|CS|TAMS 0x0000000093f00000, 0x0000000093f00000| Complete 
| 320|0x0000000094000000, 0x0000000094100000, 0x0000000094100000|100%| E|CS|TAMS 0x0000000094000000, 0x0000000094000000| Complete 
| 321|0x0000000094100000, 0x0000000094200000, 0x0000000094200000|100%| E|CS|TAMS 0x0000000094100000, 0x0000000094100000| Complete 
| 322|0x0000000094200000, 0x0000000094270718, 0x0000000094300000| 43%| S|CS|TAMS 0x0000000094200000, 0x0000000094200000| Complete 
| 323|0x0000000094300000, 0x0000000094400000, 0x0000000094400000|100%| S|CS|TAMS 0x0000000094300000, 0x0000000094300000| Complete 
| 324|0x0000000094400000, 0x0000000094500000, 0x0000000094500000|100%| E|CS|TAMS 0x0000000094400000, 0x0000000094400000| Complete 
| 325|0x0000000094500000, 0x0000000094600000, 0x0000000094600000|100%| E|CS|TAMS 0x0000000094500000, 0x0000000094500000| Complete 
| 326|0x0000000094600000, 0x0000000094700000, 0x0000000094700000|100%| E|CS|TAMS 0x0000000094600000, 0x0000000094600000| Complete 
| 327|0x0000000094700000, 0x0000000094800000, 0x0000000094800000|100%| E|CS|TAMS 0x0000000094700000, 0x0000000094700000| Complete 

Card table byte_map: [0x0000028ef4e50000,0x0000028ef5250000] _byte_map_base: 0x0000028ef4a50000

Marking Bits (Prev, Next): (CMBitMap*) 0x0000028ee25d3b30, (CMBitMap*) 0x0000028ee25d3b70
 Prev Bits: [0x0000028ef5650000, 0x0000028ef7650000)
 Next Bits: [0x0000028ef7650000, 0x0000028ef9650000)

Polling page: 0x0000028ee0380000

Metaspace:

Usage:
  Non-class:     81.21 MB used.
      Class:     12.87 MB used.
       Both:     94.08 MB used.

Virtual space:
  Non-class space:       88.00 MB reserved,      81.56 MB ( 93%) committed,  11 nodes.
      Class space:        1.00 GB reserved,      13.19 MB (  1%) committed,  1 nodes.
             Both:        1.09 GB reserved,      94.75 MB (  9%) committed. 

Chunk freelists:
   Non-Class:  1.92 MB
       Class:  2.83 MB
        Both:  4.75 MB

MaxMetaspaceSize: unlimited
CompressedClassSpaceSize: 1.00 GB
Initial GC threshold: 21.00 MB
Current GC threshold: 126.06 MB
CDS: off
MetaspaceReclaimPolicy: balanced
 - commit_granule_bytes: 65536.
 - commit_granule_words: 8192.
 - virtual_space_node_default_size: 1048576.
 - enlarge_chunks_in_place: 1.
 - new_chunks_are_fully_committed: 0.
 - uncommit_free_chunks: 1.
 - use_allocation_guard: 0.
 - handle_deallocations: 1.


Internal statistics:

num_allocs_failed_limit: 3.
num_arena_births: 950.
num_arena_deaths: 0.
num_vsnodes_births: 12.
num_vsnodes_deaths: 0.
num_space_committed: 1516.
num_space_uncommitted: 0.
num_chunks_returned_to_freelist: 3.
num_chunks_taken_from_freelist: 4291.
num_chunk_merges: 3.
num_chunk_splits: 3006.
num_chunks_enlarged: 2184.
num_purges: 0.
num_inconsistent_stats: 0.

CodeHeap 'non-profiled nmethods': size=120000Kb used=4607Kb max_used=4607Kb free=115392Kb
 bounds [0x0000028eed520000, 0x0000028eed9a0000, 0x0000028ef4a50000]
CodeHeap 'profiled nmethods': size=120000Kb used=15421Kb max_used=15421Kb free=104578Kb
 bounds [0x0000028ee5a50000, 0x0000028ee6960000, 0x0000028eecf80000]
CodeHeap 'non-nmethods': size=5760Kb used=2402Kb max_used=2435Kb free=3357Kb
 bounds [0x0000028eecf80000, 0x0000028eed1f0000, 0x0000028eed520000]
 total_blobs=8823 nmethods=7881 adapters=852
 compilation: enabled
              stopped_count=0, restarted_count=0
 full_count=0

Compilation events (20 events):
Event: 20.717 Thread 0x0000028efbb793d0 8669       1       java.util.Collections$SingletonSet::size (2 bytes)
Event: 20.718 Thread 0x0000028efbb793d0 nmethod 8669 0x0000028eed99fc10 code [0x0000028eed99fda0, 0x0000028eed99fe78]
Event: 20.745 Thread 0x0000028efbb793d0 8670       3       sun.net.www.protocol.file.FileURLConnection::<init> (38 bytes)
Event: 20.745 Thread 0x0000028efbb793d0 nmethod 8670 0x0000028ee695bb90 code [0x0000028ee695bd60, 0x0000028ee695c158]
Event: 20.746 Thread 0x0000028efbb793d0 8671   !   3       java.security.AccessController::doPrivileged (22 bytes)
Event: 20.746 Thread 0x0000028efbb793d0 nmethod 8671 0x0000028ee695c310 code [0x0000028ee695c500, 0x0000028ee695c968]
Event: 20.764 Thread 0x0000028efbb793d0 8672       3       kotlin.jvm.internal.CallableReference::<init> (32 bytes)
Event: 20.764 Thread 0x0000028efbb793d0 nmethod 8672 0x0000028ee695cb90 code [0x0000028ee695cd40, 0x0000028ee695d018]
Event: 20.775 Thread 0x0000028efbb793d0 8673       3       kotlin.properties.ObservableProperty::<init> (10 bytes)
Event: 20.776 Thread 0x0000028efbb793d0 nmethod 8673 0x0000028ee695d110 code [0x0000028ee695d2a0, 0x0000028ee695d458]
Event: 20.778 Thread 0x0000028efbb793d0 8674       3       org.jetbrains.kotlin.renderer.DescriptorRendererOptionsImpl::property (20 bytes)
Event: 20.778 Thread 0x0000028efbb793d0 nmethod 8674 0x0000028ee695d510 code [0x0000028ee695d6c0, 0x0000028ee695d9f8]
Event: 20.778 Thread 0x0000028efbb793d0 8675       3       org.jetbrains.kotlin.renderer.DescriptorRendererOptionsImpl$property$$inlined$vetoable$1::<init> (11 bytes)
Event: 20.778 Thread 0x0000028efbb793d0 nmethod 8675 0x0000028ee695db10 code [0x0000028ee695dcc0, 0x0000028ee695df38]
Event: 20.781 Thread 0x0000028e825a8570 8676       4       java.net.URLClassLoader$1::run (5 bytes)
Event: 20.785 Thread 0x0000028efbb78ad0 8677   !   4       java.net.URLClassLoader$1::run (81 bytes)
Event: 20.830 Thread 0x0000028efbb793d0 8678       3       kotlin.collections.CollectionsKt__IterablesKt::collectionSizeOrDefault (27 bytes)
Event: 20.831 Thread 0x0000028efbb793d0 nmethod 8678 0x0000028ee695e010 code [0x0000028ee695e240, 0x0000028ee695eae8]
Event: 20.850 Thread 0x0000028efbb793d0 8679       3       java.lang.invoke.DelegatingMethodHandle$Holder::reinvoke_L (20 bytes)
Event: 20.851 Thread 0x0000028efbb793d0 nmethod 8679 0x0000028ee695ed90 code [0x0000028ee695ef60, 0x0000028ee695f398]

GC Heap History (20 events):
Event: 13.642 GC heap before
{Heap before GC invocations=28 (full 0):
 garbage-first heap   total 146432K, used 111710K [0x0000000080000000, 0x0000000100000000)
  region size 1024K, 39 young (39936K), 1 survivors (1024K)
 Metaspace       used 60425K, committed 61056K, reserved 1105920K
  class space    used 8570K, committed 8896K, reserved 1048576K
}
Event: 13.649 GC heap after
{Heap after GC invocations=29 (full 0):
 garbage-first heap   total 146432K, used 76639K [0x0000000080000000, 0x0000000100000000)
  region size 1024K, 4 young (4096K), 4 survivors (4096K)
 Metaspace       used 60425K, committed 61056K, reserved 1105920K
  class space    used 8570K, committed 8896K, reserved 1048576K
}
Event: 13.859 GC heap before
{Heap before GC invocations=30 (full 0):
 garbage-first heap   total 146432K, used 84831K [0x0000000080000000, 0x0000000100000000)
  region size 1024K, 13 young (13312K), 4 survivors (4096K)
 Metaspace       used 60498K, committed 61120K, reserved 1105920K
  class space    used 8576K, committed 8896K, reserved 1048576K
}
Event: 13.866 GC heap after
{Heap after GC invocations=31 (full 0):
 garbage-first heap   total 146432K, used 77674K [0x0000000080000000, 0x0000000100000000)
  region size 1024K, 2 young (2048K), 2 survivors (2048K)
 Metaspace       used 60498K, committed 61120K, reserved 1105920K
  class space    used 8576K, committed 8896K, reserved 1048576K
}
Event: 14.496 GC heap before
{Heap before GC invocations=32 (full 0):
 garbage-first heap   total 157696K, used 121706K [0x0000000080000000, 0x0000000100000000)
  region size 1024K, 35 young (35840K), 2 survivors (2048K)
 Metaspace       used 63815K, committed 64512K, reserved 1105920K
  class space    used 9049K, committed 9344K, reserved 1048576K
}
Event: 14.502 GC heap after
{Heap after GC invocations=33 (full 0):
 garbage-first heap   total 157696K, used 93541K [0x0000000080000000, 0x0000000100000000)
  region size 1024K, 5 young (5120K), 5 survivors (5120K)
 Metaspace       used 63815K, committed 64512K, reserved 1105920K
  class space    used 9049K, committed 9344K, reserved 1048576K
}
Event: 14.539 GC heap before
{Heap before GC invocations=33 (full 0):
 garbage-first heap   total 157696K, used 94565K [0x0000000080000000, 0x0000000100000000)
  region size 1024K, 7 young (7168K), 5 survivors (5120K)
 Metaspace       used 64162K, committed 64896K, reserved 1105920K
  class space    used 9082K, committed 9408K, reserved 1048576K
}
Event: 14.543 GC heap after
{Heap after GC invocations=34 (full 0):
 garbage-first heap   total 157696K, used 93939K [0x0000000080000000, 0x0000000100000000)
  region size 1024K, 1 young (1024K), 1 survivors (1024K)
 Metaspace       used 64162K, committed 64896K, reserved 1105920K
  class space    used 9082K, committed 9408K, reserved 1048576K
}
Event: 15.342 GC heap before
{Heap before GC invocations=34 (full 0):
 garbage-first heap   total 157696K, used 123635K [0x0000000080000000, 0x0000000100000000)
  region size 1024K, 30 young (30720K), 1 survivors (1024K)
 Metaspace       used 69714K, committed 70400K, reserved 1114112K
  class space    used 9736K, committed 10048K, reserved 1048576K
}
Event: 15.347 GC heap after
{Heap after GC invocations=35 (full 0):
 garbage-first heap   total 157696K, used 95157K [0x0000000080000000, 0x0000000100000000)
  region size 1024K, 2 young (2048K), 2 survivors (2048K)
 Metaspace       used 69714K, committed 70400K, reserved 1114112K
  class space    used 9736K, committed 10048K, reserved 1048576K
}
Event: 16.071 GC heap before
{Heap before GC invocations=36 (full 0):
 garbage-first heap   total 167936K, used 130997K [0x0000000080000000, 0x0000000100000000)
  region size 1024K, 31 young (31744K), 2 survivors (2048K)
 Metaspace       used 72623K, committed 73280K, reserved 1114112K
  class space    used 10121K, committed 10432K, reserved 1048576K
}
Event: 16.079 GC heap after
{Heap after GC invocations=37 (full 0):
 garbage-first heap   total 167936K, used 98490K [0x0000000080000000, 0x0000000100000000)
  region size 1024K, 4 young (4096K), 4 survivors (4096K)
 Metaspace       used 72623K, committed 73280K, reserved 1114112K
  class space    used 10121K, committed 10432K, reserved 1048576K
}
Event: 16.171 GC heap before
{Heap before GC invocations=37 (full 0):
 garbage-first heap   total 167936K, used 102586K [0x0000000080000000, 0x0000000100000000)
  region size 1024K, 8 young (8192K), 4 survivors (4096K)
 Metaspace       used 73003K, committed 73664K, reserved 1114112K
  class space    used 10170K, committed 10496K, reserved 1048576K
}
Event: 16.183 GC heap after
{Heap after GC invocations=38 (full 0):
 garbage-first heap   total 167936K, used 98563K [0x0000000080000000, 0x0000000100000000)
  region size 1024K, 1 young (1024K), 1 survivors (1024K)
 Metaspace       used 73003K, committed 73664K, reserved 1114112K
  class space    used 10170K, committed 10496K, reserved 1048576K
}
Event: 17.011 GC heap before
{Heap before GC invocations=38 (full 0):
 garbage-first heap   total 167936K, used 133379K [0x0000000080000000, 0x0000000100000000)
  region size 1024K, 35 young (35840K), 1 survivors (1024K)
 Metaspace       used 76391K, committed 77056K, reserved 1122304K
  class space    used 10632K, committed 10944K, reserved 1048576K
}
Event: 17.018 GC heap after
{Heap after GC invocations=39 (full 0):
 garbage-first heap   total 335872K, used 100806K [0x0000000080000000, 0x0000000100000000)
  region size 1024K, 3 young (3072K), 3 survivors (3072K)
 Metaspace       used 76391K, committed 77056K, reserved 1122304K
  class space    used 10632K, committed 10944K, reserved 1048576K
}
Event: 19.544 GC heap before
{Heap before GC invocations=40 (full 0):
 garbage-first heap   total 335872K, used 234950K [0x0000000080000000, 0x0000000100000000)
  region size 1024K, 130 young (133120K), 3 survivors (3072K)
 Metaspace       used 90374K, committed 91072K, reserved 1130496K
  class space    used 12447K, committed 12800K, reserved 1048576K
}
Event: 19.564 GC heap after
{Heap after GC invocations=41 (full 0):
 garbage-first heap   total 335872K, used 113859K [0x0000000080000000, 0x0000000100000000)
  region size 1024K, 12 young (12288K), 12 survivors (12288K)
 Metaspace       used 90374K, committed 91072K, reserved 1130496K
  class space    used 12447K, committed 12800K, reserved 1048576K
}
Event: 19.625 GC heap before
{Heap before GC invocations=41 (full 0):
 garbage-first heap   total 335872K, used 117955K [0x0000000080000000, 0x0000000100000000)
  region size 1024K, 16 young (16384K), 12 survivors (12288K)
 Metaspace       used 90958K, committed 91648K, reserved 1130496K
  class space    used 12545K, committed 12864K, reserved 1048576K
}
Event: 19.640 GC heap after
{Heap after GC invocations=42 (full 0):
 garbage-first heap   total 335872K, used 114634K [0x0000000080000000, 0x0000000100000000)
  region size 1024K, 2 young (2048K), 2 survivors (2048K)
 Metaspace       used 90958K, committed 91648K, reserved 1130496K
  class space    used 12545K, committed 12864K, reserved 1048576K
}

Dll operation events (2 events):
Event: 0.029 Loaded shared library C:\Program Files\Android\Android Studio\jbr\bin\java.dll
Event: 0.676 Loaded shared library C:\Program Files\Android\Android Studio\jbr\bin\verify.dll

Deoptimization events (20 events):
Event: 20.296 Thread 0x0000028efdb3fee0 Uncommon trap: trap_request=0xffffff45 fr.pc=0x0000028eed958584 relative=0x0000000000001104
Event: 20.296 Thread 0x0000028efdb3fee0 Uncommon trap: reason=unstable_if action=reinterpret pc=0x0000028eed958584 method=java.lang.String.lastIndexOf(II)I @ 4 c2
Event: 20.296 Thread 0x0000028efdb3fee0 DEOPT PACKING pc=0x0000028eed958584 sp=0x00000095b60f5390
Event: 20.296 Thread 0x0000028efdb3fee0 DEOPT UNPACKING pc=0x0000028eecfd69a3 sp=0x00000095b60f5280 mode 2
Event: 20.296 Thread 0x0000028efdb3fee0 Uncommon trap: trap_request=0xffffff45 fr.pc=0x0000028eed570e24 relative=0x0000000000000184
Event: 20.296 Thread 0x0000028efdb3fee0 Uncommon trap: reason=unstable_if action=reinterpret pc=0x0000028eed570e24 method=java.lang.String.lastIndexOf(II)I @ 4 c2
Event: 20.296 Thread 0x0000028efdb3fee0 DEOPT PACKING pc=0x0000028eed570e24 sp=0x00000095b60f5340
Event: 20.296 Thread 0x0000028efdb3fee0 DEOPT UNPACKING pc=0x0000028eecfd69a3 sp=0x00000095b60f5270 mode 2
Event: 20.296 Thread 0x0000028efdb3fee0 Uncommon trap: trap_request=0xffffff45 fr.pc=0x0000028eed5545e8 relative=0x0000000000000448
Event: 20.296 Thread 0x0000028efdb3fee0 Uncommon trap: reason=unstable_if action=reinterpret pc=0x0000028eed5545e8 method=java.lang.String.substring(II)Ljava/lang/String; @ 31 c2
Event: 20.296 Thread 0x0000028efdb3fee0 DEOPT PACKING pc=0x0000028eed5545e8 sp=0x00000095b60f5300
Event: 20.296 Thread 0x0000028efdb3fee0 DEOPT UNPACKING pc=0x0000028eecfd69a3 sp=0x00000095b60f52d0 mode 2
Event: 20.296 Thread 0x0000028efdb3fee0 Uncommon trap: trap_request=0xffffff45 fr.pc=0x0000028eed705e58 relative=0x0000000000000438
Event: 20.296 Thread 0x0000028efdb3fee0 Uncommon trap: reason=unstable_if action=reinterpret pc=0x0000028eed705e58 method=java.lang.String.substring(II)Ljava/lang/String; @ 31 c2
Event: 20.296 Thread 0x0000028efdb3fee0 DEOPT PACKING pc=0x0000028eed705e58 sp=0x00000095b60f5300
Event: 20.296 Thread 0x0000028efdb3fee0 DEOPT UNPACKING pc=0x0000028eecfd69a3 sp=0x00000095b60f5260 mode 2
Event: 20.296 Thread 0x0000028efdb3fee0 Uncommon trap: trap_request=0xffffff45 fr.pc=0x0000028eed53f500 relative=0x0000000000000180
Event: 20.296 Thread 0x0000028efdb3fee0 Uncommon trap: reason=unstable_if action=reinterpret pc=0x0000028eed53f500 method=java.lang.String.equals(Ljava/lang/Object;)Z @ 33 c2
Event: 20.296 Thread 0x0000028efdb3fee0 DEOPT PACKING pc=0x0000028eed53f500 sp=0x00000095b60f53e0
Event: 20.296 Thread 0x0000028efdb3fee0 DEOPT UNPACKING pc=0x0000028eecfd69a3 sp=0x00000095b60f5370 mode 2

Classes unloaded (0 events):
No events

Classes redefined (0 events):
No events

Internal exceptions (20 events):
Event: 17.090 Thread 0x0000028efdb3fee0 Exception <a 'java/lang/NoSuchMethodError'{0x00000000945b3ba8}: static Lorg/jetbrains/kotlin/gradle/plugin/internal/DefaultIdeaSyncDetectorVariantFactory;.<clinit>()V> (0x00000000945b3ba8) 
thrown [s\src\hotspot\share\prims\jni.cpp, line 1108]
Event: 17.092 Thread 0x0000028efdb3fee0 Exception <a 'java/lang/NoSuchMethodError'{0x00000000945cd470}: static Lorg/jetbrains/kotlin/gradle/plugin/internal/DefaultKotlinTestReportCompatibilityHelperVariantFactory;.<clinit>()V> (0x00000000945cd470) 
thrown [s\src\hotspot\share\prims\jni.cpp, line 1108]
Event: 18.171 Thread 0x0000028efdb3fee0 Exception <a 'java/lang/ClassNotFoundException'{0x0000000091385200}: org/jetbrains/kotlin/gradle/targets/js/npm/DefaultNpmDependencyExtensionBeanInfo> (0x0000000091385200) 
thrown [s\src\hotspot\share\classfile\systemDictionary.cpp, line 256]
Event: 18.172 Thread 0x0000028efdb3fee0 Exception <a 'java/lang/ClassNotFoundException'{0x0000000091391950}: org/jetbrains/kotlin/gradle/targets/js/npm/DefaultNpmDependencyExtensionCustomizer> (0x0000000091391950) 
thrown [s\src\hotspot\share\classfile\systemDictionary.cpp, line 256]
Event: 18.182 Thread 0x0000028efdb3fee0 Exception <a 'java/lang/ClassNotFoundException'{0x00000000913fc5a0}: org/jetbrains/kotlin/gradle/targets/js/npm/NpmDependencyExtensionKt$defaultNpmDependencyDelegate$1BeanInfo> (0x00000000913fc5a0) 
thrown [s\src\hotspot\share\classfile\systemDictionary.cpp, line 256]
Event: 18.183 Thread 0x0000028efdb3fee0 Exception <a 'java/lang/ClassNotFoundException'{0x0000000091209210}: org/jetbrains/kotlin/gradle/targets/js/npm/NpmDependencyExtensionDelegateBeanInfo> (0x0000000091209210) 
thrown [s\src\hotspot\share\classfile\systemDictionary.cpp, line 256]
Event: 18.184 Thread 0x0000028efdb3fee0 Exception <a 'java/lang/ClassNotFoundException'{0x0000000091215970}: org/jetbrains/kotlin/gradle/targets/js/npm/NpmDependencyExtensionDelegateCustomizer> (0x0000000091215970) 
thrown [s\src\hotspot\share\classfile\systemDictionary.cpp, line 256]
Event: 18.186 Thread 0x0000028efdb3fee0 Exception <a 'java/lang/ClassNotFoundException'{0x00000000912371e0}: org/jetbrains/kotlin/gradle/targets/js/npm/NpmDependencyExtensionKt$defaultNpmDependencyDelegate$1Customizer> (0x00000000912371e0) 
thrown [s\src\hotspot\share\classfile\systemDictionary.cpp, line 256]
Event: 18.192 Thread 0x0000028efdb3fee0 Exception <a 'java/lang/ClassNotFoundException'{0x000000009126e760}: org/jetbrains/kotlin/gradle/targets/js/npm/DefaultDevNpmDependencyExtensionBeanInfo> (0x000000009126e760) 
thrown [s\src\hotspot\share\classfile\systemDictionary.cpp, line 256]
Event: 18.193 Thread 0x0000028efdb3fee0 Exception <a 'java/lang/ClassNotFoundException'{0x000000009127aec8}: org/jetbrains/kotlin/gradle/targets/js/npm/DefaultDevNpmDependencyExtensionCustomizer> (0x000000009127aec8) 
thrown [s\src\hotspot\share\classfile\systemDictionary.cpp, line 256]
Event: 18.199 Thread 0x0000028efdb3fee0 Exception <a 'java/lang/ClassNotFoundException'{0x00000000912b5990}: org/jetbrains/kotlin/gradle/targets/js/npm/DefaultPeerNpmDependencyExtensionBeanInfo> (0x00000000912b5990) 
thrown [s\src\hotspot\share\classfile\systemDictionary.cpp, line 256]
Event: 18.199 Thread 0x0000028efdb3fee0 Exception <a 'java/lang/ClassNotFoundException'{0x00000000912c2148}: org/jetbrains/kotlin/gradle/targets/js/npm/DefaultPeerNpmDependencyExtensionCustomizer> (0x00000000912c2148) 
thrown [s\src\hotspot\share\classfile\systemDictionary.cpp, line 256]
Event: 18.204 Thread 0x0000028efdb3fee0 Exception <a 'java/lang/ClassNotFoundException'{0x00000000911046b0}: org/jetbrains/kotlin/gradle/targets/js/npm/DefaultPeerNpmDependencyExtension$delegate$1BeanInfo> (0x00000000911046b0) 
thrown [s\src\hotspot\share\classfile\systemDictionary.cpp, line 256]
Event: 18.205 Thread 0x0000028efdb3fee0 Exception <a 'java/lang/ClassNotFoundException'{0x0000000091111130}: org/jetbrains/kotlin/gradle/targets/js/npm/DefaultPeerNpmDependencyExtension$delegate$1Customizer> (0x0000000091111130) 
thrown [s\src\hotspot\share\classfile\systemDictionary.cpp, line 256]
Event: 19.034 Thread 0x0000028efdb3fee0 Exception <a 'java/lang/NoSuchMethodError'{0x000000008e7055c0}: 'long java.lang.invoke.DirectMethodHandle$Holder.invokeStatic(java.lang.Object)'> (0x000000008e7055c0) 
thrown [s\src\hotspot\share\interpreter\linkResolver.cpp, line 771]
Event: 19.035 Thread 0x0000028efdb3fee0 Exception <a 'java/lang/NoSuchMethodError'{0x000000008e70a160}: 'long java.lang.invoke.DirectMethodHandle$Holder.invokeStaticInit(java.lang.Object)'> (0x000000008e70a160) 
thrown [s\src\hotspot\share\interpreter\linkResolver.cpp, line 771]
Event: 19.584 Thread 0x0000028efdb3fee0 Implicit null exception at 0x0000028eed850593 to 0x0000028eed8506e0
Event: 19.834 Thread 0x0000028efdb3fee0 Exception <a 'java/lang/NoSuchMethodError'{0x0000000093bc3eb8}: 'java.lang.Object java.lang.invoke.Invokers$Holder.invoke_MT(java.lang.Object, java.lang.Object, java.lang.Object)'> (0x0000000093bc3eb8) 
thrown [s\src\hotspot\share\interpreter\linkResolver.cpp, line 771]
Event: 20.084 Thread 0x0000028efdb3fee0 Implicit null exception at 0x0000028eed95b261 to 0x0000028eed95d1e0
Event: 20.115 Thread 0x0000028efdb3fee0 Implicit null exception at 0x0000028eed95f756 to 0x0000028eed961620

VM Operations (20 events):
Event: 17.200 Executing VM operation: HandshakeAllThreads
Event: 17.201 Executing VM operation: HandshakeAllThreads done
Event: 18.201 Executing VM operation: Cleanup
Event: 18.202 Executing VM operation: Cleanup done
Event: 19.042 Executing VM operation: HandshakeAllThreads
Event: 19.042 Executing VM operation: HandshakeAllThreads done
Event: 19.216 Executing VM operation: HandshakeAllThreads
Event: 19.216 Executing VM operation: HandshakeAllThreads done
Event: 19.216 Executing VM operation: Cleanup
Event: 19.216 Executing VM operation: Cleanup done
Event: 19.315 Executing VM operation: HandshakeAllThreads
Event: 19.315 Executing VM operation: HandshakeAllThreads done
Event: 19.544 Executing VM operation: G1CollectForAllocation
Event: 19.564 Executing VM operation: G1CollectForAllocation done
Event: 19.625 Executing VM operation: G1CollectForAllocation
Event: 19.640 Executing VM operation: G1CollectForAllocation done
Event: 19.689 Executing VM operation: HandshakeAllThreads
Event: 19.689 Executing VM operation: HandshakeAllThreads done
Event: 19.860 Executing VM operation: HandshakeAllThreads
Event: 19.860 Executing VM operation: HandshakeAllThreads done

Events (20 events):
Event: 19.833 loading class jdk/internal/misc/ExtendedMapMode done
Event: 19.834 loading class sun/nio/ch/FileChannelImpl$DefaultUnmapper
Event: 19.834 loading class sun/nio/ch/FileChannelImpl$Unmapper
Event: 19.834 loading class jdk/internal/access/foreign/UnmapperProxy
Event: 19.835 loading class jdk/internal/access/foreign/UnmapperProxy done
Event: 19.835 loading class sun/nio/ch/FileChannelImpl$Unmapper done
Event: 19.835 loading class sun/nio/ch/FileChannelImpl$DefaultUnmapper done
Event: 19.835 loading class sun/nio/ch/Util$4
Event: 19.835 loading class sun/nio/ch/Util$4 done
Event: 19.836 loading class java/io/UTFDataFormatException
Event: 19.836 loading class java/io/UTFDataFormatException done
Event: 19.858 loading class java/nio/file/attribute/DosFileAttributeView
Event: 19.858 loading class java/nio/file/attribute/DosFileAttributeView done
Event: 19.858 loading class sun/nio/fs/WindowsFileAttributeViews$Dos
Event: 19.859 loading class sun/nio/fs/WindowsFileAttributeViews$Dos done
Event: 19.906 Thread 0x0000028e825a8570 Thread added: 0x0000028e825a8570
Event: 20.469 loading class java/nio/channels/Channels$ReadableByteChannelImpl
Event: 20.469 loading class java/nio/channels/Channels$ReadableByteChannelImpl done
Event: 20.469 loading class java/nio/channels/NonWritableChannelException
Event: 20.470 loading class java/nio/channels/NonWritableChannelException done


Dynamic libraries:
0x00007ff7af840000 - 0x00007ff7af84a000 	C:\Program Files\Android\Android Studio\jbr\bin\java.exe
0x00007ff987c70000 - 0x00007ff987e64000 	C:\Windows\SYSTEM32\ntdll.dll
0x00007ff986740000 - 0x00007ff9867fd000 	C:\Windows\System32\KERNEL32.DLL
0x00007ff9853c0000 - 0x00007ff985687000 	C:\Windows\System32\KERNELBASE.dll
0x00007ff985730000 - 0x00007ff985830000 	C:\Windows\System32\ucrtbase.dll
0x00007ff97ff80000 - 0x00007ff97ff97000 	C:\Program Files\Android\Android Studio\jbr\bin\jli.dll
0x00007ff9878d0000 - 0x00007ff987a70000 	C:\Windows\System32\USER32.dll
0x00007ff985c60000 - 0x00007ff985c82000 	C:\Windows\System32\win32u.dll
0x00007ff987a70000 - 0x00007ff987a9a000 	C:\Windows\System32\GDI32.dll
0x00007ff985ad0000 - 0x00007ff985bd9000 	C:\Windows\System32\gdi32full.dll
0x00007ff985690000 - 0x00007ff98572d000 	C:\Windows\System32\msvcp_win.dll
0x00007ff973bb0000 - 0x00007ff973bcb000 	C:\Program Files\Android\Android Studio\jbr\bin\VCRUNTIME140.dll
0x00007ff975210000 - 0x00007ff9754aa000 	C:\Windows\WinSxS\amd64_microsoft.windows.common-controls_6595b64144ccf1df_6.0.19041.1_none_b555e41d4684ddec\COMCTL32.dll
0x00007ff986210000 - 0x00007ff9862ae000 	C:\Windows\System32\msvcrt.dll
0x00007ff9861e0000 - 0x00007ff986210000 	C:\Windows\System32\IMM32.DLL
0x00007ff97eaa0000 - 0x00007ff97eaac000 	C:\Program Files\Android\Android Studio\jbr\bin\vcruntime140_1.dll
0x00007ff969c20000 - 0x00007ff969cad000 	C:\Program Files\Android\Android Studio\jbr\bin\msvcp140.dll
0x00007ff95a160000 - 0x00007ff95adce000 	C:\Program Files\Android\Android Studio\jbr\bin\server\jvm.dll
0x00007ff9862b0000 - 0x00007ff98635a000 	C:\Windows\System32\ADVAPI32.dll
0x00007ff986360000 - 0x00007ff9863fb000 	C:\Windows\System32\sechost.dll
0x00007ff986600000 - 0x00007ff986723000 	C:\Windows\System32\RPCRT4.dll
0x00007ff971430000 - 0x00007ff971439000 	C:\Windows\SYSTEM32\WSOCK32.dll
0x00007ff986940000 - 0x00007ff9869ab000 	C:\Windows\System32\WS2_32.dll
0x00007ff976c50000 - 0x00007ff976c77000 	C:\Windows\SYSTEM32\WINMM.dll
0x00007ff97a340000 - 0x00007ff97a34a000 	C:\Windows\SYSTEM32\VERSION.dll
0x00007ff983310000 - 0x00007ff983323000 	C:\Windows\SYSTEM32\kernel.appcore.dll
0x00007ff9812c0000 - 0x00007ff9812ca000 	C:\Program Files\Android\Android Studio\jbr\bin\jimage.dll
0x00007ff96f1e0000 - 0x00007ff96f3c4000 	C:\Windows\SYSTEM32\DBGHELP.DLL
0x00007ff96f170000 - 0x00007ff96f19c000 	C:\Windows\SYSTEM32\dbgcore.DLL
0x00007ff985be0000 - 0x00007ff985c5f000 	C:\Windows\System32\bcryptPrimitives.dll
0x00007ff981250000 - 0x00007ff981275000 	C:\Program Files\Android\Android Studio\jbr\bin\java.dll
0x00007ff9812a0000 - 0x00007ff9812b8000 	C:\Program Files\Android\Android Studio\jbr\bin\zip.dll
0x00007ff9869c0000 - 0x00007ff9870f1000 	C:\Windows\System32\SHELL32.dll
0x00007ff983510000 - 0x00007ff983c9a000 	C:\Windows\SYSTEM32\windows.storage.dll
0x00007ff987390000 - 0x00007ff9876e4000 	C:\Windows\System32\combase.dll
0x00007ff984d00000 - 0x00007ff984d2b000 	C:\Windows\SYSTEM32\Wldp.dll
0x00007ff9876f0000 - 0x00007ff98779e000 	C:\Windows\System32\SHCORE.dll
0x00007ff9868e0000 - 0x00007ff986935000 	C:\Windows\System32\shlwapi.dll
0x00007ff985300000 - 0x00007ff98531f000 	C:\Windows\SYSTEM32\profapi.dll
0x00007ff980610000 - 0x00007ff980629000 	C:\Program Files\Android\Android Studio\jbr\bin\net.dll
0x00007ff97d930000 - 0x00007ff97da30000 	C:\Windows\SYSTEM32\WINHTTP.dll
0x00007ff984af0000 - 0x00007ff984b5a000 	C:\Windows\system32\mswsock.dll
0x00007ff980360000 - 0x00007ff980376000 	C:\Program Files\Android\Android Studio\jbr\bin\nio.dll
0x00007ff980600000 - 0x00007ff980610000 	C:\Program Files\Android\Android Studio\jbr\bin\verify.dll
0x00007ff97ea10000 - 0x00007ff97ea37000 	D:\DOWNLOADS\JetPlayer\native\68d5fa5c4cc2d200863cafc0d521ce42e7d3e7ee720ec0a83991735586a16f82\windows-amd64\native-platform.dll
0x00007ff95af30000 - 0x00007ff95b074000 	D:\DOWNLOADS\JetPlayer\native\e376f236ea51e6404a007f0833ffe2c6e607c4080706a723a18a27aeea778392\windows-amd64\native-platform-file-events.dll
0x00007ff980350000 - 0x00007ff980359000 	C:\Program Files\Android\Android Studio\jbr\bin\management.dll
0x00007ff980210000 - 0x00007ff98021b000 	C:\Program Files\Android\Android Studio\jbr\bin\management_ext.dll
0x00007ff986730000 - 0x00007ff986738000 	C:\Windows\System32\PSAPI.DLL
0x00007ff9850a0000 - 0x00007ff9850b8000 	C:\Windows\SYSTEM32\CRYPTSP.dll
0x00007ff9844a0000 - 0x00007ff9844d4000 	C:\Windows\system32\rsaenh.dll
0x00007ff9859f0000 - 0x00007ff985a17000 	C:\Windows\System32\bcrypt.dll
0x00007ff985280000 - 0x00007ff9852ae000 	C:\Windows\SYSTEM32\USERENV.dll
0x00007ff984c70000 - 0x00007ff984c7c000 	C:\Windows\SYSTEM32\CRYPTBASE.dll
0x00007ff984800000 - 0x00007ff98483b000 	C:\Windows\SYSTEM32\IPHLPAPI.DLL
0x00007ff986400000 - 0x00007ff986409000 	C:\Windows\System32\NSI.dll
0x00007ff97f3a0000 - 0x00007ff97f3b7000 	C:\Windows\SYSTEM32\dhcpcsvc6.DLL
0x00007ff97f380000 - 0x00007ff97f39d000 	C:\Windows\SYSTEM32\dhcpcsvc.DLL
0x00007ff984840000 - 0x00007ff98490a000 	C:\Windows\SYSTEM32\DNSAPI.dll
0x00007ff980200000 - 0x00007ff980207000 	C:\Windows\system32\wshunix.dll

dbghelp: loaded successfully - version: 4.0.5 - missing functions: none
symbol engine: initialized successfully - sym options: 0x614 - pdb path: .;C:\Program Files\Android\Android Studio\jbr\bin;C:\Windows\SYSTEM32;C:\Windows\WinSxS\amd64_microsoft.windows.common-controls_6595b64144ccf1df_6.0.19041.1_none_b555e41d4684ddec;C:\Program Files\Android\Android Studio\jbr\bin\server;D:\DOWNLOADS\JetPlayer\native\68d5fa5c4cc2d200863cafc0d521ce42e7d3e7ee720ec0a83991735586a16f82\windows-amd64;D:\DOWNLOADS\JetPlayer\native\e376f236ea51e6404a007f0833ffe2c6e607c4080706a723a18a27aeea778392\windows-amd64

VM Arguments:
jvm_args: --add-opens=java.base/java.util=ALL-UNNAMED --add-opens=java.base/java.lang=ALL-UNNAMED --add-opens=java.base/java.lang.invoke=ALL-UNNAMED --add-opens=java.prefs/java.util.prefs=ALL-UNNAMED --add-opens=java.base/java.nio.charset=ALL-UNNAMED --add-opens=java.base/java.net=ALL-UNNAMED --add-opens=java.base/java.util.concurrent.atomic=ALL-UNNAMED -Xmx2048m -Dfile.encoding=UTF-8 -Duser.country=US -Duser.language=en -Duser.variant 
java_command: org.gradle.launcher.daemon.bootstrap.GradleDaemon 8.0
java_class_path (initial): D:\DOWNLOADS\JetPlayer\wrapper\dists\gradle-8.0-bin\ca5e32bp14vu59qr306oxotwh\gradle-8.0\lib\gradle-launcher-8.0.jar
Launcher Type: SUN_STANDARD

[Global flags]
     intx CICompilerCount                          = 3                                         {product} {ergonomic}
     uint ConcGCThreads                            = 1                                         {product} {ergonomic}
     uint G1ConcRefinementThreads                  = 4                                         {product} {ergonomic}
   size_t G1HeapRegionSize                         = 1048576                                   {product} {ergonomic}
    uintx GCDrainStackTargetSize                   = 64                                        {product} {ergonomic}
   size_t InitialHeapSize                          = 132120576                                 {product} {ergonomic}
   size_t MarkStackSize                            = 4194304                                   {product} {ergonomic}
   size_t MaxHeapSize                              = 2147483648                                {product} {command line}
   size_t MaxNewSize                               = 1287651328                                {product} {ergonomic}
   size_t MinHeapDeltaBytes                        = 1048576                                   {product} {ergonomic}
   size_t MinHeapSize                              = 8388608                                   {product} {ergonomic}
    uintx NonNMethodCodeHeapSize                   = 5832780                                {pd product} {ergonomic}
    uintx NonProfiledCodeHeapSize                  = 122912730                              {pd product} {ergonomic}
    uintx ProfiledCodeHeapSize                     = 122912730                              {pd product} {ergonomic}
    uintx ReservedCodeCacheSize                    = 251658240                              {pd product} {ergonomic}
     bool SegmentedCodeCache                       = true                                      {product} {ergonomic}
   size_t SoftMaxHeapSize                          = 2147483648                             {manageable} {ergonomic}
     bool UseCompressedClassPointers               = true                           {product lp64_product} {ergonomic}
     bool UseCompressedOops                        = true                           {product lp64_product} {ergonomic}
     bool UseG1GC                                  = true                                      {product} {ergonomic}
     bool UseLargePagesIndividualAllocation        = false                                  {pd product} {ergonomic}

Logging:
Log output configuration:
 #0: stdout all=warning uptime,level,tags
 #1: stderr all=off uptime,level,tags

Environment Variables:
JAVA_HOME=C:\Program Files\Zulu\zulu-17
PATH=C:\Program Files\Zulu\zulu-17\bin\;C:\Program Files\Common Files\Oracle\Java\javapath;C:\Program Files (x86)\Common Files\Oracle\Java\javapath;C:\Program Files\Zulu\zulu-8\bin\;C:\ProgramData\Oracle\Java\javapath;C:\Windows\system32;C:\Windows;C:\Windows\System32\Wbem;C:\Windows\System32\WindowsPowerShell\v1.0\;C:\Windows\System32\OpenSSH\;C:\Program Files (x86)\dotnet\;C:\Program Files\dotnet\;C:\Program Files (x86)\QuickTime\QTSystem\;D:\DOWNLOADS\gradle-8.3-all\gradle-8.3\bin;C:\Program Files\Git\cmd;C:\Program Files\Java\jdk-21\bin;C:\Users\ACER\AppData\Local\Microsoft\WindowsApps;C:\Users\ACER\AppData\Local\Programs\Microsoft VS Code\bin;C:\Program Files\Java\jdk-21\bin;
USERNAME=ACER
OS=Windows_NT
PROCESSOR_IDENTIFIER=Intel64 Family 6 Model 58 Stepping 9, GenuineIntel
TMP=C:\Users\ACER\AppData\Local\Temp
TEMP=C:\Users\ACER\AppData\Local\Temp


JNI global refs:
JNI global refs: 23, weak refs: 0

JNI global refs memory usage: 843, weak refs: 209


---------------  S Y S T E M  ---------------

OS:
 Windows 10 , 64 bit Build 19041 (10.0.19041.207)
OS uptime: 0 days 3:36 hours
Hyper-V role detected

CPU: total 4 (initial active 4) (2 cores per cpu, 2 threads per core) family 6 model 58 stepping 9 microcode 0x21, cx8, cmov, fxsr, ht, mmx, sse, sse2, sse3, ssse3, sse4.1, sse4.2, popcnt, tsc, tscinvbit, avx, aes, erms, clmul, vzeroupper, clflush, hv

Memory: 4k page, system-wide physical 8030M (1006M free)
TotalPageFile size 10078M (AvailPageFile size 5M)
current process WorkingSet (physical memory assigned to process): 541M, peak: 543M
current process commit charge ("private bytes"): 599M, peak: 599M

vm_info: OpenJDK 64-Bit Server VM (17.0.6+0-b2043.56-10027231) for windows-amd64 JRE (17.0.6+0-b2043.56-10027231), built on Apr 28 2023 00:43:19 by "androidbuild" with MS VC++ 16.10 / 16.11 (VS2019)

END.
