#
# There is insufficient memory for the Java Runtime Environment to continue.
# Native memory allocation (mmap) failed to map 252706816 bytes for G1 virtual space
# Possible reasons:
#   The system is out of physical RAM or swap space
#   The process is running with CompressedOops enabled, and the Java Heap may be blocking the growth of the native heap
# Possible solutions:
#   Reduce memory load on the system
#   Increase physical memory or swap space
#   Check if swap backing store is full
#   Decrease Java heap size (-Xmx/-Xms)
#   Decrease number of Java threads
#   Decrease Java thread stack sizes (-Xss)
#   Set larger code cache with -XX:ReservedCodeCacheSize=
#   JVM is running with Unscaled Compressed Oops mode in which the Java heap is
#     placed in the first 4GB address space. The Java Heap base address is the
#     maximum limit for the native heap growth. Please use -XX:HeapBaseMinAddress
#     to set the Java Heap base and to place the Java Heap above 4GB virtual address.
# This output file may be truncated or incomplete.
#
#  Out of Memory Error (os_windows.cpp:3613), pid=9520, tid=4260
#
# JRE version: OpenJDK Runtime Environment Zulu17.46+19-CA (17.0.9+8) (build 17.0.9+8-LTS)
# Java VM: OpenJDK 64-Bit Server VM Zulu17.46+19-CA (17.0.9+8-LTS, mixed mode, sharing, tiered, compressed oops, compressed class ptrs, g1 gc, windows-amd64)
# No core dump will be written. Minidumps are not enabled by default on client versions of Windows
#

---------------  S U M M A R Y ------------

Command Line: --add-opens=java.base/java.util=ALL-UNNAMED --add-opens=java.base/java.lang=ALL-UNNAMED --add-opens=java.base/java.lang.invoke=ALL-UNNAMED --add-opens=java.prefs/java.util.prefs=ALL-UNNAMED --add-opens=java.base/java.nio.charset=ALL-UNNAMED --add-opens=java.base/java.net=ALL-UNNAMED --add-opens=java.base/java.util.concurrent.atomic=ALL-UNNAMED -Xmx2048m -Dfile.encoding=UTF-8 -Duser.country=US -Duser.language=en -Duser.variant org.gradle.launcher.daemon.bootstrap.GradleDaemon 8.0

Host: Intel(R) Core(TM) i5-3210M CPU @ 2.50GHz, 4 cores, 7G,  Windows 10 , 64 bit Build 19041 (10.0.19041.207)
Time: Mon Jan 22 16:52:09 2024 SE Asia Standard Time elapsed time: 47.532745 seconds (0d 0h 0m 47s)

---------------  T H R E A D  ---------------

Current thread (0x000001b2aa40f800):  VMThread "VM Thread" [stack: 0x0000002623700000,0x0000002623800000] [id=4260]

Stack: [0x0000002623700000,0x0000002623800000]
Native frames: (J=compiled Java code, j=interpreted, Vv=VM code, C=native code)
V  [jvm.dll+0x681239]
V  [jvm.dll+0x838dba]
V  [jvm.dll+0x83a87e]
V  [jvm.dll+0x83aee3]
V  [jvm.dll+0x24b92f]
V  [jvm.dll+0x67e049]
V  [jvm.dll+0x67299a]
V  [jvm.dll+0x30b7db]
V  [jvm.dll+0x312c86]
V  [jvm.dll+0x36327e]
V  [jvm.dll+0x3634af]
V  [jvm.dll+0x2e2438]
V  [jvm.dll+0x2e0614]
V  [jvm.dll+0x2dfc1c]
V  [jvm.dll+0x323c3b]
V  [jvm.dll+0x83f3db]
V  [jvm.dll+0x840121]
V  [jvm.dll+0x84063d]
V  [jvm.dll+0x840a14]
V  [jvm.dll+0x840ae0]
V  [jvm.dll+0x7e825a]
V  [jvm.dll+0x680125]
C  [ucrtbase.dll+0x21542]
C  [KERNEL32.DLL+0x16fd4]
C  [ntdll.dll+0x4cec1]

VM_Operation (0x0000002624df6290): G1CollectForAllocation, mode: safepoint, requested by thread 0x000001b2f0b8f1b0


---------------  P R O C E S S  ---------------

Threads class SMR info:
_java_thread_list=0x000001b2f2f1aed0, length=86, elements={
0x000001b28c7a5ec0, 0x000001b2aa4157c0, 0x000001b2aa416d00, 0x000001b2aa424810,
0x000001b2aa427110, 0x000001b2aa4291a0, 0x000001b2aa42b370, 0x000001b2aa43cd10,
0x000001b2aa43d6e0, 0x000001b2aa44b400, 0x000001b2aa66c060, 0x000001b2aa677550,
0x000001b2f1db38d0, 0x000001b2aa7cfdb0, 0x000001b2f11199c0, 0x000001b2f0b2b970,
0x000001b2f1b6e920, 0x000001b2f17c8060, 0x000001b2f0b8f1b0, 0x000001b2f0b8e790,
0x000001b2f0b8f6c0, 0x000001b2f0b8eca0, 0x000001b2f0b8fbd0, 0x000001b2f0b900e0,
0x000001b2f18f2f50, 0x000001b2f18efcb0, 0x000001b2f18f1600, 0x000001b2f18f1b10,
0x000001b2f18ee360, 0x000001b2f18ed430, 0x000001b2f18ef290, 0x000001b2f18ef7a0,
0x000001b2f18f2530, 0x000001b2f18f2a40, 0x000001b2f18f01c0, 0x000001b2f18ecf20,
0x000001b2f18f3970, 0x000001b2f18f3e80, 0x000001b2f18ede50, 0x000001b2f18f06d0,
0x000001b2f10faf00, 0x000001b2f10f7240, 0x000001b2f10f6d30, 0x000001b2f10fa4e0,
0x000001b2f10fa9f0, 0x000001b2f10fbe30, 0x000001b2f10fb410, 0x000001b2f10f9ac0,
0x000001b2f10fb920, 0x000001b2f10fc340, 0x000001b2f10fcd60, 0x000001b2f10fc850,
0x000001b2f10fd270, 0x000001b2f10fd780, 0x000001b2f10fdc90, 0x000001b2f10fe1a0,
0x000001b2f10fe6b0, 0x000001b2f10f7750, 0x000001b2f10f7c60, 0x000001b2f10f8170,
0x000001b2f10f8680, 0x000001b2f10f8b90, 0x000001b2f10f95b0, 0x000001b2f10f90a0,
0x000001b2f10f9fd0, 0x000001b2aa73b530, 0x000001b2aa735500, 0x000001b2aa735a10,
0x000001b2aa73a0f0, 0x000001b2aa738cb0, 0x000001b2aa738290, 0x000001b2aa73b020,
0x000001b2aa737360, 0x000001b2aa735f20, 0x000001b2aa739be0, 0x000001b2aa73a600,
0x000001b2aa7391c0, 0x000001b2aa73ab10, 0x000001b2aa736430, 0x000001b2aa736940,
0x000001b2aa737870, 0x000001b2aa737d80, 0x000001b2aa73ba40, 0x000001b2aa73bf50,
0x000001b2aa73c970, 0x000001b2f2d7cf20
}

Java Threads: ( => current thread )
  0x000001b28c7a5ec0 JavaThread "main" [_thread_blocked, id=4016, stack(0x0000002623100000,0x0000002623200000)]
  0x000001b2aa4157c0 JavaThread "Reference Handler" daemon [_thread_blocked, id=8316, stack(0x0000002623800000,0x0000002623900000)]
  0x000001b2aa416d00 JavaThread "Finalizer" daemon [_thread_blocked, id=560, stack(0x0000002623900000,0x0000002623a00000)]
  0x000001b2aa424810 JavaThread "Signal Dispatcher" daemon [_thread_blocked, id=2808, stack(0x0000002623a00000,0x0000002623b00000)]
  0x000001b2aa427110 JavaThread "Attach Listener" daemon [_thread_blocked, id=2812, stack(0x0000002623b00000,0x0000002623c00000)]
  0x000001b2aa4291a0 JavaThread "Service Thread" daemon [_thread_blocked, id=5880, stack(0x0000002623c00000,0x0000002623d00000)]
  0x000001b2aa42b370 JavaThread "Monitor Deflation Thread" daemon [_thread_blocked, id=4956, stack(0x0000002623d00000,0x0000002623e00000)]
  0x000001b2aa43cd10 JavaThread "C2 CompilerThread0" daemon [_thread_in_native, id=10540, stack(0x0000002623e00000,0x0000002623f00000)]
  0x000001b2aa43d6e0 JavaThread "C1 CompilerThread0" daemon [_thread_blocked, id=3164, stack(0x0000002623f00000,0x0000002624000000)]
  0x000001b2aa44b400 JavaThread "Sweeper thread" daemon [_thread_blocked, id=8496, stack(0x0000002624000000,0x0000002624100000)]
  0x000001b2aa66c060 JavaThread "Common-Cleaner" daemon [_thread_blocked, id=124, stack(0x0000002624100000,0x0000002624200000)]
  0x000001b2aa677550 JavaThread "Notification Thread" daemon [_thread_blocked, id=7824, stack(0x0000002624200000,0x0000002624300000)]
  0x000001b2f1db38d0 JavaThread "Daemon health stats" [_thread_blocked, id=9812, stack(0x0000002624800000,0x0000002624900000)]
  0x000001b2aa7cfdb0 JavaThread "Incoming local TCP Connector on port 52933" [_thread_in_native, id=9448, stack(0x0000002624400000,0x0000002624500000)]
  0x000001b2f11199c0 JavaThread "Daemon periodic checks" [_thread_blocked, id=5892, stack(0x0000002624900000,0x0000002624a00000)]
  0x000001b2f0b2b970 JavaThread "Daemon" [_thread_blocked, id=2524, stack(0x0000002624a00000,0x0000002624b00000)]
  0x000001b2f1b6e920 JavaThread "Handler for socket connection from /127.0.0.1:52933 to /127.0.0.1:52934" [_thread_in_native, id=9024, stack(0x0000002624b00000,0x0000002624c00000)]
  0x000001b2f17c8060 JavaThread "Cancel handler" [_thread_blocked, id=9628, stack(0x0000002624c00000,0x0000002624d00000)]
  0x000001b2f0b8f1b0 JavaThread "Daemon worker" [_thread_blocked, id=7820, stack(0x0000002624d00000,0x0000002624e00000)]
  0x000001b2f0b8e790 JavaThread "Asynchronous log dispatcher for DefaultDaemonConnection: socket connection from /127.0.0.1:52933 to /127.0.0.1:52934" [_thread_blocked, id=6948, stack(0x0000002624e00000,0x0000002624f00000)]
  0x000001b2f0b8f6c0 JavaThread "Stdin handler" [_thread_blocked, id=10160, stack(0x0000002624f00000,0x0000002625000000)]
  0x000001b2f0b8eca0 JavaThread "Daemon client event forwarder" [_thread_blocked, id=4500, stack(0x0000002625000000,0x0000002625100000)]
  0x000001b2f0b8fbd0 JavaThread "Cache worker for journal cache (D:\DOWNLOADS\JetPlayer\caches\journal-1)" [_thread_blocked, id=10532, stack(0x0000002625100000,0x0000002625200000)]
  0x000001b2f0b900e0 JavaThread "File lock request listener" [_thread_in_native, id=2944, stack(0x0000002625200000,0x0000002625300000)]
  0x000001b2f18f2f50 JavaThread "Cache worker for file hash cache (D:\DOWNLOADS\JetPlayer\caches\8.0\fileHashes)" [_thread_blocked, id=6692, stack(0x0000002625400000,0x0000002625500000)]
  0x000001b2f18efcb0 JavaThread "File watcher server" daemon [_thread_in_native, id=10924, stack(0x0000002625500000,0x0000002625600000)]
  0x000001b2f18f1600 JavaThread "File watcher consumer" daemon [_thread_blocked, id=8840, stack(0x0000002625600000,0x0000002625700000)]
  0x000001b2f18f1b10 JavaThread "Cache worker for checksums cache (C:\Users\ACER\AndroidStudioProjects\ShoesCare\.gradle\8.0\checksums)" [_thread_blocked, id=8688, stack(0x0000002625700000,0x0000002625800000)]
  0x000001b2f18ee360 JavaThread "Cache worker for cache directory md-rule (D:\DOWNLOADS\JetPlayer\caches\8.0\md-rule)" [_thread_blocked, id=2720, stack(0x0000002625800000,0x0000002625900000)]
  0x000001b2f18ed430 JavaThread "Cache worker for file content cache (D:\DOWNLOADS\JetPlayer\caches\8.0\fileContent)" [_thread_blocked, id=8892, stack(0x0000002625900000,0x0000002625a00000)]
  0x000001b2f18ef290 JavaThread "Cache worker for file hash cache (C:\Users\ACER\AndroidStudioProjects\ShoesCare\.gradle\8.0\fileHashes)" [_thread_blocked, id=7328, stack(0x0000002625a00000,0x0000002625b00000)]
  0x000001b2f18ef7a0 JavaThread "Cache worker for cache directory md-supplier (D:\DOWNLOADS\JetPlayer\caches\8.0\md-supplier)" [_thread_blocked, id=6820, stack(0x0000002625b00000,0x0000002625c00000)]
  0x000001b2f18f2530 JavaThread "Cache worker for execution history cache (D:\DOWNLOADS\JetPlayer\caches\8.0\executionHistory)" [_thread_blocked, id=3788, stack(0x0000002625c00000,0x0000002625d00000)]
  0x000001b2f18f2a40 JavaThread "jar transforms" [_thread_blocked, id=9556, stack(0x0000002625e00000,0x0000002625f00000)]
  0x000001b2f18f01c0 JavaThread "jar transforms Thread 2" [_thread_blocked, id=3212, stack(0x0000002625f00000,0x0000002626000000)]
  0x000001b2f18ecf20 JavaThread "jar transforms Thread 3" [_thread_blocked, id=8896, stack(0x0000002626000000,0x0000002626100000)]
  0x000001b2f18f3970 JavaThread "jar transforms Thread 4" [_thread_blocked, id=2400, stack(0x0000002626100000,0x0000002626200000)]
  0x000001b2f18f3e80 JavaThread "Cache worker for kotlin-dsl (D:\DOWNLOADS\JetPlayer\caches\8.0\kotlin-dsl)" [_thread_blocked, id=6212, stack(0x0000002626200000,0x0000002626300000)]
  0x000001b2f18ede50 JavaThread "Cache worker for dependencies-accessors (C:\Users\ACER\AndroidStudioProjects\ShoesCare\.gradle\8.0\dependencies-accessors)" [_thread_blocked, id=3276, stack(0x0000002625d00000,0x0000002625e00000)]
  0x000001b2f18f06d0 JavaThread "Cache worker for Build Output Cleanup Cache (C:\Users\ACER\AndroidStudioProjects\ShoesCare\.gradle\buildOutputCleanup)" [_thread_blocked, id=7376, stack(0x0000002626400000,0x0000002626500000)]
  0x000001b2f10faf00 JavaThread "Unconstrained build operations" [_thread_blocked, id=5748, stack(0x0000002626500000,0x0000002626600000)]
  0x000001b2f10f7240 JavaThread "Unconstrained build operations Thread 2" [_thread_blocked, id=8300, stack(0x0000002626600000,0x0000002626700000)]
  0x000001b2f10f6d30 JavaThread "Unconstrained build operations Thread 3" [_thread_blocked, id=8304, stack(0x0000002626700000,0x0000002626800000)]
  0x000001b2f10fa4e0 JavaThread "Unconstrained build operations Thread 4" [_thread_blocked, id=4916, stack(0x0000002626800000,0x0000002626900000)]
  0x000001b2f10fa9f0 JavaThread "Unconstrained build operations Thread 5" [_thread_blocked, id=7256, stack(0x0000002626900000,0x0000002626a00000)]
  0x000001b2f10fbe30 JavaThread "Unconstrained build operations Thread 6" [_thread_blocked, id=5256, stack(0x0000002626a00000,0x0000002626b00000)]
  0x000001b2f10fb410 JavaThread "Unconstrained build operations Thread 7" [_thread_blocked, id=1164, stack(0x0000002626b00000,0x0000002626c00000)]
  0x000001b2f10f9ac0 JavaThread "Unconstrained build operations Thread 8" [_thread_blocked, id=2020, stack(0x0000002626c00000,0x0000002626d00000)]
  0x000001b2f10fb920 JavaThread "Unconstrained build operations Thread 9" [_thread_blocked, id=2436, stack(0x0000002626d00000,0x0000002626e00000)]
  0x000001b2f10fc340 JavaThread "Unconstrained build operations Thread 10" [_thread_blocked, id=10748, stack(0x0000002626e00000,0x0000002626f00000)]
  0x000001b2f10fcd60 JavaThread "Unconstrained build operations Thread 11" [_thread_blocked, id=7080, stack(0x0000002626f00000,0x0000002627000000)]
  0x000001b2f10fc850 JavaThread "Unconstrained build operations Thread 12" [_thread_blocked, id=7052, stack(0x0000002627000000,0x0000002627100000)]
  0x000001b2f10fd270 JavaThread "Unconstrained build operations Thread 13" [_thread_blocked, id=9356, stack(0x0000002627100000,0x0000002627200000)]
  0x000001b2f10fd780 JavaThread "Unconstrained build operations Thread 14" [_thread_blocked, id=6996, stack(0x0000002627200000,0x0000002627300000)]
  0x000001b2f10fdc90 JavaThread "Unconstrained build operations Thread 15" [_thread_blocked, id=2888, stack(0x0000002627300000,0x0000002627400000)]
  0x000001b2f10fe1a0 JavaThread "Unconstrained build operations Thread 16" [_thread_blocked, id=3144, stack(0x0000002627400000,0x0000002627500000)]
  0x000001b2f10fe6b0 JavaThread "Unconstrained build operations Thread 17" [_thread_blocked, id=4724, stack(0x0000002627500000,0x0000002627600000)]
  0x000001b2f10f7750 JavaThread "Unconstrained build operations Thread 18" [_thread_blocked, id=8412, stack(0x0000002627600000,0x0000002627700000)]
  0x000001b2f10f7c60 JavaThread "Unconstrained build operations Thread 19" [_thread_blocked, id=11024, stack(0x0000002627700000,0x0000002627800000)]
  0x000001b2f10f8170 JavaThread "Unconstrained build operations Thread 20" [_thread_blocked, id=820, stack(0x0000002627800000,0x0000002627900000)]
  0x000001b2f10f8680 JavaThread "Unconstrained build operations Thread 21" [_thread_blocked, id=4960, stack(0x0000002627900000,0x0000002627a00000)]
  0x000001b2f10f8b90 JavaThread "Unconstrained build operations Thread 22" [_thread_blocked, id=3224, stack(0x0000002627a00000,0x0000002627b00000)]
  0x000001b2f10f95b0 JavaThread "Unconstrained build operations Thread 23" [_thread_blocked, id=5888, stack(0x0000002627b00000,0x0000002627c00000)]
  0x000001b2f10f90a0 JavaThread "Unconstrained build operations Thread 24" [_thread_blocked, id=7296, stack(0x0000002627c00000,0x0000002627d00000)]
  0x000001b2f10f9fd0 JavaThread "Unconstrained build operations Thread 25" [_thread_blocked, id=5724, stack(0x0000002627d00000,0x0000002627e00000)]
  0x000001b2aa73b530 JavaThread "Unconstrained build operations Thread 26" [_thread_blocked, id=1656, stack(0x0000002627e00000,0x0000002627f00000)]
  0x000001b2aa735500 JavaThread "Unconstrained build operations Thread 27" [_thread_blocked, id=5112, stack(0x0000002627f00000,0x0000002628000000)]
  0x000001b2aa735a10 JavaThread "Unconstrained build operations Thread 28" [_thread_blocked, id=11052, stack(0x0000002628000000,0x0000002628100000)]
  0x000001b2aa73a0f0 JavaThread "Unconstrained build operations Thread 29" [_thread_blocked, id=11004, stack(0x0000002628100000,0x0000002628200000)]
  0x000001b2aa738cb0 JavaThread "Unconstrained build operations Thread 30" [_thread_blocked, id=1176, stack(0x0000002628200000,0x0000002628300000)]
  0x000001b2aa738290 JavaThread "Unconstrained build operations Thread 31" [_thread_blocked, id=4600, stack(0x0000002628300000,0x0000002628400000)]
  0x000001b2aa73b020 JavaThread "Unconstrained build operations Thread 32" [_thread_blocked, id=11160, stack(0x0000002628400000,0x0000002628500000)]
  0x000001b2aa737360 JavaThread "Unconstrained build operations Thread 33" [_thread_blocked, id=6496, stack(0x0000002628500000,0x0000002628600000)]
  0x000001b2aa735f20 JavaThread "Unconstrained build operations Thread 34" [_thread_blocked, id=3080, stack(0x0000002628600000,0x0000002628700000)]
  0x000001b2aa739be0 JavaThread "Unconstrained build operations Thread 35" [_thread_blocked, id=9680, stack(0x0000002628700000,0x0000002628800000)]
  0x000001b2aa73a600 JavaThread "Unconstrained build operations Thread 36" [_thread_blocked, id=5720, stack(0x0000002628800000,0x0000002628900000)]
  0x000001b2aa7391c0 JavaThread "Unconstrained build operations Thread 37" [_thread_blocked, id=5932, stack(0x0000002628900000,0x0000002628a00000)]
  0x000001b2aa73ab10 JavaThread "Unconstrained build operations Thread 38" [_thread_blocked, id=9624, stack(0x0000002628a00000,0x0000002628b00000)]
  0x000001b2aa736430 JavaThread "Unconstrained build operations Thread 39" [_thread_blocked, id=784, stack(0x0000002628b00000,0x0000002628c00000)]
  0x000001b2aa736940 JavaThread "Unconstrained build operations Thread 40" [_thread_blocked, id=1400, stack(0x0000002628c00000,0x0000002628d00000)]
  0x000001b2aa737870 JavaThread "build event listener" [_thread_blocked, id=400, stack(0x0000002628d00000,0x0000002628e00000)]
  0x000001b2aa737d80 JavaThread "Memory manager" [_thread_blocked, id=1328, stack(0x0000002628e00000,0x0000002628f00000)]
  0x000001b2aa73ba40 JavaThread "build event listener" [_thread_blocked, id=9364, stack(0x0000002628f00000,0x0000002629000000)]
  0x000001b2aa73bf50 JavaThread "build event listener" [_thread_blocked, id=10460, stack(0x0000002629000000,0x0000002629100000)]
  0x000001b2aa73c970 JavaThread "Kotlin DSL Writer" [_thread_blocked, id=4168, stack(0x0000002629200000,0x0000002629300000)]
  0x000001b2f2d7cf20 JavaThread "C2 CompilerThread1" daemon [_thread_blocked, id=1848, stack(0x0000002629300000,0x0000002629400000)]

Other Threads:
=>0x000001b2aa40f800 VMThread "VM Thread" [stack: 0x0000002623700000,0x0000002623800000] [id=4260]
  0x000001b2aa677a40 WatcherThread [stack: 0x0000002624300000,0x0000002624400000] [id=6648]
  0x000001b28c8003b0 GCTaskThread "GC Thread#0" [stack: 0x0000002623200000,0x0000002623300000] [id=10356]
  0x000001b2f03bb650 GCTaskThread "GC Thread#1" [stack: 0x0000002624500000,0x0000002624600000] [id=3560]
  0x000001b2f03bb920 GCTaskThread "GC Thread#2" [stack: 0x0000002624600000,0x0000002624700000] [id=4484]
  0x000001b2f02710d0 GCTaskThread "GC Thread#3" [stack: 0x0000002624700000,0x0000002624800000] [id=10388]
  0x000001b28c811220 ConcurrentGCThread "G1 Main Marker" [stack: 0x0000002623300000,0x0000002623400000] [id=9160]
  0x000001b28c8122f0 ConcurrentGCThread "G1 Conc#0" [stack: 0x0000002623400000,0x0000002623500000] [id=6128]
  0x000001b2aa2d24b0 ConcurrentGCThread "G1 Refine#0" [stack: 0x0000002623500000,0x0000002623600000] [id=10044]
  0x000001b2f357f7f0 ConcurrentGCThread "G1 Refine#1" [stack: 0x0000002625300000,0x0000002625400000] [id=3204]
  0x000001b28c868e20 ConcurrentGCThread "G1 Service" [stack: 0x0000002623600000,0x0000002623700000] [id=9020]

Threads with active compile tasks:
C2 CompilerThread0    47602 9038       4       kotlin.text.StringsKt__IndentKt::replaceIndent (544 bytes)
C2 CompilerThread1    47602 9058       4       kotlin.collections.CollectionsKt___CollectionsKt::joinTo (156 bytes)

VM state: at safepoint (normal execution)

VM Mutex/Monitor currently owned by a thread:  ([mutex/lock_event])
[0x000001b28c7a19f0] Threads_lock - owner thread: 0x000001b2aa40f800
[0x000001b28c7a18d0] Heap_lock - owner thread: 0x000001b2f0b8f1b0

Heap address: 0x0000000080000000, size: 2048 MB, Compressed Oops mode: 32-bit

CDS archive(s) mapped at: [0x000001b2ab000000-0x000001b2abbd0000-0x000001b2abbd0000), size 12386304, SharedBaseAddress: 0x000001b2ab000000, ArchiveRelocationMode: 1.
Compressed class space mapped at: 0x000001b2ac000000-0x000001b2ec000000, reserved size: 1073741824
Narrow klass base: 0x000001b2ab000000, Narrow klass shift: 0, Narrow klass range: 0x100000000

GC Precious Log:
 CPUs: 4 total, 4 available
 Memory: 8030M
 Large Page Support: Disabled
 NUMA Support: Disabled
 Compressed Oops: Enabled (32-bit)
 Heap Region Size: 1M
 Heap Min Capacity: 8M
 Heap Initial Capacity: 126M
 Heap Max Capacity: 2G
 Pre-touch: Disabled
 Parallel Workers: 4
 Concurrent Workers: 1
 Concurrent Refinement Workers: 4
 Periodic GC: Disabled

Heap:
 garbage-first heap   total 163840K, used 73799K [0x0000000080000000, 0x0000000100000000)
  region size 1024K, 2 young (2048K), 2 survivors (2048K)
 Metaspace       used 73505K, committed 74176K, reserved 1114112K
  class space    used 10151K, committed 10432K, reserved 1048576K

Heap Regions: E=young(eden), S=young(survivor), O=old, HS=humongous(starts), HC=humongous(continues), CS=collection set, F=free, OA=open archive, CA=closed archive, TAMS=top-at-mark-start (previous, next)
|   0|0x0000000080000000, 0x0000000080100000, 0x0000000080100000|100%| O|  |TAMS 0x0000000080100000, 0x0000000080000000| Untracked 
|   1|0x0000000080100000, 0x0000000080200000, 0x0000000080200000|100%| O|  |TAMS 0x0000000080200000, 0x0000000080100000| Untracked 
|   2|0x0000000080200000, 0x0000000080300000, 0x0000000080300000|100%|HS|  |TAMS 0x0000000080300000, 0x0000000080200000| Complete 
|   3|0x0000000080300000, 0x0000000080400000, 0x0000000080400000|100%|HC|  |TAMS 0x0000000080400000, 0x0000000080300000| Complete 
|   4|0x0000000080400000, 0x0000000080500000, 0x0000000080500000|100%|HC|  |TAMS 0x0000000080500000, 0x0000000080400000| Complete 
|   5|0x0000000080500000, 0x0000000080600000, 0x0000000080600000|100%|HC|  |TAMS 0x0000000080600000, 0x0000000080500000| Complete 
|   6|0x0000000080600000, 0x0000000080700000, 0x0000000080700000|100%| O|  |TAMS 0x0000000080700000, 0x0000000080600000| Untracked 
|   7|0x0000000080700000, 0x0000000080800000, 0x0000000080800000|100%| O|  |TAMS 0x0000000080800000, 0x0000000080700000| Untracked 
|   8|0x0000000080800000, 0x0000000080900000, 0x0000000080900000|100%| O|  |TAMS 0x0000000080900000, 0x0000000080800000| Untracked 
|   9|0x0000000080900000, 0x0000000080a00000, 0x0000000080a00000|100%| O|  |TAMS 0x0000000080a00000, 0x0000000080900000| Untracked 
|  10|0x0000000080a00000, 0x0000000080b00000, 0x0000000080b00000|100%| O|  |TAMS 0x0000000080b00000, 0x0000000080a00000| Untracked 
|  11|0x0000000080b00000, 0x0000000080c00000, 0x0000000080c00000|100%| O|  |TAMS 0x0000000080c00000, 0x0000000080b00000| Untracked 
|  12|0x0000000080c00000, 0x0000000080d00000, 0x0000000080d00000|100%| O|  |TAMS 0x0000000080d00000, 0x0000000080c00000| Untracked 
|  13|0x0000000080d00000, 0x0000000080e00000, 0x0000000080e00000|100%| O|  |TAMS 0x0000000080e00000, 0x0000000080d00000| Untracked 
|  14|0x0000000080e00000, 0x0000000080f00000, 0x0000000080f00000|100%| O|  |TAMS 0x0000000080f00000, 0x0000000080e00000| Untracked 
|  15|0x0000000080f00000, 0x0000000081000000, 0x0000000081000000|100%| O|  |TAMS 0x0000000081000000, 0x0000000080f00000| Untracked 
|  16|0x0000000081000000, 0x0000000081100000, 0x0000000081100000|100%| O|  |TAMS 0x0000000081100000, 0x0000000081000000| Untracked 
|  17|0x0000000081100000, 0x0000000081200000, 0x0000000081200000|100%| O|  |TAMS 0x0000000081200000, 0x0000000081100000| Untracked 
|  18|0x0000000081200000, 0x0000000081300000, 0x0000000081300000|100%| O|  |TAMS 0x0000000081300000, 0x0000000081200000| Untracked 
|  19|0x0000000081300000, 0x0000000081400000, 0x0000000081400000|100%| O|  |TAMS 0x0000000081400000, 0x0000000081300000| Untracked 
|  20|0x0000000081400000, 0x0000000081500000, 0x0000000081500000|100%| O|  |TAMS 0x0000000081500000, 0x0000000081400000| Untracked 
|  21|0x0000000081500000, 0x0000000081600000, 0x0000000081600000|100%| O|  |TAMS 0x0000000081600000, 0x0000000081500000| Untracked 
|  22|0x0000000081600000, 0x0000000081700000, 0x0000000081700000|100%| O|  |TAMS 0x0000000081700000, 0x0000000081600000| Untracked 
|  23|0x0000000081700000, 0x0000000081800000, 0x0000000081800000|100%| O|  |TAMS 0x0000000081800000, 0x0000000081700000| Untracked 
|  24|0x0000000081800000, 0x0000000081900000, 0x0000000081900000|100%| O|  |TAMS 0x0000000081900000, 0x0000000081800000| Untracked 
|  25|0x0000000081900000, 0x0000000081a00000, 0x0000000081a00000|100%| O|  |TAMS 0x0000000081a00000, 0x0000000081900000| Untracked 
|  26|0x0000000081a00000, 0x0000000081b00000, 0x0000000081b00000|100%| O|  |TAMS 0x0000000081b00000, 0x0000000081a00000| Untracked 
|  27|0x0000000081b00000, 0x0000000081b7a200, 0x0000000081c00000| 47%| O|  |TAMS 0x0000000081b00000, 0x0000000081b00000| Untracked 
|  28|0x0000000081c00000, 0x0000000081d00000, 0x0000000081d00000|100%| O|  |TAMS 0x0000000081d00000, 0x0000000081c00000| Untracked 
|  29|0x0000000081d00000, 0x0000000081e00000, 0x0000000081e00000|100%| O|  |TAMS 0x0000000081e00000, 0x0000000081d00000| Untracked 
|  30|0x0000000081e00000, 0x0000000081f00000, 0x0000000081f00000|100%| O|  |TAMS 0x0000000081f00000, 0x0000000081e00000| Untracked 
|  31|0x0000000081f00000, 0x0000000082000000, 0x0000000082000000|100%|HS|  |TAMS 0x0000000082000000, 0x0000000081f00000| Complete 
|  32|0x0000000082000000, 0x0000000082100000, 0x0000000082100000|100%| O|  |TAMS 0x0000000082100000, 0x0000000082000000| Untracked 
|  33|0x0000000082100000, 0x0000000082200000, 0x0000000082200000|100%|HS|  |TAMS 0x0000000082200000, 0x0000000082100000| Complete 
|  34|0x0000000082200000, 0x0000000082300000, 0x0000000082300000|100%| O|  |TAMS 0x0000000082300000, 0x0000000082200000| Untracked 
|  35|0x0000000082300000, 0x0000000082400000, 0x0000000082400000|100%| O|  |TAMS 0x0000000082400000, 0x0000000082300000| Untracked 
|  36|0x0000000082400000, 0x0000000082500000, 0x0000000082500000|100%| O|  |TAMS 0x0000000082500000, 0x0000000082400000| Untracked 
|  37|0x0000000082500000, 0x0000000082600000, 0x0000000082600000|100%| O|  |TAMS 0x0000000082600000, 0x0000000082500000| Untracked 
|  38|0x0000000082600000, 0x0000000082700000, 0x0000000082700000|100%| O|  |TAMS 0x0000000082700000, 0x0000000082600000| Untracked 
|  39|0x0000000082700000, 0x0000000082800000, 0x0000000082800000|100%| O|  |TAMS 0x0000000082800000, 0x0000000082700000| Untracked 
|  40|0x0000000082800000, 0x0000000082800000, 0x0000000082900000|  0%| F|  |TAMS 0x0000000082800000, 0x0000000082800000| Untracked 
|  41|0x0000000082900000, 0x0000000082900000, 0x0000000082a00000|  0%| F|  |TAMS 0x0000000082900000, 0x0000000082900000| Untracked 
|  42|0x0000000082a00000, 0x0000000082b00000, 0x0000000082b00000|100%|HS|  |TAMS 0x0000000082b00000, 0x0000000082a00000| Complete 
|  43|0x0000000082b00000, 0x0000000082c00000, 0x0000000082c00000|100%|HS|  |TAMS 0x0000000082c00000, 0x0000000082b00000| Complete 
|  44|0x0000000082c00000, 0x0000000082d00000, 0x0000000082d00000|100%|HC|  |TAMS 0x0000000082d00000, 0x0000000082c00000| Complete 
|  45|0x0000000082d00000, 0x0000000082e00000, 0x0000000082e00000|100%|HS|  |TAMS 0x0000000082e00000, 0x0000000082d00000| Complete 
|  46|0x0000000082e00000, 0x0000000082f00000, 0x0000000082f00000|100%|HC|  |TAMS 0x0000000082f00000, 0x0000000082e00000| Complete 
|  47|0x0000000082f00000, 0x0000000083000000, 0x0000000083000000|100%|HC|  |TAMS 0x0000000083000000, 0x0000000082f00000| Complete 
|  48|0x0000000083000000, 0x0000000083100000, 0x0000000083100000|100%|HC|  |TAMS 0x0000000083100000, 0x0000000083000000| Complete 
|  49|0x0000000083100000, 0x0000000083200000, 0x0000000083200000|100%| O|  |TAMS 0x0000000083200000, 0x0000000083100000| Untracked 
|  50|0x0000000083200000, 0x0000000083300000, 0x0000000083300000|100%| O|  |TAMS 0x0000000083300000, 0x0000000083200000| Untracked 
|  51|0x0000000083300000, 0x0000000083400000, 0x0000000083400000|100%| O|  |TAMS 0x0000000083400000, 0x0000000083300000| Untracked 
|  52|0x0000000083400000, 0x0000000083500000, 0x0000000083500000|100%| O|  |TAMS 0x0000000083500000, 0x0000000083400000| Untracked 
|  53|0x0000000083500000, 0x0000000083600000, 0x0000000083600000|100%| O|  |TAMS 0x0000000083600000, 0x0000000083500000| Untracked 
|  54|0x0000000083600000, 0x0000000083700000, 0x0000000083700000|100%| O|  |TAMS 0x0000000083700000, 0x0000000083600000| Untracked 
|  55|0x0000000083700000, 0x0000000083800000, 0x0000000083800000|100%| O|  |TAMS 0x0000000083800000, 0x0000000083700000| Untracked 
|  56|0x0000000083800000, 0x0000000083900000, 0x0000000083900000|100%| O|  |TAMS 0x0000000083900000, 0x0000000083800000| Untracked 
|  57|0x0000000083900000, 0x0000000083a00000, 0x0000000083a00000|100%| O|  |TAMS 0x0000000083a00000, 0x0000000083900000| Untracked 
|  58|0x0000000083a00000, 0x0000000083b00000, 0x0000000083b00000|100%| O|  |TAMS 0x0000000083b00000, 0x0000000083a00000| Untracked 
|  59|0x0000000083b00000, 0x0000000083c00000, 0x0000000083c00000|100%| O|  |TAMS 0x0000000083c00000, 0x0000000083b00000| Untracked 
|  60|0x0000000083c00000, 0x0000000083d00000, 0x0000000083d00000|100%| O|  |TAMS 0x0000000083d00000, 0x0000000083c00000| Untracked 
|  61|0x0000000083d00000, 0x0000000083e00000, 0x0000000083e00000|100%| O|  |TAMS 0x0000000083e00000, 0x0000000083d00000| Untracked 
|  62|0x0000000083e00000, 0x0000000083f00000, 0x0000000083f00000|100%| O|  |TAMS 0x0000000083f00000, 0x0000000083e00000| Untracked 
|  63|0x0000000083f00000, 0x0000000084000000, 0x0000000084000000|100%| O|  |TAMS 0x0000000084000000, 0x0000000083f00000| Untracked 
|  64|0x0000000084000000, 0x0000000084100000, 0x0000000084100000|100%| O|  |TAMS 0x0000000084100000, 0x0000000084000000| Untracked 
|  65|0x0000000084100000, 0x0000000084200000, 0x0000000084200000|100%| O|  |TAMS 0x0000000084200000, 0x0000000084100000| Untracked 
|  66|0x0000000084200000, 0x0000000084300000, 0x0000000084300000|100%| O|  |TAMS 0x0000000084300000, 0x0000000084200000| Untracked 
|  67|0x0000000084300000, 0x0000000084400000, 0x0000000084400000|100%| O|  |TAMS 0x0000000084400000, 0x0000000084300000| Untracked 
|  68|0x0000000084400000, 0x0000000084500000, 0x0000000084500000|100%| O|  |TAMS 0x0000000084500000, 0x0000000084400000| Untracked 
|  69|0x0000000084500000, 0x0000000084600000, 0x0000000084600000|100%| O|  |TAMS 0x00000000845fc000, 0x0000000084500000| Untracked 
|  70|0x0000000084600000, 0x0000000084600000, 0x0000000084700000|  0%| F|  |TAMS 0x0000000084600000, 0x0000000084600000| Untracked 
|  71|0x0000000084700000, 0x0000000084700000, 0x0000000084800000|  0%| F|  |TAMS 0x0000000084700000, 0x0000000084700000| Untracked 
|  72|0x0000000084800000, 0x0000000084800000, 0x0000000084900000|  0%| F|  |TAMS 0x0000000084800000, 0x0000000084800000| Untracked 
|  73|0x0000000084900000, 0x0000000084900000, 0x0000000084a00000|  0%| F|  |TAMS 0x0000000084900000, 0x0000000084900000| Untracked 
|  74|0x0000000084a00000, 0x0000000084a00000, 0x0000000084b00000|  0%| F|  |TAMS 0x0000000084a00000, 0x0000000084a00000| Untracked 
|  75|0x0000000084b00000, 0x0000000084b00000, 0x0000000084c00000|  0%| F|  |TAMS 0x0000000084b00000, 0x0000000084b00000| Untracked 
|  76|0x0000000084c00000, 0x0000000084d00000, 0x0000000084d00000|100%| O|  |TAMS 0x0000000084c00000, 0x0000000084c00000| Untracked 
|  77|0x0000000084d00000, 0x0000000084e00000, 0x0000000084e00000|100%| O|  |TAMS 0x0000000084d00000, 0x0000000084d00000| Untracked 
|  78|0x0000000084e00000, 0x0000000084f00000, 0x0000000084f00000|100%| O|  |TAMS 0x0000000084e00000, 0x0000000084e00000| Untracked 
|  79|0x0000000084f00000, 0x0000000084f00000, 0x0000000085000000|  0%| F|  |TAMS 0x0000000084f00000, 0x0000000084f00000| Untracked 
|  80|0x0000000085000000, 0x0000000085000000, 0x0000000085100000|  0%| F|  |TAMS 0x0000000085000000, 0x0000000085000000| Untracked 
|  81|0x0000000085100000, 0x0000000085100000, 0x0000000085200000|  0%| F|  |TAMS 0x0000000085100000, 0x0000000085100000| Untracked 
|  82|0x0000000085200000, 0x0000000085200000, 0x0000000085300000|  0%| F|  |TAMS 0x0000000085200000, 0x0000000085200000| Untracked 
|  83|0x0000000085300000, 0x0000000085300000, 0x0000000085400000|  0%| F|  |TAMS 0x0000000085300000, 0x0000000085300000| Untracked 
|  84|0x0000000085400000, 0x0000000085400000, 0x0000000085500000|  0%| F|  |TAMS 0x0000000085400000, 0x0000000085400000| Untracked 
|  85|0x0000000085500000, 0x0000000085500000, 0x0000000085600000|  0%| F|  |TAMS 0x0000000085500000, 0x0000000085500000| Untracked 
|  86|0x0000000085600000, 0x0000000085600000, 0x0000000085700000|  0%| F|  |TAMS 0x0000000085600000, 0x0000000085600000| Untracked 
|  87|0x0000000085700000, 0x0000000085700000, 0x0000000085800000|  0%| F|  |TAMS 0x0000000085700000, 0x0000000085700000| Untracked 
|  88|0x0000000085800000, 0x0000000085800000, 0x0000000085900000|  0%| F|  |TAMS 0x0000000085800000, 0x0000000085800000| Untracked 
|  89|0x0000000085900000, 0x0000000085900000, 0x0000000085a00000|  0%| F|  |TAMS 0x0000000085900000, 0x0000000085900000| Untracked 
|  90|0x0000000085a00000, 0x0000000085a00000, 0x0000000085b00000|  0%| F|  |TAMS 0x0000000085a00000, 0x0000000085a00000| Untracked 
|  91|0x0000000085b00000, 0x0000000085b00000, 0x0000000085c00000|  0%| F|  |TAMS 0x0000000085b00000, 0x0000000085b00000| Untracked 
|  92|0x0000000085c00000, 0x0000000085c00000, 0x0000000085d00000|  0%| F|  |TAMS 0x0000000085c00000, 0x0000000085c00000| Untracked 
|  93|0x0000000085d00000, 0x0000000085d00000, 0x0000000085e00000|  0%| F|  |TAMS 0x0000000085d00000, 0x0000000085d00000| Untracked 
|  94|0x0000000085e00000, 0x0000000085e00000, 0x0000000085f00000|  0%| F|  |TAMS 0x0000000085e00000, 0x0000000085e00000| Untracked 
|  95|0x0000000085f00000, 0x0000000085f00000, 0x0000000086000000|  0%| F|  |TAMS 0x0000000085f00000, 0x0000000085f00000| Untracked 
|  96|0x0000000086000000, 0x0000000086000000, 0x0000000086100000|  0%| F|  |TAMS 0x0000000086000000, 0x0000000086000000| Untracked 
|  97|0x0000000086100000, 0x0000000086100000, 0x0000000086200000|  0%| F|  |TAMS 0x0000000086100000, 0x0000000086100000| Untracked 
|  98|0x0000000086200000, 0x0000000086200000, 0x0000000086300000|  0%| F|  |TAMS 0x0000000086200000, 0x0000000086200000| Untracked 
|  99|0x0000000086300000, 0x0000000086300000, 0x0000000086400000|  0%| F|  |TAMS 0x0000000086300000, 0x0000000086300000| Untracked 
| 100|0x0000000086400000, 0x0000000086400000, 0x0000000086500000|  0%| F|  |TAMS 0x0000000086400000, 0x0000000086400000| Untracked 
| 101|0x0000000086500000, 0x0000000086500000, 0x0000000086600000|  0%| F|  |TAMS 0x0000000086500000, 0x0000000086500000| Untracked 
| 102|0x0000000086600000, 0x0000000086600000, 0x0000000086700000|  0%| F|  |TAMS 0x0000000086600000, 0x0000000086600000| Untracked 
| 103|0x0000000086700000, 0x0000000086700000, 0x0000000086800000|  0%| F|  |TAMS 0x0000000086700000, 0x0000000086700000| Untracked 
| 104|0x0000000086800000, 0x0000000086800000, 0x0000000086900000|  0%| F|  |TAMS 0x0000000086800000, 0x0000000086800000| Untracked 
| 105|0x0000000086900000, 0x0000000086900000, 0x0000000086a00000|  0%| F|  |TAMS 0x0000000086900000, 0x0000000086900000| Untracked 
| 106|0x0000000086a00000, 0x0000000086a00000, 0x0000000086b00000|  0%| F|  |TAMS 0x0000000086a00000, 0x0000000086a00000| Untracked 
| 107|0x0000000086b00000, 0x0000000086b00000, 0x0000000086c00000|  0%| F|  |TAMS 0x0000000086b00000, 0x0000000086b00000| Untracked 
| 108|0x0000000086c00000, 0x0000000086c00000, 0x0000000086d00000|  0%| F|  |TAMS 0x0000000086c00000, 0x0000000086c00000| Untracked 
| 109|0x0000000086d00000, 0x0000000086d00000, 0x0000000086e00000|  0%| F|  |TAMS 0x0000000086d00000, 0x0000000086d00000| Untracked 
| 110|0x0000000086e00000, 0x0000000086e00000, 0x0000000086f00000|  0%| F|  |TAMS 0x0000000086e00000, 0x0000000086e00000| Untracked 
| 111|0x0000000086f00000, 0x0000000086f00000, 0x0000000087000000|  0%| F|  |TAMS 0x0000000086f00000, 0x0000000086f00000| Untracked 
| 112|0x0000000087000000, 0x0000000087000000, 0x0000000087100000|  0%| F|  |TAMS 0x0000000087000000, 0x0000000087000000| Untracked 
| 113|0x0000000087100000, 0x0000000087197a40, 0x0000000087200000| 59%| S|CS|TAMS 0x0000000087100000, 0x0000000087100000| Complete 
| 114|0x0000000087200000, 0x0000000087300000, 0x0000000087300000|100%| S|CS|TAMS 0x0000000087200000, 0x0000000087200000| Complete 
| 115|0x0000000087300000, 0x0000000087300000, 0x0000000087400000|  0%| F|  |TAMS 0x0000000087300000, 0x0000000087300000| Untracked 
| 116|0x0000000087400000, 0x0000000087400000, 0x0000000087500000|  0%| F|  |TAMS 0x0000000087400000, 0x0000000087400000| Untracked 
| 117|0x0000000087500000, 0x0000000087500000, 0x0000000087600000|  0%| F|  |TAMS 0x0000000087500000, 0x0000000087500000| Untracked 
| 118|0x0000000087600000, 0x0000000087600000, 0x0000000087700000|  0%| F|  |TAMS 0x0000000087600000, 0x0000000087600000| Untracked 
| 119|0x0000000087700000, 0x0000000087700000, 0x0000000087800000|  0%| F|  |TAMS 0x0000000087700000, 0x0000000087700000| Untracked 
| 120|0x0000000087800000, 0x0000000087800000, 0x0000000087900000|  0%| F|  |TAMS 0x0000000087800000, 0x0000000087800000| Untracked 
| 121|0x0000000087900000, 0x0000000087900000, 0x0000000087a00000|  0%| F|  |TAMS 0x0000000087900000, 0x0000000087900000| Untracked 
| 122|0x0000000087a00000, 0x0000000087a00000, 0x0000000087b00000|  0%| F|  |TAMS 0x0000000087a00000, 0x0000000087a00000| Untracked 
| 123|0x0000000087b00000, 0x0000000087b00000, 0x0000000087c00000|  0%| F|  |TAMS 0x0000000087b00000, 0x0000000087b00000| Untracked 
| 124|0x0000000087c00000, 0x0000000087c00000, 0x0000000087d00000|  0%| F|  |TAMS 0x0000000087c00000, 0x0000000087c00000| Untracked 
| 125|0x0000000087d00000, 0x0000000087d00000, 0x0000000087e00000|  0%| F|  |TAMS 0x0000000087d00000, 0x0000000087d00000| Untracked 
| 126|0x0000000087e00000, 0x0000000087e00000, 0x0000000087f00000|  0%| F|  |TAMS 0x0000000087e00000, 0x0000000087e00000| Untracked 
| 127|0x0000000087f00000, 0x0000000087f00000, 0x0000000088000000|  0%| F|  |TAMS 0x0000000087f00000, 0x0000000087f00000| Untracked 
| 128|0x0000000088000000, 0x0000000088000000, 0x0000000088100000|  0%| F|  |TAMS 0x0000000088000000, 0x0000000088000000| Untracked 
| 129|0x0000000088100000, 0x0000000088100000, 0x0000000088200000|  0%| F|  |TAMS 0x0000000088100000, 0x0000000088100000| Untracked 
| 130|0x0000000088200000, 0x0000000088200000, 0x0000000088300000|  0%| F|  |TAMS 0x0000000088200000, 0x0000000088200000| Untracked 
| 131|0x0000000088300000, 0x0000000088300000, 0x0000000088400000|  0%| F|  |TAMS 0x0000000088300000, 0x0000000088300000| Untracked 
| 132|0x0000000088400000, 0x0000000088400000, 0x0000000088500000|  0%| F|  |TAMS 0x0000000088400000, 0x0000000088400000| Untracked 
| 133|0x0000000088500000, 0x0000000088500000, 0x0000000088600000|  0%| F|  |TAMS 0x0000000088500000, 0x0000000088500000| Untracked 
| 134|0x0000000088600000, 0x0000000088600000, 0x0000000088700000|  0%| F|  |TAMS 0x0000000088600000, 0x0000000088600000| Untracked 
| 135|0x0000000088700000, 0x0000000088700000, 0x0000000088800000|  0%| F|  |TAMS 0x0000000088700000, 0x0000000088700000| Untracked 
| 136|0x0000000088800000, 0x0000000088800000, 0x0000000088900000|  0%| F|  |TAMS 0x0000000088800000, 0x0000000088800000| Untracked 
| 137|0x0000000088900000, 0x0000000088900000, 0x0000000088a00000|  0%| F|  |TAMS 0x0000000088900000, 0x0000000088900000| Untracked 
| 138|0x0000000088a00000, 0x0000000088a00000, 0x0000000088b00000|  0%| F|  |TAMS 0x0000000088a00000, 0x0000000088a00000| Untracked 
| 139|0x0000000088b00000, 0x0000000088b00000, 0x0000000088c00000|  0%| F|  |TAMS 0x0000000088b00000, 0x0000000088b00000| Untracked 
| 140|0x0000000088c00000, 0x0000000088c00000, 0x0000000088d00000|  0%| F|  |TAMS 0x0000000088c00000, 0x0000000088c00000| Untracked 
| 141|0x0000000088d00000, 0x0000000088d00000, 0x0000000088e00000|  0%| F|  |TAMS 0x0000000088d00000, 0x0000000088d00000| Untracked 
| 142|0x0000000088e00000, 0x0000000088e00000, 0x0000000088f00000|  0%| F|  |TAMS 0x0000000088e00000, 0x0000000088e00000| Untracked 
| 143|0x0000000088f00000, 0x0000000088f00000, 0x0000000089000000|  0%| F|  |TAMS 0x0000000088f00000, 0x0000000088f00000| Untracked 
| 144|0x0000000089000000, 0x0000000089000000, 0x0000000089100000|  0%| F|  |TAMS 0x0000000089000000, 0x0000000089000000| Untracked 
| 145|0x0000000089100000, 0x0000000089100000, 0x0000000089200000|  0%| F|  |TAMS 0x0000000089100000, 0x0000000089100000| Untracked 
| 146|0x0000000089200000, 0x0000000089200000, 0x0000000089300000|  0%| F|  |TAMS 0x0000000089200000, 0x0000000089200000| Untracked 
| 147|0x0000000089300000, 0x0000000089300000, 0x0000000089400000|  0%| F|  |TAMS 0x0000000089300000, 0x0000000089300000| Untracked 
| 148|0x0000000089400000, 0x0000000089400000, 0x0000000089500000|  0%| F|  |TAMS 0x0000000089400000, 0x0000000089400000| Untracked 
| 149|0x0000000089500000, 0x0000000089500000, 0x0000000089600000|  0%| F|  |TAMS 0x0000000089500000, 0x0000000089500000| Untracked 
| 150|0x0000000089600000, 0x0000000089600000, 0x0000000089700000|  0%| F|  |TAMS 0x0000000089600000, 0x0000000089600000| Untracked 
| 151|0x0000000089700000, 0x0000000089700000, 0x0000000089800000|  0%| F|  |TAMS 0x0000000089700000, 0x0000000089700000| Untracked 
| 152|0x0000000089800000, 0x0000000089800000, 0x0000000089900000|  0%| F|  |TAMS 0x0000000089800000, 0x0000000089800000| Untracked 
| 153|0x0000000089900000, 0x0000000089900000, 0x0000000089a00000|  0%| F|  |TAMS 0x0000000089900000, 0x0000000089900000| Untracked 
| 154|0x0000000089a00000, 0x0000000089a00000, 0x0000000089b00000|  0%| F|  |TAMS 0x0000000089a00000, 0x0000000089a00000| Untracked 
| 155|0x0000000089b00000, 0x0000000089b00000, 0x0000000089c00000|  0%| F|  |TAMS 0x0000000089b00000, 0x0000000089b00000| Untracked 
| 156|0x0000000089c00000, 0x0000000089c00000, 0x0000000089d00000|  0%| F|  |TAMS 0x0000000089c00000, 0x0000000089c00000| Untracked 
| 157|0x0000000089d00000, 0x0000000089d00000, 0x0000000089e00000|  0%| F|  |TAMS 0x0000000089d00000, 0x0000000089d00000| Untracked 
| 158|0x0000000089e00000, 0x0000000089e00000, 0x0000000089f00000|  0%| F|  |TAMS 0x0000000089e00000, 0x0000000089e00000| Untracked 
| 159|0x0000000089f00000, 0x0000000089f00000, 0x000000008a000000|  0%| F|  |TAMS 0x0000000089f00000, 0x0000000089f00000| Untracked 

Card table byte_map: [0x000001b2a3770000,0x000001b2a3b70000] _byte_map_base: 0x000001b2a3370000

Marking Bits (Prev, Next): (CMBitMap*) 0x000001b28c8008f0, (CMBitMap*) 0x000001b28c800930
 Prev Bits: [0x000001b2a3f70000, 0x000001b2a5f70000)
 Next Bits: [0x000001b2a5f70000, 0x000001b2a7f70000)

Polling page: 0x000001b28a630000

Metaspace:

Usage:
  Non-class:     61.87 MB used.
      Class:      9.91 MB used.
       Both:     71.78 MB used.

Virtual space:
  Non-class space:       64.00 MB reserved,      62.25 MB ( 97%) committed,  1 nodes.
      Class space:        1.00 GB reserved,      10.19 MB ( <1%) committed,  1 nodes.
             Both:        1.06 GB reserved,      72.44 MB (  7%) committed. 

Chunk freelists:
   Non-Class:  1.61 MB
       Class:  5.83 MB
        Both:  7.44 MB

MaxMetaspaceSize: unlimited
CompressedClassSpaceSize: 1.00 GB
Initial GC threshold: 21.00 MB
Current GC threshold: 111.38 MB
CDS: on
MetaspaceReclaimPolicy: balanced
 - commit_granule_bytes: 65536.
 - commit_granule_words: 8192.
 - virtual_space_node_default_size: 8388608.
 - enlarge_chunks_in_place: 1.
 - new_chunks_are_fully_committed: 0.
 - uncommit_free_chunks: 1.
 - use_allocation_guard: 0.
 - handle_deallocations: 1.


Internal statistics:

num_allocs_failed_limit: 9.
num_arena_births: 854.
num_arena_deaths: 0.
num_vsnodes_births: 2.
num_vsnodes_deaths: 0.
num_space_committed: 1159.
num_space_uncommitted: 0.
num_chunks_returned_to_freelist: 9.
num_chunks_taken_from_freelist: 3690.
num_chunk_merges: 6.
num_chunk_splits: 2547.
num_chunks_enlarged: 1792.
num_inconsistent_stats: 0.

CodeHeap 'non-profiled nmethods': size=120000Kb used=4500Kb max_used=4500Kb free=115499Kb
 bounds [0x000001b29be40000, 0x000001b29c2b0000, 0x000001b2a3370000]
CodeHeap 'profiled nmethods': size=120000Kb used=16716Kb max_used=16716Kb free=103283Kb
 bounds [0x000001b294370000, 0x000001b2953d0000, 0x000001b29b8a0000]
CodeHeap 'non-nmethods': size=5760Kb used=2375Kb max_used=2407Kb free=3384Kb
 bounds [0x000001b29b8a0000, 0x000001b29bb10000, 0x000001b29be40000]
 total_blobs=9123 nmethods=8218 adapters=817
 compilation: enabled
              stopped_count=0, restarted_count=0
 full_count=0

Compilation events (20 events):
Event: 47.460 Thread 0x000001b2aa43d6e0 9060       3       org.gradle.kotlin.dsl.concurrent.DefaultAsyncIOScopeFactory$newScope$1::checkForFailure (22 bytes)
Event: 47.462 Thread 0x000001b2aa43d6e0 nmethod 9060 0x000001b2953ba090 code [0x000001b2953ba320, 0x000001b2953bb188]
Event: 47.462 Thread 0x000001b2aa43d6e0 9061       3       java.util.concurrent.atomic.AtomicReference::getAndSet (9 bytes)
Event: 47.464 Thread 0x000001b2aa43d6e0 nmethod 9061 0x000001b2953bb590 code [0x000001b2953bb820, 0x000001b2953bc598]
Event: 47.464 Thread 0x000001b2aa43d6e0 9062       3       java.lang.invoke.VarHandleGuards::guard_LL_L (89 bytes)
Event: 47.468 Thread 0x000001b2aa43d6e0 nmethod 9062 0x000001b2953bc990 code [0x000001b2953bcd20, 0x000001b2953beec8]
Event: 47.468 Thread 0x000001b2aa43d6e0 9063       3       java.lang.invoke.VarHandleReferences$FieldInstanceReadWrite::getAndSet (35 bytes)
Event: 47.469 Thread 0x000001b2aa43d6e0 nmethod 9063 0x000001b2953bf810 code [0x000001b2953bfa40, 0x000001b2953c0288]
Event: 47.469 Thread 0x000001b2aa43d6e0 9064       3       org.gradle.kotlin.dsl.concurrent.DefaultAsyncIOScopeFactory$newScope$1::submit (39 bytes)
Event: 47.470 Thread 0x000001b2aa43d6e0 nmethod 9064 0x000001b2953c0590 code [0x000001b2953c0780, 0x000001b2953c0d88]
Event: 47.470 Thread 0x000001b2aa43d6e0 9065       3       org.gradle.kotlin.dsl.concurrent.DefaultAsyncIOScopeFactory$newScope$1$submit$1::<init> (15 bytes)
Event: 47.471 Thread 0x000001b2aa43d6e0 nmethod 9065 0x000001b2953c0f90 code [0x000001b2953c1140, 0x000001b2953c1358]
Event: 47.491 Thread 0x000001b2f2d7cf20 nmethod 9056 0x000001b29c2a3d10 code [0x000001b29c2a3ec0, 0x000001b29c2a4a78]
Event: 47.492 Thread 0x000001b2f2d7cf20 9058       4       kotlin.collections.CollectionsKt___CollectionsKt::joinTo (156 bytes)
Event: 47.497 Thread 0x000001b2aa43d6e0 9068       3       org.gradle.kotlin.dsl.accessors.KotlinType::getUnit (4 bytes)
Event: 47.498 Thread 0x000001b2aa43d6e0 nmethod 9068 0x000001b2953c1410 code [0x000001b2953c15a0, 0x000001b2953c16b8]
Event: 47.499 Thread 0x000001b2aa43d6e0 9069       3       org.gradle.kotlin.dsl.accessors.KotlinType$unit$1::invoke (12 bytes)
Event: 47.501 Thread 0x000001b2aa43d6e0 nmethod 9069 0x000001b2953c1790 code [0x000001b2953c1a00, 0x000001b2953c2388]
Event: 47.501 Thread 0x000001b2aa43d6e0 9070       3       org.gradle.kotlin.dsl.support.bytecode.AsmExtensionsKt::RETURN (14 bytes)
Event: 47.502 Thread 0x000001b2aa43d6e0 nmethod 9070 0x000001b2953c2790 code [0x000001b2953c29a0, 0x000001b2953c2f68]

GC Heap History (20 events):
Event: 16.436 GC heap after
{Heap after GC invocations=14 (full 0):
 garbage-first heap   total 81920K, used 42805K [0x0000000080000000, 0x0000000100000000)
  region size 1024K, 4 young (4096K), 4 survivors (4096K)
 Metaspace       used 43560K, committed 44096K, reserved 1114112K
  class space    used 6025K, committed 6272K, reserved 1048576K
}
Event: 16.439 GC heap before
{Heap before GC invocations=14 (full 0):
 garbage-first heap   total 81920K, used 42805K [0x0000000080000000, 0x0000000100000000)
  region size 1024K, 5 young (5120K), 4 survivors (4096K)
 Metaspace       used 43560K, committed 44096K, reserved 1114112K
  class space    used 6025K, committed 6272K, reserved 1048576K
}
Event: 16.447 GC heap after
{Heap after GC invocations=15 (full 0):
 garbage-first heap   total 163840K, used 43720K [0x0000000080000000, 0x0000000100000000)
  region size 1024K, 1 young (1024K), 1 survivors (1024K)
 Metaspace       used 43560K, committed 44096K, reserved 1114112K
  class space    used 6025K, committed 6272K, reserved 1048576K
}
Event: 21.855 GC heap before
{Heap before GC invocations=15 (full 0):
 garbage-first heap   total 163840K, used 128712K [0x0000000080000000, 0x0000000100000000)
  region size 1024K, 76 young (77824K), 1 survivors (1024K)
 Metaspace       used 54954K, committed 55552K, reserved 1114112K
  class space    used 7415K, committed 7680K, reserved 1048576K
}
Event: 21.869 GC heap after
{Heap after GC invocations=16 (full 0):
 garbage-first heap   total 163840K, used 59983K [0x0000000080000000, 0x0000000100000000)
  region size 1024K, 9 young (9216K), 9 survivors (9216K)
 Metaspace       used 54954K, committed 55552K, reserved 1114112K
  class space    used 7415K, committed 7680K, reserved 1048576K
}
Event: 29.297 GC heap before
{Heap before GC invocations=16 (full 0):
 garbage-first heap   total 163840K, used 128591K [0x0000000080000000, 0x0000000100000000)
  region size 1024K, 72 young (73728K), 9 survivors (9216K)
 Metaspace       used 60154K, committed 60736K, reserved 1114112K
  class space    used 8098K, committed 8384K, reserved 1048576K
}
Event: 29.317 GC heap after
{Heap after GC invocations=17 (full 0):
 garbage-first heap   total 163840K, used 64991K [0x0000000080000000, 0x0000000100000000)
  region size 1024K, 6 young (6144K), 6 survivors (6144K)
 Metaspace       used 60154K, committed 60736K, reserved 1114112K
  class space    used 8098K, committed 8384K, reserved 1048576K
}
Event: 42.206 GC heap before
{Heap before GC invocations=18 (full 0):
 garbage-first heap   total 163840K, used 127455K [0x0000000080000000, 0x0000000100000000)
  region size 1024K, 67 young (68608K), 6 survivors (6144K)
 Metaspace       used 66436K, committed 67072K, reserved 1114112K
  class space    used 8929K, committed 9216K, reserved 1048576K
}
Event: 42.243 GC heap after
{Heap after GC invocations=19 (full 0):
 garbage-first heap   total 163840K, used 71588K [0x0000000080000000, 0x0000000100000000)
  region size 1024K, 7 young (7168K), 7 survivors (7168K)
 Metaspace       used 66436K, committed 67072K, reserved 1114112K
  class space    used 8929K, committed 9216K, reserved 1048576K
}
Event: 42.974 GC heap before
{Heap before GC invocations=19 (full 0):
 garbage-first heap   total 163840K, used 71588K [0x0000000080000000, 0x0000000100000000)
  region size 1024K, 8 young (8192K), 7 survivors (7168K)
 Metaspace       used 66439K, committed 67072K, reserved 1114112K
  class space    used 8929K, committed 9216K, reserved 1048576K
}
Event: 42.991 GC heap after
{Heap after GC invocations=20 (full 0):
 garbage-first heap   total 163840K, used 71664K [0x0000000080000000, 0x0000000100000000)
  region size 1024K, 1 young (1024K), 1 survivors (1024K)
 Metaspace       used 66439K, committed 67072K, reserved 1114112K
  class space    used 8929K, committed 9216K, reserved 1048576K
}
Event: 43.953 GC heap before
{Heap before GC invocations=20 (full 0):
 garbage-first heap   total 163840K, used 78832K [0x0000000080000000, 0x0000000100000000)
  region size 1024K, 9 young (9216K), 1 survivors (1024K)
 Metaspace       used 66654K, committed 67328K, reserved 1114112K
  class space    used 8970K, committed 9280K, reserved 1048576K
}
Event: 43.967 GC heap after
{Heap after GC invocations=21 (full 0):
 garbage-first heap   total 163840K, used 72946K [0x0000000080000000, 0x0000000100000000)
  region size 1024K, 3 young (3072K), 3 survivors (3072K)
 Metaspace       used 66654K, committed 67328K, reserved 1114112K
  class space    used 8970K, committed 9280K, reserved 1048576K
}
Event: 44.419 GC heap before
{Heap before GC invocations=21 (full 0):
 garbage-first heap   total 163840K, used 87282K [0x0000000080000000, 0x0000000100000000)
  region size 1024K, 12 young (12288K), 3 survivors (3072K)
 Metaspace       used 67829K, committed 68416K, reserved 1114112K
  class space    used 9082K, committed 9344K, reserved 1048576K
}
Event: 44.428 GC heap after
{Heap after GC invocations=22 (full 0):
 garbage-first heap   total 163840K, used 80551K [0x0000000080000000, 0x0000000100000000)
  region size 1024K, 4 young (4096K), 4 survivors (4096K)
 Metaspace       used 67829K, committed 68416K, reserved 1114112K
  class space    used 9082K, committed 9344K, reserved 1048576K
}
Event: 46.223 GC heap before
{Heap before GC invocations=23 (full 0):
 garbage-first heap   total 163840K, used 118439K [0x0000000080000000, 0x0000000100000000)
  region size 1024K, 40 young (40960K), 4 survivors (4096K)
 Metaspace       used 73044K, committed 73664K, reserved 1114112K
  class space    used 10122K, committed 10432K, reserved 1048576K
}
Event: 46.231 GC heap after
{Heap after GC invocations=24 (full 0):
 garbage-first heap   total 163840K, used 74200K [0x0000000080000000, 0x0000000100000000)
  region size 1024K, 2 young (2048K), 2 survivors (2048K)
 Metaspace       used 73044K, committed 73664K, reserved 1114112K
  class space    used 10122K, committed 10432K, reserved 1048576K
}
Event: 46.502 GC heap before
{Heap before GC invocations=24 (full 0):
 garbage-first heap   total 163840K, used 79320K [0x0000000080000000, 0x0000000100000000)
  region size 1024K, 8 young (8192K), 2 survivors (2048K)
 Metaspace       used 73305K, committed 73984K, reserved 1114112K
  class space    used 10150K, committed 10432K, reserved 1048576K
}
Event: 46.512 GC heap after
{Heap after GC invocations=25 (full 0):
 garbage-first heap   total 163840K, used 72461K [0x0000000080000000, 0x0000000100000000)
  region size 1024K, 1 young (1024K), 1 survivors (1024K)
 Metaspace       used 73305K, committed 73984K, reserved 1114112K
  class space    used 10150K, committed 10432K, reserved 1048576K
}
Event: 47.525 GC heap before
{Heap before GC invocations=25 (full 0):
 garbage-first heap   total 163840K, used 117517K [0x0000000080000000, 0x0000000100000000)
  region size 1024K, 45 young (46080K), 1 survivors (1024K)
 Metaspace       used 73505K, committed 74176K, reserved 1114112K
  class space    used 10151K, committed 10432K, reserved 1048576K
}

Dll operation events (12 events):
Event: 0.014 Loaded shared library C:\Program Files\Zulu\zulu-17\bin\java.dll
Event: 0.051 Loaded shared library C:\Program Files\Zulu\zulu-17\bin\jsvml.dll
Event: 0.172 Loaded shared library C:\Program Files\Zulu\zulu-17\bin\net.dll
Event: 0.176 Loaded shared library C:\Program Files\Zulu\zulu-17\bin\nio.dll
Event: 0.186 Loaded shared library C:\Program Files\Zulu\zulu-17\bin\zip.dll
Event: 0.499 Loaded shared library C:\Program Files\Zulu\zulu-17\bin\jimage.dll
Event: 0.777 Loaded shared library C:\Program Files\Zulu\zulu-17\bin\verify.dll
Event: 1.298 Loaded shared library D:\DOWNLOADS\JetPlayer\native\68d5fa5c4cc2d200863cafc0d521ce42e7d3e7ee720ec0a83991735586a16f82\windows-amd64\native-platform.dll
Event: 1.309 Loaded shared library D:\DOWNLOADS\JetPlayer\native\e376f236ea51e6404a007f0833ffe2c6e607c4080706a723a18a27aeea778392\windows-amd64\native-platform-file-events.dll
Event: 3.482 Loaded shared library C:\Program Files\Zulu\zulu-17\bin\management.dll
Event: 3.491 Loaded shared library C:\Program Files\Zulu\zulu-17\bin\management_ext.dll
Event: 4.494 Loaded shared library C:\Program Files\Zulu\zulu-17\bin\sunmscapi.dll

Deoptimization events (20 events):
Event: 43.518 Thread 0x000001b2f0b8f1b0 DEOPT PACKING pc=0x000001b29c17492c sp=0x0000002624df5650
Event: 43.518 Thread 0x000001b2f0b8f1b0 DEOPT UNPACKING pc=0x000001b29b8f69a3 sp=0x0000002624df5600 mode 2
Event: 43.982 Thread 0x000001b2f0b8f1b0 DEOPT PACKING pc=0x000001b294ec9061 sp=0x0000002624df5970
Event: 43.983 Thread 0x000001b2f0b8f1b0 DEOPT UNPACKING pc=0x000001b29b8f7143 sp=0x0000002624df4ef0 mode 0
Event: 45.799 Thread 0x000001b2f0b8f1b0 DEOPT PACKING pc=0x000001b2951b7845 sp=0x0000002624df6130
Event: 45.799 Thread 0x000001b2f0b8f1b0 DEOPT UNPACKING pc=0x000001b29b8f7143 sp=0x0000002624df5668 mode 0
Event: 45.809 Thread 0x000001b2f0b8f1b0 DEOPT PACKING pc=0x000001b2951b7845 sp=0x0000002624df6190
Event: 45.809 Thread 0x000001b2f0b8f1b0 DEOPT UNPACKING pc=0x000001b29b8f7143 sp=0x0000002624df56a0 mode 0
Event: 45.815 Thread 0x000001b2f0b8f1b0 DEOPT PACKING pc=0x000001b2951b7845 sp=0x0000002624df6190
Event: 45.815 Thread 0x000001b2f0b8f1b0 DEOPT UNPACKING pc=0x000001b29b8f7143 sp=0x0000002624df56a0 mode 0
Event: 45.947 Thread 0x000001b2f0b8f1b0 Uncommon trap: trap_request=0xffffffdc fr.pc=0x000001b29c270724 relative=0x0000000000000284
Event: 45.947 Thread 0x000001b2f0b8f1b0 Uncommon trap: reason=class_check action=make_not_entrant pc=0x000001b29c270724 method=java.util.ArrayList.toArray([Ljava/lang/Object;)[Ljava/lang/Object; @ 21 c2
Event: 45.947 Thread 0x000001b2f0b8f1b0 DEOPT PACKING pc=0x000001b29c270724 sp=0x0000002624df67d0
Event: 45.947 Thread 0x000001b2f0b8f1b0 DEOPT UNPACKING pc=0x000001b29b8f69a3 sp=0x0000002624df67a0 mode 2
Event: 46.831 Thread 0x000001b2f0b8f1b0 DEOPT PACKING pc=0x000001b295263a48 sp=0x0000002624df6760
Event: 46.831 Thread 0x000001b2f0b8f1b0 DEOPT UNPACKING pc=0x000001b29b8f7143 sp=0x0000002624df5c78 mode 0
Event: 47.317 Thread 0x000001b2f0b8f1b0 DEOPT PACKING pc=0x000001b295272d5d sp=0x0000002624df66e0
Event: 47.317 Thread 0x000001b2f0b8f1b0 DEOPT UNPACKING pc=0x000001b29b8f7143 sp=0x0000002624df5c08 mode 0
Event: 47.419 Thread 0x000001b2f0b8f1b0 DEOPT PACKING pc=0x000001b295272d5d sp=0x0000002624df66e0
Event: 47.419 Thread 0x000001b2f0b8f1b0 DEOPT UNPACKING pc=0x000001b29b8f7143 sp=0x0000002624df5c08 mode 0

Classes unloaded (0 events):
No events

Classes redefined (0 events):
No events

Internal exceptions (20 events):
Event: 32.761 Thread 0x000001b2f0b8f1b0 Exception <a 'java/lang/ClassNotFoundException'{0x000000008706a870}: org/jetbrains/kotlin/gradle/targets/js/npm/NpmDependencyExtensionDelegateBeanInfo> (0x000000008706a870) 
thrown [s\src\hotspot\share\classfile\systemDictionary.cpp, line 259]
Event: 32.766 Thread 0x000001b2f0b8f1b0 Exception <a 'java/lang/ClassNotFoundException'{0x0000000087076fd0}: org/jetbrains/kotlin/gradle/targets/js/npm/NpmDependencyExtensionDelegateCustomizer> (0x0000000087076fd0) 
thrown [s\src\hotspot\share\classfile\systemDictionary.cpp, line 259]
Event: 32.783 Thread 0x000001b2f0b8f1b0 Exception <a 'java/lang/ClassNotFoundException'{0x0000000087098ac8}: org/jetbrains/kotlin/gradle/targets/js/npm/NpmDependencyExtensionKt$defaultNpmDependencyDelegate$1Customizer> (0x0000000087098ac8) 
thrown [s\src\hotspot\share\classfile\systemDictionary.cpp, line 259]
Event: 32.798 Thread 0x000001b2f0b8f1b0 Exception <a 'java/lang/ClassNotFoundException'{0x00000000870cf840}: org/jetbrains/kotlin/gradle/targets/js/npm/DefaultDevNpmDependencyExtensionBeanInfo> (0x00000000870cf840) 
thrown [s\src\hotspot\share\classfile\systemDictionary.cpp, line 259]
Event: 32.799 Thread 0x000001b2f0b8f1b0 Exception <a 'java/lang/ClassNotFoundException'{0x00000000870dbfa8}: org/jetbrains/kotlin/gradle/targets/js/npm/DefaultDevNpmDependencyExtensionCustomizer> (0x00000000870dbfa8) 
thrown [s\src\hotspot\share\classfile\systemDictionary.cpp, line 259]
Event: 32.805 Thread 0x000001b2f0b8f1b0 Exception <a 'java/lang/ClassNotFoundException'{0x0000000086f15d70}: org/jetbrains/kotlin/gradle/targets/js/npm/DefaultPeerNpmDependencyExtensionBeanInfo> (0x0000000086f15d70) 
thrown [s\src\hotspot\share\classfile\systemDictionary.cpp, line 259]
Event: 32.806 Thread 0x000001b2f0b8f1b0 Exception <a 'java/lang/ClassNotFoundException'{0x0000000086f22528}: org/jetbrains/kotlin/gradle/targets/js/npm/DefaultPeerNpmDependencyExtensionCustomizer> (0x0000000086f22528) 
thrown [s\src\hotspot\share\classfile\systemDictionary.cpp, line 259]
Event: 32.816 Thread 0x000001b2f0b8f1b0 Exception <a 'java/lang/ClassNotFoundException'{0x0000000086f63538}: org/jetbrains/kotlin/gradle/targets/js/npm/DefaultPeerNpmDependencyExtension$delegate$1BeanInfo> (0x0000000086f63538) 
thrown [s\src\hotspot\share\classfile\systemDictionary.cpp, line 259]
Event: 32.820 Thread 0x000001b2f0b8f1b0 Exception <a 'java/lang/ClassNotFoundException'{0x0000000086f6ffb8}: org/jetbrains/kotlin/gradle/targets/js/npm/DefaultPeerNpmDependencyExtension$delegate$1Customizer> (0x0000000086f6ffb8) 
thrown [s\src\hotspot\share\classfile\systemDictionary.cpp, line 259]
Event: 43.524 Thread 0x000001b2f0b8f1b0 Exception <a 'java/lang/NoSuchMethodError'{0x000000008985fbe0}: 'void java.lang.invoke.DirectMethodHandle$Holder.invokeVirtual(java.lang.Object, java.lang.Object)'> (0x000000008985fbe0) 
thrown [s\src\hotspot\share\interpreter\linkResolver.cpp, line 759]
Event: 44.809 Thread 0x000001b2f0b8f1b0 Exception <a 'java/lang/NoSuchMethodError'{0x0000000089ccd3f8}: 'java.lang.Object java.lang.invoke.DirectMethodHandle$Holder.invokeStaticInit(java.lang.Object, int)'> (0x0000000089ccd3f8) 
thrown [s\src\hotspot\share\interpreter\linkResolver.cpp, line 759]
Event: 44.859 Thread 0x000001b2f0b8f1b0 Exception <a 'java/lang/NoSuchMethodError'{0x0000000089bf6810}: 'int java.lang.invoke.DelegatingMethodHandle$Holder.reinvoke_L(java.lang.Object, java.lang.Object, java.lang.Object, long, int, int)'> (0x0000000089bf6810) 
thrown [s\src\hotspot\share\interpreter\linkResolver.cpp, line 759]
Event: 44.861 Thread 0x000001b2f0b8f1b0 Exception <a 'java/lang/NoSuchMethodError'{0x0000000089a06d98}: 'int java.lang.invoke.DelegatingMethodHandle$Holder.reinvoke_L(java.lang.Object, java.lang.Object, java.lang.Object, long, long, long)'> (0x0000000089a06d98) 
thrown [s\src\hotspot\share\interpreter\linkResolver.cpp, line 759]
Event: 44.863 Thread 0x000001b2f0b8f1b0 Exception <a 'java/lang/NoSuchMethodError'{0x0000000089a16ed8}: 'int java.lang.invoke.DelegatingMethodHandle$Holder.reinvoke_L(java.lang.Object, java.lang.Object, java.lang.Object, long, java.lang.Object, java.lang.Object)'> (0x0000000089a16ed8) 
thrown [s\src\hotspot\share\interpreter\linkResolver.cpp, line 759]
Event: 44.865 Thread 0x000001b2f0b8f1b0 Exception <a 'java/lang/NoSuchMethodError'{0x0000000089a26e60}: 'void java.lang.invoke.DelegatingMethodHandle$Holder.reinvoke_L(java.lang.Object, java.lang.Object, java.lang.Object, long, java.lang.Object)'> (0x0000000089a26e60) 
thrown [s\src\hotspot\share\interpreter\linkResolver.cpp, line 759]
Event: 44.865 Thread 0x000001b2f0b8f1b0 Exception <a 'java/lang/NoSuchMethodError'{0x0000000089a2f750}: 'java.lang.Object java.lang.invoke.DirectMethodHandle$Holder.invokeSpecial(java.lang.Object, java.lang.Object, java.lang.Object, java.lang.Object, long)'> (0x0000000089a2f750) 
thrown [s\src\hotspot\share\interpreter\linkResolver.cpp, line 759]
Event: 44.870 Thread 0x000001b2f0b8f1b0 Exception <a 'java/lang/NoSuchMethodError'{0x0000000089a55050}: 'long java.lang.invoke.Invokers$Holder.invoke_MT(java.lang.Object, java.lang.Object, java.lang.Object, java.lang.Object)'> (0x0000000089a55050) 
thrown [s\src\hotspot\share\interpreter\linkResolver.cpp, line 759]
Event: 44.872 Thread 0x000001b2f0b8f1b0 Exception <a 'java/lang/NoSuchMethodError'{0x0000000089a5e3c0}: 'int java.lang.invoke.Invokers$Holder.invoke_MT(java.lang.Object, java.lang.Object, java.lang.Object, java.lang.Object)'> (0x0000000089a5e3c0) 
thrown [s\src\hotspot\share\interpreter\linkResolver.cpp, line 759]
Event: 44.876 Thread 0x000001b2f0b8f1b0 Exception <a 'java/lang/NoSuchMethodError'{0x0000000089a6f640}: 'int java.lang.invoke.DelegatingMethodHandle$Holder.reinvoke_L(java.lang.Object, java.lang.Object, java.lang.Object, long, int)'> (0x0000000089a6f640) 
thrown [s\src\hotspot\share\interpreter\linkResolver.cpp, line 759]
Event: 44.883 Thread 0x000001b2f0b8f1b0 Exception <a 'java/lang/NoSuchMethodError'{0x0000000089a83530}: 'java.lang.Object java.lang.invoke.Invokers$Holder.invokeExact_MT(java.lang.Object, java.lang.Object, long, java.lang.Object)'> (0x0000000089a83530) 
thrown [s\src\hotspot\share\interpreter\linkResolver.cpp, line 759]

VM Operations (20 events):
Event: 44.763 Executing VM operation: G1PauseCleanup done
Event: 44.793 Executing VM operation: HandshakeAllThreads
Event: 44.793 Executing VM operation: HandshakeAllThreads done
Event: 44.794 Executing VM operation: HandshakeAllThreads
Event: 44.794 Executing VM operation: HandshakeAllThreads done
Event: 44.988 Executing VM operation: HandshakeAllThreads
Event: 44.988 Executing VM operation: HandshakeAllThreads done
Event: 44.992 Executing VM operation: HandshakeAllThreads
Event: 44.992 Executing VM operation: HandshakeAllThreads done
Event: 45.389 Executing VM operation: HandshakeAllThreads
Event: 45.389 Executing VM operation: HandshakeAllThreads done
Event: 45.619 Executing VM operation: HandshakeAllThreads
Event: 45.620 Executing VM operation: HandshakeAllThreads done
Event: 46.223 Executing VM operation: G1CollectForAllocation
Event: 46.231 Executing VM operation: G1CollectForAllocation done
Event: 46.502 Executing VM operation: G1CollectForAllocation
Event: 46.512 Executing VM operation: G1CollectForAllocation done
Event: 47.514 Executing VM operation: Cleanup
Event: 47.516 Executing VM operation: Cleanup done
Event: 47.525 Executing VM operation: G1CollectForAllocation

Events (20 events):
Event: 29.123 loading class jdk/internal/event/DeserializationEvent
Event: 29.123 loading class jdk/internal/event/DeserializationEvent done
Event: 29.123 loading class java/io/ObjectInputStream$FieldValues
Event: 29.124 loading class java/io/ObjectInputStream$GetField
Event: 29.124 loading class java/io/ObjectInputStream$GetField done
Event: 29.124 loading class java/io/ObjectInputStream$FieldValues done
Event: 29.171 loading class java/nio/channels/Channels$1
Event: 29.172 loading class java/nio/channels/Channels$1 done
Event: 29.177 Thread 0x000001b2aa73bf50 Thread added: 0x000001b2aa73bf50
Event: 29.326 Thread 0x000001b2f07f0490 Thread exited: 0x000001b2f07f0490
Event: 31.396 loading class java/util/ArrayList$SubList$1
Event: 31.397 loading class java/util/ArrayList$SubList$1 done
Event: 32.735 Thread 0x000001b2f3d7d770 Thread added: 0x000001b2f3d7d770
Event: 33.692 Thread 0x000001b2f3d7d770 Thread exited: 0x000001b2f3d7d770
Event: 44.683 Thread 0x000001b2aa73c970 Thread added: 0x000001b2aa73c970
Event: 44.794 loading class java/util/EmptyStackException
Event: 44.794 loading class java/util/EmptyStackException done
Event: 44.799 Thread 0x000001b2aa44b400 flushing nmethod 0x000001b294506190
Event: 44.806 Thread 0x000001b2aa44b400 flushing nmethod 0x000001b294b67c10
Event: 46.897 Thread 0x000001b2f2d7cf20 Thread added: 0x000001b2f2d7cf20


Dynamic libraries:
0x00007ff75a6f0000 - 0x00007ff75a6fe000 	C:\Program Files\Zulu\zulu-17\bin\java.exe
0x00007ff987c70000 - 0x00007ff987e64000 	C:\Windows\SYSTEM32\ntdll.dll
0x00007ff986740000 - 0x00007ff9867fd000 	C:\Windows\System32\KERNEL32.DLL
0x00007ff9853c0000 - 0x00007ff985687000 	C:\Windows\System32\KERNELBASE.dll
0x00007ff985730000 - 0x00007ff985830000 	C:\Windows\System32\ucrtbase.dll
0x00007ff97e8c0000 - 0x00007ff97e8db000 	C:\Program Files\Zulu\zulu-17\bin\VCRUNTIME140.dll
0x00007ff97dde0000 - 0x00007ff97ddf9000 	C:\Program Files\Zulu\zulu-17\bin\jli.dll
0x00007ff9878d0000 - 0x00007ff987a70000 	C:\Windows\System32\USER32.dll
0x00007ff985c60000 - 0x00007ff985c82000 	C:\Windows\System32\win32u.dll
0x00007ff987a70000 - 0x00007ff987a9a000 	C:\Windows\System32\GDI32.dll
0x00007ff985ad0000 - 0x00007ff985bd9000 	C:\Windows\System32\gdi32full.dll
0x00007ff985690000 - 0x00007ff98572d000 	C:\Windows\System32\msvcp_win.dll
0x00007ff975210000 - 0x00007ff9754aa000 	C:\Windows\WinSxS\amd64_microsoft.windows.common-controls_6595b64144ccf1df_6.0.19041.1_none_b555e41d4684ddec\COMCTL32.dll
0x00007ff986210000 - 0x00007ff9862ae000 	C:\Windows\System32\msvcrt.dll
0x00007ff9861e0000 - 0x00007ff986210000 	C:\Windows\System32\IMM32.DLL
0x00007ff9801f0000 - 0x00007ff9801fc000 	C:\Program Files\Zulu\zulu-17\bin\vcruntime140_1.dll
0x00007ff94c730000 - 0x00007ff94c7bd000 	C:\Program Files\Zulu\zulu-17\bin\msvcp140.dll
0x00007ff949ea0000 - 0x00007ff94ab07000 	C:\Program Files\Zulu\zulu-17\bin\server\jvm.dll
0x00007ff9862b0000 - 0x00007ff98635a000 	C:\Windows\System32\ADVAPI32.dll
0x00007ff986360000 - 0x00007ff9863fb000 	C:\Windows\System32\sechost.dll
0x00007ff986600000 - 0x00007ff986723000 	C:\Windows\System32\RPCRT4.dll
0x00007ff971430000 - 0x00007ff971439000 	C:\Windows\SYSTEM32\WSOCK32.dll
0x00007ff984ea0000 - 0x00007ff984eeb000 	C:\Windows\SYSTEM32\POWRPROF.dll
0x00007ff976c50000 - 0x00007ff976c77000 	C:\Windows\SYSTEM32\WINMM.dll
0x00007ff986940000 - 0x00007ff9869ab000 	C:\Windows\System32\WS2_32.dll
0x00007ff97a340000 - 0x00007ff97a34a000 	C:\Windows\SYSTEM32\VERSION.dll
0x00007ff984da0000 - 0x00007ff984db2000 	C:\Windows\SYSTEM32\UMPDC.dll
0x00007ff983310000 - 0x00007ff983323000 	C:\Windows\SYSTEM32\kernel.appcore.dll
0x00007ff980150000 - 0x00007ff98015a000 	C:\Program Files\Zulu\zulu-17\bin\jimage.dll
0x00007ff96f1e0000 - 0x00007ff96f3c4000 	C:\Windows\SYSTEM32\DBGHELP.DLL
0x00007ff96f170000 - 0x00007ff96f19c000 	C:\Windows\SYSTEM32\dbgcore.DLL
0x00007ff985be0000 - 0x00007ff985c5f000 	C:\Windows\System32\bcryptPrimitives.dll
0x00007ff976360000 - 0x00007ff976385000 	C:\Program Files\Zulu\zulu-17\bin\java.dll
0x00007ff94bf10000 - 0x00007ff94bfe7000 	C:\Program Files\Zulu\zulu-17\bin\jsvml.dll
0x00007ff9869c0000 - 0x00007ff9870f1000 	C:\Windows\System32\SHELL32.dll
0x00007ff983510000 - 0x00007ff983c9a000 	C:\Windows\SYSTEM32\windows.storage.dll
0x00007ff987390000 - 0x00007ff9876e4000 	C:\Windows\System32\combase.dll
0x00007ff984d00000 - 0x00007ff984d2b000 	C:\Windows\SYSTEM32\Wldp.dll
0x00007ff9876f0000 - 0x00007ff98779e000 	C:\Windows\System32\SHCORE.dll
0x00007ff9868e0000 - 0x00007ff986935000 	C:\Windows\System32\shlwapi.dll
0x00007ff985300000 - 0x00007ff98531f000 	C:\Windows\SYSTEM32\profapi.dll
0x00007ff97cc40000 - 0x00007ff97cc59000 	C:\Program Files\Zulu\zulu-17\bin\net.dll
0x00007ff97d930000 - 0x00007ff97da30000 	C:\Windows\SYSTEM32\WINHTTP.dll
0x00007ff984af0000 - 0x00007ff984b5a000 	C:\Windows\system32\mswsock.dll
0x00007ff97a880000 - 0x00007ff97a896000 	C:\Program Files\Zulu\zulu-17\bin\nio.dll
0x00007ff97a290000 - 0x00007ff97a2a8000 	C:\Program Files\Zulu\zulu-17\bin\zip.dll
0x00007ff97feb0000 - 0x00007ff97fec0000 	C:\Program Files\Zulu\zulu-17\bin\verify.dll
0x00007ff981210000 - 0x00007ff981237000 	D:\DOWNLOADS\JetPlayer\native\68d5fa5c4cc2d200863cafc0d521ce42e7d3e7ee720ec0a83991735586a16f82\windows-amd64\native-platform.dll
0x00007ff956370000 - 0x00007ff9564b4000 	D:\DOWNLOADS\JetPlayer\native\e376f236ea51e6404a007f0833ffe2c6e607c4080706a723a18a27aeea778392\windows-amd64\native-platform-file-events.dll
0x00007ff97db00000 - 0x00007ff97db09000 	C:\Program Files\Zulu\zulu-17\bin\management.dll
0x00007ff97daa0000 - 0x00007ff97daab000 	C:\Program Files\Zulu\zulu-17\bin\management_ext.dll
0x00007ff986730000 - 0x00007ff986738000 	C:\Windows\System32\PSAPI.DLL
0x00007ff9850a0000 - 0x00007ff9850b8000 	C:\Windows\SYSTEM32\CRYPTSP.dll
0x00007ff9844a0000 - 0x00007ff9844d4000 	C:\Windows\system32\rsaenh.dll
0x00007ff9859f0000 - 0x00007ff985a17000 	C:\Windows\System32\bcrypt.dll
0x00007ff985280000 - 0x00007ff9852ae000 	C:\Windows\SYSTEM32\USERENV.dll
0x00007ff984c70000 - 0x00007ff984c7c000 	C:\Windows\SYSTEM32\CRYPTBASE.dll
0x00007ff984800000 - 0x00007ff98483b000 	C:\Windows\SYSTEM32\IPHLPAPI.DLL
0x00007ff986400000 - 0x00007ff986409000 	C:\Windows\System32\NSI.dll
0x00007ff97f3a0000 - 0x00007ff97f3b7000 	C:\Windows\SYSTEM32\dhcpcsvc6.DLL
0x00007ff97f380000 - 0x00007ff97f39d000 	C:\Windows\SYSTEM32\dhcpcsvc.DLL
0x00007ff984840000 - 0x00007ff98490a000 	C:\Windows\SYSTEM32\DNSAPI.dll
0x00007ff97d4c0000 - 0x00007ff97d4ce000 	C:\Program Files\Zulu\zulu-17\bin\sunmscapi.dll
0x00007ff985830000 - 0x00007ff98598d000 	C:\Windows\System32\CRYPT32.dll
0x00007ff984d70000 - 0x00007ff984d97000 	C:\Windows\SYSTEM32\ncrypt.dll
0x00007ff984d30000 - 0x00007ff984d6b000 	C:\Windows\SYSTEM32\NTASN1.dll
0x00007ff980200000 - 0x00007ff980207000 	C:\Windows\system32\wshunix.dll

dbghelp: loaded successfully - version: 4.0.5 - missing functions: none
symbol engine: initialized successfully - sym options: 0x614 - pdb path: .;C:\Program Files\Zulu\zulu-17\bin;C:\Windows\SYSTEM32;C:\Windows\WinSxS\amd64_microsoft.windows.common-controls_6595b64144ccf1df_6.0.19041.1_none_b555e41d4684ddec;C:\Program Files\Zulu\zulu-17\bin\server;D:\DOWNLOADS\JetPlayer\native\68d5fa5c4cc2d200863cafc0d521ce42e7d3e7ee720ec0a83991735586a16f82\windows-amd64;D:\DOWNLOADS\JetPlayer\native\e376f236ea51e6404a007f0833ffe2c6e607c4080706a723a18a27aeea778392\windows-amd64

VM Arguments:
jvm_args: --add-opens=java.base/java.util=ALL-UNNAMED --add-opens=java.base/java.lang=ALL-UNNAMED --add-opens=java.base/java.lang.invoke=ALL-UNNAMED --add-opens=java.prefs/java.util.prefs=ALL-UNNAMED --add-opens=java.base/java.nio.charset=ALL-UNNAMED --add-opens=java.base/java.net=ALL-UNNAMED --add-opens=java.base/java.util.concurrent.atomic=ALL-UNNAMED -Xmx2048m -Dfile.encoding=UTF-8 -Duser.country=US -Duser.language=en -Duser.variant 
java_command: org.gradle.launcher.daemon.bootstrap.GradleDaemon 8.0
java_class_path (initial): D:\DOWNLOADS\JetPlayer\wrapper\dists\gradle-8.0-bin\ca5e32bp14vu59qr306oxotwh\gradle-8.0\lib\gradle-launcher-8.0.jar
Launcher Type: SUN_STANDARD

[Global flags]
     intx CICompilerCount                          = 3                                         {product} {ergonomic}
     uint ConcGCThreads                            = 1                                         {product} {ergonomic}
     uint G1ConcRefinementThreads                  = 4                                         {product} {ergonomic}
   size_t G1HeapRegionSize                         = 1048576                                   {product} {ergonomic}
    uintx GCDrainStackTargetSize                   = 64                                        {product} {ergonomic}
   size_t InitialHeapSize                          = 132120576                                 {product} {ergonomic}
   size_t MarkStackSize                            = 4194304                                   {product} {ergonomic}
   size_t MaxHeapSize                              = 2147483648                                {product} {command line}
   size_t MaxNewSize                               = 1287651328                                {product} {ergonomic}
   size_t MinHeapDeltaBytes                        = 1048576                                   {product} {ergonomic}
   size_t MinHeapSize                              = 8388608                                   {product} {ergonomic}
    uintx NonNMethodCodeHeapSize                   = 5832780                                {pd product} {ergonomic}
    uintx NonProfiledCodeHeapSize                  = 122912730                              {pd product} {ergonomic}
    uintx ProfiledCodeHeapSize                     = 122912730                              {pd product} {ergonomic}
    uintx ReservedCodeCacheSize                    = 251658240                              {pd product} {ergonomic}
     bool SegmentedCodeCache                       = true                                      {product} {ergonomic}
   size_t SoftMaxHeapSize                          = 2147483648                             {manageable} {ergonomic}
     bool UseCompressedClassPointers               = true                           {product lp64_product} {ergonomic}
     bool UseCompressedOops                        = true                           {product lp64_product} {ergonomic}
     bool UseG1GC                                  = true                                      {product} {ergonomic}
     bool UseLargePagesIndividualAllocation        = false                                  {pd product} {ergonomic}

Logging:
Log output configuration:
 #0: stdout all=warning uptime,level,tags
 #1: stderr all=off uptime,level,tags

Environment Variables:
JAVA_HOME=C:\Program Files\Zulu\zulu-17
PATH=C:\Program Files\Zulu\zulu-17\bin\;C:\Program Files\Common Files\Oracle\Java\javapath;C:\Program Files (x86)\Common Files\Oracle\Java\javapath;C:\Program Files\Zulu\zulu-8\bin\;C:\ProgramData\Oracle\Java\javapath;C:\Windows\system32;C:\Windows;C:\Windows\System32\Wbem;C:\Windows\System32\WindowsPowerShell\v1.0\;C:\Windows\System32\OpenSSH\;C:\Program Files (x86)\dotnet\;C:\Program Files\dotnet\;C:\Program Files (x86)\QuickTime\QTSystem\;D:\DOWNLOADS\gradle-8.3-all\gradle-8.3\bin;C:\Program Files\Git\cmd;C:\Program Files\Java\jdk-21\bin;C:\Users\ACER\AppData\Local\Microsoft\WindowsApps;C:\Users\ACER\AppData\Local\Programs\Microsoft VS Code\bin;C:\Program Files\Java\jdk-21\bin;
USERNAME=ACER
OS=Windows_NT
PROCESSOR_IDENTIFIER=Intel64 Family 6 Model 58 Stepping 9, GenuineIntel
TMP=C:\Users\ACER\AppData\Local\Temp
TEMP=C:\Users\ACER\AppData\Local\Temp



Periodic native trim disabled


---------------  S Y S T E M  ---------------

OS:
 Windows 10 , 64 bit Build 19041 (10.0.19041.207)
OS uptime: 0 days 17:45 hours
Hyper-V role detected

CPU: total 4 (initial active 4) (2 cores per cpu, 2 threads per core) family 6 model 58 stepping 9 microcode 0x21, cx8, cmov, fxsr, ht, mmx, sse, sse2, sse3, ssse3, sse4.1, sse4.2, popcnt, tsc, tscinvbit, avx, aes, erms, clmul, vzeroupper, clflush, hv
Processor Information for all 4 processors :
  Max Mhz: 2501, Current Mhz: 2100, Mhz Limit: 2075

Memory: 4k page, system-wide physical 8030M (508M free)
TotalPageFile size 10075M (AvailPageFile size 185M)
current process WorkingSet (physical memory assigned to process): 368M, peak: 368M
current process commit charge ("private bytes"): 403M, peak: 641M

vm_info: OpenJDK 64-Bit Server VM (17.0.9+8-LTS) for windows-amd64 JRE (17.0.9+8-LTS) (Zulu17.46+19-CA), built on Oct 11 2023 20:47:25 by "zulu_re" with MS VC++ 16.10 / 16.11 (VS2019)

END.
