#
# There is insufficient memory for the Java Runtime Environment to continue.
# Native memory allocation (mmap) failed to map 287309824 bytes for G1 virtual space
# Possible reasons:
#   The system is out of physical RAM or swap space
#   The process is running with CompressedOops enabled, and the Java Heap may be blocking the growth of the native heap
# Possible solutions:
#   Reduce memory load on the system
#   Increase physical memory or swap space
#   Check if swap backing store is full
#   Decrease Java heap size (-Xmx/-Xms)
#   Decrease number of Java threads
#   Decrease Java thread stack sizes (-Xss)
#   Set larger code cache with -XX:ReservedCodeCacheSize=
#   JVM is running with Unscaled Compressed Oops mode in which the Java heap is
#     placed in the first 4GB address space. The Java Heap base address is the
#     maximum limit for the native heap growth. Please use -XX:HeapBaseMinAddress
#     to set the Java Heap base and to place the Java Heap above 4GB virtual address.
# This output file may be truncated or incomplete.
#
#  Out of Memory Error (os_windows.cpp:3613), pid=8636, tid=10164
#
# JRE version: OpenJDK Runtime Environment Zulu17.46+19-CA (17.0.9+8) (build 17.0.9+8-LTS)
# Java VM: OpenJDK 64-Bit Server VM Zulu17.46+19-CA (17.0.9+8-LTS, mixed mode, sharing, tiered, compressed oops, compressed class ptrs, g1 gc, windows-amd64)
# No core dump will be written. Minidumps are not enabled by default on client versions of Windows
#

---------------  S U M M A R Y ------------

Command Line: --add-opens=java.base/java.util=ALL-UNNAMED --add-opens=java.base/java.lang=ALL-UNNAMED --add-opens=java.base/java.lang.invoke=ALL-UNNAMED --add-opens=java.prefs/java.util.prefs=ALL-UNNAMED --add-opens=java.base/java.nio.charset=ALL-UNNAMED --add-opens=java.base/java.net=ALL-UNNAMED --add-opens=java.base/java.util.concurrent.atomic=ALL-UNNAMED -Xmx2048m -Dfile.encoding=UTF-8 -Duser.country=US -Duser.language=en -Duser.variant org.gradle.launcher.daemon.bootstrap.GradleDaemon 8.0

Host: Intel(R) Core(TM) i5-3210M CPU @ 2.50GHz, 4 cores, 7G,  Windows 10 , 64 bit Build 19041 (10.0.19041.207)
Time: Mon Jan 22 02:31:37 2024 SE Asia Standard Time elapsed time: 43.218209 seconds (0d 0h 0m 43s)

---------------  T H R E A D  ---------------

Current thread (0x0000021eb1fa3860):  VMThread "VM Thread" [stack: 0x0000007006000000,0x0000007006100000] [id=10164]

Stack: [0x0000007006000000,0x0000007006100000]
Native frames: (J=compiled Java code, j=interpreted, Vv=VM code, C=native code)
V  [jvm.dll+0x681239]
V  [jvm.dll+0x838dba]
V  [jvm.dll+0x83a87e]
V  [jvm.dll+0x83aee3]
V  [jvm.dll+0x24b92f]
V  [jvm.dll+0x67e049]
V  [jvm.dll+0x67299a]
V  [jvm.dll+0x30b7db]
V  [jvm.dll+0x312c86]
V  [jvm.dll+0x36327e]
V  [jvm.dll+0x3634af]
V  [jvm.dll+0x2e2438]
V  [jvm.dll+0x2e0614]
V  [jvm.dll+0x2dfc1c]
V  [jvm.dll+0x323c3b]
V  [jvm.dll+0x83f3db]
V  [jvm.dll+0x840121]
V  [jvm.dll+0x84063d]
V  [jvm.dll+0x840a14]
V  [jvm.dll+0x840ae0]
V  [jvm.dll+0x7e825a]
V  [jvm.dll+0x680125]
C  [ucrtbase.dll+0x21542]
C  [KERNEL32.DLL+0x16fd4]
C  [ntdll.dll+0x4cec1]

VM_Operation (0x00000070077f1aa0): G1CollectForAllocation, mode: safepoint, requested by thread 0x0000021ef8c3b950


---------------  P R O C E S S  ---------------

Threads class SMR info:
_java_thread_list=0x0000021efcc85b90, length=84, elements={
0x0000021e94345820, 0x0000021eb1fac1d0, 0x0000021eb1fad390, 0x0000021eb1fbc840,
0x0000021eb1fbd120, 0x0000021eb1fbe1a0, 0x0000021eb1fbfea0, 0x0000021eb1fca820,
0x0000021eb1fcc130, 0x0000021eb1fe9d70, 0x0000021eb2202f60, 0x0000021eb220e090,
0x0000021ef843b960, 0x0000021eb2b79140, 0x0000021ef8fb0ee0, 0x0000021ef8dec020,
0x0000021ef8dbdfb0, 0x0000021ef8309970, 0x0000021ef8c3b950, 0x0000021ef8c3af30,
0x0000021ef8c3b440, 0x0000021ef8c3be60, 0x0000021ef8c3aa20, 0x0000021ef8c3a510,
0x0000021ef8c3c370, 0x0000021ef8c390d0, 0x0000021ef8c395e0, 0x0000021ef8c39af0,
0x0000021ef82c2ac0, 0x0000021ef82bcfa0, 0x0000021ef82bc580, 0x0000021ef82bfd30,
0x0000021ef82c34e0, 0x0000021ef82c1680, 0x0000021ef82bd9c0, 0x0000021ef82c25b0,
0x0000021ef82c0c60, 0x0000021ef82bee00, 0x0000021ef82c2fd0, 0x0000021ef82c39f0,
0x0000021ef82bf310, 0x0000021ef82bf820, 0x0000021ef82c1170, 0x0000021ef82c1b90,
0x0000021ef82c20a0, 0x0000021ef82bca90, 0x0000021ef842d360, 0x0000021ef8426e20,
0x0000021ef8427840, 0x0000021ef842bf20, 0x0000021ef842d870, 0x0000021ef8428c80,
0x0000021ef8426910, 0x0000021ef8429190, 0x0000021ef842a0c0, 0x0000021ef842c430,
0x0000021ef8426400, 0x0000021ef84296a0, 0x0000021ef842a5d0, 0x0000021ef842aae0,
0x0000021ef842b500, 0x0000021ef842ba10, 0x0000021ef842aff0, 0x0000021ef842c940,
0x0000021ef842dd80, 0x0000021ef842ce50, 0x0000021ef8428260, 0x0000021ef8427d50,
0x0000021ef8427330, 0x0000021ef8428770, 0x0000021ef8429bb0, 0x0000021ef80ce370,
0x0000021ef80ce880, 0x0000021ef80ca6b0, 0x0000021ef80cde60, 0x0000021ef80cd950,
0x0000021ef80cc000, 0x0000021ef80d01d0, 0x0000021ef80d06e0, 0x0000021ef80d0bf0,
0x0000021ef80ced90, 0x0000021ef80cc510, 0x0000021ef80cca20, 0x0000021efbe5e4a0
}

Java Threads: ( => current thread )
  0x0000021e94345820 JavaThread "main" [_thread_blocked, id=1484, stack(0x0000007005a00000,0x0000007005b00000)]
  0x0000021eb1fac1d0 JavaThread "Reference Handler" daemon [_thread_blocked, id=2900, stack(0x0000007006100000,0x0000007006200000)]
  0x0000021eb1fad390 JavaThread "Finalizer" daemon [_thread_blocked, id=7200, stack(0x0000007006200000,0x0000007006300000)]
  0x0000021eb1fbc840 JavaThread "Signal Dispatcher" daemon [_thread_blocked, id=632, stack(0x0000007006300000,0x0000007006400000)]
  0x0000021eb1fbd120 JavaThread "Attach Listener" daemon [_thread_blocked, id=8408, stack(0x0000007006400000,0x0000007006500000)]
  0x0000021eb1fbe1a0 JavaThread "Service Thread" daemon [_thread_blocked, id=2500, stack(0x0000007006500000,0x0000007006600000)]
  0x0000021eb1fbfea0 JavaThread "Monitor Deflation Thread" daemon [_thread_blocked, id=3908, stack(0x0000007006600000,0x0000007006700000)]
  0x0000021eb1fca820 JavaThread "C2 CompilerThread0" daemon [_thread_blocked, id=576, stack(0x0000007006700000,0x0000007006800000)]
  0x0000021eb1fcc130 JavaThread "C1 CompilerThread0" daemon [_thread_blocked, id=9644, stack(0x0000007006800000,0x0000007006900000)]
  0x0000021eb1fe9d70 JavaThread "Sweeper thread" daemon [_thread_blocked, id=9452, stack(0x0000007006900000,0x0000007006a00000)]
  0x0000021eb2202f60 JavaThread "Common-Cleaner" daemon [_thread_blocked, id=4492, stack(0x0000007006a00000,0x0000007006b00000)]
  0x0000021eb220e090 JavaThread "Notification Thread" daemon [_thread_blocked, id=352, stack(0x0000007006b00000,0x0000007006c00000)]
  0x0000021ef843b960 JavaThread "Daemon health stats" [_thread_blocked, id=3248, stack(0x0000007007100000,0x0000007007200000)]
  0x0000021eb2b79140 JavaThread "Incoming local TCP Connector on port 60800" [_thread_in_native, id=5712, stack(0x0000007007200000,0x0000007007300000)]
  0x0000021ef8fb0ee0 JavaThread "Daemon periodic checks" [_thread_blocked, id=5860, stack(0x0000007007300000,0x0000007007400000)]
  0x0000021ef8dec020 JavaThread "Daemon" [_thread_blocked, id=3916, stack(0x0000007007400000,0x0000007007500000)]
  0x0000021ef8dbdfb0 JavaThread "Handler for socket connection from /127.0.0.1:60800 to /127.0.0.1:60801" [_thread_in_native, id=3920, stack(0x0000007007500000,0x0000007007600000)]
  0x0000021ef8309970 JavaThread "Cancel handler" [_thread_blocked, id=6892, stack(0x0000007007600000,0x0000007007700000)]
  0x0000021ef8c3b950 JavaThread "Daemon worker" [_thread_blocked, id=7348, stack(0x0000007007700000,0x0000007007800000)]
  0x0000021ef8c3af30 JavaThread "Asynchronous log dispatcher for DefaultDaemonConnection: socket connection from /127.0.0.1:60800 to /127.0.0.1:60801" [_thread_blocked, id=1468, stack(0x0000007007800000,0x0000007007900000)]
  0x0000021ef8c3b440 JavaThread "Stdin handler" [_thread_blocked, id=6872, stack(0x0000007007900000,0x0000007007a00000)]
  0x0000021ef8c3be60 JavaThread "Daemon client event forwarder" [_thread_blocked, id=2276, stack(0x0000007007a00000,0x0000007007b00000)]
  0x0000021ef8c3aa20 JavaThread "Cache worker for journal cache (D:\DOWNLOADS\JetPlayer\caches\journal-1)" [_thread_blocked, id=2364, stack(0x0000007007b00000,0x0000007007c00000)]
  0x0000021ef8c3a510 JavaThread "File lock request listener" [_thread_in_native, id=8776, stack(0x0000007007c00000,0x0000007007d00000)]
  0x0000021ef8c3c370 JavaThread "Cache worker for file hash cache (D:\DOWNLOADS\JetPlayer\caches\8.0\fileHashes)" [_thread_blocked, id=7568, stack(0x0000007006f00000,0x0000007007000000)]
  0x0000021ef8c390d0 JavaThread "File watcher server" daemon [_thread_in_native, id=7380, stack(0x0000007007e00000,0x0000007007f00000)]
  0x0000021ef8c395e0 JavaThread "File watcher consumer" daemon [_thread_blocked, id=7360, stack(0x0000007007f00000,0x0000007008000000)]
  0x0000021ef8c39af0 JavaThread "jar transforms" [_thread_blocked, id=7160, stack(0x0000007008000000,0x0000007008100000)]
  0x0000021ef82c2ac0 JavaThread "jar transforms Thread 2" [_thread_blocked, id=2748, stack(0x0000007008100000,0x0000007008200000)]
  0x0000021ef82bcfa0 JavaThread "jar transforms Thread 3" [_thread_blocked, id=7812, stack(0x0000007008200000,0x0000007008300000)]
  0x0000021ef82bc580 JavaThread "jar transforms Thread 4" [_thread_blocked, id=2892, stack(0x0000007008300000,0x0000007008400000)]
  0x0000021ef82bfd30 JavaThread "Cache worker for checksums cache (C:\Users\ACER\AndroidStudioProjects\ShoesCare\.gradle\8.0\checksums)" [_thread_blocked, id=1884, stack(0x0000007008400000,0x0000007008500000)]
  0x0000021ef82c34e0 JavaThread "Cache worker for cache directory md-rule (D:\DOWNLOADS\JetPlayer\caches\8.0\md-rule)" [_thread_blocked, id=4956, stack(0x0000007008500000,0x0000007008600000)]
  0x0000021ef82c1680 JavaThread "Cache worker for file content cache (D:\DOWNLOADS\JetPlayer\caches\8.0\fileContent)" [_thread_blocked, id=8860, stack(0x0000007008600000,0x0000007008700000)]
  0x0000021ef82bd9c0 JavaThread "Cache worker for file hash cache (C:\Users\ACER\AndroidStudioProjects\ShoesCare\.gradle\8.0\fileHashes)" [_thread_blocked, id=5260, stack(0x0000007008700000,0x0000007008800000)]
  0x0000021ef82c25b0 JavaThread "Cache worker for cache directory md-supplier (D:\DOWNLOADS\JetPlayer\caches\8.0\md-supplier)" [_thread_blocked, id=4484, stack(0x0000007008800000,0x0000007008900000)]
  0x0000021ef82c0c60 JavaThread "Cache worker for execution history cache (D:\DOWNLOADS\JetPlayer\caches\8.0\executionHistory)" [_thread_blocked, id=7640, stack(0x0000007008900000,0x0000007008a00000)]
  0x0000021ef82bee00 JavaThread "Cache worker for kotlin-dsl (D:\DOWNLOADS\JetPlayer\caches\8.0\kotlin-dsl)" [_thread_blocked, id=4652, stack(0x0000007008c00000,0x0000007008d00000)]
  0x0000021ef82c2fd0 JavaThread "Cache worker for dependencies-accessors (C:\Users\ACER\AndroidStudioProjects\ShoesCare\.gradle\8.0\dependencies-accessors)" [_thread_blocked, id=7264, stack(0x0000007008d00000,0x0000007008e00000)]
  0x0000021ef82c39f0 JavaThread "Cache worker for Build Output Cleanup Cache (C:\Users\ACER\AndroidStudioProjects\ShoesCare\.gradle\buildOutputCleanup)" [_thread_blocked, id=6632, stack(0x0000007008e00000,0x0000007008f00000)]
  0x0000021ef82bf310 JavaThread "Unconstrained build operations" [_thread_blocked, id=1836, stack(0x0000007007d00000,0x0000007007e00000)]
  0x0000021ef82bf820 JavaThread "Unconstrained build operations Thread 2" [_thread_blocked, id=1308, stack(0x0000007008f00000,0x0000007009000000)]
  0x0000021ef82c1170 JavaThread "Unconstrained build operations Thread 3" [_thread_blocked, id=7580, stack(0x0000007009000000,0x0000007009100000)]
  0x0000021ef82c1b90 JavaThread "Unconstrained build operations Thread 4" [_thread_blocked, id=544, stack(0x0000007009100000,0x0000007009200000)]
  0x0000021ef82c20a0 JavaThread "Unconstrained build operations Thread 5" [_thread_blocked, id=9344, stack(0x0000007009200000,0x0000007009300000)]
  0x0000021ef82bca90 JavaThread "Unconstrained build operations Thread 6" [_thread_blocked, id=9712, stack(0x0000007009300000,0x0000007009400000)]
  0x0000021ef842d360 JavaThread "Unconstrained build operations Thread 7" [_thread_blocked, id=9600, stack(0x0000007009400000,0x0000007009500000)]
  0x0000021ef8426e20 JavaThread "Unconstrained build operations Thread 8" [_thread_blocked, id=8016, stack(0x0000007009500000,0x0000007009600000)]
  0x0000021ef8427840 JavaThread "Unconstrained build operations Thread 9" [_thread_blocked, id=7188, stack(0x0000007009600000,0x0000007009700000)]
  0x0000021ef842bf20 JavaThread "Unconstrained build operations Thread 10" [_thread_blocked, id=8512, stack(0x0000007009700000,0x0000007009800000)]
  0x0000021ef842d870 JavaThread "Unconstrained build operations Thread 11" [_thread_blocked, id=80, stack(0x0000007009800000,0x0000007009900000)]
  0x0000021ef8428c80 JavaThread "Unconstrained build operations Thread 12" [_thread_blocked, id=4776, stack(0x0000007009900000,0x0000007009a00000)]
  0x0000021ef8426910 JavaThread "Unconstrained build operations Thread 13" [_thread_blocked, id=8548, stack(0x0000007009a00000,0x0000007009b00000)]
  0x0000021ef8429190 JavaThread "Unconstrained build operations Thread 14" [_thread_blocked, id=8220, stack(0x0000007009b00000,0x0000007009c00000)]
  0x0000021ef842a0c0 JavaThread "Unconstrained build operations Thread 15" [_thread_blocked, id=8576, stack(0x0000007009c00000,0x0000007009d00000)]
  0x0000021ef842c430 JavaThread "Unconstrained build operations Thread 16" [_thread_blocked, id=2872, stack(0x0000007009d00000,0x0000007009e00000)]
  0x0000021ef8426400 JavaThread "Unconstrained build operations Thread 17" [_thread_blocked, id=7980, stack(0x0000007009e00000,0x0000007009f00000)]
  0x0000021ef84296a0 JavaThread "Unconstrained build operations Thread 18" [_thread_blocked, id=5536, stack(0x0000007009f00000,0x000000700a000000)]
  0x0000021ef842a5d0 JavaThread "Unconstrained build operations Thread 19" [_thread_blocked, id=1236, stack(0x000000700a000000,0x000000700a100000)]
  0x0000021ef842aae0 JavaThread "Unconstrained build operations Thread 20" [_thread_blocked, id=8472, stack(0x000000700a100000,0x000000700a200000)]
  0x0000021ef842b500 JavaThread "Unconstrained build operations Thread 21" [_thread_blocked, id=2392, stack(0x000000700a200000,0x000000700a300000)]
  0x0000021ef842ba10 JavaThread "Unconstrained build operations Thread 22" [_thread_blocked, id=9392, stack(0x000000700a300000,0x000000700a400000)]
  0x0000021ef842aff0 JavaThread "Unconstrained build operations Thread 23" [_thread_blocked, id=8332, stack(0x000000700a400000,0x000000700a500000)]
  0x0000021ef842c940 JavaThread "Unconstrained build operations Thread 24" [_thread_blocked, id=7548, stack(0x000000700a500000,0x000000700a600000)]
  0x0000021ef842dd80 JavaThread "Unconstrained build operations Thread 25" [_thread_blocked, id=7020, stack(0x000000700a600000,0x000000700a700000)]
  0x0000021ef842ce50 JavaThread "Unconstrained build operations Thread 26" [_thread_blocked, id=3512, stack(0x000000700a700000,0x000000700a800000)]
  0x0000021ef8428260 JavaThread "Unconstrained build operations Thread 27" [_thread_blocked, id=8012, stack(0x000000700a800000,0x000000700a900000)]
  0x0000021ef8427d50 JavaThread "Unconstrained build operations Thread 28" [_thread_blocked, id=2436, stack(0x000000700a900000,0x000000700aa00000)]
  0x0000021ef8427330 JavaThread "Unconstrained build operations Thread 29" [_thread_blocked, id=2552, stack(0x000000700aa00000,0x000000700ab00000)]
  0x0000021ef8428770 JavaThread "Unconstrained build operations Thread 30" [_thread_blocked, id=7076, stack(0x000000700ab00000,0x000000700ac00000)]
  0x0000021ef8429bb0 JavaThread "Unconstrained build operations Thread 31" [_thread_blocked, id=2632, stack(0x000000700ac00000,0x000000700ad00000)]
  0x0000021ef80ce370 JavaThread "Unconstrained build operations Thread 32" [_thread_blocked, id=1972, stack(0x000000700ad00000,0x000000700ae00000)]
  0x0000021ef80ce880 JavaThread "Unconstrained build operations Thread 33" [_thread_blocked, id=4884, stack(0x000000700ae00000,0x000000700af00000)]
  0x0000021ef80ca6b0 JavaThread "Unconstrained build operations Thread 34" [_thread_blocked, id=2440, stack(0x000000700af00000,0x000000700b000000)]
  0x0000021ef80cde60 JavaThread "Unconstrained build operations Thread 35" [_thread_blocked, id=340, stack(0x000000700b000000,0x000000700b100000)]
  0x0000021ef80cd950 JavaThread "Unconstrained build operations Thread 36" [_thread_blocked, id=7788, stack(0x000000700b100000,0x000000700b200000)]
  0x0000021ef80cc000 JavaThread "Unconstrained build operations Thread 37" [_thread_blocked, id=6552, stack(0x000000700b200000,0x000000700b300000)]
  0x0000021ef80d01d0 JavaThread "Unconstrained build operations Thread 38" [_thread_blocked, id=6064, stack(0x000000700b300000,0x000000700b400000)]
  0x0000021ef80d06e0 JavaThread "Unconstrained build operations Thread 39" [_thread_blocked, id=3084, stack(0x000000700b400000,0x000000700b500000)]
  0x0000021ef80d0bf0 JavaThread "Unconstrained build operations Thread 40" [_thread_blocked, id=9556, stack(0x000000700b500000,0x000000700b600000)]
  0x0000021ef80ced90 JavaThread "Memory manager" [_thread_blocked, id=4112, stack(0x000000700b600000,0x000000700b700000)]
  0x0000021ef80cc510 JavaThread "build event listener" [_thread_blocked, id=2216, stack(0x000000700b700000,0x000000700b800000)]
  0x0000021ef80cca20 JavaThread "build event listener" [_thread_blocked, id=2192, stack(0x000000700b800000,0x000000700b900000)]
  0x0000021efbe5e4a0 JavaThread "C2 CompilerThread1" daemon [_thread_in_native, id=3340, stack(0x0000007005700000,0x0000007005800000)]

Other Threads:
=>0x0000021eb1fa3860 VMThread "VM Thread" [stack: 0x0000007006000000,0x0000007006100000] [id=10164]
  0x0000021eb220ed90 WatcherThread [stack: 0x0000007006c00000,0x0000007006d00000] [id=8648]
  0x0000021e9439f4a0 GCTaskThread "GC Thread#0" [stack: 0x0000007005b00000,0x0000007005c00000] [id=5720]
  0x0000021eb23b71e0 GCTaskThread "GC Thread#1" [stack: 0x0000007006d00000,0x0000007006e00000] [id=712]
  0x0000021eb23b74b0 GCTaskThread "GC Thread#2" [stack: 0x0000007006e00000,0x0000007006f00000] [id=5540]
  0x0000021ef88f9270 GCTaskThread "GC Thread#3" [stack: 0x0000007007000000,0x0000007007100000] [id=9832]
  0x0000021e943b0310 ConcurrentGCThread "G1 Main Marker" [stack: 0x0000007005c00000,0x0000007005d00000] [id=6660]
  0x0000021e943b13e0 ConcurrentGCThread "G1 Conc#0" [stack: 0x0000007005d00000,0x0000007005e00000] [id=2660]
  0x0000021eb1e624b0 ConcurrentGCThread "G1 Refine#0" [stack: 0x0000007005e00000,0x0000007005f00000] [id=1496]
  0x0000021ef86057d0 ConcurrentGCThread "G1 Refine#1" [stack: 0x0000007008a00000,0x0000007008b00000] [id=7488]
  0x0000021efb775f60 ConcurrentGCThread "G1 Refine#2" [stack: 0x0000007008b00000,0x0000007008c00000] [id=6692]
  0x0000021efa4eecd0 ConcurrentGCThread "G1 Refine#3" [stack: 0x000000700b900000,0x000000700ba00000] [id=3200]
  0x0000021e94408310 ConcurrentGCThread "G1 Service" [stack: 0x0000007005f00000,0x0000007006000000] [id=8340]

Threads with active compile tasks:
C2 CompilerThread0    43255 10403       4       org.jetbrains.kotlin.cli.jvm.index.JvmDependenciesIndexImpl::travelPath (157 bytes)
C1 CompilerThread0    43255 10550       3       org.jetbrains.kotlin.types.checker.ClassicTypeSystemContext$DefaultImpls::isMarkedNullable (75 bytes)
C2 CompilerThread1    43255 10500   !   4       org.jetbrains.kotlin.metadata.ProtoBuf$ValueParameter::<init> (513 bytes)

VM state: at safepoint (normal execution)

VM Mutex/Monitor currently owned by a thread:  ([mutex/lock_event])
[0x0000021e943416b0] Threads_lock - owner thread: 0x0000021eb1fa3860
[0x0000021e94341f20] Heap_lock - owner thread: 0x0000021ef8c3b950

Heap address: 0x0000000080000000, size: 2048 MB, Compressed Oops mode: 32-bit

CDS archive(s) mapped at: [0x0000021eb3000000-0x0000021eb3bd0000-0x0000021eb3bd0000), size 12386304, SharedBaseAddress: 0x0000021eb3000000, ArchiveRelocationMode: 1.
Compressed class space mapped at: 0x0000021eb4000000-0x0000021ef4000000, reserved size: 1073741824
Narrow klass base: 0x0000021eb3000000, Narrow klass shift: 0, Narrow klass range: 0x100000000

GC Precious Log:
 CPUs: 4 total, 4 available
 Memory: 8030M
 Large Page Support: Disabled
 NUMA Support: Disabled
 Compressed Oops: Enabled (32-bit)
 Heap Region Size: 1M
 Heap Min Capacity: 8M
 Heap Initial Capacity: 126M
 Heap Max Capacity: 2G
 Pre-touch: Disabled
 Parallel Workers: 4
 Concurrent Workers: 1
 Concurrent Refinement Workers: 4
 Periodic GC: Disabled

Heap:
 garbage-first heap   total 280576K, used 164805K [0x0000000080000000, 0x0000000100000000)
  region size 1024K, 7 young (7168K), 7 survivors (7168K)
 Metaspace       used 102757K, committed 103488K, reserved 1179648K
  class space    used 13619K, committed 13952K, reserved 1048576K

Heap Regions: E=young(eden), S=young(survivor), O=old, HS=humongous(starts), HC=humongous(continues), CS=collection set, F=free, OA=open archive, CA=closed archive, TAMS=top-at-mark-start (previous, next)
|   0|0x0000000080000000, 0x0000000080100000, 0x0000000080100000|100%| O|  |TAMS 0x0000000080100000, 0x0000000080000000| Untracked 
|   1|0x0000000080100000, 0x0000000080200000, 0x0000000080200000|100%| O|  |TAMS 0x0000000080200000, 0x0000000080100000| Untracked 
|   2|0x0000000080200000, 0x0000000080300000, 0x0000000080300000|100%|HS|  |TAMS 0x0000000080300000, 0x0000000080200000| Complete 
|   3|0x0000000080300000, 0x0000000080400000, 0x0000000080400000|100%|HC|  |TAMS 0x0000000080400000, 0x0000000080300000| Complete 
|   4|0x0000000080400000, 0x0000000080500000, 0x0000000080500000|100%|HC|  |TAMS 0x0000000080500000, 0x0000000080400000| Complete 
|   5|0x0000000080500000, 0x0000000080600000, 0x0000000080600000|100%|HC|  |TAMS 0x0000000080600000, 0x0000000080500000| Complete 
|   6|0x0000000080600000, 0x0000000080700000, 0x0000000080700000|100%| O|  |TAMS 0x0000000080700000, 0x0000000080600000| Untracked 
|   7|0x0000000080700000, 0x0000000080800000, 0x0000000080800000|100%| O|  |TAMS 0x0000000080800000, 0x0000000080700000| Untracked 
|   8|0x0000000080800000, 0x0000000080900000, 0x0000000080900000|100%| O|  |TAMS 0x0000000080900000, 0x0000000080800000| Untracked 
|   9|0x0000000080900000, 0x0000000080a00000, 0x0000000080a00000|100%| O|  |TAMS 0x0000000080a00000, 0x0000000080900000| Untracked 
|  10|0x0000000080a00000, 0x0000000080b00000, 0x0000000080b00000|100%| O|  |TAMS 0x0000000080b00000, 0x0000000080a00000| Untracked 
|  11|0x0000000080b00000, 0x0000000080c00000, 0x0000000080c00000|100%| O|  |TAMS 0x0000000080c00000, 0x0000000080b00000| Untracked 
|  12|0x0000000080c00000, 0x0000000080d00000, 0x0000000080d00000|100%|HS|  |TAMS 0x0000000080d00000, 0x0000000080c00000| Complete 
|  13|0x0000000080d00000, 0x0000000080e00000, 0x0000000080e00000|100%|HC|  |TAMS 0x0000000080e00000, 0x0000000080d00000| Complete 
|  14|0x0000000080e00000, 0x0000000080f00000, 0x0000000080f00000|100%|HS|  |TAMS 0x0000000080f00000, 0x0000000080e00000| Complete 
|  15|0x0000000080f00000, 0x0000000081000000, 0x0000000081000000|100%|HC|  |TAMS 0x0000000081000000, 0x0000000080f00000| Complete 
|  16|0x0000000081000000, 0x0000000081100000, 0x0000000081100000|100%|HC|  |TAMS 0x0000000081100000, 0x0000000081000000| Complete 
|  17|0x0000000081100000, 0x0000000081200000, 0x0000000081200000|100%|HS|  |TAMS 0x0000000081200000, 0x0000000081100000| Complete 
|  18|0x0000000081200000, 0x0000000081300000, 0x0000000081300000|100%|HC|  |TAMS 0x0000000081300000, 0x0000000081200000| Complete 
|  19|0x0000000081300000, 0x0000000081400000, 0x0000000081400000|100%|HC|  |TAMS 0x0000000081400000, 0x0000000081300000| Complete 
|  20|0x0000000081400000, 0x0000000081500000, 0x0000000081500000|100%|HS|  |TAMS 0x0000000081500000, 0x0000000081400000| Complete 
|  21|0x0000000081500000, 0x0000000081600000, 0x0000000081600000|100%|HC|  |TAMS 0x0000000081600000, 0x0000000081500000| Complete 
|  22|0x0000000081600000, 0x0000000081700000, 0x0000000081700000|100%|HC|  |TAMS 0x0000000081700000, 0x0000000081600000| Complete 
|  23|0x0000000081700000, 0x0000000081800000, 0x0000000081800000|100%|HC|  |TAMS 0x0000000081800000, 0x0000000081700000| Complete 
|  24|0x0000000081800000, 0x0000000081900000, 0x0000000081900000|100%|HC|  |TAMS 0x0000000081900000, 0x0000000081800000| Complete 
|  25|0x0000000081900000, 0x0000000081a00000, 0x0000000081a00000|100%|HC|  |TAMS 0x0000000081a00000, 0x0000000081900000| Complete 
|  26|0x0000000081a00000, 0x0000000081b00000, 0x0000000081b00000|100%|HC|  |TAMS 0x0000000081b00000, 0x0000000081a00000| Complete 
|  27|0x0000000081b00000, 0x0000000081c00000, 0x0000000081c00000|100%|HC|  |TAMS 0x0000000081c00000, 0x0000000081b00000| Complete 
|  28|0x0000000081c00000, 0x0000000081d00000, 0x0000000081d00000|100%|HC|  |TAMS 0x0000000081d00000, 0x0000000081c00000| Complete 
|  29|0x0000000081d00000, 0x0000000081e00000, 0x0000000081e00000|100%|HC|  |TAMS 0x0000000081e00000, 0x0000000081d00000| Complete 
|  30|0x0000000081e00000, 0x0000000081f00000, 0x0000000081f00000|100%|HC|  |TAMS 0x0000000081f00000, 0x0000000081e00000| Complete 
|  31|0x0000000081f00000, 0x0000000082000000, 0x0000000082000000|100%|HC|  |TAMS 0x0000000082000000, 0x0000000081f00000| Complete 
|  32|0x0000000082000000, 0x0000000082100000, 0x0000000082100000|100%|HS|  |TAMS 0x0000000082100000, 0x0000000082000000| Complete 
|  33|0x0000000082100000, 0x0000000082200000, 0x0000000082200000|100%|HC|  |TAMS 0x0000000082200000, 0x0000000082100000| Complete 
|  34|0x0000000082200000, 0x0000000082300000, 0x0000000082300000|100%| O|  |TAMS 0x0000000082300000, 0x0000000082200000| Untracked 
|  35|0x0000000082300000, 0x0000000082400000, 0x0000000082400000|100%| O|  |TAMS 0x0000000082400000, 0x0000000082300000| Untracked 
|  36|0x0000000082400000, 0x0000000082500000, 0x0000000082500000|100%| O|  |TAMS 0x0000000082500000, 0x0000000082400000| Untracked 
|  37|0x0000000082500000, 0x0000000082600000, 0x0000000082600000|100%| O|  |TAMS 0x0000000082600000, 0x0000000082500000| Untracked 
|  38|0x0000000082600000, 0x0000000082700000, 0x0000000082700000|100%| O|  |TAMS 0x0000000082700000, 0x0000000082600000| Untracked 
|  39|0x0000000082700000, 0x0000000082800000, 0x0000000082800000|100%| O|  |TAMS 0x0000000082800000, 0x0000000082700000| Untracked 
|  40|0x0000000082800000, 0x0000000082900000, 0x0000000082900000|100%| O|  |TAMS 0x0000000082900000, 0x0000000082800000| Untracked 
|  41|0x0000000082900000, 0x0000000082a00000, 0x0000000082a00000|100%| O|  |TAMS 0x0000000082a00000, 0x0000000082900000| Untracked 
|  42|0x0000000082a00000, 0x0000000082b00000, 0x0000000082b00000|100%| O|  |TAMS 0x0000000082b00000, 0x0000000082a00000| Untracked 
|  43|0x0000000082b00000, 0x0000000082c00000, 0x0000000082c00000|100%| O|  |TAMS 0x0000000082c00000, 0x0000000082b00000| Untracked 
|  44|0x0000000082c00000, 0x0000000082d00000, 0x0000000082d00000|100%| O|  |TAMS 0x0000000082d00000, 0x0000000082c00000| Untracked 
|  45|0x0000000082d00000, 0x0000000082e00000, 0x0000000082e00000|100%| O|  |TAMS 0x0000000082e00000, 0x0000000082d00000| Untracked 
|  46|0x0000000082e00000, 0x0000000082f00000, 0x0000000082f00000|100%| O|  |TAMS 0x0000000082f00000, 0x0000000082e00000| Untracked 
|  47|0x0000000082f00000, 0x0000000083000000, 0x0000000083000000|100%| O|  |TAMS 0x0000000083000000, 0x0000000082f00000| Untracked 
|  48|0x0000000083000000, 0x0000000083100000, 0x0000000083100000|100%| O|  |TAMS 0x0000000083100000, 0x0000000083000000| Untracked 
|  49|0x0000000083100000, 0x0000000083200000, 0x0000000083200000|100%| O|  |TAMS 0x0000000083200000, 0x0000000083100000| Untracked 
|  50|0x0000000083200000, 0x0000000083300000, 0x0000000083300000|100%| O|  |TAMS 0x0000000083300000, 0x0000000083200000| Untracked 
|  51|0x0000000083300000, 0x0000000083400000, 0x0000000083400000|100%| O|  |TAMS 0x0000000083400000, 0x0000000083300000| Untracked 
|  52|0x0000000083400000, 0x0000000083500000, 0x0000000083500000|100%| O|  |TAMS 0x0000000083500000, 0x0000000083400000| Untracked 
|  53|0x0000000083500000, 0x0000000083600000, 0x0000000083600000|100%| O|  |TAMS 0x0000000083600000, 0x0000000083500000| Untracked 
|  54|0x0000000083600000, 0x0000000083700000, 0x0000000083700000|100%| O|  |TAMS 0x0000000083700000, 0x0000000083600000| Untracked 
|  55|0x0000000083700000, 0x0000000083800000, 0x0000000083800000|100%| O|  |TAMS 0x0000000083800000, 0x0000000083700000| Untracked 
|  56|0x0000000083800000, 0x0000000083900000, 0x0000000083900000|100%| O|  |TAMS 0x0000000083900000, 0x0000000083800000| Untracked 
|  57|0x0000000083900000, 0x0000000083a00000, 0x0000000083a00000|100%|HS|  |TAMS 0x0000000083a00000, 0x0000000083900000| Complete 
|  58|0x0000000083a00000, 0x0000000083b00000, 0x0000000083b00000|100%|HC|  |TAMS 0x0000000083b00000, 0x0000000083a00000| Complete 
|  59|0x0000000083b00000, 0x0000000083c00000, 0x0000000083c00000|100%|HC|  |TAMS 0x0000000083c00000, 0x0000000083b00000| Complete 
|  60|0x0000000083c00000, 0x0000000083d00000, 0x0000000083d00000|100%|HS|  |TAMS 0x0000000083d00000, 0x0000000083c00000| Complete 
|  61|0x0000000083d00000, 0x0000000083e00000, 0x0000000083e00000|100%|HC|  |TAMS 0x0000000083e00000, 0x0000000083d00000| Complete 
|  62|0x0000000083e00000, 0x0000000083f00000, 0x0000000083f00000|100%|HC|  |TAMS 0x0000000083f00000, 0x0000000083e00000| Complete 
|  63|0x0000000083f00000, 0x0000000084000000, 0x0000000084000000|100%| O|  |TAMS 0x0000000084000000, 0x0000000083f00000| Untracked 
|  64|0x0000000084000000, 0x00000000840ffff8, 0x0000000084100000| 99%| O|  |TAMS 0x00000000840ffff8, 0x0000000084000000| Untracked 
|  65|0x0000000084100000, 0x0000000084200000, 0x0000000084200000|100%| O|  |TAMS 0x0000000084200000, 0x0000000084100000| Untracked 
|  66|0x0000000084200000, 0x0000000084300000, 0x0000000084300000|100%| O|  |TAMS 0x0000000084300000, 0x0000000084200000| Untracked 
|  67|0x0000000084300000, 0x0000000084400000, 0x0000000084400000|100%| O|  |TAMS 0x0000000084400000, 0x0000000084300000| Untracked 
|  68|0x0000000084400000, 0x0000000084500000, 0x0000000084500000|100%| O|  |TAMS 0x0000000084500000, 0x0000000084400000| Untracked 
|  69|0x0000000084500000, 0x0000000084600000, 0x0000000084600000|100%| O|  |TAMS 0x0000000084600000, 0x0000000084500000| Untracked 
|  70|0x0000000084600000, 0x0000000084700000, 0x0000000084700000|100%| O|  |TAMS 0x0000000084700000, 0x0000000084600000| Untracked 
|  71|0x0000000084700000, 0x0000000084800000, 0x0000000084800000|100%| O|  |TAMS 0x0000000084800000, 0x0000000084700000| Untracked 
|  72|0x0000000084800000, 0x0000000084900000, 0x0000000084900000|100%|HS|  |TAMS 0x0000000084900000, 0x0000000084800000| Complete 
|  73|0x0000000084900000, 0x0000000084a00000, 0x0000000084a00000|100%|HS|  |TAMS 0x0000000084a00000, 0x0000000084900000| Complete 
|  74|0x0000000084a00000, 0x0000000084b00000, 0x0000000084b00000|100%|HS|  |TAMS 0x0000000084b00000, 0x0000000084a00000| Complete 
|  75|0x0000000084b00000, 0x0000000084c00000, 0x0000000084c00000|100%|HC|  |TAMS 0x0000000084c00000, 0x0000000084b00000| Complete 
|  76|0x0000000084c00000, 0x0000000084d00000, 0x0000000084d00000|100%|HS|  |TAMS 0x0000000084d00000, 0x0000000084c00000| Complete 
|  77|0x0000000084d00000, 0x0000000084e00000, 0x0000000084e00000|100%|HS|  |TAMS 0x0000000084e00000, 0x0000000084d00000| Complete 
|  78|0x0000000084e00000, 0x0000000084f00000, 0x0000000084f00000|100%|HC|  |TAMS 0x0000000084f00000, 0x0000000084e00000| Complete 
|  79|0x0000000084f00000, 0x0000000085000000, 0x0000000085000000|100%|HC|  |TAMS 0x0000000085000000, 0x0000000084f00000| Complete 
|  80|0x0000000085000000, 0x0000000085100000, 0x0000000085100000|100%|HC|  |TAMS 0x0000000085100000, 0x0000000085000000| Complete 
|  81|0x0000000085100000, 0x0000000085200000, 0x0000000085200000|100%| O|  |TAMS 0x0000000085200000, 0x0000000085100000| Untracked 
|  82|0x0000000085200000, 0x0000000085300000, 0x0000000085300000|100%| O|  |TAMS 0x0000000085300000, 0x0000000085200000| Untracked 
|  83|0x0000000085300000, 0x0000000085400000, 0x0000000085400000|100%| O|  |TAMS 0x0000000085400000, 0x0000000085300000| Untracked 
|  84|0x0000000085400000, 0x0000000085500000, 0x0000000085500000|100%| O|  |TAMS 0x0000000085500000, 0x0000000085400000| Untracked 
|  85|0x0000000085500000, 0x0000000085500000, 0x0000000085600000|  0%| F|  |TAMS 0x0000000085500000, 0x0000000085500000| Untracked 
|  86|0x0000000085600000, 0x0000000085600000, 0x0000000085700000|  0%| F|  |TAMS 0x0000000085600000, 0x0000000085600000| Untracked 
|  87|0x0000000085700000, 0x0000000085800000, 0x0000000085800000|100%| O|  |TAMS 0x0000000085800000, 0x0000000085700000| Untracked 
|  88|0x0000000085800000, 0x0000000085900000, 0x0000000085900000|100%| O|  |TAMS 0x0000000085900000, 0x0000000085800000| Untracked 
|  89|0x0000000085900000, 0x0000000085a00000, 0x0000000085a00000|100%| O|  |TAMS 0x0000000085a00000, 0x0000000085900000| Untracked 
|  90|0x0000000085a00000, 0x0000000085b00000, 0x0000000085b00000|100%| O|  |TAMS 0x0000000085b00000, 0x0000000085a00000| Untracked 
|  91|0x0000000085b00000, 0x0000000085c00000, 0x0000000085c00000|100%| O|  |TAMS 0x0000000085c00000, 0x0000000085b00000| Untracked 
|  92|0x0000000085c00000, 0x0000000085d00000, 0x0000000085d00000|100%| O|  |TAMS 0x0000000085d00000, 0x0000000085c00000| Untracked 
|  93|0x0000000085d00000, 0x0000000085e00000, 0x0000000085e00000|100%| O|  |TAMS 0x0000000085e00000, 0x0000000085d00000| Untracked 
|  94|0x0000000085e00000, 0x0000000085f00000, 0x0000000085f00000|100%| O|  |TAMS 0x0000000085f00000, 0x0000000085e00000| Untracked 
|  95|0x0000000085f00000, 0x0000000086000000, 0x0000000086000000|100%| O|  |TAMS 0x0000000086000000, 0x0000000085f00000| Untracked 
|  96|0x0000000086000000, 0x0000000086100000, 0x0000000086100000|100%| O|  |TAMS 0x0000000086100000, 0x0000000086000000| Untracked 
|  97|0x0000000086100000, 0x0000000086200000, 0x0000000086200000|100%| O|  |TAMS 0x0000000086200000, 0x0000000086100000| Untracked 
|  98|0x0000000086200000, 0x0000000086300000, 0x0000000086300000|100%| O|  |TAMS 0x0000000086300000, 0x0000000086200000| Untracked 
|  99|0x0000000086300000, 0x0000000086400000, 0x0000000086400000|100%| O|  |TAMS 0x0000000086400000, 0x0000000086300000| Untracked 
| 100|0x0000000086400000, 0x0000000086500000, 0x0000000086500000|100%| O|  |TAMS 0x0000000086500000, 0x0000000086400000| Untracked 
| 101|0x0000000086500000, 0x0000000086600000, 0x0000000086600000|100%| O|  |TAMS 0x0000000086600000, 0x0000000086500000| Untracked 
| 102|0x0000000086600000, 0x0000000086700000, 0x0000000086700000|100%| O|  |TAMS 0x0000000086700000, 0x0000000086600000| Untracked 
| 103|0x0000000086700000, 0x0000000086800000, 0x0000000086800000|100%| O|  |TAMS 0x0000000086800000, 0x0000000086700000| Untracked 
| 104|0x0000000086800000, 0x0000000086900000, 0x0000000086900000|100%|HS|  |TAMS 0x0000000086900000, 0x0000000086800000| Complete 
| 105|0x0000000086900000, 0x0000000086a00000, 0x0000000086a00000|100%|HC|  |TAMS 0x0000000086a00000, 0x0000000086900000| Complete 
| 106|0x0000000086a00000, 0x0000000086b00000, 0x0000000086b00000|100%|HC|  |TAMS 0x0000000086b00000, 0x0000000086a00000| Complete 
| 107|0x0000000086b00000, 0x0000000086c00000, 0x0000000086c00000|100%|HC|  |TAMS 0x0000000086c00000, 0x0000000086b00000| Complete 
| 108|0x0000000086c00000, 0x0000000086d00000, 0x0000000086d00000|100%|HS|  |TAMS 0x0000000086d00000, 0x0000000086c00000| Complete 
| 109|0x0000000086d00000, 0x0000000086e00000, 0x0000000086e00000|100%|HC|  |TAMS 0x0000000086e00000, 0x0000000086d00000| Complete 
| 110|0x0000000086e00000, 0x0000000086f00000, 0x0000000086f00000|100%|HC|  |TAMS 0x0000000086f00000, 0x0000000086e00000| Complete 
| 111|0x0000000086f00000, 0x0000000087000000, 0x0000000087000000|100%|HC|  |TAMS 0x0000000087000000, 0x0000000086f00000| Complete 
| 112|0x0000000087000000, 0x0000000087100000, 0x0000000087100000|100%|HC|  |TAMS 0x0000000087100000, 0x0000000087000000| Complete 
| 113|0x0000000087100000, 0x0000000087200000, 0x0000000087200000|100%|HC|  |TAMS 0x0000000087200000, 0x0000000087100000| Complete 
| 114|0x0000000087200000, 0x0000000087300000, 0x0000000087300000|100%| O|  |TAMS 0x0000000087300000, 0x0000000087200000| Untracked 
| 115|0x0000000087300000, 0x0000000087400000, 0x0000000087400000|100%| O|  |TAMS 0x0000000087400000, 0x0000000087300000| Untracked 
| 116|0x0000000087400000, 0x0000000087500000, 0x0000000087500000|100%| O|  |TAMS 0x0000000087500000, 0x0000000087400000| Untracked 
| 117|0x0000000087500000, 0x0000000087600000, 0x0000000087600000|100%| O|  |TAMS 0x0000000087600000, 0x0000000087500000| Untracked 
| 118|0x0000000087600000, 0x0000000087700000, 0x0000000087700000|100%| O|  |TAMS 0x0000000087700000, 0x0000000087600000| Untracked 
| 119|0x0000000087700000, 0x0000000087800000, 0x0000000087800000|100%| O|  |TAMS 0x0000000087800000, 0x0000000087700000| Untracked 
| 120|0x0000000087800000, 0x0000000087900000, 0x0000000087900000|100%| O|  |TAMS 0x0000000087900000, 0x0000000087800000| Untracked 
| 121|0x0000000087900000, 0x0000000087a00000, 0x0000000087a00000|100%| O|  |TAMS 0x0000000087a00000, 0x0000000087900000| Untracked 
| 122|0x0000000087a00000, 0x0000000087b00000, 0x0000000087b00000|100%| O|  |TAMS 0x0000000087b00000, 0x0000000087a00000| Untracked 
| 123|0x0000000087b00000, 0x0000000087c00000, 0x0000000087c00000|100%| O|  |TAMS 0x0000000087c00000, 0x0000000087b00000| Untracked 
| 124|0x0000000087c00000, 0x0000000087d00000, 0x0000000087d00000|100%| O|  |TAMS 0x0000000087d00000, 0x0000000087c00000| Untracked 
| 125|0x0000000087d00000, 0x0000000087e00000, 0x0000000087e00000|100%| O|  |TAMS 0x0000000087e00000, 0x0000000087d00000| Untracked 
| 126|0x0000000087e00000, 0x0000000087f00000, 0x0000000087f00000|100%| O|  |TAMS 0x0000000087f00000, 0x0000000087e00000| Untracked 
| 127|0x0000000087f00000, 0x0000000088000000, 0x0000000088000000|100%| O|  |TAMS 0x0000000088000000, 0x0000000087f00000| Untracked 
| 128|0x0000000088000000, 0x0000000088100000, 0x0000000088100000|100%| O|  |TAMS 0x0000000088100000, 0x0000000088000000| Untracked 
| 129|0x0000000088100000, 0x0000000088200000, 0x0000000088200000|100%| O|  |TAMS 0x0000000088200000, 0x0000000088100000| Untracked 
| 130|0x0000000088200000, 0x0000000088300000, 0x0000000088300000|100%| O|  |TAMS 0x0000000088300000, 0x0000000088200000| Untracked 
| 131|0x0000000088300000, 0x0000000088400000, 0x0000000088400000|100%| O|  |TAMS 0x0000000088400000, 0x0000000088300000| Untracked 
| 132|0x0000000088400000, 0x0000000088500000, 0x0000000088500000|100%| O|  |TAMS 0x0000000088500000, 0x0000000088400000| Untracked 
| 133|0x0000000088500000, 0x0000000088600000, 0x0000000088600000|100%| O|  |TAMS 0x0000000088600000, 0x0000000088500000| Untracked 
| 134|0x0000000088600000, 0x0000000088700000, 0x0000000088700000|100%| O|  |TAMS 0x0000000088700000, 0x0000000088600000| Untracked 
| 135|0x0000000088700000, 0x0000000088800000, 0x0000000088800000|100%| O|  |TAMS 0x0000000088800000, 0x0000000088700000| Untracked 
| 136|0x0000000088800000, 0x0000000088900000, 0x0000000088900000|100%| O|  |TAMS 0x0000000088900000, 0x0000000088800000| Untracked 
| 137|0x0000000088900000, 0x0000000088a00000, 0x0000000088a00000|100%| O|  |TAMS 0x0000000088a00000, 0x0000000088900000| Untracked 
| 138|0x0000000088a00000, 0x0000000088b00000, 0x0000000088b00000|100%| O|  |TAMS 0x0000000088b00000, 0x0000000088a00000| Untracked 
| 139|0x0000000088b00000, 0x0000000088c00000, 0x0000000088c00000|100%| O|  |TAMS 0x0000000088c00000, 0x0000000088b00000| Untracked 
| 140|0x0000000088c00000, 0x0000000088d00000, 0x0000000088d00000|100%| O|  |TAMS 0x0000000088d00000, 0x0000000088c00000| Untracked 
| 141|0x0000000088d00000, 0x0000000088e00000, 0x0000000088e00000|100%| O|  |TAMS 0x0000000088e00000, 0x0000000088d00000| Untracked 
| 142|0x0000000088e00000, 0x0000000088f00000, 0x0000000088f00000|100%| O|  |TAMS 0x0000000088e80000, 0x0000000088e00000| Untracked 
| 143|0x0000000088f00000, 0x0000000089000000, 0x0000000089000000|100%| O|  |TAMS 0x0000000088f00000, 0x0000000088f00000| Untracked 
| 144|0x0000000089000000, 0x0000000089100000, 0x0000000089100000|100%| O|  |TAMS 0x0000000089000000, 0x0000000089000000| Untracked 
| 145|0x0000000089100000, 0x0000000089200000, 0x0000000089200000|100%| O|  |TAMS 0x0000000089100000, 0x0000000089100000| Untracked 
| 146|0x0000000089200000, 0x0000000089300000, 0x0000000089300000|100%| O|  |TAMS 0x0000000089200000, 0x0000000089200000| Untracked 
| 147|0x0000000089300000, 0x0000000089400000, 0x0000000089400000|100%| O|  |TAMS 0x0000000089300000, 0x0000000089300000| Untracked 
| 148|0x0000000089400000, 0x0000000089500000, 0x0000000089500000|100%| O|  |TAMS 0x0000000089400000, 0x0000000089400000| Untracked 
| 149|0x0000000089500000, 0x0000000089600000, 0x0000000089600000|100%| O|  |TAMS 0x0000000089500000, 0x0000000089500000| Untracked 
| 150|0x0000000089600000, 0x0000000089700000, 0x0000000089700000|100%| O|  |TAMS 0x0000000089600000, 0x0000000089600000| Untracked 
| 151|0x0000000089700000, 0x0000000089800000, 0x0000000089800000|100%| O|  |TAMS 0x0000000089700000, 0x0000000089700000| Untracked 
| 152|0x0000000089800000, 0x0000000089900000, 0x0000000089900000|100%| O|  |TAMS 0x0000000089800000, 0x0000000089800000| Untracked 
| 153|0x0000000089900000, 0x0000000089a00000, 0x0000000089a00000|100%| O|  |TAMS 0x0000000089900000, 0x0000000089900000| Untracked 
| 154|0x0000000089a00000, 0x0000000089b00000, 0x0000000089b00000|100%| O|  |TAMS 0x0000000089a00000, 0x0000000089a00000| Untracked 
| 155|0x0000000089b00000, 0x0000000089c00000, 0x0000000089c00000|100%| O|  |TAMS 0x0000000089b00000, 0x0000000089b00000| Untracked 
| 156|0x0000000089c00000, 0x0000000089cace00, 0x0000000089d00000| 67%| O|  |TAMS 0x0000000089c00000, 0x0000000089c00000| Untracked 
| 157|0x0000000089d00000, 0x0000000089d00000, 0x0000000089e00000|  0%| F|  |TAMS 0x0000000089d00000, 0x0000000089d00000| Untracked 
| 158|0x0000000089e00000, 0x0000000089e00000, 0x0000000089f00000|  0%| F|  |TAMS 0x0000000089e00000, 0x0000000089e00000| Untracked 
| 159|0x0000000089f00000, 0x0000000089f00000, 0x000000008a000000|  0%| F|  |TAMS 0x0000000089f00000, 0x0000000089f00000| Untracked 
| 160|0x000000008a000000, 0x000000008a000000, 0x000000008a100000|  0%| F|  |TAMS 0x000000008a000000, 0x000000008a000000| Untracked 
| 161|0x000000008a100000, 0x000000008a100000, 0x000000008a200000|  0%| F|  |TAMS 0x000000008a100000, 0x000000008a100000| Untracked 
| 162|0x000000008a200000, 0x000000008a200000, 0x000000008a300000|  0%| F|  |TAMS 0x000000008a200000, 0x000000008a200000| Untracked 
| 163|0x000000008a300000, 0x000000008a300000, 0x000000008a400000|  0%| F|  |TAMS 0x000000008a300000, 0x000000008a300000| Untracked 
| 164|0x000000008a400000, 0x000000008a400000, 0x000000008a500000|  0%| F|  |TAMS 0x000000008a400000, 0x000000008a400000| Untracked 
| 165|0x000000008a500000, 0x000000008a500000, 0x000000008a600000|  0%| F|  |TAMS 0x000000008a500000, 0x000000008a500000| Untracked 
| 166|0x000000008a600000, 0x000000008a600000, 0x000000008a700000|  0%| F|  |TAMS 0x000000008a600000, 0x000000008a600000| Untracked 
| 167|0x000000008a700000, 0x000000008a700000, 0x000000008a800000|  0%| F|  |TAMS 0x000000008a700000, 0x000000008a700000| Untracked 
| 168|0x000000008a800000, 0x000000008a800000, 0x000000008a900000|  0%| F|  |TAMS 0x000000008a800000, 0x000000008a800000| Untracked 
| 169|0x000000008a900000, 0x000000008a900000, 0x000000008aa00000|  0%| F|  |TAMS 0x000000008a900000, 0x000000008a900000| Untracked 
| 170|0x000000008aa00000, 0x000000008aa00000, 0x000000008ab00000|  0%| F|  |TAMS 0x000000008aa00000, 0x000000008aa00000| Untracked 
| 171|0x000000008ab00000, 0x000000008ab00000, 0x000000008ac00000|  0%| F|  |TAMS 0x000000008ab00000, 0x000000008ab00000| Untracked 
| 172|0x000000008ac00000, 0x000000008ac00000, 0x000000008ad00000|  0%| F|  |TAMS 0x000000008ac00000, 0x000000008ac00000| Untracked 
| 173|0x000000008ad00000, 0x000000008ad00000, 0x000000008ae00000|  0%| F|  |TAMS 0x000000008ad00000, 0x000000008ad00000| Untracked 
| 174|0x000000008ae00000, 0x000000008ae00000, 0x000000008af00000|  0%| F|  |TAMS 0x000000008ae00000, 0x000000008ae00000| Untracked 
| 175|0x000000008af00000, 0x000000008af00000, 0x000000008b000000|  0%| F|  |TAMS 0x000000008af00000, 0x000000008af00000| Untracked 
| 176|0x000000008b000000, 0x000000008b000000, 0x000000008b100000|  0%| F|  |TAMS 0x000000008b000000, 0x000000008b000000| Untracked 
| 177|0x000000008b100000, 0x000000008b100000, 0x000000008b200000|  0%| F|  |TAMS 0x000000008b100000, 0x000000008b100000| Untracked 
| 178|0x000000008b200000, 0x000000008b200000, 0x000000008b300000|  0%| F|  |TAMS 0x000000008b200000, 0x000000008b200000| Untracked 
| 179|0x000000008b300000, 0x000000008b300000, 0x000000008b400000|  0%| F|  |TAMS 0x000000008b300000, 0x000000008b300000| Untracked 
| 180|0x000000008b400000, 0x000000008b400000, 0x000000008b500000|  0%| F|  |TAMS 0x000000008b400000, 0x000000008b400000| Untracked 
| 181|0x000000008b500000, 0x000000008b500000, 0x000000008b600000|  0%| F|  |TAMS 0x000000008b500000, 0x000000008b500000| Untracked 
| 182|0x000000008b600000, 0x000000008b600000, 0x000000008b700000|  0%| F|  |TAMS 0x000000008b600000, 0x000000008b600000| Untracked 
| 183|0x000000008b700000, 0x000000008b700000, 0x000000008b800000|  0%| F|  |TAMS 0x000000008b700000, 0x000000008b700000| Untracked 
| 184|0x000000008b800000, 0x000000008b800000, 0x000000008b900000|  0%| F|  |TAMS 0x000000008b800000, 0x000000008b800000| Untracked 
| 185|0x000000008b900000, 0x000000008b900000, 0x000000008ba00000|  0%| F|  |TAMS 0x000000008b900000, 0x000000008b900000| Untracked 
| 186|0x000000008ba00000, 0x000000008ba00000, 0x000000008bb00000|  0%| F|  |TAMS 0x000000008ba00000, 0x000000008ba00000| Untracked 
| 187|0x000000008bb00000, 0x000000008bb00000, 0x000000008bc00000|  0%| F|  |TAMS 0x000000008bb00000, 0x000000008bb00000| Untracked 
| 188|0x000000008bc00000, 0x000000008bc00000, 0x000000008bd00000|  0%| F|  |TAMS 0x000000008bc00000, 0x000000008bc00000| Untracked 
| 189|0x000000008bd00000, 0x000000008bd00000, 0x000000008be00000|  0%| F|  |TAMS 0x000000008bd00000, 0x000000008bd00000| Untracked 
| 190|0x000000008be00000, 0x000000008be00000, 0x000000008bf00000|  0%| F|  |TAMS 0x000000008be00000, 0x000000008be00000| Untracked 
| 191|0x000000008bf00000, 0x000000008bf00000, 0x000000008c000000|  0%| F|  |TAMS 0x000000008bf00000, 0x000000008bf00000| Untracked 
| 192|0x000000008c000000, 0x000000008c000000, 0x000000008c100000|  0%| F|  |TAMS 0x000000008c000000, 0x000000008c000000| Untracked 
| 193|0x000000008c100000, 0x000000008c100000, 0x000000008c200000|  0%| F|  |TAMS 0x000000008c100000, 0x000000008c100000| Untracked 
| 194|0x000000008c200000, 0x000000008c200000, 0x000000008c300000|  0%| F|  |TAMS 0x000000008c200000, 0x000000008c200000| Untracked 
| 195|0x000000008c300000, 0x000000008c300000, 0x000000008c400000|  0%| F|  |TAMS 0x000000008c300000, 0x000000008c300000| Untracked 
| 196|0x000000008c400000, 0x000000008c400000, 0x000000008c500000|  0%| F|  |TAMS 0x000000008c400000, 0x000000008c400000| Untracked 
| 197|0x000000008c500000, 0x000000008c500000, 0x000000008c600000|  0%| F|  |TAMS 0x000000008c500000, 0x000000008c500000| Untracked 
| 198|0x000000008c600000, 0x000000008c600000, 0x000000008c700000|  0%| F|  |TAMS 0x000000008c600000, 0x000000008c600000| Untracked 
| 199|0x000000008c700000, 0x000000008c700000, 0x000000008c800000|  0%| F|  |TAMS 0x000000008c700000, 0x000000008c700000| Untracked 
| 200|0x000000008c800000, 0x000000008c844610, 0x000000008c900000| 26%| S|CS|TAMS 0x000000008c800000, 0x000000008c800000| Complete 
| 201|0x000000008c900000, 0x000000008ca00000, 0x000000008ca00000|100%| S|CS|TAMS 0x000000008c900000, 0x000000008c900000| Complete 
| 202|0x000000008ca00000, 0x000000008cb00000, 0x000000008cb00000|100%| S|CS|TAMS 0x000000008ca00000, 0x000000008ca00000| Complete 
| 203|0x000000008cb00000, 0x000000008cc00000, 0x000000008cc00000|100%| S|CS|TAMS 0x000000008cb00000, 0x000000008cb00000| Complete 
| 204|0x000000008cc00000, 0x000000008cd00000, 0x000000008cd00000|100%| S|CS|TAMS 0x000000008cc00000, 0x000000008cc00000| Complete 
| 205|0x000000008cd00000, 0x000000008ce00000, 0x000000008ce00000|100%| S|CS|TAMS 0x000000008cd00000, 0x000000008cd00000| Complete 
| 206|0x000000008ce00000, 0x000000008cf00000, 0x000000008cf00000|100%| S|CS|TAMS 0x000000008ce00000, 0x000000008ce00000| Complete 
| 207|0x000000008cf00000, 0x000000008cf00000, 0x000000008d000000|  0%| F|  |TAMS 0x000000008cf00000, 0x000000008cf00000| Untracked 
| 208|0x000000008d000000, 0x000000008d000000, 0x000000008d100000|  0%| F|  |TAMS 0x000000008d000000, 0x000000008d000000| Untracked 
| 209|0x000000008d100000, 0x000000008d100000, 0x000000008d200000|  0%| F|  |TAMS 0x000000008d100000, 0x000000008d100000| Untracked 
| 210|0x000000008d200000, 0x000000008d200000, 0x000000008d300000|  0%| F|  |TAMS 0x000000008d200000, 0x000000008d200000| Untracked 
| 211|0x000000008d300000, 0x000000008d300000, 0x000000008d400000|  0%| F|  |TAMS 0x000000008d300000, 0x000000008d300000| Untracked 
| 212|0x000000008d400000, 0x000000008d400000, 0x000000008d500000|  0%| F|  |TAMS 0x000000008d400000, 0x000000008d400000| Untracked 
| 213|0x000000008d500000, 0x000000008d500000, 0x000000008d600000|  0%| F|  |TAMS 0x000000008d500000, 0x000000008d500000| Untracked 
| 214|0x000000008d600000, 0x000000008d600000, 0x000000008d700000|  0%| F|  |TAMS 0x000000008d600000, 0x000000008d600000| Untracked 
| 215|0x000000008d700000, 0x000000008d700000, 0x000000008d800000|  0%| F|  |TAMS 0x000000008d700000, 0x000000008d700000| Untracked 
| 216|0x000000008d800000, 0x000000008d800000, 0x000000008d900000|  0%| F|  |TAMS 0x000000008d800000, 0x000000008d800000| Untracked 
| 217|0x000000008d900000, 0x000000008d900000, 0x000000008da00000|  0%| F|  |TAMS 0x000000008d900000, 0x000000008d900000| Untracked 
| 218|0x000000008da00000, 0x000000008da00000, 0x000000008db00000|  0%| F|  |TAMS 0x000000008da00000, 0x000000008da00000| Untracked 
| 219|0x000000008db00000, 0x000000008db00000, 0x000000008dc00000|  0%| F|  |TAMS 0x000000008db00000, 0x000000008db00000| Untracked 
| 220|0x000000008dc00000, 0x000000008dc00000, 0x000000008dd00000|  0%| F|  |TAMS 0x000000008dc00000, 0x000000008dc00000| Untracked 
| 221|0x000000008dd00000, 0x000000008dd00000, 0x000000008de00000|  0%| F|  |TAMS 0x000000008dd00000, 0x000000008dd00000| Untracked 
| 222|0x000000008de00000, 0x000000008de00000, 0x000000008df00000|  0%| F|  |TAMS 0x000000008de00000, 0x000000008de00000| Untracked 
| 223|0x000000008df00000, 0x000000008df00000, 0x000000008e000000|  0%| F|  |TAMS 0x000000008df00000, 0x000000008df00000| Untracked 
| 224|0x000000008e000000, 0x000000008e000000, 0x000000008e100000|  0%| F|  |TAMS 0x000000008e000000, 0x000000008e000000| Untracked 
| 225|0x000000008e100000, 0x000000008e100000, 0x000000008e200000|  0%| F|  |TAMS 0x000000008e100000, 0x000000008e100000| Untracked 
| 226|0x000000008e200000, 0x000000008e200000, 0x000000008e300000|  0%| F|  |TAMS 0x000000008e200000, 0x000000008e200000| Untracked 
| 227|0x000000008e300000, 0x000000008e300000, 0x000000008e400000|  0%| F|  |TAMS 0x000000008e300000, 0x000000008e300000| Untracked 
| 228|0x000000008e400000, 0x000000008e400000, 0x000000008e500000|  0%| F|  |TAMS 0x000000008e400000, 0x000000008e400000| Untracked 
| 229|0x000000008e500000, 0x000000008e500000, 0x000000008e600000|  0%| F|  |TAMS 0x000000008e500000, 0x000000008e500000| Untracked 
| 230|0x000000008e600000, 0x000000008e600000, 0x000000008e700000|  0%| F|  |TAMS 0x000000008e600000, 0x000000008e600000| Untracked 
| 231|0x000000008e700000, 0x000000008e700000, 0x000000008e800000|  0%| F|  |TAMS 0x000000008e700000, 0x000000008e700000| Untracked 
| 232|0x000000008e800000, 0x000000008e800000, 0x000000008e900000|  0%| F|  |TAMS 0x000000008e800000, 0x000000008e800000| Untracked 
| 233|0x000000008e900000, 0x000000008e900000, 0x000000008ea00000|  0%| F|  |TAMS 0x000000008e900000, 0x000000008e900000| Untracked 
| 234|0x000000008ea00000, 0x000000008ea00000, 0x000000008eb00000|  0%| F|  |TAMS 0x000000008ea00000, 0x000000008ea00000| Untracked 
| 235|0x000000008eb00000, 0x000000008eb00000, 0x000000008ec00000|  0%| F|  |TAMS 0x000000008eb00000, 0x000000008eb00000| Untracked 
| 236|0x000000008ec00000, 0x000000008ec00000, 0x000000008ed00000|  0%| F|  |TAMS 0x000000008ec00000, 0x000000008ec00000| Untracked 
| 237|0x000000008ed00000, 0x000000008ed00000, 0x000000008ee00000|  0%| F|  |TAMS 0x000000008ed00000, 0x000000008ed00000| Untracked 
| 238|0x000000008ee00000, 0x000000008ee00000, 0x000000008ef00000|  0%| F|  |TAMS 0x000000008ee00000, 0x000000008ee00000| Untracked 
| 239|0x000000008ef00000, 0x000000008ef00000, 0x000000008f000000|  0%| F|  |TAMS 0x000000008ef00000, 0x000000008ef00000| Untracked 
| 240|0x000000008f000000, 0x000000008f000000, 0x000000008f100000|  0%| F|  |TAMS 0x000000008f000000, 0x000000008f000000| Untracked 
| 241|0x000000008f100000, 0x000000008f100000, 0x000000008f200000|  0%| F|  |TAMS 0x000000008f100000, 0x000000008f100000| Untracked 
| 242|0x000000008f200000, 0x000000008f200000, 0x000000008f300000|  0%| F|  |TAMS 0x000000008f200000, 0x000000008f200000| Untracked 
| 243|0x000000008f300000, 0x000000008f300000, 0x000000008f400000|  0%| F|  |TAMS 0x000000008f300000, 0x000000008f300000| Untracked 
| 244|0x000000008f400000, 0x000000008f400000, 0x000000008f500000|  0%| F|  |TAMS 0x000000008f400000, 0x000000008f400000| Untracked 
| 245|0x000000008f500000, 0x000000008f500000, 0x000000008f600000|  0%| F|  |TAMS 0x000000008f500000, 0x000000008f500000| Untracked 
| 246|0x000000008f600000, 0x000000008f600000, 0x000000008f700000|  0%| F|  |TAMS 0x000000008f600000, 0x000000008f600000| Untracked 
| 247|0x000000008f700000, 0x000000008f700000, 0x000000008f800000|  0%| F|  |TAMS 0x000000008f700000, 0x000000008f700000| Untracked 
| 248|0x000000008f800000, 0x000000008f800000, 0x000000008f900000|  0%| F|  |TAMS 0x000000008f800000, 0x000000008f800000| Untracked 
| 249|0x000000008f900000, 0x000000008f900000, 0x000000008fa00000|  0%| F|  |TAMS 0x000000008f900000, 0x000000008f900000| Untracked 
| 250|0x000000008fa00000, 0x000000008fa00000, 0x000000008fb00000|  0%| F|  |TAMS 0x000000008fa00000, 0x000000008fa00000| Untracked 
| 251|0x000000008fb00000, 0x000000008fb00000, 0x000000008fc00000|  0%| F|  |TAMS 0x000000008fb00000, 0x000000008fb00000| Untracked 
| 252|0x000000008fc00000, 0x000000008fc00000, 0x000000008fd00000|  0%| F|  |TAMS 0x000000008fc00000, 0x000000008fc00000| Untracked 
| 253|0x000000008fd00000, 0x000000008fd00000, 0x000000008fe00000|  0%| F|  |TAMS 0x000000008fd00000, 0x000000008fd00000| Untracked 
| 254|0x000000008fe00000, 0x000000008fe00000, 0x000000008ff00000|  0%| F|  |TAMS 0x000000008fe00000, 0x000000008fe00000| Untracked 
| 255|0x000000008ff00000, 0x000000008ff00000, 0x0000000090000000|  0%| F|  |TAMS 0x000000008ff00000, 0x000000008ff00000| Untracked 
| 256|0x0000000090000000, 0x0000000090000000, 0x0000000090100000|  0%| F|  |TAMS 0x0000000090000000, 0x0000000090000000| Untracked 
| 257|0x0000000090100000, 0x0000000090100000, 0x0000000090200000|  0%| F|  |TAMS 0x0000000090100000, 0x0000000090100000| Untracked 
| 258|0x0000000090200000, 0x0000000090200000, 0x0000000090300000|  0%| F|  |TAMS 0x0000000090200000, 0x0000000090200000| Untracked 
| 259|0x0000000090300000, 0x0000000090300000, 0x0000000090400000|  0%| F|  |TAMS 0x0000000090300000, 0x0000000090300000| Untracked 
| 260|0x0000000090400000, 0x0000000090400000, 0x0000000090500000|  0%| F|  |TAMS 0x0000000090400000, 0x0000000090400000| Untracked 
| 261|0x0000000090500000, 0x0000000090500000, 0x0000000090600000|  0%| F|  |TAMS 0x0000000090500000, 0x0000000090500000| Untracked 
| 262|0x0000000090600000, 0x0000000090600000, 0x0000000090700000|  0%| F|  |TAMS 0x0000000090600000, 0x0000000090600000| Untracked 
| 263|0x0000000090700000, 0x0000000090700000, 0x0000000090800000|  0%| F|  |TAMS 0x0000000090700000, 0x0000000090700000| Untracked 
| 264|0x0000000090800000, 0x0000000090800000, 0x0000000090900000|  0%| F|  |TAMS 0x0000000090800000, 0x0000000090800000| Untracked 
| 265|0x0000000090900000, 0x0000000090900000, 0x0000000090a00000|  0%| F|  |TAMS 0x0000000090900000, 0x0000000090900000| Untracked 
| 266|0x0000000090a00000, 0x0000000090a00000, 0x0000000090b00000|  0%| F|  |TAMS 0x0000000090a00000, 0x0000000090a00000| Untracked 
| 267|0x0000000090b00000, 0x0000000090b00000, 0x0000000090c00000|  0%| F|  |TAMS 0x0000000090b00000, 0x0000000090b00000| Untracked 
| 268|0x0000000090c00000, 0x0000000090c00000, 0x0000000090d00000|  0%| F|  |TAMS 0x0000000090c00000, 0x0000000090c00000| Untracked 
| 269|0x0000000090d00000, 0x0000000090d00000, 0x0000000090e00000|  0%| F|  |TAMS 0x0000000090d00000, 0x0000000090d00000| Untracked 
| 270|0x0000000090e00000, 0x0000000090e00000, 0x0000000090f00000|  0%| F|  |TAMS 0x0000000090e00000, 0x0000000090e00000| Untracked 
| 271|0x0000000090f00000, 0x0000000090f00000, 0x0000000091000000|  0%| F|  |TAMS 0x0000000090f00000, 0x0000000090f00000| Untracked 
| 272|0x0000000091000000, 0x0000000091000000, 0x0000000091100000|  0%| F|  |TAMS 0x0000000091000000, 0x0000000091000000| Untracked 
| 273|0x0000000091100000, 0x0000000091100000, 0x0000000091200000|  0%| F|  |TAMS 0x0000000091100000, 0x0000000091100000| Untracked 

Card table byte_map: [0x0000021eab310000,0x0000021eab710000] _byte_map_base: 0x0000021eaaf10000

Marking Bits (Prev, Next): (CMBitMap*) 0x0000021e9439f9e0, (CMBitMap*) 0x0000021e9439fa20
 Prev Bits: [0x0000021eabb10000, 0x0000021eadb10000)
 Next Bits: [0x0000021eadb10000, 0x0000021eafb10000)

Polling page: 0x0000021e922d0000

Metaspace:

Usage:
  Non-class:     87.05 MB used.
      Class:     13.30 MB used.
       Both:    100.35 MB used.

Virtual space:
  Non-class space:      128.00 MB reserved,      87.44 MB ( 68%) committed,  2 nodes.
      Class space:        1.00 GB reserved,      13.62 MB (  1%) committed,  1 nodes.
             Both:        1.12 GB reserved,     101.06 MB (  9%) committed. 

Chunk freelists:
   Non-Class:  8.08 MB
       Class:  2.39 MB
        Both:  10.47 MB

MaxMetaspaceSize: unlimited
CompressedClassSpaceSize: 1.00 GB
Initial GC threshold: 21.00 MB
Current GC threshold: 158.38 MB
CDS: on
MetaspaceReclaimPolicy: balanced
 - commit_granule_bytes: 65536.
 - commit_granule_words: 8192.
 - virtual_space_node_default_size: 8388608.
 - enlarge_chunks_in_place: 1.
 - new_chunks_are_fully_committed: 0.
 - uncommit_free_chunks: 1.
 - use_allocation_guard: 0.
 - handle_deallocations: 1.


Internal statistics:

num_allocs_failed_limit: 6.
num_arena_births: 960.
num_arena_deaths: 0.
num_vsnodes_births: 3.
num_vsnodes_deaths: 0.
num_space_committed: 1615.
num_space_uncommitted: 0.
num_chunks_returned_to_freelist: 6.
num_chunks_taken_from_freelist: 4800.
num_chunk_merges: 6.
num_chunk_splits: 3500.
num_chunks_enlarged: 2681.
num_inconsistent_stats: 0.

CodeHeap 'non-profiled nmethods': size=120000Kb used=5326Kb max_used=5326Kb free=114674Kb
 bounds [0x0000021ea39e0000, 0x0000021ea3f20000, 0x0000021eaaf10000]
CodeHeap 'profiled nmethods': size=120000Kb used=18328Kb max_used=18328Kb free=101671Kb
 bounds [0x0000021e9bf10000, 0x0000021e9d100000, 0x0000021ea3440000]
CodeHeap 'non-nmethods': size=5760Kb used=2438Kb max_used=2484Kb free=3321Kb
 bounds [0x0000021ea3440000, 0x0000021ea36c0000, 0x0000021ea39e0000]
 total_blobs=10009 nmethods=9026 adapters=895
 compilation: enabled
              stopped_count=0, restarted_count=0
 full_count=0

Compilation events (20 events):
Event: 43.120 Thread 0x0000021eb1fcc130 nmethod 10540 0x0000021e9d0ec410 code [0x0000021e9d0ec5c0, 0x0000021e9d0ec8a8]
Event: 43.123 Thread 0x0000021eb1fca820 nmethod 10472 0x0000021ea3f10b10 code [0x0000021ea3f10e00, 0x0000021ea3f122b0]
Event: 43.123 Thread 0x0000021eb1fca820 10403       4       org.jetbrains.kotlin.cli.jvm.index.JvmDependenciesIndexImpl::travelPath (157 bytes)
Event: 43.148 Thread 0x0000021eb1fcc130 10541       3       org.jetbrains.kotlin.serialization.deserialization.descriptors.DeserializedMemberScope$OptimizedImplementation::getVariableNames (17 bytes)
Event: 43.149 Thread 0x0000021eb1fcc130 nmethod 10541 0x0000021e9d0ec990 code [0x0000021e9d0ecc40, 0x0000021e9d0ed8e8]
Event: 43.149 Thread 0x0000021eb1fcc130 10542       3       org.jetbrains.kotlin.serialization.deserialization.descriptors.DeserializedMemberScope$OptimizedImplementation::getContributedVariables (48 bytes)
Event: 43.151 Thread 0x0000021eb1fcc130 nmethod 10542 0x0000021e9d0edd10 code [0x0000021e9d0ee100, 0x0000021e9d0efb28]
Event: 43.151 Thread 0x0000021eb1fcc130 10543       3       org.jetbrains.kotlin.serialization.deserialization.descriptors.DeserializedMemberScope::getContributedVariables (24 bytes)
Event: 43.153 Thread 0x0000021eb1fcc130 nmethod 10543 0x0000021e9d0f0390 code [0x0000021e9d0f0620, 0x0000021e9d0f1108]
Event: 43.188 Thread 0x0000021eb1fcc130 10544       3       org.jetbrains.kotlin.load.java.lazy.descriptors.LazyJavaClassDescriptor$LazyJavaClassTypeConstructor::getParameters (13 bytes)
Event: 43.189 Thread 0x0000021eb1fcc130 nmethod 10544 0x0000021e9d0f1510 code [0x0000021e9d0f16c0, 0x0000021e9d0f19a8]
Event: 43.189 Thread 0x0000021eb1fcc130 10545       3       org.jetbrains.kotlin.types.checker.ClassicTypeSystemContext$DefaultImpls::argumentsCount (80 bytes)
Event: 43.191 Thread 0x0000021eb1fcc130 nmethod 10545 0x0000021e9d0f1a90 code [0x0000021e9d0f1f00, 0x0000021e9d0f3ce8]
Event: 43.192 Thread 0x0000021eb1fcc130 10546       3       org.jetbrains.kotlin.types.ClassifierBasedTypeConstructor::hashCode (61 bytes)
Event: 43.193 Thread 0x0000021eb1fcc130 nmethod 10546 0x0000021e9d0f4690 code [0x0000021e9d0f4900, 0x0000021e9d0f5368]
Event: 43.195 Thread 0x0000021eb1fcc130 10547       1       kotlin.collections.EmptySet::isEmpty (2 bytes)
Event: 43.195 Thread 0x0000021eb1fcc130 nmethod 10547 0x0000021ea3f13510 code [0x0000021ea3f136a0, 0x0000021ea3f13778]
Event: 43.197 Thread 0x0000021eb1fcc130 10548       3       org.jetbrains.kotlin.types.KotlinTypeKt::isError (48 bytes)
Event: 43.198 Thread 0x0000021eb1fcc130 nmethod 10548 0x0000021e9d0f5690 code [0x0000021e9d0f58e0, 0x0000021e9d0f64b8]
Event: 43.198 Thread 0x0000021eb1fcc130 10550       3       org.jetbrains.kotlin.types.checker.ClassicTypeSystemContext$DefaultImpls::isMarkedNullable (75 bytes)

GC Heap History (20 events):
Event: 33.804 GC heap after
{Heap after GC invocations=30 (full 0):
 garbage-first heap   total 189440K, used 98392K [0x0000000080000000, 0x0000000100000000)
  region size 1024K, 1 young (1024K), 1 survivors (1024K)
 Metaspace       used 59556K, committed 60224K, reserved 1114112K
  class space    used 8072K, committed 8384K, reserved 1048576K
}
Event: 34.824 GC heap before
{Heap before GC invocations=30 (full 0):
 garbage-first heap   total 189440K, used 143448K [0x0000000080000000, 0x0000000100000000)
  region size 1024K, 45 young (46080K), 1 survivors (1024K)
 Metaspace       used 64613K, committed 65280K, reserved 1114112K
  class space    used 8764K, committed 9088K, reserved 1048576K
}
Event: 34.829 GC heap after
{Heap after GC invocations=31 (full 0):
 garbage-first heap   total 189440K, used 100133K [0x0000000080000000, 0x0000000100000000)
  region size 1024K, 3 young (3072K), 3 survivors (3072K)
 Metaspace       used 64613K, committed 65280K, reserved 1114112K
  class space    used 8764K, committed 9088K, reserved 1048576K
}
Event: 35.819 GC heap before
{Heap before GC invocations=32 (full 0):
 garbage-first heap   total 189440K, used 147237K [0x0000000080000000, 0x0000000100000000)
  region size 1024K, 49 young (50176K), 3 survivors (3072K)
 Metaspace       used 68509K, committed 69184K, reserved 1114112K
  class space    used 9263K, committed 9600K, reserved 1048576K
}
Event: 35.835 GC heap after
{Heap after GC invocations=33 (full 0):
 garbage-first heap   total 189440K, used 106272K [0x0000000080000000, 0x0000000100000000)
  region size 1024K, 7 young (7168K), 7 survivors (7168K)
 Metaspace       used 68509K, committed 69184K, reserved 1114112K
  class space    used 9263K, committed 9600K, reserved 1048576K
}
Event: 35.861 GC heap before
{Heap before GC invocations=33 (full 0):
 garbage-first heap   total 189440K, used 108320K [0x0000000080000000, 0x0000000100000000)
  region size 1024K, 9 young (9216K), 7 survivors (7168K)
 Metaspace       used 68518K, committed 69184K, reserved 1114112K
  class space    used 9263K, committed 9600K, reserved 1048576K
}
Event: 35.872 GC heap after
{Heap after GC invocations=34 (full 0):
 garbage-first heap   total 269312K, used 107313K [0x0000000080000000, 0x0000000100000000)
  region size 1024K, 2 young (2048K), 2 survivors (2048K)
 Metaspace       used 68518K, committed 69184K, reserved 1114112K
  class space    used 9263K, committed 9600K, reserved 1048576K
}
Event: 37.786 GC heap before
{Heap before GC invocations=34 (full 0):
 garbage-first heap   total 269312K, used 198449K [0x0000000080000000, 0x0000000100000000)
  region size 1024K, 87 young (89088K), 2 survivors (2048K)
 Metaspace       used 81120K, committed 81920K, reserved 1179648K
  class space    used 11294K, committed 11648K, reserved 1048576K
}
Event: 37.797 GC heap after
{Heap after GC invocations=35 (full 0):
 garbage-first heap   total 269312K, used 114141K [0x0000000080000000, 0x0000000100000000)
  region size 1024K, 5 young (5120K), 5 survivors (5120K)
 Metaspace       used 81120K, committed 81920K, reserved 1179648K
  class space    used 11294K, committed 11648K, reserved 1048576K
}
Event: 38.507 GC heap before
{Heap before GC invocations=35 (full 0):
 garbage-first heap   total 269312K, used 206301K [0x0000000080000000, 0x0000000100000000)
  region size 1024K, 89 young (91136K), 5 survivors (5120K)
 Metaspace       used 81920K, committed 82688K, reserved 1179648K
  class space    used 11363K, committed 11712K, reserved 1048576K
}
Event: 38.555 GC heap after
{Heap after GC invocations=36 (full 0):
 garbage-first heap   total 269312K, used 139231K [0x0000000080000000, 0x0000000100000000)
  region size 1024K, 12 young (12288K), 12 survivors (12288K)
 Metaspace       used 81920K, committed 82688K, reserved 1179648K
  class space    used 11363K, committed 11712K, reserved 1048576K
}
Event: 39.632 GC heap before
{Heap before GC invocations=36 (full 0):
 garbage-first heap   total 269312K, used 210911K [0x0000000080000000, 0x0000000100000000)
  region size 1024K, 76 young (77824K), 12 survivors (12288K)
 Metaspace       used 87706K, committed 88448K, reserved 1179648K
  class space    used 11993K, committed 12352K, reserved 1048576K
}
Event: 39.659 GC heap after
{Heap after GC invocations=37 (full 0):
 garbage-first heap   total 269312K, used 153087K [0x0000000080000000, 0x0000000100000000)
  region size 1024K, 7 young (7168K), 7 survivors (7168K)
 Metaspace       used 87706K, committed 88448K, reserved 1179648K
  class space    used 11993K, committed 12352K, reserved 1048576K
}
Event: 40.822 GC heap before
{Heap before GC invocations=37 (full 0):
 garbage-first heap   total 269312K, used 211455K [0x0000000080000000, 0x0000000100000000)
  region size 1024K, 64 young (65536K), 7 survivors (7168K)
 Metaspace       used 95806K, committed 96576K, reserved 1179648K
  class space    used 12788K, committed 13120K, reserved 1048576K
}
Event: 40.838 GC heap after
{Heap after GC invocations=38 (full 0):
 garbage-first heap   total 269312K, used 157851K [0x0000000080000000, 0x0000000100000000)
  region size 1024K, 5 young (5120K), 5 survivors (5120K)
 Metaspace       used 95806K, committed 96576K, reserved 1179648K
  class space    used 12788K, committed 13120K, reserved 1048576K
}
Event: 41.880 GC heap before
{Heap before GC invocations=39 (full 0):
 garbage-first heap   total 280576K, used 216219K [0x0000000080000000, 0x0000000100000000)
  region size 1024K, 61 young (62464K), 5 survivors (5120K)
 Metaspace       used 100186K, committed 100928K, reserved 1179648K
  class space    used 13353K, committed 13696K, reserved 1048576K
}
Event: 41.890 GC heap after
{Heap after GC invocations=40 (full 0):
 garbage-first heap   total 280576K, used 160255K [0x0000000080000000, 0x0000000100000000)
  region size 1024K, 7 young (7168K), 7 survivors (7168K)
 Metaspace       used 100186K, committed 100928K, reserved 1179648K
  class space    used 13353K, committed 13696K, reserved 1048576K
}
Event: 42.055 GC heap before
{Heap before GC invocations=40 (full 0):
 garbage-first heap   total 280576K, used 166399K [0x0000000080000000, 0x0000000100000000)
  region size 1024K, 13 young (13312K), 7 survivors (7168K)
 Metaspace       used 100680K, committed 101440K, reserved 1179648K
  class space    used 13420K, committed 13760K, reserved 1048576K
}
Event: 42.065 GC heap after
{Heap after GC invocations=41 (full 0):
 garbage-first heap   total 280576K, used 159708K [0x0000000080000000, 0x0000000100000000)
  region size 1024K, 2 young (2048K), 2 survivors (2048K)
 Metaspace       used 100680K, committed 101440K, reserved 1179648K
  class space    used 13420K, committed 13760K, reserved 1048576K
}
Event: 43.200 GC heap before
{Heap before GC invocations=41 (full 0):
 garbage-first heap   total 280576K, used 226268K [0x0000000080000000, 0x0000000100000000)
  region size 1024K, 67 young (68608K), 2 survivors (2048K)
 Metaspace       used 102757K, committed 103488K, reserved 1179648K
  class space    used 13619K, committed 13952K, reserved 1048576K
}

Dll operation events (12 events):
Event: 0.017 Loaded shared library C:\Program Files\Zulu\zulu-17\bin\java.dll
Event: 0.042 Loaded shared library C:\Program Files\Zulu\zulu-17\bin\jsvml.dll
Event: 0.195 Loaded shared library C:\Program Files\Zulu\zulu-17\bin\net.dll
Event: 0.204 Loaded shared library C:\Program Files\Zulu\zulu-17\bin\nio.dll
Event: 0.276 Loaded shared library C:\Program Files\Zulu\zulu-17\bin\zip.dll
Event: 3.883 Loaded shared library C:\Program Files\Zulu\zulu-17\bin\jimage.dll
Event: 5.157 Loaded shared library C:\Program Files\Zulu\zulu-17\bin\verify.dll
Event: 7.992 Loaded shared library D:\DOWNLOADS\JetPlayer\native\68d5fa5c4cc2d200863cafc0d521ce42e7d3e7ee720ec0a83991735586a16f82\windows-amd64\native-platform.dll
Event: 8.132 Loaded shared library D:\DOWNLOADS\JetPlayer\native\e376f236ea51e6404a007f0833ffe2c6e607c4080706a723a18a27aeea778392\windows-amd64\native-platform-file-events.dll
Event: 14.177 Loaded shared library C:\Program Files\Zulu\zulu-17\bin\management.dll
Event: 14.185 Loaded shared library C:\Program Files\Zulu\zulu-17\bin\management_ext.dll
Event: 14.877 Loaded shared library C:\Program Files\Zulu\zulu-17\bin\sunmscapi.dll

Deoptimization events (20 events):
Event: 42.607 Thread 0x0000021ef8c3b950 DEOPT PACKING pc=0x0000021e9c6c0dcf sp=0x00000070077f3900
Event: 42.607 Thread 0x0000021ef8c3b950 DEOPT UNPACKING pc=0x0000021ea3497143 sp=0x00000070077f2da0 mode 0
Event: 42.930 Thread 0x0000021ef8c3b950 DEOPT PACKING pc=0x0000021e9c70aa1b sp=0x00000070077f33f0
Event: 42.930 Thread 0x0000021ef8c3b950 DEOPT UNPACKING pc=0x0000021ea3497143 sp=0x00000070077f28f8 mode 0
Event: 42.942 Thread 0x0000021ef8c3b950 DEOPT PACKING pc=0x0000021e9c70aa1b sp=0x00000070077f33f0
Event: 42.942 Thread 0x0000021ef8c3b950 DEOPT UNPACKING pc=0x0000021ea3497143 sp=0x00000070077f28f8 mode 0
Event: 42.947 Thread 0x0000021ef8c3b950 DEOPT PACKING pc=0x0000021e9c70aa1b sp=0x00000070077f33f0
Event: 42.947 Thread 0x0000021ef8c3b950 DEOPT UNPACKING pc=0x0000021ea3497143 sp=0x00000070077f28f8 mode 0
Event: 42.953 Thread 0x0000021ef8c3b950 Uncommon trap: trap_request=0xffffff45 fr.pc=0x0000021ea3a4e9a8 relative=0x0000000000000e48
Event: 42.953 Thread 0x0000021ef8c3b950 Uncommon trap: reason=unstable_if action=reinterpret pc=0x0000021ea3a4e9a8 method=org.jetbrains.kotlin.metadata.ProtoBuf$Type.getSerializedSize()I @ 108 c2
Event: 42.953 Thread 0x0000021ef8c3b950 DEOPT PACKING pc=0x0000021ea3a4e9a8 sp=0x00000070077f2da0
Event: 42.953 Thread 0x0000021ef8c3b950 DEOPT UNPACKING pc=0x0000021ea34969a3 sp=0x00000070077f2d60 mode 2
Event: 42.953 Thread 0x0000021ef8c3b950 Uncommon trap: trap_request=0xffffff45 fr.pc=0x0000021ea3b83ac4 relative=0x0000000000001784
Event: 42.953 Thread 0x0000021ef8c3b950 Uncommon trap: reason=unstable_if action=reinterpret pc=0x0000021ea3b83ac4 method=org.jetbrains.kotlin.metadata.ProtoBuf$Type.writeTo(Lorg/jetbrains/kotlin/protobuf/CodedOutputStream;)V @ 98 c2
Event: 42.953 Thread 0x0000021ef8c3b950 DEOPT PACKING pc=0x0000021ea3b83ac4 sp=0x00000070077f2d90
Event: 42.953 Thread 0x0000021ef8c3b950 DEOPT UNPACKING pc=0x0000021ea34969a3 sp=0x00000070077f2d78 mode 2
Event: 42.960 Thread 0x0000021ef8c3b950 DEOPT PACKING pc=0x0000021e9c70aa1b sp=0x00000070077f33f0
Event: 42.960 Thread 0x0000021ef8c3b950 DEOPT UNPACKING pc=0x0000021ea3497143 sp=0x00000070077f28f8 mode 0
Event: 42.987 Thread 0x0000021ef8c3b950 DEOPT PACKING pc=0x0000021e9c70aa1b sp=0x00000070077f33a0
Event: 42.987 Thread 0x0000021ef8c3b950 DEOPT UNPACKING pc=0x0000021ea3497143 sp=0x00000070077f28a0 mode 0

Classes unloaded (0 events):
No events

Classes redefined (0 events):
No events

Internal exceptions (20 events):
Event: 35.515 Thread 0x0000021ef8c3b950 Exception <a 'java/lang/ClassNotFoundException'{0x000000008991eb98}: org/jetbrains/kotlin/gradle/targets/js/npm/DefaultPeerNpmDependencyExtensionCustomizer> (0x000000008991eb98) 
thrown [s\src\hotspot\share\classfile\systemDictionary.cpp, line 259]
Event: 35.520 Thread 0x0000021ef8c3b950 Exception <a 'java/lang/ClassNotFoundException'{0x0000000089961338}: org/jetbrains/kotlin/gradle/targets/js/npm/DefaultPeerNpmDependencyExtension$delegate$1BeanInfo> (0x0000000089961338) 
thrown [s\src\hotspot\share\classfile\systemDictionary.cpp, line 259]
Event: 35.521 Thread 0x0000021ef8c3b950 Exception <a 'java/lang/ClassNotFoundException'{0x000000008996ddb8}: org/jetbrains/kotlin/gradle/targets/js/npm/DefaultPeerNpmDependencyExtension$delegate$1Customizer> (0x000000008996ddb8) 
thrown [s\src\hotspot\share\classfile\systemDictionary.cpp, line 259]
Event: 36.049 Thread 0x0000021ef8c3b950 Exception <a 'java/lang/NoSuchMethodError'{0x000000008fbd6970}: 'void java.lang.invoke.DirectMethodHandle$Holder.invokeVirtual(java.lang.Object, java.lang.Object)'> (0x000000008fbd6970) 
thrown [s\src\hotspot\share\interpreter\linkResolver.cpp, line 759]
Event: 36.171 Thread 0x0000021ef8c3b950 Exception <a 'java/lang/NoSuchMethodError'{0x000000008f407558}: 'int java.lang.invoke.DelegatingMethodHandle$Holder.reinvoke_L(java.lang.Object, java.lang.Object, java.lang.Object, long, int, int)'> (0x000000008f407558) 
thrown [s\src\hotspot\share\interpreter\linkResolver.cpp, line 759]
Event: 36.172 Thread 0x0000021ef8c3b950 Exception <a 'java/lang/NoSuchMethodError'{0x000000008f417390}: 'int java.lang.invoke.DelegatingMethodHandle$Holder.reinvoke_L(java.lang.Object, java.lang.Object, java.lang.Object, long, long, long)'> (0x000000008f417390) 
thrown [s\src\hotspot\share\interpreter\linkResolver.cpp, line 759]
Event: 36.174 Thread 0x0000021ef8c3b950 Exception <a 'java/lang/NoSuchMethodError'{0x000000008f4274d0}: 'int java.lang.invoke.DelegatingMethodHandle$Holder.reinvoke_L(java.lang.Object, java.lang.Object, java.lang.Object, long, java.lang.Object, java.lang.Object)'> (0x000000008f4274d0) 
thrown [s\src\hotspot\share\interpreter\linkResolver.cpp, line 759]
Event: 36.176 Thread 0x0000021ef8c3b950 Exception <a 'java/lang/NoSuchMethodError'{0x000000008f437458}: 'void java.lang.invoke.DelegatingMethodHandle$Holder.reinvoke_L(java.lang.Object, java.lang.Object, java.lang.Object, long, java.lang.Object)'> (0x000000008f437458) 
thrown [s\src\hotspot\share\interpreter\linkResolver.cpp, line 759]
Event: 36.176 Thread 0x0000021ef8c3b950 Exception <a 'java/lang/NoSuchMethodError'{0x000000008f43fd48}: 'java.lang.Object java.lang.invoke.DirectMethodHandle$Holder.invokeSpecial(java.lang.Object, java.lang.Object, java.lang.Object, java.lang.Object, long)'> (0x000000008f43fd48) 
thrown [s\src\hotspot\share\interpreter\linkResolver.cpp, line 759]
Event: 36.180 Thread 0x0000021ef8c3b950 Exception <a 'java/lang/NoSuchMethodError'{0x000000008f464c38}: 'long java.lang.invoke.Invokers$Holder.invoke_MT(java.lang.Object, java.lang.Object, java.lang.Object, java.lang.Object)'> (0x000000008f464c38) 
thrown [s\src\hotspot\share\interpreter\linkResolver.cpp, line 759]
Event: 36.181 Thread 0x0000021ef8c3b950 Exception <a 'java/lang/NoSuchMethodError'{0x000000008f46dd00}: 'int java.lang.invoke.Invokers$Holder.invoke_MT(java.lang.Object, java.lang.Object, java.lang.Object, java.lang.Object)'> (0x000000008f46dd00) 
thrown [s\src\hotspot\share\interpreter\linkResolver.cpp, line 759]
Event: 36.183 Thread 0x0000021ef8c3b950 Exception <a 'java/lang/NoSuchMethodError'{0x000000008f47f0b0}: 'int java.lang.invoke.DelegatingMethodHandle$Holder.reinvoke_L(java.lang.Object, java.lang.Object, java.lang.Object, long, int)'> (0x000000008f47f0b0) 
thrown [s\src\hotspot\share\interpreter\linkResolver.cpp, line 759]
Event: 36.185 Thread 0x0000021ef8c3b950 Exception <a 'java/lang/NoSuchMethodError'{0x000000008f492940}: 'java.lang.Object java.lang.invoke.Invokers$Holder.invokeExact_MT(java.lang.Object, java.lang.Object, long, java.lang.Object)'> (0x000000008f492940) 
thrown [s\src\hotspot\share\interpreter\linkResolver.cpp, line 759]
Event: 36.355 Thread 0x0000021ef8c3b950 Exception <a 'java/lang/NoSuchMethodError'{0x000000008ec9edb0}: 'java.lang.Object java.lang.invoke.DirectMethodHandle$Holder.invokeStaticInit(java.lang.Object, int)'> (0x000000008ec9edb0) 
thrown [s\src\hotspot\share\interpreter\linkResolver.cpp, line 759]
Event: 36.398 Thread 0x0000021ef8c3b950 Exception <a 'java/lang/NoSuchMethodError'{0x000000008e97d420}: 'long java.lang.invoke.DirectMethodHandle$Holder.invokeStatic(java.lang.Object)'> (0x000000008e97d420) 
thrown [s\src\hotspot\share\interpreter\linkResolver.cpp, line 759]
Event: 36.399 Thread 0x0000021ef8c3b950 Exception <a 'java/lang/NoSuchMethodError'{0x000000008e982260}: 'long java.lang.invoke.DirectMethodHandle$Holder.invokeStaticInit(java.lang.Object)'> (0x000000008e982260) 
thrown [s\src\hotspot\share\interpreter\linkResolver.cpp, line 759]
Event: 37.167 Thread 0x0000021ef8c3b950 Implicit null exception at 0x0000021ea3dd8f93 to 0x0000021ea3dd90e4
Event: 37.841 Thread 0x0000021ef8c3b950 Exception <a 'java/lang/NoSuchMethodError'{0x0000000090533a80}: 'java.lang.Object java.lang.invoke.Invokers$Holder.invoke_MT(java.lang.Object, java.lang.Object, java.lang.Object)'> (0x0000000090533a80) 
thrown [s\src\hotspot\share\interpreter\linkResolver.cpp, line 759]
Event: 38.177 Thread 0x0000021ef8c3b950 Implicit null exception at 0x0000021ea3e703c8 to 0x0000021ea3e72360
Event: 41.413 Thread 0x0000021ef8c3b950 Exception <a 'java/lang/NoSuchMethodError'{0x00000000907f3ef8}: 'java.lang.Object java.lang.invoke.DirectMethodHandle$Holder.invokeStatic(java.lang.Object, java.lang.Object, java.lang.Object, java.lang.Object, int)'> (0x00000000907f3ef8) 
thrown [s\src\hotspot\share\interpreter\linkResolver.cpp, line 759]

VM Operations (20 events):
Event: 41.094 Executing VM operation: G1PauseRemark done
Event: 41.210 Executing VM operation: G1PauseCleanup
Event: 41.210 Executing VM operation: G1PauseCleanup done
Event: 41.356 Executing VM operation: HandshakeAllThreads
Event: 41.356 Executing VM operation: HandshakeAllThreads done
Event: 41.380 Executing VM operation: HandshakeAllThreads
Event: 41.380 Executing VM operation: HandshakeAllThreads done
Event: 41.385 Executing VM operation: HandshakeAllThreads
Event: 41.385 Executing VM operation: HandshakeAllThreads done
Event: 41.431 Executing VM operation: HandshakeAllThreads
Event: 41.431 Executing VM operation: HandshakeAllThreads done
Event: 41.497 Executing VM operation: HandshakeAllThreads
Event: 41.497 Executing VM operation: HandshakeAllThreads done
Event: 41.879 Executing VM operation: G1CollectForAllocation
Event: 41.890 Executing VM operation: G1CollectForAllocation done
Event: 42.055 Executing VM operation: G1CollectForAllocation
Event: 42.065 Executing VM operation: G1CollectForAllocation done
Event: 42.612 Executing VM operation: ICBufferFull
Event: 42.612 Executing VM operation: ICBufferFull done
Event: 43.200 Executing VM operation: G1CollectForAllocation

Events (20 events):
Event: 40.507 Thread 0x0000021eb1fe9d70 flushing nmethod 0x0000021e9cedf890
Event: 40.507 Thread 0x0000021eb1fe9d70 flushing nmethod 0x0000021e9cee1d90
Event: 40.507 Thread 0x0000021eb1fe9d70 flushing nmethod 0x0000021e9cee2b90
Event: 40.507 Thread 0x0000021eb1fe9d70 flushing nmethod 0x0000021e9cee3710
Event: 40.752 loading class java/text/StringCharacterIterator
Event: 40.753 loading class java/text/CharacterIterator
Event: 40.753 loading class java/text/CharacterIterator done
Event: 40.753 loading class java/text/StringCharacterIterator done
Event: 40.786 loading class java/io/NotSerializableException
Event: 40.786 loading class java/io/NotSerializableException done
Event: 41.332 loading class java/util/function/IntUnaryOperator
Event: 41.332 loading class java/util/function/IntUnaryOperator done
Event: 41.383 loading class java/util/AbstractList$SubList
Event: 41.384 loading class java/util/AbstractList$SubList done
Event: 41.384 loading class java/util/AbstractList$SubList$1
Event: 41.384 loading class java/util/AbstractList$SubList$1 done
Event: 41.384 loading class java/util/AbstractList$ListItr
Event: 41.384 loading class java/util/AbstractList$ListItr done
Event: 43.191 loading class java/util/AbstractList$RandomAccessSubList
Event: 43.191 loading class java/util/AbstractList$RandomAccessSubList done


Dynamic libraries:
0x00007ff61e500000 - 0x00007ff61e50e000 	C:\Program Files\Zulu\zulu-17\bin\java.exe
0x00007ff987c70000 - 0x00007ff987e64000 	C:\Windows\SYSTEM32\ntdll.dll
0x00007ff986740000 - 0x00007ff9867fd000 	C:\Windows\System32\KERNEL32.DLL
0x00007ff9853c0000 - 0x00007ff985687000 	C:\Windows\System32\KERNELBASE.dll
0x00007ff985730000 - 0x00007ff985830000 	C:\Windows\System32\ucrtbase.dll
0x00007ff97dde0000 - 0x00007ff97ddfb000 	C:\Program Files\Zulu\zulu-17\bin\VCRUNTIME140.dll
0x00007ff97a290000 - 0x00007ff97a2a9000 	C:\Program Files\Zulu\zulu-17\bin\jli.dll
0x00007ff9878d0000 - 0x00007ff987a70000 	C:\Windows\System32\USER32.dll
0x00007ff985c60000 - 0x00007ff985c82000 	C:\Windows\System32\win32u.dll
0x00007ff987a70000 - 0x00007ff987a9a000 	C:\Windows\System32\GDI32.dll
0x00007ff975210000 - 0x00007ff9754aa000 	C:\Windows\WinSxS\amd64_microsoft.windows.common-controls_6595b64144ccf1df_6.0.19041.1_none_b555e41d4684ddec\COMCTL32.dll
0x00007ff986210000 - 0x00007ff9862ae000 	C:\Windows\System32\msvcrt.dll
0x00007ff985ad0000 - 0x00007ff985bd9000 	C:\Windows\System32\gdi32full.dll
0x00007ff985690000 - 0x00007ff98572d000 	C:\Windows\System32\msvcp_win.dll
0x00007ff9861e0000 - 0x00007ff986210000 	C:\Windows\System32\IMM32.DLL
0x00007ff97e020000 - 0x00007ff97e02c000 	C:\Program Files\Zulu\zulu-17\bin\vcruntime140_1.dll
0x00007ff95b130000 - 0x00007ff95b1bd000 	C:\Program Files\Zulu\zulu-17\bin\msvcp140.dll
0x00007ff94b380000 - 0x00007ff94bfe7000 	C:\Program Files\Zulu\zulu-17\bin\server\jvm.dll
0x00007ff9862b0000 - 0x00007ff98635a000 	C:\Windows\System32\ADVAPI32.dll
0x00007ff986360000 - 0x00007ff9863fb000 	C:\Windows\System32\sechost.dll
0x00007ff986600000 - 0x00007ff986723000 	C:\Windows\System32\RPCRT4.dll
0x00007ff971430000 - 0x00007ff971439000 	C:\Windows\SYSTEM32\WSOCK32.dll
0x00007ff984ea0000 - 0x00007ff984eeb000 	C:\Windows\SYSTEM32\POWRPROF.dll
0x00007ff986940000 - 0x00007ff9869ab000 	C:\Windows\System32\WS2_32.dll
0x00007ff97a340000 - 0x00007ff97a34a000 	C:\Windows\SYSTEM32\VERSION.dll
0x00007ff976c50000 - 0x00007ff976c77000 	C:\Windows\SYSTEM32\WINMM.dll
0x00007ff984da0000 - 0x00007ff984db2000 	C:\Windows\SYSTEM32\UMPDC.dll
0x00007ff983310000 - 0x00007ff983323000 	C:\Windows\SYSTEM32\kernel.appcore.dll
0x00007ff97dfd0000 - 0x00007ff97dfda000 	C:\Program Files\Zulu\zulu-17\bin\jimage.dll
0x00007ff96f1e0000 - 0x00007ff96f3c4000 	C:\Windows\SYSTEM32\DBGHELP.DLL
0x00007ff96f170000 - 0x00007ff96f19c000 	C:\Windows\SYSTEM32\dbgcore.DLL
0x00007ff985be0000 - 0x00007ff985c5f000 	C:\Windows\System32\bcryptPrimitives.dll
0x00007ff969df0000 - 0x00007ff969e15000 	C:\Program Files\Zulu\zulu-17\bin\java.dll
0x00007ff95b050000 - 0x00007ff95b127000 	C:\Program Files\Zulu\zulu-17\bin\jsvml.dll
0x00007ff9869c0000 - 0x00007ff9870f1000 	C:\Windows\System32\SHELL32.dll
0x00007ff983510000 - 0x00007ff983c9a000 	C:\Windows\SYSTEM32\windows.storage.dll
0x00007ff987390000 - 0x00007ff9876e4000 	C:\Windows\System32\combase.dll
0x00007ff984d00000 - 0x00007ff984d2b000 	C:\Windows\SYSTEM32\Wldp.dll
0x00007ff9876f0000 - 0x00007ff98779e000 	C:\Windows\System32\SHCORE.dll
0x00007ff9868e0000 - 0x00007ff986935000 	C:\Windows\System32\shlwapi.dll
0x00007ff985300000 - 0x00007ff98531f000 	C:\Windows\SYSTEM32\profapi.dll
0x00007ff969c00000 - 0x00007ff969c19000 	C:\Program Files\Zulu\zulu-17\bin\net.dll
0x00007ff97d930000 - 0x00007ff97da30000 	C:\Windows\SYSTEM32\WINHTTP.dll
0x00007ff984af0000 - 0x00007ff984b5a000 	C:\Windows\system32\mswsock.dll
0x00007ff969be0000 - 0x00007ff969bf6000 	C:\Program Files\Zulu\zulu-17\bin\nio.dll
0x00007ff969bc0000 - 0x00007ff969bd8000 	C:\Program Files\Zulu\zulu-17\bin\zip.dll
0x00007ff97dfa0000 - 0x00007ff97dfb0000 	C:\Program Files\Zulu\zulu-17\bin\verify.dll
0x00007ff97ea10000 - 0x00007ff97ea37000 	D:\DOWNLOADS\JetPlayer\native\68d5fa5c4cc2d200863cafc0d521ce42e7d3e7ee720ec0a83991735586a16f82\windows-amd64\native-platform.dll
0x00007ff95af00000 - 0x00007ff95b044000 	D:\DOWNLOADS\JetPlayer\native\e376f236ea51e6404a007f0833ffe2c6e607c4080706a723a18a27aeea778392\windows-amd64\native-platform-file-events.dll
0x00007ff97db00000 - 0x00007ff97db09000 	C:\Program Files\Zulu\zulu-17\bin\management.dll
0x00007ff97daa0000 - 0x00007ff97daab000 	C:\Program Files\Zulu\zulu-17\bin\management_ext.dll
0x00007ff986730000 - 0x00007ff986738000 	C:\Windows\System32\PSAPI.DLL
0x00007ff9850a0000 - 0x00007ff9850b8000 	C:\Windows\SYSTEM32\CRYPTSP.dll
0x00007ff9844a0000 - 0x00007ff9844d4000 	C:\Windows\system32\rsaenh.dll
0x00007ff9859f0000 - 0x00007ff985a17000 	C:\Windows\System32\bcrypt.dll
0x00007ff985280000 - 0x00007ff9852ae000 	C:\Windows\SYSTEM32\USERENV.dll
0x00007ff984c70000 - 0x00007ff984c7c000 	C:\Windows\SYSTEM32\CRYPTBASE.dll
0x00007ff984800000 - 0x00007ff98483b000 	C:\Windows\SYSTEM32\IPHLPAPI.DLL
0x00007ff986400000 - 0x00007ff986409000 	C:\Windows\System32\NSI.dll
0x00007ff97f3a0000 - 0x00007ff97f3b7000 	C:\Windows\SYSTEM32\dhcpcsvc6.DLL
0x00007ff97f380000 - 0x00007ff97f39d000 	C:\Windows\SYSTEM32\dhcpcsvc.DLL
0x00007ff984840000 - 0x00007ff98490a000 	C:\Windows\SYSTEM32\DNSAPI.dll
0x00007ff97d4c0000 - 0x00007ff97d4ce000 	C:\Program Files\Zulu\zulu-17\bin\sunmscapi.dll
0x00007ff985830000 - 0x00007ff98598d000 	C:\Windows\System32\CRYPT32.dll
0x00007ff984d70000 - 0x00007ff984d97000 	C:\Windows\SYSTEM32\ncrypt.dll
0x00007ff984d30000 - 0x00007ff984d6b000 	C:\Windows\SYSTEM32\NTASN1.dll
0x00007ff980200000 - 0x00007ff980207000 	C:\Windows\system32\wshunix.dll

dbghelp: loaded successfully - version: 4.0.5 - missing functions: none
symbol engine: initialized successfully - sym options: 0x614 - pdb path: .;C:\Program Files\Zulu\zulu-17\bin;C:\Windows\SYSTEM32;C:\Windows\WinSxS\amd64_microsoft.windows.common-controls_6595b64144ccf1df_6.0.19041.1_none_b555e41d4684ddec;C:\Program Files\Zulu\zulu-17\bin\server;D:\DOWNLOADS\JetPlayer\native\68d5fa5c4cc2d200863cafc0d521ce42e7d3e7ee720ec0a83991735586a16f82\windows-amd64;D:\DOWNLOADS\JetPlayer\native\e376f236ea51e6404a007f0833ffe2c6e607c4080706a723a18a27aeea778392\windows-amd64

VM Arguments:
jvm_args: --add-opens=java.base/java.util=ALL-UNNAMED --add-opens=java.base/java.lang=ALL-UNNAMED --add-opens=java.base/java.lang.invoke=ALL-UNNAMED --add-opens=java.prefs/java.util.prefs=ALL-UNNAMED --add-opens=java.base/java.nio.charset=ALL-UNNAMED --add-opens=java.base/java.net=ALL-UNNAMED --add-opens=java.base/java.util.concurrent.atomic=ALL-UNNAMED -Xmx2048m -Dfile.encoding=UTF-8 -Duser.country=US -Duser.language=en -Duser.variant 
java_command: org.gradle.launcher.daemon.bootstrap.GradleDaemon 8.0
java_class_path (initial): D:\DOWNLOADS\JetPlayer\wrapper\dists\gradle-8.0-bin\ca5e32bp14vu59qr306oxotwh\gradle-8.0\lib\gradle-launcher-8.0.jar
Launcher Type: SUN_STANDARD

[Global flags]
     intx CICompilerCount                          = 3                                         {product} {ergonomic}
     uint ConcGCThreads                            = 1                                         {product} {ergonomic}
     uint G1ConcRefinementThreads                  = 4                                         {product} {ergonomic}
   size_t G1HeapRegionSize                         = 1048576                                   {product} {ergonomic}
    uintx GCDrainStackTargetSize                   = 64                                        {product} {ergonomic}
   size_t InitialHeapSize                          = 132120576                                 {product} {ergonomic}
   size_t MarkStackSize                            = 4194304                                   {product} {ergonomic}
   size_t MaxHeapSize                              = 2147483648                                {product} {command line}
   size_t MaxNewSize                               = 1287651328                                {product} {ergonomic}
   size_t MinHeapDeltaBytes                        = 1048576                                   {product} {ergonomic}
   size_t MinHeapSize                              = 8388608                                   {product} {ergonomic}
    uintx NonNMethodCodeHeapSize                   = 5832780                                {pd product} {ergonomic}
    uintx NonProfiledCodeHeapSize                  = 122912730                              {pd product} {ergonomic}
    uintx ProfiledCodeHeapSize                     = 122912730                              {pd product} {ergonomic}
    uintx ReservedCodeCacheSize                    = 251658240                              {pd product} {ergonomic}
     bool SegmentedCodeCache                       = true                                      {product} {ergonomic}
   size_t SoftMaxHeapSize                          = 2147483648                             {manageable} {ergonomic}
     bool UseCompressedClassPointers               = true                           {product lp64_product} {ergonomic}
     bool UseCompressedOops                        = true                           {product lp64_product} {ergonomic}
     bool UseG1GC                                  = true                                      {product} {ergonomic}
     bool UseLargePagesIndividualAllocation        = false                                  {pd product} {ergonomic}

Logging:
Log output configuration:
 #0: stdout all=warning uptime,level,tags
 #1: stderr all=off uptime,level,tags

Environment Variables:
JAVA_HOME=C:\Program Files\Zulu\zulu-17
PATH=C:\Program Files\Zulu\zulu-17\bin\;C:\Program Files\Common Files\Oracle\Java\javapath;C:\Program Files (x86)\Common Files\Oracle\Java\javapath;C:\Program Files\Zulu\zulu-8\bin\;C:\ProgramData\Oracle\Java\javapath;C:\Windows\system32;C:\Windows;C:\Windows\System32\Wbem;C:\Windows\System32\WindowsPowerShell\v1.0\;C:\Windows\System32\OpenSSH\;C:\Program Files (x86)\dotnet\;C:\Program Files\dotnet\;C:\Program Files (x86)\QuickTime\QTSystem\;D:\DOWNLOADS\gradle-8.3-all\gradle-8.3\bin;C:\Program Files\Git\cmd;C:\Program Files\Java\jdk-21\bin;C:\Users\ACER\AppData\Local\Microsoft\WindowsApps;C:\Users\ACER\AppData\Local\Programs\Microsoft VS Code\bin;C:\Program Files\Java\jdk-21\bin;
USERNAME=ACER
OS=Windows_NT
PROCESSOR_IDENTIFIER=Intel64 Family 6 Model 58 Stepping 9, GenuineIntel
TMP=C:\Users\ACER\AppData\Local\Temp
TEMP=C:\Users\ACER\AppData\Local\Temp



Periodic native trim disabled


---------------  S Y S T E M  ---------------

OS:
 Windows 10 , 64 bit Build 19041 (10.0.19041.207)
OS uptime: 0 days 3:24 hours
Hyper-V role detected

CPU: total 4 (initial active 4) (2 cores per cpu, 2 threads per core) family 6 model 58 stepping 9 microcode 0x21, cx8, cmov, fxsr, ht, mmx, sse, sse2, sse3, ssse3, sse4.1, sse4.2, popcnt, tsc, tscinvbit, avx, aes, erms, clmul, vzeroupper, clflush, hv
Processor Information for all 4 processors :
  Max Mhz: 2501, Current Mhz: 2501, Mhz Limit: 2501

Memory: 4k page, system-wide physical 8030M (1000M free)
TotalPageFile size 10078M (AvailPageFile size 83M)
current process WorkingSet (physical memory assigned to process): 540M, peak: 540M
current process commit charge ("private bytes"): 581M, peak: 855M

vm_info: OpenJDK 64-Bit Server VM (17.0.9+8-LTS) for windows-amd64 JRE (17.0.9+8-LTS) (Zulu17.46+19-CA), built on Oct 11 2023 20:47:25 by "zulu_re" with MS VC++ 16.10 / 16.11 (VS2019)

END.
