#
# There is insufficient memory for the Java Runtime Environment to continue.
# Native memory allocation (malloc) failed to allocate 65552 bytes for Chunk::new
# Possible reasons:
#   The system is out of physical RAM or swap space
#   The process is running with CompressedOops enabled, and the Java Heap may be blocking the growth of the native heap
# Possible solutions:
#   Reduce memory load on the system
#   Increase physical memory or swap space
#   Check if swap backing store is full
#   Decrease Java heap size (-Xmx/-Xms)
#   Decrease number of Java threads
#   Decrease Java thread stack sizes (-Xss)
#   Set larger code cache with -XX:ReservedCodeCacheSize=
#   JVM is running with Unscaled Compressed Oops mode in which the Java heap is
#     placed in the first 4GB address space. The Java Heap base address is the
#     maximum limit for the native heap growth. Please use -XX:HeapBaseMinAddress
#     to set the Java Heap base and to place the Java Heap above 4GB virtual address.
# This output file may be truncated or incomplete.
#
#  Out of Memory Error (arena.cpp:189), pid=10532, tid=9556
#
# JRE version: OpenJDK Runtime Environment (17.0.6) (build 17.0.6+0-b2043.56-10027231)
# Java VM: OpenJDK 64-Bit Server VM (17.0.6+0-b2043.56-10027231, mixed mode, tiered, compressed oops, compressed class ptrs, g1 gc, windows-amd64)
# No core dump will be written. Minidumps are not enabled by default on client versions of Windows
#

---------------  S U M M A R Y ------------

Command Line: --add-opens=java.base/java.util=ALL-UNNAMED --add-opens=java.base/java.lang=ALL-UNNAMED --add-opens=java.base/java.lang.invoke=ALL-UNNAMED --add-opens=java.prefs/java.util.prefs=ALL-UNNAMED --add-opens=java.base/java.nio.charset=ALL-UNNAMED --add-opens=java.base/java.net=ALL-UNNAMED --add-opens=java.base/java.util.concurrent.atomic=ALL-UNNAMED -Xmx2048m -Dfile.encoding=UTF-8 -Duser.country=US -Duser.language=en -Duser.variant org.gradle.launcher.daemon.bootstrap.GradleDaemon 8.0

Host: Intel(R) Core(TM) i5-3210M CPU @ 2.50GHz, 4 cores, 7G,  Windows 10 , 64 bit Build 19041 (10.0.19041.207)
Time: Mon Jan 22 16:26:34 2024 SE Asia Standard Time elapsed time: 22.324134 seconds (0d 0h 0m 22s)

---------------  T H R E A D  ---------------

Current thread (0x0000012ceee15880):  JavaThread "C2 CompilerThread0" daemon [_thread_in_native, id=9556, stack(0x00000017ac500000,0x00000017ac600000)]


Current CompileTask:
C2:  22324 5264   !   4       java.net.URL::<init> (543 bytes)

Stack: [0x00000017ac500000,0x00000017ac600000]
Native frames: (J=compiled Java code, j=interpreted, Vv=VM code, C=native code)
V  [jvm.dll+0x683c9a]
V  [jvm.dll+0x8427a4]
V  [jvm.dll+0x843f9e]
V  [jvm.dll+0x844603]
V  [jvm.dll+0x249b75]
V  [jvm.dll+0xabcac]
V  [jvm.dll+0xac27c]
V  [jvm.dll+0xabdbb]
V  [jvm.dll+0x6da96c]
V  [jvm.dll+0x593a67]
V  [jvm.dll+0x590bf1]
V  [jvm.dll+0x58cbe4]
V  [jvm.dll+0x58cc86]
V  [jvm.dll+0x58a5a2]
V  [jvm.dll+0x2243b2]
V  [jvm.dll+0x21d8bf]
V  [jvm.dll+0x21b51b]
V  [jvm.dll+0x1a4fdd]
V  [jvm.dll+0x22b098]
V  [jvm.dll+0x229159]
V  [jvm.dll+0x7f81ec]
V  [jvm.dll+0x7f274a]
V  [jvm.dll+0x682ad5]
C  [ucrtbase.dll+0x21542]
C  [KERNEL32.DLL+0x16fd4]
C  [ntdll.dll+0x4cec1]


---------------  P R O C E S S  ---------------

Threads class SMR info:
_java_thread_list=0x0000012cefef6e40, length=40, elements={
0x0000012cd38ba960, 0x0000012ceedda7c0, 0x0000012ceeddc550, 0x0000012ceee10020,
0x0000012ceee13a60, 0x0000012ceee14320, 0x0000012ceee14be0, 0x0000012ceee15880,
0x0000012cef872710, 0x0000012cef8753d0, 0x0000012cef98ece0, 0x0000012cef9b4040,
0x0000012cf1388220, 0x0000012cefcf0fa0, 0x0000012cf2034030, 0x0000012cf21f44d0,
0x0000012cf2950500, 0x0000012cf1d65d80, 0x0000012cf11fee90, 0x0000012cf0708840,
0x0000012cf0e4b4c0, 0x0000012cf0e4a180, 0x0000012cf0e49cb0, 0x0000012cf0e4a650,
0x0000012cf0e4ab20, 0x0000012cf0e4aff0, 0x0000012cf2b828f0, 0x0000012cf2b7d250,
0x0000012cf2b82dc0, 0x0000012cf2b845d0, 0x0000012cf2b7f8d0, 0x0000012cf2b81f50,
0x0000012cf2b83290, 0x0000012cf2b82420, 0x0000012cf2b80c10, 0x0000012cf2b7e0c0,
0x0000012cf2b83760, 0x0000012cf2b84100, 0x0000012cf2b810e0, 0x0000012cf2b815b0
}

Java Threads: ( => current thread )
  0x0000012cd38ba960 JavaThread "main" [_thread_blocked, id=7688, stack(0x00000017ab800000,0x00000017ab900000)]
  0x0000012ceedda7c0 JavaThread "Reference Handler" daemon [_thread_blocked, id=10900, stack(0x00000017abf00000,0x00000017ac000000)]
  0x0000012ceeddc550 JavaThread "Finalizer" daemon [_thread_blocked, id=8320, stack(0x00000017ac000000,0x00000017ac100000)]
  0x0000012ceee10020 JavaThread "Signal Dispatcher" daemon [_thread_blocked, id=10956, stack(0x00000017ac100000,0x00000017ac200000)]
  0x0000012ceee13a60 JavaThread "Attach Listener" daemon [_thread_blocked, id=10480, stack(0x00000017ac200000,0x00000017ac300000)]
  0x0000012ceee14320 JavaThread "Service Thread" daemon [_thread_blocked, id=9624, stack(0x00000017ac300000,0x00000017ac400000)]
  0x0000012ceee14be0 JavaThread "Monitor Deflation Thread" daemon [_thread_blocked, id=6012, stack(0x00000017ac400000,0x00000017ac500000)]
=>0x0000012ceee15880 JavaThread "C2 CompilerThread0" daemon [_thread_in_native, id=9556, stack(0x00000017ac500000,0x00000017ac600000)]
  0x0000012cef872710 JavaThread "C1 CompilerThread0" daemon [_thread_blocked, id=6204, stack(0x00000017ac600000,0x00000017ac700000)]
  0x0000012cef8753d0 JavaThread "Sweeper thread" daemon [_thread_blocked, id=4212, stack(0x00000017ac700000,0x00000017ac800000)]
  0x0000012cef98ece0 JavaThread "Common-Cleaner" daemon [_thread_blocked, id=10184, stack(0x00000017ac800000,0x00000017ac900000)]
  0x0000012cef9b4040 JavaThread "Notification Thread" daemon [_thread_blocked, id=6816, stack(0x00000017ac900000,0x00000017aca00000)]
  0x0000012cf1388220 JavaThread "Daemon health stats" [_thread_blocked, id=9328, stack(0x00000017acb00000,0x00000017acc00000)]
  0x0000012cefcf0fa0 JavaThread "Incoming local TCP Connector on port 52846" [_thread_in_native, id=10324, stack(0x00000017acf00000,0x00000017ad000000)]
  0x0000012cf2034030 JavaThread "Daemon periodic checks" [_thread_blocked, id=8324, stack(0x00000017ad000000,0x00000017ad100000)]
  0x0000012cf21f44d0 JavaThread "Daemon" [_thread_blocked, id=7576, stack(0x00000017ad200000,0x00000017ad300000)]
  0x0000012cf2950500 JavaThread "Handler for socket connection from /127.0.0.1:52846 to /127.0.0.1:52847" [_thread_in_native, id=6956, stack(0x00000017ad300000,0x00000017ad400000)]
  0x0000012cf1d65d80 JavaThread "Cancel handler" [_thread_blocked, id=4644, stack(0x00000017ad100000,0x00000017ad200000)]
  0x0000012cf11fee90 JavaThread "Daemon worker" [_thread_in_native, id=6652, stack(0x00000017ad400000,0x00000017ad500000)]
  0x0000012cf0708840 JavaThread "Asynchronous log dispatcher for DefaultDaemonConnection: socket connection from /127.0.0.1:52846 to /127.0.0.1:52847" [_thread_blocked, id=9532, stack(0x00000017ad500000,0x00000017ad600000)]
  0x0000012cf0e4b4c0 JavaThread "Stdin handler" [_thread_blocked, id=5868, stack(0x00000017ad600000,0x00000017ad700000)]
  0x0000012cf0e4a180 JavaThread "Daemon client event forwarder" [_thread_blocked, id=4960, stack(0x00000017ad700000,0x00000017ad800000)]
  0x0000012cf0e49cb0 JavaThread "Cache worker for journal cache (D:\DOWNLOADS\JetPlayer\caches\journal-1)" [_thread_blocked, id=8988, stack(0x00000017ad800000,0x00000017ad900000)]
  0x0000012cf0e4a650 JavaThread "File lock request listener" [_thread_in_native, id=8476, stack(0x00000017ad900000,0x00000017ada00000)]
  0x0000012cf0e4ab20 JavaThread "Cache worker for file hash cache (D:\DOWNLOADS\JetPlayer\caches\8.0\fileHashes)" [_thread_blocked, id=11164, stack(0x00000017ada00000,0x00000017adb00000)]
  0x0000012cf0e4aff0 JavaThread "File watcher server" daemon [_thread_in_native, id=8120, stack(0x00000017adc00000,0x00000017add00000)]
  0x0000012cf2b828f0 JavaThread "File watcher consumer" daemon [_thread_blocked, id=1424, stack(0x00000017add00000,0x00000017ade00000)]
  0x0000012cf2b7d250 JavaThread "jar transforms" [_thread_blocked, id=4228, stack(0x00000017ade00000,0x00000017adf00000)]
  0x0000012cf2b82dc0 JavaThread "jar transforms Thread 2" [_thread_blocked, id=9992, stack(0x00000017adf00000,0x00000017ae000000)]
  0x0000012cf2b845d0 JavaThread "jar transforms Thread 3" [_thread_blocked, id=7240, stack(0x00000017ae000000,0x00000017ae100000)]
  0x0000012cf2b7f8d0 JavaThread "jar transforms Thread 4" [_thread_blocked, id=9448, stack(0x00000017ae100000,0x00000017ae200000)]
  0x0000012cf2b81f50 JavaThread "Cache worker for checksums cache (C:\Users\ACER\AndroidStudioProjects\ShoesCare\.gradle\8.0\checksums)" [_thread_blocked, id=9392, stack(0x00000017adb00000,0x00000017adc00000)]
  0x0000012cf2b83290 JavaThread "Cache worker for cache directory md-rule (D:\DOWNLOADS\JetPlayer\caches\8.0\md-rule)" [_thread_blocked, id=6996, stack(0x00000017ae200000,0x00000017ae300000)]
  0x0000012cf2b82420 JavaThread "Cache worker for file content cache (D:\DOWNLOADS\JetPlayer\caches\8.0\fileContent)" [_thread_blocked, id=6060, stack(0x00000017ae300000,0x00000017ae400000)]
  0x0000012cf2b80c10 JavaThread "Cache worker for file hash cache (C:\Users\ACER\AndroidStudioProjects\ShoesCare\.gradle\8.0\fileHashes)" [_thread_blocked, id=10288, stack(0x00000017ae500000,0x00000017ae600000)]
  0x0000012cf2b7e0c0 JavaThread "Cache worker for cache directory md-supplier (D:\DOWNLOADS\JetPlayer\caches\8.0\md-supplier)" [_thread_blocked, id=6872, stack(0x00000017ae600000,0x00000017ae700000)]
  0x0000012cf2b83760 JavaThread "Cache worker for execution history cache (D:\DOWNLOADS\JetPlayer\caches\8.0\executionHistory)" [_thread_blocked, id=10976, stack(0x00000017ae700000,0x00000017ae800000)]
  0x0000012cf2b84100 JavaThread "Cache worker for kotlin-dsl (D:\DOWNLOADS\JetPlayer\caches\8.0\kotlin-dsl)" [_thread_blocked, id=8020, stack(0x00000017ae800000,0x00000017ae900000)]
  0x0000012cf2b810e0 JavaThread "Cache worker for dependencies-accessors (C:\Users\ACER\AndroidStudioProjects\ShoesCare\.gradle\8.0\dependencies-accessors)" [_thread_blocked, id=10472, stack(0x00000017ae900000,0x00000017aea00000)]
  0x0000012cf2b815b0 JavaThread "Cache worker for Build Output Cleanup Cache (C:\Users\ACER\AndroidStudioProjects\ShoesCare\.gradle\buildOutputCleanup)" [_thread_blocked, id=10340, stack(0x00000017aea00000,0x00000017aeb00000)]

Other Threads:
  0x0000012ceed7cb70 VMThread "VM Thread" [stack: 0x00000017abe00000,0x00000017abf00000] [id=2132]
  0x0000012cef9b4d20 WatcherThread [stack: 0x00000017aca00000,0x00000017acb00000] [id=7720]
  0x0000012cd3913660 GCTaskThread "GC Thread#0" [stack: 0x00000017ab900000,0x00000017aba00000] [id=6800]
  0x0000012ceff1d000 GCTaskThread "GC Thread#1" [stack: 0x00000017acc00000,0x00000017acd00000] [id=2668]
  0x0000012ceff1d6c0 GCTaskThread "GC Thread#2" [stack: 0x00000017acd00000,0x00000017ace00000] [id=9948]
  0x0000012cefb9b420 GCTaskThread "GC Thread#3" [stack: 0x00000017ace00000,0x00000017acf00000] [id=4420]
  0x0000012cd39244b0 ConcurrentGCThread "G1 Main Marker" [stack: 0x00000017aba00000,0x00000017abb00000] [id=2900]
  0x0000012cd3924dd0 ConcurrentGCThread "G1 Conc#0" [stack: 0x00000017abb00000,0x00000017abc00000] [id=11188]
  0x0000012ceec30090 ConcurrentGCThread "G1 Refine#0" [stack: 0x00000017abc00000,0x00000017abd00000] [id=9440]
  0x0000012ceec319d0 ConcurrentGCThread "G1 Service" [stack: 0x00000017abd00000,0x00000017abe00000] [id=5944]

Threads with active compile tasks:
C2 CompilerThread0    22382 5264   !   4       java.net.URL::<init> (543 bytes)

VM state: not at safepoint (normal execution)

VM Mutex/Monitor currently owned by a thread: None

Heap address: 0x0000000080000000, size: 2048 MB, Compressed Oops mode: 32-bit

CDS archive(s) not mapped
Compressed class space mapped at: 0x0000000100000000-0x0000000140000000, reserved size: 1073741824
Narrow klass base: 0x0000000000000000, Narrow klass shift: 3, Narrow klass range: 0x140000000

GC Precious Log:
 CPUs: 4 total, 4 available
 Memory: 8030M
 Large Page Support: Disabled
 NUMA Support: Disabled
 Compressed Oops: Enabled (32-bit)
 Heap Region Size: 1M
 Heap Min Capacity: 8M
 Heap Initial Capacity: 126M
 Heap Max Capacity: 2G
 Pre-touch: Disabled
 Parallel Workers: 4
 Concurrent Workers: 1
 Concurrent Refinement Workers: 4
 Periodic GC: Disabled

Heap:
 garbage-first heap   total 130048K, used 75126K [0x0000000080000000, 0x0000000100000000)
  region size 1024K, 5 young (5120K), 3 survivors (3072K)
 Metaspace       used 64360K, committed 65024K, reserved 1105920K
  class space    used 9088K, committed 9408K, reserved 1048576K

Heap Regions: E=young(eden), S=young(survivor), O=old, HS=humongous(starts), HC=humongous(continues), CS=collection set, F=free, OA=open archive, CA=closed archive, TAMS=top-at-mark-start (previous, next)
|   0|0x0000000080000000, 0x0000000080100000, 0x0000000080100000|100%| O|  |TAMS 0x0000000080100000, 0x0000000080000000| Untracked 
|   1|0x0000000080100000, 0x0000000080200000, 0x0000000080200000|100%| O|  |TAMS 0x0000000080200000, 0x0000000080100000| Untracked 
|   2|0x0000000080200000, 0x0000000080300000, 0x0000000080300000|100%|HS|  |TAMS 0x0000000080300000, 0x0000000080200000| Complete 
|   3|0x0000000080300000, 0x0000000080400000, 0x0000000080400000|100%|HC|  |TAMS 0x0000000080400000, 0x0000000080300000| Complete 
|   4|0x0000000080400000, 0x0000000080500000, 0x0000000080500000|100%|HC|  |TAMS 0x0000000080500000, 0x0000000080400000| Complete 
|   5|0x0000000080500000, 0x0000000080600000, 0x0000000080600000|100%|HC|  |TAMS 0x0000000080600000, 0x0000000080500000| Complete 
|   6|0x0000000080600000, 0x0000000080700000, 0x0000000080700000|100%| O|  |TAMS 0x0000000080700000, 0x0000000080600000| Untracked 
|   7|0x0000000080700000, 0x0000000080800000, 0x0000000080800000|100%| O|  |TAMS 0x0000000080800000, 0x0000000080700000| Untracked 
|   8|0x0000000080800000, 0x0000000080900000, 0x0000000080900000|100%| O|  |TAMS 0x0000000080900000, 0x0000000080800000| Untracked 
|   9|0x0000000080900000, 0x0000000080a00000, 0x0000000080a00000|100%| O|  |TAMS 0x0000000080a00000, 0x0000000080900000| Untracked 
|  10|0x0000000080a00000, 0x0000000080b00000, 0x0000000080b00000|100%| O|  |TAMS 0x0000000080b00000, 0x0000000080a00000| Untracked 
|  11|0x0000000080b00000, 0x0000000080c00000, 0x0000000080c00000|100%| O|  |TAMS 0x0000000080c00000, 0x0000000080b00000| Untracked 
|  12|0x0000000080c00000, 0x0000000080d00000, 0x0000000080d00000|100%| O|  |TAMS 0x0000000080d00000, 0x0000000080c00000| Untracked 
|  13|0x0000000080d00000, 0x0000000080e00000, 0x0000000080e00000|100%| O|  |TAMS 0x0000000080e00000, 0x0000000080d00000| Untracked 
|  14|0x0000000080e00000, 0x0000000080f00000, 0x0000000080f00000|100%| O|  |TAMS 0x0000000080f00000, 0x0000000080e00000| Untracked 
|  15|0x0000000080f00000, 0x0000000081000000, 0x0000000081000000|100%| O|  |TAMS 0x0000000081000000, 0x0000000080f00000| Untracked 
|  16|0x0000000081000000, 0x0000000081100000, 0x0000000081100000|100%| O|  |TAMS 0x0000000081100000, 0x0000000081000000| Untracked 
|  17|0x0000000081100000, 0x0000000081200000, 0x0000000081200000|100%| O|  |TAMS 0x0000000081200000, 0x0000000081100000| Untracked 
|  18|0x0000000081200000, 0x0000000081300000, 0x0000000081300000|100%| O|  |TAMS 0x0000000081300000, 0x0000000081200000| Untracked 
|  19|0x0000000081300000, 0x0000000081400000, 0x0000000081400000|100%| O|  |TAMS 0x0000000081400000, 0x0000000081300000| Untracked 
|  20|0x0000000081400000, 0x0000000081500000, 0x0000000081500000|100%| O|  |TAMS 0x0000000081500000, 0x0000000081400000| Untracked 
|  21|0x0000000081500000, 0x0000000081600000, 0x0000000081600000|100%|HS|  |TAMS 0x0000000081600000, 0x0000000081500000| Complete 
|  22|0x0000000081600000, 0x0000000081700000, 0x0000000081700000|100%|HC|  |TAMS 0x0000000081700000, 0x0000000081600000| Complete 
|  23|0x0000000081700000, 0x0000000081800000, 0x0000000081800000|100%|HS|  |TAMS 0x0000000081800000, 0x0000000081700000| Complete 
|  24|0x0000000081800000, 0x0000000081900000, 0x0000000081900000|100%|HC|  |TAMS 0x0000000081900000, 0x0000000081800000| Complete 
|  25|0x0000000081900000, 0x0000000081a00000, 0x0000000081a00000|100%|HC|  |TAMS 0x0000000081a00000, 0x0000000081900000| Complete 
|  26|0x0000000081a00000, 0x0000000081b00000, 0x0000000081b00000|100%|HS|  |TAMS 0x0000000081b00000, 0x0000000081a00000| Complete 
|  27|0x0000000081b00000, 0x0000000081c00000, 0x0000000081c00000|100%|HC|  |TAMS 0x0000000081c00000, 0x0000000081b00000| Complete 
|  28|0x0000000081c00000, 0x0000000081d00000, 0x0000000081d00000|100%|HC|  |TAMS 0x0000000081d00000, 0x0000000081c00000| Complete 
|  29|0x0000000081d00000, 0x0000000081e00000, 0x0000000081e00000|100%|HS|  |TAMS 0x0000000081e00000, 0x0000000081d00000| Complete 
|  30|0x0000000081e00000, 0x0000000081f00000, 0x0000000081f00000|100%|HC|  |TAMS 0x0000000081f00000, 0x0000000081e00000| Complete 
|  31|0x0000000081f00000, 0x0000000082000000, 0x0000000082000000|100%|HC|  |TAMS 0x0000000082000000, 0x0000000081f00000| Complete 
|  32|0x0000000082000000, 0x0000000082100000, 0x0000000082100000|100%|HC|  |TAMS 0x0000000082100000, 0x0000000082000000| Complete 
|  33|0x0000000082100000, 0x0000000082200000, 0x0000000082200000|100%|HC|  |TAMS 0x0000000082200000, 0x0000000082100000| Complete 
|  34|0x0000000082200000, 0x0000000082300000, 0x0000000082300000|100%|HC|  |TAMS 0x0000000082300000, 0x0000000082200000| Complete 
|  35|0x0000000082300000, 0x0000000082400000, 0x0000000082400000|100%|HC|  |TAMS 0x0000000082400000, 0x0000000082300000| Complete 
|  36|0x0000000082400000, 0x0000000082500000, 0x0000000082500000|100%|HC|  |TAMS 0x0000000082500000, 0x0000000082400000| Complete 
|  37|0x0000000082500000, 0x0000000082600000, 0x0000000082600000|100%|HC|  |TAMS 0x0000000082600000, 0x0000000082500000| Complete 
|  38|0x0000000082600000, 0x0000000082700000, 0x0000000082700000|100%|HC|  |TAMS 0x0000000082700000, 0x0000000082600000| Complete 
|  39|0x0000000082700000, 0x0000000082800000, 0x0000000082800000|100%|HC|  |TAMS 0x0000000082800000, 0x0000000082700000| Complete 
|  40|0x0000000082800000, 0x0000000082900000, 0x0000000082900000|100%|HC|  |TAMS 0x0000000082900000, 0x0000000082800000| Complete 
|  41|0x0000000082900000, 0x0000000082a00000, 0x0000000082a00000|100%| O|  |TAMS 0x0000000082a00000, 0x0000000082900000| Untracked 
|  42|0x0000000082a00000, 0x0000000082b00000, 0x0000000082b00000|100%| O|  |TAMS 0x0000000082b00000, 0x0000000082a00000| Untracked 
|  43|0x0000000082b00000, 0x0000000082c00000, 0x0000000082c00000|100%| O|  |TAMS 0x0000000082c00000, 0x0000000082b00000| Untracked 
|  44|0x0000000082c00000, 0x0000000082d00000, 0x0000000082d00000|100%| O|  |TAMS 0x0000000082d00000, 0x0000000082c00000| Untracked 
|  45|0x0000000082d00000, 0x0000000082e00000, 0x0000000082e00000|100%|HS|  |TAMS 0x0000000082e00000, 0x0000000082d00000| Complete 
|  46|0x0000000082e00000, 0x0000000082f00000, 0x0000000082f00000|100%|HC|  |TAMS 0x0000000082f00000, 0x0000000082e00000| Complete 
|  47|0x0000000082f00000, 0x0000000083000000, 0x0000000083000000|100%| O|  |TAMS 0x0000000083000000, 0x0000000082f00000| Untracked 
|  48|0x0000000083000000, 0x0000000083100000, 0x0000000083100000|100%| O|  |TAMS 0x0000000083100000, 0x0000000083000000| Untracked 
|  49|0x0000000083100000, 0x0000000083200000, 0x0000000083200000|100%| O|  |TAMS 0x0000000083200000, 0x0000000083100000| Untracked 
|  50|0x0000000083200000, 0x0000000083300000, 0x0000000083300000|100%| O|  |TAMS 0x0000000083300000, 0x0000000083200000| Untracked 
|  51|0x0000000083300000, 0x0000000083400000, 0x0000000083400000|100%| O|  |TAMS 0x0000000083400000, 0x0000000083300000| Untracked 
|  52|0x0000000083400000, 0x0000000083500000, 0x0000000083500000|100%| O|  |TAMS 0x0000000083500000, 0x0000000083400000| Untracked 
|  53|0x0000000083500000, 0x0000000083600000, 0x0000000083600000|100%| O|  |TAMS 0x0000000083600000, 0x0000000083500000| Untracked 
|  54|0x0000000083600000, 0x0000000083700000, 0x0000000083700000|100%| O|  |TAMS 0x0000000083700000, 0x0000000083600000| Untracked 
|  55|0x0000000083700000, 0x0000000083800000, 0x0000000083800000|100%|HS|  |TAMS 0x0000000083800000, 0x0000000083700000| Complete 
|  56|0x0000000083800000, 0x0000000083900000, 0x0000000083900000|100%|HC|  |TAMS 0x0000000083900000, 0x0000000083800000| Complete 
|  57|0x0000000083900000, 0x0000000083a00000, 0x0000000083a00000|100%|HC|  |TAMS 0x0000000083a00000, 0x0000000083900000| Complete 
|  58|0x0000000083a00000, 0x0000000083b00000, 0x0000000083b00000|100%|HS|  |TAMS 0x0000000083b00000, 0x0000000083a00000| Complete 
|  59|0x0000000083b00000, 0x0000000083c00000, 0x0000000083c00000|100%|HC|  |TAMS 0x0000000083c00000, 0x0000000083b00000| Complete 
|  60|0x0000000083c00000, 0x0000000083d00000, 0x0000000083d00000|100%|HC|  |TAMS 0x0000000083d00000, 0x0000000083c00000| Complete 
|  61|0x0000000083d00000, 0x0000000083e00000, 0x0000000083e00000|100%| O|  |TAMS 0x0000000083e00000, 0x0000000083d00000| Untracked 
|  62|0x0000000083e00000, 0x0000000083f00000, 0x0000000083f00000|100%| O|  |TAMS 0x0000000083f00000, 0x0000000083e00000| Untracked 
|  63|0x0000000083f00000, 0x0000000084000000, 0x0000000084000000|100%| O|  |TAMS 0x0000000084000000, 0x0000000083f00000| Untracked 
|  64|0x0000000084000000, 0x0000000084100000, 0x0000000084100000|100%| O|  |TAMS 0x00000000840dc200, 0x0000000084000000| Untracked 
|  65|0x0000000084100000, 0x0000000084200000, 0x0000000084200000|100%| O|  |TAMS 0x0000000084200000, 0x0000000084100000| Untracked 
|  66|0x0000000084200000, 0x0000000084300000, 0x0000000084300000|100%| O|  |TAMS 0x0000000084300000, 0x0000000084200000| Untracked 
|  67|0x0000000084300000, 0x0000000084400000, 0x0000000084400000|100%| O|  |TAMS 0x0000000084300000, 0x0000000084300000| Untracked 
|  68|0x0000000084400000, 0x0000000084500000, 0x0000000084500000|100%| O|  |TAMS 0x0000000084400000, 0x0000000084400000| Untracked 
|  69|0x0000000084500000, 0x0000000084600000, 0x0000000084600000|100%| O|  |TAMS 0x0000000084500000, 0x0000000084500000| Untracked 
|  70|0x0000000084600000, 0x000000008461e600, 0x0000000084700000| 11%| O|  |TAMS 0x0000000084600000, 0x0000000084600000| Untracked 
|  71|0x0000000084700000, 0x0000000084700000, 0x0000000084800000|  0%| F|  |TAMS 0x0000000084700000, 0x0000000084700000| Untracked 
|  72|0x0000000084800000, 0x0000000084800000, 0x0000000084900000|  0%| F|  |TAMS 0x0000000084800000, 0x0000000084800000| Untracked 
|  73|0x0000000084900000, 0x0000000084900000, 0x0000000084a00000|  0%| F|  |TAMS 0x0000000084900000, 0x0000000084900000| Untracked 
|  74|0x0000000084a00000, 0x0000000084a00000, 0x0000000084b00000|  0%| F|  |TAMS 0x0000000084a00000, 0x0000000084a00000| Untracked 
|  75|0x0000000084b00000, 0x0000000084b00000, 0x0000000084c00000|  0%| F|  |TAMS 0x0000000084b00000, 0x0000000084b00000| Untracked 
|  76|0x0000000084c00000, 0x0000000084c00000, 0x0000000084d00000|  0%| F|  |TAMS 0x0000000084c00000, 0x0000000084c00000| Untracked 
|  77|0x0000000084d00000, 0x0000000084d00000, 0x0000000084e00000|  0%| F|  |TAMS 0x0000000084d00000, 0x0000000084d00000| Untracked 
|  78|0x0000000084e00000, 0x0000000084e00000, 0x0000000084f00000|  0%| F|  |TAMS 0x0000000084e00000, 0x0000000084e00000| Untracked 
|  79|0x0000000084f00000, 0x0000000084f00000, 0x0000000085000000|  0%| F|  |TAMS 0x0000000084f00000, 0x0000000084f00000| Untracked 
|  80|0x0000000085000000, 0x0000000085000000, 0x0000000085100000|  0%| F|  |TAMS 0x0000000085000000, 0x0000000085000000| Untracked 
|  81|0x0000000085100000, 0x0000000085100000, 0x0000000085200000|  0%| F|  |TAMS 0x0000000085100000, 0x0000000085100000| Untracked 
|  82|0x0000000085200000, 0x0000000085200000, 0x0000000085300000|  0%| F|  |TAMS 0x0000000085200000, 0x0000000085200000| Untracked 
|  83|0x0000000085300000, 0x0000000085300000, 0x0000000085400000|  0%| F|  |TAMS 0x0000000085300000, 0x0000000085300000| Untracked 
|  84|0x0000000085400000, 0x0000000085400000, 0x0000000085500000|  0%| F|  |TAMS 0x0000000085400000, 0x0000000085400000| Untracked 
|  85|0x0000000085500000, 0x0000000085500000, 0x0000000085600000|  0%| F|  |TAMS 0x0000000085500000, 0x0000000085500000| Untracked 
|  86|0x0000000085600000, 0x0000000085600000, 0x0000000085700000|  0%| F|  |TAMS 0x0000000085600000, 0x0000000085600000| Untracked 
|  87|0x0000000085700000, 0x0000000085700000, 0x0000000085800000|  0%| F|  |TAMS 0x0000000085700000, 0x0000000085700000| Untracked 
|  88|0x0000000085800000, 0x0000000085800000, 0x0000000085900000|  0%| F|  |TAMS 0x0000000085800000, 0x0000000085800000| Untracked 
|  89|0x0000000085900000, 0x0000000085900000, 0x0000000085a00000|  0%| F|  |TAMS 0x0000000085900000, 0x0000000085900000| Untracked 
|  90|0x0000000085a00000, 0x0000000085a00000, 0x0000000085b00000|  0%| F|  |TAMS 0x0000000085a00000, 0x0000000085a00000| Untracked 
|  91|0x0000000085b00000, 0x0000000085b00000, 0x0000000085c00000|  0%| F|  |TAMS 0x0000000085b00000, 0x0000000085b00000| Untracked 
|  92|0x0000000085c00000, 0x0000000085c00000, 0x0000000085d00000|  0%| F|  |TAMS 0x0000000085c00000, 0x0000000085c00000| Untracked 
|  93|0x0000000085d00000, 0x0000000085d00000, 0x0000000085e00000|  0%| F|  |TAMS 0x0000000085d00000, 0x0000000085d00000| Untracked 
|  94|0x0000000085e00000, 0x0000000085e00000, 0x0000000085f00000|  0%| F|  |TAMS 0x0000000085e00000, 0x0000000085e00000| Untracked 
|  95|0x0000000085f00000, 0x0000000085f00000, 0x0000000086000000|  0%| F|  |TAMS 0x0000000085f00000, 0x0000000085f00000| Untracked 
|  96|0x0000000086000000, 0x0000000086000000, 0x0000000086100000|  0%| F|  |TAMS 0x0000000086000000, 0x0000000086000000| Untracked 
|  97|0x0000000086100000, 0x0000000086100000, 0x0000000086200000|  0%| F|  |TAMS 0x0000000086100000, 0x0000000086100000| Untracked 
|  98|0x0000000086200000, 0x000000008623f390, 0x0000000086300000| 24%| S|CS|TAMS 0x0000000086200000, 0x0000000086200000| Complete 
|  99|0x0000000086300000, 0x0000000086400000, 0x0000000086400000|100%| S|CS|TAMS 0x0000000086300000, 0x0000000086300000| Complete 
| 100|0x0000000086400000, 0x0000000086500000, 0x0000000086500000|100%| S|CS|TAMS 0x0000000086400000, 0x0000000086400000| Complete 
| 101|0x0000000086500000, 0x0000000086500000, 0x0000000086600000|  0%| F|  |TAMS 0x0000000086500000, 0x0000000086500000| Untracked 
| 102|0x0000000086600000, 0x0000000086600000, 0x0000000086700000|  0%| F|  |TAMS 0x0000000086600000, 0x0000000086600000| Untracked 
| 103|0x0000000086700000, 0x0000000086700000, 0x0000000086800000|  0%| F|  |TAMS 0x0000000086700000, 0x0000000086700000| Untracked 
| 104|0x0000000086800000, 0x0000000086800000, 0x0000000086900000|  0%| F|  |TAMS 0x0000000086800000, 0x0000000086800000| Untracked 
| 105|0x0000000086900000, 0x0000000086900000, 0x0000000086a00000|  0%| F|  |TAMS 0x0000000086900000, 0x0000000086900000| Untracked 
| 106|0x0000000086a00000, 0x0000000086a00000, 0x0000000086b00000|  0%| F|  |TAMS 0x0000000086a00000, 0x0000000086a00000| Untracked 
| 107|0x0000000086b00000, 0x0000000086b00000, 0x0000000086c00000|  0%| F|  |TAMS 0x0000000086b00000, 0x0000000086b00000| Untracked 
| 108|0x0000000086c00000, 0x0000000086c00000, 0x0000000086d00000|  0%| F|  |TAMS 0x0000000086c00000, 0x0000000086c00000| Untracked 
| 109|0x0000000086d00000, 0x0000000086d00000, 0x0000000086e00000|  0%| F|  |TAMS 0x0000000086d00000, 0x0000000086d00000| Untracked 
| 110|0x0000000086e00000, 0x0000000086e00000, 0x0000000086f00000|  0%| F|  |TAMS 0x0000000086e00000, 0x0000000086e00000| Untracked 
| 111|0x0000000086f00000, 0x0000000086f00000, 0x0000000087000000|  0%| F|  |TAMS 0x0000000086f00000, 0x0000000086f00000| Untracked 
| 112|0x0000000087000000, 0x0000000087000000, 0x0000000087100000|  0%| F|  |TAMS 0x0000000087000000, 0x0000000087000000| Untracked 
| 113|0x0000000087100000, 0x0000000087100000, 0x0000000087200000|  0%| F|  |TAMS 0x0000000087100000, 0x0000000087100000| Untracked 
| 114|0x0000000087200000, 0x0000000087200000, 0x0000000087300000|  0%| F|  |TAMS 0x0000000087200000, 0x0000000087200000| Untracked 
| 115|0x0000000087300000, 0x0000000087300000, 0x0000000087400000|  0%| F|  |TAMS 0x0000000087300000, 0x0000000087300000| Untracked 
| 116|0x0000000087400000, 0x0000000087400000, 0x0000000087500000|  0%| F|  |TAMS 0x0000000087400000, 0x0000000087400000| Untracked 
| 117|0x0000000087500000, 0x0000000087500000, 0x0000000087600000|  0%| F|  |TAMS 0x0000000087500000, 0x0000000087500000| Untracked 
| 118|0x0000000087600000, 0x0000000087600000, 0x0000000087700000|  0%| F|  |TAMS 0x0000000087600000, 0x0000000087600000| Untracked 
| 119|0x0000000087700000, 0x0000000087700000, 0x0000000087800000|  0%| F|  |TAMS 0x0000000087700000, 0x0000000087700000| Untracked 
| 120|0x0000000087800000, 0x0000000087800000, 0x0000000087900000|  0%| F|  |TAMS 0x0000000087800000, 0x0000000087800000| Untracked 
| 121|0x0000000087900000, 0x0000000087900000, 0x0000000087a00000|  0%| F|  |TAMS 0x0000000087900000, 0x0000000087900000| Untracked 
| 122|0x0000000087a00000, 0x0000000087a00000, 0x0000000087b00000|  0%| F|  |TAMS 0x0000000087a00000, 0x0000000087a00000| Untracked 
| 123|0x0000000087b00000, 0x0000000087b00000, 0x0000000087c00000|  0%| F|  |TAMS 0x0000000087b00000, 0x0000000087b00000| Untracked 
| 124|0x0000000087c00000, 0x0000000087c00000, 0x0000000087d00000|  0%| F|  |TAMS 0x0000000087c00000, 0x0000000087c00000| Untracked 
| 125|0x0000000087d00000, 0x0000000087e00000, 0x0000000087e00000|100%| E|  |TAMS 0x0000000087d00000, 0x0000000087d00000| Complete 
| 126|0x0000000087e00000, 0x0000000087f00000, 0x0000000087f00000|100%| E|CS|TAMS 0x0000000087e00000, 0x0000000087e00000| Complete 

Card table byte_map: [0x0000012ce7f90000,0x0000012ce8390000] _byte_map_base: 0x0000012ce7b90000

Marking Bits (Prev, Next): (CMBitMap*) 0x0000012cd3913bc0, (CMBitMap*) 0x0000012cd3913b80
 Prev Bits: [0x0000012cea790000, 0x0000012cec790000)
 Next Bits: [0x0000012ce8790000, 0x0000012cea790000)

Polling page: 0x0000012cd36a0000

Metaspace:

Usage:
  Non-class:     54.02 MB used.
      Class:      8.88 MB used.
       Both:     62.91 MB used.

Virtual space:
  Non-class space:       56.00 MB reserved,      54.38 MB ( 97%) committed,  7 nodes.
      Class space:        1.00 GB reserved,       9.19 MB ( <1%) committed,  1 nodes.
             Both:        1.05 GB reserved,      63.56 MB (  6%) committed. 

Chunk freelists:
   Non-Class:  784.00 KB
       Class:  2.72 MB
        Both:  3.49 MB

MaxMetaspaceSize: unlimited
CompressedClassSpaceSize: 1.00 GB
Initial GC threshold: 21.00 MB
Current GC threshold: 99.94 MB
CDS: off
MetaspaceReclaimPolicy: balanced
 - commit_granule_bytes: 65536.
 - commit_granule_words: 8192.
 - virtual_space_node_default_size: 1048576.
 - enlarge_chunks_in_place: 1.
 - new_chunks_are_fully_committed: 0.
 - uncommit_free_chunks: 1.
 - use_allocation_guard: 0.
 - handle_deallocations: 1.


Internal statistics:

num_allocs_failed_limit: 6.
num_arena_births: 742.
num_arena_deaths: 0.
num_vsnodes_births: 8.
num_vsnodes_deaths: 0.
num_space_committed: 1017.
num_space_uncommitted: 0.
num_chunks_returned_to_freelist: 6.
num_chunks_taken_from_freelist: 2901.
num_chunk_merges: 6.
num_chunk_splits: 1992.
num_chunks_enlarged: 1407.
num_purges: 0.
num_inconsistent_stats: 0.

CodeHeap 'non-profiled nmethods': size=120000Kb used=2335Kb max_used=3065Kb free=117664Kb
 bounds [0x0000012ce0040000, 0x0000012ce0340000, 0x0000012ce7570000]
CodeHeap 'profiled nmethods': size=120000Kb used=8726Kb max_used=10502Kb free=111274Kb
 bounds [0x0000012cd8570000, 0x0000012cd8fc0000, 0x0000012cdfaa0000]
CodeHeap 'non-nmethods': size=5760Kb used=2337Kb max_used=2364Kb free=3423Kb
 bounds [0x0000012cdfaa0000, 0x0000012cdfd10000, 0x0000012ce0040000]
 total_blobs=5345 nmethods=4483 adapters=774
 compilation: enabled
              stopped_count=0, restarted_count=0
 full_count=0

Compilation events (20 events):
Event: 21.875 Thread 0x0000012cef872710 nmethod 5254 0x0000012cd8878990 code [0x0000012cd8878b60, 0x0000012cd8879028]
Event: 21.877 Thread 0x0000012cef872710 5255       3       sun.misc.Unsafe::compareAndSwapObject (13 bytes)
Event: 21.877 Thread 0x0000012cef872710 nmethod 5255 0x0000012cd8a16510 code [0x0000012cd8a166a0, 0x0000012cd8a16818]
Event: 21.878 Thread 0x0000012cef872710 5256   !   3       org.jetbrains.kotlin.com.intellij.util.containers.ConcurrentIntObjectHashMap::tabAt (33 bytes)
Event: 21.880 Thread 0x0000012cef872710 nmethod 5256 0x0000012cd85c8210 code [0x0000012cd85c8440, 0x0000012cd85c9228]
Event: 21.880 Thread 0x0000012cef872710 5257       3       java.lang.invoke.LambdaForm$MH/0x0000000100799000::invokeExact_MT (25 bytes)
Event: 21.881 Thread 0x0000012cef872710 nmethod 5257 0x0000012cd8a75c90 code [0x0000012cd8a75ea0, 0x0000012cd8a76598]
Event: 21.881 Thread 0x0000012cef872710 5258       3       java.lang.invoke.DirectMethodHandle$Holder::invokeSpecial (18 bytes)
Event: 21.881 Thread 0x0000012cef872710 nmethod 5258 0x0000012cd8a39190 code [0x0000012cd8a39360, 0x0000012cd8a39778]
Event: 21.887 Thread 0x0000012cef872710 5259       3       java.util.regex.Pattern::compile (10 bytes)
Event: 21.887 Thread 0x0000012cef872710 nmethod 5259 0x0000012cd87c7910 code [0x0000012cd87c7ac0, 0x0000012cd87c7c48]
Event: 21.932 Thread 0x0000012ceee15880 5260       4       java.util.regex.Pattern::compile (500 bytes)
Event: 21.946 Thread 0x0000012cef872710 5261       3       java.lang.invoke.MethodHandle::bindArgumentL (10 bytes)
Event: 21.947 Thread 0x0000012cef872710 nmethod 5261 0x0000012cd8b41f10 code [0x0000012cd8b42100, 0x0000012cd8b42768]
Event: 21.989 Thread 0x0000012cef872710 5262       3       java.security.ProtectionDomain$Key::<init> (5 bytes)
Event: 21.989 Thread 0x0000012cef872710 nmethod 5262 0x0000012cd8a1b510 code [0x0000012cd8a1b6a0, 0x0000012cd8a1b7f8]
Event: 21.996 Thread 0x0000012cef872710 5263       1       org.jetbrains.kotlin.com.intellij.openapi.util.Key::hashCode (5 bytes)
Event: 21.996 Thread 0x0000012cef872710 nmethod 5263 0x0000012ce0213710 code [0x0000012ce02138a0, 0x0000012ce0213978]
Event: 22.242 Thread 0x0000012ceee15880 nmethod 5260 0x0000012ce022d390 code [0x0000012ce022d700, 0x0000012ce0230ab0]
Event: 22.242 Thread 0x0000012ceee15880 5264   !   4       java.net.URL::<init> (543 bytes)

GC Heap History (20 events):
Event: 10.689 GC heap after
{Heap after GC invocations=9 (full 0):
 garbage-first heap   total 121856K, used 50373K [0x0000000080000000, 0x0000000100000000)
  region size 1024K, 4 young (4096K), 4 survivors (4096K)
 Metaspace       used 35625K, committed 35968K, reserved 1081344K
  class space    used 4942K, committed 5120K, reserved 1048576K
}
Event: 13.263 GC heap before
{Heap before GC invocations=10 (full 0):
 garbage-first heap   total 121856K, used 91333K [0x0000000080000000, 0x0000000100000000)
  region size 1024K, 45 young (46080K), 4 survivors (4096K)
 Metaspace       used 42096K, committed 42496K, reserved 1089536K
  class space    used 5610K, committed 5824K, reserved 1048576K
}
Event: 13.281 GC heap after
{Heap after GC invocations=11 (full 0):
 garbage-first heap   total 121856K, used 56187K [0x0000000080000000, 0x0000000100000000)
  region size 1024K, 6 young (6144K), 6 survivors (6144K)
 Metaspace       used 42096K, committed 42496K, reserved 1089536K
  class space    used 5610K, committed 5824K, reserved 1048576K
}
Event: 13.340 GC heap before
{Heap before GC invocations=11 (full 0):
 garbage-first heap   total 121856K, used 57211K [0x0000000080000000, 0x0000000100000000)
  region size 1024K, 7 young (7168K), 6 survivors (6144K)
 Metaspace       used 42159K, committed 42560K, reserved 1089536K
  class space    used 5610K, committed 5824K, reserved 1048576K
}
Event: 13.350 GC heap after
{Heap after GC invocations=12 (full 0):
 garbage-first heap   total 121856K, used 55427K [0x0000000080000000, 0x0000000100000000)
  region size 1024K, 1 young (1024K), 1 survivors (1024K)
 Metaspace       used 42159K, committed 42560K, reserved 1089536K
  class space    used 5610K, committed 5824K, reserved 1048576K
}
Event: 13.374 GC heap before
{Heap before GC invocations=12 (full 0):
 garbage-first heap   total 121856K, used 55427K [0x0000000080000000, 0x0000000100000000)
  region size 1024K, 3 young (3072K), 1 survivors (1024K)
 Metaspace       used 42234K, committed 42688K, reserved 1089536K
  class space    used 5618K, committed 5824K, reserved 1048576K
}
Event: 13.377 GC heap after
{Heap after GC invocations=13 (full 0):
 garbage-first heap   total 121856K, used 55556K [0x0000000080000000, 0x0000000100000000)
  region size 1024K, 1 young (1024K), 1 survivors (1024K)
 Metaspace       used 42234K, committed 42688K, reserved 1089536K
  class space    used 5618K, committed 5824K, reserved 1048576K
}
Event: 16.756 GC heap before
{Heap before GC invocations=14 (full 0):
 garbage-first heap   total 121856K, used 89348K [0x0000000080000000, 0x0000000100000000)
  region size 1024K, 33 young (33792K), 1 survivors (1024K)
 Metaspace       used 46712K, committed 47168K, reserved 1097728K
  class space    used 6195K, committed 6400K, reserved 1048576K
}
Event: 16.767 GC heap after
{Heap after GC invocations=15 (full 0):
 garbage-first heap   total 121856K, used 58798K [0x0000000080000000, 0x0000000100000000)
  region size 1024K, 4 young (4096K), 4 survivors (4096K)
 Metaspace       used 46712K, committed 47168K, reserved 1097728K
  class space    used 6195K, committed 6400K, reserved 1048576K
}
Event: 17.223 GC heap before
{Heap before GC invocations=16 (full 0):
 garbage-first heap   total 121856K, used 75182K [0x0000000080000000, 0x0000000100000000)
  region size 1024K, 15 young (15360K), 4 survivors (4096K)
 Metaspace       used 47422K, committed 47872K, reserved 1097728K
  class space    used 6277K, committed 6464K, reserved 1048576K
}
Event: 17.233 GC heap after
{Heap after GC invocations=17 (full 0):
 garbage-first heap   total 121856K, used 67259K [0x0000000080000000, 0x0000000100000000)
  region size 1024K, 3 young (3072K), 3 survivors (3072K)
 Metaspace       used 47422K, committed 47872K, reserved 1097728K
  class space    used 6277K, committed 6464K, reserved 1048576K
}
Event: 18.270 GC heap before
{Heap before GC invocations=18 (full 0):
 garbage-first heap   total 121856K, used 91835K [0x0000000080000000, 0x0000000100000000)
  region size 1024K, 26 young (26624K), 3 survivors (3072K)
 Metaspace       used 49733K, committed 50240K, reserved 1097728K
  class space    used 6510K, committed 6720K, reserved 1048576K
}
Event: 18.282 GC heap after
{Heap after GC invocations=19 (full 0):
 garbage-first heap   total 121856K, used 68618K [0x0000000080000000, 0x0000000100000000)
  region size 1024K, 2 young (2048K), 2 survivors (2048K)
 Metaspace       used 49733K, committed 50240K, reserved 1097728K
  class space    used 6510K, committed 6720K, reserved 1048576K
}
Event: 19.419 GC heap before
{Heap before GC invocations=19 (full 0):
 garbage-first heap   total 121856K, used 92170K [0x0000000080000000, 0x0000000100000000)
  region size 1024K, 26 young (26624K), 2 survivors (2048K)
 Metaspace       used 52422K, committed 53056K, reserved 1097728K
  class space    used 6993K, committed 7296K, reserved 1048576K
}
Event: 19.432 GC heap after
{Heap after GC invocations=20 (full 0):
 garbage-first heap   total 121856K, used 70427K [0x0000000080000000, 0x0000000100000000)
  region size 1024K, 4 young (4096K), 4 survivors (4096K)
 Metaspace       used 52422K, committed 53056K, reserved 1097728K
  class space    used 6993K, committed 7296K, reserved 1048576K
}
Event: 20.437 GC heap before
{Heap before GC invocations=21 (full 0):
 garbage-first heap   total 124928K, used 93979K [0x0000000080000000, 0x0000000100000000)
  region size 1024K, 28 young (28672K), 4 survivors (4096K)
 Metaspace       used 56189K, committed 56832K, reserved 1105920K
  class space    used 7622K, committed 7936K, reserved 1048576K
}
Event: 20.450 GC heap after
{Heap after GC invocations=22 (full 0):
 garbage-first heap   total 124928K, used 71966K [0x0000000080000000, 0x0000000100000000)
  region size 1024K, 4 young (4096K), 4 survivors (4096K)
 Metaspace       used 56189K, committed 56832K, reserved 1105920K
  class space    used 7622K, committed 7936K, reserved 1048576K
}
Event: 21.220 GC heap before
{Heap before GC invocations=22 (full 0):
 garbage-first heap   total 124928K, used 97566K [0x0000000080000000, 0x0000000100000000)
  region size 1024K, 30 young (30720K), 4 survivors (4096K)
 Metaspace       used 60494K, committed 61120K, reserved 1105920K
  class space    used 8573K, committed 8896K, reserved 1048576K
}
Event: 21.231 GC heap after
{Heap after GC invocations=23 (full 0):
 garbage-first heap   total 124928K, used 73197K [0x0000000080000000, 0x0000000100000000)
  region size 1024K, 3 young (3072K), 3 survivors (3072K)
 Metaspace       used 60494K, committed 61120K, reserved 1105920K
  class space    used 8573K, committed 8896K, reserved 1048576K
}
Event: 22.312 GC heap before
{Heap before GC invocations=24 (full 0):
 garbage-first heap   total 130048K, used 99821K [0x0000000080000000, 0x0000000100000000)
  region size 1024K, 29 young (29696K), 3 survivors (3072K)
 Metaspace       used 64132K, committed 64768K, reserved 1105920K
  class space    used 9055K, committed 9344K, reserved 1048576K
}

Dll operation events (2 events):
Event: 0.355 Loaded shared library C:\Program Files\Android\Android Studio\jbr\bin\java.dll
Event: 2.248 Loaded shared library C:\Program Files\Android\Android Studio\jbr\bin\verify.dll

Deoptimization events (20 events):
Event: 21.278 Thread 0x0000012cf11fee90 Uncommon trap: trap_request=0xffffff45 fr.pc=0x0000012ce0229c94 relative=0x00000000000001f4
Event: 21.278 Thread 0x0000012cf11fee90 Uncommon trap: reason=unstable_if action=reinterpret pc=0x0000012ce0229c94 method=kotlin.reflect.jvm.internal.impl.protobuf.CodedInputStream.readRawVarint32()I @ 69 c2
Event: 21.279 Thread 0x0000012cf11fee90 DEOPT PACKING pc=0x0000012ce0229c94 sp=0x00000017ad4f1080
Event: 21.279 Thread 0x0000012cf11fee90 DEOPT UNPACKING pc=0x0000012cdfaf69a3 sp=0x00000017ad4f1008 mode 2
Event: 21.565 Thread 0x0000012cf11fee90 Uncommon trap: trap_request=0xffffffde fr.pc=0x0000012ce010a0b4 relative=0x0000000000000454
Event: 21.565 Thread 0x0000012cf11fee90 Uncommon trap: reason=class_check action=maybe_recompile pc=0x0000012ce010a0b4 method=kotlin.reflect.jvm.internal.impl.protobuf.CodedInputStream.tryRefillBuffer(I)Z @ 175 c2
Event: 21.566 Thread 0x0000012cf11fee90 DEOPT PACKING pc=0x0000012ce010a0b4 sp=0x00000017ad4f4ac0
Event: 21.566 Thread 0x0000012cf11fee90 DEOPT UNPACKING pc=0x0000012cdfaf69a3 sp=0x00000017ad4f49a8 mode 2
Event: 21.570 Thread 0x0000012cf11fee90 Uncommon trap: trap_request=0xffffffde fr.pc=0x0000012ce010a0b4 relative=0x0000000000000454
Event: 21.570 Thread 0x0000012cf11fee90 Uncommon trap: reason=class_check action=maybe_recompile pc=0x0000012ce010a0b4 method=kotlin.reflect.jvm.internal.impl.protobuf.CodedInputStream.tryRefillBuffer(I)Z @ 175 c2
Event: 21.570 Thread 0x0000012cf11fee90 DEOPT PACKING pc=0x0000012ce010a0b4 sp=0x00000017ad4f4ac0
Event: 21.570 Thread 0x0000012cf11fee90 DEOPT UNPACKING pc=0x0000012cdfaf69a3 sp=0x00000017ad4f49a8 mode 2
Event: 21.571 Thread 0x0000012cf11fee90 Uncommon trap: trap_request=0xffffffde fr.pc=0x0000012ce010a0b4 relative=0x0000000000000454
Event: 21.571 Thread 0x0000012cf11fee90 Uncommon trap: reason=class_check action=maybe_recompile pc=0x0000012ce010a0b4 method=kotlin.reflect.jvm.internal.impl.protobuf.CodedInputStream.tryRefillBuffer(I)Z @ 175 c2
Event: 21.571 Thread 0x0000012cf11fee90 DEOPT PACKING pc=0x0000012ce010a0b4 sp=0x00000017ad4f4bc0
Event: 21.571 Thread 0x0000012cf11fee90 DEOPT UNPACKING pc=0x0000012cdfaf69a3 sp=0x00000017ad4f4aa8 mode 2
Event: 21.574 Thread 0x0000012cf11fee90 Uncommon trap: trap_request=0xffffffde fr.pc=0x0000012ce010a0b4 relative=0x0000000000000454
Event: 21.574 Thread 0x0000012cf11fee90 Uncommon trap: reason=class_check action=maybe_recompile pc=0x0000012ce010a0b4 method=kotlin.reflect.jvm.internal.impl.protobuf.CodedInputStream.tryRefillBuffer(I)Z @ 175 c2
Event: 21.574 Thread 0x0000012cf11fee90 DEOPT PACKING pc=0x0000012ce010a0b4 sp=0x00000017ad4f4bc0
Event: 21.574 Thread 0x0000012cf11fee90 DEOPT UNPACKING pc=0x0000012cdfaf69a3 sp=0x00000017ad4f4aa8 mode 2

Classes unloaded (0 events):
No events

Classes redefined (0 events):
No events

Internal exceptions (20 events):
Event: 19.069 Thread 0x0000012cf11fee90 Exception <a 'java/lang/ClassNotFoundException'{0x00000000866f8a50}: org/jetbrains/plugins/gradle/model/web/WebConfigurationCustomizer> (0x00000000866f8a50) 
thrown [s\src\hotspot\share\classfile\systemDictionary.cpp, line 256]
Event: 19.076 Thread 0x0000012cf11fee90 Exception <a 'java/lang/ClassNotFoundException'{0x0000000086517710}: org/jetbrains/plugins/gradle/model/scala/ScalaModelBeanInfo> (0x0000000086517710) 
thrown [s\src\hotspot\share\classfile\systemDictionary.cpp, line 256]
Event: 19.079 Thread 0x0000012cf11fee90 Exception <a 'java/lang/ClassNotFoundException'{0x000000008651fa18}: org/jetbrains/plugins/gradle/model/scala/ScalaModelCustomizer> (0x000000008651fa18) 
thrown [s\src\hotspot\share\classfile\systemDictionary.cpp, line 256]
Event: 19.090 Thread 0x0000012cf11fee90 Exception <a 'java/lang/ClassNotFoundException'{0x0000000086550120}: org/jetbrains/plugins/gradle/model/DependencyAccessorsModelBeanInfo> (0x0000000086550120) 
thrown [s\src\hotspot\share\classfile\systemDictionary.cpp, line 256]
Event: 19.092 Thread 0x0000012cf11fee90 Exception <a 'java/lang/ClassNotFoundException'{0x00000000865584d0}: org/jetbrains/plugins/gradle/model/DependencyAccessorsModelCustomizer> (0x00000000865584d0) 
thrown [s\src\hotspot\share\classfile\systemDictionary.cpp, line 256]
Event: 19.448 Thread 0x0000012cf11fee90 Exception <a 'java/lang/ClassNotFoundException'{0x0000000087d82f98}: org/gradle/api/internal/project/DefaultProject_DecoratedBeanInfo> (0x0000000087d82f98) 
thrown [s\src\hotspot\share\classfile\systemDictionary.cpp, line 256]
Event: 19.451 Thread 0x0000012cf11fee90 Exception <a 'java/lang/ClassNotFoundException'{0x0000000087d8faf0}: org/gradle/api/internal/project/DefaultProjectBeanInfo> (0x0000000087d8faf0) 
thrown [s\src\hotspot\share\classfile\systemDictionary.cpp, line 256]
Event: 19.452 Thread 0x0000012cf11fee90 Exception <a 'java/lang/ClassNotFoundException'{0x0000000087d9c650}: org/gradle/api/internal/project/DefaultProjectCustomizer> (0x0000000087d9c650) 
thrown [s\src\hotspot\share\classfile\systemDictionary.cpp, line 256]
Event: 19.473 Thread 0x0000012cf11fee90 Exception <a 'java/lang/ClassNotFoundException'{0x0000000087545ef8}: org/gradle/api/internal/project/DefaultProject_DecoratedCustomizer> (0x0000000087545ef8) 
thrown [s\src\hotspot\share\classfile\systemDictionary.cpp, line 256]
Event: 20.078 Thread 0x0000012cf11fee90 Exception <a 'java/lang/NoSuchMethodError'{0x0000000086bb9130}: 'void java.lang.invoke.DirectMethodHandle$Holder.invokeVirtual(java.lang.Object, java.lang.Object)'> (0x0000000086bb9130) 
thrown [s\src\hotspot\share\interpreter\linkResolver.cpp, line 771]
Event: 20.163 Thread 0x0000012cf11fee90 Exception <a 'java/lang/NoSuchMethodError'{0x00000000869a86e0}: 'java.lang.Object java.lang.invoke.DirectMethodHandle$Holder.invokeStaticInit(java.lang.Object, int)'> (0x00000000869a86e0) 
thrown [s\src\hotspot\share\interpreter\linkResolver.cpp, line 771]
Event: 20.199 Thread 0x0000012cf11fee90 Exception <a 'java/lang/NoSuchMethodError'{0x00000000868ce998}: 'int java.lang.invoke.DelegatingMethodHandle$Holder.reinvoke_L(java.lang.Object, java.lang.Object, java.lang.Object, long, int, int)'> (0x00000000868ce998) 
thrown [s\src\hotspot\share\interpreter\linkResolver.cpp, line 771]
Event: 20.205 Thread 0x0000012cf11fee90 Exception <a 'java/lang/NoSuchMethodError'{0x00000000868de810}: 'int java.lang.invoke.DelegatingMethodHandle$Holder.reinvoke_L(java.lang.Object, java.lang.Object, java.lang.Object, long, long, long)'> (0x00000000868de810) 
thrown [s\src\hotspot\share\interpreter\linkResolver.cpp, line 771]
Event: 20.210 Thread 0x0000012cf11fee90 Exception <a 'java/lang/NoSuchMethodError'{0x00000000868ee990}: 'int java.lang.invoke.DelegatingMethodHandle$Holder.reinvoke_L(java.lang.Object, java.lang.Object, java.lang.Object, long, java.lang.Object, java.lang.Object)'> (0x00000000868ee990) 
thrown [s\src\hotspot\share\interpreter\linkResolver.cpp, line 771]
Event: 20.214 Thread 0x0000012cf11fee90 Exception <a 'java/lang/NoSuchMethodError'{0x00000000868fe958}: 'void java.lang.invoke.DelegatingMethodHandle$Holder.reinvoke_L(java.lang.Object, java.lang.Object, java.lang.Object, long, java.lang.Object)'> (0x00000000868fe958) 
thrown [s\src\hotspot\share\interpreter\linkResolver.cpp, line 771]
Event: 20.216 Thread 0x0000012cf11fee90 Exception <a 'java/lang/NoSuchMethodError'{0x0000000086707788}: 'java.lang.Object java.lang.invoke.DirectMethodHandle$Holder.invokeSpecial(java.lang.Object, java.lang.Object, java.lang.Object, java.lang.Object, long)'> (0x0000000086707788) 
thrown [s\src\hotspot\share\interpreter\linkResolver.cpp, line 771]
Event: 20.226 Thread 0x0000012cf11fee90 Exception <a 'java/lang/NoSuchMethodError'{0x000000008672c3d0}: 'long java.lang.invoke.Invokers$Holder.invoke_MT(java.lang.Object, java.lang.Object, java.lang.Object, java.lang.Object)'> (0x000000008672c3d0) 
thrown [s\src\hotspot\share\interpreter\linkResolver.cpp, line 771]
Event: 20.231 Thread 0x0000012cf11fee90 Exception <a 'java/lang/NoSuchMethodError'{0x0000000086735778}: 'int java.lang.invoke.Invokers$Holder.invoke_MT(java.lang.Object, java.lang.Object, java.lang.Object, java.lang.Object)'> (0x0000000086735778) 
thrown [s\src\hotspot\share\interpreter\linkResolver.cpp, line 771]
Event: 20.239 Thread 0x0000012cf11fee90 Exception <a 'java/lang/NoSuchMethodError'{0x0000000086746a68}: 'int java.lang.invoke.DelegatingMethodHandle$Holder.reinvoke_L(java.lang.Object, java.lang.Object, java.lang.Object, long, int)'> (0x0000000086746a68) 
thrown [s\src\hotspot\share\interpreter\linkResolver.cpp, line 771]
Event: 20.243 Thread 0x0000012cf11fee90 Exception <a 'java/lang/NoSuchMethodError'{0x0000000086759f08}: 'java.lang.Object java.lang.invoke.Invokers$Holder.invokeExact_MT(java.lang.Object, java.lang.Object, long, java.lang.Object)'> (0x0000000086759f08) 
thrown [s\src\hotspot\share\interpreter\linkResolver.cpp, line 771]

VM Operations (20 events):
Event: 20.144 Executing VM operation: HandshakeAllThreads done
Event: 20.144 Executing VM operation: HandshakeAllThreads
Event: 20.144 Executing VM operation: HandshakeAllThreads done
Event: 20.202 Executing VM operation: HandshakeAllThreads
Event: 20.203 Executing VM operation: HandshakeAllThreads done
Event: 20.222 Executing VM operation: HandshakeAllThreads
Event: 20.223 Executing VM operation: HandshakeAllThreads done
Event: 20.323 Executing VM operation: HandshakeAllThreads
Event: 20.323 Executing VM operation: HandshakeAllThreads done
Event: 20.326 Executing VM operation: HandshakeAllThreads
Event: 20.326 Executing VM operation: HandshakeAllThreads done
Event: 20.437 Executing VM operation: G1CollectForAllocation
Event: 20.450 Executing VM operation: G1CollectForAllocation done
Event: 21.220 Executing VM operation: G1CollectForAllocation
Event: 21.232 Executing VM operation: G1CollectForAllocation done
Event: 21.342 Executing VM operation: G1Concurrent
Event: 21.348 Executing VM operation: G1Concurrent done
Event: 21.410 Executing VM operation: G1Concurrent
Event: 21.412 Executing VM operation: G1Concurrent done
Event: 22.312 Executing VM operation: G1CollectForAllocation

Events (20 events):
Event: 20.235 Thread 0x0000012cef8753d0 flushing nmethod 0x0000012cd8e61a10
Event: 20.235 Thread 0x0000012cef8753d0 flushing nmethod 0x0000012cd8e8c590
Event: 20.235 Thread 0x0000012cef8753d0 flushing nmethod 0x0000012cd8eb9b10
Event: 20.236 Thread 0x0000012cef8753d0 flushing nmethod 0x0000012cd8f41a90
Event: 20.236 Thread 0x0000012cef8753d0 flushing nmethod 0x0000012cd8f50a90
Event: 20.236 Thread 0x0000012cef8753d0 flushing nmethod 0x0000012cd8f5b490
Event: 20.236 Thread 0x0000012cef8753d0 flushing nmethod 0x0000012cd8f95510
Event: 20.351 Thread 0x0000012cf2bccaf0 Thread exited: 0x0000012cf2bccaf0
Event: 21.611 loading class java/util/ArrayList$SubList$1
Event: 21.612 loading class java/util/ArrayList$SubList$1 done
Event: 21.665 loading class java/util/Stack
Event: 21.680 loading class java/util/Stack done
Event: 21.932 loading class java/util/regex/Pattern$LookBehindEndNode
Event: 21.932 loading class java/util/regex/Pattern$LookBehindEndNode done
Event: 21.932 loading class java/util/regex/Pattern$Behind
Event: 21.932 loading class java/util/regex/Pattern$Behind done
Event: 21.939 loading class javax/swing/text/html/HTMLEditorKit$ParserCallback
Event: 21.940 loading class javax/swing/text/html/HTMLEditorKit$ParserCallback done
Event: 22.010 loading class java/lang/AbstractMethodError
Event: 22.011 loading class java/lang/AbstractMethodError done


Dynamic libraries:
0x00007ff7b2af0000 - 0x00007ff7b2afa000 	C:\Program Files\Android\Android Studio\jbr\bin\java.exe
0x00007ff987c70000 - 0x00007ff987e64000 	C:\Windows\SYSTEM32\ntdll.dll
0x00007ff986740000 - 0x00007ff9867fd000 	C:\Windows\System32\KERNEL32.DLL
0x00007ff9853c0000 - 0x00007ff985687000 	C:\Windows\System32\KERNELBASE.dll
0x00007ff985730000 - 0x00007ff985830000 	C:\Windows\System32\ucrtbase.dll
0x00007ff97ff80000 - 0x00007ff97ff97000 	C:\Program Files\Android\Android Studio\jbr\bin\jli.dll
0x00007ff9878d0000 - 0x00007ff987a70000 	C:\Windows\System32\USER32.dll
0x00007ff985c60000 - 0x00007ff985c82000 	C:\Windows\System32\win32u.dll
0x00007ff987a70000 - 0x00007ff987a9a000 	C:\Windows\System32\GDI32.dll
0x00007ff985ad0000 - 0x00007ff985bd9000 	C:\Windows\System32\gdi32full.dll
0x00007ff985690000 - 0x00007ff98572d000 	C:\Windows\System32\msvcp_win.dll
0x00007ff97a670000 - 0x00007ff97a68b000 	C:\Program Files\Android\Android Studio\jbr\bin\VCRUNTIME140.dll
0x00007ff975210000 - 0x00007ff9754aa000 	C:\Windows\WinSxS\amd64_microsoft.windows.common-controls_6595b64144ccf1df_6.0.19041.1_none_b555e41d4684ddec\COMCTL32.dll
0x00007ff986210000 - 0x00007ff9862ae000 	C:\Windows\System32\msvcrt.dll
0x00007ff9861e0000 - 0x00007ff986210000 	C:\Windows\System32\IMM32.DLL
0x00007ff981200000 - 0x00007ff98120c000 	C:\Program Files\Android\Android Studio\jbr\bin\vcruntime140_1.dll
0x00007ff94e4e0000 - 0x00007ff94e56d000 	C:\Program Files\Android\Android Studio\jbr\bin\msvcp140.dll
0x00007ff95a160000 - 0x00007ff95adce000 	C:\Program Files\Android\Android Studio\jbr\bin\server\jvm.dll
0x00007ff9862b0000 - 0x00007ff98635a000 	C:\Windows\System32\ADVAPI32.dll
0x00007ff986360000 - 0x00007ff9863fb000 	C:\Windows\System32\sechost.dll
0x00007ff986600000 - 0x00007ff986723000 	C:\Windows\System32\RPCRT4.dll
0x00007ff971430000 - 0x00007ff971439000 	C:\Windows\SYSTEM32\WSOCK32.dll
0x00007ff986940000 - 0x00007ff9869ab000 	C:\Windows\System32\WS2_32.dll
0x00007ff97a340000 - 0x00007ff97a34a000 	C:\Windows\SYSTEM32\VERSION.dll
0x00007ff976c50000 - 0x00007ff976c77000 	C:\Windows\SYSTEM32\WINMM.dll
0x00007ff983310000 - 0x00007ff983323000 	C:\Windows\SYSTEM32\kernel.appcore.dll
0x00007ff9812c0000 - 0x00007ff9812ca000 	C:\Program Files\Android\Android Studio\jbr\bin\jimage.dll
0x00007ff96f1e0000 - 0x00007ff96f3c4000 	C:\Windows\SYSTEM32\DBGHELP.DLL
0x00007ff96f170000 - 0x00007ff96f19c000 	C:\Windows\SYSTEM32\dbgcore.DLL
0x00007ff985be0000 - 0x00007ff985c5f000 	C:\Windows\System32\bcryptPrimitives.dll
0x00007ff981250000 - 0x00007ff981275000 	C:\Program Files\Android\Android Studio\jbr\bin\java.dll
0x00007ff9812a0000 - 0x00007ff9812b8000 	C:\Program Files\Android\Android Studio\jbr\bin\zip.dll
0x00007ff9869c0000 - 0x00007ff9870f1000 	C:\Windows\System32\SHELL32.dll
0x00007ff983510000 - 0x00007ff983c9a000 	C:\Windows\SYSTEM32\windows.storage.dll
0x00007ff987390000 - 0x00007ff9876e4000 	C:\Windows\System32\combase.dll
0x00007ff984d00000 - 0x00007ff984d2b000 	C:\Windows\SYSTEM32\Wldp.dll
0x00007ff9876f0000 - 0x00007ff98779e000 	C:\Windows\System32\SHCORE.dll
0x00007ff9868e0000 - 0x00007ff986935000 	C:\Windows\System32\shlwapi.dll
0x00007ff985300000 - 0x00007ff98531f000 	C:\Windows\SYSTEM32\profapi.dll
0x00007ff980610000 - 0x00007ff980629000 	C:\Program Files\Android\Android Studio\jbr\bin\net.dll
0x00007ff97d930000 - 0x00007ff97da30000 	C:\Windows\SYSTEM32\WINHTTP.dll
0x00007ff984af0000 - 0x00007ff984b5a000 	C:\Windows\system32\mswsock.dll
0x00007ff980360000 - 0x00007ff980376000 	C:\Program Files\Android\Android Studio\jbr\bin\nio.dll
0x00007ff980600000 - 0x00007ff980610000 	C:\Program Files\Android\Android Studio\jbr\bin\verify.dll
0x00007ff981210000 - 0x00007ff981237000 	D:\DOWNLOADS\JetPlayer\native\68d5fa5c4cc2d200863cafc0d521ce42e7d3e7ee720ec0a83991735586a16f82\windows-amd64\native-platform.dll
0x00007ff94baf0000 - 0x00007ff94bc34000 	D:\DOWNLOADS\JetPlayer\native\e376f236ea51e6404a007f0833ffe2c6e607c4080706a723a18a27aeea778392\windows-amd64\native-platform-file-events.dll
0x00007ff980350000 - 0x00007ff980359000 	C:\Program Files\Android\Android Studio\jbr\bin\management.dll
0x00007ff980210000 - 0x00007ff98021b000 	C:\Program Files\Android\Android Studio\jbr\bin\management_ext.dll
0x00007ff986730000 - 0x00007ff986738000 	C:\Windows\System32\PSAPI.DLL
0x00007ff9850a0000 - 0x00007ff9850b8000 	C:\Windows\SYSTEM32\CRYPTSP.dll
0x00007ff9844a0000 - 0x00007ff9844d4000 	C:\Windows\system32\rsaenh.dll
0x00007ff9859f0000 - 0x00007ff985a17000 	C:\Windows\System32\bcrypt.dll
0x00007ff985280000 - 0x00007ff9852ae000 	C:\Windows\SYSTEM32\USERENV.dll
0x00007ff984c70000 - 0x00007ff984c7c000 	C:\Windows\SYSTEM32\CRYPTBASE.dll
0x00007ff984800000 - 0x00007ff98483b000 	C:\Windows\SYSTEM32\IPHLPAPI.DLL
0x00007ff986400000 - 0x00007ff986409000 	C:\Windows\System32\NSI.dll
0x00007ff97f3a0000 - 0x00007ff97f3b7000 	C:\Windows\SYSTEM32\dhcpcsvc6.DLL
0x00007ff97f380000 - 0x00007ff97f39d000 	C:\Windows\SYSTEM32\dhcpcsvc.DLL
0x00007ff984840000 - 0x00007ff98490a000 	C:\Windows\SYSTEM32\DNSAPI.dll
0x00007ff980200000 - 0x00007ff980207000 	C:\Windows\system32\wshunix.dll

dbghelp: loaded successfully - version: 4.0.5 - missing functions: none
symbol engine: initialized successfully - sym options: 0x614 - pdb path: .;C:\Program Files\Android\Android Studio\jbr\bin;C:\Windows\SYSTEM32;C:\Windows\WinSxS\amd64_microsoft.windows.common-controls_6595b64144ccf1df_6.0.19041.1_none_b555e41d4684ddec;C:\Program Files\Android\Android Studio\jbr\bin\server;D:\DOWNLOADS\JetPlayer\native\68d5fa5c4cc2d200863cafc0d521ce42e7d3e7ee720ec0a83991735586a16f82\windows-amd64;D:\DOWNLOADS\JetPlayer\native\e376f236ea51e6404a007f0833ffe2c6e607c4080706a723a18a27aeea778392\windows-amd64

VM Arguments:
jvm_args: --add-opens=java.base/java.util=ALL-UNNAMED --add-opens=java.base/java.lang=ALL-UNNAMED --add-opens=java.base/java.lang.invoke=ALL-UNNAMED --add-opens=java.prefs/java.util.prefs=ALL-UNNAMED --add-opens=java.base/java.nio.charset=ALL-UNNAMED --add-opens=java.base/java.net=ALL-UNNAMED --add-opens=java.base/java.util.concurrent.atomic=ALL-UNNAMED -Xmx2048m -Dfile.encoding=UTF-8 -Duser.country=US -Duser.language=en -Duser.variant 
java_command: org.gradle.launcher.daemon.bootstrap.GradleDaemon 8.0
java_class_path (initial): D:\DOWNLOADS\JetPlayer\wrapper\dists\gradle-8.0-bin\ca5e32bp14vu59qr306oxotwh\gradle-8.0\lib\gradle-launcher-8.0.jar
Launcher Type: SUN_STANDARD

[Global flags]
     intx CICompilerCount                          = 3                                         {product} {ergonomic}
     uint ConcGCThreads                            = 1                                         {product} {ergonomic}
     uint G1ConcRefinementThreads                  = 4                                         {product} {ergonomic}
   size_t G1HeapRegionSize                         = 1048576                                   {product} {ergonomic}
    uintx GCDrainStackTargetSize                   = 64                                        {product} {ergonomic}
   size_t InitialHeapSize                          = 132120576                                 {product} {ergonomic}
   size_t MarkStackSize                            = 4194304                                   {product} {ergonomic}
   size_t MaxHeapSize                              = 2147483648                                {product} {command line}
   size_t MaxNewSize                               = 1287651328                                {product} {ergonomic}
   size_t MinHeapDeltaBytes                        = 1048576                                   {product} {ergonomic}
   size_t MinHeapSize                              = 8388608                                   {product} {ergonomic}
    uintx NonNMethodCodeHeapSize                   = 5832780                                {pd product} {ergonomic}
    uintx NonProfiledCodeHeapSize                  = 122912730                              {pd product} {ergonomic}
    uintx ProfiledCodeHeapSize                     = 122912730                              {pd product} {ergonomic}
    uintx ReservedCodeCacheSize                    = 251658240                              {pd product} {ergonomic}
     bool SegmentedCodeCache                       = true                                      {product} {ergonomic}
   size_t SoftMaxHeapSize                          = 2147483648                             {manageable} {ergonomic}
     bool UseCompressedClassPointers               = true                           {product lp64_product} {ergonomic}
     bool UseCompressedOops                        = true                           {product lp64_product} {ergonomic}
     bool UseG1GC                                  = true                                      {product} {ergonomic}
     bool UseLargePagesIndividualAllocation        = false                                  {pd product} {ergonomic}

Logging:
Log output configuration:
 #0: stdout all=warning uptime,level,tags
 #1: stderr all=off uptime,level,tags

Environment Variables:
JAVA_HOME=C:\Program Files\Zulu\zulu-17
PATH=C:\Program Files\Zulu\zulu-17\bin\;C:\Program Files\Common Files\Oracle\Java\javapath;C:\Program Files (x86)\Common Files\Oracle\Java\javapath;C:\Program Files\Zulu\zulu-8\bin\;C:\ProgramData\Oracle\Java\javapath;C:\Windows\system32;C:\Windows;C:\Windows\System32\Wbem;C:\Windows\System32\WindowsPowerShell\v1.0\;C:\Windows\System32\OpenSSH\;C:\Program Files (x86)\dotnet\;C:\Program Files\dotnet\;C:\Program Files (x86)\QuickTime\QTSystem\;D:\DOWNLOADS\gradle-8.3-all\gradle-8.3\bin;C:\Program Files\Git\cmd;C:\Program Files\Java\jdk-21\bin;C:\Users\ACER\AppData\Local\Microsoft\WindowsApps;C:\Users\ACER\AppData\Local\Programs\Microsoft VS Code\bin;C:\Program Files\Java\jdk-21\bin;
USERNAME=ACER
OS=Windows_NT
PROCESSOR_IDENTIFIER=Intel64 Family 6 Model 58 Stepping 9, GenuineIntel
TMP=C:\Users\ACER\AppData\Local\Temp
TEMP=C:\Users\ACER\AppData\Local\Temp


JNI global refs:
JNI global refs: 23, weak refs: 0

JNI global refs memory usage: 843, weak refs: 841


---------------  S Y S T E M  ---------------

OS:
 Windows 10 , 64 bit Build 19041 (10.0.19041.207)
OS uptime: 0 days 17:19 hours
Hyper-V role detected

CPU: total 4 (initial active 4) (2 cores per cpu, 2 threads per core) family 6 model 58 stepping 9 microcode 0x21, cx8, cmov, fxsr, ht, mmx, sse, sse2, sse3, ssse3, sse4.1, sse4.2, popcnt, tsc, tscinvbit, avx, aes, erms, clmul, vzeroupper, clflush, hv

Memory: 4k page, system-wide physical 8030M (909M free)
TotalPageFile size 10078M (AvailPageFile size 3M)
current process WorkingSet (physical memory assigned to process): 290M, peak: 304M
current process commit charge ("private bytes"): 324M, peak: 333M

vm_info: OpenJDK 64-Bit Server VM (17.0.6+0-b2043.56-10027231) for windows-amd64 JRE (17.0.6+0-b2043.56-10027231), built on Apr 28 2023 00:43:19 by "androidbuild" with MS VC++ 16.10 / 16.11 (VS2019)

END.
