#
# There is insufficient memory for the Java Runtime Environment to continue.
# Native memory allocation (malloc) failed to allocate 788816 bytes for Chunk::new
# Possible reasons:
#   The system is out of physical RAM or swap space
#   The process is running with CompressedOops enabled, and the Java Heap may be blocking the growth of the native heap
# Possible solutions:
#   Reduce memory load on the system
#   Increase physical memory or swap space
#   Check if swap backing store is full
#   Decrease Java heap size (-Xmx/-Xms)
#   Decrease number of Java threads
#   Decrease Java thread stack sizes (-Xss)
#   Set larger code cache with -XX:ReservedCodeCacheSize=
#   JVM is running with Unscaled Compressed Oops mode in which the Java heap is
#     placed in the first 4GB address space. The Java Heap base address is the
#     maximum limit for the native heap growth. Please use -XX:HeapBaseMinAddress
#     to set the Java Heap base and to place the Java Heap above 4GB virtual address.
# This output file may be truncated or incomplete.
#
#  Out of Memory Error (arena.cpp:189), pid=8016, tid=544
#
# JRE version: OpenJDK Runtime Environment (17.0.6) (build 17.0.6+0-b2043.56-10027231)
# Java VM: OpenJDK 64-Bit Server VM (17.0.6+0-b2043.56-10027231, mixed mode, tiered, compressed oops, compressed class ptrs, g1 gc, windows-amd64)
# No core dump will be written. Minidumps are not enabled by default on client versions of Windows
#

---------------  S U M M A R Y ------------

Command Line: --add-opens=java.base/java.util=ALL-UNNAMED --add-opens=java.base/java.lang=ALL-UNNAMED --add-opens=java.base/java.lang.invoke=ALL-UNNAMED --add-opens=java.prefs/java.util.prefs=ALL-UNNAMED --add-opens=java.base/java.nio.charset=ALL-UNNAMED --add-opens=java.base/java.net=ALL-UNNAMED --add-opens=java.base/java.util.concurrent.atomic=ALL-UNNAMED -Xmx2048m -Dfile.encoding=UTF-8 -Duser.country=US -Duser.language=en -Duser.variant org.gradle.launcher.daemon.bootstrap.GradleDaemon 8.0

Host: Intel(R) Core(TM) i5-3210M CPU @ 2.50GHz, 4 cores, 7G,  Windows 10 , 64 bit Build 19041 (10.0.19041.207)
Time: Mon Jan 22 02:25:34 2024 SE Asia Standard Time elapsed time: 19.201765 seconds (0d 0h 0m 19s)

---------------  T H R E A D  ---------------

Current thread (0x0000022ae9619d10):  JavaThread "C2 CompilerThread1" daemon [_thread_in_native, id=544, stack(0x000000a00ca00000,0x000000a00cb00000)]


Current CompileTask:
C2:  19201 6435   !   4       org.jetbrains.kotlin.metadata.ProtoBuf$Function::<init> (1410 bytes)

Stack: [0x000000a00ca00000,0x000000a00cb00000]
Native frames: (J=compiled Java code, j=interpreted, Vv=VM code, C=native code)
V  [jvm.dll+0x683c9a]
V  [jvm.dll+0x8427a4]
V  [jvm.dll+0x843f9e]
V  [jvm.dll+0x844603]
V  [jvm.dll+0x249b75]
V  [jvm.dll+0xabcac]
V  [jvm.dll+0xac27c]
V  [jvm.dll+0x2b0eef]
V  [jvm.dll+0x58a267]
V  [jvm.dll+0x2243b2]
V  [jvm.dll+0x21dbe9]
V  [jvm.dll+0x21b51b]
V  [jvm.dll+0x1a4fdd]
V  [jvm.dll+0x22b098]
V  [jvm.dll+0x229159]
V  [jvm.dll+0x7f81ec]
V  [jvm.dll+0x7f274a]
V  [jvm.dll+0x682ad5]
C  [ucrtbase.dll+0x21542]
C  [KERNEL32.DLL+0x16fd4]
C  [ntdll.dll+0x4cec1]


---------------  P R O C E S S  ---------------

Threads class SMR info:
_java_thread_list=0x0000022aed98db00, length=39, elements={
0x0000022acb9681a0, 0x0000022ae4f2a7f0, 0x0000022ae4f2b570, 0x0000022ae4f603c0,
0x0000022ae4f63ca0, 0x0000022ae4f64560, 0x0000022ae5910060, 0x0000022ae5910c50,
0x0000022ae5911550, 0x0000022ae5981450, 0x0000022ae5a92780, 0x0000022ae5a780d0,
0x0000022ae6f92680, 0x0000022ae6f91ce0, 0x0000022ae6f93020, 0x0000022ae6f934f0,
0x0000022ae6f939c0, 0x0000022ae6f93e90, 0x0000022ae6f94360, 0x0000022ae6f94830,
0x0000022ae6f94d00, 0x0000022ae6f91810, 0x0000022ae6f91340, 0x0000022ae6f921b0,
0x0000022ae6f92b50, 0x0000022ae8d014f0, 0x0000022ae8cff340, 0x0000022ae8d019c0,
0x0000022ae8cff810, 0x0000022ae8d01020, 0x0000022ae8d02360, 0x0000022ae8d01e90,
0x0000022ae8d02830, 0x0000022ae8cfee70, 0x0000022ae8cffce0, 0x0000022ae8d001b0,
0x0000022ae8d00680, 0x0000022ae8afb0a0, 0x0000022ae9619d10
}

Java Threads: ( => current thread )
  0x0000022acb9681a0 JavaThread "main" [_thread_blocked, id=7812, stack(0x000000a00a700000,0x000000a00a800000)]
  0x0000022ae4f2a7f0 JavaThread "Reference Handler" daemon [_thread_blocked, id=3916, stack(0x000000a00ae00000,0x000000a00af00000)]
  0x0000022ae4f2b570 JavaThread "Finalizer" daemon [_thread_blocked, id=3920, stack(0x000000a00af00000,0x000000a00b000000)]
  0x0000022ae4f603c0 JavaThread "Signal Dispatcher" daemon [_thread_blocked, id=6892, stack(0x000000a00b000000,0x000000a00b100000)]
  0x0000022ae4f63ca0 JavaThread "Attach Listener" daemon [_thread_blocked, id=7348, stack(0x000000a00b100000,0x000000a00b200000)]
  0x0000022ae4f64560 JavaThread "Service Thread" daemon [_thread_blocked, id=7184, stack(0x000000a00b200000,0x000000a00b300000)]
  0x0000022ae5910060 JavaThread "Monitor Deflation Thread" daemon [_thread_blocked, id=6724, stack(0x000000a00b300000,0x000000a00b400000)]
  0x0000022ae5910c50 JavaThread "C2 CompilerThread0" daemon [_thread_in_native, id=1468, stack(0x000000a00b400000,0x000000a00b500000)]
  0x0000022ae5911550 JavaThread "C1 CompilerThread0" daemon [_thread_in_vm, id=6872, stack(0x000000a00b500000,0x000000a00b600000)]
  0x0000022ae5981450 JavaThread "Sweeper thread" daemon [_thread_blocked, id=2276, stack(0x000000a00b600000,0x000000a00b700000)]
  0x0000022ae5a92780 JavaThread "Common-Cleaner" daemon [_thread_blocked, id=2364, stack(0x000000a00b700000,0x000000a00b800000)]
  0x0000022ae5a780d0 JavaThread "Notification Thread" daemon [_thread_blocked, id=8776, stack(0x000000a00b800000,0x000000a00b900000)]
  0x0000022ae6f92680 JavaThread "Daemon health stats" [_thread_in_vm, id=7160, stack(0x000000a00be00000,0x000000a00bf00000)]
  0x0000022ae6f91ce0 JavaThread "Incoming local TCP Connector on port 60785" [_thread_in_native, id=2748, stack(0x000000a00bf00000,0x000000a00c000000)]
  0x0000022ae6f93020 JavaThread "Daemon periodic checks" [_thread_blocked, id=2892, stack(0x000000a00c000000,0x000000a00c100000)]
  0x0000022ae6f934f0 JavaThread "Daemon" [_thread_blocked, id=7496, stack(0x000000a00c100000,0x000000a00c200000)]
  0x0000022ae6f939c0 JavaThread "Handler for socket connection from /127.0.0.1:60785 to /127.0.0.1:60786" [_thread_in_native, id=1884, stack(0x000000a00c200000,0x000000a00c300000)]
  0x0000022ae6f93e90 JavaThread "Cancel handler" [_thread_blocked, id=4956, stack(0x000000a00c300000,0x000000a00c400000)]
  0x0000022ae6f94360 JavaThread "Daemon worker" [_thread_in_Java, id=8860, stack(0x000000a00c400000,0x000000a00c500000)]
  0x0000022ae6f94830 JavaThread "Asynchronous log dispatcher for DefaultDaemonConnection: socket connection from /127.0.0.1:60785 to /127.0.0.1:60786" [_thread_blocked, id=7488, stack(0x000000a00c500000,0x000000a00c600000)]
  0x0000022ae6f94d00 JavaThread "Stdin handler" [_thread_blocked, id=5260, stack(0x000000a00c600000,0x000000a00c700000)]
  0x0000022ae6f91810 JavaThread "Daemon client event forwarder" [_thread_blocked, id=4484, stack(0x000000a00c700000,0x000000a00c800000)]
  0x0000022ae6f91340 JavaThread "Cache worker for journal cache (D:\DOWNLOADS\JetPlayer\caches\journal-1)" [_thread_blocked, id=7380, stack(0x000000a00bc00000,0x000000a00bd00000)]
  0x0000022ae6f921b0 JavaThread "File lock request listener" [_thread_in_native, id=7640, stack(0x000000a00c800000,0x000000a00c900000)]
  0x0000022ae6f92b50 JavaThread "Cache worker for file hash cache (D:\DOWNLOADS\JetPlayer\caches\8.0\fileHashes)" [_thread_blocked, id=6692, stack(0x000000a00c900000,0x000000a00ca00000)]
  0x0000022ae8d014f0 JavaThread "File watcher server" daemon [_thread_in_native, id=1160, stack(0x000000a00cb00000,0x000000a00cc00000)]
  0x0000022ae8cff340 JavaThread "File watcher consumer" daemon [_thread_blocked, id=8004, stack(0x000000a00cc00000,0x000000a00cd00000)]
  0x0000022ae8d019c0 JavaThread "jar transforms" [_thread_blocked, id=4652, stack(0x000000a00cd00000,0x000000a00ce00000)]
  0x0000022ae8cff810 JavaThread "jar transforms Thread 2" [_thread_blocked, id=7264, stack(0x000000a00ce00000,0x000000a00cf00000)]
  0x0000022ae8d01020 JavaThread "jar transforms Thread 3" [_thread_blocked, id=6632, stack(0x000000a00cf00000,0x000000a00d000000)]
  0x0000022ae8d02360 JavaThread "jar transforms Thread 4" [_thread_blocked, id=7660, stack(0x000000a00d000000,0x000000a00d100000)]
  0x0000022ae8d01e90 JavaThread "Cache worker for checksums cache (C:\Users\ACER\AndroidStudioProjects\ShoesCare\.gradle\8.0\checksums)" [_thread_blocked, id=9708, stack(0x000000a00d100000,0x000000a00d200000)]
  0x0000022ae8d02830 JavaThread "Cache worker for cache directory md-rule (D:\DOWNLOADS\JetPlayer\caches\8.0\md-rule)" [_thread_blocked, id=256, stack(0x000000a00d200000,0x000000a00d300000)]
  0x0000022ae8cfee70 JavaThread "Cache worker for file content cache (D:\DOWNLOADS\JetPlayer\caches\8.0\fileContent)" [_thread_blocked, id=6168, stack(0x000000a00d300000,0x000000a00d400000)]
  0x0000022ae8cffce0 JavaThread "Cache worker for file hash cache (C:\Users\ACER\AndroidStudioProjects\ShoesCare\.gradle\8.0\fileHashes)" [_thread_blocked, id=4836, stack(0x000000a00d400000,0x000000a00d500000)]
  0x0000022ae8d001b0 JavaThread "Cache worker for cache directory md-supplier (D:\DOWNLOADS\JetPlayer\caches\8.0\md-supplier)" [_thread_blocked, id=10036, stack(0x000000a00d500000,0x000000a00d600000)]
  0x0000022ae8d00680 JavaThread "Cache worker for execution history cache (D:\DOWNLOADS\JetPlayer\caches\8.0\executionHistory)" [_thread_blocked, id=6820, stack(0x000000a00d600000,0x000000a00d700000)]
  0x0000022ae8afb0a0 JavaThread "Cache worker for kotlin-dsl (D:\DOWNLOADS\JetPlayer\caches\8.0\kotlin-dsl)" [_thread_blocked, id=1836, stack(0x000000a00d700000,0x000000a00d800000)]
=>0x0000022ae9619d10 JavaThread "C2 CompilerThread1" daemon [_thread_in_native, id=544, stack(0x000000a00ca00000,0x000000a00cb00000)]

Other Threads:
  0x0000022ae4f268b0 VMThread "VM Thread" [stack: 0x000000a00ad00000,0x000000a00ae00000] [id=5860]
  0x0000022ae5a92c50 WatcherThread [stack: 0x000000a00b900000,0x000000a00ba00000] [id=9600]
  0x0000022acb9c30c0 GCTaskThread "GC Thread#0" [stack: 0x000000a00a800000,0x000000a00a900000] [id=608]
  0x0000022ae5dcd870 GCTaskThread "GC Thread#1" [stack: 0x000000a00ba00000,0x000000a00bb00000] [id=7568]
  0x0000022ae5dcdb20 GCTaskThread "GC Thread#2" [stack: 0x000000a00bb00000,0x000000a00bc00000] [id=8848]
  0x0000022ae6786070 GCTaskThread "GC Thread#3" [stack: 0x000000a00bd00000,0x000000a00be00000] [id=7360]
  0x0000022acb9d3f10 ConcurrentGCThread "G1 Main Marker" [stack: 0x000000a00a900000,0x000000a00aa00000] [id=10000]
  0x0000022acb9d4830 ConcurrentGCThread "G1 Conc#0" [stack: 0x000000a00aa00000,0x000000a00ab00000] [id=5708]
  0x0000022ae4d80090 ConcurrentGCThread "G1 Refine#0" [stack: 0x000000a00ab00000,0x000000a00ac00000] [id=3248]
  0x0000022ae93d6ad0 ConcurrentGCThread "G1 Refine#1" [stack: 0x000000a00d800000,0x000000a00d900000] [id=1308]
  0x0000022aeba803d0 ConcurrentGCThread "G1 Refine#2" [stack: 0x000000a00d900000,0x000000a00da00000] [id=7580]
  0x0000022ae4d819d0 ConcurrentGCThread "G1 Service" [stack: 0x000000a00ac00000,0x000000a00ad00000] [id=5712]

Threads with active compile tasks:
C2 CompilerThread0    19257 6466   !   4       org.jetbrains.kotlin.metadata.ProtoBuf$Type::<init> (875 bytes)
C1 CompilerThread0    19257 6508       3       java.lang.invoke.DirectMethodHandle$Holder::invokeStatic (21 bytes)
C2 CompilerThread1    19257 6435   !   4       org.jetbrains.kotlin.metadata.ProtoBuf$Function::<init> (1410 bytes)

VM state: at safepoint (normal execution)

VM Mutex/Monitor currently owned by a thread:  ([mutex/lock_event])
[0x0000022acb963a90] Threads_lock - owner thread: 0x0000022ae4f268b0
[0x0000022acb963460] Heap_lock - owner thread: 0x0000022acb9d3f10

Heap address: 0x0000000080000000, size: 2048 MB, Compressed Oops mode: 32-bit

CDS archive(s) not mapped
Compressed class space mapped at: 0x0000000100000000-0x0000000140000000, reserved size: 1073741824
Narrow klass base: 0x0000000000000000, Narrow klass shift: 3, Narrow klass range: 0x140000000

GC Precious Log:
 CPUs: 4 total, 4 available
 Memory: 8030M
 Large Page Support: Disabled
 NUMA Support: Disabled
 Compressed Oops: Enabled (32-bit)
 Heap Region Size: 1M
 Heap Min Capacity: 8M
 Heap Initial Capacity: 126M
 Heap Max Capacity: 2G
 Pre-touch: Disabled
 Parallel Workers: 4
 Concurrent Workers: 1
 Concurrent Refinement Workers: 4
 Periodic GC: Disabled

Heap:
 garbage-first heap   total 178176K, used 116852K [0x0000000080000000, 0x0000000100000000)
  region size 1024K, 18 young (18432K), 5 survivors (5120K)
 Metaspace       used 87142K, committed 87744K, reserved 1130496K
  class space    used 11525K, committed 11840K, reserved 1048576K

Heap Regions: E=young(eden), S=young(survivor), O=old, HS=humongous(starts), HC=humongous(continues), CS=collection set, F=free, OA=open archive, CA=closed archive, TAMS=top-at-mark-start (previous, next)
|   0|0x0000000080000000, 0x0000000080100000, 0x0000000080100000|100%| O|  |TAMS 0x0000000080100000, 0x0000000080000000| Untracked 
|   1|0x0000000080100000, 0x0000000080200000, 0x0000000080200000|100%| O|  |TAMS 0x0000000080200000, 0x0000000080100000| Untracked 
|   2|0x0000000080200000, 0x0000000080300000, 0x0000000080300000|100%|HS|  |TAMS 0x0000000080300000, 0x0000000080200000| Complete 
|   3|0x0000000080300000, 0x0000000080400000, 0x0000000080400000|100%|HC|  |TAMS 0x0000000080400000, 0x0000000080300000| Complete 
|   4|0x0000000080400000, 0x0000000080500000, 0x0000000080500000|100%|HC|  |TAMS 0x0000000080500000, 0x0000000080400000| Complete 
|   5|0x0000000080500000, 0x0000000080600000, 0x0000000080600000|100%|HC|  |TAMS 0x0000000080600000, 0x0000000080500000| Complete 
|   6|0x0000000080600000, 0x0000000080700000, 0x0000000080700000|100%| O|  |TAMS 0x0000000080700000, 0x0000000080600000| Untracked 
|   7|0x0000000080700000, 0x0000000080800000, 0x0000000080800000|100%| O|  |TAMS 0x0000000080800000, 0x0000000080700000| Untracked 
|   8|0x0000000080800000, 0x0000000080900000, 0x0000000080900000|100%| O|  |TAMS 0x0000000080900000, 0x0000000080800000| Untracked 
|   9|0x0000000080900000, 0x0000000080a00000, 0x0000000080a00000|100%| O|  |TAMS 0x0000000080a00000, 0x0000000080900000| Untracked 
|  10|0x0000000080a00000, 0x0000000080b00000, 0x0000000080b00000|100%| O|  |TAMS 0x0000000080b00000, 0x0000000080a00000| Untracked 
|  11|0x0000000080b00000, 0x0000000080c00000, 0x0000000080c00000|100%| O|  |TAMS 0x0000000080c00000, 0x0000000080b00000| Untracked 
|  12|0x0000000080c00000, 0x0000000080d00000, 0x0000000080d00000|100%| O|  |TAMS 0x0000000080d00000, 0x0000000080c00000| Untracked 
|  13|0x0000000080d00000, 0x0000000080e00000, 0x0000000080e00000|100%| O|  |TAMS 0x0000000080e00000, 0x0000000080d00000| Untracked 
|  14|0x0000000080e00000, 0x0000000080f00000, 0x0000000080f00000|100%| O|  |TAMS 0x0000000080f00000, 0x0000000080e00000| Untracked 
|  15|0x0000000080f00000, 0x0000000081000000, 0x0000000081000000|100%| O|  |TAMS 0x0000000081000000, 0x0000000080f00000| Untracked 
|  16|0x0000000081000000, 0x0000000081100000, 0x0000000081100000|100%| O|  |TAMS 0x0000000081100000, 0x0000000081000000| Untracked 
|  17|0x0000000081100000, 0x0000000081200000, 0x0000000081200000|100%| O|  |TAMS 0x0000000081200000, 0x0000000081100000| Untracked 
|  18|0x0000000081200000, 0x0000000081300000, 0x0000000081300000|100%| O|  |TAMS 0x0000000081300000, 0x0000000081200000| Untracked 
|  19|0x0000000081300000, 0x0000000081400000, 0x0000000081400000|100%| O|  |TAMS 0x0000000081400000, 0x0000000081300000| Untracked 
|  20|0x0000000081400000, 0x0000000081500000, 0x0000000081500000|100%| O|  |TAMS 0x0000000081500000, 0x0000000081400000| Untracked 
|  21|0x0000000081500000, 0x0000000081600000, 0x0000000081600000|100%|HS|  |TAMS 0x0000000081600000, 0x0000000081500000| Complete 
|  22|0x0000000081600000, 0x0000000081700000, 0x0000000081700000|100%|HC|  |TAMS 0x0000000081700000, 0x0000000081600000| Complete 
|  23|0x0000000081700000, 0x0000000081800000, 0x0000000081800000|100%|HS|  |TAMS 0x0000000081800000, 0x0000000081700000| Complete 
|  24|0x0000000081800000, 0x0000000081900000, 0x0000000081900000|100%|HC|  |TAMS 0x0000000081900000, 0x0000000081800000| Complete 
|  25|0x0000000081900000, 0x0000000081a00000, 0x0000000081a00000|100%|HC|  |TAMS 0x0000000081a00000, 0x0000000081900000| Complete 
|  26|0x0000000081a00000, 0x0000000081b00000, 0x0000000081b00000|100%|HS|  |TAMS 0x0000000081b00000, 0x0000000081a00000| Complete 
|  27|0x0000000081b00000, 0x0000000081c00000, 0x0000000081c00000|100%|HC|  |TAMS 0x0000000081c00000, 0x0000000081b00000| Complete 
|  28|0x0000000081c00000, 0x0000000081d00000, 0x0000000081d00000|100%|HC|  |TAMS 0x0000000081d00000, 0x0000000081c00000| Complete 
|  29|0x0000000081d00000, 0x0000000081e00000, 0x0000000081e00000|100%|HS|  |TAMS 0x0000000081e00000, 0x0000000081d00000| Complete 
|  30|0x0000000081e00000, 0x0000000081f00000, 0x0000000081f00000|100%|HC|  |TAMS 0x0000000081f00000, 0x0000000081e00000| Complete 
|  31|0x0000000081f00000, 0x0000000082000000, 0x0000000082000000|100%|HC|  |TAMS 0x0000000082000000, 0x0000000081f00000| Complete 
|  32|0x0000000082000000, 0x0000000082100000, 0x0000000082100000|100%|HC|  |TAMS 0x0000000082100000, 0x0000000082000000| Complete 
|  33|0x0000000082100000, 0x0000000082200000, 0x0000000082200000|100%|HC|  |TAMS 0x0000000082200000, 0x0000000082100000| Complete 
|  34|0x0000000082200000, 0x0000000082300000, 0x0000000082300000|100%|HC|  |TAMS 0x0000000082300000, 0x0000000082200000| Complete 
|  35|0x0000000082300000, 0x0000000082400000, 0x0000000082400000|100%|HC|  |TAMS 0x0000000082400000, 0x0000000082300000| Complete 
|  36|0x0000000082400000, 0x0000000082500000, 0x0000000082500000|100%|HC|  |TAMS 0x0000000082500000, 0x0000000082400000| Complete 
|  37|0x0000000082500000, 0x0000000082600000, 0x0000000082600000|100%|HC|  |TAMS 0x0000000082600000, 0x0000000082500000| Complete 
|  38|0x0000000082600000, 0x0000000082700000, 0x0000000082700000|100%|HC|  |TAMS 0x0000000082700000, 0x0000000082600000| Complete 
|  39|0x0000000082700000, 0x0000000082800000, 0x0000000082800000|100%|HC|  |TAMS 0x0000000082800000, 0x0000000082700000| Complete 
|  40|0x0000000082800000, 0x0000000082900000, 0x0000000082900000|100%|HC|  |TAMS 0x0000000082900000, 0x0000000082800000| Complete 
|  41|0x0000000082900000, 0x0000000082a00000, 0x0000000082a00000|100%| O|  |TAMS 0x0000000082a00000, 0x0000000082900000| Updating 
|  42|0x0000000082a00000, 0x0000000082b00000, 0x0000000082b00000|100%|HS|  |TAMS 0x0000000082b00000, 0x0000000082a00000| Complete 
|  43|0x0000000082b00000, 0x0000000082c00000, 0x0000000082c00000|100%|HC|  |TAMS 0x0000000082c00000, 0x0000000082b00000| Complete 
|  44|0x0000000082c00000, 0x0000000082d00000, 0x0000000082d00000|100%| O|  |TAMS 0x0000000082d00000, 0x0000000082c00000| Untracked 
|  45|0x0000000082d00000, 0x0000000082e00000, 0x0000000082e00000|100%| O|  |TAMS 0x0000000082e00000, 0x0000000082d00000| Untracked 
|  46|0x0000000082e00000, 0x0000000082f00000, 0x0000000082f00000|100%| O|  |TAMS 0x0000000082f00000, 0x0000000082e00000| Untracked 
|  47|0x0000000082f00000, 0x0000000083000000, 0x0000000083000000|100%| O|  |TAMS 0x0000000083000000, 0x0000000082f00000| Updating 
|  48|0x0000000083000000, 0x0000000083100000, 0x0000000083100000|100%| O|  |TAMS 0x0000000083100000, 0x0000000083000000| Untracked 
|  49|0x0000000083100000, 0x0000000083200000, 0x0000000083200000|100%| O|  |TAMS 0x0000000083200000, 0x0000000083100000| Untracked 
|  50|0x0000000083200000, 0x0000000083300000, 0x0000000083300000|100%| O|  |TAMS 0x0000000083300000, 0x0000000083200000| Untracked 
|  51|0x0000000083300000, 0x0000000083400000, 0x0000000083400000|100%| O|  |TAMS 0x0000000083400000, 0x0000000083300000| Untracked 
|  52|0x0000000083400000, 0x0000000083500000, 0x0000000083500000|100%| O|  |TAMS 0x0000000083500000, 0x0000000083400000| Updating 
|  53|0x0000000083500000, 0x0000000083600000, 0x0000000083600000|100%| O|  |TAMS 0x0000000083600000, 0x0000000083500000| Untracked 
|  54|0x0000000083600000, 0x0000000083700000, 0x0000000083700000|100%| O|  |TAMS 0x0000000083700000, 0x0000000083600000| Untracked 
|  55|0x0000000083700000, 0x0000000083800000, 0x0000000083800000|100%| O|  |TAMS 0x0000000083800000, 0x0000000083700000| Untracked 
|  56|0x0000000083800000, 0x0000000083900000, 0x0000000083900000|100%|HS|  |TAMS 0x0000000083900000, 0x0000000083800000| Complete 
|  57|0x0000000083900000, 0x0000000083a00000, 0x0000000083a00000|100%|HC|  |TAMS 0x0000000083a00000, 0x0000000083900000| Complete 
|  58|0x0000000083a00000, 0x0000000083b00000, 0x0000000083b00000|100%|HC|  |TAMS 0x0000000083b00000, 0x0000000083a00000| Complete 
|  59|0x0000000083b00000, 0x0000000083c00000, 0x0000000083c00000|100%|HS|  |TAMS 0x0000000083c00000, 0x0000000083b00000| Complete 
|  60|0x0000000083c00000, 0x0000000083d00000, 0x0000000083d00000|100%|HC|  |TAMS 0x0000000083d00000, 0x0000000083c00000| Complete 
|  61|0x0000000083d00000, 0x0000000083e00000, 0x0000000083e00000|100%|HC|  |TAMS 0x0000000083e00000, 0x0000000083d00000| Complete 
|  62|0x0000000083e00000, 0x0000000083f00000, 0x0000000083f00000|100%| O|  |TAMS 0x0000000083f00000, 0x0000000083e00000| Untracked 
|  63|0x0000000083f00000, 0x0000000084000000, 0x0000000084000000|100%| O|  |TAMS 0x0000000084000000, 0x0000000083f00000| Updating 
|  64|0x0000000084000000, 0x0000000084100000, 0x0000000084100000|100%| O|  |TAMS 0x0000000084100000, 0x0000000084000000| Untracked 
|  65|0x0000000084100000, 0x0000000084200000, 0x0000000084200000|100%| O|  |TAMS 0x0000000084200000, 0x0000000084100000| Untracked 
|  66|0x0000000084200000, 0x0000000084300000, 0x0000000084300000|100%| O|  |TAMS 0x0000000084300000, 0x0000000084200000| Untracked 
|  67|0x0000000084300000, 0x0000000084400000, 0x0000000084400000|100%| O|  |TAMS 0x0000000084400000, 0x0000000084300000| Untracked 
|  68|0x0000000084400000, 0x0000000084500000, 0x0000000084500000|100%|HS|  |TAMS 0x0000000084500000, 0x0000000084400000| Complete 
|  69|0x0000000084500000, 0x0000000084600000, 0x0000000084600000|100%|HC|  |TAMS 0x0000000084600000, 0x0000000084500000| Complete 
|  70|0x0000000084600000, 0x0000000084700000, 0x0000000084700000|100%|HC|  |TAMS 0x0000000084700000, 0x0000000084600000| Complete 
|  71|0x0000000084700000, 0x0000000084800000, 0x0000000084800000|100%|HC|  |TAMS 0x0000000084800000, 0x0000000084700000| Complete 
|  72|0x0000000084800000, 0x0000000084900000, 0x0000000084900000|100%| O|  |TAMS 0x0000000084900000, 0x0000000084800000| Untracked 
|  73|0x0000000084900000, 0x0000000084a00000, 0x0000000084a00000|100%| O|  |TAMS 0x0000000084a00000, 0x0000000084900000| Untracked 
|  74|0x0000000084a00000, 0x0000000084b00000, 0x0000000084b00000|100%| O|  |TAMS 0x0000000084b00000, 0x0000000084a00000| Untracked 
|  75|0x0000000084b00000, 0x0000000084c00000, 0x0000000084c00000|100%| O|  |TAMS 0x0000000084c00000, 0x0000000084b00000| Untracked 
|  76|0x0000000084c00000, 0x0000000084d00000, 0x0000000084d00000|100%| O|  |TAMS 0x0000000084d00000, 0x0000000084c00000| Updating 
|  77|0x0000000084d00000, 0x0000000084e00000, 0x0000000084e00000|100%| O|  |TAMS 0x0000000084e00000, 0x0000000084d00000| Updating 
|  78|0x0000000084e00000, 0x0000000084f00000, 0x0000000084f00000|100%| O|  |TAMS 0x0000000084f00000, 0x0000000084e00000| Untracked 
|  79|0x0000000084f00000, 0x0000000085000000, 0x0000000085000000|100%| O|  |TAMS 0x0000000085000000, 0x0000000084f00000| Untracked 
|  80|0x0000000085000000, 0x0000000085100000, 0x0000000085100000|100%| O|  |TAMS 0x0000000085100000, 0x0000000085000000| Untracked 
|  81|0x0000000085100000, 0x0000000085200000, 0x0000000085200000|100%| O|  |TAMS 0x0000000085200000, 0x0000000085100000| Untracked 
|  82|0x0000000085200000, 0x0000000085300000, 0x0000000085300000|100%| O|  |TAMS 0x0000000085300000, 0x0000000085200000| Untracked 
|  83|0x0000000085300000, 0x0000000085400000, 0x0000000085400000|100%| O|  |TAMS 0x0000000085400000, 0x0000000085300000| Untracked 
|  84|0x0000000085400000, 0x0000000085500000, 0x0000000085500000|100%| O|  |TAMS 0x0000000085500000, 0x0000000085400000| Untracked 
|  85|0x0000000085500000, 0x0000000085600000, 0x0000000085600000|100%|HS|  |TAMS 0x0000000085600000, 0x0000000085500000| Complete 
|  86|0x0000000085600000, 0x0000000085700000, 0x0000000085700000|100%|HC|  |TAMS 0x0000000085700000, 0x0000000085600000| Complete 
|  87|0x0000000085700000, 0x0000000085800000, 0x0000000085800000|100%|HC|  |TAMS 0x0000000085800000, 0x0000000085700000| Complete 
|  88|0x0000000085800000, 0x0000000085900000, 0x0000000085900000|100%|HC|  |TAMS 0x0000000085900000, 0x0000000085800000| Complete 
|  89|0x0000000085900000, 0x0000000085a00000, 0x0000000085a00000|100%|HC|  |TAMS 0x0000000085a00000, 0x0000000085900000| Complete 
|  90|0x0000000085a00000, 0x0000000085b00000, 0x0000000085b00000|100%|HC|  |TAMS 0x0000000085b00000, 0x0000000085a00000| Complete 
|  91|0x0000000085b00000, 0x0000000085c00000, 0x0000000085c00000|100%| O|  |TAMS 0x0000000085c00000, 0x0000000085b00000| Updating 
|  92|0x0000000085c00000, 0x0000000085d00000, 0x0000000085d00000|100%| O|  |TAMS 0x0000000085d00000, 0x0000000085c00000| Untracked 
|  93|0x0000000085d00000, 0x0000000085e00000, 0x0000000085e00000|100%| O|  |TAMS 0x0000000085e00000, 0x0000000085d00000| Untracked 
|  94|0x0000000085e00000, 0x0000000085f00000, 0x0000000085f00000|100%| O|  |TAMS 0x0000000085f00000, 0x0000000085e00000| Untracked 
|  95|0x0000000085f00000, 0x0000000086000000, 0x0000000086000000|100%| O|  |TAMS 0x0000000086000000, 0x0000000085f00000| Untracked 
|  96|0x0000000086000000, 0x0000000086047000, 0x0000000086100000| 27%| O|  |TAMS 0x0000000086047000, 0x0000000086000000| Updating 
|  97|0x0000000086100000, 0x0000000086200000, 0x0000000086200000|100%|HS|  |TAMS 0x0000000086100000, 0x0000000086100000| Complete 
|  98|0x0000000086200000, 0x0000000086200000, 0x0000000086300000|  0%| F|  |TAMS 0x0000000086200000, 0x0000000086200000| Untracked 
|  99|0x0000000086300000, 0x0000000086300000, 0x0000000086400000|  0%| F|  |TAMS 0x0000000086300000, 0x0000000086300000| Untracked 
| 100|0x0000000086400000, 0x0000000086400000, 0x0000000086500000|  0%| F|  |TAMS 0x0000000086400000, 0x0000000086400000| Untracked 
| 101|0x0000000086500000, 0x0000000086500000, 0x0000000086600000|  0%| F|  |TAMS 0x0000000086500000, 0x0000000086500000| Untracked 
| 102|0x0000000086600000, 0x0000000086600000, 0x0000000086700000|  0%| F|  |TAMS 0x0000000086600000, 0x0000000086600000| Untracked 
| 103|0x0000000086700000, 0x0000000086700000, 0x0000000086800000|  0%| F|  |TAMS 0x0000000086700000, 0x0000000086700000| Untracked 
| 104|0x0000000086800000, 0x0000000086800000, 0x0000000086900000|  0%| F|  |TAMS 0x0000000086800000, 0x0000000086800000| Untracked 
| 105|0x0000000086900000, 0x0000000086900000, 0x0000000086a00000|  0%| F|  |TAMS 0x0000000086900000, 0x0000000086900000| Untracked 
| 106|0x0000000086a00000, 0x0000000086a00000, 0x0000000086b00000|  0%| F|  |TAMS 0x0000000086a00000, 0x0000000086a00000| Untracked 
| 107|0x0000000086b00000, 0x0000000086b00000, 0x0000000086c00000|  0%| F|  |TAMS 0x0000000086b00000, 0x0000000086b00000| Untracked 
| 108|0x0000000086c00000, 0x0000000086c00000, 0x0000000086d00000|  0%| F|  |TAMS 0x0000000086c00000, 0x0000000086c00000| Untracked 
| 109|0x0000000086d00000, 0x0000000086d00000, 0x0000000086e00000|  0%| F|  |TAMS 0x0000000086d00000, 0x0000000086d00000| Untracked 
| 110|0x0000000086e00000, 0x0000000086e00000, 0x0000000086f00000|  0%| F|  |TAMS 0x0000000086e00000, 0x0000000086e00000| Untracked 
| 111|0x0000000086f00000, 0x0000000086f00000, 0x0000000087000000|  0%| F|  |TAMS 0x0000000086f00000, 0x0000000086f00000| Untracked 
| 112|0x0000000087000000, 0x0000000087000000, 0x0000000087100000|  0%| F|  |TAMS 0x0000000087000000, 0x0000000087000000| Untracked 
| 113|0x0000000087100000, 0x0000000087100000, 0x0000000087200000|  0%| F|  |TAMS 0x0000000087100000, 0x0000000087100000| Untracked 
| 114|0x0000000087200000, 0x0000000087200000, 0x0000000087300000|  0%| F|  |TAMS 0x0000000087200000, 0x0000000087200000| Untracked 
| 115|0x0000000087300000, 0x0000000087300000, 0x0000000087400000|  0%| F|  |TAMS 0x0000000087300000, 0x0000000087300000| Untracked 
| 116|0x0000000087400000, 0x0000000087400000, 0x0000000087500000|  0%| F|  |TAMS 0x0000000087400000, 0x0000000087400000| Untracked 
| 117|0x0000000087500000, 0x0000000087500000, 0x0000000087600000|  0%| F|  |TAMS 0x0000000087500000, 0x0000000087500000| Untracked 
| 118|0x0000000087600000, 0x0000000087600000, 0x0000000087700000|  0%| F|  |TAMS 0x0000000087600000, 0x0000000087600000| Untracked 
| 119|0x0000000087700000, 0x0000000087700000, 0x0000000087800000|  0%| F|  |TAMS 0x0000000087700000, 0x0000000087700000| Untracked 
| 120|0x0000000087800000, 0x0000000087800000, 0x0000000087900000|  0%| F|  |TAMS 0x0000000087800000, 0x0000000087800000| Untracked 
| 121|0x0000000087900000, 0x0000000087900000, 0x0000000087a00000|  0%| F|  |TAMS 0x0000000087900000, 0x0000000087900000| Untracked 
| 122|0x0000000087a00000, 0x0000000087a00000, 0x0000000087b00000|  0%| F|  |TAMS 0x0000000087a00000, 0x0000000087a00000| Untracked 
| 123|0x0000000087b00000, 0x0000000087b00000, 0x0000000087c00000|  0%| F|  |TAMS 0x0000000087b00000, 0x0000000087b00000| Untracked 
| 124|0x0000000087c00000, 0x0000000087c00000, 0x0000000087d00000|  0%| F|  |TAMS 0x0000000087c00000, 0x0000000087c00000| Untracked 
| 125|0x0000000087d00000, 0x0000000087d00000, 0x0000000087e00000|  0%| F|  |TAMS 0x0000000087d00000, 0x0000000087d00000| Untracked 
| 126|0x0000000087e00000, 0x0000000087e00000, 0x0000000087f00000|  0%| F|  |TAMS 0x0000000087e00000, 0x0000000087e00000| Untracked 
| 127|0x0000000087f00000, 0x0000000087f00000, 0x0000000088000000|  0%| F|  |TAMS 0x0000000087f00000, 0x0000000087f00000| Untracked 
| 128|0x0000000088000000, 0x0000000088000000, 0x0000000088100000|  0%| F|  |TAMS 0x0000000088000000, 0x0000000088000000| Untracked 
| 129|0x0000000088100000, 0x0000000088100000, 0x0000000088200000|  0%| F|  |TAMS 0x0000000088100000, 0x0000000088100000| Untracked 
| 130|0x0000000088200000, 0x0000000088200000, 0x0000000088300000|  0%| F|  |TAMS 0x0000000088200000, 0x0000000088200000| Untracked 
| 131|0x0000000088300000, 0x0000000088300000, 0x0000000088400000|  0%| F|  |TAMS 0x0000000088300000, 0x0000000088300000| Untracked 
| 132|0x0000000088400000, 0x0000000088400000, 0x0000000088500000|  0%| F|  |TAMS 0x0000000088400000, 0x0000000088400000| Untracked 
| 133|0x0000000088500000, 0x0000000088500000, 0x0000000088600000|  0%| F|  |TAMS 0x0000000088500000, 0x0000000088500000| Untracked 
| 134|0x0000000088600000, 0x0000000088600000, 0x0000000088700000|  0%| F|  |TAMS 0x0000000088600000, 0x0000000088600000| Untracked 
| 135|0x0000000088700000, 0x0000000088700000, 0x0000000088800000|  0%| F|  |TAMS 0x0000000088700000, 0x0000000088700000| Untracked 
| 136|0x0000000088800000, 0x0000000088800000, 0x0000000088900000|  0%| F|  |TAMS 0x0000000088800000, 0x0000000088800000| Untracked 
| 137|0x0000000088900000, 0x0000000088900000, 0x0000000088a00000|  0%| F|  |TAMS 0x0000000088900000, 0x0000000088900000| Untracked 
| 138|0x0000000088a00000, 0x0000000088ad60c8, 0x0000000088b00000| 83%| S|CS|TAMS 0x0000000088a00000, 0x0000000088a00000| Complete 
| 139|0x0000000088b00000, 0x0000000088c00000, 0x0000000088c00000|100%| S|CS|TAMS 0x0000000088b00000, 0x0000000088b00000| Complete 
| 140|0x0000000088c00000, 0x0000000088d00000, 0x0000000088d00000|100%| S|CS|TAMS 0x0000000088c00000, 0x0000000088c00000| Complete 
| 141|0x0000000088d00000, 0x0000000088e00000, 0x0000000088e00000|100%| S|CS|TAMS 0x0000000088d00000, 0x0000000088d00000| Complete 
| 142|0x0000000088e00000, 0x0000000088f00000, 0x0000000088f00000|100%| S|CS|TAMS 0x0000000088e00000, 0x0000000088e00000| Complete 
| 143|0x0000000088f00000, 0x0000000088f00000, 0x0000000089000000|  0%| F|  |TAMS 0x0000000088f00000, 0x0000000088f00000| Untracked 
| 144|0x0000000089000000, 0x0000000089000000, 0x0000000089100000|  0%| F|  |TAMS 0x0000000089000000, 0x0000000089000000| Untracked 
| 145|0x0000000089100000, 0x0000000089100000, 0x0000000089200000|  0%| F|  |TAMS 0x0000000089100000, 0x0000000089100000| Untracked 
| 146|0x0000000089200000, 0x0000000089200000, 0x0000000089300000|  0%| F|  |TAMS 0x0000000089200000, 0x0000000089200000| Untracked 
| 147|0x0000000089300000, 0x0000000089300000, 0x0000000089400000|  0%| F|  |TAMS 0x0000000089300000, 0x0000000089300000| Untracked 
| 148|0x0000000089400000, 0x0000000089400000, 0x0000000089500000|  0%| F|  |TAMS 0x0000000089400000, 0x0000000089400000| Untracked 
| 149|0x0000000089500000, 0x0000000089500000, 0x0000000089600000|  0%| F|  |TAMS 0x0000000089500000, 0x0000000089500000| Untracked 
| 150|0x0000000089600000, 0x0000000089600000, 0x0000000089700000|  0%| F|  |TAMS 0x0000000089600000, 0x0000000089600000| Untracked 
| 151|0x0000000089700000, 0x0000000089700000, 0x0000000089800000|  0%| F|  |TAMS 0x0000000089700000, 0x0000000089700000| Untracked 
| 152|0x0000000089800000, 0x0000000089800000, 0x0000000089900000|  0%| F|  |TAMS 0x0000000089800000, 0x0000000089800000| Untracked 
| 153|0x0000000089900000, 0x0000000089900000, 0x0000000089a00000|  0%| F|  |TAMS 0x0000000089900000, 0x0000000089900000| Untracked 
| 154|0x0000000089a00000, 0x0000000089a00000, 0x0000000089b00000|  0%| F|  |TAMS 0x0000000089a00000, 0x0000000089a00000| Untracked 
| 155|0x0000000089b00000, 0x0000000089b00000, 0x0000000089c00000|  0%| F|  |TAMS 0x0000000089b00000, 0x0000000089b00000| Untracked 
| 156|0x0000000089c00000, 0x0000000089c00000, 0x0000000089d00000|  0%| F|  |TAMS 0x0000000089c00000, 0x0000000089c00000| Untracked 
| 157|0x0000000089d00000, 0x0000000089d00000, 0x0000000089e00000|  0%| F|  |TAMS 0x0000000089d00000, 0x0000000089d00000| Untracked 
| 158|0x0000000089e00000, 0x0000000089e00000, 0x0000000089f00000|  0%| F|  |TAMS 0x0000000089e00000, 0x0000000089e00000| Untracked 
| 159|0x0000000089f00000, 0x0000000089f00000, 0x000000008a000000|  0%| F|  |TAMS 0x0000000089f00000, 0x0000000089f00000| Untracked 
| 160|0x000000008a000000, 0x000000008a000000, 0x000000008a100000|  0%| F|  |TAMS 0x000000008a000000, 0x000000008a000000| Untracked 
| 161|0x000000008a100000, 0x000000008a183c08, 0x000000008a200000| 51%| E|  |TAMS 0x000000008a100000, 0x000000008a100000| Complete 
| 162|0x000000008a200000, 0x000000008a300000, 0x000000008a300000|100%| E|CS|TAMS 0x000000008a200000, 0x000000008a200000| Complete 
| 163|0x000000008a300000, 0x000000008a400000, 0x000000008a400000|100%| E|CS|TAMS 0x000000008a300000, 0x000000008a300000| Complete 
| 164|0x000000008a400000, 0x000000008a500000, 0x000000008a500000|100%| E|CS|TAMS 0x000000008a400000, 0x000000008a400000| Complete 
| 165|0x000000008a500000, 0x000000008a600000, 0x000000008a600000|100%| E|CS|TAMS 0x000000008a500000, 0x000000008a500000| Complete 
| 166|0x000000008a600000, 0x000000008a700000, 0x000000008a700000|100%| E|CS|TAMS 0x000000008a600000, 0x000000008a600000| Complete 
| 167|0x000000008a700000, 0x000000008a800000, 0x000000008a800000|100%| E|CS|TAMS 0x000000008a700000, 0x000000008a700000| Complete 
| 168|0x000000008a800000, 0x000000008a900000, 0x000000008a900000|100%| E|CS|TAMS 0x000000008a800000, 0x000000008a800000| Complete 
| 169|0x000000008a900000, 0x000000008aa00000, 0x000000008aa00000|100%| E|CS|TAMS 0x000000008a900000, 0x000000008a900000| Complete 
| 170|0x000000008aa00000, 0x000000008ab00000, 0x000000008ab00000|100%| E|CS|TAMS 0x000000008aa00000, 0x000000008aa00000| Complete 
| 171|0x000000008ab00000, 0x000000008ac00000, 0x000000008ac00000|100%| E|CS|TAMS 0x000000008ab00000, 0x000000008ab00000| Complete 
| 172|0x000000008ac00000, 0x000000008ad00000, 0x000000008ad00000|100%| E|CS|TAMS 0x000000008ac00000, 0x000000008ac00000| Complete 
| 173|0x000000008ad00000, 0x000000008ae00000, 0x000000008ae00000|100%| E|CS|TAMS 0x000000008ad00000, 0x000000008ad00000| Complete 

Card table byte_map: [0x0000022ade240000,0x0000022ade640000] _byte_map_base: 0x0000022adde40000

Marking Bits (Prev, Next): (CMBitMap*) 0x0000022acb9c35e0, (CMBitMap*) 0x0000022acb9c3620
 Prev Bits: [0x0000022adea40000, 0x0000022ae0a40000)
 Next Bits: [0x0000022ae0a40000, 0x0000022ae2a40000)

Polling page: 0x0000022ac97e0000

Metaspace:

Usage:
  Non-class:     73.84 MB used.
      Class:     11.26 MB used.
       Both:     85.10 MB used.

Virtual space:
  Non-class space:       80.00 MB reserved,      74.12 MB ( 93%) committed,  10 nodes.
      Class space:        1.00 GB reserved,      11.56 MB (  1%) committed,  1 nodes.
             Both:        1.08 GB reserved,      85.69 MB (  8%) committed. 

Chunk freelists:
   Non-Class:  1.75 MB
       Class:  432.00 KB
        Both:  2.17 MB

MaxMetaspaceSize: unlimited
CompressedClassSpaceSize: 1.00 GB
Initial GC threshold: 21.00 MB
Current GC threshold: 136.25 MB
CDS: off
MetaspaceReclaimPolicy: balanced
 - commit_granule_bytes: 65536.
 - commit_granule_words: 8192.
 - virtual_space_node_default_size: 1048576.
 - enlarge_chunks_in_place: 1.
 - new_chunks_are_fully_committed: 0.
 - uncommit_free_chunks: 1.
 - use_allocation_guard: 0.
 - handle_deallocations: 1.


Internal statistics:

num_allocs_failed_limit: 3.
num_arena_births: 714.
num_arena_deaths: 0.
num_vsnodes_births: 11.
num_vsnodes_deaths: 0.
num_space_committed: 1369.
num_space_uncommitted: 0.
num_chunks_returned_to_freelist: 3.
num_chunks_taken_from_freelist: 3505.
num_chunk_merges: 3.
num_chunk_splits: 2622.
num_chunks_enlarged: 2088.
num_purges: 0.
num_inconsistent_stats: 0.

CodeHeap 'non-profiled nmethods': size=120000Kb used=3151Kb max_used=3151Kb free=116849Kb
 bounds [0x0000022ad6910000, 0x0000022ad6c30000, 0x0000022adde40000]
CodeHeap 'profiled nmethods': size=120000Kb used=11754Kb max_used=11754Kb free=108245Kb
 bounds [0x0000022acee40000, 0x0000022acf9c0000, 0x0000022ad6370000]
CodeHeap 'non-nmethods': size=5760Kb used=2384Kb max_used=2418Kb free=3375Kb
 bounds [0x0000022ad6370000, 0x0000022ad65e0000, 0x0000022ad6910000]
 total_blobs=6641 nmethods=5721 adapters=831
 compilation: enabled
              stopped_count=0, restarted_count=0
 full_count=0

Compilation events (20 events):
Event: 19.174 Thread 0x0000022ae5911550 nmethod 6473 0x0000022acf99a790 code [0x0000022acf99a920, 0x0000022acf99aa98]
Event: 19.183 Thread 0x0000022ae5910c50 nmethod 6443 0x0000022ad6c20810 code [0x0000022ad6c20b80, 0x0000022ad6c22298]
Event: 19.183 Thread 0x0000022ae5910c50 6466   !   4       org.jetbrains.kotlin.metadata.ProtoBuf$Type::<init> (875 bytes)
Event: 19.185 Thread 0x0000022ae5911550 6475       3       org.jetbrains.kotlin.metadata.ProtoBuf$TypeParameter::isInitialized (101 bytes)
Event: 19.186 Thread 0x0000022ae5911550 nmethod 6475 0x0000022acf99ab90 code [0x0000022acf99ade0, 0x0000022acf99b838]
Event: 19.191 Thread 0x0000022ae5911550 6477       3       java.lang.Class::getSimpleName (26 bytes)
Event: 19.191 Thread 0x0000022ae5911550 nmethod 6477 0x0000022acf99bb10 code [0x0000022acf99bcc0, 0x0000022acf99bed8]
Event: 19.192 Thread 0x0000022ae5911550 6478       3       org.jetbrains.kotlin.name.Name::equals (52 bytes)
Event: 19.192 Thread 0x0000022ae5911550 nmethod 6478 0x0000022acf99c010 code [0x0000022acf99c1e0, 0x0000022acf99c6a8]
Event: 19.194 Thread 0x0000022ae5911550 6479       2       org.jetbrains.kotlin.protobuf.CodedOutputStream::computeInt32SizeNoTag (12 bytes)
Event: 19.194 Thread 0x0000022ae5911550 nmethod 6479 0x0000022acf99c790 code [0x0000022acf99c940, 0x0000022acf99ca68]
Event: 19.195 Thread 0x0000022ae5911550 6480       3       org.jetbrains.kotlin.metadata.ProtoBuf$TypeParameter::getSerializedSize (244 bytes)
Event: 19.197 Thread 0x0000022ae5911550 nmethod 6480 0x0000022acf99cb10 code [0x0000022acf99cee0, 0x0000022acf99e908]
Event: 19.198 Thread 0x0000022ae5911550 6481       3       org.jetbrains.kotlin.protobuf.CodedOutputStream::computeEnumSize (10 bytes)
Event: 19.198 Thread 0x0000022ae5911550 nmethod 6481 0x0000022acf99f210 code [0x0000022acf99f3e0, 0x0000022acf99f6f8]
Event: 19.198 Thread 0x0000022ae5911550 6482       3       org.jetbrains.kotlin.protobuf.CodedOutputStream::computeEnumSizeNoTag (5 bytes)
Event: 19.198 Thread 0x0000022ae5911550 nmethod 6482 0x0000022acf99f890 code [0x0000022acf99fa40, 0x0000022acf99fc28]
Event: 19.199 Thread 0x0000022ae5911550 6483       3       org.jetbrains.kotlin.protobuf.FieldSet::computeElementSize (24 bytes)
Event: 19.199 Thread 0x0000022ae5911550 nmethod 6483 0x0000022acf99fd10 code [0x0000022acf99fec0, 0x0000022acf9a0118]
Event: 19.199 Thread 0x0000022ae5911550 6484       3       org.jetbrains.kotlin.protobuf.FieldSet::computeElementSizeNoTag (346 bytes)

GC Heap History (20 events):
Event: 13.111 GC heap before
{Heap before GC invocations=25 (full 0):
 garbage-first heap   total 119808K, used 92705K [0x0000000080000000, 0x0000000100000000)
  region size 1024K, 27 young (27648K), 2 survivors (2048K)
 Metaspace       used 52808K, committed 53376K, reserved 1097728K
  class space    used 7186K, committed 7424K, reserved 1048576K
}
Event: 13.118 GC heap after
{Heap after GC invocations=26 (full 0):
 garbage-first heap   total 119808K, used 69239K [0x0000000080000000, 0x0000000100000000)
  region size 1024K, 3 young (3072K), 3 survivors (3072K)
 Metaspace       used 52808K, committed 53376K, reserved 1097728K
  class space    used 7186K, committed 7424K, reserved 1048576K
}
Event: 13.911 GC heap before
{Heap before GC invocations=27 (full 0):
 garbage-first heap   total 119808K, used 95863K [0x0000000080000000, 0x0000000100000000)
  region size 1024K, 29 young (29696K), 3 survivors (3072K)
 Metaspace       used 56757K, committed 57344K, reserved 1097728K
  class space    used 7937K, committed 8192K, reserved 1048576K
}
Event: 13.917 GC heap after
{Heap after GC invocations=28 (full 0):
 garbage-first heap   total 119808K, used 70454K [0x0000000080000000, 0x0000000100000000)
  region size 1024K, 3 young (3072K), 3 survivors (3072K)
 Metaspace       used 56757K, committed 57344K, reserved 1097728K
  class space    used 7937K, committed 8192K, reserved 1048576K
}
Event: 14.451 GC heap before
{Heap before GC invocations=28 (full 0):
 garbage-first heap   total 119808K, used 97078K [0x0000000080000000, 0x0000000100000000)
  region size 1024K, 29 young (29696K), 3 survivors (3072K)
 Metaspace       used 60608K, committed 61248K, reserved 1105920K
  class space    used 8435K, committed 8704K, reserved 1048576K
}
Event: 14.458 GC heap after
{Heap after GC invocations=29 (full 0):
 garbage-first heap   total 144384K, used 71623K [0x0000000080000000, 0x0000000100000000)
  region size 1024K, 3 young (3072K), 3 survivors (3072K)
 Metaspace       used 60608K, committed 61248K, reserved 1105920K
  class space    used 8435K, committed 8704K, reserved 1048576K
}
Event: 14.727 GC heap before
{Heap before GC invocations=30 (full 0):
 garbage-first heap   total 144384K, used 81863K [0x0000000080000000, 0x0000000100000000)
  region size 1024K, 14 young (14336K), 3 survivors (3072K)
 Metaspace       used 62326K, committed 62976K, reserved 1105920K
  class space    used 8651K, committed 8960K, reserved 1048576K
}
Event: 14.732 GC heap after
{Heap after GC invocations=31 (full 0):
 garbage-first heap   total 144384K, used 71839K [0x0000000080000000, 0x0000000100000000)
  region size 1024K, 3 young (3072K), 3 survivors (3072K)
 Metaspace       used 62326K, committed 62976K, reserved 1105920K
  class space    used 8651K, committed 8960K, reserved 1048576K
}
Event: 15.532 GC heap before
{Heap before GC invocations=32 (full 0):
 garbage-first heap   total 144384K, used 113823K [0x0000000080000000, 0x0000000100000000)
  region size 1024K, 41 young (41984K), 3 survivors (3072K)
 Metaspace       used 68608K, committed 69248K, reserved 1114112K
  class space    used 9449K, committed 9728K, reserved 1048576K
}
Event: 15.537 GC heap after
{Heap after GC invocations=33 (full 0):
 garbage-first heap   total 144384K, used 76884K [0x0000000080000000, 0x0000000100000000)
  region size 1024K, 4 young (4096K), 4 survivors (4096K)
 Metaspace       used 68608K, committed 69248K, reserved 1114112K
  class space    used 9449K, committed 9728K, reserved 1048576K
}
Event: 16.108 GC heap before
{Heap before GC invocations=34 (full 0):
 garbage-first heap   total 152576K, used 123988K [0x0000000080000000, 0x0000000100000000)
  region size 1024K, 44 young (45056K), 4 survivors (4096K)
 Metaspace       used 69127K, committed 69760K, reserved 1114112K
  class space    used 9498K, committed 9792K, reserved 1048576K
}
Event: 16.129 GC heap after
{Heap after GC invocations=35 (full 0):
 garbage-first heap   total 152576K, used 86210K [0x0000000080000000, 0x0000000100000000)
  region size 1024K, 6 young (6144K), 6 survivors (6144K)
 Metaspace       used 69127K, committed 69760K, reserved 1114112K
  class space    used 9498K, committed 9792K, reserved 1048576K
}
Event: 16.713 GC heap before
{Heap before GC invocations=35 (full 0):
 garbage-first heap   total 152576K, used 113858K [0x0000000080000000, 0x0000000100000000)
  region size 1024K, 34 young (34816K), 6 survivors (6144K)
 Metaspace       used 73015K, committed 73664K, reserved 1114112K
  class space    used 9959K, committed 10240K, reserved 1048576K
}
Event: 16.727 GC heap after
{Heap after GC invocations=36 (full 0):
 garbage-first heap   total 152576K, used 89308K [0x0000000080000000, 0x0000000100000000)
  region size 1024K, 3 young (3072K), 3 survivors (3072K)
 Metaspace       used 73015K, committed 73664K, reserved 1114112K
  class space    used 9959K, committed 10240K, reserved 1048576K
}
Event: 17.414 GC heap before
{Heap before GC invocations=37 (full 0):
 garbage-first heap   total 167936K, used 130268K [0x0000000080000000, 0x0000000100000000)
  region size 1024K, 37 young (37888K), 3 survivors (3072K)
 Metaspace       used 77391K, committed 78016K, reserved 1122304K
  class space    used 10372K, committed 10688K, reserved 1048576K
}
Event: 17.422 GC heap after
{Heap after GC invocations=38 (full 0):
 garbage-first heap   total 167936K, used 98304K [0x0000000080000000, 0x0000000100000000)
  region size 1024K, 5 young (5120K), 5 survivors (5120K)
 Metaspace       used 77391K, committed 78016K, reserved 1122304K
  class space    used 10372K, committed 10688K, reserved 1048576K
}
Event: 18.267 GC heap before
{Heap before GC invocations=38 (full 0):
 garbage-first heap   total 167936K, used 136192K [0x0000000080000000, 0x0000000100000000)
  region size 1024K, 42 young (43008K), 5 survivors (5120K)
 Metaspace       used 82390K, committed 83008K, reserved 1122304K
  class space    used 10929K, committed 11200K, reserved 1048576K
}
Event: 18.277 GC heap after
{Heap after GC invocations=39 (full 0):
 garbage-first heap   total 167936K, used 101204K [0x0000000080000000, 0x0000000100000000)
  region size 1024K, 3 young (3072K), 3 survivors (3072K)
 Metaspace       used 82390K, committed 83008K, reserved 1122304K
  class space    used 10929K, committed 11200K, reserved 1048576K
}
Event: 19.072 GC heap before
{Heap before GC invocations=40 (full 0):
 garbage-first heap   total 178176K, used 131924K [0x0000000080000000, 0x0000000100000000)
  region size 1024K, 34 young (34816K), 3 survivors (3072K)
 Metaspace       used 87052K, committed 87680K, reserved 1130496K
  class space    used 11525K, committed 11840K, reserved 1048576K
}
Event: 19.082 GC heap after
{Heap after GC invocations=41 (full 0):
 garbage-first heap   total 178176K, used 103540K [0x0000000080000000, 0x0000000100000000)
  region size 1024K, 5 young (5120K), 5 survivors (5120K)
 Metaspace       used 87052K, committed 87680K, reserved 1130496K
  class space    used 11525K, committed 11840K, reserved 1048576K
}

Dll operation events (2 events):
Event: 0.012 Loaded shared library C:\Program Files\Android\Android Studio\jbr\bin\java.dll
Event: 1.089 Loaded shared library C:\Program Files\Android\Android Studio\jbr\bin\verify.dll

Deoptimization events (20 events):
Event: 18.060 Thread 0x0000022ae6f94360 DEOPT PACKING pc=0x0000022ad6aadd20 sp=0x000000a00c4f4a00
Event: 18.060 Thread 0x0000022ae6f94360 DEOPT UNPACKING pc=0x0000022ad63c69a3 sp=0x000000a00c4f48e0 mode 2
Event: 18.074 Thread 0x0000022ae6f94360 Uncommon trap: trap_request=0xffffff45 fr.pc=0x0000022ad6b691b8 relative=0x0000000000000578
Event: 18.074 Thread 0x0000022ae6f94360 Uncommon trap: reason=unstable_if action=reinterpret pc=0x0000022ad6b691b8 method=org.jetbrains.org.objectweb.asm.ClassReader.readUtf(II[C)Ljava/lang/String; @ 41 c2
Event: 18.074 Thread 0x0000022ae6f94360 DEOPT PACKING pc=0x0000022ad6b691b8 sp=0x000000a00c4f4200
Event: 18.074 Thread 0x0000022ae6f94360 DEOPT UNPACKING pc=0x0000022ad63c69a3 sp=0x000000a00c4f41c8 mode 2
Event: 18.075 Thread 0x0000022ae6f94360 Uncommon trap: trap_request=0xffffffc6 fr.pc=0x0000022ad6aaea14 relative=0x0000000000000254
Event: 18.075 Thread 0x0000022ae6f94360 Uncommon trap: reason=bimorphic_or_optimized_type_check action=maybe_recompile pc=0x0000022ad6aaea14 method=org.jetbrains.kotlin.protobuf.CodedInputStream.tryRefillBuffer(I)Z @ 177 c2
Event: 18.075 Thread 0x0000022ae6f94360 DEOPT PACKING pc=0x0000022ad6aaea14 sp=0x000000a00c4f4500
Event: 18.075 Thread 0x0000022ae6f94360 DEOPT UNPACKING pc=0x0000022ad63c69a3 sp=0x000000a00c4f4438 mode 2
Event: 18.278 Thread 0x0000022ae6f94360 DEOPT PACKING pc=0x0000022acf1b3cd4 sp=0x000000a00c4f3bb0
Event: 18.278 Thread 0x0000022ae6f94360 DEOPT UNPACKING pc=0x0000022ad63c7143 sp=0x000000a00c4f3108 mode 0
Event: 18.370 Thread 0x0000022ae6f94360 Uncommon trap: trap_request=0xffffff45 fr.pc=0x0000022ad6a6294c relative=0x000000000000004c
Event: 18.370 Thread 0x0000022ae6f94360 Uncommon trap: reason=unstable_if action=reinterpret pc=0x0000022ad6a6294c method=org.jetbrains.kotlin.protobuf.CodedOutputStream.computeRawVarint32Size(I)I @ 14 c2
Event: 18.370 Thread 0x0000022ae6f94360 DEOPT PACKING pc=0x0000022ad6a6294c sp=0x000000a00c4f4330
Event: 18.370 Thread 0x0000022ae6f94360 DEOPT UNPACKING pc=0x0000022ad63c69a3 sp=0x000000a00c4f42c8 mode 2
Event: 18.882 Thread 0x0000022ae6f94360 Uncommon trap: trap_request=0xffffff45 fr.pc=0x0000022ad6a3dd64 relative=0x00000000000000c4
Event: 18.882 Thread 0x0000022ae6f94360 Uncommon trap: reason=unstable_if action=reinterpret pc=0x0000022ad6a3dd64 method=java.text.StringCharacterIterator.current()C @ 19 c2
Event: 18.882 Thread 0x0000022ae6f94360 DEOPT PACKING pc=0x0000022ad6a3dd64 sp=0x000000a00c4f2630
Event: 18.882 Thread 0x0000022ae6f94360 DEOPT UNPACKING pc=0x0000022ad63c69a3 sp=0x000000a00c4f25c8 mode 2

Classes unloaded (0 events):
No events

Classes redefined (0 events):
No events

Internal exceptions (20 events):
Event: 12.749 Thread 0x0000022ae6f94360 Exception <a 'java/lang/NoSuchMethodError'{0x00000000862a19e8}: 'int java.lang.invoke.DelegatingMethodHandle$Holder.reinvoke_L(java.lang.Object, java.lang.Object, java.lang.Object, long, int, int)'> (0x00000000862a19e8) 
thrown [s\src\hotspot\share\interpreter\linkResolver.cpp, line 771]
Event: 12.752 Thread 0x0000022ae6f94360 Exception <a 'java/lang/NoSuchMethodError'{0x00000000862b15b8}: 'int java.lang.invoke.DelegatingMethodHandle$Holder.reinvoke_L(java.lang.Object, java.lang.Object, java.lang.Object, long, long, long)'> (0x00000000862b15b8) 
thrown [s\src\hotspot\share\interpreter\linkResolver.cpp, line 771]
Event: 12.755 Thread 0x0000022ae6f94360 Exception <a 'java/lang/NoSuchMethodError'{0x00000000862c1490}: 'int java.lang.invoke.DelegatingMethodHandle$Holder.reinvoke_L(java.lang.Object, java.lang.Object, java.lang.Object, long, java.lang.Object, java.lang.Object)'> (0x00000000862c1490) 
thrown [s\src\hotspot\share\interpreter\linkResolver.cpp, line 771]
Event: 12.757 Thread 0x0000022ae6f94360 Exception <a 'java/lang/NoSuchMethodError'{0x00000000862d11b0}: 'void java.lang.invoke.DelegatingMethodHandle$Holder.reinvoke_L(java.lang.Object, java.lang.Object, java.lang.Object, long, java.lang.Object)'> (0x00000000862d11b0) 
thrown [s\src\hotspot\share\interpreter\linkResolver.cpp, line 771]
Event: 12.762 Thread 0x0000022ae6f94360 Exception <a 'java/lang/NoSuchMethodError'{0x00000000862d9838}: 'java.lang.Object java.lang.invoke.DirectMethodHandle$Holder.invokeSpecial(java.lang.Object, java.lang.Object, java.lang.Object, java.lang.Object, long)'> (0x00000000862d9838) 
thrown [s\src\hotspot\share\interpreter\linkResolver.cpp, line 771]
Event: 12.767 Thread 0x0000022ae6f94360 Exception <a 'java/lang/NoSuchMethodError'{0x00000000862fe300}: 'long java.lang.invoke.Invokers$Holder.invoke_MT(java.lang.Object, java.lang.Object, java.lang.Object, java.lang.Object)'> (0x00000000862fe300) 
thrown [s\src\hotspot\share\interpreter\linkResolver.cpp, line 771]
Event: 12.769 Thread 0x0000022ae6f94360 Exception <a 'java/lang/NoSuchMethodError'{0x0000000086107e40}: 'int java.lang.invoke.Invokers$Holder.invoke_MT(java.lang.Object, java.lang.Object, java.lang.Object, java.lang.Object)'> (0x0000000086107e40) 
thrown [s\src\hotspot\share\interpreter\linkResolver.cpp, line 771]
Event: 12.773 Thread 0x0000022ae6f94360 Exception <a 'java/lang/NoSuchMethodError'{0x0000000086118e88}: 'int java.lang.invoke.DelegatingMethodHandle$Holder.reinvoke_L(java.lang.Object, java.lang.Object, java.lang.Object, long, int)'> (0x0000000086118e88) 
thrown [s\src\hotspot\share\interpreter\linkResolver.cpp, line 771]
Event: 12.777 Thread 0x0000022ae6f94360 Exception <a 'java/lang/NoSuchMethodError'{0x000000008612c2a8}: 'java.lang.Object java.lang.invoke.Invokers$Holder.invokeExact_MT(java.lang.Object, java.lang.Object, long, java.lang.Object)'> (0x000000008612c2a8) 
thrown [s\src\hotspot\share\interpreter\linkResolver.cpp, line 771]
Event: 14.440 Thread 0x0000022ae6f94360 Exception <a 'java/lang/NoSuchMethodError'{0x0000000085b950a0}: 'long java.lang.invoke.DirectMethodHandle$Holder.invokeStatic(java.lang.Object)'> (0x0000000085b950a0) 
thrown [s\src\hotspot\share\interpreter\linkResolver.cpp, line 771]
Event: 14.440 Thread 0x0000022ae6f94360 Exception <a 'java/lang/NoSuchMethodError'{0x0000000085b99c88}: 'long java.lang.invoke.DirectMethodHandle$Holder.invokeStaticInit(java.lang.Object)'> (0x0000000085b99c88) 
thrown [s\src\hotspot\share\interpreter\linkResolver.cpp, line 771]
Event: 14.724 Thread 0x0000022ae6f94360 Implicit null exception at 0x0000022ad6afd30c to 0x0000022ad6afd43e
Event: 14.806 Thread 0x0000022ae6f93020 Implicit null exception at 0x0000022ad6948ef2 to 0x0000022ad694948c
Event: 14.807 Thread 0x0000022ae6f93020 Implicit null exception at 0x0000022ad6949af2 to 0x0000022ad694a0a0
Event: 15.193 Thread 0x0000022ae6f94360 Exception <a 'java/lang/NoSuchMethodError'{0x0000000087303028}: 'void java.lang.invoke.DirectMethodHandle$Holder.invokeVirtual(java.lang.Object, java.lang.Object)'> (0x0000000087303028) 
thrown [s\src\hotspot\share\interpreter\linkResolver.cpp, line 771]
Event: 15.501 Thread 0x0000022ae6f94360 Exception <a 'java/lang/NoSuchMethodError'{0x000000008654b928}: 'java.lang.Object java.lang.invoke.Invokers$Holder.invoke_MT(java.lang.Object, java.lang.Object, java.lang.Object)'> (0x000000008654b928) 
thrown [s\src\hotspot\share\interpreter\linkResolver.cpp, line 771]
Event: 18.773 Thread 0x0000022ae6f94360 Exception <a 'java/lang/NoSuchMethodError'{0x0000000089b9c768}: 'java.lang.Object java.lang.invoke.DirectMethodHandle$Holder.invokeStatic(java.lang.Object, java.lang.Object, java.lang.Object, java.lang.Object, int)'> (0x0000000089b9c768) 
thrown [s\src\hotspot\share\interpreter\linkResolver.cpp, line 771]
Event: 18.774 Thread 0x0000022ae6f94360 Exception <a 'java/lang/NoSuchMethodError'{0x0000000089ba7898}: 'java.lang.Object java.lang.invoke.DirectMethodHandle$Holder.newInvokeSpecial(java.lang.Object, java.lang.Object, java.lang.Object, java.lang.Object, int)'> (0x0000000089ba7898) 
thrown [s\src\hotspot\share\interpreter\linkResolver.cpp, line 771]
Event: 18.775 Thread 0x0000022ae6f94360 Exception <a 'java/lang/NoSuchMethodError'{0x0000000089bad908}: 'java.lang.Object java.lang.invoke.DirectMethodHandle$Holder.invokeSpecial(java.lang.Object, java.lang.Object, java.lang.Object, java.lang.Object, java.lang.Object, int)'> (0x0000000089bad908) 
thrown [s\src\hotspot\share\interpreter\linkResolver.cpp, line 771]
Event: 18.775 Thread 0x0000022ae6f94360 Exception <a 'java/lang/NoSuchMethodError'{0x0000000089bb3328}: 'java.lang.Object java.lang.invoke.Invokers$Holder.linkToTargetMethod(java.lang.Object, java.lang.Object, java.lang.Object, int, java.lang.Object)'> (0x0000000089bb3328) 
thrown [s\src\hotspot\share\interpreter\linkResolver.cpp, line 771]

VM Operations (20 events):
Event: 17.414 Executing VM operation: G1CollectForAllocation
Event: 17.422 Executing VM operation: G1CollectForAllocation done
Event: 17.867 Executing VM operation: HandshakeAllThreads
Event: 17.867 Executing VM operation: HandshakeAllThreads done
Event: 17.909 Executing VM operation: HandshakeAllThreads
Event: 17.909 Executing VM operation: HandshakeAllThreads done
Event: 17.932 Executing VM operation: HandshakeAllThreads
Event: 17.932 Executing VM operation: HandshakeAllThreads done
Event: 18.036 Executing VM operation: HandshakeAllThreads
Event: 18.036 Executing VM operation: HandshakeAllThreads done
Event: 18.266 Executing VM operation: G1CollectForAllocation
Event: 18.277 Executing VM operation: G1CollectForAllocation done
Event: 18.407 Executing VM operation: G1Concurrent
Event: 18.411 Executing VM operation: G1Concurrent done
Event: 18.459 Executing VM operation: G1Concurrent
Event: 18.459 Executing VM operation: G1Concurrent done
Event: 18.743 Executing VM operation: HandshakeAllThreads
Event: 18.743 Executing VM operation: HandshakeAllThreads done
Event: 19.072 Executing VM operation: G1TryInitiateConcMark
Event: 19.082 Executing VM operation: G1TryInitiateConcMark done

Events (20 events):
Event: 16.663 Thread 0x0000022ae8dbf020 Thread exited: 0x0000022ae8dbf020
Event: 16.756 Thread 0x0000022aebf21270 Thread added: 0x0000022aebf21270
Event: 16.979 Thread 0x0000022aebf21270 Thread exited: 0x0000022aebf21270
Event: 17.909 loading class java/util/ArrayList$ListItr
Event: 17.909 loading class java/util/ArrayList$ListItr done
Event: 18.099 Thread 0x0000022ae9619d10 Thread added: 0x0000022ae9619d10
Event: 18.307 loading class java/text/StringCharacterIterator
Event: 18.307 loading class java/text/CharacterIterator
Event: 18.308 loading class java/text/CharacterIterator done
Event: 18.308 loading class java/text/StringCharacterIterator done
Event: 18.389 loading class java/io/NotSerializableException
Event: 18.389 loading class java/io/NotSerializableException done
Event: 18.701 loading class java/util/function/IntUnaryOperator
Event: 18.701 loading class java/util/function/IntUnaryOperator done
Event: 18.746 loading class java/util/AbstractList$SubList
Event: 18.746 loading class java/util/AbstractList$SubList done
Event: 18.746 loading class java/util/AbstractList$SubList$1
Event: 18.746 loading class java/util/AbstractList$SubList$1 done
Event: 18.746 loading class java/util/AbstractList$ListItr
Event: 18.747 loading class java/util/AbstractList$ListItr done


Dynamic libraries:
0x00007ff7af840000 - 0x00007ff7af84a000 	C:\Program Files\Android\Android Studio\jbr\bin\java.exe
0x00007ff987c70000 - 0x00007ff987e64000 	C:\Windows\SYSTEM32\ntdll.dll
0x00007ff986740000 - 0x00007ff9867fd000 	C:\Windows\System32\KERNEL32.DLL
0x00007ff9853c0000 - 0x00007ff985687000 	C:\Windows\System32\KERNELBASE.dll
0x00007ff985730000 - 0x00007ff985830000 	C:\Windows\System32\ucrtbase.dll
0x00007ff97ff80000 - 0x00007ff97ff97000 	C:\Program Files\Android\Android Studio\jbr\bin\jli.dll
0x00007ff9878d0000 - 0x00007ff987a70000 	C:\Windows\System32\USER32.dll
0x00007ff985c60000 - 0x00007ff985c82000 	C:\Windows\System32\win32u.dll
0x00007ff987a70000 - 0x00007ff987a9a000 	C:\Windows\System32\GDI32.dll
0x00007ff985ad0000 - 0x00007ff985bd9000 	C:\Windows\System32\gdi32full.dll
0x00007ff985690000 - 0x00007ff98572d000 	C:\Windows\System32\msvcp_win.dll
0x00007ff973bb0000 - 0x00007ff973bcb000 	C:\Program Files\Android\Android Studio\jbr\bin\VCRUNTIME140.dll
0x00007ff975210000 - 0x00007ff9754aa000 	C:\Windows\WinSxS\amd64_microsoft.windows.common-controls_6595b64144ccf1df_6.0.19041.1_none_b555e41d4684ddec\COMCTL32.dll
0x00007ff986210000 - 0x00007ff9862ae000 	C:\Windows\System32\msvcrt.dll
0x00007ff9861e0000 - 0x00007ff986210000 	C:\Windows\System32\IMM32.DLL
0x00007ff97eaa0000 - 0x00007ff97eaac000 	C:\Program Files\Android\Android Studio\jbr\bin\vcruntime140_1.dll
0x00007ff969c20000 - 0x00007ff969cad000 	C:\Program Files\Android\Android Studio\jbr\bin\msvcp140.dll
0x00007ff95a160000 - 0x00007ff95adce000 	C:\Program Files\Android\Android Studio\jbr\bin\server\jvm.dll
0x00007ff9862b0000 - 0x00007ff98635a000 	C:\Windows\System32\ADVAPI32.dll
0x00007ff986360000 - 0x00007ff9863fb000 	C:\Windows\System32\sechost.dll
0x00007ff986600000 - 0x00007ff986723000 	C:\Windows\System32\RPCRT4.dll
0x00007ff971430000 - 0x00007ff971439000 	C:\Windows\SYSTEM32\WSOCK32.dll
0x00007ff986940000 - 0x00007ff9869ab000 	C:\Windows\System32\WS2_32.dll
0x00007ff976c50000 - 0x00007ff976c77000 	C:\Windows\SYSTEM32\WINMM.dll
0x00007ff97a340000 - 0x00007ff97a34a000 	C:\Windows\SYSTEM32\VERSION.dll
0x00007ff983310000 - 0x00007ff983323000 	C:\Windows\SYSTEM32\kernel.appcore.dll
0x00007ff9812c0000 - 0x00007ff9812ca000 	C:\Program Files\Android\Android Studio\jbr\bin\jimage.dll
0x00007ff96f1e0000 - 0x00007ff96f3c4000 	C:\Windows\SYSTEM32\DBGHELP.DLL
0x00007ff96f170000 - 0x00007ff96f19c000 	C:\Windows\SYSTEM32\dbgcore.DLL
0x00007ff985be0000 - 0x00007ff985c5f000 	C:\Windows\System32\bcryptPrimitives.dll
0x00007ff981250000 - 0x00007ff981275000 	C:\Program Files\Android\Android Studio\jbr\bin\java.dll
0x00007ff9812a0000 - 0x00007ff9812b8000 	C:\Program Files\Android\Android Studio\jbr\bin\zip.dll
0x00007ff9869c0000 - 0x00007ff9870f1000 	C:\Windows\System32\SHELL32.dll
0x00007ff983510000 - 0x00007ff983c9a000 	C:\Windows\SYSTEM32\windows.storage.dll
0x00007ff987390000 - 0x00007ff9876e4000 	C:\Windows\System32\combase.dll
0x00007ff984d00000 - 0x00007ff984d2b000 	C:\Windows\SYSTEM32\Wldp.dll
0x00007ff9876f0000 - 0x00007ff98779e000 	C:\Windows\System32\SHCORE.dll
0x00007ff9868e0000 - 0x00007ff986935000 	C:\Windows\System32\shlwapi.dll
0x00007ff985300000 - 0x00007ff98531f000 	C:\Windows\SYSTEM32\profapi.dll
0x00007ff980610000 - 0x00007ff980629000 	C:\Program Files\Android\Android Studio\jbr\bin\net.dll
0x00007ff97d930000 - 0x00007ff97da30000 	C:\Windows\SYSTEM32\WINHTTP.dll
0x00007ff984af0000 - 0x00007ff984b5a000 	C:\Windows\system32\mswsock.dll
0x00007ff980360000 - 0x00007ff980376000 	C:\Program Files\Android\Android Studio\jbr\bin\nio.dll
0x00007ff980600000 - 0x00007ff980610000 	C:\Program Files\Android\Android Studio\jbr\bin\verify.dll
0x00007ff97ea10000 - 0x00007ff97ea37000 	D:\DOWNLOADS\JetPlayer\native\68d5fa5c4cc2d200863cafc0d521ce42e7d3e7ee720ec0a83991735586a16f82\windows-amd64\native-platform.dll
0x00007ff95b070000 - 0x00007ff95b1b4000 	D:\DOWNLOADS\JetPlayer\native\e376f236ea51e6404a007f0833ffe2c6e607c4080706a723a18a27aeea778392\windows-amd64\native-platform-file-events.dll
0x00007ff980350000 - 0x00007ff980359000 	C:\Program Files\Android\Android Studio\jbr\bin\management.dll
0x00007ff980210000 - 0x00007ff98021b000 	C:\Program Files\Android\Android Studio\jbr\bin\management_ext.dll
0x00007ff986730000 - 0x00007ff986738000 	C:\Windows\System32\PSAPI.DLL
0x00007ff9850a0000 - 0x00007ff9850b8000 	C:\Windows\SYSTEM32\CRYPTSP.dll
0x00007ff9844a0000 - 0x00007ff9844d4000 	C:\Windows\system32\rsaenh.dll
0x00007ff9859f0000 - 0x00007ff985a17000 	C:\Windows\System32\bcrypt.dll
0x00007ff985280000 - 0x00007ff9852ae000 	C:\Windows\SYSTEM32\USERENV.dll
0x00007ff984c70000 - 0x00007ff984c7c000 	C:\Windows\SYSTEM32\CRYPTBASE.dll
0x00007ff984800000 - 0x00007ff98483b000 	C:\Windows\SYSTEM32\IPHLPAPI.DLL
0x00007ff986400000 - 0x00007ff986409000 	C:\Windows\System32\NSI.dll
0x00007ff97f3a0000 - 0x00007ff97f3b7000 	C:\Windows\SYSTEM32\dhcpcsvc6.DLL
0x00007ff97f380000 - 0x00007ff97f39d000 	C:\Windows\SYSTEM32\dhcpcsvc.DLL
0x00007ff984840000 - 0x00007ff98490a000 	C:\Windows\SYSTEM32\DNSAPI.dll
0x00007ff980200000 - 0x00007ff980207000 	C:\Windows\system32\wshunix.dll

dbghelp: loaded successfully - version: 4.0.5 - missing functions: none
symbol engine: initialized successfully - sym options: 0x614 - pdb path: .;C:\Program Files\Android\Android Studio\jbr\bin;C:\Windows\SYSTEM32;C:\Windows\WinSxS\amd64_microsoft.windows.common-controls_6595b64144ccf1df_6.0.19041.1_none_b555e41d4684ddec;C:\Program Files\Android\Android Studio\jbr\bin\server;D:\DOWNLOADS\JetPlayer\native\68d5fa5c4cc2d200863cafc0d521ce42e7d3e7ee720ec0a83991735586a16f82\windows-amd64;D:\DOWNLOADS\JetPlayer\native\e376f236ea51e6404a007f0833ffe2c6e607c4080706a723a18a27aeea778392\windows-amd64

VM Arguments:
jvm_args: --add-opens=java.base/java.util=ALL-UNNAMED --add-opens=java.base/java.lang=ALL-UNNAMED --add-opens=java.base/java.lang.invoke=ALL-UNNAMED --add-opens=java.prefs/java.util.prefs=ALL-UNNAMED --add-opens=java.base/java.nio.charset=ALL-UNNAMED --add-opens=java.base/java.net=ALL-UNNAMED --add-opens=java.base/java.util.concurrent.atomic=ALL-UNNAMED -Xmx2048m -Dfile.encoding=UTF-8 -Duser.country=US -Duser.language=en -Duser.variant 
java_command: org.gradle.launcher.daemon.bootstrap.GradleDaemon 8.0
java_class_path (initial): D:\DOWNLOADS\JetPlayer\wrapper\dists\gradle-8.0-bin\ca5e32bp14vu59qr306oxotwh\gradle-8.0\lib\gradle-launcher-8.0.jar
Launcher Type: SUN_STANDARD

[Global flags]
     intx CICompilerCount                          = 3                                         {product} {ergonomic}
     uint ConcGCThreads                            = 1                                         {product} {ergonomic}
     uint G1ConcRefinementThreads                  = 4                                         {product} {ergonomic}
   size_t G1HeapRegionSize                         = 1048576                                   {product} {ergonomic}
    uintx GCDrainStackTargetSize                   = 64                                        {product} {ergonomic}
   size_t InitialHeapSize                          = 132120576                                 {product} {ergonomic}
   size_t MarkStackSize                            = 4194304                                   {product} {ergonomic}
   size_t MaxHeapSize                              = 2147483648                                {product} {command line}
   size_t MaxNewSize                               = 1287651328                                {product} {ergonomic}
   size_t MinHeapDeltaBytes                        = 1048576                                   {product} {ergonomic}
   size_t MinHeapSize                              = 8388608                                   {product} {ergonomic}
    uintx NonNMethodCodeHeapSize                   = 5832780                                {pd product} {ergonomic}
    uintx NonProfiledCodeHeapSize                  = 122912730                              {pd product} {ergonomic}
    uintx ProfiledCodeHeapSize                     = 122912730                              {pd product} {ergonomic}
    uintx ReservedCodeCacheSize                    = 251658240                              {pd product} {ergonomic}
     bool SegmentedCodeCache                       = true                                      {product} {ergonomic}
   size_t SoftMaxHeapSize                          = 2147483648                             {manageable} {ergonomic}
     bool UseCompressedClassPointers               = true                           {product lp64_product} {ergonomic}
     bool UseCompressedOops                        = true                           {product lp64_product} {ergonomic}
     bool UseG1GC                                  = true                                      {product} {ergonomic}
     bool UseLargePagesIndividualAllocation        = false                                  {pd product} {ergonomic}

Logging:
Log output configuration:
 #0: stdout all=warning uptime,level,tags
 #1: stderr all=off uptime,level,tags

Environment Variables:
JAVA_HOME=C:\Program Files\Zulu\zulu-17
PATH=C:\Program Files\Zulu\zulu-17\bin\;C:\Program Files\Common Files\Oracle\Java\javapath;C:\Program Files (x86)\Common Files\Oracle\Java\javapath;C:\Program Files\Zulu\zulu-8\bin\;C:\ProgramData\Oracle\Java\javapath;C:\Windows\system32;C:\Windows;C:\Windows\System32\Wbem;C:\Windows\System32\WindowsPowerShell\v1.0\;C:\Windows\System32\OpenSSH\;C:\Program Files (x86)\dotnet\;C:\Program Files\dotnet\;C:\Program Files (x86)\QuickTime\QTSystem\;D:\DOWNLOADS\gradle-8.3-all\gradle-8.3\bin;C:\Program Files\Git\cmd;C:\Program Files\Java\jdk-21\bin;C:\Users\ACER\AppData\Local\Microsoft\WindowsApps;C:\Users\ACER\AppData\Local\Programs\Microsoft VS Code\bin;C:\Program Files\Java\jdk-21\bin;
USERNAME=ACER
OS=Windows_NT
PROCESSOR_IDENTIFIER=Intel64 Family 6 Model 58 Stepping 9, GenuineIntel
TMP=C:\Users\ACER\AppData\Local\Temp
TEMP=C:\Users\ACER\AppData\Local\Temp


JNI global refs:
JNI global refs: 25, weak refs: 9

JNI global refs memory usage: 843, weak refs: 841


---------------  S Y S T E M  ---------------

OS:
 Windows 10 , 64 bit Build 19041 (10.0.19041.207)
OS uptime: 0 days 3:18 hours
Hyper-V role detected

CPU: total 4 (initial active 4) (2 cores per cpu, 2 threads per core) family 6 model 58 stepping 9 microcode 0x21, cx8, cmov, fxsr, ht, mmx, sse, sse2, sse3, ssse3, sse4.1, sse4.2, popcnt, tsc, tscinvbit, avx, aes, erms, clmul, vzeroupper, clflush, hv

Memory: 4k page, system-wide physical 8030M (944M free)
TotalPageFile size 10078M (AvailPageFile size 5M)
current process WorkingSet (physical memory assigned to process): 389M, peak: 389M
current process commit charge ("private bytes"): 416M, peak: 436M

vm_info: OpenJDK 64-Bit Server VM (17.0.6+0-b2043.56-10027231) for windows-amd64 JRE (17.0.6+0-b2043.56-10027231), built on Apr 28 2023 00:43:19 by "androidbuild" with MS VC++ 16.10 / 16.11 (VS2019)

END.
