#
# There is insufficient memory for the Java Runtime Environment to continue.
# Native memory allocation (malloc) failed to allocate 1723408 bytes for Chunk::new
# Possible reasons:
#   The system is out of physical RAM or swap space
#   The process is running with CompressedOops enabled, and the Java Heap may be blocking the growth of the native heap
# Possible solutions:
#   Reduce memory load on the system
#   Increase physical memory or swap space
#   Check if swap backing store is full
#   Decrease Java heap size (-Xmx/-Xms)
#   Decrease number of Java threads
#   Decrease Java thread stack sizes (-Xss)
#   Set larger code cache with -XX:ReservedCodeCacheSize=
#   JVM is running with Unscaled Compressed Oops mode in which the Java heap is
#     placed in the first 4GB address space. The Java Heap base address is the
#     maximum limit for the native heap growth. Please use -XX:HeapBaseMinAddress
#     to set the Java Heap base and to place the Java Heap above 4GB virtual address.
# This output file may be truncated or incomplete.
#
#  Out of Memory Error (arena.cpp:168), pid=2248, tid=9244
#
# JRE version: Java(TM) SE Runtime Environment (21.0.1+12) (build 21.0.1+12-LTS-29)
# Java VM: Java HotSpot(TM) 64-Bit Server VM (21.0.1+12-LTS-29, mixed mode, sharing, tiered, compressed oops, compressed class ptrs, g1 gc, windows-amd64)
# No core dump will be written. Minidumps are not enabled by default on client versions of Windows
#

---------------  S U M M A R Y ------------

Command Line: --add-opens=java.base/java.util=ALL-UNNAMED --add-opens=java.base/java.lang=ALL-UNNAMED --add-opens=java.base/java.lang.invoke=ALL-UNNAMED --add-opens=java.prefs/java.util.prefs=ALL-UNNAMED --add-opens=java.base/java.nio.charset=ALL-UNNAMED --add-opens=java.base/java.net=ALL-UNNAMED --add-opens=java.base/java.util.concurrent.atomic=ALL-UNNAMED -Xmx2048m -Dfile.encoding=UTF-8 -Duser.country=US -Duser.language=en -Duser.variant org.gradle.launcher.daemon.bootstrap.GradleDaemon 8.0

Host: Intel(R) Core(TM) i5-3210M CPU @ 2.50GHz, 4 cores, 7G,  Windows 10 , 64 bit Build 19041 (10.0.19041.207)
Time: Mon Jan 22 02:32:29 2024 SE Asia Standard Time elapsed time: 28.892948 seconds (0d 0h 0m 28s)

---------------  T H R E A D  ---------------

Current thread (0x000001ea8dc11300):  JavaThread "C2 CompilerThread1" daemon [_thread_in_native, id=9244, stack(0x0000001386700000,0x0000001386800000) (1024K)]


Current CompileTask:
C2:  28893 13608       4       org.jetbrains.kotlin.com.intellij.openapi.vfs.impl.jar.CoreJarVirtualFile::getPath (130 bytes)

Stack: [0x0000001386700000,0x0000001386800000]
Native frames: (J=compiled Java code, j=interpreted, Vv=VM code, C=native code)
V  [jvm.dll+0x6c9029]
V  [jvm.dll+0x854b81]
V  [jvm.dll+0x856e5e]
V  [jvm.dll+0x857543]
V  [jvm.dll+0x280c06]
V  [jvm.dll+0xc3ead]
V  [jvm.dll+0xc43c3]
V  [jvm.dll+0x3b576c]
V  [jvm.dll+0x382475]
V  [jvm.dll+0x3818ea]
V  [jvm.dll+0x249ad0]
V  [jvm.dll+0x2490b1]
V  [jvm.dll+0x1c9ca1]
V  [jvm.dll+0x2586b9]
V  [jvm.dll+0x256c9a]
V  [jvm.dll+0x3ef1b6]
V  [jvm.dll+0x7fd728]
V  [jvm.dll+0x6c777d]
C  [ucrtbase.dll+0x21542]
C  [KERNEL32.DLL+0x16fd4]
C  [ntdll.dll+0x4cec1]


---------------  P R O C E S S  ---------------

Threads class SMR info:
_java_thread_list=0x000001ea9b6216c0, length=83, elements={
0x000001ea23669660, 0x000001ea41834160, 0x000001ea41835080, 0x000001ea4183ee40,
0x000001ea4183f8a0, 0x000001ea41844310, 0x000001ea41844d70, 0x000001ea41849000,
0x000001ea41849aa0, 0x000001ea41adb720, 0x000001ea41adfdb0, 0x000001ea880acef0,
0x000001ea882fbd60, 0x000001ea88697570, 0x000001ea8872baa0, 0x000001ea887c2010,
0x000001ea88457830, 0x000001ea88457ea0, 0x000001ea8794cd60, 0x000001ea8794d3f0,
0x000001ea87949f70, 0x000001ea8794a600, 0x000001ea8794ac90, 0x000001ea8794b9b0,
0x000001ea88ce1270, 0x000001ea88ce0be0, 0x000001ea88ce4060, 0x000001ea88ce1900,
0x000001ea88ce2620, 0x000001ea88ce39d0, 0x000001ea88ce3340, 0x000001ea89c970e0,
0x000001ea89c942f0, 0x000001ea89c93c60, 0x000001ea89c94980, 0x000001ea89c95d30,
0x000001ea89627690, 0x000001ea8d817420, 0x000001ea8d810b20, 0x000001ea8d8111b0,
0x000001ea8d812bf0, 0x000001ea8dcc8000, 0x000001ea8dcc1070, 0x000001ea8dcc72e0,
0x000001ea8dcc65c0, 0x000001ea8dcc58a0, 0x000001ea8dcc2420, 0x000001ea8dcc4b80,
0x000001ea8dcc6c50, 0x000001ea8dcc7970, 0x000001ea8dcc8690, 0x000001ea8dcc1700,
0x000001ea8dcc5210, 0x000001ea8dcc5f30, 0x000001ea8dcc2ab0, 0x000001ea8dcc1d90,
0x000001ea8dcc37d0, 0x000001ea8dcc3140, 0x000001ea8dcc3e60, 0x000001ea8dcc44f0,
0x000001ea41890790, 0x000001ea4188d9a0, 0x000001ea4188e030, 0x000001ea4188e6c0,
0x000001ea4188cc80, 0x000001ea41890100, 0x000001ea4188fa70, 0x000001ea4188ed50,
0x000001ea4188f3e0, 0x000001ea418914b0, 0x000001ea4188d310, 0x000001ea41890e20,
0x000001ea41891b40, 0x000001ea418921d0, 0x000001ea41892860, 0x000001ea41892ef0,
0x000001ea41893580, 0x000001ea4188c5f0, 0x000001ea41893c10, 0x000001ea8dc11300,
0x000001ea8e4eaf70, 0x000001ea8e4ed040, 0x000001ea8e4edd60
}

Java Threads: ( => current thread )
  0x000001ea23669660 JavaThread "main"                              [_thread_blocked, id=8956, stack(0x0000001385500000,0x0000001385600000) (1024K)]
  0x000001ea41834160 JavaThread "Reference Handler"          daemon [_thread_blocked, id=6924, stack(0x0000001385d00000,0x0000001385e00000) (1024K)]
  0x000001ea41835080 JavaThread "Finalizer"                  daemon [_thread_blocked, id=2428, stack(0x0000001385e00000,0x0000001385f00000) (1024K)]
  0x000001ea4183ee40 JavaThread "Signal Dispatcher"          daemon [_thread_blocked, id=9592, stack(0x0000001385f00000,0x0000001386000000) (1024K)]
  0x000001ea4183f8a0 JavaThread "Attach Listener"            daemon [_thread_blocked, id=1184, stack(0x0000001386000000,0x0000001386100000) (1024K)]
  0x000001ea41844310 JavaThread "Service Thread"             daemon [_thread_blocked, id=7972, stack(0x0000001386100000,0x0000001386200000) (1024K)]
  0x000001ea41844d70 JavaThread "Monitor Deflation Thread"   daemon [_thread_blocked, id=4432, stack(0x0000001386200000,0x0000001386300000) (1024K)]
  0x000001ea41849000 JavaThread "C2 CompilerThread0"         daemon [_thread_in_native, id=4392, stack(0x0000001386300000,0x0000001386400000) (1024K)]
  0x000001ea41849aa0 JavaThread "C1 CompilerThread0"         daemon [_thread_in_native, id=8564, stack(0x0000001386400000,0x0000001386500000) (1024K)]
  0x000001ea41adb720 JavaThread "Common-Cleaner"             daemon [_thread_blocked, id=7628, stack(0x0000001386500000,0x0000001386600000) (1024K)]
  0x000001ea41adfdb0 JavaThread "Notification Thread"        daemon [_thread_blocked, id=10044, stack(0x0000001386600000,0x0000001386700000) (1024K)]
  0x000001ea880acef0 JavaThread "Daemon health stats"               [_thread_blocked, id=2404, stack(0x0000001386b00000,0x0000001386c00000) (1024K)]
  0x000001ea882fbd60 JavaThread "Incoming local TCP Connector on port 60804"        [_thread_in_native, id=4076, stack(0x0000001386c00000,0x0000001386d00000) (1024K)]
  0x000001ea88697570 JavaThread "Daemon periodic checks"            [_thread_blocked, id=6300, stack(0x0000001386d00000,0x0000001386e00000) (1024K)]
  0x000001ea8872baa0 JavaThread "Daemon"                            [_thread_blocked, id=9280, stack(0x0000001386e00000,0x0000001386f00000) (1024K)]
  0x000001ea887c2010 JavaThread "Handler for socket connection from /127.0.0.1:60804 to /127.0.0.1:60805"        [_thread_in_native, id=6564, stack(0x0000001386f00000,0x0000001387000000) (1024K)]
  0x000001ea88457830 JavaThread "Cancel handler"                    [_thread_blocked, id=2668, stack(0x0000001387000000,0x0000001387100000) (1024K)]
  0x000001ea88457ea0 JavaThread "Daemon worker"                     [_thread_in_Java, id=3288, stack(0x0000001387100000,0x0000001387200000) (1024K)]
  0x000001ea8794cd60 JavaThread "Asynchronous log dispatcher for DefaultDaemonConnection: socket connection from /127.0.0.1:60804 to /127.0.0.1:60805"        [_thread_blocked, id=2484, stack(0x0000001387200000,0x0000001387300000) (1024K)]
  0x000001ea8794d3f0 JavaThread "Stdin handler"                     [_thread_blocked, id=7180, stack(0x0000001387300000,0x0000001387400000) (1024K)]
  0x000001ea87949f70 JavaThread "Daemon client event forwarder"        [_thread_blocked, id=8252, stack(0x0000001387400000,0x0000001387500000) (1024K)]
  0x000001ea8794a600 JavaThread "Cache worker for journal cache (D:\DOWNLOADS\JetPlayer\caches\journal-1)"        [_thread_blocked, id=1820, stack(0x0000001387500000,0x0000001387600000) (1024K)]
  0x000001ea8794ac90 JavaThread "File lock request listener"        [_thread_in_native, id=1812, stack(0x0000001387600000,0x0000001387700000) (1024K)]
  0x000001ea8794b9b0 JavaThread "Cache worker for file hash cache (D:\DOWNLOADS\JetPlayer\caches\8.0\fileHashes)"        [_thread_blocked, id=7216, stack(0x0000001387700000,0x0000001387800000) (1024K)]
  0x000001ea88ce1270 JavaThread "File watcher server"        daemon [_thread_in_native, id=8852, stack(0x0000001387800000,0x0000001387900000) (1024K)]
  0x000001ea88ce0be0 JavaThread "File watcher consumer"      daemon [_thread_blocked, id=1596, stack(0x0000001387900000,0x0000001387a00000) (1024K)]
  0x000001ea88ce4060 JavaThread "jar transforms"                    [_thread_blocked, id=9772, stack(0x0000001387a00000,0x0000001387b00000) (1024K)]
  0x000001ea88ce1900 JavaThread "jar transforms Thread 2"           [_thread_blocked, id=5324, stack(0x0000001387b00000,0x0000001387c00000) (1024K)]
  0x000001ea88ce2620 JavaThread "jar transforms Thread 3"           [_thread_blocked, id=2268, stack(0x0000001387c00000,0x0000001387d00000) (1024K)]
  0x000001ea88ce39d0 JavaThread "jar transforms Thread 4"           [_thread_blocked, id=3276, stack(0x0000001387d00000,0x0000001387e00000) (1024K)]
  0x000001ea88ce3340 JavaThread "Cache worker for checksums cache (C:\Users\ACER\AndroidStudioProjects\ShoesCare\.gradle\8.0\checksums)"        [_thread_blocked, id=7484, stack(0x0000001387e00000,0x0000001387f00000) (1024K)]
  0x000001ea89c970e0 JavaThread "Cache worker for cache directory md-rule (D:\DOWNLOADS\JetPlayer\caches\8.0\md-rule)"        [_thread_blocked, id=1676, stack(0x0000001387f00000,0x0000001388000000) (1024K)]
  0x000001ea89c942f0 JavaThread "Cache worker for file content cache (D:\DOWNLOADS\JetPlayer\caches\8.0\fileContent)"        [_thread_blocked, id=4200, stack(0x0000001388000000,0x0000001388100000) (1024K)]
  0x000001ea89c93c60 JavaThread "Cache worker for file hash cache (C:\Users\ACER\AndroidStudioProjects\ShoesCare\.gradle\8.0\fileHashes)"        [_thread_blocked, id=5820, stack(0x0000001388100000,0x0000001388200000) (1024K)]
  0x000001ea89c94980 JavaThread "Cache worker for cache directory md-supplier (D:\DOWNLOADS\JetPlayer\caches\8.0\md-supplier)"        [_thread_blocked, id=8272, stack(0x0000001388200000,0x0000001388300000) (1024K)]
  0x000001ea89c95d30 JavaThread "Cache worker for execution history cache (D:\DOWNLOADS\JetPlayer\caches\8.0\executionHistory)"        [_thread_blocked, id=9168, stack(0x0000001388300000,0x0000001388400000) (1024K)]
  0x000001ea89627690 JavaThread "Cache worker for kotlin-dsl (D:\DOWNLOADS\JetPlayer\caches\8.0\kotlin-dsl)"        [_thread_blocked, id=7248, stack(0x0000001388400000,0x0000001388500000) (1024K)]
  0x000001ea8d817420 JavaThread "Cache worker for dependencies-accessors (C:\Users\ACER\AndroidStudioProjects\ShoesCare\.gradle\8.0\dependencies-accessors)"        [_thread_blocked, id=5988, stack(0x0000001388500000,0x0000001388600000) (1024K)]
  0x000001ea8d810b20 JavaThread "Cache worker for Build Output Cleanup Cache (C:\Users\ACER\AndroidStudioProjects\ShoesCare\.gradle\buildOutputCleanup)"        [_thread_blocked, id=8256, stack(0x0000001388600000,0x0000001388700000) (1024K)]
  0x000001ea8d8111b0 JavaThread "Unconstrained build operations"        [_thread_blocked, id=8880, stack(0x0000001388700000,0x0000001388800000) (1024K)]
  0x000001ea8d812bf0 JavaThread "Unconstrained build operations Thread 2"        [_thread_blocked, id=8864, stack(0x0000001388800000,0x0000001388900000) (1024K)]
  0x000001ea8dcc8000 JavaThread "Unconstrained build operations Thread 3"        [_thread_blocked, id=4388, stack(0x0000001388900000,0x0000001388a00000) (1024K)]
  0x000001ea8dcc1070 JavaThread "Unconstrained build operations Thread 4"        [_thread_blocked, id=1188, stack(0x0000001388a00000,0x0000001388b00000) (1024K)]
  0x000001ea8dcc72e0 JavaThread "Unconstrained build operations Thread 5"        [_thread_blocked, id=4376, stack(0x0000001388b00000,0x0000001388c00000) (1024K)]
  0x000001ea8dcc65c0 JavaThread "Unconstrained build operations Thread 6"        [_thread_blocked, id=5964, stack(0x0000001388c00000,0x0000001388d00000) (1024K)]
  0x000001ea8dcc58a0 JavaThread "Unconstrained build operations Thread 7"        [_thread_blocked, id=488, stack(0x0000001388d00000,0x0000001388e00000) (1024K)]
  0x000001ea8dcc2420 JavaThread "Unconstrained build operations Thread 8"        [_thread_blocked, id=2788, stack(0x0000001388e00000,0x0000001388f00000) (1024K)]
  0x000001ea8dcc4b80 JavaThread "Unconstrained build operations Thread 9"        [_thread_blocked, id=9764, stack(0x0000001388f00000,0x0000001389000000) (1024K)]
  0x000001ea8dcc6c50 JavaThread "Unconstrained build operations Thread 10"        [_thread_blocked, id=3336, stack(0x0000001389000000,0x0000001389100000) (1024K)]
  0x000001ea8dcc7970 JavaThread "Unconstrained build operations Thread 11"        [_thread_blocked, id=4156, stack(0x0000001389100000,0x0000001389200000) (1024K)]
  0x000001ea8dcc8690 JavaThread "Unconstrained build operations Thread 12"        [_thread_blocked, id=3724, stack(0x0000001389200000,0x0000001389300000) (1024K)]
  0x000001ea8dcc1700 JavaThread "Unconstrained build operations Thread 13"        [_thread_blocked, id=1632, stack(0x0000001389300000,0x0000001389400000) (1024K)]
  0x000001ea8dcc5210 JavaThread "Unconstrained build operations Thread 14"        [_thread_blocked, id=9636, stack(0x0000001389400000,0x0000001389500000) (1024K)]
  0x000001ea8dcc5f30 JavaThread "Unconstrained build operations Thread 15"        [_thread_blocked, id=5632, stack(0x0000001389500000,0x0000001389600000) (1024K)]
  0x000001ea8dcc2ab0 JavaThread "Unconstrained build operations Thread 16"        [_thread_blocked, id=2120, stack(0x0000001389600000,0x0000001389700000) (1024K)]
  0x000001ea8dcc1d90 JavaThread "Unconstrained build operations Thread 17"        [_thread_blocked, id=9952, stack(0x0000001389700000,0x0000001389800000) (1024K)]
  0x000001ea8dcc37d0 JavaThread "Unconstrained build operations Thread 18"        [_thread_blocked, id=8432, stack(0x0000001389800000,0x0000001389900000) (1024K)]
  0x000001ea8dcc3140 JavaThread "Unconstrained build operations Thread 19"        [_thread_blocked, id=7068, stack(0x0000001389900000,0x0000001389a00000) (1024K)]
  0x000001ea8dcc3e60 JavaThread "Unconstrained build operations Thread 20"        [_thread_blocked, id=8172, stack(0x0000001389a00000,0x0000001389b00000) (1024K)]
  0x000001ea8dcc44f0 JavaThread "Unconstrained build operations Thread 21"        [_thread_blocked, id=8684, stack(0x0000001389b00000,0x0000001389c00000) (1024K)]
  0x000001ea41890790 JavaThread "Unconstrained build operations Thread 22"        [_thread_blocked, id=4660, stack(0x0000001389c00000,0x0000001389d00000) (1024K)]
  0x000001ea4188d9a0 JavaThread "Unconstrained build operations Thread 23"        [_thread_blocked, id=6176, stack(0x0000001389d00000,0x0000001389e00000) (1024K)]
  0x000001ea4188e030 JavaThread "Unconstrained build operations Thread 24"        [_thread_blocked, id=5204, stack(0x0000001389e00000,0x0000001389f00000) (1024K)]
  0x000001ea4188e6c0 JavaThread "Unconstrained build operations Thread 25"        [_thread_blocked, id=1568, stack(0x0000001389f00000,0x000000138a000000) (1024K)]
  0x000001ea4188cc80 JavaThread "Unconstrained build operations Thread 26"        [_thread_blocked, id=3728, stack(0x000000138a000000,0x000000138a100000) (1024K)]
  0x000001ea41890100 JavaThread "Unconstrained build operations Thread 27"        [_thread_blocked, id=8980, stack(0x000000138a100000,0x000000138a200000) (1024K)]
  0x000001ea4188fa70 JavaThread "Unconstrained build operations Thread 28"        [_thread_blocked, id=3220, stack(0x000000138a200000,0x000000138a300000) (1024K)]
  0x000001ea4188ed50 JavaThread "Unconstrained build operations Thread 29"        [_thread_blocked, id=7472, stack(0x000000138a300000,0x000000138a400000) (1024K)]
  0x000001ea4188f3e0 JavaThread "Unconstrained build operations Thread 30"        [_thread_blocked, id=2408, stack(0x000000138a400000,0x000000138a500000) (1024K)]
  0x000001ea418914b0 JavaThread "Unconstrained build operations Thread 31"        [_thread_blocked, id=7848, stack(0x000000138a500000,0x000000138a600000) (1024K)]
  0x000001ea4188d310 JavaThread "Unconstrained build operations Thread 32"        [_thread_blocked, id=9164, stack(0x000000138a600000,0x000000138a700000) (1024K)]
  0x000001ea41890e20 JavaThread "Unconstrained build operations Thread 33"        [_thread_blocked, id=7448, stack(0x000000138a700000,0x000000138a800000) (1024K)]
  0x000001ea41891b40 JavaThread "Unconstrained build operations Thread 34"        [_thread_blocked, id=7508, stack(0x000000138a800000,0x000000138a900000) (1024K)]
  0x000001ea418921d0 JavaThread "Unconstrained build operations Thread 35"        [_thread_blocked, id=6764, stack(0x000000138a900000,0x000000138aa00000) (1024K)]
  0x000001ea41892860 JavaThread "Unconstrained build operations Thread 36"        [_thread_blocked, id=3056, stack(0x000000138aa00000,0x000000138ab00000) (1024K)]
  0x000001ea41892ef0 JavaThread "Unconstrained build operations Thread 37"        [_thread_blocked, id=8036, stack(0x000000138ab00000,0x000000138ac00000) (1024K)]
  0x000001ea41893580 JavaThread "Unconstrained build operations Thread 38"        [_thread_blocked, id=9304, stack(0x000000138ac00000,0x000000138ad00000) (1024K)]
  0x000001ea4188c5f0 JavaThread "Unconstrained build operations Thread 39"        [_thread_blocked, id=3376, stack(0x000000138ad00000,0x000000138ae00000) (1024K)]
  0x000001ea41893c10 JavaThread "Unconstrained build operations Thread 40"        [_thread_blocked, id=7728, stack(0x000000138ae00000,0x000000138af00000) (1024K)]
=>0x000001ea8dc11300 JavaThread "C2 CompilerThread1"         daemon [_thread_in_native, id=9244, stack(0x0000001386700000,0x0000001386800000) (1024K)]
  0x000001ea8e4eaf70 JavaThread "Memory manager"                    [_thread_blocked, id=1956, stack(0x000000138af00000,0x000000138b000000) (1024K)]
  0x000001ea8e4ed040 JavaThread "build event listener"              [_thread_blocked, id=8836, stack(0x000000138b000000,0x000000138b100000) (1024K)]
  0x000001ea8e4edd60 JavaThread "build event listener"              [_thread_blocked, id=1724, stack(0x000000138b100000,0x000000138b200000) (1024K)]
Total: 83

Other Threads:
  0x000001ea41810ff0 VMThread "VM Thread"                           [id=3028, stack(0x0000001385c00000,0x0000001385d00000) (1024K)]
  0x000001ea417fa450 WatcherThread "VM Periodic Task Thread"        [id=636, stack(0x0000001385b00000,0x0000001385c00000) (1024K)]
  0x000001ea2577b440 WorkerThread "GC Thread#0"                     [id=3212, stack(0x0000001385600000,0x0000001385700000) (1024K)]
  0x000001ea41d2e600 WorkerThread "GC Thread#1"                     [id=3980, stack(0x0000001386800000,0x0000001386900000) (1024K)]
  0x000001ea41d2e9a0 WorkerThread "GC Thread#2"                     [id=4512, stack(0x0000001386900000,0x0000001386a00000) (1024K)]
  0x000001ea87b07270 WorkerThread "GC Thread#3"                     [id=9104, stack(0x0000001386a00000,0x0000001386b00000) (1024K)]
  0x000001ea2578c4e0 ConcurrentGCThread "G1 Main Marker"            [id=3824, stack(0x0000001385700000,0x0000001385800000) (1024K)]
  0x000001ea2578d690 WorkerThread "G1 Conc#0"                       [id=8068, stack(0x0000001385800000,0x0000001385900000) (1024K)]
  0x000001ea416d10a0 ConcurrentGCThread "G1 Refine#0"               [id=9476, stack(0x0000001385900000,0x0000001385a00000) (1024K)]
  0x000001ea416d1b20 ConcurrentGCThread "G1 Service"                [id=1752, stack(0x0000001385a00000,0x0000001385b00000) (1024K)]
Total: 10

Threads with active compile tasks:
C2 CompilerThread0    28942 13316   !   4       org.jetbrains.kotlin.metadata.ProtoBuf$Class::<init> (2890 bytes)
C1 CompilerThread0    28942 13830       3       org.jetbrains.kotlin.load.java.structure.impl.classFiles.BinaryJavaAnnotationVisitor$1::invoke (18 bytes)
C2 CompilerThread1    28942 13608       4       org.jetbrains.kotlin.com.intellij.openapi.vfs.impl.jar.CoreJarVirtualFile::getPath (130 bytes)
Total: 3

VM state: not at safepoint (normal execution)

VM Mutex/Monitor currently owned by a thread: None

Heap address: 0x0000000080000000, size: 2048 MB, Compressed Oops mode: 32-bit

CDS archive(s) mapped at: [0x000001ea42000000-0x000001ea42c90000-0x000001ea42c90000), size 13172736, SharedBaseAddress: 0x000001ea42000000, ArchiveRelocationMode: 1.
Compressed class space mapped at: 0x000001ea43000000-0x000001ea83000000, reserved size: 1073741824
Narrow klass base: 0x000001ea42000000, Narrow klass shift: 0, Narrow klass range: 0x100000000

GC Precious Log:
 CardTable entry size: 512
 Card Set container configuration: InlinePtr #cards 5 size 8 Array Of Cards #cards 12 size 40 Howl #buckets 4 coarsen threshold 1843 Howl Bitmap #cards 512 size 80 coarsen threshold 460 Card regions per heap region 1 cards per card region 2048
 CPUs: 4 total, 4 available
 Memory: 8030M
 Large Page Support: Disabled
 NUMA Support: Disabled
 Compressed Oops: Enabled (32-bit)
 Heap Region Size: 1M
 Heap Min Capacity: 8M
 Heap Initial Capacity: 126M
 Heap Max Capacity: 2G
 Pre-touch: Disabled
 Parallel Workers: 4
 Concurrent Workers: 1
 Concurrent Refinement Workers: 4
 Periodic GC: Disabled

Heap:
 garbage-first heap   total 278528K, used 219033K [0x0000000080000000, 0x0000000100000000)
  region size 1024K, 47 young (48128K), 7 survivors (7168K)
 Metaspace       used 127731K, committed 130112K, reserved 1179648K
  class space    used 16531K, committed 17728K, reserved 1048576K

Heap Regions: E=young(eden), S=young(survivor), O=old, HS=humongous(starts), HC=humongous(continues), CS=collection set, F=free, TAMS=top-at-mark-start, PB=parsable bottom
|   0|0x0000000080000000, 0x0000000080100000, 0x0000000080100000|100%| O|  |TAMS 0x0000000080000000| PB 0x0000000080000000| Untracked 
|   1|0x0000000080100000, 0x0000000080200000, 0x0000000080200000|100%| O|  |TAMS 0x0000000080100000| PB 0x0000000080100000| Untracked 
|   2|0x0000000080200000, 0x0000000080300000, 0x0000000080300000|100%| O|  |TAMS 0x0000000080200000| PB 0x0000000080200000| Untracked 
|   3|0x0000000080300000, 0x0000000080400000, 0x0000000080400000|100%|HS|  |TAMS 0x0000000080300000| PB 0x0000000080300000| Complete 
|   4|0x0000000080400000, 0x0000000080500000, 0x0000000080500000|100%|HC|  |TAMS 0x0000000080400000| PB 0x0000000080400000| Complete 
|   5|0x0000000080500000, 0x0000000080600000, 0x0000000080600000|100%|HC|  |TAMS 0x0000000080500000| PB 0x0000000080500000| Complete 
|   6|0x0000000080600000, 0x0000000080700000, 0x0000000080700000|100%|HC|  |TAMS 0x0000000080600000| PB 0x0000000080600000| Complete 
|   7|0x0000000080700000, 0x0000000080800000, 0x0000000080800000|100%| O|  |TAMS 0x0000000080700000| PB 0x0000000080700000| Untracked 
|   8|0x0000000080800000, 0x0000000080900000, 0x0000000080900000|100%| O|  |TAMS 0x0000000080800000| PB 0x0000000080800000| Untracked 
|   9|0x0000000080900000, 0x0000000080a00000, 0x0000000080a00000|100%| O|  |TAMS 0x0000000080900000| PB 0x0000000080900000| Untracked 
|  10|0x0000000080a00000, 0x0000000080b00000, 0x0000000080b00000|100%| O|  |TAMS 0x0000000080a00000| PB 0x0000000080a00000| Untracked 
|  11|0x0000000080b00000, 0x0000000080c00000, 0x0000000080c00000|100%| O|  |TAMS 0x0000000080b00000| PB 0x0000000080b00000| Untracked 
|  12|0x0000000080c00000, 0x0000000080d00000, 0x0000000080d00000|100%| O|  |TAMS 0x0000000080c00000| PB 0x0000000080c00000| Untracked 
|  13|0x0000000080d00000, 0x0000000080e00000, 0x0000000080e00000|100%| O|  |TAMS 0x0000000080d00000| PB 0x0000000080d00000| Untracked 
|  14|0x0000000080e00000, 0x0000000080f00000, 0x0000000080f00000|100%| O|  |TAMS 0x0000000080e00000| PB 0x0000000080e00000| Untracked 
|  15|0x0000000080f00000, 0x0000000081000000, 0x0000000081000000|100%| O|  |TAMS 0x0000000080f00000| PB 0x0000000080f00000| Untracked 
|  16|0x0000000081000000, 0x0000000081100000, 0x0000000081100000|100%| O|  |TAMS 0x0000000081000000| PB 0x0000000081000000| Untracked 
|  17|0x0000000081100000, 0x0000000081200000, 0x0000000081200000|100%| O|  |TAMS 0x0000000081100000| PB 0x0000000081100000| Untracked 
|  18|0x0000000081200000, 0x0000000081300000, 0x0000000081300000|100%| O|  |TAMS 0x0000000081200000| PB 0x0000000081200000| Untracked 
|  19|0x0000000081300000, 0x0000000081400000, 0x0000000081400000|100%| O|  |TAMS 0x0000000081300000| PB 0x0000000081300000| Untracked 
|  20|0x0000000081400000, 0x0000000081500000, 0x0000000081500000|100%| O|  |TAMS 0x0000000081400000| PB 0x0000000081400000| Untracked 
|  21|0x0000000081500000, 0x0000000081600000, 0x0000000081600000|100%| O|  |TAMS 0x0000000081500000| PB 0x0000000081500000| Untracked 
|  22|0x0000000081600000, 0x0000000081700000, 0x0000000081700000|100%|HS|  |TAMS 0x0000000081600000| PB 0x0000000081600000| Complete 
|  23|0x0000000081700000, 0x0000000081800000, 0x0000000081800000|100%|HC|  |TAMS 0x0000000081700000| PB 0x0000000081700000| Complete 
|  24|0x0000000081800000, 0x0000000081900000, 0x0000000081900000|100%|HS|  |TAMS 0x0000000081800000| PB 0x0000000081800000| Complete 
|  25|0x0000000081900000, 0x0000000081a00000, 0x0000000081a00000|100%|HC|  |TAMS 0x0000000081900000| PB 0x0000000081900000| Complete 
|  26|0x0000000081a00000, 0x0000000081b00000, 0x0000000081b00000|100%|HC|  |TAMS 0x0000000081a00000| PB 0x0000000081a00000| Complete 
|  27|0x0000000081b00000, 0x0000000081c00000, 0x0000000081c00000|100%|HS|  |TAMS 0x0000000081b00000| PB 0x0000000081b00000| Complete 
|  28|0x0000000081c00000, 0x0000000081d00000, 0x0000000081d00000|100%|HC|  |TAMS 0x0000000081c00000| PB 0x0000000081c00000| Complete 
|  29|0x0000000081d00000, 0x0000000081e00000, 0x0000000081e00000|100%|HC|  |TAMS 0x0000000081d00000| PB 0x0000000081d00000| Complete 
|  30|0x0000000081e00000, 0x0000000081f00000, 0x0000000081f00000|100%|HS|  |TAMS 0x0000000081e00000| PB 0x0000000081e00000| Complete 
|  31|0x0000000081f00000, 0x0000000082000000, 0x0000000082000000|100%|HC|  |TAMS 0x0000000081f00000| PB 0x0000000081f00000| Complete 
|  32|0x0000000082000000, 0x0000000082100000, 0x0000000082100000|100%|HC|  |TAMS 0x0000000082000000| PB 0x0000000082000000| Complete 
|  33|0x0000000082100000, 0x0000000082200000, 0x0000000082200000|100%|HC|  |TAMS 0x0000000082100000| PB 0x0000000082100000| Complete 
|  34|0x0000000082200000, 0x0000000082300000, 0x0000000082300000|100%|HC|  |TAMS 0x0000000082200000| PB 0x0000000082200000| Complete 
|  35|0x0000000082300000, 0x0000000082400000, 0x0000000082400000|100%|HC|  |TAMS 0x0000000082300000| PB 0x0000000082300000| Complete 
|  36|0x0000000082400000, 0x0000000082500000, 0x0000000082500000|100%|HC|  |TAMS 0x0000000082400000| PB 0x0000000082400000| Complete 
|  37|0x0000000082500000, 0x0000000082600000, 0x0000000082600000|100%|HC|  |TAMS 0x0000000082500000| PB 0x0000000082500000| Complete 
|  38|0x0000000082600000, 0x0000000082700000, 0x0000000082700000|100%|HC|  |TAMS 0x0000000082600000| PB 0x0000000082600000| Complete 
|  39|0x0000000082700000, 0x0000000082800000, 0x0000000082800000|100%|HC|  |TAMS 0x0000000082700000| PB 0x0000000082700000| Complete 
|  40|0x0000000082800000, 0x0000000082900000, 0x0000000082900000|100%|HC|  |TAMS 0x0000000082800000| PB 0x0000000082800000| Complete 
|  41|0x0000000082900000, 0x0000000082a00000, 0x0000000082a00000|100%|HC|  |TAMS 0x0000000082900000| PB 0x0000000082900000| Complete 
|  42|0x0000000082a00000, 0x0000000082b00000, 0x0000000082b00000|100%|HS|  |TAMS 0x0000000082a00000| PB 0x0000000082a00000| Complete 
|  43|0x0000000082b00000, 0x0000000082c00000, 0x0000000082c00000|100%|HC|  |TAMS 0x0000000082b00000| PB 0x0000000082b00000| Complete 
|  44|0x0000000082c00000, 0x0000000082d00000, 0x0000000082d00000|100%| O|  |TAMS 0x0000000082c00000| PB 0x0000000082c00000| Untracked 
|  45|0x0000000082d00000, 0x0000000082e00000, 0x0000000082e00000|100%| O|  |TAMS 0x0000000082d00000| PB 0x0000000082d00000| Untracked 
|  46|0x0000000082e00000, 0x0000000082f00000, 0x0000000082f00000|100%| O|  |TAMS 0x0000000082e00000| PB 0x0000000082e00000| Untracked 
|  47|0x0000000082f00000, 0x0000000083000000, 0x0000000083000000|100%| O|  |TAMS 0x0000000082f00000| PB 0x0000000082f00000| Untracked 
|  48|0x0000000083000000, 0x0000000083100000, 0x0000000083100000|100%| O|  |TAMS 0x0000000083000000| PB 0x0000000083000000| Untracked 
|  49|0x0000000083100000, 0x0000000083200000, 0x0000000083200000|100%| O|  |TAMS 0x0000000083100000| PB 0x0000000083100000| Untracked 
|  50|0x0000000083200000, 0x0000000083300000, 0x0000000083300000|100%| O|  |TAMS 0x0000000083200000| PB 0x0000000083200000| Untracked 
|  51|0x0000000083300000, 0x0000000083400000, 0x0000000083400000|100%| O|  |TAMS 0x0000000083300000| PB 0x0000000083300000| Untracked 
|  52|0x0000000083400000, 0x0000000083500000, 0x0000000083500000|100%| O|  |TAMS 0x0000000083400000| PB 0x0000000083400000| Untracked 
|  53|0x0000000083500000, 0x0000000083500000, 0x0000000083600000|  0%| F|  |TAMS 0x0000000083500000| PB 0x0000000083500000| Untracked 
|  54|0x0000000083600000, 0x0000000083700000, 0x0000000083700000|100%| O|  |TAMS 0x0000000083600000| PB 0x0000000083600000| Untracked 
|  55|0x0000000083700000, 0x0000000083800000, 0x0000000083800000|100%| O|  |TAMS 0x0000000083700000| PB 0x0000000083700000| Untracked 
|  56|0x0000000083800000, 0x0000000083900000, 0x0000000083900000|100%| O|  |TAMS 0x0000000083800000| PB 0x0000000083800000| Untracked 
|  57|0x0000000083900000, 0x0000000083a00000, 0x0000000083a00000|100%|HS|  |TAMS 0x0000000083900000| PB 0x0000000083900000| Complete 
|  58|0x0000000083a00000, 0x0000000083b00000, 0x0000000083b00000|100%|HS|  |TAMS 0x0000000083a00000| PB 0x0000000083a00000| Complete 
|  59|0x0000000083b00000, 0x0000000083c00000, 0x0000000083c00000|100%|HC|  |TAMS 0x0000000083b00000| PB 0x0000000083b00000| Complete 
|  60|0x0000000083c00000, 0x0000000083d00000, 0x0000000083d00000|100%|HC|  |TAMS 0x0000000083c00000| PB 0x0000000083c00000| Complete 
|  61|0x0000000083d00000, 0x0000000083e00000, 0x0000000083e00000|100%|HS|  |TAMS 0x0000000083d00000| PB 0x0000000083d00000| Complete 
|  62|0x0000000083e00000, 0x0000000083f00000, 0x0000000083f00000|100%|HC|  |TAMS 0x0000000083e00000| PB 0x0000000083e00000| Complete 
|  63|0x0000000083f00000, 0x0000000084000000, 0x0000000084000000|100%|HC|  |TAMS 0x0000000083f00000| PB 0x0000000083f00000| Complete 
|  64|0x0000000084000000, 0x0000000084100000, 0x0000000084100000|100%| O|  |TAMS 0x0000000084000000| PB 0x0000000084000000| Untracked 
|  65|0x0000000084100000, 0x0000000084200000, 0x0000000084200000|100%|HS|  |TAMS 0x0000000084100000| PB 0x0000000084100000| Complete 
|  66|0x0000000084200000, 0x0000000084300000, 0x0000000084300000|100%|HC|  |TAMS 0x0000000084200000| PB 0x0000000084200000| Complete 
|  67|0x0000000084300000, 0x0000000084400000, 0x0000000084400000|100%|HC|  |TAMS 0x0000000084300000| PB 0x0000000084300000| Complete 
|  68|0x0000000084400000, 0x0000000084500000, 0x0000000084500000|100%|HC|  |TAMS 0x0000000084400000| PB 0x0000000084400000| Complete 
|  69|0x0000000084500000, 0x0000000084600000, 0x0000000084600000|100%| O|  |TAMS 0x0000000084500000| PB 0x0000000084500000| Untracked 
|  70|0x0000000084600000, 0x0000000084700000, 0x0000000084700000|100%| O|  |TAMS 0x0000000084600000| PB 0x0000000084600000| Untracked 
|  71|0x0000000084700000, 0x0000000084800000, 0x0000000084800000|100%| O|  |TAMS 0x0000000084700000| PB 0x0000000084700000| Untracked 
|  72|0x0000000084800000, 0x0000000084900000, 0x0000000084900000|100%| O|  |TAMS 0x0000000084800000| PB 0x0000000084800000| Untracked 
|  73|0x0000000084900000, 0x0000000084a00000, 0x0000000084a00000|100%| O|  |TAMS 0x0000000084900000| PB 0x0000000084900000| Untracked 
|  74|0x0000000084a00000, 0x0000000084b00000, 0x0000000084b00000|100%| O|  |TAMS 0x0000000084a00000| PB 0x0000000084a00000| Untracked 
|  75|0x0000000084b00000, 0x0000000084c00000, 0x0000000084c00000|100%| O|  |TAMS 0x0000000084b00000| PB 0x0000000084b00000| Untracked 
|  76|0x0000000084c00000, 0x0000000084d00000, 0x0000000084d00000|100%| O|  |TAMS 0x0000000084c00000| PB 0x0000000084c00000| Untracked 
|  77|0x0000000084d00000, 0x0000000084e00000, 0x0000000084e00000|100%| O|  |TAMS 0x0000000084d00000| PB 0x0000000084d00000| Untracked 
|  78|0x0000000084e00000, 0x0000000084f00000, 0x0000000084f00000|100%| O|  |TAMS 0x0000000084e00000| PB 0x0000000084e00000| Untracked 
|  79|0x0000000084f00000, 0x0000000085000000, 0x0000000085000000|100%| O|  |TAMS 0x0000000084f00000| PB 0x0000000084f00000| Untracked 
|  80|0x0000000085000000, 0x0000000085100000, 0x0000000085100000|100%| O|  |TAMS 0x0000000085000000| PB 0x0000000085000000| Untracked 
|  81|0x0000000085100000, 0x0000000085200000, 0x0000000085200000|100%| O|  |TAMS 0x0000000085100000| PB 0x0000000085100000| Untracked 
|  82|0x0000000085200000, 0x0000000085300000, 0x0000000085300000|100%| O|  |TAMS 0x0000000085200000| PB 0x0000000085200000| Untracked 
|  83|0x0000000085300000, 0x0000000085400000, 0x0000000085400000|100%| O|  |TAMS 0x0000000085300000| PB 0x0000000085300000| Untracked 
|  84|0x0000000085400000, 0x0000000085500000, 0x0000000085500000|100%| O|  |TAMS 0x0000000085400000| PB 0x0000000085400000| Untracked 
|  85|0x0000000085500000, 0x0000000085600000, 0x0000000085600000|100%| O|  |TAMS 0x0000000085500000| PB 0x0000000085500000| Untracked 
|  86|0x0000000085600000, 0x0000000085700000, 0x0000000085700000|100%|HS|  |TAMS 0x0000000085600000| PB 0x0000000085600000| Complete 
|  87|0x0000000085700000, 0x0000000085800000, 0x0000000085800000|100%|HC|  |TAMS 0x0000000085700000| PB 0x0000000085700000| Complete 
|  88|0x0000000085800000, 0x0000000085900000, 0x0000000085900000|100%|HC|  |TAMS 0x0000000085800000| PB 0x0000000085800000| Complete 
|  89|0x0000000085900000, 0x0000000085a00000, 0x0000000085a00000|100%|HC|  |TAMS 0x0000000085900000| PB 0x0000000085900000| Complete 
|  90|0x0000000085a00000, 0x0000000085b00000, 0x0000000085b00000|100%|HC|  |TAMS 0x0000000085a00000| PB 0x0000000085a00000| Complete 
|  91|0x0000000085b00000, 0x0000000085c00000, 0x0000000085c00000|100%|HC|  |TAMS 0x0000000085b00000| PB 0x0000000085b00000| Complete 
|  92|0x0000000085c00000, 0x0000000085d00000, 0x0000000085d00000|100%| O|  |TAMS 0x0000000085c00000| PB 0x0000000085c00000| Untracked 
|  93|0x0000000085d00000, 0x0000000085e00000, 0x0000000085e00000|100%| O|  |TAMS 0x0000000085d00000| PB 0x0000000085d00000| Untracked 
|  94|0x0000000085e00000, 0x0000000085f00000, 0x0000000085f00000|100%| O|  |TAMS 0x0000000085e00000| PB 0x0000000085e00000| Untracked 
|  95|0x0000000085f00000, 0x0000000086000000, 0x0000000086000000|100%| O|  |TAMS 0x0000000085f00000| PB 0x0000000085f00000| Untracked 
|  96|0x0000000086000000, 0x0000000086100000, 0x0000000086100000|100%| O|  |TAMS 0x0000000086000000| PB 0x0000000086000000| Untracked 
|  97|0x0000000086100000, 0x0000000086200000, 0x0000000086200000|100%|HS|  |TAMS 0x0000000086100000| PB 0x0000000086100000| Complete 
|  98|0x0000000086200000, 0x0000000086300000, 0x0000000086300000|100%| O|  |TAMS 0x0000000086200000| PB 0x0000000086200000| Untracked 
|  99|0x0000000086300000, 0x0000000086300000, 0x0000000086400000|  0%| F|  |TAMS 0x0000000086300000| PB 0x0000000086300000| Untracked 
| 100|0x0000000086400000, 0x0000000086500000, 0x0000000086500000|100%| O|  |TAMS 0x0000000086400000| PB 0x0000000086400000| Untracked 
| 101|0x0000000086500000, 0x0000000086600000, 0x0000000086600000|100%| O|  |TAMS 0x0000000086500000| PB 0x0000000086500000| Untracked 
| 102|0x0000000086600000, 0x0000000086700000, 0x0000000086700000|100%| O|  |TAMS 0x0000000086600000| PB 0x0000000086600000| Untracked 
| 103|0x0000000086700000, 0x0000000086700000, 0x0000000086800000|  0%| F|  |TAMS 0x0000000086700000| PB 0x0000000086700000| Untracked 
| 104|0x0000000086800000, 0x0000000086900000, 0x0000000086900000|100%| O|  |TAMS 0x0000000086800000| PB 0x0000000086800000| Untracked 
| 105|0x0000000086900000, 0x0000000086a00000, 0x0000000086a00000|100%| O|  |TAMS 0x0000000086900000| PB 0x0000000086900000| Untracked 
| 106|0x0000000086a00000, 0x0000000086a00000, 0x0000000086b00000|  0%| F|  |TAMS 0x0000000086a00000| PB 0x0000000086a00000| Untracked 
| 107|0x0000000086b00000, 0x0000000086c00000, 0x0000000086c00000|100%| O|  |TAMS 0x0000000086b00000| PB 0x0000000086b00000| Untracked 
| 108|0x0000000086c00000, 0x0000000086d00000, 0x0000000086d00000|100%| O|  |TAMS 0x0000000086c00000| PB 0x0000000086c00000| Untracked 
| 109|0x0000000086d00000, 0x0000000086d00000, 0x0000000086e00000|  0%| F|  |TAMS 0x0000000086d00000| PB 0x0000000086d00000| Untracked 
| 110|0x0000000086e00000, 0x0000000086f00000, 0x0000000086f00000|100%| O|  |TAMS 0x0000000086e00000| PB 0x0000000086e00000| Untracked 
| 111|0x0000000086f00000, 0x0000000087000000, 0x0000000087000000|100%| O|  |TAMS 0x0000000086f00000| PB 0x0000000086f00000| Untracked 
| 112|0x0000000087000000, 0x0000000087100000, 0x0000000087100000|100%| O|  |TAMS 0x0000000087000000| PB 0x0000000087000000| Untracked 
| 113|0x0000000087100000, 0x0000000087200000, 0x0000000087200000|100%|HS|  |TAMS 0x0000000087100000| PB 0x0000000087100000| Complete 
| 114|0x0000000087200000, 0x0000000087300000, 0x0000000087300000|100%|HC|  |TAMS 0x0000000087200000| PB 0x0000000087200000| Complete 
| 115|0x0000000087300000, 0x0000000087400000, 0x0000000087400000|100%|HS|  |TAMS 0x0000000087300000| PB 0x0000000087300000| Complete 
| 116|0x0000000087400000, 0x0000000087500000, 0x0000000087500000|100%|HS|  |TAMS 0x0000000087400000| PB 0x0000000087400000| Complete 
| 117|0x0000000087500000, 0x0000000087600000, 0x0000000087600000|100%|HC|  |TAMS 0x0000000087500000| PB 0x0000000087500000| Complete 
| 118|0x0000000087600000, 0x0000000087700000, 0x0000000087700000|100%|HC|  |TAMS 0x0000000087600000| PB 0x0000000087600000| Complete 
| 119|0x0000000087700000, 0x0000000087800000, 0x0000000087800000|100%|HC|  |TAMS 0x0000000087700000| PB 0x0000000087700000| Complete 
| 120|0x0000000087800000, 0x0000000087900000, 0x0000000087900000|100%| O|  |TAMS 0x0000000087800000| PB 0x0000000087800000| Untracked 
| 121|0x0000000087900000, 0x0000000087a00000, 0x0000000087a00000|100%| O|  |TAMS 0x0000000087900000| PB 0x0000000087900000| Untracked 
| 122|0x0000000087a00000, 0x0000000087b00000, 0x0000000087b00000|100%| O|  |TAMS 0x0000000087a00000| PB 0x0000000087a00000| Untracked 
| 123|0x0000000087b00000, 0x0000000087c00000, 0x0000000087c00000|100%| O|  |TAMS 0x0000000087b00000| PB 0x0000000087b00000| Untracked 
| 124|0x0000000087c00000, 0x0000000087d00000, 0x0000000087d00000|100%| O|  |TAMS 0x0000000087c00000| PB 0x0000000087c00000| Untracked 
| 125|0x0000000087d00000, 0x0000000087e00000, 0x0000000087e00000|100%| O|  |TAMS 0x0000000087d00000| PB 0x0000000087d00000| Untracked 
| 126|0x0000000087e00000, 0x0000000087f00000, 0x0000000087f00000|100%| O|  |TAMS 0x0000000087e00000| PB 0x0000000087e00000| Untracked 
| 127|0x0000000087f00000, 0x0000000088000000, 0x0000000088000000|100%| O|  |TAMS 0x0000000087f00000| PB 0x0000000087f00000| Untracked 
| 128|0x0000000088000000, 0x0000000088100000, 0x0000000088100000|100%| O|  |TAMS 0x0000000088000000| PB 0x0000000088000000| Untracked 
| 129|0x0000000088100000, 0x0000000088200000, 0x0000000088200000|100%| O|  |TAMS 0x0000000088100000| PB 0x0000000088100000| Untracked 
| 130|0x0000000088200000, 0x0000000088300000, 0x0000000088300000|100%| O|  |TAMS 0x0000000088200000| PB 0x0000000088200000| Untracked 
| 131|0x0000000088300000, 0x0000000088400000, 0x0000000088400000|100%| O|  |TAMS 0x0000000088300000| PB 0x0000000088300000| Untracked 
| 132|0x0000000088400000, 0x0000000088500000, 0x0000000088500000|100%| O|  |TAMS 0x0000000088400000| PB 0x0000000088400000| Untracked 
| 133|0x0000000088500000, 0x0000000088600000, 0x0000000088600000|100%| O|  |TAMS 0x0000000088500000| PB 0x0000000088500000| Untracked 
| 134|0x0000000088600000, 0x0000000088700000, 0x0000000088700000|100%| O|  |TAMS 0x0000000088600000| PB 0x0000000088600000| Untracked 
| 135|0x0000000088700000, 0x0000000088800000, 0x0000000088800000|100%| O|  |TAMS 0x0000000088700000| PB 0x0000000088700000| Untracked 
| 136|0x0000000088800000, 0x0000000088900000, 0x0000000088900000|100%| O|  |TAMS 0x0000000088800000| PB 0x0000000088800000| Untracked 
| 137|0x0000000088900000, 0x0000000088a00000, 0x0000000088a00000|100%| O|  |TAMS 0x0000000088900000| PB 0x0000000088900000| Untracked 
| 138|0x0000000088a00000, 0x0000000088b00000, 0x0000000088b00000|100%| O|  |TAMS 0x0000000088a00000| PB 0x0000000088a00000| Untracked 
| 139|0x0000000088b00000, 0x0000000088c00000, 0x0000000088c00000|100%| O|  |TAMS 0x0000000088b00000| PB 0x0000000088b00000| Untracked 
| 140|0x0000000088c00000, 0x0000000088d00000, 0x0000000088d00000|100%| O|  |TAMS 0x0000000088c00000| PB 0x0000000088c00000| Untracked 
| 141|0x0000000088d00000, 0x0000000088e00000, 0x0000000088e00000|100%| O|  |TAMS 0x0000000088d00000| PB 0x0000000088d00000| Untracked 
| 142|0x0000000088e00000, 0x0000000088f00000, 0x0000000088f00000|100%| O|  |TAMS 0x0000000088e00000| PB 0x0000000088e00000| Untracked 
| 143|0x0000000088f00000, 0x0000000089000000, 0x0000000089000000|100%| O|  |TAMS 0x0000000088f00000| PB 0x0000000088f00000| Untracked 
| 144|0x0000000089000000, 0x0000000089100000, 0x0000000089100000|100%| O|  |TAMS 0x0000000089000000| PB 0x0000000089000000| Untracked 
| 145|0x0000000089100000, 0x0000000089200000, 0x0000000089200000|100%| O|  |TAMS 0x0000000089100000| PB 0x0000000089100000| Untracked 
| 146|0x0000000089200000, 0x0000000089300000, 0x0000000089300000|100%| O|  |TAMS 0x0000000089200000| PB 0x0000000089200000| Untracked 
| 147|0x0000000089300000, 0x0000000089400000, 0x0000000089400000|100%| O|  |TAMS 0x0000000089300000| PB 0x0000000089300000| Untracked 
| 148|0x0000000089400000, 0x0000000089500000, 0x0000000089500000|100%| O|  |TAMS 0x0000000089400000| PB 0x0000000089400000| Untracked 
| 149|0x0000000089500000, 0x0000000089600000, 0x0000000089600000|100%| O|  |TAMS 0x0000000089500000| PB 0x0000000089500000| Untracked 
| 150|0x0000000089600000, 0x0000000089700000, 0x0000000089700000|100%| O|  |TAMS 0x0000000089600000| PB 0x0000000089600000| Untracked 
| 151|0x0000000089700000, 0x0000000089800000, 0x0000000089800000|100%| O|  |TAMS 0x0000000089700000| PB 0x0000000089700000| Untracked 
| 152|0x0000000089800000, 0x0000000089900000, 0x0000000089900000|100%| O|  |TAMS 0x0000000089800000| PB 0x0000000089800000| Untracked 
| 153|0x0000000089900000, 0x0000000089a00000, 0x0000000089a00000|100%| O|  |TAMS 0x0000000089900000| PB 0x0000000089900000| Untracked 
| 154|0x0000000089a00000, 0x0000000089b00000, 0x0000000089b00000|100%| O|  |TAMS 0x0000000089a00000| PB 0x0000000089a00000| Untracked 
| 155|0x0000000089b00000, 0x0000000089c00000, 0x0000000089c00000|100%| O|  |TAMS 0x0000000089b00000| PB 0x0000000089b00000| Untracked 
| 156|0x0000000089c00000, 0x0000000089d00000, 0x0000000089d00000|100%| O|  |TAMS 0x0000000089c00000| PB 0x0000000089c00000| Untracked 
| 157|0x0000000089d00000, 0x0000000089d00000, 0x0000000089e00000|  0%| F|  |TAMS 0x0000000089d00000| PB 0x0000000089d00000| Untracked 
| 158|0x0000000089e00000, 0x0000000089f00000, 0x0000000089f00000|100%| O|  |TAMS 0x0000000089e00000| PB 0x0000000089e00000| Untracked 
| 159|0x0000000089f00000, 0x000000008a000000, 0x000000008a000000|100%| O|  |TAMS 0x0000000089f00000| PB 0x0000000089f00000| Untracked 
| 160|0x000000008a000000, 0x000000008a100000, 0x000000008a100000|100%| O|  |TAMS 0x000000008a000000| PB 0x000000008a000000| Untracked 
| 161|0x000000008a100000, 0x000000008a200000, 0x000000008a200000|100%| O|  |TAMS 0x000000008a100000| PB 0x000000008a100000| Untracked 
| 162|0x000000008a200000, 0x000000008a300000, 0x000000008a300000|100%| O|  |TAMS 0x000000008a200000| PB 0x000000008a200000| Untracked 
| 163|0x000000008a300000, 0x000000008a400000, 0x000000008a400000|100%| O|  |TAMS 0x000000008a300000| PB 0x000000008a300000| Untracked 
| 164|0x000000008a400000, 0x000000008a500000, 0x000000008a500000|100%| O|  |TAMS 0x000000008a400000| PB 0x000000008a400000| Untracked 
| 165|0x000000008a500000, 0x000000008a600000, 0x000000008a600000|100%| O|  |TAMS 0x000000008a500000| PB 0x000000008a500000| Untracked 
| 166|0x000000008a600000, 0x000000008a700000, 0x000000008a700000|100%| O|  |TAMS 0x000000008a600000| PB 0x000000008a600000| Untracked 
| 167|0x000000008a700000, 0x000000008a800000, 0x000000008a800000|100%| O|  |TAMS 0x000000008a700000| PB 0x000000008a700000| Untracked 
| 168|0x000000008a800000, 0x000000008a900000, 0x000000008a900000|100%| O|  |TAMS 0x000000008a800000| PB 0x000000008a800000| Untracked 
| 169|0x000000008a900000, 0x000000008aa00000, 0x000000008aa00000|100%| O|  |TAMS 0x000000008a900000| PB 0x000000008a900000| Untracked 
| 170|0x000000008aa00000, 0x000000008ab00000, 0x000000008ab00000|100%| O|  |TAMS 0x000000008aa00000| PB 0x000000008aa00000| Untracked 
| 171|0x000000008ab00000, 0x000000008ab00000, 0x000000008ac00000|  0%| F|  |TAMS 0x000000008ab00000| PB 0x000000008ab00000| Untracked 
| 172|0x000000008ac00000, 0x000000008ac00000, 0x000000008ad00000|  0%| F|  |TAMS 0x000000008ac00000| PB 0x000000008ac00000| Untracked 
| 173|0x000000008ad00000, 0x000000008ad00000, 0x000000008ae00000|  0%| F|  |TAMS 0x000000008ad00000| PB 0x000000008ad00000| Untracked 
| 174|0x000000008ae00000, 0x000000008ae00000, 0x000000008af00000|  0%| F|  |TAMS 0x000000008ae00000| PB 0x000000008ae00000| Untracked 
| 175|0x000000008af00000, 0x000000008af00000, 0x000000008b000000|  0%| F|  |TAMS 0x000000008af00000| PB 0x000000008af00000| Untracked 
| 176|0x000000008b000000, 0x000000008b000000, 0x000000008b100000|  0%| F|  |TAMS 0x000000008b000000| PB 0x000000008b000000| Untracked 
| 177|0x000000008b100000, 0x000000008b100000, 0x000000008b200000|  0%| F|  |TAMS 0x000000008b100000| PB 0x000000008b100000| Untracked 
| 178|0x000000008b200000, 0x000000008b200000, 0x000000008b300000|  0%| F|  |TAMS 0x000000008b200000| PB 0x000000008b200000| Untracked 
| 179|0x000000008b300000, 0x000000008b300000, 0x000000008b400000|  0%| F|  |TAMS 0x000000008b300000| PB 0x000000008b300000| Untracked 
| 180|0x000000008b400000, 0x000000008b400000, 0x000000008b500000|  0%| F|  |TAMS 0x000000008b400000| PB 0x000000008b400000| Untracked 
| 181|0x000000008b500000, 0x000000008b500000, 0x000000008b600000|  0%| F|  |TAMS 0x000000008b500000| PB 0x000000008b500000| Untracked 
| 182|0x000000008b600000, 0x000000008b600000, 0x000000008b700000|  0%| F|  |TAMS 0x000000008b600000| PB 0x000000008b600000| Untracked 
| 183|0x000000008b700000, 0x000000008b700000, 0x000000008b800000|  0%| F|  |TAMS 0x000000008b700000| PB 0x000000008b700000| Untracked 
| 184|0x000000008b800000, 0x000000008b800000, 0x000000008b900000|  0%| F|  |TAMS 0x000000008b800000| PB 0x000000008b800000| Untracked 
| 185|0x000000008b900000, 0x000000008b900000, 0x000000008ba00000|  0%| F|  |TAMS 0x000000008b900000| PB 0x000000008b900000| Untracked 
| 186|0x000000008ba00000, 0x000000008ba00000, 0x000000008bb00000|  0%| F|  |TAMS 0x000000008ba00000| PB 0x000000008ba00000| Untracked 
| 187|0x000000008bb00000, 0x000000008bbe67d0, 0x000000008bc00000| 90%| S|CS|TAMS 0x000000008bb00000| PB 0x000000008bb00000| Complete 
| 188|0x000000008bc00000, 0x000000008bd00000, 0x000000008bd00000|100%| S|CS|TAMS 0x000000008bc00000| PB 0x000000008bc00000| Complete 
| 189|0x000000008bd00000, 0x000000008be00000, 0x000000008be00000|100%| S|CS|TAMS 0x000000008bd00000| PB 0x000000008bd00000| Complete 
| 190|0x000000008be00000, 0x000000008bf00000, 0x000000008bf00000|100%| S|CS|TAMS 0x000000008be00000| PB 0x000000008be00000| Complete 
| 191|0x000000008bf00000, 0x000000008c000000, 0x000000008c000000|100%| S|CS|TAMS 0x000000008bf00000| PB 0x000000008bf00000| Complete 
| 192|0x000000008c000000, 0x000000008c100000, 0x000000008c100000|100%| S|CS|TAMS 0x000000008c000000| PB 0x000000008c000000| Complete 
| 193|0x000000008c100000, 0x000000008c200000, 0x000000008c200000|100%| S|CS|TAMS 0x000000008c100000| PB 0x000000008c100000| Complete 
| 194|0x000000008c200000, 0x000000008c200000, 0x000000008c300000|  0%| F|  |TAMS 0x000000008c200000| PB 0x000000008c200000| Untracked 
| 195|0x000000008c300000, 0x000000008c300000, 0x000000008c400000|  0%| F|  |TAMS 0x000000008c300000| PB 0x000000008c300000| Untracked 
| 196|0x000000008c400000, 0x000000008c400000, 0x000000008c500000|  0%| F|  |TAMS 0x000000008c400000| PB 0x000000008c400000| Untracked 
| 197|0x000000008c500000, 0x000000008c500000, 0x000000008c600000|  0%| F|  |TAMS 0x000000008c500000| PB 0x000000008c500000| Untracked 
| 198|0x000000008c600000, 0x000000008c600000, 0x000000008c700000|  0%| F|  |TAMS 0x000000008c600000| PB 0x000000008c600000| Untracked 
| 199|0x000000008c700000, 0x000000008c700000, 0x000000008c800000|  0%| F|  |TAMS 0x000000008c700000| PB 0x000000008c700000| Untracked 
| 200|0x000000008c800000, 0x000000008c800000, 0x000000008c900000|  0%| F|  |TAMS 0x000000008c800000| PB 0x000000008c800000| Untracked 
| 201|0x000000008c900000, 0x000000008c900000, 0x000000008ca00000|  0%| F|  |TAMS 0x000000008c900000| PB 0x000000008c900000| Untracked 
| 202|0x000000008ca00000, 0x000000008ca00000, 0x000000008cb00000|  0%| F|  |TAMS 0x000000008ca00000| PB 0x000000008ca00000| Untracked 
| 203|0x000000008cb00000, 0x000000008cb00000, 0x000000008cc00000|  0%| F|  |TAMS 0x000000008cb00000| PB 0x000000008cb00000| Untracked 
| 204|0x000000008cc00000, 0x000000008cc00000, 0x000000008cd00000|  0%| F|  |TAMS 0x000000008cc00000| PB 0x000000008cc00000| Untracked 
| 205|0x000000008cd00000, 0x000000008cd00000, 0x000000008ce00000|  0%| F|  |TAMS 0x000000008cd00000| PB 0x000000008cd00000| Untracked 
| 206|0x000000008ce00000, 0x000000008ce00000, 0x000000008cf00000|  0%| F|  |TAMS 0x000000008ce00000| PB 0x000000008ce00000| Untracked 
| 207|0x000000008cf00000, 0x000000008cf00000, 0x000000008d000000|  0%| F|  |TAMS 0x000000008cf00000| PB 0x000000008cf00000| Untracked 
| 208|0x000000008d000000, 0x000000008d000000, 0x000000008d100000|  0%| F|  |TAMS 0x000000008d000000| PB 0x000000008d000000| Untracked 
| 209|0x000000008d100000, 0x000000008d100000, 0x000000008d200000|  0%| F|  |TAMS 0x000000008d100000| PB 0x000000008d100000| Untracked 
| 210|0x000000008d200000, 0x000000008d200000, 0x000000008d300000|  0%| F|  |TAMS 0x000000008d200000| PB 0x000000008d200000| Untracked 
| 211|0x000000008d300000, 0x000000008d300000, 0x000000008d400000|  0%| F|  |TAMS 0x000000008d300000| PB 0x000000008d300000| Untracked 
| 212|0x000000008d400000, 0x000000008d400000, 0x000000008d500000|  0%| F|  |TAMS 0x000000008d400000| PB 0x000000008d400000| Untracked 
| 213|0x000000008d500000, 0x000000008d500000, 0x000000008d600000|  0%| F|  |TAMS 0x000000008d500000| PB 0x000000008d500000| Untracked 
| 214|0x000000008d600000, 0x000000008d600000, 0x000000008d700000|  0%| F|  |TAMS 0x000000008d600000| PB 0x000000008d600000| Untracked 
| 215|0x000000008d700000, 0x000000008d700000, 0x000000008d800000|  0%| F|  |TAMS 0x000000008d700000| PB 0x000000008d700000| Untracked 
| 216|0x000000008d800000, 0x000000008d800000, 0x000000008d900000|  0%| F|  |TAMS 0x000000008d800000| PB 0x000000008d800000| Untracked 
| 217|0x000000008d900000, 0x000000008d900000, 0x000000008da00000|  0%| F|  |TAMS 0x000000008d900000| PB 0x000000008d900000| Untracked 
| 218|0x000000008da00000, 0x000000008da00000, 0x000000008db00000|  0%| F|  |TAMS 0x000000008da00000| PB 0x000000008da00000| Untracked 
| 219|0x000000008db00000, 0x000000008db00000, 0x000000008dc00000|  0%| F|  |TAMS 0x000000008db00000| PB 0x000000008db00000| Untracked 
| 220|0x000000008dc00000, 0x000000008dc00000, 0x000000008dd00000|  0%| F|  |TAMS 0x000000008dc00000| PB 0x000000008dc00000| Untracked 
| 221|0x000000008dd00000, 0x000000008dd00000, 0x000000008de00000|  0%| F|  |TAMS 0x000000008dd00000| PB 0x000000008dd00000| Untracked 
| 222|0x000000008de00000, 0x000000008de00000, 0x000000008df00000|  0%| F|  |TAMS 0x000000008de00000| PB 0x000000008de00000| Untracked 
| 223|0x000000008df00000, 0x000000008df00000, 0x000000008e000000|  0%| F|  |TAMS 0x000000008df00000| PB 0x000000008df00000| Untracked 
| 224|0x000000008e000000, 0x000000008e000000, 0x000000008e100000|  0%| F|  |TAMS 0x000000008e000000| PB 0x000000008e000000| Untracked 
| 225|0x000000008e100000, 0x000000008e100000, 0x000000008e200000|  0%| F|  |TAMS 0x000000008e100000| PB 0x000000008e100000| Untracked 
| 226|0x000000008e200000, 0x000000008e200000, 0x000000008e300000|  0%| F|  |TAMS 0x000000008e200000| PB 0x000000008e200000| Untracked 
| 227|0x000000008e300000, 0x000000008e300000, 0x000000008e400000|  0%| F|  |TAMS 0x000000008e300000| PB 0x000000008e300000| Untracked 
| 228|0x000000008e400000, 0x000000008e400000, 0x000000008e500000|  0%| F|  |TAMS 0x000000008e400000| PB 0x000000008e400000| Untracked 
| 229|0x000000008e500000, 0x000000008e600000, 0x000000008e600000|100%| E|  |TAMS 0x000000008e500000| PB 0x000000008e500000| Complete 
| 230|0x000000008e600000, 0x000000008e700000, 0x000000008e700000|100%| E|CS|TAMS 0x000000008e600000| PB 0x000000008e600000| Complete 
| 231|0x000000008e700000, 0x000000008e800000, 0x000000008e800000|100%| E|CS|TAMS 0x000000008e700000| PB 0x000000008e700000| Complete 
| 232|0x000000008e800000, 0x000000008e900000, 0x000000008e900000|100%| E|CS|TAMS 0x000000008e800000| PB 0x000000008e800000| Complete 
| 233|0x000000008e900000, 0x000000008ea00000, 0x000000008ea00000|100%| E|CS|TAMS 0x000000008e900000| PB 0x000000008e900000| Complete 
| 234|0x000000008ea00000, 0x000000008eb00000, 0x000000008eb00000|100%| E|CS|TAMS 0x000000008ea00000| PB 0x000000008ea00000| Complete 
| 235|0x000000008eb00000, 0x000000008ec00000, 0x000000008ec00000|100%| E|CS|TAMS 0x000000008eb00000| PB 0x000000008eb00000| Complete 
| 236|0x000000008ec00000, 0x000000008ed00000, 0x000000008ed00000|100%| E|CS|TAMS 0x000000008ec00000| PB 0x000000008ec00000| Complete 
| 237|0x000000008ed00000, 0x000000008ee00000, 0x000000008ee00000|100%| E|CS|TAMS 0x000000008ed00000| PB 0x000000008ed00000| Complete 
| 238|0x000000008ee00000, 0x000000008ef00000, 0x000000008ef00000|100%| E|CS|TAMS 0x000000008ee00000| PB 0x000000008ee00000| Complete 
| 239|0x000000008ef00000, 0x000000008f000000, 0x000000008f000000|100%| E|CS|TAMS 0x000000008ef00000| PB 0x000000008ef00000| Complete 
| 240|0x000000008f000000, 0x000000008f100000, 0x000000008f100000|100%| E|CS|TAMS 0x000000008f000000| PB 0x000000008f000000| Complete 
| 241|0x000000008f100000, 0x000000008f200000, 0x000000008f200000|100%| E|CS|TAMS 0x000000008f100000| PB 0x000000008f100000| Complete 
| 242|0x000000008f200000, 0x000000008f300000, 0x000000008f300000|100%| E|CS|TAMS 0x000000008f200000| PB 0x000000008f200000| Complete 
| 243|0x000000008f300000, 0x000000008f400000, 0x000000008f400000|100%| E|CS|TAMS 0x000000008f300000| PB 0x000000008f300000| Complete 
| 244|0x000000008f400000, 0x000000008f500000, 0x000000008f500000|100%| E|CS|TAMS 0x000000008f400000| PB 0x000000008f400000| Complete 
| 245|0x000000008f500000, 0x000000008f600000, 0x000000008f600000|100%| E|CS|TAMS 0x000000008f500000| PB 0x000000008f500000| Complete 
| 246|0x000000008f600000, 0x000000008f700000, 0x000000008f700000|100%| E|CS|TAMS 0x000000008f600000| PB 0x000000008f600000| Complete 
| 247|0x000000008f700000, 0x000000008f800000, 0x000000008f800000|100%| E|CS|TAMS 0x000000008f700000| PB 0x000000008f700000| Complete 
| 248|0x000000008f800000, 0x000000008f900000, 0x000000008f900000|100%| E|CS|TAMS 0x000000008f800000| PB 0x000000008f800000| Complete 
| 249|0x000000008f900000, 0x000000008fa00000, 0x000000008fa00000|100%| E|CS|TAMS 0x000000008f900000| PB 0x000000008f900000| Complete 
| 250|0x000000008fa00000, 0x000000008fb00000, 0x000000008fb00000|100%| E|CS|TAMS 0x000000008fa00000| PB 0x000000008fa00000| Complete 
| 251|0x000000008fb00000, 0x000000008fc00000, 0x000000008fc00000|100%| E|CS|TAMS 0x000000008fb00000| PB 0x000000008fb00000| Complete 
| 252|0x000000008fc00000, 0x000000008fd00000, 0x000000008fd00000|100%| E|CS|TAMS 0x000000008fc00000| PB 0x000000008fc00000| Complete 
| 253|0x000000008fd00000, 0x000000008fe00000, 0x000000008fe00000|100%| E|CS|TAMS 0x000000008fd00000| PB 0x000000008fd00000| Complete 
| 254|0x000000008fe00000, 0x000000008ff00000, 0x000000008ff00000|100%| E|CS|TAMS 0x000000008fe00000| PB 0x000000008fe00000| Complete 
| 255|0x000000008ff00000, 0x0000000090000000, 0x0000000090000000|100%| E|CS|TAMS 0x000000008ff00000| PB 0x000000008ff00000| Complete 
| 256|0x0000000090000000, 0x0000000090100000, 0x0000000090100000|100%| E|CS|TAMS 0x0000000090000000| PB 0x0000000090000000| Complete 
| 257|0x0000000090100000, 0x0000000090200000, 0x0000000090200000|100%| E|CS|TAMS 0x0000000090100000| PB 0x0000000090100000| Complete 
| 258|0x0000000090200000, 0x0000000090300000, 0x0000000090300000|100%| E|CS|TAMS 0x0000000090200000| PB 0x0000000090200000| Complete 
| 259|0x0000000090300000, 0x0000000090400000, 0x0000000090400000|100%| E|CS|TAMS 0x0000000090300000| PB 0x0000000090300000| Complete 
| 260|0x0000000090400000, 0x0000000090500000, 0x0000000090500000|100%| E|CS|TAMS 0x0000000090400000| PB 0x0000000090400000| Complete 
| 261|0x0000000090500000, 0x0000000090600000, 0x0000000090600000|100%| E|CS|TAMS 0x0000000090500000| PB 0x0000000090500000| Complete 
| 262|0x0000000090600000, 0x0000000090700000, 0x0000000090700000|100%| E|CS|TAMS 0x0000000090600000| PB 0x0000000090600000| Complete 
| 263|0x0000000090700000, 0x0000000090800000, 0x0000000090800000|100%| E|CS|TAMS 0x0000000090700000| PB 0x0000000090700000| Complete 
| 264|0x0000000090800000, 0x0000000090900000, 0x0000000090900000|100%| E|CS|TAMS 0x0000000090800000| PB 0x0000000090800000| Complete 
| 265|0x0000000090900000, 0x0000000090a00000, 0x0000000090a00000|100%| E|CS|TAMS 0x0000000090900000| PB 0x0000000090900000| Complete 
| 266|0x0000000090a00000, 0x0000000090b00000, 0x0000000090b00000|100%| E|CS|TAMS 0x0000000090a00000| PB 0x0000000090a00000| Complete 
| 267|0x0000000090b00000, 0x0000000090c00000, 0x0000000090c00000|100%| E|CS|TAMS 0x0000000090b00000| PB 0x0000000090b00000| Complete 
|2044|0x00000000ffc00000, 0x00000000ffd00000, 0x00000000ffd00000|100%| O|  |TAMS 0x00000000ffc00000| PB 0x00000000ffc00000| Untracked 
|2045|0x00000000ffd00000, 0x00000000ffe00000, 0x00000000ffe00000|100%| O|  |TAMS 0x00000000ffd00000| PB 0x00000000ffd00000| Untracked 
|2046|0x00000000ffe00000, 0x00000000fff00000, 0x00000000fff00000|100%| O|  |TAMS 0x00000000ffe00000| PB 0x00000000ffe00000| Untracked 
|2047|0x00000000fff00000, 0x0000000100000000, 0x0000000100000000|100%| E|CS|TAMS 0x00000000fff00000| PB 0x00000000fff00000| Complete 

Card table byte_map: [0x000001ea3cf90000,0x000001ea3d390000] _byte_map_base: 0x000001ea3cb90000

Marking Bits: (CMBitMap*) 0x000001ea2577ba50
 Bits: [0x000001ea3d390000, 0x000001ea3f390000)

Polling page: 0x000001ea23600000

Metaspace:

Usage:
  Non-class:    108.60 MB used.
      Class:     16.14 MB used.
       Both:    124.74 MB used.

Virtual space:
  Non-class space:      128.00 MB reserved,     109.75 MB ( 86%) committed,  2 nodes.
      Class space:        1.00 GB reserved,      17.31 MB (  2%) committed,  1 nodes.
             Both:        1.12 GB reserved,     127.06 MB ( 11%) committed. 

Chunk freelists:
   Non-Class:  2.00 MB
       Class:  14.58 MB
        Both:  16.58 MB

MaxMetaspaceSize: unlimited
CompressedClassSpaceSize: 1.00 GB
Initial GC threshold: 21.00 MB
Current GC threshold: 210.25 MB
CDS: on
 - commit_granule_bytes: 65536.
 - commit_granule_words: 8192.
 - virtual_space_node_default_size: 8388608.
 - enlarge_chunks_in_place: 1.
 - use_allocation_guard: 0.


Internal statistics:

num_allocs_failed_limit: 3.
num_arena_births: 4204.
num_arena_deaths: 0.
num_vsnodes_births: 3.
num_vsnodes_deaths: 0.
num_space_committed: 2031.
num_space_uncommitted: 0.
num_chunks_returned_to_freelist: 3.
num_chunks_taken_from_freelist: 9399.
num_chunk_merges: 3.
num_chunk_splits: 6655.
num_chunks_enlarged: 4642.
num_inconsistent_stats: 0.

CodeHeap 'non-profiled nmethods': size=120000Kb used=6860Kb max_used=6860Kb free=113139Kb
 bounds [0x000001ea35660000, 0x000001ea35d20000, 0x000001ea3cb90000]
CodeHeap 'profiled nmethods': size=120000Kb used=25486Kb max_used=25486Kb free=94513Kb
 bounds [0x000001ea2db90000, 0x000001ea2f480000, 0x000001ea350c0000]
CodeHeap 'non-nmethods': size=5760Kb used=3069Kb max_used=3120Kb free=2690Kb
 bounds [0x000001ea350c0000, 0x000001ea353e0000, 0x000001ea35660000]
 total_blobs=13209 nmethods=12089 adapters=1022
 compilation: enabled
              stopped_count=0, restarted_count=0
 full_count=0

Compilation events (20 events):
Event: 28.863 Thread 0x000001ea41849aa0 nmethod 13789 0x000001ea2f43d690 code [0x000001ea2f43d8a0, 0x000001ea2f43e050]
Event: 28.864 Thread 0x000001ea41849aa0 13791       3       org.jetbrains.kotlin.com.intellij.util.SmartFMap::get (67 bytes)
Event: 28.864 Thread 0x000001ea41849aa0 nmethod 13791 0x000001ea2f43e310 code [0x000001ea2f43e520, 0x000001ea2f43ed98]
Event: 28.864 Thread 0x000001ea41849aa0 13790       3       org.jetbrains.kotlin.com.intellij.util.keyFMap.OneElementFMap::plus (64 bytes)
Event: 28.865 Thread 0x000001ea41849aa0 nmethod 13790 0x000001ea2f43ef90 code [0x000001ea2f43f1a0, 0x000001ea2f43f7f8]
Event: 28.865 Thread 0x000001ea41849aa0 13795       3       org.jetbrains.kotlin.com.intellij.lang.impl.PsiBuilderImpl::advanceLexer (31 bytes)
Event: 28.866 Thread 0x000001ea41849aa0 nmethod 13795 0x000001ea2f43fa10 code [0x000001ea2f43fc00, 0x000001ea2f440090]
Event: 28.866 Thread 0x000001ea41849aa0 13792       3       org.jetbrains.kotlin.com.intellij.util.keyFMap.PairElementsFMap::<init> (164 bytes)
Event: 28.868 Thread 0x000001ea41849aa0 nmethod 13792 0x000001ea2f440290 code [0x000001ea2f440680, 0x000001ea2f441f30]
Event: 28.868 Thread 0x000001ea41849aa0 13798       1       org.jetbrains.kotlin.com.intellij.lang.impl.PsiBuilderImpl$RelativeTokenTypesView::size (5 bytes)
Event: 28.868 Thread 0x000001ea41849aa0 nmethod 13798 0x000001ea35d10b10 code [0x000001ea35d10ca0, 0x000001ea35d10d68]
Event: 28.868 Thread 0x000001ea41849aa0 13787       3       org.jetbrains.kotlin.resolve.checkers.OptInUsageChecker$Companion::loadOptIns$default (71 bytes)
Event: 28.868 Thread 0x000001ea41849aa0 nmethod 13787 0x000001ea2f442690 code [0x000001ea2f442880, 0x000001ea2f442c68]
Event: 28.868 Thread 0x000001ea41849aa0 13799       1       org.jetbrains.kotlin.load.java.structure.impl.classFiles.BinaryJavaMethodBase::getTypeParameters (5 bytes)
Event: 28.869 Thread 0x000001ea41849aa0 nmethod 13799 0x000001ea35d10e10 code [0x000001ea35d10fa0, 0x000001ea35d11068]
Event: 28.870 Thread 0x000001ea41849aa0 13800       3       kotlin.sequences.ConstrainedOnceSequence::iterator (34 bytes)
Event: 28.871 Thread 0x000001ea41849aa0 nmethod 13800 0x000001ea2f442e10 code [0x000001ea2f4430e0, 0x000001ea2f444198]
Event: 28.871 Thread 0x000001ea41849aa0 13801       3       org.jetbrains.kotlin.load.java.structure.impl.classFiles.BinaryJavaTypeParameter::<init> (46 bytes)
Event: 28.873 Thread 0x000001ea41849aa0 nmethod 13801 0x000001ea2f444610 code [0x000001ea2f4448e0, 0x000001ea2f4456b0]
Event: 28.886 Thread 0x000001ea41849aa0 13802       2       org.jetbrains.org.objectweb.asm.ClassReader::readMethod (1061 bytes)

GC Heap History (20 events):
Event: 17.237 GC heap before
{Heap before GC invocations=25 (full 0):
 garbage-first heap   total 198656K, used 176375K [0x0000000080000000, 0x0000000100000000)
  region size 1024K, 71 young (72704K), 7 survivors (7168K)
 Metaspace       used 87991K, committed 90048K, reserved 1179648K
  class space    used 11700K, committed 12736K, reserved 1048576K
}
Event: 17.265 GC heap after
{Heap after GC invocations=26 (full 0):
 garbage-first heap   total 198656K, used 114772K [0x0000000080000000, 0x0000000100000000)
  region size 1024K, 9 young (9216K), 9 survivors (9216K)
 Metaspace       used 87991K, committed 90048K, reserved 1179648K
  class space    used 11700K, committed 12736K, reserved 1048576K
}
Event: 18.460 GC heap before
{Heap before GC invocations=26 (full 0):
 garbage-first heap   total 198656K, used 177236K [0x0000000080000000, 0x0000000100000000)
  region size 1024K, 70 young (71680K), 9 survivors (9216K)
 Metaspace       used 98663K, committed 100608K, reserved 1179648K
  class space    used 12903K, committed 13888K, reserved 1048576K
}
Event: 18.474 GC heap after
{Heap after GC invocations=27 (full 0):
 garbage-first heap   total 198656K, used 117607K [0x0000000080000000, 0x0000000100000000)
  region size 1024K, 8 young (8192K), 8 survivors (8192K)
 Metaspace       used 98663K, committed 100608K, reserved 1179648K
  class space    used 12903K, committed 13888K, reserved 1048576K
}
Event: 19.314 GC heap before
{Heap before GC invocations=28 (full 0):
 garbage-first heap   total 208896K, used 179047K [0x0000000080000000, 0x0000000100000000)
  region size 1024K, 67 young (68608K), 8 survivors (8192K)
 Metaspace       used 100988K, committed 103040K, reserved 1179648K
  class space    used 13169K, committed 14208K, reserved 1048576K
}
Event: 19.330 GC heap after
{Heap after GC invocations=29 (full 0):
 garbage-first heap   total 208896K, used 122185K [0x0000000080000000, 0x0000000100000000)
  region size 1024K, 7 young (7168K), 7 survivors (7168K)
 Metaspace       used 100988K, committed 103040K, reserved 1179648K
  class space    used 13169K, committed 14208K, reserved 1048576K
}
Event: 20.625 GC heap before
{Heap before GC invocations=29 (full 0):
 garbage-first heap   total 208896K, used 189769K [0x0000000080000000, 0x0000000100000000)
  region size 1024K, 73 young (74752K), 7 survivors (7168K)
 Metaspace       used 103936K, committed 106048K, reserved 1179648K
  class space    used 13529K, committed 14592K, reserved 1048576K
}
Event: 20.634 GC heap after
{Heap after GC invocations=30 (full 0):
 garbage-first heap   total 208896K, used 118571K [0x0000000080000000, 0x0000000100000000)
  region size 1024K, 2 young (2048K), 2 survivors (2048K)
 Metaspace       used 103936K, committed 106048K, reserved 1179648K
  class space    used 13529K, committed 14592K, reserved 1048576K
}
Event: 22.220 GC heap before
{Heap before GC invocations=30 (full 0):
 garbage-first heap   total 208896K, used 180011K [0x0000000080000000, 0x0000000100000000)
  region size 1024K, 63 young (64512K), 2 survivors (2048K)
 Metaspace       used 108140K, committed 110336K, reserved 1179648K
  class space    used 14130K, committed 15232K, reserved 1048576K
}
Event: 22.237 GC heap after
{Heap after GC invocations=31 (full 0):
 garbage-first heap   total 208896K, used 124426K [0x0000000080000000, 0x0000000100000000)
  region size 1024K, 8 young (8192K), 8 survivors (8192K)
 Metaspace       used 108140K, committed 110336K, reserved 1179648K
  class space    used 14130K, committed 15232K, reserved 1048576K
}
Event: 23.771 GC heap before
{Heap before GC invocations=32 (full 0):
 garbage-first heap   total 245760K, used 197130K [0x0000000080000000, 0x0000000100000000)
  region size 1024K, 70 young (71680K), 8 survivors (8192K)
 Metaspace       used 116650K, committed 118912K, reserved 1179648K
  class space    used 15187K, committed 16320K, reserved 1048576K
}
Event: 23.787 GC heap after
{Heap after GC invocations=33 (full 0):
 garbage-first heap   total 245760K, used 142500K [0x0000000080000000, 0x0000000100000000)
  region size 1024K, 9 young (9216K), 9 survivors (9216K)
 Metaspace       used 116650K, committed 118912K, reserved 1179648K
  class space    used 15187K, committed 16320K, reserved 1048576K
}
Event: 25.619 GC heap before
{Heap before GC invocations=33 (full 0):
 garbage-first heap   total 245760K, used 221348K [0x0000000080000000, 0x0000000100000000)
  region size 1024K, 81 young (82944K), 9 survivors (9216K)
 Metaspace       used 123730K, committed 126080K, reserved 1179648K
  class space    used 16108K, committed 17280K, reserved 1048576K
}
Event: 25.635 GC heap after
{Heap after GC invocations=34 (full 0):
 garbage-first heap   total 245760K, used 148365K [0x0000000080000000, 0x0000000100000000)
  region size 1024K, 7 young (7168K), 7 survivors (7168K)
 Metaspace       used 123730K, committed 126080K, reserved 1179648K
  class space    used 16108K, committed 17280K, reserved 1048576K
}
Event: 26.805 GC heap before
{Heap before GC invocations=34 (full 0):
 garbage-first heap   total 245760K, used 220045K [0x0000000080000000, 0x0000000100000000)
  region size 1024K, 77 young (78848K), 7 survivors (7168K)
 Metaspace       used 126767K, committed 129152K, reserved 1179648K
  class space    used 16493K, committed 17728K, reserved 1048576K
}
Event: 26.830 GC heap after
{Heap after GC invocations=35 (full 0):
 garbage-first heap   total 245760K, used 160548K [0x0000000080000000, 0x0000000100000000)
  region size 1024K, 10 young (10240K), 10 survivors (10240K)
 Metaspace       used 126767K, committed 129152K, reserved 1179648K
  class space    used 16493K, committed 17728K, reserved 1048576K
}
Event: 27.486 GC heap before
{Heap before GC invocations=36 (full 0):
 garbage-first heap   total 278528K, used 219940K [0x0000000080000000, 0x0000000100000000)
  region size 1024K, 68 young (69632K), 10 survivors (10240K)
 Metaspace       used 126841K, committed 129216K, reserved 1179648K
  class space    used 16493K, committed 17728K, reserved 1048576K
}
Event: 27.522 GC heap after
{Heap after GC invocations=37 (full 0):
 garbage-first heap   total 278528K, used 175498K [0x0000000080000000, 0x0000000100000000)
  region size 1024K, 9 young (9216K), 9 survivors (9216K)
 Metaspace       used 126841K, committed 129216K, reserved 1179648K
  class space    used 16493K, committed 17728K, reserved 1048576K
}
Event: 28.202 GC heap before
{Heap before GC invocations=37 (full 0):
 garbage-first heap   total 278528K, used 244106K [0x0000000080000000, 0x0000000100000000)
  region size 1024K, 75 young (76800K), 9 survivors (9216K)
 Metaspace       used 126958K, committed 129408K, reserved 1179648K
  class space    used 16493K, committed 17728K, reserved 1048576K
}
Event: 28.226 GC heap after
{Heap after GC invocations=38 (full 0):
 garbage-first heap   total 278528K, used 179097K [0x0000000080000000, 0x0000000100000000)
  region size 1024K, 7 young (7168K), 7 survivors (7168K)
 Metaspace       used 126958K, committed 129408K, reserved 1179648K
  class space    used 16493K, committed 17728K, reserved 1048576K
}

Dll operation events (13 events):
Event: 0.010 Loaded shared library C:\Program Files\Java\jdk-21\bin\java.dll
Event: 0.049 Loaded shared library C:\Program Files\Java\jdk-21\bin\jsvml.dll
Event: 0.100 Loaded shared library C:\Program Files\Java\jdk-21\bin\net.dll
Event: 0.103 Loaded shared library C:\Program Files\Java\jdk-21\bin\nio.dll
Event: 0.110 Loaded shared library C:\Program Files\Java\jdk-21\bin\zip.dll
Event: 0.299 Loaded shared library C:\Program Files\Java\jdk-21\bin\jimage.dll
Event: 0.394 Loaded shared library C:\Program Files\Java\jdk-21\bin\verify.dll
Event: 0.651 Loaded shared library D:\DOWNLOADS\JetPlayer\native\68d5fa5c4cc2d200863cafc0d521ce42e7d3e7ee720ec0a83991735586a16f82\windows-amd64\native-platform.dll
Event: 0.660 Loaded shared library D:\DOWNLOADS\JetPlayer\native\e376f236ea51e6404a007f0833ffe2c6e607c4080706a723a18a27aeea778392\windows-amd64\native-platform-file-events.dll
Event: 1.699 Loaded shared library C:\Program Files\Java\jdk-21\bin\management.dll
Event: 1.704 Loaded shared library C:\Program Files\Java\jdk-21\bin\management_ext.dll
Event: 2.015 Loaded shared library C:\Program Files\Java\jdk-21\bin\extnet.dll
Event: 2.284 Loaded shared library C:\Program Files\Java\jdk-21\bin\sunmscapi.dll

Deoptimization events (20 events):
Event: 28.752 Thread 0x000001ea88457ea0 Uncommon trap: trap_request=0xffffffde fr.pc=0x000001ea35846b0c relative=0x000000000000050c
Event: 28.752 Thread 0x000001ea88457ea0 Uncommon trap: reason=class_check action=maybe_recompile pc=0x000001ea35846b0c method=org.jetbrains.kotlin.resolve.QualifiedExpressionResolver.storeResult(Lorg/jetbrains/kotlin/resolve/BindingTrace;Lorg/jetbrains/kotlin/psi/KtSimpleNameExpression;Lorg/jet
Event: 28.752 Thread 0x000001ea88457ea0 DEOPT PACKING pc=0x000001ea35846b0c sp=0x00000013871eff60
Event: 28.752 Thread 0x000001ea88457ea0 DEOPT UNPACKING pc=0x000001ea351146a2 sp=0x00000013871efe28 mode 2
Event: 28.772 Thread 0x000001ea88457ea0 Uncommon trap: trap_request=0xffffffde fr.pc=0x000001ea35846b0c relative=0x000000000000050c
Event: 28.772 Thread 0x000001ea88457ea0 Uncommon trap: reason=class_check action=maybe_recompile pc=0x000001ea35846b0c method=org.jetbrains.kotlin.resolve.QualifiedExpressionResolver.storeResult(Lorg/jetbrains/kotlin/resolve/BindingTrace;Lorg/jetbrains/kotlin/psi/KtSimpleNameExpression;Lorg/jet
Event: 28.772 Thread 0x000001ea88457ea0 DEOPT PACKING pc=0x000001ea35846b0c sp=0x00000013871efec0
Event: 28.772 Thread 0x000001ea88457ea0 DEOPT UNPACKING pc=0x000001ea351146a2 sp=0x00000013871efd88 mode 2
Event: 28.883 Thread 0x000001ea88457ea0 Uncommon trap: trap_request=0xffffffde fr.pc=0x000001ea35cbf70c relative=0x000000000000276c
Event: 28.883 Thread 0x000001ea88457ea0 Uncommon trap: reason=class_check action=maybe_recompile pc=0x000001ea35cbf70c method=org.jetbrains.org.objectweb.asm.ClassReader.readMethod(Lorg/jetbrains/org/objectweb/asm/ClassVisitor;Lorg/jetbrains/org/objectweb/asm/Context;I)I @ 1055 c2
Event: 28.883 Thread 0x000001ea88457ea0 DEOPT PACKING pc=0x000001ea35cbf70c sp=0x00000013871f2480
Event: 28.883 Thread 0x000001ea88457ea0 DEOPT UNPACKING pc=0x000001ea351146a2 sp=0x00000013871f2408 mode 2
Event: 28.883 Thread 0x000001ea88457ea0 Uncommon trap: trap_request=0xffffff76 fr.pc=0x000001ea35cbfa38 relative=0x0000000000002a98
Event: 28.883 Thread 0x000001ea88457ea0 Uncommon trap: reason=predicate action=maybe_recompile pc=0x000001ea35cbfa38 method=org.jetbrains.org.objectweb.asm.ClassReader.readMethod(Lorg/jetbrains/org/objectweb/asm/ClassVisitor;Lorg/jetbrains/org/objectweb/asm/Context;I)I @ 714 c2
Event: 28.883 Thread 0x000001ea88457ea0 DEOPT PACKING pc=0x000001ea35cbfa38 sp=0x00000013871f2480
Event: 28.883 Thread 0x000001ea88457ea0 DEOPT UNPACKING pc=0x000001ea351146a2 sp=0x00000013871f2408 mode 2
Event: 28.883 Thread 0x000001ea88457ea0 Uncommon trap: trap_request=0xffffff45 fr.pc=0x000001ea35a5da2c relative=0x0000000000000bec
Event: 28.883 Thread 0x000001ea88457ea0 Uncommon trap: reason=unstable_if action=reinterpret pc=0x000001ea35a5da2c method=org.jetbrains.org.objectweb.asm.ClassReader.readElementValue(Lorg/jetbrains/org/objectweb/asm/AnnotationVisitor;ILjava/lang/String;[C)I @ 102 c2
Event: 28.883 Thread 0x000001ea88457ea0 DEOPT PACKING pc=0x000001ea35a5da2c sp=0x00000013871f2330
Event: 28.883 Thread 0x000001ea88457ea0 DEOPT UNPACKING pc=0x000001ea351146a2 sp=0x00000013871f22b0 mode 2

Classes loaded (20 events):
Event: 25.019 Loading class java/security/KeyStore
Event: 25.020 Loading class java/security/KeyStore done
Event: 25.235 Loading class sun/reflect/annotation/AnnotationInvocationHandler$1
Event: 25.235 Loading class sun/reflect/annotation/AnnotationInvocationHandler$1 done
Event: 25.381 Loading class java/net/SocketTimeoutException
Event: 25.382 Loading class java/net/SocketTimeoutException done
Event: 25.449 Loading class java/time/format/DateTimeFormatterBuilder$WeekBasedFieldPrinterParser
Event: 25.449 Loading class java/time/format/DateTimeFormatterBuilder$WeekBasedFieldPrinterParser done
Event: 25.473 Loading class com/sun/jmx/mbeanserver/StandardMBeanSupport
Event: 25.473 Loading class com/sun/jmx/mbeanserver/StandardMBeanSupport done
Event: 25.473 Loading class com/sun/jmx/mbeanserver/StandardMBeanIntrospector
Event: 25.474 Loading class com/sun/jmx/mbeanserver/StandardMBeanIntrospector done
Event: 25.577 Loading class java/io/ObjectOutputStream$BlockDataOutputStream
Event: 25.577 Loading class java/io/ObjectOutputStream$BlockDataOutputStream done
Event: 25.577 Loading class java/io/ObjectOutputStream$HandleTable
Event: 25.578 Loading class java/io/ObjectOutputStream$HandleTable done
Event: 25.578 Loading class java/io/ObjectOutputStream$ReplaceTable
Event: 25.578 Loading class java/io/ObjectOutputStream$ReplaceTable done
Event: 25.650 Loading class sun/nio/ch/ChannelOutputStream
Event: 25.650 Loading class sun/nio/ch/ChannelOutputStream done

Classes unloaded (0 events):
No events

Classes redefined (0 events):
No events

Internal exceptions (20 events):
Event: 25.591 Thread 0x000001ea88457ea0 Exception <a 'java/lang/NoSuchMethodError'{0x0000000089c11638}: static Lorg/jetbrains/kotlin/gradle/plugin/internal/MavenPluginConfigurator$DefaultMavenPluginConfiguratorVariantFactory;.<clinit>()V> (0x0000000089c11638) 
thrown [s\open\src\hotspot\share\prims\jni.cpp, line 1106]
Event: 25.594 Thread 0x000001ea88457ea0 Exception <a 'java/lang/NoSuchMethodError'{0x0000000089c2ab30}: static Lorg/jetbrains/kotlin/gradle/plugin/internal/DefaultJavaSourceSetsAccessorVariantFactory;.<clinit>()V> (0x0000000089c2ab30) 
thrown [s\open\src\hotspot\share\prims\jni.cpp, line 1106]
Event: 25.597 Thread 0x000001ea88457ea0 Exception <a 'java/lang/NoSuchMethodError'{0x0000000089c438d8}: static Lorg/jetbrains/kotlin/gradle/targets/js/nodejs/DefaultUnameExecutorVariantFactory;.<clinit>()V> (0x0000000089c438d8) 
thrown [s\open\src\hotspot\share\prims\jni.cpp, line 1106]
Event: 25.599 Thread 0x000001ea88457ea0 Exception <a 'java/lang/NoSuchMethodError'{0x0000000089c5cee8}: static Lorg/jetbrains/kotlin/gradle/plugin/internal/DefaultBasePluginConfigurationVariantFactory;.<clinit>()V> (0x0000000089c5cee8) 
thrown [s\open\src\hotspot\share\prims\jni.cpp, line 1106]
Event: 25.602 Thread 0x000001ea88457ea0 Exception <a 'java/lang/NoSuchMethodError'{0x0000000089c75d30}: static Lorg/jetbrains/kotlin/gradle/plugin/internal/DefaultIdeaSyncDetectorVariantFactory;.<clinit>()V> (0x0000000089c75d30) 
thrown [s\open\src\hotspot\share\prims\jni.cpp, line 1106]
Event: 25.605 Thread 0x000001ea88457ea0 Exception <a 'java/lang/NoSuchMethodError'{0x0000000089c8fb08}: static Lorg/jetbrains/kotlin/gradle/plugin/internal/DefaultKotlinTestReportCompatibilityHelperVariantFactory;.<clinit>()V> (0x0000000089c8fb08) 
thrown [s\open\src\hotspot\share\prims\jni.cpp, line 1106]
Event: 26.189 Thread 0x000001ea88457ea0 Exception <a 'java/lang/ClassNotFoundException'{0x000000008d6a9f98}: org/jetbrains/kotlin/gradle/targets/js/npm/DefaultNpmDependencyExtensionBeanInfo> (0x000000008d6a9f98) 
thrown [s\open\src\hotspot\share\classfile\systemDictionary.cpp, line 312]
Event: 26.189 Thread 0x000001ea88457ea0 Exception <a 'java/lang/ClassNotFoundException'{0x000000008d6b4988}: org/jetbrains/kotlin/gradle/targets/js/npm/DefaultNpmDependencyExtensionCustomizer> (0x000000008d6b4988) 
thrown [s\open\src\hotspot\share\classfile\systemDictionary.cpp, line 312]
Event: 26.196 Thread 0x000001ea88457ea0 Exception <a 'java/lang/ClassNotFoundException'{0x000000008d51b1a0}: org/jetbrains/kotlin/gradle/targets/js/npm/NpmDependencyExtensionKt$defaultNpmDependencyDelegate$1BeanInfo> (0x000000008d51b1a0) 
thrown [s\open\src\hotspot\share\classfile\systemDictionary.cpp, line 312]
Event: 26.197 Thread 0x000001ea88457ea0 Exception <a 'java/lang/ClassNotFoundException'{0x000000008d525bd8}: org/jetbrains/kotlin/gradle/targets/js/npm/NpmDependencyExtensionDelegateBeanInfo> (0x000000008d525bd8) 
thrown [s\open\src\hotspot\share\classfile\systemDictionary.cpp, line 312]
Event: 26.197 Thread 0x000001ea88457ea0 Exception <a 'java/lang/ClassNotFoundException'{0x000000008d5305d8}: org/jetbrains/kotlin/gradle/targets/js/npm/NpmDependencyExtensionDelegateCustomizer> (0x000000008d5305d8) 
thrown [s\open\src\hotspot\share\classfile\systemDictionary.cpp, line 312]
Event: 26.199 Thread 0x000001ea88457ea0 Exception <a 'java/lang/ClassNotFoundException'{0x000000008d550478}: org/jetbrains/kotlin/gradle/targets/js/npm/NpmDependencyExtensionKt$defaultNpmDependencyDelegate$1Customizer> (0x000000008d550478) 
thrown [s\open\src\hotspot\share\classfile\systemDictionary.cpp, line 312]
Event: 26.203 Thread 0x000001ea88457ea0 Exception <a 'java/lang/ClassNotFoundException'{0x000000008d584500}: org/jetbrains/kotlin/gradle/targets/js/npm/DefaultDevNpmDependencyExtensionBeanInfo> (0x000000008d584500) 
thrown [s\open\src\hotspot\share\classfile\systemDictionary.cpp, line 312]
Event: 26.203 Thread 0x000001ea88457ea0 Exception <a 'java/lang/ClassNotFoundException'{0x000000008d58ef08}: org/jetbrains/kotlin/gradle/targets/js/npm/DefaultDevNpmDependencyExtensionCustomizer> (0x000000008d58ef08) 
thrown [s\open\src\hotspot\share\classfile\systemDictionary.cpp, line 312]
Event: 26.206 Thread 0x000001ea88457ea0 Exception <a 'java/lang/ClassNotFoundException'{0x000000008d5c61a0}: org/jetbrains/kotlin/gradle/targets/js/npm/DefaultPeerNpmDependencyExtensionBeanInfo> (0x000000008d5c61a0) 
thrown [s\open\src\hotspot\share\classfile\systemDictionary.cpp, line 312]
Event: 26.206 Thread 0x000001ea88457ea0 Exception <a 'java/lang/ClassNotFoundException'{0x000000008d5d0bd8}: org/jetbrains/kotlin/gradle/targets/js/npm/DefaultPeerNpmDependencyExtensionCustomizer> (0x000000008d5d0bd8) 
thrown [s\open\src\hotspot\share\classfile\systemDictionary.cpp, line 312]
Event: 26.211 Thread 0x000001ea88457ea0 Exception <a 'java/lang/ClassNotFoundException'{0x000000008d40f8b8}: org/jetbrains/kotlin/gradle/targets/js/npm/DefaultPeerNpmDependencyExtension$delegate$1BeanInfo> (0x000000008d40f8b8) 
thrown [s\open\src\hotspot\share\classfile\systemDictionary.cpp, line 312]
Event: 26.212 Thread 0x000001ea88457ea0 Exception <a 'java/lang/ClassNotFoundException'{0x000000008d41a498}: org/jetbrains/kotlin/gradle/targets/js/npm/DefaultPeerNpmDependencyExtension$delegate$1Customizer> (0x000000008d41a498) 
thrown [s\open\src\hotspot\share\classfile\systemDictionary.cpp, line 312]
Event: 26.721 Thread 0x000001ea88457ea0 Implicit null exception at 0x000001ea358edcd5 to 0x000001ea358efccc
Event: 28.380 Thread 0x000001ea88457ea0 Exception <a 'java/lang/NoSuchMethodError'{0x000000008f7c44c8}: 'int java.lang.invoke.DirectMethodHandle$Holder.invokeStaticInit(java.lang.Object, int)'> (0x000000008f7c44c8) 
thrown [s\open\src\hotspot\share\interpreter\linkResolver.cpp, line 773]

ZGC Phase Switch (0 events):
No events

VM Operations (20 events):
Event: 25.619 Executing VM operation: G1CollectForAllocation (G1 Evacuation Pause)
Event: 25.635 Executing VM operation: G1CollectForAllocation (G1 Evacuation Pause) done
Event: 25.718 Executing VM operation: HandshakeAllThreads (Deoptimize)
Event: 25.718 Executing VM operation: HandshakeAllThreads (Deoptimize) done
Event: 26.414 Executing VM operation: ICBufferFull
Event: 26.415 Executing VM operation: ICBufferFull done
Event: 26.805 Executing VM operation: G1CollectForAllocation (G1 Evacuation Pause)
Event: 26.857 Executing VM operation: G1CollectForAllocation (G1 Evacuation Pause) done
Event: 27.061 Executing VM operation: G1PauseRemark
Event: 27.074 Executing VM operation: G1PauseRemark done
Event: 27.174 Executing VM operation: G1PauseCleanup
Event: 27.175 Executing VM operation: G1PauseCleanup done
Event: 27.486 Executing VM operation: G1CollectForAllocation (G1 Evacuation Pause)
Event: 27.522 Executing VM operation: G1CollectForAllocation (G1 Evacuation Pause) done
Event: 28.202 Executing VM operation: G1CollectForAllocation (G1 Evacuation Pause)
Event: 28.226 Executing VM operation: G1CollectForAllocation (G1 Evacuation Pause) done
Event: 28.460 Executing VM operation: ICBufferFull
Event: 28.460 Executing VM operation: ICBufferFull done
Event: 28.718 Executing VM operation: ICBufferFull
Event: 28.718 Executing VM operation: ICBufferFull done

Events (20 events):
Event: 27.072 Thread 0x000001ea41810ff0 flushing nmethod 0x000001ea35874510
Event: 27.072 Thread 0x000001ea41810ff0 flushing nmethod 0x000001ea3586b710
Event: 27.072 Thread 0x000001ea41810ff0 flushing nmethod 0x000001ea35861c90
Event: 27.072 Thread 0x000001ea41810ff0 flushing nmethod 0x000001ea35841b10
Event: 27.072 Thread 0x000001ea41810ff0 flushing nmethod 0x000001ea3578ec90
Event: 27.072 Thread 0x000001ea41810ff0 flushing nmethod 0x000001ea35812f90
Event: 27.072 Thread 0x000001ea41810ff0 flushing nmethod 0x000001ea3580cc10
Event: 27.072 Thread 0x000001ea41810ff0 flushing nmethod 0x000001ea357e8490
Event: 27.072 Thread 0x000001ea41810ff0 flushing nmethod 0x000001ea357e7190
Event: 27.072 Thread 0x000001ea41810ff0 flushing nmethod 0x000001ea357c8e90
Event: 27.072 Thread 0x000001ea41810ff0 flushing nmethod 0x000001ea3573aa90
Event: 27.072 Thread 0x000001ea41810ff0 flushing nmethod 0x000001ea35734f10
Event: 27.073 Thread 0x000001ea41810ff0 flushing nmethod 0x000001ea3571eb10
Event: 27.073 Thread 0x000001ea41810ff0 flushing nmethod 0x000001ea356b8c90
Event: 27.073 Thread 0x000001ea41810ff0 flushing nmethod 0x000001ea3570bc90
Event: 27.073 Thread 0x000001ea41810ff0 flushing nmethod 0x000001ea356e7510
Event: 27.073 Thread 0x000001ea41810ff0 flushing nmethod 0x000001ea356b6e90
Event: 27.073 Thread 0x000001ea41810ff0 flushing nmethod 0x000001ea356c1c90
Event: 27.073 Thread 0x000001ea41810ff0 flushing nmethod 0x000001ea356b6a10
Event: 27.073 Thread 0x000001ea41810ff0 flushing nmethod 0x000001ea35699810


Dynamic libraries:
0x00007ff61e7d0000 - 0x00007ff61e7e0000 	C:\Program Files\Java\jdk-21\bin\java.exe
0x00007ff987c70000 - 0x00007ff987e64000 	C:\Windows\SYSTEM32\ntdll.dll
0x00007ff986740000 - 0x00007ff9867fd000 	C:\Windows\System32\KERNEL32.DLL
0x00007ff9853c0000 - 0x00007ff985687000 	C:\Windows\System32\KERNELBASE.dll
0x00007ff985730000 - 0x00007ff985830000 	C:\Windows\System32\ucrtbase.dll
0x00007ff97dde0000 - 0x00007ff97ddf9000 	C:\Program Files\Java\jdk-21\bin\jli.dll
0x00007ff9862b0000 - 0x00007ff98635a000 	C:\Windows\System32\ADVAPI32.dll
0x00007ff986210000 - 0x00007ff9862ae000 	C:\Windows\System32\msvcrt.dll
0x00007ff986360000 - 0x00007ff9863fb000 	C:\Windows\System32\sechost.dll
0x00007ff986600000 - 0x00007ff986723000 	C:\Windows\System32\RPCRT4.dll
0x00007ff97a290000 - 0x00007ff97a2ab000 	C:\Program Files\Java\jdk-21\bin\VCRUNTIME140.dll
0x00007ff9878d0000 - 0x00007ff987a70000 	C:\Windows\System32\USER32.dll
0x00007ff985c60000 - 0x00007ff985c82000 	C:\Windows\System32\win32u.dll
0x00007ff975210000 - 0x00007ff9754aa000 	C:\Windows\WinSxS\amd64_microsoft.windows.common-controls_6595b64144ccf1df_6.0.19041.1_none_b555e41d4684ddec\COMCTL32.dll
0x00007ff987a70000 - 0x00007ff987a9a000 	C:\Windows\System32\GDI32.dll
0x00007ff985ad0000 - 0x00007ff985bd9000 	C:\Windows\System32\gdi32full.dll
0x00007ff985690000 - 0x00007ff98572d000 	C:\Windows\System32\msvcp_win.dll
0x00007ff97a340000 - 0x00007ff97a34a000 	C:\Windows\SYSTEM32\VERSION.dll
0x00007ff9861e0000 - 0x00007ff986210000 	C:\Windows\System32\IMM32.DLL
0x00007ff97e020000 - 0x00007ff97e02c000 	C:\Program Files\Java\jdk-21\bin\vcruntime140_1.dll
0x00007ff95b130000 - 0x00007ff95b1be000 	C:\Program Files\Java\jdk-21\bin\msvcp140.dll
0x00007ff94b2d0000 - 0x00007ff94bfe5000 	C:\Program Files\Java\jdk-21\bin\server\jvm.dll
0x00007ff986940000 - 0x00007ff9869ab000 	C:\Windows\System32\WS2_32.dll
0x00007ff984ea0000 - 0x00007ff984eeb000 	C:\Windows\SYSTEM32\POWRPROF.dll
0x00007ff976c50000 - 0x00007ff976c77000 	C:\Windows\SYSTEM32\WINMM.dll
0x00007ff984da0000 - 0x00007ff984db2000 	C:\Windows\SYSTEM32\UMPDC.dll
0x00007ff983310000 - 0x00007ff983323000 	C:\Windows\SYSTEM32\kernel.appcore.dll
0x00007ff97dfd0000 - 0x00007ff97dfda000 	C:\Program Files\Java\jdk-21\bin\jimage.dll
0x00007ff96f1e0000 - 0x00007ff96f3c4000 	C:\Windows\SYSTEM32\DBGHELP.DLL
0x00007ff96f170000 - 0x00007ff96f19c000 	C:\Windows\SYSTEM32\dbgcore.DLL
0x00007ff985be0000 - 0x00007ff985c5f000 	C:\Windows\System32\bcryptPrimitives.dll
0x00007ff969e00000 - 0x00007ff969e1f000 	C:\Program Files\Java\jdk-21\bin\java.dll
0x00007ff9869c0000 - 0x00007ff9870f1000 	C:\Windows\System32\SHELL32.dll
0x00007ff983510000 - 0x00007ff983c9a000 	C:\Windows\SYSTEM32\windows.storage.dll
0x00007ff987390000 - 0x00007ff9876e4000 	C:\Windows\System32\combase.dll
0x00007ff984d00000 - 0x00007ff984d2b000 	C:\Windows\SYSTEM32\Wldp.dll
0x00007ff9876f0000 - 0x00007ff98779e000 	C:\Windows\System32\SHCORE.dll
0x00007ff9868e0000 - 0x00007ff986935000 	C:\Windows\System32\shlwapi.dll
0x00007ff985300000 - 0x00007ff98531f000 	C:\Windows\SYSTEM32\profapi.dll
0x00007ff95b050000 - 0x00007ff95b127000 	C:\Program Files\Java\jdk-21\bin\jsvml.dll
0x00007ff97dfa0000 - 0x00007ff97dfb0000 	C:\Program Files\Java\jdk-21\bin\net.dll
0x00007ff97d930000 - 0x00007ff97da30000 	C:\Windows\SYSTEM32\WINHTTP.dll
0x00007ff984af0000 - 0x00007ff984b5a000 	C:\Windows\system32\mswsock.dll
0x00007ff969de0000 - 0x00007ff969df6000 	C:\Program Files\Java\jdk-21\bin\nio.dll
0x00007ff969c00000 - 0x00007ff969c18000 	C:\Program Files\Java\jdk-21\bin\zip.dll
0x00007ff97db00000 - 0x00007ff97db10000 	C:\Program Files\Java\jdk-21\bin\verify.dll
0x00007ff97ea10000 - 0x00007ff97ea37000 	D:\DOWNLOADS\JetPlayer\native\68d5fa5c4cc2d200863cafc0d521ce42e7d3e7ee720ec0a83991735586a16f82\windows-amd64\native-platform.dll
0x00007ff95af00000 - 0x00007ff95b044000 	D:\DOWNLOADS\JetPlayer\native\e376f236ea51e6404a007f0833ffe2c6e607c4080706a723a18a27aeea778392\windows-amd64\native-platform-file-events.dll
0x00007ff97daa0000 - 0x00007ff97daaa000 	C:\Program Files\Java\jdk-21\bin\management.dll
0x00007ff97d4c0000 - 0x00007ff97d4cb000 	C:\Program Files\Java\jdk-21\bin\management_ext.dll
0x00007ff986730000 - 0x00007ff986738000 	C:\Windows\System32\PSAPI.DLL
0x00007ff9850a0000 - 0x00007ff9850b8000 	C:\Windows\SYSTEM32\CRYPTSP.dll
0x00007ff9844a0000 - 0x00007ff9844d4000 	C:\Windows\system32\rsaenh.dll
0x00007ff9859f0000 - 0x00007ff985a17000 	C:\Windows\System32\bcrypt.dll
0x00007ff985280000 - 0x00007ff9852ae000 	C:\Windows\SYSTEM32\USERENV.dll
0x00007ff984c70000 - 0x00007ff984c7c000 	C:\Windows\SYSTEM32\CRYPTBASE.dll
0x00007ff984800000 - 0x00007ff98483b000 	C:\Windows\SYSTEM32\IPHLPAPI.DLL
0x00007ff986400000 - 0x00007ff986409000 	C:\Windows\System32\NSI.dll
0x00007ff97a8e0000 - 0x00007ff97a8e7000 	C:\Program Files\Java\jdk-21\bin\extnet.dll
0x00007ff97a6f0000 - 0x00007ff97a6fe000 	C:\Program Files\Java\jdk-21\bin\sunmscapi.dll
0x00007ff985830000 - 0x00007ff98598d000 	C:\Windows\System32\CRYPT32.dll
0x00007ff984d70000 - 0x00007ff984d97000 	C:\Windows\SYSTEM32\ncrypt.dll
0x00007ff984d30000 - 0x00007ff984d6b000 	C:\Windows\SYSTEM32\NTASN1.dll
0x00007ff980200000 - 0x00007ff980207000 	C:\Windows\system32\wshunix.dll

dbghelp: loaded successfully - version: 4.0.5 - missing functions: none
symbol engine: initialized successfully - sym options: 0x614 - pdb path: .;C:\Program Files\Java\jdk-21\bin;C:\Windows\SYSTEM32;C:\Windows\WinSxS\amd64_microsoft.windows.common-controls_6595b64144ccf1df_6.0.19041.1_none_b555e41d4684ddec;C:\Program Files\Java\jdk-21\bin\server;D:\DOWNLOADS\JetPlayer\native\68d5fa5c4cc2d200863cafc0d521ce42e7d3e7ee720ec0a83991735586a16f82\windows-amd64;D:\DOWNLOADS\JetPlayer\native\e376f236ea51e6404a007f0833ffe2c6e607c4080706a723a18a27aeea778392\windows-amd64

VM Arguments:
jvm_args: --add-opens=java.base/java.util=ALL-UNNAMED --add-opens=java.base/java.lang=ALL-UNNAMED --add-opens=java.base/java.lang.invoke=ALL-UNNAMED --add-opens=java.prefs/java.util.prefs=ALL-UNNAMED --add-opens=java.base/java.nio.charset=ALL-UNNAMED --add-opens=java.base/java.net=ALL-UNNAMED --add-opens=java.base/java.util.concurrent.atomic=ALL-UNNAMED -Xmx2048m -Dfile.encoding=UTF-8 -Duser.country=US -Duser.language=en -Duser.variant 
java_command: org.gradle.launcher.daemon.bootstrap.GradleDaemon 8.0
java_class_path (initial): D:\DOWNLOADS\JetPlayer\wrapper\dists\gradle-8.0-bin\ca5e32bp14vu59qr306oxotwh\gradle-8.0\lib\gradle-launcher-8.0.jar
Launcher Type: SUN_STANDARD

[Global flags]
     intx CICompilerCount                          = 3                                         {product} {ergonomic}
     uint ConcGCThreads                            = 1                                         {product} {ergonomic}
     uint G1ConcRefinementThreads                  = 4                                         {product} {ergonomic}
   size_t G1HeapRegionSize                         = 1048576                                   {product} {ergonomic}
    uintx GCDrainStackTargetSize                   = 64                                        {product} {ergonomic}
   size_t InitialHeapSize                          = 132120576                                 {product} {ergonomic}
   size_t MarkStackSize                            = 4194304                                   {product} {ergonomic}
   size_t MaxHeapSize                              = 2147483648                                {product} {command line}
   size_t MaxNewSize                               = 1287651328                                {product} {ergonomic}
   size_t MinHeapDeltaBytes                        = 1048576                                   {product} {ergonomic}
   size_t MinHeapSize                              = 8388608                                   {product} {ergonomic}
    uintx NonNMethodCodeHeapSize                   = 5832780                                {pd product} {ergonomic}
    uintx NonProfiledCodeHeapSize                  = 122912730                              {pd product} {ergonomic}
    uintx ProfiledCodeHeapSize                     = 122912730                              {pd product} {ergonomic}
    uintx ReservedCodeCacheSize                    = 251658240                              {pd product} {ergonomic}
     bool SegmentedCodeCache                       = true                                      {product} {ergonomic}
   size_t SoftMaxHeapSize                          = 2147483648                             {manageable} {ergonomic}
     bool UseCompressedOops                        = true                           {product lp64_product} {ergonomic}
     bool UseG1GC                                  = true                                      {product} {ergonomic}
     bool UseLargePagesIndividualAllocation        = false                                  {pd product} {ergonomic}

Logging:
Log output configuration:
 #0: stdout all=warning uptime,level,tags foldmultilines=false
 #1: stderr all=off uptime,level,tags foldmultilines=false

Environment Variables:
JAVA_HOME=C:\Program Files\Zulu\zulu-17
PATH=C:\Program Files\Zulu\zulu-17\bin\;C:\Program Files\Common Files\Oracle\Java\javapath;C:\Program Files (x86)\Common Files\Oracle\Java\javapath;C:\Program Files\Zulu\zulu-8\bin\;C:\ProgramData\Oracle\Java\javapath;C:\Windows\system32;C:\Windows;C:\Windows\System32\Wbem;C:\Windows\System32\WindowsPowerShell\v1.0\;C:\Windows\System32\OpenSSH\;C:\Program Files (x86)\dotnet\;C:\Program Files\dotnet\;C:\Program Files (x86)\QuickTime\QTSystem\;D:\DOWNLOADS\gradle-8.3-all\gradle-8.3\bin;C:\Program Files\Git\cmd;C:\Program Files\Java\jdk-21\bin;C:\Users\ACER\AppData\Local\Microsoft\WindowsApps;C:\Users\ACER\AppData\Local\Programs\Microsoft VS Code\bin;C:\Program Files\Java\jdk-21\bin;
USERNAME=ACER
OS=Windows_NT
PROCESSOR_IDENTIFIER=Intel64 Family 6 Model 58 Stepping 9, GenuineIntel
TMP=C:\Users\ACER\AppData\Local\Temp
TEMP=C:\Users\ACER\AppData\Local\Temp




Periodic native trim disabled

---------------  S Y S T E M  ---------------

OS:
 Windows 10 , 64 bit Build 19041 (10.0.19041.207)
OS uptime: 0 days 3:25 hours
Hyper-V role detected

CPU: total 4 (initial active 4) (2 cores per cpu, 2 threads per core) family 6 model 58 stepping 9 microcode 0x21, cx8, cmov, fxsr, ht, mmx, sse, sse2, sse3, ssse3, sse4.1, sse4.2, popcnt, tsc, tscinvbit, avx, aes, erms, clmul, vzeroupper, clflush, hv, rdtscp, f16c
Processor Information for all 4 processors :
  Max Mhz: 2501, Current Mhz: 2501, Mhz Limit: 2501

Memory: 4k page, system-wide physical 8030M (932M free)
TotalPageFile size 10078M (AvailPageFile size 6M)
current process WorkingSet (physical memory assigned to process): 620M, peak: 622M
current process commit charge ("private bytes"): 658M, peak: 661M

vm_info: Java HotSpot(TM) 64-Bit Server VM (21.0.1+12-LTS-29) for windows-amd64 JRE (21.0.1+12-LTS-29), built on 2023-10-05T13:27:09Z by "mach5one" with MS VC++ 17.1 (VS2022)

END.
