#
# There is insufficient memory for the Java Runtime Environment to continue.
# Native memory allocation (mmap) failed to map 176160768 bytes for G1 virtual space
# Possible reasons:
#   The system is out of physical RAM or swap space
#   The process is running with CompressedOops enabled, and the Java Heap may be blocking the growth of the native heap
# Possible solutions:
#   Reduce memory load on the system
#   Increase physical memory or swap space
#   Check if swap backing store is full
#   Decrease Java heap size (-Xmx/-Xms)
#   Decrease number of Java threads
#   Decrease Java thread stack sizes (-Xss)
#   Set larger code cache with -XX:ReservedCodeCacheSize=
#   JVM is running with Unscaled Compressed Oops mode in which the Java heap is
#     placed in the first 4GB address space. The Java Heap base address is the
#     maximum limit for the native heap growth. Please use -XX:HeapBaseMinAddress
#     to set the Java Heap base and to place the Java Heap above 4GB virtual address.
# This output file may be truncated or incomplete.
#
#  Out of Memory Error (os_windows.cpp:3613), pid=5056, tid=10548
#
# JRE version: OpenJDK Runtime Environment Zulu17.46+19-CA (17.0.9+8) (build 17.0.9+8-LTS)
# Java VM: OpenJDK 64-Bit Server VM Zulu17.46+19-CA (17.0.9+8-LTS, mixed mode, sharing, tiered, compressed oops, compressed class ptrs, g1 gc, windows-amd64)
# No core dump will be written. Minidumps are not enabled by default on client versions of Windows
#

---------------  S U M M A R Y ------------

Command Line: --add-opens=java.base/java.util=ALL-UNNAMED --add-opens=java.base/java.lang=ALL-UNNAMED --add-opens=java.base/java.lang.invoke=ALL-UNNAMED --add-opens=java.prefs/java.util.prefs=ALL-UNNAMED --add-opens=java.base/java.nio.charset=ALL-UNNAMED --add-opens=java.base/java.net=ALL-UNNAMED --add-opens=java.base/java.util.concurrent.atomic=ALL-UNNAMED -Xmx2048m -Dfile.encoding=UTF-8 -Duser.country=US -Duser.language=en -Duser.variant org.gradle.launcher.daemon.bootstrap.GradleDaemon 8.0

Host: Intel(R) Core(TM) i5-3210M CPU @ 2.50GHz, 4 cores, 7G,  Windows 10 , 64 bit Build 19041 (10.0.19041.207)
Time: Mon Jan 22 16:53:57 2024 SE Asia Standard Time elapsed time: 47.135846 seconds (0d 0h 0m 47s)

---------------  T H R E A D  ---------------

Current thread (0x00000175c5d42110):  VMThread "VM Thread" [stack: 0x0000001e80800000,0x0000001e80900000] [id=10548]

Stack: [0x0000001e80800000,0x0000001e80900000]
Native frames: (J=compiled Java code, j=interpreted, Vv=VM code, C=native code)
V  [jvm.dll+0x681239]
V  [jvm.dll+0x838dba]
V  [jvm.dll+0x83a87e]
V  [jvm.dll+0x83aee3]
V  [jvm.dll+0x24b92f]
V  [jvm.dll+0x67e049]
V  [jvm.dll+0x67299a]
V  [jvm.dll+0x30b7db]
V  [jvm.dll+0x312c86]
V  [jvm.dll+0x36327e]
V  [jvm.dll+0x3634af]
V  [jvm.dll+0x2e2438]
V  [jvm.dll+0x2e0614]
V  [jvm.dll+0x2dfc1c]
V  [jvm.dll+0x323c3b]
V  [jvm.dll+0x83f3db]
V  [jvm.dll+0x840121]
V  [jvm.dll+0x84063d]
V  [jvm.dll+0x840a14]
V  [jvm.dll+0x840ae0]
V  [jvm.dll+0x7e825a]
V  [jvm.dll+0x680125]
C  [ucrtbase.dll+0x21542]
C  [KERNEL32.DLL+0x16fd4]
C  [ntdll.dll+0x4cec1]

VM_Operation (0x0000001e81eeffd0): G1CollectForAllocation, mode: safepoint, requested by thread 0x000001760cea0a80


---------------  P R O C E S S  ---------------

Threads class SMR info:
_java_thread_list=0x000001760fef21c0, length=85, elements={
0x00000175a60ddfb0, 0x00000175c5d49910, 0x00000175c5d4a6b0, 0x00000175c5d5ab20,
0x00000175c5d5c410, 0x00000175c5d5ccf0, 0x00000175c5d5e720, 0x00000175c5d6bd10,
0x00000175c5d6c6e0, 0x000001760b008070, 0x000001760b0c35f0, 0x000001760b0c9b00,
0x000001760d106220, 0x000001760cf42e80, 0x000001760d6b8f00, 0x000001760cea10f0,
0x000001760cea0570, 0x000001760ce9f130, 0x000001760cea0a80, 0x000001760cea0060,
0x000001760ce9f640, 0x000001760ce9fb50, 0x000001760b406b20, 0x000001760b4042a0,
0x000001760b402950, 0x000001760b401510, 0x000001760b4047b0, 0x000001760b4051d0,
0x000001760b402e60, 0x000001760b406610, 0x000001760b404cc0, 0x000001760b407030,
0x000001760b402440, 0x000001760b407540, 0x000001760b4056e0, 0x000001760b403880,
0x000001760b403d90, 0x000001760b4000d0, 0x000001760b407a50, 0x000001760db1bee0,
0x000001760db1b4c0, 0x000001760db1c3f0, 0x000001760db1dd40, 0x000001760db1b9d0,
0x000001760db1c900, 0x000001760db1ce10, 0x000001760db1d320, 0x000001760db1d830,
0x000001760db1e250, 0x000001760db1e760, 0x000001760db1ec70, 0x000001760d8912b0,
0x000001760d891cd0, 0x000001760d893b30, 0x000001760d8917c0, 0x000001760d8926f0,
0x000001760d88d0e0, 0x000001760d8921e0, 0x000001760d892c00, 0x000001760d88e520,
0x000001760d890380, 0x000001760d890890, 0x000001760d890da0, 0x000001760d894040,
0x000001760d88db00, 0x000001760d894a60, 0x000001760d88d5f0, 0x000001760d894550,
0x000001760d893110, 0x000001760d893620, 0x000001760d88e010, 0x000001760d88ea30,
0x000001760d88ef40, 0x000001760d88f450, 0x000001760d88f960, 0x000001760d88fe70,
0x000001760c2a4680, 0x000001760c2a7e30, 0x000001760c2aa1a0, 0x000001760c2a8d60,
0x000001760c2a5ac0, 0x000001760c2a7920, 0x000001760c2aa6b0, 0x000001760c2a69f0,
0x0000017610b91610
}

Java Threads: ( => current thread )
  0x00000175a60ddfb0 JavaThread "main" [_thread_blocked, id=3348, stack(0x0000001e80200000,0x0000001e80300000)]
  0x00000175c5d49910 JavaThread "Reference Handler" daemon [_thread_blocked, id=11112, stack(0x0000001e80900000,0x0000001e80a00000)]
  0x00000175c5d4a6b0 JavaThread "Finalizer" daemon [_thread_blocked, id=10488, stack(0x0000001e80a00000,0x0000001e80b00000)]
  0x00000175c5d5ab20 JavaThread "Signal Dispatcher" daemon [_thread_blocked, id=10420, stack(0x0000001e80b00000,0x0000001e80c00000)]
  0x00000175c5d5c410 JavaThread "Attach Listener" daemon [_thread_blocked, id=5556, stack(0x0000001e80c00000,0x0000001e80d00000)]
  0x00000175c5d5ccf0 JavaThread "Service Thread" daemon [_thread_blocked, id=1680, stack(0x0000001e80d00000,0x0000001e80e00000)]
  0x00000175c5d5e720 JavaThread "Monitor Deflation Thread" daemon [_thread_blocked, id=8252, stack(0x0000001e80e00000,0x0000001e80f00000)]
  0x00000175c5d6bd10 JavaThread "C2 CompilerThread0" daemon [_thread_blocked, id=9440, stack(0x0000001e80f00000,0x0000001e81000000)]
  0x00000175c5d6c6e0 JavaThread "C1 CompilerThread0" daemon [_thread_blocked, id=4596, stack(0x0000001e81000000,0x0000001e81100000)]
  0x000001760b008070 JavaThread "Sweeper thread" daemon [_thread_blocked, id=11132, stack(0x0000001e81100000,0x0000001e81200000)]
  0x000001760b0c35f0 JavaThread "Common-Cleaner" daemon [_thread_blocked, id=3328, stack(0x0000001e81200000,0x0000001e81300000)]
  0x000001760b0c9b00 JavaThread "Notification Thread" daemon [_thread_blocked, id=10172, stack(0x0000001e81300000,0x0000001e81400000)]
  0x000001760d106220 JavaThread "Daemon health stats" [_thread_blocked, id=11232, stack(0x0000001e81500000,0x0000001e81600000)]
  0x000001760cf42e80 JavaThread "Incoming local TCP Connector on port 52938" [_thread_in_native, id=8660, stack(0x0000001e81900000,0x0000001e81a00000)]
  0x000001760d6b8f00 JavaThread "Daemon periodic checks" [_thread_blocked, id=9948, stack(0x0000001e81a00000,0x0000001e81b00000)]
  0x000001760cea10f0 JavaThread "Daemon" [_thread_blocked, id=2764, stack(0x0000001e81c00000,0x0000001e81d00000)]
  0x000001760cea0570 JavaThread "Handler for socket connection from /127.0.0.1:52938 to /127.0.0.1:52939" [_thread_in_native, id=8436, stack(0x0000001e81d00000,0x0000001e81e00000)]
  0x000001760ce9f130 JavaThread "Cancel handler" [_thread_blocked, id=716, stack(0x0000001e81b00000,0x0000001e81c00000)]
  0x000001760cea0a80 JavaThread "Daemon worker" [_thread_blocked, id=10152, stack(0x0000001e81e00000,0x0000001e81f00000)]
  0x000001760cea0060 JavaThread "Asynchronous log dispatcher for DefaultDaemonConnection: socket connection from /127.0.0.1:52938 to /127.0.0.1:52939" [_thread_blocked, id=1856, stack(0x0000001e81f00000,0x0000001e82000000)]
  0x000001760ce9f640 JavaThread "Stdin handler" [_thread_blocked, id=7156, stack(0x0000001e82000000,0x0000001e82100000)]
  0x000001760ce9fb50 JavaThread "Daemon client event forwarder" [_thread_blocked, id=2540, stack(0x0000001e82100000,0x0000001e82200000)]
  0x000001760b406b20 JavaThread "Cache worker for journal cache (D:\DOWNLOADS\JetPlayer\caches\journal-1)" [_thread_blocked, id=2520, stack(0x0000001e82200000,0x0000001e82300000)]
  0x000001760b4042a0 JavaThread "File lock request listener" [_thread_in_native, id=7392, stack(0x0000001e82300000,0x0000001e82400000)]
  0x000001760b402950 JavaThread "Cache worker for file hash cache (D:\DOWNLOADS\JetPlayer\caches\8.0\fileHashes)" [_thread_blocked, id=9212, stack(0x0000001e82500000,0x0000001e82600000)]
  0x000001760b401510 JavaThread "File watcher server" daemon [_thread_in_native, id=1844, stack(0x0000001e82600000,0x0000001e82700000)]
  0x000001760b4047b0 JavaThread "File watcher consumer" daemon [_thread_blocked, id=7372, stack(0x0000001e82700000,0x0000001e82800000)]
  0x000001760b4051d0 JavaThread "jar transforms" [_thread_blocked, id=928, stack(0x0000001e82800000,0x0000001e82900000)]
  0x000001760b402e60 JavaThread "jar transforms Thread 2" [_thread_blocked, id=3836, stack(0x0000001e82900000,0x0000001e82a00000)]
  0x000001760b406610 JavaThread "jar transforms Thread 3" [_thread_blocked, id=2456, stack(0x0000001e82a00000,0x0000001e82b00000)]
  0x000001760b404cc0 JavaThread "jar transforms Thread 4" [_thread_blocked, id=8836, stack(0x0000001e82b00000,0x0000001e82c00000)]
  0x000001760b407030 JavaThread "Cache worker for checksums cache (C:\Users\ACER\AndroidStudioProjects\ShoesCare\.gradle\8.0\checksums)" [_thread_blocked, id=3412, stack(0x0000001e82c00000,0x0000001e82d00000)]
  0x000001760b402440 JavaThread "Cache worker for cache directory md-rule (D:\DOWNLOADS\JetPlayer\caches\8.0\md-rule)" [_thread_blocked, id=8292, stack(0x0000001e82400000,0x0000001e82500000)]
  0x000001760b407540 JavaThread "Cache worker for file content cache (D:\DOWNLOADS\JetPlayer\caches\8.0\fileContent)" [_thread_blocked, id=260, stack(0x0000001e82d00000,0x0000001e82e00000)]
  0x000001760b4056e0 JavaThread "Cache worker for file hash cache (C:\Users\ACER\AndroidStudioProjects\ShoesCare\.gradle\8.0\fileHashes)" [_thread_blocked, id=10580, stack(0x0000001e82e00000,0x0000001e82f00000)]
  0x000001760b403880 JavaThread "Cache worker for cache directory md-supplier (D:\DOWNLOADS\JetPlayer\caches\8.0\md-supplier)" [_thread_blocked, id=7336, stack(0x0000001e82f00000,0x0000001e83000000)]
  0x000001760b403d90 JavaThread "Cache worker for execution history cache (D:\DOWNLOADS\JetPlayer\caches\8.0\executionHistory)" [_thread_blocked, id=8284, stack(0x0000001e83000000,0x0000001e83100000)]
  0x000001760b4000d0 JavaThread "Cache worker for kotlin-dsl (D:\DOWNLOADS\JetPlayer\caches\8.0\kotlin-dsl)" [_thread_blocked, id=7248, stack(0x0000001e83400000,0x0000001e83500000)]
  0x000001760b407a50 JavaThread "Cache worker for dependencies-accessors (C:\Users\ACER\AndroidStudioProjects\ShoesCare\.gradle\8.0\dependencies-accessors)" [_thread_blocked, id=10228, stack(0x0000001e83500000,0x0000001e83600000)]
  0x000001760db1bee0 JavaThread "Cache worker for Build Output Cleanup Cache (C:\Users\ACER\AndroidStudioProjects\ShoesCare\.gradle\buildOutputCleanup)" [_thread_blocked, id=8556, stack(0x0000001e83600000,0x0000001e83700000)]
  0x000001760db1b4c0 JavaThread "Unconstrained build operations" [_thread_blocked, id=7812, stack(0x0000001e83700000,0x0000001e83800000)]
  0x000001760db1c3f0 JavaThread "Unconstrained build operations Thread 2" [_thread_blocked, id=4872, stack(0x0000001e83800000,0x0000001e83900000)]
  0x000001760db1dd40 JavaThread "Unconstrained build operations Thread 3" [_thread_blocked, id=6800, stack(0x0000001e83900000,0x0000001e83a00000)]
  0x000001760db1b9d0 JavaThread "Unconstrained build operations Thread 4" [_thread_blocked, id=5436, stack(0x0000001e83a00000,0x0000001e83b00000)]
  0x000001760db1c900 JavaThread "Unconstrained build operations Thread 5" [_thread_blocked, id=10556, stack(0x0000001e83b00000,0x0000001e83c00000)]
  0x000001760db1ce10 JavaThread "Unconstrained build operations Thread 6" [_thread_blocked, id=11164, stack(0x0000001e83c00000,0x0000001e83d00000)]
  0x000001760db1d320 JavaThread "Unconstrained build operations Thread 7" [_thread_blocked, id=7380, stack(0x0000001e83d00000,0x0000001e83e00000)]
  0x000001760db1d830 JavaThread "Unconstrained build operations Thread 8" [_thread_blocked, id=7576, stack(0x0000001e83e00000,0x0000001e83f00000)]
  0x000001760db1e250 JavaThread "Unconstrained build operations Thread 9" [_thread_blocked, id=1308, stack(0x0000001e83f00000,0x0000001e84000000)]
  0x000001760db1e760 JavaThread "Unconstrained build operations Thread 10" [_thread_blocked, id=8916, stack(0x0000001e84000000,0x0000001e84100000)]
  0x000001760db1ec70 JavaThread "Unconstrained build operations Thread 11" [_thread_blocked, id=10552, stack(0x0000001e84100000,0x0000001e84200000)]
  0x000001760d8912b0 JavaThread "Unconstrained build operations Thread 12" [_thread_blocked, id=1248, stack(0x0000001e84200000,0x0000001e84300000)]
  0x000001760d891cd0 JavaThread "Unconstrained build operations Thread 13" [_thread_blocked, id=10528, stack(0x0000001e84300000,0x0000001e84400000)]
  0x000001760d893b30 JavaThread "Unconstrained build operations Thread 14" [_thread_blocked, id=6612, stack(0x0000001e84400000,0x0000001e84500000)]
  0x000001760d8917c0 JavaThread "Unconstrained build operations Thread 15" [_thread_blocked, id=8852, stack(0x0000001e84500000,0x0000001e84600000)]
  0x000001760d8926f0 JavaThread "Unconstrained build operations Thread 16" [_thread_blocked, id=9304, stack(0x0000001e84600000,0x0000001e84700000)]
  0x000001760d88d0e0 JavaThread "Unconstrained build operations Thread 17" [_thread_blocked, id=2392, stack(0x0000001e84700000,0x0000001e84800000)]
  0x000001760d8921e0 JavaThread "Unconstrained build operations Thread 18" [_thread_blocked, id=7364, stack(0x0000001e84800000,0x0000001e84900000)]
  0x000001760d892c00 JavaThread "Unconstrained build operations Thread 19" [_thread_blocked, id=5036, stack(0x0000001e84900000,0x0000001e84a00000)]
  0x000001760d88e520 JavaThread "Unconstrained build operations Thread 20" [_thread_blocked, id=7940, stack(0x0000001e84a00000,0x0000001e84b00000)]
  0x000001760d890380 JavaThread "Unconstrained build operations Thread 21" [_thread_blocked, id=9668, stack(0x0000001e84b00000,0x0000001e84c00000)]
  0x000001760d890890 JavaThread "Unconstrained build operations Thread 22" [_thread_blocked, id=5528, stack(0x0000001e84c00000,0x0000001e84d00000)]
  0x000001760d890da0 JavaThread "Unconstrained build operations Thread 23" [_thread_blocked, id=10812, stack(0x0000001e84d00000,0x0000001e84e00000)]
  0x000001760d894040 JavaThread "Unconstrained build operations Thread 24" [_thread_blocked, id=8904, stack(0x0000001e84e00000,0x0000001e84f00000)]
  0x000001760d88db00 JavaThread "Unconstrained build operations Thread 25" [_thread_blocked, id=1524, stack(0x0000001e84f00000,0x0000001e85000000)]
  0x000001760d894a60 JavaThread "Unconstrained build operations Thread 26" [_thread_blocked, id=3232, stack(0x0000001e85000000,0x0000001e85100000)]
  0x000001760d88d5f0 JavaThread "Unconstrained build operations Thread 27" [_thread_blocked, id=2552, stack(0x0000001e85100000,0x0000001e85200000)]
  0x000001760d894550 JavaThread "Unconstrained build operations Thread 28" [_thread_blocked, id=5268, stack(0x0000001e85200000,0x0000001e85300000)]
  0x000001760d893110 JavaThread "Unconstrained build operations Thread 29" [_thread_blocked, id=10608, stack(0x0000001e85300000,0x0000001e85400000)]
  0x000001760d893620 JavaThread "Unconstrained build operations Thread 30" [_thread_blocked, id=9484, stack(0x0000001e85400000,0x0000001e85500000)]
  0x000001760d88e010 JavaThread "Unconstrained build operations Thread 31" [_thread_blocked, id=7784, stack(0x0000001e85500000,0x0000001e85600000)]
  0x000001760d88ea30 JavaThread "Unconstrained build operations Thread 32" [_thread_blocked, id=8860, stack(0x0000001e85600000,0x0000001e85700000)]
  0x000001760d88ef40 JavaThread "Unconstrained build operations Thread 33" [_thread_blocked, id=11212, stack(0x0000001e85700000,0x0000001e85800000)]
  0x000001760d88f450 JavaThread "Unconstrained build operations Thread 34" [_thread_blocked, id=11152, stack(0x0000001e85800000,0x0000001e85900000)]
  0x000001760d88f960 JavaThread "Unconstrained build operations Thread 35" [_thread_blocked, id=252, stack(0x0000001e85900000,0x0000001e85a00000)]
  0x000001760d88fe70 JavaThread "Unconstrained build operations Thread 36" [_thread_blocked, id=8956, stack(0x0000001e85a00000,0x0000001e85b00000)]
  0x000001760c2a4680 JavaThread "Unconstrained build operations Thread 37" [_thread_blocked, id=5008, stack(0x0000001e85b00000,0x0000001e85c00000)]
  0x000001760c2a7e30 JavaThread "Unconstrained build operations Thread 38" [_thread_blocked, id=6920, stack(0x0000001e85c00000,0x0000001e85d00000)]
  0x000001760c2aa1a0 JavaThread "Unconstrained build operations Thread 39" [_thread_blocked, id=3664, stack(0x0000001e85d00000,0x0000001e85e00000)]
  0x000001760c2a8d60 JavaThread "Unconstrained build operations Thread 40" [_thread_blocked, id=7188, stack(0x0000001e85e00000,0x0000001e85f00000)]
  0x000001760c2a5ac0 JavaThread "Memory manager" [_thread_blocked, id=7064, stack(0x0000001e85f00000,0x0000001e86000000)]
  0x000001760c2a7920 JavaThread "build event listener" [_thread_blocked, id=5988, stack(0x0000001e86000000,0x0000001e86100000)]
  0x000001760c2aa6b0 JavaThread "build event listener" [_thread_blocked, id=3792, stack(0x0000001e86100000,0x0000001e86200000)]
  0x000001760c2a69f0 JavaThread "Kotlin DSL Writer" [_thread_blocked, id=8488, stack(0x0000001e83100000,0x0000001e83200000)]
  0x0000017610b91610 JavaThread "C2 CompilerThread1" daemon [_thread_blocked, id=5480, stack(0x0000001e86400000,0x0000001e86500000)]

Other Threads:
=>0x00000175c5d42110 VMThread "VM Thread" [stack: 0x0000001e80800000,0x0000001e80900000] [id=10548]
  0x000001760b0c9ff0 WatcherThread [stack: 0x0000001e81400000,0x0000001e81500000] [id=5564]
  0x00000175a813f140 GCTaskThread "GC Thread#0" [stack: 0x0000001e80300000,0x0000001e80400000] [id=7628]
  0x000001760b5abbd0 GCTaskThread "GC Thread#1" [stack: 0x0000001e81600000,0x0000001e81700000] [id=5964]
  0x000001760b8150b0 GCTaskThread "GC Thread#2" [stack: 0x0000001e81700000,0x0000001e81800000] [id=10372]
  0x000001760c86ea30 GCTaskThread "GC Thread#3" [stack: 0x0000001e81800000,0x0000001e81900000] [id=1596]
  0x00000175a814ffb0 ConcurrentGCThread "G1 Main Marker" [stack: 0x0000001e80400000,0x0000001e80500000] [id=10476]
  0x00000175a81518f0 ConcurrentGCThread "G1 Conc#0" [stack: 0x0000001e80500000,0x0000001e80600000] [id=1356]
  0x00000175a81ad4e0 ConcurrentGCThread "G1 Refine#0" [stack: 0x0000001e80600000,0x0000001e80700000] [id=6400]
  0x000001760f8574c0 ConcurrentGCThread "G1 Refine#1" [stack: 0x0000001e83200000,0x0000001e83300000] [id=4104]
  0x000001760f81d9d0 ConcurrentGCThread "G1 Refine#2" [stack: 0x0000001e83300000,0x0000001e83400000] [id=1784]
  0x0000017610848fb0 ConcurrentGCThread "G1 Refine#3" [stack: 0x0000001e86500000,0x0000001e86600000] [id=9632]
  0x00000175a81ade30 ConcurrentGCThread "G1 Service" [stack: 0x0000001e80700000,0x0000001e80800000] [id=2920]

Threads with active compile tasks:

VM state: at safepoint (normal execution)

VM Mutex/Monitor currently owned by a thread:  ([mutex/lock_event])
[0x00000175a80e5450] Threads_lock - owner thread: 0x00000175c5d42110
[0x00000175a80e5960] Heap_lock - owner thread: 0x000001760cea0a80

Heap address: 0x0000000080000000, size: 2048 MB, Compressed Oops mode: 32-bit

CDS archive(s) mapped at: [0x00000175c6000000-0x00000175c6bd0000-0x00000175c6bd0000), size 12386304, SharedBaseAddress: 0x00000175c6000000, ArchiveRelocationMode: 1.
Compressed class space mapped at: 0x00000175c7000000-0x0000017607000000, reserved size: 1073741824
Narrow klass base: 0x00000175c6000000, Narrow klass shift: 0, Narrow klass range: 0x100000000

GC Precious Log:
 CPUs: 4 total, 4 available
 Memory: 8030M
 Large Page Support: Disabled
 NUMA Support: Disabled
 Compressed Oops: Enabled (32-bit)
 Heap Region Size: 1M
 Heap Min Capacity: 8M
 Heap Initial Capacity: 126M
 Heap Max Capacity: 2G
 Pre-touch: Disabled
 Parallel Workers: 4
 Concurrent Workers: 1
 Concurrent Refinement Workers: 4
 Periodic GC: Disabled

Heap:
 garbage-first heap   total 278528K, used 160212K [0x0000000080000000, 0x0000000100000000)
  region size 1024K, 4 young (4096K), 4 survivors (4096K)
 Metaspace       used 100947K, committed 101632K, reserved 1179648K
  class space    used 13309K, committed 13632K, reserved 1048576K

Heap Regions: E=young(eden), S=young(survivor), O=old, HS=humongous(starts), HC=humongous(continues), CS=collection set, F=free, OA=open archive, CA=closed archive, TAMS=top-at-mark-start (previous, next)
|   0|0x0000000080000000, 0x0000000080100000, 0x0000000080100000|100%| O|  |TAMS 0x0000000080100000, 0x0000000080000000| Untracked 
|   1|0x0000000080100000, 0x0000000080200000, 0x0000000080200000|100%| O|  |TAMS 0x0000000080200000, 0x0000000080100000| Untracked 
|   2|0x0000000080200000, 0x0000000080300000, 0x0000000080300000|100%|HS|  |TAMS 0x0000000080300000, 0x0000000080200000| Complete 
|   3|0x0000000080300000, 0x0000000080400000, 0x0000000080400000|100%|HC|  |TAMS 0x0000000080400000, 0x0000000080300000| Complete 
|   4|0x0000000080400000, 0x0000000080500000, 0x0000000080500000|100%|HC|  |TAMS 0x0000000080500000, 0x0000000080400000| Complete 
|   5|0x0000000080500000, 0x0000000080600000, 0x0000000080600000|100%|HC|  |TAMS 0x0000000080600000, 0x0000000080500000| Complete 
|   6|0x0000000080600000, 0x0000000080700000, 0x0000000080700000|100%| O|  |TAMS 0x0000000080700000, 0x0000000080600000| Untracked 
|   7|0x0000000080700000, 0x0000000080800000, 0x0000000080800000|100%| O|  |TAMS 0x0000000080800000, 0x0000000080700000| Untracked 
|   8|0x0000000080800000, 0x0000000080900000, 0x0000000080900000|100%| O|  |TAMS 0x0000000080900000, 0x0000000080800000| Untracked 
|   9|0x0000000080900000, 0x0000000080a00000, 0x0000000080a00000|100%| O|  |TAMS 0x0000000080a00000, 0x0000000080900000| Untracked 
|  10|0x0000000080a00000, 0x0000000080b00000, 0x0000000080b00000|100%| O|  |TAMS 0x0000000080b00000, 0x0000000080a00000| Untracked 
|  11|0x0000000080b00000, 0x0000000080c00000, 0x0000000080c00000|100%| O|  |TAMS 0x0000000080c00000, 0x0000000080b00000| Untracked 
|  12|0x0000000080c00000, 0x0000000080d00000, 0x0000000080d00000|100%|HS|  |TAMS 0x0000000080d00000, 0x0000000080c00000| Complete 
|  13|0x0000000080d00000, 0x0000000080e00000, 0x0000000080e00000|100%|HC|  |TAMS 0x0000000080e00000, 0x0000000080d00000| Complete 
|  14|0x0000000080e00000, 0x0000000080f00000, 0x0000000080f00000|100%|HS|  |TAMS 0x0000000080f00000, 0x0000000080e00000| Complete 
|  15|0x0000000080f00000, 0x0000000081000000, 0x0000000081000000|100%|HC|  |TAMS 0x0000000081000000, 0x0000000080f00000| Complete 
|  16|0x0000000081000000, 0x0000000081100000, 0x0000000081100000|100%|HC|  |TAMS 0x0000000081100000, 0x0000000081000000| Complete 
|  17|0x0000000081100000, 0x0000000081200000, 0x0000000081200000|100%|HS|  |TAMS 0x0000000081200000, 0x0000000081100000| Complete 
|  18|0x0000000081200000, 0x0000000081300000, 0x0000000081300000|100%|HC|  |TAMS 0x0000000081300000, 0x0000000081200000| Complete 
|  19|0x0000000081300000, 0x0000000081400000, 0x0000000081400000|100%|HC|  |TAMS 0x0000000081400000, 0x0000000081300000| Complete 
|  20|0x0000000081400000, 0x0000000081500000, 0x0000000081500000|100%|HS|  |TAMS 0x0000000081500000, 0x0000000081400000| Complete 
|  21|0x0000000081500000, 0x0000000081600000, 0x0000000081600000|100%|HC|  |TAMS 0x0000000081600000, 0x0000000081500000| Complete 
|  22|0x0000000081600000, 0x0000000081700000, 0x0000000081700000|100%|HC|  |TAMS 0x0000000081700000, 0x0000000081600000| Complete 
|  23|0x0000000081700000, 0x0000000081800000, 0x0000000081800000|100%|HC|  |TAMS 0x0000000081800000, 0x0000000081700000| Complete 
|  24|0x0000000081800000, 0x0000000081900000, 0x0000000081900000|100%|HC|  |TAMS 0x0000000081900000, 0x0000000081800000| Complete 
|  25|0x0000000081900000, 0x0000000081a00000, 0x0000000081a00000|100%|HC|  |TAMS 0x0000000081a00000, 0x0000000081900000| Complete 
|  26|0x0000000081a00000, 0x0000000081b00000, 0x0000000081b00000|100%|HC|  |TAMS 0x0000000081b00000, 0x0000000081a00000| Complete 
|  27|0x0000000081b00000, 0x0000000081c00000, 0x0000000081c00000|100%|HC|  |TAMS 0x0000000081c00000, 0x0000000081b00000| Complete 
|  28|0x0000000081c00000, 0x0000000081d00000, 0x0000000081d00000|100%|HC|  |TAMS 0x0000000081d00000, 0x0000000081c00000| Complete 
|  29|0x0000000081d00000, 0x0000000081e00000, 0x0000000081e00000|100%|HC|  |TAMS 0x0000000081e00000, 0x0000000081d00000| Complete 
|  30|0x0000000081e00000, 0x0000000081f00000, 0x0000000081f00000|100%|HC|  |TAMS 0x0000000081f00000, 0x0000000081e00000| Complete 
|  31|0x0000000081f00000, 0x0000000082000000, 0x0000000082000000|100%|HC|  |TAMS 0x0000000082000000, 0x0000000081f00000| Complete 
|  32|0x0000000082000000, 0x0000000082100000, 0x0000000082100000|100%|HS|  |TAMS 0x0000000082100000, 0x0000000082000000| Complete 
|  33|0x0000000082100000, 0x0000000082200000, 0x0000000082200000|100%|HC|  |TAMS 0x0000000082200000, 0x0000000082100000| Complete 
|  34|0x0000000082200000, 0x0000000082300000, 0x0000000082300000|100%| O|  |TAMS 0x0000000082300000, 0x0000000082200000| Untracked 
|  35|0x0000000082300000, 0x0000000082400000, 0x0000000082400000|100%| O|  |TAMS 0x0000000082400000, 0x0000000082300000| Untracked 
|  36|0x0000000082400000, 0x0000000082500000, 0x0000000082500000|100%| O|  |TAMS 0x0000000082500000, 0x0000000082400000| Untracked 
|  37|0x0000000082500000, 0x0000000082600000, 0x0000000082600000|100%| O|  |TAMS 0x0000000082600000, 0x0000000082500000| Untracked 
|  38|0x0000000082600000, 0x0000000082700000, 0x0000000082700000|100%| O|  |TAMS 0x0000000082700000, 0x0000000082600000| Untracked 
|  39|0x0000000082700000, 0x0000000082800000, 0x0000000082800000|100%| O|  |TAMS 0x0000000082800000, 0x0000000082700000| Untracked 
|  40|0x0000000082800000, 0x0000000082900000, 0x0000000082900000|100%| O|  |TAMS 0x0000000082900000, 0x0000000082800000| Untracked 
|  41|0x0000000082900000, 0x0000000082a00000, 0x0000000082a00000|100%| O|  |TAMS 0x0000000082a00000, 0x0000000082900000| Untracked 
|  42|0x0000000082a00000, 0x0000000082b00000, 0x0000000082b00000|100%| O|  |TAMS 0x0000000082b00000, 0x0000000082a00000| Untracked 
|  43|0x0000000082b00000, 0x0000000082c00000, 0x0000000082c00000|100%| O|  |TAMS 0x0000000082c00000, 0x0000000082b00000| Untracked 
|  44|0x0000000082c00000, 0x0000000082d00000, 0x0000000082d00000|100%| O|  |TAMS 0x0000000082d00000, 0x0000000082c00000| Untracked 
|  45|0x0000000082d00000, 0x0000000082e00000, 0x0000000082e00000|100%| O|  |TAMS 0x0000000082e00000, 0x0000000082d00000| Untracked 
|  46|0x0000000082e00000, 0x0000000082f00000, 0x0000000082f00000|100%| O|  |TAMS 0x0000000082f00000, 0x0000000082e00000| Untracked 
|  47|0x0000000082f00000, 0x0000000083000000, 0x0000000083000000|100%| O|  |TAMS 0x0000000083000000, 0x0000000082f00000| Untracked 
|  48|0x0000000083000000, 0x0000000083100000, 0x0000000083100000|100%| O|  |TAMS 0x0000000083100000, 0x0000000083000000| Untracked 
|  49|0x0000000083100000, 0x0000000083200000, 0x0000000083200000|100%| O|  |TAMS 0x0000000083200000, 0x0000000083100000| Untracked 
|  50|0x0000000083200000, 0x0000000083300000, 0x0000000083300000|100%| O|  |TAMS 0x0000000083300000, 0x0000000083200000| Untracked 
|  51|0x0000000083300000, 0x0000000083400000, 0x0000000083400000|100%| O|  |TAMS 0x0000000083400000, 0x0000000083300000| Untracked 
|  52|0x0000000083400000, 0x0000000083500000, 0x0000000083500000|100%| O|  |TAMS 0x0000000083500000, 0x0000000083400000| Untracked 
|  53|0x0000000083500000, 0x0000000083600000, 0x0000000083600000|100%| O|  |TAMS 0x0000000083600000, 0x0000000083500000| Untracked 
|  54|0x0000000083600000, 0x0000000083700000, 0x0000000083700000|100%| O|  |TAMS 0x0000000083700000, 0x0000000083600000| Untracked 
|  55|0x0000000083700000, 0x0000000083800000, 0x0000000083800000|100%| O|  |TAMS 0x0000000083800000, 0x0000000083700000| Untracked 
|  56|0x0000000083800000, 0x0000000083900000, 0x0000000083900000|100%| O|  |TAMS 0x0000000083900000, 0x0000000083800000| Untracked 
|  57|0x0000000083900000, 0x0000000083a00000, 0x0000000083a00000|100%|HS|  |TAMS 0x0000000083a00000, 0x0000000083900000| Complete 
|  58|0x0000000083a00000, 0x0000000083b00000, 0x0000000083b00000|100%|HC|  |TAMS 0x0000000083b00000, 0x0000000083a00000| Complete 
|  59|0x0000000083b00000, 0x0000000083c00000, 0x0000000083c00000|100%|HC|  |TAMS 0x0000000083c00000, 0x0000000083b00000| Complete 
|  60|0x0000000083c00000, 0x0000000083d00000, 0x0000000083d00000|100%|HS|  |TAMS 0x0000000083d00000, 0x0000000083c00000| Complete 
|  61|0x0000000083d00000, 0x0000000083e00000, 0x0000000083e00000|100%|HC|  |TAMS 0x0000000083e00000, 0x0000000083d00000| Complete 
|  62|0x0000000083e00000, 0x0000000083f00000, 0x0000000083f00000|100%|HC|  |TAMS 0x0000000083f00000, 0x0000000083e00000| Complete 
|  63|0x0000000083f00000, 0x0000000084000000, 0x0000000084000000|100%| O|  |TAMS 0x0000000084000000, 0x0000000083f00000| Untracked 
|  64|0x0000000084000000, 0x0000000084100000, 0x0000000084100000|100%| O|  |TAMS 0x0000000084100000, 0x0000000084000000| Untracked 
|  65|0x0000000084100000, 0x0000000084200000, 0x0000000084200000|100%| O|  |TAMS 0x0000000084200000, 0x0000000084100000| Untracked 
|  66|0x0000000084200000, 0x0000000084300000, 0x0000000084300000|100%| O|  |TAMS 0x0000000084300000, 0x0000000084200000| Untracked 
|  67|0x0000000084300000, 0x0000000084400000, 0x0000000084400000|100%| O|  |TAMS 0x0000000084400000, 0x0000000084300000| Untracked 
|  68|0x0000000084400000, 0x0000000084500000, 0x0000000084500000|100%| O|  |TAMS 0x0000000084500000, 0x0000000084400000| Untracked 
|  69|0x0000000084500000, 0x0000000084600000, 0x0000000084600000|100%| O|  |TAMS 0x0000000084600000, 0x0000000084500000| Untracked 
|  70|0x0000000084600000, 0x0000000084700000, 0x0000000084700000|100%|HS|  |TAMS 0x0000000084700000, 0x0000000084600000| Complete 
|  71|0x0000000084700000, 0x0000000084800000, 0x0000000084800000|100%|HS|  |TAMS 0x0000000084800000, 0x0000000084700000| Complete 
|  72|0x0000000084800000, 0x0000000084900000, 0x0000000084900000|100%|HS|  |TAMS 0x0000000084900000, 0x0000000084800000| Complete 
|  73|0x0000000084900000, 0x0000000084a00000, 0x0000000084a00000|100%|HS|  |TAMS 0x0000000084a00000, 0x0000000084900000| Complete 
|  74|0x0000000084a00000, 0x0000000084b00000, 0x0000000084b00000|100%|HC|  |TAMS 0x0000000084b00000, 0x0000000084a00000| Complete 
|  75|0x0000000084b00000, 0x0000000084c00000, 0x0000000084c00000|100%| O|  |TAMS 0x0000000084c00000, 0x0000000084b00000| Untracked 
|  76|0x0000000084c00000, 0x0000000084d00000, 0x0000000084d00000|100%| O|  |TAMS 0x0000000084d00000, 0x0000000084c00000| Untracked 
|  77|0x0000000084d00000, 0x0000000084e00000, 0x0000000084e00000|100%| O|  |TAMS 0x0000000084e00000, 0x0000000084d00000| Untracked 
|  78|0x0000000084e00000, 0x0000000084f00000, 0x0000000084f00000|100%| O|  |TAMS 0x0000000084f00000, 0x0000000084e00000| Untracked 
|  79|0x0000000084f00000, 0x0000000085000000, 0x0000000085000000|100%| O|  |TAMS 0x0000000085000000, 0x0000000084f00000| Untracked 
|  80|0x0000000085000000, 0x0000000085100000, 0x0000000085100000|100%|HS|  |TAMS 0x0000000085100000, 0x0000000085000000| Complete 
|  81|0x0000000085100000, 0x0000000085200000, 0x0000000085200000|100%|HC|  |TAMS 0x0000000085200000, 0x0000000085100000| Complete 
|  82|0x0000000085200000, 0x0000000085300000, 0x0000000085300000|100%|HC|  |TAMS 0x0000000085300000, 0x0000000085200000| Complete 
|  83|0x0000000085300000, 0x0000000085400000, 0x0000000085400000|100%|HC|  |TAMS 0x0000000085400000, 0x0000000085300000| Complete 
|  84|0x0000000085400000, 0x0000000085500000, 0x0000000085500000|100%| O|  |TAMS 0x0000000085500000, 0x0000000085400000| Untracked 
|  85|0x0000000085500000, 0x0000000085600000, 0x0000000085600000|100%| O|  |TAMS 0x0000000085600000, 0x0000000085500000| Untracked 
|  86|0x0000000085600000, 0x0000000085700000, 0x0000000085700000|100%| O|  |TAMS 0x0000000085700000, 0x0000000085600000| Untracked 
|  87|0x0000000085700000, 0x0000000085800000, 0x0000000085800000|100%| O|  |TAMS 0x0000000085800000, 0x0000000085700000| Untracked 
|  88|0x0000000085800000, 0x0000000085900000, 0x0000000085900000|100%| O|  |TAMS 0x0000000085900000, 0x0000000085800000| Untracked 
|  89|0x0000000085900000, 0x0000000085a00000, 0x0000000085a00000|100%| O|  |TAMS 0x0000000085a00000, 0x0000000085900000| Untracked 
|  90|0x0000000085a00000, 0x0000000085b00000, 0x0000000085b00000|100%| O|  |TAMS 0x0000000085b00000, 0x0000000085a00000| Untracked 
|  91|0x0000000085b00000, 0x0000000085c00000, 0x0000000085c00000|100%| O|  |TAMS 0x0000000085c00000, 0x0000000085b00000| Untracked 
|  92|0x0000000085c00000, 0x0000000085d00000, 0x0000000085d00000|100%| O|  |TAMS 0x0000000085d00000, 0x0000000085c00000| Untracked 
|  93|0x0000000085d00000, 0x0000000085e00000, 0x0000000085e00000|100%| O|  |TAMS 0x0000000085e00000, 0x0000000085d00000| Untracked 
|  94|0x0000000085e00000, 0x0000000085f00000, 0x0000000085f00000|100%| O|  |TAMS 0x0000000085f00000, 0x0000000085e00000| Untracked 
|  95|0x0000000085f00000, 0x0000000086000000, 0x0000000086000000|100%| O|  |TAMS 0x0000000086000000, 0x0000000085f00000| Untracked 
|  96|0x0000000086000000, 0x0000000086100000, 0x0000000086100000|100%| O|  |TAMS 0x0000000086100000, 0x0000000086000000| Untracked 
|  97|0x0000000086100000, 0x0000000086200000, 0x0000000086200000|100%| O|  |TAMS 0x0000000086200000, 0x0000000086100000| Untracked 
|  98|0x0000000086200000, 0x0000000086300000, 0x0000000086300000|100%| O|  |TAMS 0x0000000086300000, 0x0000000086200000| Untracked 
|  99|0x0000000086300000, 0x0000000086400000, 0x0000000086400000|100%| O|  |TAMS 0x0000000086400000, 0x0000000086300000| Untracked 
| 100|0x0000000086400000, 0x0000000086500000, 0x0000000086500000|100%| O|  |TAMS 0x0000000086500000, 0x0000000086400000| Untracked 
| 101|0x0000000086500000, 0x0000000086600000, 0x0000000086600000|100%| O|  |TAMS 0x0000000086600000, 0x0000000086500000| Untracked 
| 102|0x0000000086600000, 0x0000000086700000, 0x0000000086700000|100%| O|  |TAMS 0x0000000086700000, 0x0000000086600000| Untracked 
| 103|0x0000000086700000, 0x0000000086700000, 0x0000000086800000|  0%| F|  |TAMS 0x0000000086700000, 0x0000000086700000| Untracked 
| 104|0x0000000086800000, 0x0000000086800000, 0x0000000086900000|  0%| F|  |TAMS 0x0000000086800000, 0x0000000086800000| Untracked 
| 105|0x0000000086900000, 0x0000000086a00000, 0x0000000086a00000|100%| O|  |TAMS 0x0000000086a00000, 0x0000000086900000| Untracked 
| 106|0x0000000086a00000, 0x0000000086b00000, 0x0000000086b00000|100%|HS|  |TAMS 0x0000000086b00000, 0x0000000086a00000| Complete 
| 107|0x0000000086b00000, 0x0000000086c00000, 0x0000000086c00000|100%|HC|  |TAMS 0x0000000086c00000, 0x0000000086b00000| Complete 
| 108|0x0000000086c00000, 0x0000000086d00000, 0x0000000086d00000|100%|HC|  |TAMS 0x0000000086d00000, 0x0000000086c00000| Complete 
| 109|0x0000000086d00000, 0x0000000086e00000, 0x0000000086e00000|100%|HC|  |TAMS 0x0000000086e00000, 0x0000000086d00000| Complete 
| 110|0x0000000086e00000, 0x0000000086f00000, 0x0000000086f00000|100%| O|  |TAMS 0x0000000086f00000, 0x0000000086e00000| Untracked 
| 111|0x0000000086f00000, 0x0000000087000000, 0x0000000087000000|100%| O|  |TAMS 0x0000000087000000, 0x0000000086f00000| Untracked 
| 112|0x0000000087000000, 0x0000000087100000, 0x0000000087100000|100%| O|  |TAMS 0x0000000087100000, 0x0000000087000000| Untracked 
| 113|0x0000000087100000, 0x0000000087200000, 0x0000000087200000|100%| O|  |TAMS 0x0000000087200000, 0x0000000087100000| Untracked 
| 114|0x0000000087200000, 0x0000000087300000, 0x0000000087300000|100%| O|  |TAMS 0x0000000087300000, 0x0000000087200000| Untracked 
| 115|0x0000000087300000, 0x0000000087400000, 0x0000000087400000|100%| O|  |TAMS 0x0000000087400000, 0x0000000087300000| Untracked 
| 116|0x0000000087400000, 0x0000000087500000, 0x0000000087500000|100%| O|  |TAMS 0x0000000087500000, 0x0000000087400000| Untracked 
| 117|0x0000000087500000, 0x0000000087600000, 0x0000000087600000|100%| O|  |TAMS 0x0000000087600000, 0x0000000087500000| Untracked 
| 118|0x0000000087600000, 0x0000000087700000, 0x0000000087700000|100%| O|  |TAMS 0x0000000087700000, 0x0000000087600000| Untracked 
| 119|0x0000000087700000, 0x0000000087800000, 0x0000000087800000|100%| O|  |TAMS 0x0000000087800000, 0x0000000087700000| Untracked 
| 120|0x0000000087800000, 0x0000000087900000, 0x0000000087900000|100%| O|  |TAMS 0x0000000087900000, 0x0000000087800000| Untracked 
| 121|0x0000000087900000, 0x0000000087a00000, 0x0000000087a00000|100%| O|  |TAMS 0x0000000087a00000, 0x0000000087900000| Untracked 
| 122|0x0000000087a00000, 0x0000000087b00000, 0x0000000087b00000|100%| O|  |TAMS 0x0000000087b00000, 0x0000000087a00000| Untracked 
| 123|0x0000000087b00000, 0x0000000087c00000, 0x0000000087c00000|100%| O|  |TAMS 0x0000000087c00000, 0x0000000087b00000| Untracked 
| 124|0x0000000087c00000, 0x0000000087d00000, 0x0000000087d00000|100%| O|  |TAMS 0x0000000087d00000, 0x0000000087c00000| Untracked 
| 125|0x0000000087d00000, 0x0000000087e00000, 0x0000000087e00000|100%| O|  |TAMS 0x0000000087e00000, 0x0000000087d00000| Untracked 
| 126|0x0000000087e00000, 0x0000000087f00000, 0x0000000087f00000|100%| O|  |TAMS 0x0000000087f00000, 0x0000000087e00000| Untracked 
| 127|0x0000000087f00000, 0x0000000088000000, 0x0000000088000000|100%| O|  |TAMS 0x0000000088000000, 0x0000000087f00000| Untracked 
| 128|0x0000000088000000, 0x0000000088100000, 0x0000000088100000|100%| O|  |TAMS 0x0000000088100000, 0x0000000088000000| Untracked 
| 129|0x0000000088100000, 0x0000000088200000, 0x0000000088200000|100%| O|  |TAMS 0x0000000088200000, 0x0000000088100000| Untracked 
| 130|0x0000000088200000, 0x0000000088300000, 0x0000000088300000|100%| O|  |TAMS 0x000000008824fc00, 0x0000000088200000| Untracked 
| 131|0x0000000088300000, 0x0000000088400000, 0x0000000088400000|100%| O|  |TAMS 0x0000000088300000, 0x0000000088300000| Untracked 
| 132|0x0000000088400000, 0x0000000088500000, 0x0000000088500000|100%| O|  |TAMS 0x0000000088400000, 0x0000000088400000| Untracked 
| 133|0x0000000088500000, 0x0000000088600000, 0x0000000088600000|100%| O|  |TAMS 0x0000000088500000, 0x0000000088500000| Untracked 
| 134|0x0000000088600000, 0x0000000088700000, 0x0000000088700000|100%| O|  |TAMS 0x0000000088600000, 0x0000000088600000| Untracked 
| 135|0x0000000088700000, 0x0000000088800000, 0x0000000088800000|100%| O|  |TAMS 0x0000000088700000, 0x0000000088700000| Untracked 
| 136|0x0000000088800000, 0x0000000088900000, 0x0000000088900000|100%| O|  |TAMS 0x0000000088800000, 0x0000000088800000| Untracked 
| 137|0x0000000088900000, 0x0000000088a00000, 0x0000000088a00000|100%| O|  |TAMS 0x0000000088900000, 0x0000000088900000| Untracked 
| 138|0x0000000088a00000, 0x0000000088b00000, 0x0000000088b00000|100%| O|  |TAMS 0x0000000088a00000, 0x0000000088a00000| Untracked 
| 139|0x0000000088b00000, 0x0000000088c00000, 0x0000000088c00000|100%| O|  |TAMS 0x0000000088b00000, 0x0000000088b00000| Untracked 
| 140|0x0000000088c00000, 0x0000000088d00000, 0x0000000088d00000|100%|HS|  |TAMS 0x0000000088c00000, 0x0000000088c00000| Complete 
| 141|0x0000000088d00000, 0x0000000088e00000, 0x0000000088e00000|100%|HC|  |TAMS 0x0000000088d00000, 0x0000000088d00000| Complete 
| 142|0x0000000088e00000, 0x0000000088f00000, 0x0000000088f00000|100%|HC|  |TAMS 0x0000000088e00000, 0x0000000088e00000| Complete 
| 143|0x0000000088f00000, 0x0000000089000000, 0x0000000089000000|100%|HC|  |TAMS 0x0000000088f00000, 0x0000000088f00000| Complete 
| 144|0x0000000089000000, 0x0000000089100000, 0x0000000089100000|100%|HC|  |TAMS 0x0000000089000000, 0x0000000089000000| Complete 
| 145|0x0000000089100000, 0x0000000089200000, 0x0000000089200000|100%|HC|  |TAMS 0x0000000089100000, 0x0000000089100000| Complete 
| 146|0x0000000089200000, 0x0000000089300000, 0x0000000089300000|100%| O|  |TAMS 0x0000000089200000, 0x0000000089200000| Untracked 
| 147|0x0000000089300000, 0x0000000089400000, 0x0000000089400000|100%| O|  |TAMS 0x0000000089300000, 0x0000000089300000| Untracked 
| 148|0x0000000089400000, 0x0000000089500000, 0x0000000089500000|100%| O|  |TAMS 0x0000000089400000, 0x0000000089400000| Untracked 
| 149|0x0000000089500000, 0x0000000089600000, 0x0000000089600000|100%| O|  |TAMS 0x0000000089500000, 0x0000000089500000| Untracked 
| 150|0x0000000089600000, 0x0000000089700000, 0x0000000089700000|100%| O|  |TAMS 0x0000000089600000, 0x0000000089600000| Untracked 
| 151|0x0000000089700000, 0x0000000089800000, 0x0000000089800000|100%| O|  |TAMS 0x0000000089700000, 0x0000000089700000| Untracked 
| 152|0x0000000089800000, 0x0000000089900000, 0x0000000089900000|100%| O|  |TAMS 0x0000000089800000, 0x0000000089800000| Untracked 
| 153|0x0000000089900000, 0x0000000089a00000, 0x0000000089a00000|100%| O|  |TAMS 0x0000000089900000, 0x0000000089900000| Untracked 
| 154|0x0000000089a00000, 0x0000000089a75200, 0x0000000089b00000| 45%| O|  |TAMS 0x0000000089a00000, 0x0000000089a00000| Untracked 
| 155|0x0000000089b00000, 0x0000000089b00000, 0x0000000089c00000|  0%| F|  |TAMS 0x0000000089b00000, 0x0000000089b00000| Untracked 
| 156|0x0000000089c00000, 0x0000000089c00000, 0x0000000089d00000|  0%| F|  |TAMS 0x0000000089c00000, 0x0000000089c00000| Untracked 
| 157|0x0000000089d00000, 0x0000000089d00000, 0x0000000089e00000|  0%| F|  |TAMS 0x0000000089d00000, 0x0000000089d00000| Untracked 
| 158|0x0000000089e00000, 0x0000000089e00000, 0x0000000089f00000|  0%| F|  |TAMS 0x0000000089e00000, 0x0000000089e00000| Untracked 
| 159|0x0000000089f00000, 0x0000000089f00000, 0x000000008a000000|  0%| F|  |TAMS 0x0000000089f00000, 0x0000000089f00000| Untracked 
| 160|0x000000008a000000, 0x000000008a000000, 0x000000008a100000|  0%| F|  |TAMS 0x000000008a000000, 0x000000008a000000| Untracked 
| 161|0x000000008a100000, 0x000000008a100000, 0x000000008a200000|  0%| F|  |TAMS 0x000000008a100000, 0x000000008a100000| Untracked 
| 162|0x000000008a200000, 0x000000008a200000, 0x000000008a300000|  0%| F|  |TAMS 0x000000008a200000, 0x000000008a200000| Untracked 
| 163|0x000000008a300000, 0x000000008a300000, 0x000000008a400000|  0%| F|  |TAMS 0x000000008a300000, 0x000000008a300000| Untracked 
| 164|0x000000008a400000, 0x000000008a400000, 0x000000008a500000|  0%| F|  |TAMS 0x000000008a400000, 0x000000008a400000| Untracked 
| 165|0x000000008a500000, 0x000000008a500000, 0x000000008a600000|  0%| F|  |TAMS 0x000000008a500000, 0x000000008a500000| Untracked 
| 166|0x000000008a600000, 0x000000008a600000, 0x000000008a700000|  0%| F|  |TAMS 0x000000008a600000, 0x000000008a600000| Untracked 
| 167|0x000000008a700000, 0x000000008a700000, 0x000000008a800000|  0%| F|  |TAMS 0x000000008a700000, 0x000000008a700000| Untracked 
| 168|0x000000008a800000, 0x000000008a800000, 0x000000008a900000|  0%| F|  |TAMS 0x000000008a800000, 0x000000008a800000| Untracked 
| 169|0x000000008a900000, 0x000000008a900000, 0x000000008aa00000|  0%| F|  |TAMS 0x000000008a900000, 0x000000008a900000| Untracked 
| 170|0x000000008aa00000, 0x000000008aa00000, 0x000000008ab00000|  0%| F|  |TAMS 0x000000008aa00000, 0x000000008aa00000| Untracked 
| 171|0x000000008ab00000, 0x000000008ab00000, 0x000000008ac00000|  0%| F|  |TAMS 0x000000008ab00000, 0x000000008ab00000| Untracked 
| 172|0x000000008ac00000, 0x000000008ac00000, 0x000000008ad00000|  0%| F|  |TAMS 0x000000008ac00000, 0x000000008ac00000| Untracked 
| 173|0x000000008ad00000, 0x000000008ad00000, 0x000000008ae00000|  0%| F|  |TAMS 0x000000008ad00000, 0x000000008ad00000| Untracked 
| 174|0x000000008ae00000, 0x000000008ae00000, 0x000000008af00000|  0%| F|  |TAMS 0x000000008ae00000, 0x000000008ae00000| Untracked 
| 175|0x000000008af00000, 0x000000008af00000, 0x000000008b000000|  0%| F|  |TAMS 0x000000008af00000, 0x000000008af00000| Untracked 
| 176|0x000000008b000000, 0x000000008b000000, 0x000000008b100000|  0%| F|  |TAMS 0x000000008b000000, 0x000000008b000000| Untracked 
| 177|0x000000008b100000, 0x000000008b100000, 0x000000008b200000|  0%| F|  |TAMS 0x000000008b100000, 0x000000008b100000| Untracked 
| 178|0x000000008b200000, 0x000000008b200000, 0x000000008b300000|  0%| F|  |TAMS 0x000000008b200000, 0x000000008b200000| Untracked 
| 179|0x000000008b300000, 0x000000008b300000, 0x000000008b400000|  0%| F|  |TAMS 0x000000008b300000, 0x000000008b300000| Untracked 
| 180|0x000000008b400000, 0x000000008b400000, 0x000000008b500000|  0%| F|  |TAMS 0x000000008b400000, 0x000000008b400000| Untracked 
| 181|0x000000008b500000, 0x000000008b500000, 0x000000008b600000|  0%| F|  |TAMS 0x000000008b500000, 0x000000008b500000| Untracked 
| 182|0x000000008b600000, 0x000000008b600000, 0x000000008b700000|  0%| F|  |TAMS 0x000000008b600000, 0x000000008b600000| Untracked 
| 183|0x000000008b700000, 0x000000008b700000, 0x000000008b800000|  0%| F|  |TAMS 0x000000008b700000, 0x000000008b700000| Untracked 
| 184|0x000000008b800000, 0x000000008b800000, 0x000000008b900000|  0%| F|  |TAMS 0x000000008b800000, 0x000000008b800000| Untracked 
| 185|0x000000008b900000, 0x000000008b900000, 0x000000008ba00000|  0%| F|  |TAMS 0x000000008b900000, 0x000000008b900000| Untracked 
| 186|0x000000008ba00000, 0x000000008ba00000, 0x000000008bb00000|  0%| F|  |TAMS 0x000000008ba00000, 0x000000008ba00000| Untracked 
| 187|0x000000008bb00000, 0x000000008bb00000, 0x000000008bc00000|  0%| F|  |TAMS 0x000000008bb00000, 0x000000008bb00000| Untracked 
| 188|0x000000008bc00000, 0x000000008bc00000, 0x000000008bd00000|  0%| F|  |TAMS 0x000000008bc00000, 0x000000008bc00000| Untracked 
| 189|0x000000008bd00000, 0x000000008bd00000, 0x000000008be00000|  0%| F|  |TAMS 0x000000008bd00000, 0x000000008bd00000| Untracked 
| 190|0x000000008be00000, 0x000000008be00000, 0x000000008bf00000|  0%| F|  |TAMS 0x000000008be00000, 0x000000008be00000| Untracked 
| 191|0x000000008bf00000, 0x000000008bf00000, 0x000000008c000000|  0%| F|  |TAMS 0x000000008bf00000, 0x000000008bf00000| Untracked 
| 192|0x000000008c000000, 0x000000008c000000, 0x000000008c100000|  0%| F|  |TAMS 0x000000008c000000, 0x000000008c000000| Untracked 
| 193|0x000000008c100000, 0x000000008c100000, 0x000000008c200000|  0%| F|  |TAMS 0x000000008c100000, 0x000000008c100000| Untracked 
| 194|0x000000008c200000, 0x000000008c200000, 0x000000008c300000|  0%| F|  |TAMS 0x000000008c200000, 0x000000008c200000| Untracked 
| 195|0x000000008c300000, 0x000000008c300000, 0x000000008c400000|  0%| F|  |TAMS 0x000000008c300000, 0x000000008c300000| Untracked 
| 196|0x000000008c400000, 0x000000008c400000, 0x000000008c500000|  0%| F|  |TAMS 0x000000008c400000, 0x000000008c400000| Untracked 
| 197|0x000000008c500000, 0x000000008c500000, 0x000000008c600000|  0%| F|  |TAMS 0x000000008c500000, 0x000000008c500000| Untracked 
| 198|0x000000008c600000, 0x000000008c600000, 0x000000008c700000|  0%| F|  |TAMS 0x000000008c600000, 0x000000008c600000| Untracked 
| 199|0x000000008c700000, 0x000000008c700000, 0x000000008c800000|  0%| F|  |TAMS 0x000000008c700000, 0x000000008c700000| Untracked 
| 200|0x000000008c800000, 0x000000008c800000, 0x000000008c900000|  0%| F|  |TAMS 0x000000008c800000, 0x000000008c800000| Untracked 
| 201|0x000000008c900000, 0x000000008c900000, 0x000000008ca00000|  0%| F|  |TAMS 0x000000008c900000, 0x000000008c900000| Untracked 
| 202|0x000000008ca00000, 0x000000008ca00000, 0x000000008cb00000|  0%| F|  |TAMS 0x000000008ca00000, 0x000000008ca00000| Untracked 
| 203|0x000000008cb00000, 0x000000008cb00000, 0x000000008cc00000|  0%| F|  |TAMS 0x000000008cb00000, 0x000000008cb00000| Untracked 
| 204|0x000000008cc00000, 0x000000008cc00000, 0x000000008cd00000|  0%| F|  |TAMS 0x000000008cc00000, 0x000000008cc00000| Untracked 
| 205|0x000000008cd00000, 0x000000008cd00000, 0x000000008ce00000|  0%| F|  |TAMS 0x000000008cd00000, 0x000000008cd00000| Untracked 
| 206|0x000000008ce00000, 0x000000008ce00000, 0x000000008cf00000|  0%| F|  |TAMS 0x000000008ce00000, 0x000000008ce00000| Untracked 
| 207|0x000000008cf00000, 0x000000008cf00000, 0x000000008d000000|  0%| F|  |TAMS 0x000000008cf00000, 0x000000008cf00000| Untracked 
| 208|0x000000008d000000, 0x000000008d000000, 0x000000008d100000|  0%| F|  |TAMS 0x000000008d000000, 0x000000008d000000| Untracked 
| 209|0x000000008d100000, 0x000000008d100000, 0x000000008d200000|  0%| F|  |TAMS 0x000000008d100000, 0x000000008d100000| Untracked 
| 210|0x000000008d200000, 0x000000008d200000, 0x000000008d300000|  0%| F|  |TAMS 0x000000008d200000, 0x000000008d200000| Untracked 
| 211|0x000000008d300000, 0x000000008d300000, 0x000000008d400000|  0%| F|  |TAMS 0x000000008d300000, 0x000000008d300000| Untracked 
| 212|0x000000008d400000, 0x000000008d400000, 0x000000008d500000|  0%| F|  |TAMS 0x000000008d400000, 0x000000008d400000| Untracked 
| 213|0x000000008d500000, 0x000000008d500000, 0x000000008d600000|  0%| F|  |TAMS 0x000000008d500000, 0x000000008d500000| Untracked 
| 214|0x000000008d600000, 0x000000008d700000, 0x000000008d700000|100%| S|CS|TAMS 0x000000008d600000, 0x000000008d600000| Complete 
| 215|0x000000008d700000, 0x000000008d800000, 0x000000008d800000|100%| S|CS|TAMS 0x000000008d700000, 0x000000008d700000| Complete 
| 216|0x000000008d800000, 0x000000008d900000, 0x000000008d900000|100%| S|CS|TAMS 0x000000008d800000, 0x000000008d800000| Complete 
| 217|0x000000008d900000, 0x000000008da00000, 0x000000008da00000|100%| S|CS|TAMS 0x000000008d900000, 0x000000008d900000| Complete 
| 218|0x000000008da00000, 0x000000008da00000, 0x000000008db00000|  0%| F|  |TAMS 0x000000008da00000, 0x000000008da00000| Untracked 
| 219|0x000000008db00000, 0x000000008db00000, 0x000000008dc00000|  0%| F|  |TAMS 0x000000008db00000, 0x000000008db00000| Untracked 
| 220|0x000000008dc00000, 0x000000008dc00000, 0x000000008dd00000|  0%| F|  |TAMS 0x000000008dc00000, 0x000000008dc00000| Untracked 
| 221|0x000000008dd00000, 0x000000008dd00000, 0x000000008de00000|  0%| F|  |TAMS 0x000000008dd00000, 0x000000008dd00000| Untracked 
| 222|0x000000008de00000, 0x000000008de00000, 0x000000008df00000|  0%| F|  |TAMS 0x000000008de00000, 0x000000008de00000| Untracked 
| 223|0x000000008df00000, 0x000000008df00000, 0x000000008e000000|  0%| F|  |TAMS 0x000000008df00000, 0x000000008df00000| Untracked 
| 224|0x000000008e000000, 0x000000008e000000, 0x000000008e100000|  0%| F|  |TAMS 0x000000008e000000, 0x000000008e000000| Untracked 
| 225|0x000000008e100000, 0x000000008e100000, 0x000000008e200000|  0%| F|  |TAMS 0x000000008e100000, 0x000000008e100000| Untracked 
| 226|0x000000008e200000, 0x000000008e200000, 0x000000008e300000|  0%| F|  |TAMS 0x000000008e200000, 0x000000008e200000| Untracked 
| 227|0x000000008e300000, 0x000000008e300000, 0x000000008e400000|  0%| F|  |TAMS 0x000000008e300000, 0x000000008e300000| Untracked 
| 228|0x000000008e400000, 0x000000008e400000, 0x000000008e500000|  0%| F|  |TAMS 0x000000008e400000, 0x000000008e400000| Untracked 
| 229|0x000000008e500000, 0x000000008e500000, 0x000000008e600000|  0%| F|  |TAMS 0x000000008e500000, 0x000000008e500000| Untracked 
| 230|0x000000008e600000, 0x000000008e600000, 0x000000008e700000|  0%| F|  |TAMS 0x000000008e600000, 0x000000008e600000| Untracked 
| 231|0x000000008e700000, 0x000000008e700000, 0x000000008e800000|  0%| F|  |TAMS 0x000000008e700000, 0x000000008e700000| Untracked 
| 232|0x000000008e800000, 0x000000008e800000, 0x000000008e900000|  0%| F|  |TAMS 0x000000008e800000, 0x000000008e800000| Untracked 
| 233|0x000000008e900000, 0x000000008e900000, 0x000000008ea00000|  0%| F|  |TAMS 0x000000008e900000, 0x000000008e900000| Untracked 
| 234|0x000000008ea00000, 0x000000008ea00000, 0x000000008eb00000|  0%| F|  |TAMS 0x000000008ea00000, 0x000000008ea00000| Untracked 
| 235|0x000000008eb00000, 0x000000008eb00000, 0x000000008ec00000|  0%| F|  |TAMS 0x000000008eb00000, 0x000000008eb00000| Untracked 
| 236|0x000000008ec00000, 0x000000008ec00000, 0x000000008ed00000|  0%| F|  |TAMS 0x000000008ec00000, 0x000000008ec00000| Untracked 
| 237|0x000000008ed00000, 0x000000008ed00000, 0x000000008ee00000|  0%| F|  |TAMS 0x000000008ed00000, 0x000000008ed00000| Untracked 
| 238|0x000000008ee00000, 0x000000008ee00000, 0x000000008ef00000|  0%| F|  |TAMS 0x000000008ee00000, 0x000000008ee00000| Untracked 
| 239|0x000000008ef00000, 0x000000008ef00000, 0x000000008f000000|  0%| F|  |TAMS 0x000000008ef00000, 0x000000008ef00000| Untracked 
| 240|0x000000008f000000, 0x000000008f000000, 0x000000008f100000|  0%| F|  |TAMS 0x000000008f000000, 0x000000008f000000| Untracked 
| 241|0x000000008f100000, 0x000000008f100000, 0x000000008f200000|  0%| F|  |TAMS 0x000000008f100000, 0x000000008f100000| Untracked 
| 242|0x000000008f200000, 0x000000008f200000, 0x000000008f300000|  0%| F|  |TAMS 0x000000008f200000, 0x000000008f200000| Untracked 
| 243|0x000000008f300000, 0x000000008f300000, 0x000000008f400000|  0%| F|  |TAMS 0x000000008f300000, 0x000000008f300000| Untracked 
| 244|0x000000008f400000, 0x000000008f400000, 0x000000008f500000|  0%| F|  |TAMS 0x000000008f400000, 0x000000008f400000| Untracked 
| 245|0x000000008f500000, 0x000000008f500000, 0x000000008f600000|  0%| F|  |TAMS 0x000000008f500000, 0x000000008f500000| Untracked 
| 246|0x000000008f600000, 0x000000008f600000, 0x000000008f700000|  0%| F|  |TAMS 0x000000008f600000, 0x000000008f600000| Untracked 
| 247|0x000000008f700000, 0x000000008f700000, 0x000000008f800000|  0%| F|  |TAMS 0x000000008f700000, 0x000000008f700000| Untracked 
| 248|0x000000008f800000, 0x000000008f800000, 0x000000008f900000|  0%| F|  |TAMS 0x000000008f800000, 0x000000008f800000| Untracked 
| 249|0x000000008f900000, 0x000000008f900000, 0x000000008fa00000|  0%| F|  |TAMS 0x000000008f900000, 0x000000008f900000| Untracked 
| 250|0x000000008fa00000, 0x000000008fa00000, 0x000000008fb00000|  0%| F|  |TAMS 0x000000008fa00000, 0x000000008fa00000| Untracked 
| 251|0x000000008fb00000, 0x000000008fb00000, 0x000000008fc00000|  0%| F|  |TAMS 0x000000008fb00000, 0x000000008fb00000| Untracked 
| 252|0x000000008fc00000, 0x000000008fc00000, 0x000000008fd00000|  0%| F|  |TAMS 0x000000008fc00000, 0x000000008fc00000| Untracked 
| 253|0x000000008fd00000, 0x000000008fd00000, 0x000000008fe00000|  0%| F|  |TAMS 0x000000008fd00000, 0x000000008fd00000| Untracked 
| 254|0x000000008fe00000, 0x000000008fe00000, 0x000000008ff00000|  0%| F|  |TAMS 0x000000008fe00000, 0x000000008fe00000| Untracked 
| 255|0x000000008ff00000, 0x000000008ff00000, 0x0000000090000000|  0%| F|  |TAMS 0x000000008ff00000, 0x000000008ff00000| Untracked 
| 256|0x0000000090000000, 0x0000000090000000, 0x0000000090100000|  0%| F|  |TAMS 0x0000000090000000, 0x0000000090000000| Untracked 
| 257|0x0000000090100000, 0x0000000090100000, 0x0000000090200000|  0%| F|  |TAMS 0x0000000090100000, 0x0000000090100000| Untracked 
| 258|0x0000000090200000, 0x0000000090200000, 0x0000000090300000|  0%| F|  |TAMS 0x0000000090200000, 0x0000000090200000| Untracked 
| 259|0x0000000090300000, 0x0000000090300000, 0x0000000090400000|  0%| F|  |TAMS 0x0000000090300000, 0x0000000090300000| Untracked 
| 260|0x0000000090400000, 0x0000000090400000, 0x0000000090500000|  0%| F|  |TAMS 0x0000000090400000, 0x0000000090400000| Untracked 
| 261|0x0000000090500000, 0x0000000090500000, 0x0000000090600000|  0%| F|  |TAMS 0x0000000090500000, 0x0000000090500000| Untracked 
| 262|0x0000000090600000, 0x0000000090600000, 0x0000000090700000|  0%| F|  |TAMS 0x0000000090600000, 0x0000000090600000| Untracked 
| 263|0x0000000090700000, 0x0000000090700000, 0x0000000090800000|  0%| F|  |TAMS 0x0000000090700000, 0x0000000090700000| Untracked 
| 264|0x0000000090800000, 0x0000000090800000, 0x0000000090900000|  0%| F|  |TAMS 0x0000000090800000, 0x0000000090800000| Untracked 
| 265|0x0000000090900000, 0x0000000090900000, 0x0000000090a00000|  0%| F|  |TAMS 0x0000000090900000, 0x0000000090900000| Untracked 
| 266|0x0000000090a00000, 0x0000000090a00000, 0x0000000090b00000|  0%| F|  |TAMS 0x0000000090a00000, 0x0000000090a00000| Untracked 
| 267|0x0000000090b00000, 0x0000000090b00000, 0x0000000090c00000|  0%| F|  |TAMS 0x0000000090b00000, 0x0000000090b00000| Untracked 
| 268|0x0000000090c00000, 0x0000000090c00000, 0x0000000090d00000|  0%| F|  |TAMS 0x0000000090c00000, 0x0000000090c00000| Untracked 
| 269|0x0000000090d00000, 0x0000000090d00000, 0x0000000090e00000|  0%| F|  |TAMS 0x0000000090d00000, 0x0000000090d00000| Untracked 
| 270|0x0000000090e00000, 0x0000000090e00000, 0x0000000090f00000|  0%| F|  |TAMS 0x0000000090e00000, 0x0000000090e00000| Untracked 
| 271|0x0000000090f00000, 0x0000000090f00000, 0x0000000091000000|  0%| F|  |TAMS 0x0000000090f00000, 0x0000000090f00000| Untracked 

Card table byte_map: [0x00000175bf0b0000,0x00000175bf4b0000] _byte_map_base: 0x00000175becb0000

Marking Bits (Prev, Next): (CMBitMap*) 0x00000175a813f6c0, (CMBitMap*) 0x00000175a813f680
 Prev Bits: [0x00000175c18b0000, 0x00000175c38b0000)
 Next Bits: [0x00000175bf8b0000, 0x00000175c18b0000)

Polling page: 0x00000175a6280000

Metaspace:

Usage:
  Non-class:     85.58 MB used.
      Class:     13.00 MB used.
       Both:     98.58 MB used.

Virtual space:
  Non-class space:      128.00 MB reserved,      85.94 MB ( 67%) committed,  2 nodes.
      Class space:        1.00 GB reserved,      13.31 MB (  1%) committed,  1 nodes.
             Both:        1.12 GB reserved,      99.25 MB (  9%) committed. 

Chunk freelists:
   Non-Class:  9.69 MB
       Class:  2.50 MB
        Both:  12.19 MB

MaxMetaspaceSize: unlimited
CompressedClassSpaceSize: 1.00 GB
Initial GC threshold: 21.00 MB
Current GC threshold: 148.38 MB
CDS: on
MetaspaceReclaimPolicy: balanced
 - commit_granule_bytes: 65536.
 - commit_granule_words: 8192.
 - virtual_space_node_default_size: 8388608.
 - enlarge_chunks_in_place: 1.
 - new_chunks_are_fully_committed: 0.
 - uncommit_free_chunks: 1.
 - use_allocation_guard: 0.
 - handle_deallocations: 1.


Internal statistics:

num_allocs_failed_limit: 6.
num_arena_births: 956.
num_arena_deaths: 0.
num_vsnodes_births: 3.
num_vsnodes_deaths: 0.
num_space_committed: 1586.
num_space_uncommitted: 0.
num_chunks_returned_to_freelist: 6.
num_chunks_taken_from_freelist: 4728.
num_chunk_merges: 6.
num_chunk_splits: 3445.
num_chunks_enlarged: 2612.
num_inconsistent_stats: 0.

CodeHeap 'non-profiled nmethods': size=120000Kb used=5252Kb max_used=5252Kb free=114747Kb
 bounds [0x00000175b7780000, 0x00000175b7cb0000, 0x00000175becb0000]
CodeHeap 'profiled nmethods': size=120000Kb used=18651Kb max_used=18651Kb free=101348Kb
 bounds [0x00000175afcb0000, 0x00000175b0ef0000, 0x00000175b71e0000]
CodeHeap 'non-nmethods': size=5760Kb used=2420Kb max_used=2447Kb free=3339Kb
 bounds [0x00000175b71e0000, 0x00000175b7460000, 0x00000175b7780000]
 total_blobs=10216 nmethods=9256 adapters=872
 compilation: enabled
              stopped_count=0, restarted_count=0
 full_count=0

Compilation events (20 events):
Event: 46.922 Thread 0x00000175c5d6c6e0 10785   !   3       jdk.internal.jimage.BasicImageReader::readBuffer (238 bytes)
Event: 46.924 Thread 0x00000175c5d6c6e0 nmethod 10785 0x00000175b0ee4790 code [0x00000175b0ee4a80, 0x00000175b0ee57f8]
Event: 46.925 Thread 0x00000175c5d6c6e0 10786       1       org.jetbrains.kotlin.load.java.structure.impl.classFiles.BinaryJavaMethodBase$Companion$MethodInfo::getReturnType (5 bytes)
Event: 46.925 Thread 0x00000175c5d6c6e0 nmethod 10786 0x00000175b7c98990 code [0x00000175b7c98b20, 0x00000175b7c98bf8]
Event: 46.936 Thread 0x00000175c5d6c6e0 10787       3       org.jetbrains.kotlin.load.java.lazy.LazyJavaResolverContext::getStorageManager (8 bytes)
Event: 46.936 Thread 0x00000175c5d6c6e0 nmethod 10787 0x00000175b0ee5d10 code [0x00000175b0ee5ea0, 0x00000175b0ee5fd8]
Event: 46.950 Thread 0x0000017610b91610 nmethod 10775 0x00000175b7c98c90 code [0x00000175b7c98e40, 0x00000175b7c99688]
Event: 46.950 Thread 0x0000017610b91610 10776       4       jdk.internal.jimage.ImageStringsReader::charsFromByteBufferLength (81 bytes)
Event: 46.955 Thread 0x00000175c5d6c6e0 10788       3       org.jetbrains.kotlin.com.intellij.util.text.CharArrayUtil::shiftForward (31 bytes)
Event: 46.956 Thread 0x00000175c5d6c6e0 nmethod 10788 0x00000175b0ee6090 code [0x00000175b0ee6260, 0x00000175b0ee6538]
Event: 46.956 Thread 0x00000175c5d6c6e0 10789       3       org.jetbrains.kotlin.com.intellij.openapi.vfs.VirtualFile::findFileByRelativePath (145 bytes)
Event: 46.959 Thread 0x00000175c5d6c6e0 nmethod 10789 0x00000175b0ee6690 code [0x00000175b0ee6980, 0x00000175b0ee7898]
Event: 46.959 Thread 0x00000175c5d6c6e0 10790       3       org.jetbrains.kotlin.com.intellij.util.text.CharArrayUtil::shiftForward (102 bytes)
Event: 46.961 Thread 0x0000017610b91610 nmethod 10776 0x00000175b7c99b90 code [0x00000175b7c99d20, 0x00000175b7c9a0f8]
Event: 46.961 Thread 0x0000017610b91610 10759   !   4       jdk.internal.jrtfs.JrtDirectoryStream$1::next (48 bytes)
Event: 46.961 Thread 0x00000175c5d6c6e0 nmethod 10790 0x00000175b0ee7f10 code [0x00000175b0ee81a0, 0x00000175b0ee8ef8]
Event: 46.964 Thread 0x0000017610b91610 nmethod 10759 0x00000175b7c9a310 code [0x00000175b7c9a4a0, 0x00000175b7c9a7f8]
Event: 46.964 Thread 0x0000017610b91610 10781       4       java.lang.String::<init> (10 bytes)
Event: 46.966 Thread 0x0000017610b91610 nmethod 10781 0x00000175b7c9aa10 code [0x00000175b7c9aba0, 0x00000175b7c9ac48]
Event: 47.095 Thread 0x00000175c5d6bd10 nmethod 10705 0x00000175b7c9ad10 code [0x00000175b7c9b060, 0x00000175b7c9e5b0]

GC Heap History (20 events):
Event: 28.369 GC heap after
{Heap after GC invocations=33 (full 0):
 garbage-first heap   total 223232K, used 103326K [0x0000000080000000, 0x0000000100000000)
  region size 1024K, 3 young (3072K), 3 survivors (3072K)
 Metaspace       used 67143K, committed 67776K, reserved 1114112K
  class space    used 9084K, committed 9408K, reserved 1048576K
}
Event: 31.621 GC heap before
{Heap before GC invocations=34 (full 0):
 garbage-first heap   total 223232K, used 173982K [0x0000000080000000, 0x0000000100000000)
  region size 1024K, 66 young (67584K), 3 survivors (3072K)
 Metaspace       used 74746K, committed 75392K, reserved 1114112K
  class space    used 10434K, committed 10752K, reserved 1048576K
}
Event: 31.636 GC heap after
{Heap after GC invocations=35 (full 0):
 garbage-first heap   total 223232K, used 107892K [0x0000000080000000, 0x0000000100000000)
  region size 1024K, 7 young (7168K), 7 survivors (7168K)
 Metaspace       used 74746K, committed 75392K, reserved 1114112K
  class space    used 10434K, committed 10752K, reserved 1048576K
}
Event: 31.770 GC heap before
{Heap before GC invocations=35 (full 0):
 garbage-first heap   total 223232K, used 110964K [0x0000000080000000, 0x0000000100000000)
  region size 1024K, 10 young (10240K), 7 survivors (7168K)
 Metaspace       used 75068K, committed 75776K, reserved 1114112K
  class space    used 10465K, committed 10816K, reserved 1048576K
}
Event: 31.783 GC heap after
{Heap after GC invocations=36 (full 0):
 garbage-first heap   total 223232K, used 108230K [0x0000000080000000, 0x0000000100000000)
  region size 1024K, 1 young (1024K), 1 survivors (1024K)
 Metaspace       used 75068K, committed 75776K, reserved 1114112K
  class space    used 10465K, committed 10816K, reserved 1048576K
}
Event: 33.028 GC heap before
{Heap before GC invocations=36 (full 0):
 garbage-first heap   total 223232K, used 172742K [0x0000000080000000, 0x0000000100000000)
  region size 1024K, 64 young (65536K), 1 survivors (1024K)
 Metaspace       used 75796K, committed 76480K, reserved 1179648K
  class space    used 10506K, committed 10816K, reserved 1048576K
}
Event: 33.031 GC heap after
{Heap after GC invocations=37 (full 0):
 garbage-first heap   total 223232K, used 109103K [0x0000000080000000, 0x0000000100000000)
  region size 1024K, 2 young (2048K), 2 survivors (2048K)
 Metaspace       used 75796K, committed 76480K, reserved 1179648K
  class space    used 10506K, committed 10816K, reserved 1048576K
}
Event: 37.659 GC heap before
{Heap before GC invocations=37 (full 0):
 garbage-first heap   total 223232K, used 175663K [0x0000000080000000, 0x0000000100000000)
  region size 1024K, 67 young (68608K), 2 survivors (2048K)
 Metaspace       used 80472K, committed 81152K, reserved 1179648K
  class space    used 11068K, committed 11392K, reserved 1048576K
}
Event: 37.671 GC heap after
{Heap after GC invocations=38 (full 0):
 garbage-first heap   total 223232K, used 110998K [0x0000000080000000, 0x0000000100000000)
  region size 1024K, 4 young (4096K), 4 survivors (4096K)
 Metaspace       used 80472K, committed 81152K, reserved 1179648K
  class space    used 11068K, committed 11392K, reserved 1048576K
}
Event: 42.424 GC heap before
{Heap before GC invocations=38 (full 0):
 garbage-first heap   total 223232K, used 188822K [0x0000000080000000, 0x0000000100000000)
  region size 1024K, 70 young (71680K), 4 survivors (4096K)
 Metaspace       used 86536K, committed 87296K, reserved 1179648K
  class space    used 11797K, committed 12160K, reserved 1048576K
}
Event: 42.455 GC heap after
{Heap after GC invocations=39 (full 0):
 garbage-first heap   total 223232K, used 124700K [0x0000000080000000, 0x0000000100000000)
  region size 1024K, 9 young (9216K), 9 survivors (9216K)
 Metaspace       used 86536K, committed 87296K, reserved 1179648K
  class space    used 11797K, committed 12160K, reserved 1048576K
}
Event: 43.026 GC heap before
{Heap before GC invocations=39 (full 0):
 garbage-first heap   total 223232K, used 178972K [0x0000000080000000, 0x0000000100000000)
  region size 1024K, 62 young (63488K), 9 survivors (9216K)
 Metaspace       used 86590K, committed 87360K, reserved 1179648K
  class space    used 11797K, committed 12160K, reserved 1048576K
}
Event: 43.082 GC heap after
{Heap after GC invocations=40 (full 0):
 garbage-first heap   total 223232K, used 141631K [0x0000000080000000, 0x0000000100000000)
  region size 1024K, 8 young (8192K), 8 survivors (8192K)
 Metaspace       used 86590K, committed 87360K, reserved 1179648K
  class space    used 11797K, committed 12160K, reserved 1048576K
}
Event: 44.057 GC heap before
{Heap before GC invocations=40 (full 0):
 garbage-first heap   total 223232K, used 175423K [0x0000000080000000, 0x0000000100000000)
  region size 1024K, 42 young (43008K), 8 survivors (8192K)
 Metaspace       used 90005K, committed 90688K, reserved 1179648K
  class space    used 12195K, committed 12544K, reserved 1048576K
}
Event: 44.078 GC heap after
{Heap after GC invocations=41 (full 0):
 garbage-first heap   total 223232K, used 145920K [0x0000000080000000, 0x0000000100000000)
  region size 1024K, 3 young (3072K), 3 survivors (3072K)
 Metaspace       used 90005K, committed 90688K, reserved 1179648K
  class space    used 12195K, committed 12544K, reserved 1048576K
}
Event: 45.053 GC heap before
{Heap before GC invocations=42 (full 0):
 garbage-first heap   total 278528K, used 187904K [0x0000000080000000, 0x0000000100000000)
  region size 1024K, 38 young (38912K), 3 survivors (3072K)
 Metaspace       used 92706K, committed 93376K, reserved 1179648K
  class space    used 12468K, committed 12800K, reserved 1048576K
}
Event: 45.067 GC heap after
{Heap after GC invocations=43 (full 0):
 garbage-first heap   total 278528K, used 157148K [0x0000000080000000, 0x0000000100000000)
  region size 1024K, 5 young (5120K), 5 survivors (5120K)
 Metaspace       used 92706K, committed 93376K, reserved 1179648K
  class space    used 12468K, committed 12800K, reserved 1048576K
}
Event: 45.264 GC heap before
{Heap before GC invocations=43 (full 0):
 garbage-first heap   total 278528K, used 164316K [0x0000000080000000, 0x0000000100000000)
  region size 1024K, 13 young (13312K), 5 survivors (5120K)
 Metaspace       used 93923K, committed 94656K, reserved 1179648K
  class space    used 12561K, committed 12928K, reserved 1048576K
}
Event: 45.277 GC heap after
{Heap after GC invocations=44 (full 0):
 garbage-first heap   total 278528K, used 157140K [0x0000000080000000, 0x0000000100000000)
  region size 1024K, 1 young (1024K), 1 survivors (1024K)
 Metaspace       used 93923K, committed 94656K, reserved 1179648K
  class space    used 12561K, committed 12928K, reserved 1048576K
}
Event: 47.122 GC heap before
{Heap before GC invocations=44 (full 0):
 garbage-first heap   total 278528K, used 211412K [0x0000000080000000, 0x0000000100000000)
  region size 1024K, 54 young (55296K), 1 survivors (1024K)
 Metaspace       used 100947K, committed 101632K, reserved 1179648K
  class space    used 13309K, committed 13632K, reserved 1048576K
}

Dll operation events (12 events):
Event: 0.044 Loaded shared library C:\Program Files\Zulu\zulu-17\bin\java.dll
Event: 0.086 Loaded shared library C:\Program Files\Zulu\zulu-17\bin\jsvml.dll
Event: 0.278 Loaded shared library C:\Program Files\Zulu\zulu-17\bin\net.dll
Event: 0.289 Loaded shared library C:\Program Files\Zulu\zulu-17\bin\nio.dll
Event: 0.312 Loaded shared library C:\Program Files\Zulu\zulu-17\bin\zip.dll
Event: 0.932 Loaded shared library C:\Program Files\Zulu\zulu-17\bin\jimage.dll
Event: 1.181 Loaded shared library C:\Program Files\Zulu\zulu-17\bin\verify.dll
Event: 1.696 Loaded shared library D:\DOWNLOADS\JetPlayer\native\68d5fa5c4cc2d200863cafc0d521ce42e7d3e7ee720ec0a83991735586a16f82\windows-amd64\native-platform.dll
Event: 1.706 Loaded shared library D:\DOWNLOADS\JetPlayer\native\e376f236ea51e6404a007f0833ffe2c6e607c4080706a723a18a27aeea778392\windows-amd64\native-platform-file-events.dll
Event: 3.976 Loaded shared library C:\Program Files\Zulu\zulu-17\bin\management.dll
Event: 3.982 Loaded shared library C:\Program Files\Zulu\zulu-17\bin\management_ext.dll
Event: 5.116 Loaded shared library C:\Program Files\Zulu\zulu-17\bin\sunmscapi.dll

Deoptimization events (20 events):
Event: 45.946 Thread 0x000001760cea0a80 DEOPT PACKING pc=0x00000175b7b4607c sp=0x0000001e81eecf30
Event: 45.946 Thread 0x000001760cea0a80 DEOPT UNPACKING pc=0x00000175b72369a3 sp=0x0000001e81eece00 mode 2
Event: 45.946 Thread 0x000001760cea0a80 Uncommon trap: trap_request=0xffffff45 fr.pc=0x00000175b7825b74 relative=0x00000000000001d4
Event: 45.946 Thread 0x000001760cea0a80 Uncommon trap: reason=unstable_if action=reinterpret pc=0x00000175b7825b74 method=java.lang.String.startsWith(Ljava/lang/String;I)Z @ 50 c2
Event: 45.946 Thread 0x000001760cea0a80 DEOPT PACKING pc=0x00000175b7825b74 sp=0x0000001e81eecf10
Event: 45.946 Thread 0x000001760cea0a80 DEOPT UNPACKING pc=0x00000175b72369a3 sp=0x0000001e81eece18 mode 2
Event: 45.946 Thread 0x000001760cea0a80 Uncommon trap: trap_request=0xffffff45 fr.pc=0x00000175b7b44028 relative=0x0000000000000ae8
Event: 45.946 Thread 0x000001760cea0a80 Uncommon trap: reason=unstable_if action=reinterpret pc=0x00000175b7b44028 method=java.lang.String.lastIndexOf(II)I @ 4 c2
Event: 45.946 Thread 0x000001760cea0a80 DEOPT PACKING pc=0x00000175b7b44028 sp=0x0000001e81eeceb0
Event: 45.946 Thread 0x000001760cea0a80 DEOPT UNPACKING pc=0x00000175b72369a3 sp=0x0000001e81eecdc8 mode 2
Event: 45.947 Thread 0x000001760cea0a80 Uncommon trap: trap_request=0xffffff45 fr.pc=0x00000175b7b697b8 relative=0x0000000000000678
Event: 45.947 Thread 0x000001760cea0a80 Uncommon trap: reason=unstable_if action=reinterpret pc=0x00000175b7b697b8 method=java.lang.String.lastIndexOf(II)I @ 4 c2
Event: 45.947 Thread 0x000001760cea0a80 DEOPT PACKING pc=0x00000175b7b697b8 sp=0x0000001e81eecef0
Event: 45.947 Thread 0x000001760cea0a80 DEOPT UNPACKING pc=0x00000175b72369a3 sp=0x0000001e81eecde0 mode 2
Event: 46.559 Thread 0x000001760cea0a80 DEOPT PACKING pc=0x00000175b0509ac4 sp=0x0000001e81ef3630
Event: 46.559 Thread 0x000001760cea0a80 DEOPT UNPACKING pc=0x00000175b7237143 sp=0x0000001e81ef2be0 mode 0
Event: 46.926 Thread 0x000001760cea0a80 Uncommon trap: trap_request=0xffffff45 fr.pc=0x00000175b7c8bab8 relative=0x00000000000001f8
Event: 46.926 Thread 0x000001760cea0a80 Uncommon trap: reason=unstable_if action=reinterpret pc=0x00000175b7c8bab8 method=org.jetbrains.org.objectweb.asm.Type.getTypeInternal(Ljava/lang/String;II)Lorg/jetbrains/org/objectweb/asm/Type; @ 5 c2
Event: 46.926 Thread 0x000001760cea0a80 DEOPT PACKING pc=0x00000175b7c8bab8 sp=0x0000001e81ef2f80
Event: 46.926 Thread 0x000001760cea0a80 DEOPT UNPACKING pc=0x00000175b72369a3 sp=0x0000001e81ef2f18 mode 2

Classes unloaded (0 events):
No events

Classes redefined (0 events):
No events

Internal exceptions (20 events):
Event: 29.138 Thread 0x000001760cea0a80 Exception <a 'java/lang/ClassNotFoundException'{0x000000008d0b3b98}: org/jetbrains/kotlin/gradle/targets/js/npm/DefaultPeerNpmDependencyExtensionBeanInfo> (0x000000008d0b3b98) 
thrown [s\src\hotspot\share\classfile\systemDictionary.cpp, line 259]
Event: 29.139 Thread 0x000001760cea0a80 Exception <a 'java/lang/ClassNotFoundException'{0x000000008d0c0350}: org/jetbrains/kotlin/gradle/targets/js/npm/DefaultPeerNpmDependencyExtensionCustomizer> (0x000000008d0c0350) 
thrown [s\src\hotspot\share\classfile\systemDictionary.cpp, line 259]
Event: 29.150 Thread 0x000001760cea0a80 Exception <a 'java/lang/ClassNotFoundException'{0x000000008cf02868}: org/jetbrains/kotlin/gradle/targets/js/npm/DefaultPeerNpmDependencyExtension$delegate$1BeanInfo> (0x000000008cf02868) 
thrown [s\src\hotspot\share\classfile\systemDictionary.cpp, line 259]
Event: 29.151 Thread 0x000001760cea0a80 Exception <a 'java/lang/ClassNotFoundException'{0x000000008cf0f2e8}: org/jetbrains/kotlin/gradle/targets/js/npm/DefaultPeerNpmDependencyExtension$delegate$1Customizer> (0x000000008cf0f2e8) 
thrown [s\src\hotspot\share\classfile\systemDictionary.cpp, line 259]
Event: 30.482 Thread 0x000001760cea0a80 Exception <a 'java/lang/NoSuchMethodError'{0x000000008bc0b0a0}: 'void java.lang.invoke.DirectMethodHandle$Holder.invokeVirtual(java.lang.Object, java.lang.Object)'> (0x000000008bc0b0a0) 
thrown [s\src\hotspot\share\interpreter\linkResolver.cpp, line 759]
Event: 31.064 Thread 0x000001760cea0a80 Exception <a 'java/lang/NoSuchMethodError'{0x000000008ae11430}: 'java.lang.Object java.lang.invoke.DirectMethodHandle$Holder.invokeStaticInit(java.lang.Object, int)'> (0x000000008ae11430) 
thrown [s\src\hotspot\share\interpreter\linkResolver.cpp, line 759]
Event: 31.092 Thread 0x000001760cea0a80 Exception <a 'java/lang/NoSuchMethodError'{0x000000008ad42fc8}: 'int java.lang.invoke.DelegatingMethodHandle$Holder.reinvoke_L(java.lang.Object, java.lang.Object, java.lang.Object, long, int, int)'> (0x000000008ad42fc8) 
thrown [s\src\hotspot\share\interpreter\linkResolver.cpp, line 759]
Event: 31.093 Thread 0x000001760cea0a80 Exception <a 'java/lang/NoSuchMethodError'{0x000000008ad52d70}: 'int java.lang.invoke.DelegatingMethodHandle$Holder.reinvoke_L(java.lang.Object, java.lang.Object, java.lang.Object, long, long, long)'> (0x000000008ad52d70) 
thrown [s\src\hotspot\share\interpreter\linkResolver.cpp, line 759]
Event: 31.095 Thread 0x000001760cea0a80 Exception <a 'java/lang/NoSuchMethodError'{0x000000008ad62e20}: 'int java.lang.invoke.DelegatingMethodHandle$Holder.reinvoke_L(java.lang.Object, java.lang.Object, java.lang.Object, long, java.lang.Object, java.lang.Object)'> (0x000000008ad62e20) 
thrown [s\src\hotspot\share\interpreter\linkResolver.cpp, line 759]
Event: 31.097 Thread 0x000001760cea0a80 Exception <a 'java/lang/NoSuchMethodError'{0x000000008ad72d18}: 'void java.lang.invoke.DelegatingMethodHandle$Holder.reinvoke_L(java.lang.Object, java.lang.Object, java.lang.Object, long, java.lang.Object)'> (0x000000008ad72d18) 
thrown [s\src\hotspot\share\interpreter\linkResolver.cpp, line 759]
Event: 31.098 Thread 0x000001760cea0a80 Exception <a 'java/lang/NoSuchMethodError'{0x000000008ad7b608}: 'java.lang.Object java.lang.invoke.DirectMethodHandle$Holder.invokeSpecial(java.lang.Object, java.lang.Object, java.lang.Object, java.lang.Object, long)'> (0x000000008ad7b608) 
thrown [s\src\hotspot\share\interpreter\linkResolver.cpp, line 759]
Event: 31.103 Thread 0x000001760cea0a80 Exception <a 'java/lang/NoSuchMethodError'{0x000000008ada1880}: 'long java.lang.invoke.Invokers$Holder.invoke_MT(java.lang.Object, java.lang.Object, java.lang.Object, java.lang.Object)'> (0x000000008ada1880) 
thrown [s\src\hotspot\share\interpreter\linkResolver.cpp, line 759]
Event: 31.104 Thread 0x000001760cea0a80 Exception <a 'java/lang/NoSuchMethodError'{0x000000008adaabf0}: 'int java.lang.invoke.Invokers$Holder.invoke_MT(java.lang.Object, java.lang.Object, java.lang.Object, java.lang.Object)'> (0x000000008adaabf0) 
thrown [s\src\hotspot\share\interpreter\linkResolver.cpp, line 759]
Event: 31.107 Thread 0x000001760cea0a80 Exception <a 'java/lang/NoSuchMethodError'{0x000000008adbbde0}: 'int java.lang.invoke.DelegatingMethodHandle$Holder.reinvoke_L(java.lang.Object, java.lang.Object, java.lang.Object, long, int)'> (0x000000008adbbde0) 
thrown [s\src\hotspot\share\interpreter\linkResolver.cpp, line 759]
Event: 31.110 Thread 0x000001760cea0a80 Exception <a 'java/lang/NoSuchMethodError'{0x000000008adcf8e0}: 'java.lang.Object java.lang.invoke.Invokers$Holder.invokeExact_MT(java.lang.Object, java.lang.Object, long, java.lang.Object)'> (0x000000008adcf8e0) 
thrown [s\src\hotspot\share\interpreter\linkResolver.cpp, line 759]
Event: 37.291 Thread 0x000001760cea0a80 Exception <a 'java/lang/NoSuchMethodError'{0x000000008a30f178}: 'long java.lang.invoke.DirectMethodHandle$Holder.invokeStatic(java.lang.Object)'> (0x000000008a30f178) 
thrown [s\src\hotspot\share\interpreter\linkResolver.cpp, line 759]
Event: 37.292 Thread 0x000001760cea0a80 Exception <a 'java/lang/NoSuchMethodError'{0x000000008a313d18}: 'long java.lang.invoke.DirectMethodHandle$Holder.invokeStaticInit(java.lang.Object)'> (0x000000008a313d18) 
thrown [s\src\hotspot\share\interpreter\linkResolver.cpp, line 759]
Event: 41.924 Thread 0x000001760cea0a80 Exception <a 'java/lang/NoSuchMethodError'{0x000000008b61e2c0}: 'java.lang.Object java.lang.invoke.Invokers$Holder.invoke_MT(java.lang.Object, java.lang.Object, java.lang.Object)'> (0x000000008b61e2c0) 
thrown [s\src\hotspot\share\interpreter\linkResolver.cpp, line 759]
Event: 42.391 Thread 0x000001760cea0a80 Implicit null exception at 0x00000175b7c77100 to 0x00000175b7c77185
Event: 42.402 Thread 0x000001760cea0a80 Implicit null exception at 0x00000175b7c78159 to 0x00000175b7c7a0d0

VM Operations (20 events):
Event: 43.092 Executing VM operation: G1CollectForAllocation done
Event: 44.056 Executing VM operation: G1TryInitiateConcMark
Event: 44.078 Executing VM operation: G1TryInitiateConcMark done
Event: 44.391 Executing VM operation: G1PauseRemark
Event: 44.402 Executing VM operation: G1PauseRemark done
Event: 44.538 Executing VM operation: G1PauseCleanup
Event: 44.538 Executing VM operation: G1PauseCleanup done
Event: 45.053 Executing VM operation: G1CollectForAllocation
Event: 45.068 Executing VM operation: G1CollectForAllocation done
Event: 45.264 Executing VM operation: G1CollectForAllocation
Event: 45.277 Executing VM operation: G1CollectForAllocation done
Event: 46.066 Executing VM operation: HandshakeAllThreads
Event: 46.067 Executing VM operation: HandshakeAllThreads done
Event: 46.189 Executing VM operation: HandshakeAllThreads
Event: 46.189 Executing VM operation: HandshakeAllThreads done
Event: 46.558 Executing VM operation: HandshakeAllThreads
Event: 46.558 Executing VM operation: HandshakeAllThreads done
Event: 46.558 Executing VM operation: Cleanup
Event: 46.558 Executing VM operation: Cleanup done
Event: 47.122 Executing VM operation: G1CollectForAllocation

Events (20 events):
Event: 42.525 Thread 0x000001760b008070 flushing nmethod 0x00000175b0e42e10
Event: 42.525 Thread 0x000001760b008070 flushing nmethod 0x00000175b0e43190
Event: 42.525 Thread 0x000001760b008070 flushing nmethod 0x00000175b0e43d90
Event: 42.525 Thread 0x000001760b008070 flushing nmethod 0x00000175b0e44790
Event: 43.139 loading class java/nio/channels/Channels$ReadableByteChannelImpl
Event: 43.140 loading class java/nio/channels/Channels$ReadableByteChannelImpl done
Event: 43.140 loading class java/nio/channels/NonWritableChannelException
Event: 43.140 loading class java/nio/channels/NonWritableChannelException done
Event: 43.542 Thread 0x0000017611314010 Thread exited: 0x0000017611314010
Event: 43.998 Thread 0x0000017611314010 Thread added: 0x0000017611314010
Event: 44.123 Thread 0x0000017611314010 Thread exited: 0x0000017611314010
Event: 46.535 loading class java/text/StringCharacterIterator
Event: 46.535 loading class java/text/CharacterIterator
Event: 46.536 loading class java/text/CharacterIterator done
Event: 46.536 loading class java/text/StringCharacterIterator done
Event: 46.588 Thread 0x000001760e70f6e0 Thread added: 0x000001760e70f6e0
Event: 46.600 loading class java/io/NotSerializableException
Event: 46.600 loading class java/io/NotSerializableException done
Event: 46.748 Thread 0x000001760e70f6e0 Thread exited: 0x000001760e70f6e0
Event: 46.868 Thread 0x0000017610b91610 Thread added: 0x0000017610b91610


Dynamic libraries:
0x00007ff75a6f0000 - 0x00007ff75a6fe000 	C:\Program Files\Zulu\zulu-17\bin\java.exe
0x00007ff987c70000 - 0x00007ff987e64000 	C:\Windows\SYSTEM32\ntdll.dll
0x00007ff986740000 - 0x00007ff9867fd000 	C:\Windows\System32\KERNEL32.DLL
0x00007ff9853c0000 - 0x00007ff985687000 	C:\Windows\System32\KERNELBASE.dll
0x00007ff985730000 - 0x00007ff985830000 	C:\Windows\System32\ucrtbase.dll
0x00007ff97dde0000 - 0x00007ff97ddf9000 	C:\Program Files\Zulu\zulu-17\bin\jli.dll
0x00007ff9878d0000 - 0x00007ff987a70000 	C:\Windows\System32\USER32.dll
0x00007ff985c60000 - 0x00007ff985c82000 	C:\Windows\System32\win32u.dll
0x00007ff987a70000 - 0x00007ff987a9a000 	C:\Windows\System32\GDI32.dll
0x00007ff985ad0000 - 0x00007ff985bd9000 	C:\Windows\System32\gdi32full.dll
0x00007ff985690000 - 0x00007ff98572d000 	C:\Windows\System32\msvcp_win.dll
0x00007ff97e8c0000 - 0x00007ff97e8db000 	C:\Program Files\Zulu\zulu-17\bin\VCRUNTIME140.dll
0x00007ff975210000 - 0x00007ff9754aa000 	C:\Windows\WinSxS\amd64_microsoft.windows.common-controls_6595b64144ccf1df_6.0.19041.1_none_b555e41d4684ddec\COMCTL32.dll
0x00007ff986210000 - 0x00007ff9862ae000 	C:\Windows\System32\msvcrt.dll
0x00007ff9861e0000 - 0x00007ff986210000 	C:\Windows\System32\IMM32.DLL
0x00007ff9801f0000 - 0x00007ff9801fc000 	C:\Program Files\Zulu\zulu-17\bin\vcruntime140_1.dll
0x00007ff94c730000 - 0x00007ff94c7bd000 	C:\Program Files\Zulu\zulu-17\bin\msvcp140.dll
0x00007ff949ea0000 - 0x00007ff94ab07000 	C:\Program Files\Zulu\zulu-17\bin\server\jvm.dll
0x00007ff9862b0000 - 0x00007ff98635a000 	C:\Windows\System32\ADVAPI32.dll
0x00007ff986360000 - 0x00007ff9863fb000 	C:\Windows\System32\sechost.dll
0x00007ff986600000 - 0x00007ff986723000 	C:\Windows\System32\RPCRT4.dll
0x00007ff984ea0000 - 0x00007ff984eeb000 	C:\Windows\SYSTEM32\POWRPROF.dll
0x00007ff971430000 - 0x00007ff971439000 	C:\Windows\SYSTEM32\WSOCK32.dll
0x00007ff986940000 - 0x00007ff9869ab000 	C:\Windows\System32\WS2_32.dll
0x00007ff976c50000 - 0x00007ff976c77000 	C:\Windows\SYSTEM32\WINMM.dll
0x00007ff97a340000 - 0x00007ff97a34a000 	C:\Windows\SYSTEM32\VERSION.dll
0x00007ff984da0000 - 0x00007ff984db2000 	C:\Windows\SYSTEM32\UMPDC.dll
0x00007ff983310000 - 0x00007ff983323000 	C:\Windows\SYSTEM32\kernel.appcore.dll
0x00007ff980150000 - 0x00007ff98015a000 	C:\Program Files\Zulu\zulu-17\bin\jimage.dll
0x00007ff96f1e0000 - 0x00007ff96f3c4000 	C:\Windows\SYSTEM32\DBGHELP.DLL
0x00007ff96f170000 - 0x00007ff96f19c000 	C:\Windows\SYSTEM32\dbgcore.DLL
0x00007ff985be0000 - 0x00007ff985c5f000 	C:\Windows\System32\bcryptPrimitives.dll
0x00007ff976360000 - 0x00007ff976385000 	C:\Program Files\Zulu\zulu-17\bin\java.dll
0x00007ff94bf10000 - 0x00007ff94bfe7000 	C:\Program Files\Zulu\zulu-17\bin\jsvml.dll
0x00007ff9869c0000 - 0x00007ff9870f1000 	C:\Windows\System32\SHELL32.dll
0x00007ff983510000 - 0x00007ff983c9a000 	C:\Windows\SYSTEM32\windows.storage.dll
0x00007ff987390000 - 0x00007ff9876e4000 	C:\Windows\System32\combase.dll
0x00007ff984d00000 - 0x00007ff984d2b000 	C:\Windows\SYSTEM32\Wldp.dll
0x00007ff9876f0000 - 0x00007ff98779e000 	C:\Windows\System32\SHCORE.dll
0x00007ff9868e0000 - 0x00007ff986935000 	C:\Windows\System32\shlwapi.dll
0x00007ff985300000 - 0x00007ff98531f000 	C:\Windows\SYSTEM32\profapi.dll
0x00007ff97cc40000 - 0x00007ff97cc59000 	C:\Program Files\Zulu\zulu-17\bin\net.dll
0x00007ff97d930000 - 0x00007ff97da30000 	C:\Windows\SYSTEM32\WINHTTP.dll
0x00007ff984af0000 - 0x00007ff984b5a000 	C:\Windows\system32\mswsock.dll
0x00007ff97a880000 - 0x00007ff97a896000 	C:\Program Files\Zulu\zulu-17\bin\nio.dll
0x00007ff97a290000 - 0x00007ff97a2a8000 	C:\Program Files\Zulu\zulu-17\bin\zip.dll
0x00007ff97feb0000 - 0x00007ff97fec0000 	C:\Program Files\Zulu\zulu-17\bin\verify.dll
0x00007ff981210000 - 0x00007ff981237000 	D:\DOWNLOADS\JetPlayer\native\68d5fa5c4cc2d200863cafc0d521ce42e7d3e7ee720ec0a83991735586a16f82\windows-amd64\native-platform.dll
0x00007ff956370000 - 0x00007ff9564b4000 	D:\DOWNLOADS\JetPlayer\native\e376f236ea51e6404a007f0833ffe2c6e607c4080706a723a18a27aeea778392\windows-amd64\native-platform-file-events.dll
0x00007ff97db00000 - 0x00007ff97db09000 	C:\Program Files\Zulu\zulu-17\bin\management.dll
0x00007ff97daa0000 - 0x00007ff97daab000 	C:\Program Files\Zulu\zulu-17\bin\management_ext.dll
0x00007ff986730000 - 0x00007ff986738000 	C:\Windows\System32\PSAPI.DLL
0x00007ff9850a0000 - 0x00007ff9850b8000 	C:\Windows\SYSTEM32\CRYPTSP.dll
0x00007ff9844a0000 - 0x00007ff9844d4000 	C:\Windows\system32\rsaenh.dll
0x00007ff9859f0000 - 0x00007ff985a17000 	C:\Windows\System32\bcrypt.dll
0x00007ff985280000 - 0x00007ff9852ae000 	C:\Windows\SYSTEM32\USERENV.dll
0x00007ff984c70000 - 0x00007ff984c7c000 	C:\Windows\SYSTEM32\CRYPTBASE.dll
0x00007ff984800000 - 0x00007ff98483b000 	C:\Windows\SYSTEM32\IPHLPAPI.DLL
0x00007ff986400000 - 0x00007ff986409000 	C:\Windows\System32\NSI.dll
0x00007ff97f3a0000 - 0x00007ff97f3b7000 	C:\Windows\SYSTEM32\dhcpcsvc6.DLL
0x00007ff97f380000 - 0x00007ff97f39d000 	C:\Windows\SYSTEM32\dhcpcsvc.DLL
0x00007ff984840000 - 0x00007ff98490a000 	C:\Windows\SYSTEM32\DNSAPI.dll
0x00007ff97d4c0000 - 0x00007ff97d4ce000 	C:\Program Files\Zulu\zulu-17\bin\sunmscapi.dll
0x00007ff985830000 - 0x00007ff98598d000 	C:\Windows\System32\CRYPT32.dll
0x00007ff984d70000 - 0x00007ff984d97000 	C:\Windows\SYSTEM32\ncrypt.dll
0x00007ff984d30000 - 0x00007ff984d6b000 	C:\Windows\SYSTEM32\NTASN1.dll
0x00007ff980200000 - 0x00007ff980207000 	C:\Windows\system32\wshunix.dll

dbghelp: loaded successfully - version: 4.0.5 - missing functions: none
symbol engine: initialized successfully - sym options: 0x614 - pdb path: .;C:\Program Files\Zulu\zulu-17\bin;C:\Windows\SYSTEM32;C:\Windows\WinSxS\amd64_microsoft.windows.common-controls_6595b64144ccf1df_6.0.19041.1_none_b555e41d4684ddec;C:\Program Files\Zulu\zulu-17\bin\server;D:\DOWNLOADS\JetPlayer\native\68d5fa5c4cc2d200863cafc0d521ce42e7d3e7ee720ec0a83991735586a16f82\windows-amd64;D:\DOWNLOADS\JetPlayer\native\e376f236ea51e6404a007f0833ffe2c6e607c4080706a723a18a27aeea778392\windows-amd64

VM Arguments:
jvm_args: --add-opens=java.base/java.util=ALL-UNNAMED --add-opens=java.base/java.lang=ALL-UNNAMED --add-opens=java.base/java.lang.invoke=ALL-UNNAMED --add-opens=java.prefs/java.util.prefs=ALL-UNNAMED --add-opens=java.base/java.nio.charset=ALL-UNNAMED --add-opens=java.base/java.net=ALL-UNNAMED --add-opens=java.base/java.util.concurrent.atomic=ALL-UNNAMED -Xmx2048m -Dfile.encoding=UTF-8 -Duser.country=US -Duser.language=en -Duser.variant 
java_command: org.gradle.launcher.daemon.bootstrap.GradleDaemon 8.0
java_class_path (initial): D:\DOWNLOADS\JetPlayer\wrapper\dists\gradle-8.0-bin\ca5e32bp14vu59qr306oxotwh\gradle-8.0\lib\gradle-launcher-8.0.jar
Launcher Type: SUN_STANDARD

[Global flags]
     intx CICompilerCount                          = 3                                         {product} {ergonomic}
     uint ConcGCThreads                            = 1                                         {product} {ergonomic}
     uint G1ConcRefinementThreads                  = 4                                         {product} {ergonomic}
   size_t G1HeapRegionSize                         = 1048576                                   {product} {ergonomic}
    uintx GCDrainStackTargetSize                   = 64                                        {product} {ergonomic}
   size_t InitialHeapSize                          = 132120576                                 {product} {ergonomic}
   size_t MarkStackSize                            = 4194304                                   {product} {ergonomic}
   size_t MaxHeapSize                              = 2147483648                                {product} {command line}
   size_t MaxNewSize                               = 1287651328                                {product} {ergonomic}
   size_t MinHeapDeltaBytes                        = 1048576                                   {product} {ergonomic}
   size_t MinHeapSize                              = 8388608                                   {product} {ergonomic}
    uintx NonNMethodCodeHeapSize                   = 5832780                                {pd product} {ergonomic}
    uintx NonProfiledCodeHeapSize                  = 122912730                              {pd product} {ergonomic}
    uintx ProfiledCodeHeapSize                     = 122912730                              {pd product} {ergonomic}
    uintx ReservedCodeCacheSize                    = 251658240                              {pd product} {ergonomic}
     bool SegmentedCodeCache                       = true                                      {product} {ergonomic}
   size_t SoftMaxHeapSize                          = 2147483648                             {manageable} {ergonomic}
     bool UseCompressedClassPointers               = true                           {product lp64_product} {ergonomic}
     bool UseCompressedOops                        = true                           {product lp64_product} {ergonomic}
     bool UseG1GC                                  = true                                      {product} {ergonomic}
     bool UseLargePagesIndividualAllocation        = false                                  {pd product} {ergonomic}

Logging:
Log output configuration:
 #0: stdout all=warning uptime,level,tags
 #1: stderr all=off uptime,level,tags

Environment Variables:
JAVA_HOME=C:\Program Files\Zulu\zulu-17
PATH=C:\Program Files\Zulu\zulu-17\bin\;C:\Program Files\Common Files\Oracle\Java\javapath;C:\Program Files (x86)\Common Files\Oracle\Java\javapath;C:\Program Files\Zulu\zulu-8\bin\;C:\ProgramData\Oracle\Java\javapath;C:\Windows\system32;C:\Windows;C:\Windows\System32\Wbem;C:\Windows\System32\WindowsPowerShell\v1.0\;C:\Windows\System32\OpenSSH\;C:\Program Files (x86)\dotnet\;C:\Program Files\dotnet\;C:\Program Files (x86)\QuickTime\QTSystem\;D:\DOWNLOADS\gradle-8.3-all\gradle-8.3\bin;C:\Program Files\Git\cmd;C:\Program Files\Java\jdk-21\bin;C:\Users\ACER\AppData\Local\Microsoft\WindowsApps;C:\Users\ACER\AppData\Local\Programs\Microsoft VS Code\bin;C:\Program Files\Java\jdk-21\bin;
USERNAME=ACER
OS=Windows_NT
PROCESSOR_IDENTIFIER=Intel64 Family 6 Model 58 Stepping 9, GenuineIntel
TMP=C:\Users\ACER\AppData\Local\Temp
TEMP=C:\Users\ACER\AppData\Local\Temp



Periodic native trim disabled


---------------  S Y S T E M  ---------------

OS:
 Windows 10 , 64 bit Build 19041 (10.0.19041.207)
OS uptime: 0 days 17:47 hours
Hyper-V role detected

CPU: total 4 (initial active 4) (2 cores per cpu, 2 threads per core) family 6 model 58 stepping 9 microcode 0x21, cx8, cmov, fxsr, ht, mmx, sse, sse2, sse3, ssse3, sse4.1, sse4.2, popcnt, tsc, tscinvbit, avx, aes, erms, clmul, vzeroupper, clflush, hv
Processor Information for all 4 processors :
  Max Mhz: 2501, Current Mhz: 2100, Mhz Limit: 2075

Memory: 4k page, system-wide physical 8030M (433M free)
TotalPageFile size 10075M (AvailPageFile size 64M)
current process WorkingSet (physical memory assigned to process): 524M, peak: 524M
current process commit charge ("private bytes"): 561M, peak: 729M

vm_info: OpenJDK 64-Bit Server VM (17.0.9+8-LTS) for windows-amd64 JRE (17.0.9+8-LTS) (Zulu17.46+19-CA), built on Oct 11 2023 20:47:25 by "zulu_re" with MS VC++ 16.10 / 16.11 (VS2019)

END.
