#
# There is insufficient memory for the Java Runtime Environment to continue.
# Native memory allocation (malloc) failed to allocate 1826368 bytes for Chunk::new
# Possible reasons:
#   The system is out of physical RAM or swap space
#   The process is running with CompressedOops enabled, and the Java Heap may be blocking the growth of the native heap
# Possible solutions:
#   Reduce memory load on the system
#   Increase physical memory or swap space
#   Check if swap backing store is full
#   Decrease Java heap size (-Xmx/-Xms)
#   Decrease number of Java threads
#   Decrease Java thread stack sizes (-Xss)
#   Set larger code cache with -XX:ReservedCodeCacheSize=
#   JVM is running with Unscaled Compressed Oops mode in which the Java heap is
#     placed in the first 4GB address space. The Java Heap base address is the
#     maximum limit for the native heap growth. Please use -XX:HeapBaseMinAddress
#     to set the Java Heap base and to place the Java Heap above 4GB virtual address.
# This output file may be truncated or incomplete.
#
#  Out of Memory Error (arena.cpp:189), pid=6056, tid=1196
#
# JRE version: OpenJDK Runtime Environment (17.0.6) (build 17.0.6+0-b2043.56-10027231)
# Java VM: OpenJDK 64-Bit Server VM (17.0.6+0-b2043.56-10027231, mixed mode, tiered, compressed oops, compressed class ptrs, g1 gc, windows-amd64)
# No core dump will be written. Minidumps are not enabled by default on client versions of Windows
#

---------------  S U M M A R Y ------------

Command Line: --add-opens=java.base/java.util=ALL-UNNAMED --add-opens=java.base/java.lang=ALL-UNNAMED --add-opens=java.base/java.lang.invoke=ALL-UNNAMED --add-opens=java.prefs/java.util.prefs=ALL-UNNAMED --add-opens=java.base/java.nio.charset=ALL-UNNAMED --add-opens=java.base/java.net=ALL-UNNAMED --add-opens=java.base/java.util.concurrent.atomic=ALL-UNNAMED -Xmx2048m -Dfile.encoding=UTF-8 -Duser.country=US -Duser.language=en -Duser.variant org.gradle.launcher.daemon.bootstrap.GradleDaemon 8.0

Host: Intel(R) Core(TM) i5-3210M CPU @ 2.50GHz, 4 cores, 7G,  Windows 10 , 64 bit Build 19041 (10.0.19041.207)
Time: Mon Jan 22 16:23:35 2024 SE Asia Standard Time elapsed time: 35.635525 seconds (0d 0h 0m 35s)

---------------  T H R E A D  ---------------

Current thread (0x000002224cc159a0):  JavaThread "C2 CompilerThread0" daemon [_thread_in_native, id=1196, stack(0x000000cc95900000,0x000000cc95a00000)]


Current CompileTask:
C2:  35635 4746   !   4       java.net.URLClassLoader$1::run (81 bytes)

Stack: [0x000000cc95900000,0x000000cc95a00000]
Native frames: (J=compiled Java code, j=interpreted, Vv=VM code, C=native code)
V  [jvm.dll+0x683c9a]
V  [jvm.dll+0x8427a4]
V  [jvm.dll+0x843f9e]
V  [jvm.dll+0x844603]
V  [jvm.dll+0x249b75]
V  [jvm.dll+0xabcac]
V  [jvm.dll+0xac27c]
V  [jvm.dll+0x368857]
V  [jvm.dll+0x1bced2]
V  [jvm.dll+0x21c359]
V  [jvm.dll+0x21b621]
V  [jvm.dll+0x1a4fdd]
V  [jvm.dll+0x22b098]
V  [jvm.dll+0x229159]
V  [jvm.dll+0x7f81ec]
V  [jvm.dll+0x7f274a]
V  [jvm.dll+0x682ad5]
C  [ucrtbase.dll+0x21542]
C  [KERNEL32.DLL+0x16fd4]
C  [ntdll.dll+0x4cec1]


---------------  P R O C E S S  ---------------

Threads class SMR info:
_java_thread_list=0x0000022251283240, length=39, elements={
0x0000022230b3bfe0, 0x000002224c1d9610, 0x000002224c1dbc80, 0x000002224c1c73f0,
0x000002224c1f8410, 0x000002224cc0c0a0, 0x000002224cc0d100, 0x000002224cc159a0,
0x000002224cc162a0, 0x000002224cc33370, 0x000002224cd9d340, 0x000002224cda0830,
0x000002224e547930, 0x000002224dc909e0, 0x000002224d13b030, 0x000002224e696c30,
0x000002224e6978a0, 0x000002224db9cb70, 0x000002224e00c1d0, 0x000002224e281430,
0x000002224e280f60, 0x000002224e27df40, 0x000002224e27da70, 0x000002224e27e410,
0x000002224e27e8e0, 0x000002224e27edb0, 0x000002224e27f280, 0x000002224e27f750,
0x000002224e27fc20, 0x000002224e280a90, 0x000002224e2800f0, 0x000002224e2805c0,
0x000002224fe3b2e0, 0x000002224fe3b7b0, 0x000002224fe40e50, 0x000002224fe3ae10,
0x000002224fe3d960, 0x000002224fe3bc80, 0x000002224e5d24a0
}

Java Threads: ( => current thread )
  0x0000022230b3bfe0 JavaThread "main" [_thread_blocked, id=2944, stack(0x000000cc94c00000,0x000000cc94d00000)]
  0x000002224c1d9610 JavaThread "Reference Handler" daemon [_thread_blocked, id=9112, stack(0x000000cc95300000,0x000000cc95400000)]
  0x000002224c1dbc80 JavaThread "Finalizer" daemon [_thread_blocked, id=10860, stack(0x000000cc95400000,0x000000cc95500000)]
  0x000002224c1c73f0 JavaThread "Signal Dispatcher" daemon [_thread_blocked, id=1216, stack(0x000000cc95500000,0x000000cc95600000)]
  0x000002224c1f8410 JavaThread "Attach Listener" daemon [_thread_blocked, id=2264, stack(0x000000cc95600000,0x000000cc95700000)]
  0x000002224cc0c0a0 JavaThread "Service Thread" daemon [_thread_blocked, id=1504, stack(0x000000cc95700000,0x000000cc95800000)]
  0x000002224cc0d100 JavaThread "Monitor Deflation Thread" daemon [_thread_blocked, id=9004, stack(0x000000cc95800000,0x000000cc95900000)]
=>0x000002224cc159a0 JavaThread "C2 CompilerThread0" daemon [_thread_in_native, id=1196, stack(0x000000cc95900000,0x000000cc95a00000)]
  0x000002224cc162a0 JavaThread "C1 CompilerThread0" daemon [_thread_blocked, id=3204, stack(0x000000cc95a00000,0x000000cc95b00000)]
  0x000002224cc33370 JavaThread "Sweeper thread" daemon [_thread_blocked, id=1384, stack(0x000000cc95b00000,0x000000cc95c00000)]
  0x000002224cd9d340 JavaThread "Common-Cleaner" daemon [_thread_blocked, id=3312, stack(0x000000cc95c00000,0x000000cc95d00000)]
  0x000002224cda0830 JavaThread "Notification Thread" daemon [_thread_blocked, id=7020, stack(0x000000cc95d00000,0x000000cc95e00000)]
  0x000002224e547930 JavaThread "Daemon health stats" [_thread_in_Java, id=7684, stack(0x000000cc96200000,0x000000cc96300000)]
  0x000002224dc909e0 JavaThread "Incoming local TCP Connector on port 52840" [_thread_in_native, id=6820, stack(0x000000cc96300000,0x000000cc96400000)]
  0x000002224d13b030 JavaThread "Daemon periodic checks" [_thread_blocked, id=2396, stack(0x000000cc96400000,0x000000cc96500000)]
  0x000002224e696c30 JavaThread "Daemon" [_thread_blocked, id=1344, stack(0x000000cc96600000,0x000000cc96700000)]
  0x000002224e6978a0 JavaThread "Handler for socket connection from /127.0.0.1:52840 to /127.0.0.1:52841" [_thread_in_native, id=7636, stack(0x000000cc96700000,0x000000cc96800000)]
  0x000002224db9cb70 JavaThread "Cancel handler" [_thread_blocked, id=5556, stack(0x000000cc96800000,0x000000cc96900000)]
  0x000002224e00c1d0 JavaThread "Daemon worker" [_thread_in_vm, id=2452, stack(0x000000cc96900000,0x000000cc96a00000)] _threads_hazard_ptr=0x0000022251283240
  0x000002224e281430 JavaThread "Asynchronous log dispatcher for DefaultDaemonConnection: socket connection from /127.0.0.1:52840 to /127.0.0.1:52841" [_thread_blocked, id=7812, stack(0x000000cc96a00000,0x000000cc96b00000)]
  0x000002224e280f60 JavaThread "Stdin handler" [_thread_blocked, id=6152, stack(0x000000cc96b00000,0x000000cc96c00000)]
  0x000002224e27df40 JavaThread "Daemon client event forwarder" [_thread_blocked, id=7328, stack(0x000000cc96c00000,0x000000cc96d00000)]
  0x000002224e27da70 JavaThread "Cache worker for journal cache (D:\DOWNLOADS\JetPlayer\caches\journal-1)" [_thread_blocked, id=3508, stack(0x000000cc96500000,0x000000cc96600000)]
  0x000002224e27e410 JavaThread "File lock request listener" [_thread_in_native, id=5576, stack(0x000000cc96d00000,0x000000cc96e00000)]
  0x000002224e27e8e0 JavaThread "Cache worker for file hash cache (D:\DOWNLOADS\JetPlayer\caches\8.0\fileHashes)" [_thread_blocked, id=10908, stack(0x000000cc96e00000,0x000000cc96f00000)]
  0x000002224e27edb0 JavaThread "File watcher server" daemon [_thread_in_native, id=6352, stack(0x000000cc97000000,0x000000cc97100000)]
  0x000002224e27f280 JavaThread "File watcher consumer" daemon [_thread_blocked, id=8240, stack(0x000000cc97100000,0x000000cc97200000)]
  0x000002224e27f750 JavaThread "jar transforms" [_thread_blocked, id=8244, stack(0x000000cc97200000,0x000000cc97300000)]
  0x000002224e27fc20 JavaThread "jar transforms Thread 2" [_thread_blocked, id=5264, stack(0x000000cc97300000,0x000000cc97400000)]
  0x000002224e280a90 JavaThread "jar transforms Thread 3" [_thread_blocked, id=8172, stack(0x000000cc97400000,0x000000cc97500000)]
  0x000002224e2800f0 JavaThread "jar transforms Thread 4" [_thread_blocked, id=2340, stack(0x000000cc97500000,0x000000cc97600000)]
  0x000002224e2805c0 JavaThread "Cache worker for checksums cache (C:\Users\ACER\AndroidStudioProjects\ShoesCare\.gradle\8.0\checksums)" [_thread_blocked, id=8504, stack(0x000000cc97600000,0x000000cc97700000)]
  0x000002224fe3b2e0 JavaThread "Cache worker for cache directory md-rule (D:\DOWNLOADS\JetPlayer\caches\8.0\md-rule)" [_thread_blocked, id=1584, stack(0x000000cc97700000,0x000000cc97800000)]
  0x000002224fe3b7b0 JavaThread "Cache worker for file content cache (D:\DOWNLOADS\JetPlayer\caches\8.0\fileContent)" [_thread_blocked, id=6248, stack(0x000000cc97800000,0x000000cc97900000)]
  0x000002224fe40e50 JavaThread "Cache worker for file hash cache (C:\Users\ACER\AndroidStudioProjects\ShoesCare\.gradle\8.0\fileHashes)" [_thread_blocked, id=11004, stack(0x000000cc97900000,0x000000cc97a00000)]
  0x000002224fe3ae10 JavaThread "Cache worker for cache directory md-supplier (D:\DOWNLOADS\JetPlayer\caches\8.0\md-supplier)" [_thread_blocked, id=4860, stack(0x000000cc97a00000,0x000000cc97b00000)]
  0x000002224fe3d960 JavaThread "Cache worker for execution history cache (D:\DOWNLOADS\JetPlayer\caches\8.0\executionHistory)" [_thread_blocked, id=232, stack(0x000000cc96f00000,0x000000cc97000000)]
  0x000002224fe3bc80 JavaThread "Cache worker for kotlin-dsl (D:\DOWNLOADS\JetPlayer\caches\8.0\kotlin-dsl)" [_thread_blocked, id=4260, stack(0x000000cc97b00000,0x000000cc97c00000)]
  0x000002224e5d24a0 JavaThread "C2 CompilerThread1" daemon [_thread_in_native, id=7248, stack(0x000000cc97c00000,0x000000cc97d00000)]

Other Threads:
  0x000002224c1b6960 VMThread "VM Thread" [stack: 0x000000cc95200000,0x000000cc95300000] [id=7808]
  0x000002224cd9b010 WatcherThread [stack: 0x000000cc95e00000,0x000000cc95f00000] [id=6128]
  0x0000022232c55d30 GCTaskThread "GC Thread#0" [stack: 0x000000cc94d00000,0x000000cc94e00000] [id=5800]
  0x000002224d54c000 GCTaskThread "GC Thread#1" [stack: 0x000000cc95f00000,0x000000cc96000000] [id=8184]
  0x000002224d44e8b0 GCTaskThread "GC Thread#2" [stack: 0x000000cc96000000,0x000000cc96100000] [id=8412]
  0x000002224dcc9060 GCTaskThread "GC Thread#3" [stack: 0x000000cc96100000,0x000000cc96200000] [id=1396]
  0x0000022232c66b80 ConcurrentGCThread "G1 Main Marker" [stack: 0x000000cc94e00000,0x000000cc94f00000] [id=10644]
  0x0000022232c674a0 ConcurrentGCThread "G1 Conc#0" [stack: 0x000000cc94f00000,0x000000cc95000000] [id=6772]
  0x000002224c010090 ConcurrentGCThread "G1 Refine#0" [stack: 0x000000cc95000000,0x000000cc95100000] [id=10852]
  0x000002224c0109c0 ConcurrentGCThread "G1 Service" [stack: 0x000000cc95100000,0x000000cc95200000] [id=8200]

Threads with active compile tasks:
C2 CompilerThread0    35741 4746   !   4       java.net.URLClassLoader$1::run (81 bytes)
C2 CompilerThread1    35741 4671   !   4       java.net.URLClassLoader::findClass (47 bytes)

VM state: not at safepoint (normal execution)

VM Mutex/Monitor currently owned by a thread: None

Heap address: 0x0000000080000000, size: 2048 MB, Compressed Oops mode: 32-bit

CDS archive(s) not mapped
Compressed class space mapped at: 0x0000000100000000-0x0000000140000000, reserved size: 1073741824
Narrow klass base: 0x0000000000000000, Narrow klass shift: 3, Narrow klass range: 0x140000000

GC Precious Log:
 CPUs: 4 total, 4 available
 Memory: 8030M
 Large Page Support: Disabled
 NUMA Support: Disabled
 Compressed Oops: Enabled (32-bit)
 Heap Region Size: 1M
 Heap Min Capacity: 8M
 Heap Initial Capacity: 126M
 Heap Max Capacity: 2G
 Pre-touch: Disabled
 Parallel Workers: 4
 Concurrent Workers: 1
 Concurrent Refinement Workers: 4
 Periodic GC: Disabled

Heap:
 garbage-first heap   total 134144K, used 71166K [0x0000000080000000, 0x0000000100000000)
  region size 1024K, 5 young (5120K), 4 survivors (4096K)
 Metaspace       used 50306K, committed 50880K, reserved 1097728K
  class space    used 6612K, committed 6848K, reserved 1048576K

Heap Regions: E=young(eden), S=young(survivor), O=old, HS=humongous(starts), HC=humongous(continues), CS=collection set, F=free, OA=open archive, CA=closed archive, TAMS=top-at-mark-start (previous, next)
|   0|0x0000000080000000, 0x0000000080100000, 0x0000000080100000|100%| O|  |TAMS 0x0000000080100000, 0x0000000080000000| Untracked 
|   1|0x0000000080100000, 0x0000000080200000, 0x0000000080200000|100%| O|  |TAMS 0x0000000080200000, 0x0000000080100000| Untracked 
|   2|0x0000000080200000, 0x0000000080300000, 0x0000000080300000|100%|HS|  |TAMS 0x0000000080300000, 0x0000000080200000| Complete 
|   3|0x0000000080300000, 0x0000000080400000, 0x0000000080400000|100%|HC|  |TAMS 0x0000000080400000, 0x0000000080300000| Complete 
|   4|0x0000000080400000, 0x0000000080500000, 0x0000000080500000|100%|HC|  |TAMS 0x0000000080500000, 0x0000000080400000| Complete 
|   5|0x0000000080500000, 0x0000000080600000, 0x0000000080600000|100%|HC|  |TAMS 0x0000000080600000, 0x0000000080500000| Complete 
|   6|0x0000000080600000, 0x0000000080700000, 0x0000000080700000|100%| O|  |TAMS 0x0000000080700000, 0x0000000080600000| Untracked 
|   7|0x0000000080700000, 0x0000000080800000, 0x0000000080800000|100%| O|  |TAMS 0x0000000080800000, 0x0000000080700000| Untracked 
|   8|0x0000000080800000, 0x0000000080900000, 0x0000000080900000|100%| O|  |TAMS 0x0000000080900000, 0x0000000080800000| Untracked 
|   9|0x0000000080900000, 0x0000000080a00000, 0x0000000080a00000|100%| O|  |TAMS 0x0000000080a00000, 0x0000000080900000| Untracked 
|  10|0x0000000080a00000, 0x0000000080b00000, 0x0000000080b00000|100%| O|  |TAMS 0x0000000080b00000, 0x0000000080a00000| Untracked 
|  11|0x0000000080b00000, 0x0000000080c00000, 0x0000000080c00000|100%| O|  |TAMS 0x0000000080c00000, 0x0000000080b00000| Untracked 
|  12|0x0000000080c00000, 0x0000000080d00000, 0x0000000080d00000|100%| O|  |TAMS 0x0000000080d00000, 0x0000000080c00000| Untracked 
|  13|0x0000000080d00000, 0x0000000080e00000, 0x0000000080e00000|100%| O|  |TAMS 0x0000000080e00000, 0x0000000080d00000| Untracked 
|  14|0x0000000080e00000, 0x0000000080f00000, 0x0000000080f00000|100%| O|  |TAMS 0x0000000080f00000, 0x0000000080e00000| Untracked 
|  15|0x0000000080f00000, 0x0000000081000000, 0x0000000081000000|100%| O|  |TAMS 0x0000000081000000, 0x0000000080f00000| Untracked 
|  16|0x0000000081000000, 0x0000000081100000, 0x0000000081100000|100%| O|  |TAMS 0x0000000081100000, 0x0000000081000000| Untracked 
|  17|0x0000000081100000, 0x0000000081200000, 0x0000000081200000|100%| O|  |TAMS 0x0000000081200000, 0x0000000081100000| Untracked 
|  18|0x0000000081200000, 0x0000000081300000, 0x0000000081300000|100%| O|  |TAMS 0x0000000081300000, 0x0000000081200000| Untracked 
|  19|0x0000000081300000, 0x0000000081400000, 0x0000000081400000|100%| O|  |TAMS 0x0000000081400000, 0x0000000081300000| Untracked 
|  20|0x0000000081400000, 0x0000000081500000, 0x0000000081500000|100%| O|  |TAMS 0x0000000081500000, 0x0000000081400000| Untracked 
|  21|0x0000000081500000, 0x0000000081600000, 0x0000000081600000|100%|HS|  |TAMS 0x0000000081600000, 0x0000000081500000| Complete 
|  22|0x0000000081600000, 0x0000000081700000, 0x0000000081700000|100%|HC|  |TAMS 0x0000000081700000, 0x0000000081600000| Complete 
|  23|0x0000000081700000, 0x0000000081800000, 0x0000000081800000|100%|HS|  |TAMS 0x0000000081800000, 0x0000000081700000| Complete 
|  24|0x0000000081800000, 0x0000000081900000, 0x0000000081900000|100%|HC|  |TAMS 0x0000000081900000, 0x0000000081800000| Complete 
|  25|0x0000000081900000, 0x0000000081a00000, 0x0000000081a00000|100%|HC|  |TAMS 0x0000000081a00000, 0x0000000081900000| Complete 
|  26|0x0000000081a00000, 0x0000000081b00000, 0x0000000081b00000|100%|HS|  |TAMS 0x0000000081b00000, 0x0000000081a00000| Complete 
|  27|0x0000000081b00000, 0x0000000081c00000, 0x0000000081c00000|100%|HC|  |TAMS 0x0000000081c00000, 0x0000000081b00000| Complete 
|  28|0x0000000081c00000, 0x0000000081d00000, 0x0000000081d00000|100%|HC|  |TAMS 0x0000000081d00000, 0x0000000081c00000| Complete 
|  29|0x0000000081d00000, 0x0000000081e00000, 0x0000000081e00000|100%|HS|  |TAMS 0x0000000081e00000, 0x0000000081d00000| Complete 
|  30|0x0000000081e00000, 0x0000000081f00000, 0x0000000081f00000|100%|HC|  |TAMS 0x0000000081f00000, 0x0000000081e00000| Complete 
|  31|0x0000000081f00000, 0x0000000082000000, 0x0000000082000000|100%|HC|  |TAMS 0x0000000082000000, 0x0000000081f00000| Complete 
|  32|0x0000000082000000, 0x0000000082100000, 0x0000000082100000|100%|HC|  |TAMS 0x0000000082100000, 0x0000000082000000| Complete 
|  33|0x0000000082100000, 0x0000000082200000, 0x0000000082200000|100%|HC|  |TAMS 0x0000000082200000, 0x0000000082100000| Complete 
|  34|0x0000000082200000, 0x0000000082300000, 0x0000000082300000|100%|HC|  |TAMS 0x0000000082300000, 0x0000000082200000| Complete 
|  35|0x0000000082300000, 0x0000000082400000, 0x0000000082400000|100%|HC|  |TAMS 0x0000000082400000, 0x0000000082300000| Complete 
|  36|0x0000000082400000, 0x0000000082500000, 0x0000000082500000|100%|HC|  |TAMS 0x0000000082500000, 0x0000000082400000| Complete 
|  37|0x0000000082500000, 0x0000000082600000, 0x0000000082600000|100%|HC|  |TAMS 0x0000000082600000, 0x0000000082500000| Complete 
|  38|0x0000000082600000, 0x0000000082700000, 0x0000000082700000|100%|HC|  |TAMS 0x0000000082700000, 0x0000000082600000| Complete 
|  39|0x0000000082700000, 0x0000000082800000, 0x0000000082800000|100%|HC|  |TAMS 0x0000000082800000, 0x0000000082700000| Complete 
|  40|0x0000000082800000, 0x0000000082900000, 0x0000000082900000|100%|HC|  |TAMS 0x0000000082900000, 0x0000000082800000| Complete 
|  41|0x0000000082900000, 0x0000000082a00000, 0x0000000082a00000|100%| O|  |TAMS 0x0000000082a00000, 0x0000000082900000| Untracked 
|  42|0x0000000082a00000, 0x0000000082b00000, 0x0000000082b00000|100%| O|  |TAMS 0x0000000082b00000, 0x0000000082a00000| Untracked 
|  43|0x0000000082b00000, 0x0000000082c00000, 0x0000000082c00000|100%| O|  |TAMS 0x0000000082c00000, 0x0000000082b00000| Untracked 
|  44|0x0000000082c00000, 0x0000000082d00000, 0x0000000082d00000|100%|HS|  |TAMS 0x0000000082d00000, 0x0000000082c00000| Complete 
|  45|0x0000000082d00000, 0x0000000082e00000, 0x0000000082e00000|100%|HC|  |TAMS 0x0000000082e00000, 0x0000000082d00000| Complete 
|  46|0x0000000082e00000, 0x0000000082f00000, 0x0000000082f00000|100%| O|  |TAMS 0x0000000082f00000, 0x0000000082e00000| Untracked 
|  47|0x0000000082f00000, 0x0000000083000000, 0x0000000083000000|100%| O|  |TAMS 0x0000000083000000, 0x0000000082f00000| Untracked 
|  48|0x0000000083000000, 0x0000000083100000, 0x0000000083100000|100%| O|  |TAMS 0x0000000083100000, 0x0000000083000000| Untracked 
|  49|0x0000000083100000, 0x0000000083200000, 0x0000000083200000|100%| O|  |TAMS 0x0000000083200000, 0x0000000083100000| Complete 
|  50|0x0000000083200000, 0x0000000083300000, 0x0000000083300000|100%| O|  |TAMS 0x0000000083300000, 0x0000000083200000| Untracked 
|  51|0x0000000083300000, 0x0000000083400000, 0x0000000083400000|100%| O|  |TAMS 0x0000000083400000, 0x0000000083300000| Untracked 
|  52|0x0000000083400000, 0x0000000083500000, 0x0000000083500000|100%| O|  |TAMS 0x0000000083500000, 0x0000000083400000| Untracked 
|  53|0x0000000083500000, 0x0000000083600000, 0x0000000083600000|100%| O|  |TAMS 0x0000000083600000, 0x0000000083500000| Untracked 
|  54|0x0000000083600000, 0x0000000083700000, 0x0000000083700000|100%| O|  |TAMS 0x0000000083700000, 0x0000000083600000| Untracked 
|  55|0x0000000083700000, 0x0000000083800000, 0x0000000083800000|100%|HS|  |TAMS 0x0000000083800000, 0x0000000083700000| Complete 
|  56|0x0000000083800000, 0x0000000083900000, 0x0000000083900000|100%|HC|  |TAMS 0x0000000083900000, 0x0000000083800000| Complete 
|  57|0x0000000083900000, 0x0000000083a00000, 0x0000000083a00000|100%|HC|  |TAMS 0x0000000083a00000, 0x0000000083900000| Complete 
|  58|0x0000000083a00000, 0x0000000083b00000, 0x0000000083b00000|100%| O|  |TAMS 0x0000000083b00000, 0x0000000083a00000| Untracked 
|  59|0x0000000083b00000, 0x0000000083c00000, 0x0000000083c00000|100%| O|  |TAMS 0x0000000083c00000, 0x0000000083b00000| Untracked 
|  60|0x0000000083c00000, 0x0000000083d00000, 0x0000000083d00000|100%| O|  |TAMS 0x0000000083d00000, 0x0000000083c00000| Untracked 
|  61|0x0000000083d00000, 0x0000000083e00000, 0x0000000083e00000|100%| O|  |TAMS 0x0000000083e00000, 0x0000000083d00000| Untracked 
|  62|0x0000000083e00000, 0x0000000083ebf000, 0x0000000083f00000| 74%| O|  |TAMS 0x0000000083e5e400, 0x0000000083e00000| Untracked 
|  63|0x0000000083f00000, 0x0000000084000000, 0x0000000084000000|100%|HS|  |TAMS 0x0000000084000000, 0x0000000083f00000| Complete 
|  64|0x0000000084000000, 0x0000000084100000, 0x0000000084100000|100%|HC|  |TAMS 0x0000000084100000, 0x0000000084000000| Complete 
|  65|0x0000000084100000, 0x0000000084200000, 0x0000000084200000|100%|HC|  |TAMS 0x0000000084200000, 0x0000000084100000| Complete 
|  66|0x0000000084200000, 0x0000000084200000, 0x0000000084300000|  0%| F|  |TAMS 0x0000000084200000, 0x0000000084200000| Untracked 
|  67|0x0000000084300000, 0x0000000084300000, 0x0000000084400000|  0%| F|  |TAMS 0x0000000084300000, 0x0000000084300000| Untracked 
|  68|0x0000000084400000, 0x0000000084400000, 0x0000000084500000|  0%| F|  |TAMS 0x0000000084400000, 0x0000000084400000| Untracked 
|  69|0x0000000084500000, 0x0000000084500000, 0x0000000084600000|  0%| F|  |TAMS 0x0000000084500000, 0x0000000084500000| Untracked 
|  70|0x0000000084600000, 0x0000000084600000, 0x0000000084700000|  0%| F|  |TAMS 0x0000000084600000, 0x0000000084600000| Untracked 
|  71|0x0000000084700000, 0x0000000084700000, 0x0000000084800000|  0%| F|  |TAMS 0x0000000084700000, 0x0000000084700000| Untracked 
|  72|0x0000000084800000, 0x0000000084800000, 0x0000000084900000|  0%| F|  |TAMS 0x0000000084800000, 0x0000000084800000| Untracked 
|  73|0x0000000084900000, 0x0000000084900000, 0x0000000084a00000|  0%| F|  |TAMS 0x0000000084900000, 0x0000000084900000| Untracked 
|  74|0x0000000084a00000, 0x0000000084a00000, 0x0000000084b00000|  0%| F|  |TAMS 0x0000000084a00000, 0x0000000084a00000| Untracked 
|  75|0x0000000084b00000, 0x0000000084b00000, 0x0000000084c00000|  0%| F|  |TAMS 0x0000000084b00000, 0x0000000084b00000| Untracked 
|  76|0x0000000084c00000, 0x0000000084c00000, 0x0000000084d00000|  0%| F|  |TAMS 0x0000000084c00000, 0x0000000084c00000| Untracked 
|  77|0x0000000084d00000, 0x0000000084d00000, 0x0000000084e00000|  0%| F|  |TAMS 0x0000000084d00000, 0x0000000084d00000| Untracked 
|  78|0x0000000084e00000, 0x0000000084e00000, 0x0000000084f00000|  0%| F|  |TAMS 0x0000000084e00000, 0x0000000084e00000| Untracked 
|  79|0x0000000084f00000, 0x0000000084f00000, 0x0000000085000000|  0%| F|  |TAMS 0x0000000084f00000, 0x0000000084f00000| Untracked 
|  80|0x0000000085000000, 0x0000000085000000, 0x0000000085100000|  0%| F|  |TAMS 0x0000000085000000, 0x0000000085000000| Untracked 
|  81|0x0000000085100000, 0x0000000085100000, 0x0000000085200000|  0%| F|  |TAMS 0x0000000085100000, 0x0000000085100000| Untracked 
|  82|0x0000000085200000, 0x0000000085200000, 0x0000000085300000|  0%| F|  |TAMS 0x0000000085200000, 0x0000000085200000| Untracked 
|  83|0x0000000085300000, 0x0000000085300000, 0x0000000085400000|  0%| F|  |TAMS 0x0000000085300000, 0x0000000085300000| Untracked 
|  84|0x0000000085400000, 0x0000000085400000, 0x0000000085500000|  0%| F|  |TAMS 0x0000000085400000, 0x0000000085400000| Untracked 
|  85|0x0000000085500000, 0x0000000085500000, 0x0000000085600000|  0%| F|  |TAMS 0x0000000085500000, 0x0000000085500000| Untracked 
|  86|0x0000000085600000, 0x0000000085600000, 0x0000000085700000|  0%| F|  |TAMS 0x0000000085600000, 0x0000000085600000| Untracked 
|  87|0x0000000085700000, 0x0000000085700000, 0x0000000085800000|  0%| F|  |TAMS 0x0000000085700000, 0x0000000085700000| Untracked 
|  88|0x0000000085800000, 0x0000000085800000, 0x0000000085900000|  0%| F|  |TAMS 0x0000000085800000, 0x0000000085800000| Untracked 
|  89|0x0000000085900000, 0x0000000085900000, 0x0000000085a00000|  0%| F|  |TAMS 0x0000000085900000, 0x0000000085900000| Untracked 
|  90|0x0000000085a00000, 0x0000000085a00000, 0x0000000085b00000|  0%| F|  |TAMS 0x0000000085a00000, 0x0000000085a00000| Untracked 
|  91|0x0000000085b00000, 0x0000000085b00000, 0x0000000085c00000|  0%| F|  |TAMS 0x0000000085b00000, 0x0000000085b00000| Untracked 
|  92|0x0000000085c00000, 0x0000000085c00000, 0x0000000085d00000|  0%| F|  |TAMS 0x0000000085c00000, 0x0000000085c00000| Untracked 
|  93|0x0000000085d00000, 0x0000000085d00000, 0x0000000085e00000|  0%| F|  |TAMS 0x0000000085d00000, 0x0000000085d00000| Untracked 
|  94|0x0000000085e00000, 0x0000000085e00000, 0x0000000085f00000|  0%| F|  |TAMS 0x0000000085e00000, 0x0000000085e00000| Untracked 
|  95|0x0000000085f00000, 0x0000000085fc0828, 0x0000000086000000| 75%| S|CS|TAMS 0x0000000085f00000, 0x0000000085f00000| Complete 
|  96|0x0000000086000000, 0x0000000086100000, 0x0000000086100000|100%| S|CS|TAMS 0x0000000086000000, 0x0000000086000000| Complete 
|  97|0x0000000086100000, 0x0000000086200000, 0x0000000086200000|100%| S|CS|TAMS 0x0000000086100000, 0x0000000086100000| Complete 
|  98|0x0000000086200000, 0x0000000086300000, 0x0000000086300000|100%| S|CS|TAMS 0x0000000086200000, 0x0000000086200000| Complete 
|  99|0x0000000086300000, 0x0000000086300000, 0x0000000086400000|  0%| F|  |TAMS 0x0000000086300000, 0x0000000086300000| Untracked 
| 100|0x0000000086400000, 0x0000000086400000, 0x0000000086500000|  0%| F|  |TAMS 0x0000000086400000, 0x0000000086400000| Untracked 
| 101|0x0000000086500000, 0x0000000086500000, 0x0000000086600000|  0%| F|  |TAMS 0x0000000086500000, 0x0000000086500000| Untracked 
| 102|0x0000000086600000, 0x0000000086600000, 0x0000000086700000|  0%| F|  |TAMS 0x0000000086600000, 0x0000000086600000| Untracked 
| 103|0x0000000086700000, 0x0000000086700000, 0x0000000086800000|  0%| F|  |TAMS 0x0000000086700000, 0x0000000086700000| Untracked 
| 104|0x0000000086800000, 0x0000000086800000, 0x0000000086900000|  0%| F|  |TAMS 0x0000000086800000, 0x0000000086800000| Untracked 
| 105|0x0000000086900000, 0x0000000086900000, 0x0000000086a00000|  0%| F|  |TAMS 0x0000000086900000, 0x0000000086900000| Untracked 
| 106|0x0000000086a00000, 0x0000000086a00000, 0x0000000086b00000|  0%| F|  |TAMS 0x0000000086a00000, 0x0000000086a00000| Untracked 
| 107|0x0000000086b00000, 0x0000000086b00000, 0x0000000086c00000|  0%| F|  |TAMS 0x0000000086b00000, 0x0000000086b00000| Untracked 
| 108|0x0000000086c00000, 0x0000000086c00000, 0x0000000086d00000|  0%| F|  |TAMS 0x0000000086c00000, 0x0000000086c00000| Untracked 
| 109|0x0000000086d00000, 0x0000000086d00000, 0x0000000086e00000|  0%| F|  |TAMS 0x0000000086d00000, 0x0000000086d00000| Untracked 
| 110|0x0000000086e00000, 0x0000000086e00000, 0x0000000086f00000|  0%| F|  |TAMS 0x0000000086e00000, 0x0000000086e00000| Untracked 
| 111|0x0000000086f00000, 0x0000000086f00000, 0x0000000087000000|  0%| F|  |TAMS 0x0000000086f00000, 0x0000000086f00000| Untracked 
| 112|0x0000000087000000, 0x0000000087000000, 0x0000000087100000|  0%| F|  |TAMS 0x0000000087000000, 0x0000000087000000| Untracked 
| 113|0x0000000087100000, 0x0000000087100000, 0x0000000087200000|  0%| F|  |TAMS 0x0000000087100000, 0x0000000087100000| Untracked 
| 114|0x0000000087200000, 0x0000000087200000, 0x0000000087300000|  0%| F|  |TAMS 0x0000000087200000, 0x0000000087200000| Untracked 
| 115|0x0000000087300000, 0x0000000087300000, 0x0000000087400000|  0%| F|  |TAMS 0x0000000087300000, 0x0000000087300000| Untracked 
| 116|0x0000000087400000, 0x0000000087400000, 0x0000000087500000|  0%| F|  |TAMS 0x0000000087400000, 0x0000000087400000| Untracked 
| 117|0x0000000087500000, 0x0000000087500000, 0x0000000087600000|  0%| F|  |TAMS 0x0000000087500000, 0x0000000087500000| Untracked 
| 118|0x0000000087600000, 0x0000000087600000, 0x0000000087700000|  0%| F|  |TAMS 0x0000000087600000, 0x0000000087600000| Untracked 
| 119|0x0000000087700000, 0x0000000087700000, 0x0000000087800000|  0%| F|  |TAMS 0x0000000087700000, 0x0000000087700000| Untracked 
| 120|0x0000000087800000, 0x0000000087800000, 0x0000000087900000|  0%| F|  |TAMS 0x0000000087800000, 0x0000000087800000| Untracked 
| 121|0x0000000087900000, 0x0000000087900000, 0x0000000087a00000|  0%| F|  |TAMS 0x0000000087900000, 0x0000000087900000| Untracked 
| 122|0x0000000087a00000, 0x0000000087a00000, 0x0000000087b00000|  0%| F|  |TAMS 0x0000000087a00000, 0x0000000087a00000| Untracked 
| 123|0x0000000087b00000, 0x0000000087b00000, 0x0000000087c00000|  0%| F|  |TAMS 0x0000000087b00000, 0x0000000087b00000| Untracked 
| 124|0x0000000087c00000, 0x0000000087c00000, 0x0000000087d00000|  0%| F|  |TAMS 0x0000000087c00000, 0x0000000087c00000| Untracked 
| 125|0x0000000087d00000, 0x0000000087d00000, 0x0000000087e00000|  0%| F|  |TAMS 0x0000000087d00000, 0x0000000087d00000| Untracked 
| 126|0x0000000087e00000, 0x0000000087e00000, 0x0000000087f00000|  0%| F|  |TAMS 0x0000000087e00000, 0x0000000087e00000| Untracked 
| 127|0x0000000087f00000, 0x0000000087f00000, 0x0000000088000000|  0%| F|  |TAMS 0x0000000087f00000, 0x0000000087f00000| Untracked 
| 128|0x0000000088000000, 0x0000000088000000, 0x0000000088100000|  0%| F|  |TAMS 0x0000000088000000, 0x0000000088000000| Untracked 
| 129|0x0000000088100000, 0x0000000088100000, 0x0000000088200000|  0%| F|  |TAMS 0x0000000088100000, 0x0000000088100000| Untracked 
| 130|0x0000000088200000, 0x00000000882f4f90, 0x0000000088300000| 95%| E|  |TAMS 0x0000000088200000, 0x0000000088200000| Complete 

Card table byte_map: [0x00000222454d0000,0x00000222458d0000] _byte_map_base: 0x00000222450d0000

Marking Bits (Prev, Next): (CMBitMap*) 0x0000022232c56250, (CMBitMap*) 0x0000022232c56290
 Prev Bits: [0x0000022245cd0000, 0x0000022247cd0000)
 Next Bits: [0x0000022247cd0000, 0x0000022249cd0000)

Polling page: 0x0000022230a10000

Metaspace:

Usage:
  Non-class:     42.67 MB used.
      Class:      6.46 MB used.
       Both:     49.13 MB used.

Virtual space:
  Non-class space:       48.00 MB reserved,      43.00 MB ( 90%) committed,  6 nodes.
      Class space:        1.00 GB reserved,       6.69 MB ( <1%) committed,  1 nodes.
             Both:        1.05 GB reserved,      49.69 MB (  5%) committed. 

Chunk freelists:
   Non-Class:  1.03 MB
       Class:  1.17 MB
        Both:  2.20 MB

MaxMetaspaceSize: unlimited
CompressedClassSpaceSize: 1.00 GB
Initial GC threshold: 21.00 MB
Current GC threshold: 79.31 MB
CDS: off
MetaspaceReclaimPolicy: balanced
 - commit_granule_bytes: 65536.
 - commit_granule_words: 8192.
 - virtual_space_node_default_size: 1048576.
 - enlarge_chunks_in_place: 1.
 - new_chunks_are_fully_committed: 0.
 - uncommit_free_chunks: 1.
 - use_allocation_guard: 0.
 - handle_deallocations: 1.


Internal statistics:

num_allocs_failed_limit: 3.
num_arena_births: 602.
num_arena_deaths: 0.
num_vsnodes_births: 7.
num_vsnodes_deaths: 0.
num_space_committed: 795.
num_space_uncommitted: 0.
num_chunks_returned_to_freelist: 3.
num_chunks_taken_from_freelist: 2199.
num_chunk_merges: 3.
num_chunk_splits: 1429.
num_chunks_enlarged: 954.
num_purges: 0.
num_inconsistent_stats: 0.

CodeHeap 'non-profiled nmethods': size=120000Kb used=3003Kb max_used=3003Kb free=116996Kb
 bounds [0x000002223dba0000, 0x000002223de90000, 0x00000222450d0000]
CodeHeap 'profiled nmethods': size=120000Kb used=9972Kb max_used=9972Kb free=110027Kb
 bounds [0x00000222360d0000, 0x0000022236a90000, 0x000002223d600000]
CodeHeap 'non-nmethods': size=5760Kb used=2351Kb max_used=2351Kb free=3408Kb
 bounds [0x000002223d600000, 0x000002223d870000, 0x000002223dba0000]
 total_blobs=5558 nmethods=4739 adapters=728
 compilation: enabled
              stopped_count=0, restarted_count=0
 full_count=0

Compilation events (20 events):
Event: 34.958 Thread 0x000002224cc162a0 nmethod 4744 0x0000022236a89710 code [0x0000022236a898c0, 0x0000022236a89b68]
Event: 35.000 Thread 0x000002224cc159a0 4746   !   4       java.net.URLClassLoader$1::run (81 bytes)
Event: 35.007 Thread 0x000002224cc162a0 4748       3       java.lang.invoke.BoundMethodHandle::rebind (14 bytes)
Event: 35.008 Thread 0x000002224cc162a0 nmethod 4748 0x0000022236a89c90 code [0x0000022236a89e80, 0x0000022236a8a3c8]
Event: 35.008 Thread 0x000002224cc162a0 4749       3       java.lang.invoke.BoundMethodHandle::tooComplex (27 bytes)
Event: 35.009 Thread 0x000002224cc162a0 nmethod 4749 0x0000022236a8a590 code [0x0000022236a8a760, 0x0000022236a8abb8]
Event: 35.009 Thread 0x000002224cc162a0 4750       3       java.lang.invoke.BoundMethodHandle::fieldCount (8 bytes)
Event: 35.009 Thread 0x000002224cc162a0 nmethod 4750 0x0000022236a8ad90 code [0x0000022236a8af40, 0x0000022236a8b218]
Event: 35.009 Thread 0x000002224cc162a0 4751       3       java.lang.invoke.LambdaForm::expressionCount (11 bytes)
Event: 35.010 Thread 0x000002224cc162a0 nmethod 4751 0x0000022236a8b310 code [0x0000022236a8b4a0, 0x0000022236a8b5b8]
Event: 35.014 Thread 0x000002224cc162a0 4752       3       java.lang.invoke.MethodHandles$Lookup::getDirectConstructor (10 bytes)
Event: 35.014 Thread 0x000002224cc162a0 nmethod 4752 0x0000022236a8b690 code [0x0000022236a8b820, 0x0000022236a8b968]
Event: 35.014 Thread 0x000002224cc162a0 4754       3       java.lang.invoke.DirectMethodHandle$Constructor::viewAsType (49 bytes)
Event: 35.014 Thread 0x000002224cc162a0 nmethod 4754 0x0000022236a8ba10 code [0x0000022236a8bbc0, 0x0000022236a8bd88]
Event: 35.049 Thread 0x000002224cc162a0 4755       3       java.util.HashMap::values (25 bytes)
Event: 35.050 Thread 0x000002224cc162a0 nmethod 4755 0x0000022236a8be90 code [0x0000022236a8c040, 0x0000022236a8c3b8]
Event: 35.050 Thread 0x000002224cc162a0 4756       3       java.lang.invoke.DirectMethodHandle$Holder::invokeStatic (21 bytes)
Event: 35.051 Thread 0x000002224cc162a0 nmethod 4756 0x0000022236a8c510 code [0x0000022236a8c6e0, 0x0000022236a8cbb8]
Event: 35.051 Thread 0x000002224cc162a0 4757       3       java.lang.StringConcatHelper::prepend (22 bytes)
Event: 35.051 Thread 0x000002224cc162a0 nmethod 4757 0x0000022236a8cd10 code [0x0000022236a8cec0, 0x0000022236a8d058]

GC Heap History (20 events):
Event: 17.030 GC heap before
{Heap before GC invocations=10 (full 0):
 garbage-first heap   total 81920K, used 58312K [0x0000000080000000, 0x0000000100000000)
  region size 1024K, 13 young (13312K), 1 survivors (1024K)
 Metaspace       used 30920K, committed 31360K, reserved 1081344K
  class space    used 4212K, committed 4416K, reserved 1048576K
}
Event: 17.034 GC heap after
{Heap after GC invocations=11 (full 0):
 garbage-first heap   total 81920K, used 49030K [0x0000000080000000, 0x0000000100000000)
  region size 1024K, 2 young (2048K), 2 survivors (2048K)
 Metaspace       used 30920K, committed 31360K, reserved 1081344K
  class space    used 4212K, committed 4416K, reserved 1048576K
}
Event: 17.741 GC heap before
{Heap before GC invocations=11 (full 0):
 garbage-first heap   total 81920K, used 64390K [0x0000000080000000, 0x0000000100000000)
  region size 1024K, 17 young (17408K), 2 survivors (2048K)
 Metaspace       used 33001K, committed 33408K, reserved 1081344K
  class space    used 4564K, committed 4736K, reserved 1048576K
}
Event: 17.746 GC heap after
{Heap after GC invocations=12 (full 0):
 garbage-first heap   total 81920K, used 49944K [0x0000000080000000, 0x0000000100000000)
  region size 1024K, 1 young (1024K), 1 survivors (1024K)
 Metaspace       used 33001K, committed 33408K, reserved 1081344K
  class space    used 4564K, committed 4736K, reserved 1048576K
}
Event: 18.277 GC heap before
{Heap before GC invocations=13 (full 0):
 garbage-first heap   total 87040K, used 65304K [0x0000000080000000, 0x0000000100000000)
  region size 1024K, 16 young (16384K), 1 survivors (1024K)
 Metaspace       used 35634K, committed 35968K, reserved 1081344K
  class space    used 4949K, committed 5120K, reserved 1048576K
}
Event: 18.282 GC heap after
{Heap after GC invocations=14 (full 0):
 garbage-first heap   total 87040K, used 50512K [0x0000000080000000, 0x0000000100000000)
  region size 1024K, 2 young (2048K), 2 survivors (2048K)
 Metaspace       used 35634K, committed 35968K, reserved 1081344K
  class space    used 4949K, committed 5120K, reserved 1048576K
}
Event: 19.216 GC heap before
{Heap before GC invocations=14 (full 0):
 garbage-first heap   total 87040K, used 68944K [0x0000000080000000, 0x0000000100000000)
  region size 1024K, 21 young (21504K), 2 survivors (2048K)
 Metaspace       used 41292K, committed 41664K, reserved 1089536K
  class space    used 5534K, committed 5696K, reserved 1048576K
}
Event: 19.228 GC heap after
{Heap after GC invocations=15 (full 0):
 garbage-first heap   total 87040K, used 54298K [0x0000000080000000, 0x0000000100000000)
  region size 1024K, 3 young (3072K), 3 survivors (3072K)
 Metaspace       used 41292K, committed 41664K, reserved 1089536K
  class space    used 5534K, committed 5696K, reserved 1048576K
}
Event: 19.843 GC heap before
{Heap before GC invocations=16 (full 0):
 garbage-first heap   total 94208K, used 68634K [0x0000000080000000, 0x0000000100000000)
  region size 1024K, 17 young (17408K), 3 survivors (3072K)
 Metaspace       used 41747K, committed 42112K, reserved 1089536K
  class space    used 5575K, committed 5760K, reserved 1048576K
}
Event: 19.854 GC heap after
{Heap after GC invocations=17 (full 0):
 garbage-first heap   total 94208K, used 56319K [0x0000000080000000, 0x0000000100000000)
  region size 1024K, 2 young (2048K), 2 survivors (2048K)
 Metaspace       used 41747K, committed 42112K, reserved 1089536K
  class space    used 5575K, committed 5760K, reserved 1048576K
}
Event: 20.900 GC heap before
{Heap before GC invocations=17 (full 0):
 garbage-first heap   total 94208K, used 65535K [0x0000000080000000, 0x0000000100000000)
  region size 1024K, 13 young (13312K), 2 survivors (2048K)
 Metaspace       used 42215K, committed 42624K, reserved 1089536K
  class space    used 5621K, committed 5824K, reserved 1048576K
}
Event: 20.907 GC heap after
{Heap after GC invocations=18 (full 0):
 garbage-first heap   total 134144K, used 57607K [0x0000000080000000, 0x0000000100000000)
  region size 1024K, 2 young (2048K), 2 survivors (2048K)
 Metaspace       used 42215K, committed 42624K, reserved 1089536K
  class space    used 5621K, committed 5824K, reserved 1048576K
}
Event: 27.995 GC heap before
{Heap before GC invocations=18 (full 0):
 garbage-first heap   total 134144K, used 92423K [0x0000000080000000, 0x0000000100000000)
  region size 1024K, 34 young (34816K), 2 survivors (2048K)
 Metaspace       used 46728K, committed 47168K, reserved 1097728K
  class space    used 6196K, committed 6400K, reserved 1048576K
}
Event: 28.007 GC heap after
{Heap after GC invocations=19 (full 0):
 garbage-first heap   total 134144K, used 60847K [0x0000000080000000, 0x0000000100000000)
  region size 1024K, 5 young (5120K), 5 survivors (5120K)
 Metaspace       used 46728K, committed 47168K, reserved 1097728K
  class space    used 6196K, committed 6400K, reserved 1048576K
}
Event: 28.057 GC heap before
{Heap before GC invocations=19 (full 0):
 garbage-first heap   total 134144K, used 63919K [0x0000000080000000, 0x0000000100000000)
  region size 1024K, 6 young (6144K), 5 survivors (5120K)
 Metaspace       used 46733K, committed 47168K, reserved 1097728K
  class space    used 6196K, committed 6400K, reserved 1048576K
}
Event: 28.076 GC heap after
{Heap after GC invocations=20 (full 0):
 garbage-first heap   total 134144K, used 64653K [0x0000000080000000, 0x0000000100000000)
  region size 1024K, 1 young (1024K), 1 survivors (1024K)
 Metaspace       used 46733K, committed 47168K, reserved 1097728K
  class space    used 6196K, committed 6400K, reserved 1048576K
}
Event: 30.562 GC heap before
{Heap before GC invocations=21 (full 0):
 garbage-first heap   total 134144K, used 76941K [0x0000000080000000, 0x0000000100000000)
  region size 1024K, 12 young (12288K), 1 survivors (1024K)
 Metaspace       used 47445K, committed 47872K, reserved 1097728K
  class space    used 6278K, committed 6464K, reserved 1048576K
}
Event: 30.568 GC heap after
{Heap after GC invocations=22 (full 0):
 garbage-first heap   total 134144K, used 69134K [0x0000000080000000, 0x0000000100000000)
  region size 1024K, 3 young (3072K), 3 survivors (3072K)
 Metaspace       used 47445K, committed 47872K, reserved 1097728K
  class space    used 6278K, committed 6464K, reserved 1048576K
}
Event: 34.988 GC heap before
{Heap before GC invocations=23 (full 0):
 garbage-first heap   total 134144K, used 99854K [0x0000000080000000, 0x0000000100000000)
  region size 1024K, 32 young (32768K), 3 survivors (3072K)
 Metaspace       used 50193K, committed 50752K, reserved 1097728K
  class space    used 6586K, committed 6784K, reserved 1048576K
}
Event: 34.998 GC heap after
{Heap after GC invocations=24 (full 0):
 garbage-first heap   total 134144K, used 71166K [0x0000000080000000, 0x0000000100000000)
  region size 1024K, 4 young (4096K), 4 survivors (4096K)
 Metaspace       used 50193K, committed 50752K, reserved 1097728K
  class space    used 6586K, committed 6784K, reserved 1048576K
}

Dll operation events (2 events):
Event: 0.039 Loaded shared library C:\Program Files\Android\Android Studio\jbr\bin\java.dll
Event: 2.662 Loaded shared library C:\Program Files\Android\Android Studio\jbr\bin\verify.dll

Deoptimization events (20 events):
Event: 30.059 Thread 0x000002224e00c1d0 DEOPT PACKING pc=0x000002223ddaa6a0 sp=0x000000cc969f7d00
Event: 30.059 Thread 0x000002224e00c1d0 DEOPT UNPACKING pc=0x000002223d6569a3 sp=0x000000cc969f7c68 mode 2
Event: 32.263 Thread 0x000002224e00c1d0 Uncommon trap: trap_request=0xffffff45 fr.pc=0x000002223dca0c40 relative=0x0000000000006560
Event: 32.263 Thread 0x000002224e00c1d0 Uncommon trap: reason=unstable_if action=reinterpret pc=0x000002223dca0c40 method=jdk.internal.org.objectweb.asm.SymbolTable.addType(Ljava/lang/String;)I @ 33 c2
Event: 32.263 Thread 0x000002224e00c1d0 DEOPT PACKING pc=0x000002223dca0c40 sp=0x000000cc969f76f0
Event: 32.263 Thread 0x000002224e00c1d0 DEOPT UNPACKING pc=0x000002223d6569a3 sp=0x000000cc969f7618 mode 2
Event: 33.664 Thread 0x000002224e00c1d0 Uncommon trap: trap_request=0xffffffcc fr.pc=0x000002223de6d43c relative=0x000000000000031c
Event: 33.664 Thread 0x000002224e00c1d0 Uncommon trap: reason=intrinsic_or_type_checked_inlining action=make_not_entrant pc=0x000002223de6d43c method=java.util.Arrays.copyOf([Ljava/lang/Object;ILjava/lang/Class;)[Ljava/lang/Object; @ 35 c2
Event: 33.664 Thread 0x000002224e00c1d0 DEOPT PACKING pc=0x000002223de6d43c sp=0x000000cc969f8ee0
Event: 33.665 Thread 0x000002224e00c1d0 DEOPT UNPACKING pc=0x000002223d6569a3 sp=0x000000cc969f8e88 mode 2
Event: 33.879 Thread 0x000002224e00c1d0 Uncommon trap: trap_request=0xffffff45 fr.pc=0x000002223de73b4c relative=0x000000000000176c
Event: 33.879 Thread 0x000002224e00c1d0 Uncommon trap: reason=unstable_if action=reinterpret pc=0x000002223de73b4c method=jdk.internal.org.objectweb.asm.Frame.getAbstractTypeFromDescriptor(Ljdk/internal/org/objectweb/asm/SymbolTable;Ljava/lang/String;I)I @ 5 c2
Event: 33.879 Thread 0x000002224e00c1d0 DEOPT PACKING pc=0x000002223de73b4c sp=0x000000cc969f8e90
Event: 33.879 Thread 0x000002224e00c1d0 DEOPT UNPACKING pc=0x000002223d6569a3 sp=0x000000cc969f8e50 mode 2
Event: 34.378 Thread 0x000002224e00c1d0 DEOPT PACKING pc=0x00000222362e119f sp=0x000000cc969f8a10
Event: 34.378 Thread 0x000002224e00c1d0 DEOPT UNPACKING pc=0x000002223d657143 sp=0x000000cc969f7e90 mode 0
Event: 35.126 Thread 0x000002224e00c1d0 Uncommon trap: trap_request=0xffffff76 fr.pc=0x000002223de7b144 relative=0x00000000000001a4
Event: 35.126 Thread 0x000002224e00c1d0 Uncommon trap: reason=predicate action=maybe_recompile pc=0x000002223de7b144 method=java.util.LinkedHashMap.keysToArray([Ljava/lang/Object;)[Ljava/lang/Object; @ 12 c2
Event: 35.126 Thread 0x000002224e00c1d0 DEOPT PACKING pc=0x000002223de7b144 sp=0x000000cc969f5b20
Event: 35.126 Thread 0x000002224e00c1d0 DEOPT UNPACKING pc=0x000002223d6569a3 sp=0x000000cc969f5ad8 mode 2

Classes unloaded (0 events):
No events

Classes redefined (0 events):
No events

Internal exceptions (20 events):
Event: 32.593 Thread 0x000002224e00c1d0 Exception <a 'java/lang/ClassNotFoundException'{0x00000000879ef208}: org/gradle/configuration/internal/DefaultListenerBuildOperationDecorator$BuildOperationEmittingClosureBeanInfo> (0x00000000879ef208) 
thrown [s\src\hotspot\share\classfile\systemDictionary.cpp, line 256]
Event: 32.614 Thread 0x000002224e00c1d0 Exception <a 'java/lang/ClassNotFoundException'{0x0000000087800098}: org/gradle/configuration/internal/DefaultListenerBuildOperationDecorator$BuildOperationEmittingClosureCustomizer> (0x0000000087800098) 
thrown [s\src\hotspot\share\classfile\systemDictionary.cpp, line 256]
Event: 32.877 Thread 0x000002224e00c1d0 Exception <a 'java/lang/NoSuchMethodError'{0x00000000877219f0}: 'java.lang.Object java.lang.invoke.DirectMethodHandle$Holder.newInvokeSpecial(java.lang.Object, java.lang.Object, int, int)'> (0x00000000877219f0) 
thrown [s\src\hotspot\share\interpreter\linkResolver.cpp, line 771]
Event: 33.152 Thread 0x000002224e00c1d0 Exception <a 'java/lang/NoSuchMethodError'{0x0000000087776718}: 'java.lang.Object java.lang.invoke.DirectMethodHandle$Holder.invokeSpecial(java.lang.Object, java.lang.Object, java.lang.Object, java.lang.Object, java.lang.Object, java.lang.Object, java.lang.Object, java.lang.Object, java.lang.Object, java.lang.Object)'> (0x0000000087776718) 
thrown [s\src\hotspot\share\interpreter\linkResolver.cpp, line 771]
Event: 33.156 Thread 0x000002224e00c1d0 Exception <a 'java/lang/NoSuchMethodError'{0x000000008777f598}: 'java.lang.Object java.lang.invoke.Invokers$Holder.invoker(java.lang.Object, java.lang.Object, java.lang.Object, java.lang.Object, java.lang.Object, java.lang.Object, java.lang.Object, java.lang.Object, java.lang.Object)'> (0x000000008777f598) 
thrown [s\src\hotspot\share\interpreter\linkResolver.cpp, line 771]
Event: 33.261 Thread 0x000002224e00c1d0 Exception <a 'java/lang/NoSuchMethodError'{0x0000000087339558}: 'java.lang.Object java.lang.invoke.Invokers$Holder.invoker(java.lang.Object, java.lang.Object, java.lang.Object, java.lang.Object)'> (0x0000000087339558) 
thrown [s\src\hotspot\share\interpreter\linkResolver.cpp, line 771]
Event: 33.458 Thread 0x000002224e00c1d0 Exception <a 'java/lang/NoSuchMethodError'{0x00000000873dc888}: 'java.lang.Object java.lang.invoke.DelegatingMethodHandle$Holder.reinvoke_L(java.lang.Object, java.lang.Object, java.lang.Object, java.lang.Object, java.lang.Object, java.lang.Object, java.lang.Object, java.lang.Object, java.lang.Object, java.lang.Object, java.lang.Object, java.lang.Object, java.lang.Object, java.lang.Object, java.lang.Object, java.lang.Object, java.lang.Object, java.lang.Object, java.lang.Object, java.lang.Object, java.lang.O
Event: 33.460 Thread 0x000002224e00c1d0 Exception <a 'java/lang/NoSuchMethodError'{0x00000000873e8058}: 'java.lang.Object java.lang.invoke.Invokers$Holder.invoker(java.lang.Object, java.lang.Object, java.lang.Object, java.lang.Object, java.lang.Object, java.lang.Object, java.lang.Object, java.lang.Object, java.lang.Object, java.lang.Object, java.lang.Object, java.lang.Object, java.lang.Object, java.lang.Object, java.lang.Object, java.lang.Object, java.lang.Object, java.lang.Object, java.lang.Object, java.lang.Object, java.lang.Object)'> (0x00000
Event: 33.461 Thread 0x000002224e00c1d0 Exception <a 'java/lang/NoSuchMethodError'{0x00000000873eea10}: 'java.lang.Object java.lang.invoke.DelegatingMethodHandle$Holder.delegate(java.lang.Object, java.lang.Object, java.lang.Object, java.lang.Object, java.lang.Object, java.lang.Object, java.lang.Object, java.lang.Object, java.lang.Object, java.lang.Object, java.lang.Object, java.lang.Object, java.lang.Object, java.lang.Object, java.lang.Object, java.lang.Object, java.lang.Object, java.lang.Object, java.lang.Object, java.lang.Object, java.lang.Obj
Event: 33.738 Thread 0x000002224e00c1d0 Exception <a 'java/lang/NoSuchMethodError'{0x000000008725ebd0}: 'java.lang.Object java.lang.invoke.DirectMethodHandle$Holder.invokeStatic(java.lang.Object, java.lang.Object, java.lang.Object, java.lang.Object, java.lang.Object, java.lang.Object, java.lang.Object, java.lang.Object, java.lang.Object, java.lang.Object, java.lang.Object, java.lang.Object, java.lang.Object, java.lang.Object, java.lang.Object, java.lang.Object, java.lang.Object)'> (0x000000008725ebd0) 
thrown [s\src\hotspot\share\interpreter\lin
Event: 33.749 Thread 0x000002224e00c1d0 Exception <a 'java/lang/NoSuchMethodError'{0x0000000087286a30}: 'java.lang.Object java.lang.invoke.DirectMethodHandle$Holder.invokeStatic(java.lang.Object, java.lang.Object, java.lang.Object, java.lang.Object, java.lang.Object, java.lang.Object, java.lang.Object, java.lang.Object, java.lang.Object, java.lang.Object, java.lang.Object, java.lang.Object, java.lang.Object, java.lang.Object, java.lang.Object, java.lang.Object, java.lang.Object, java.lang.Object)'> (0x0000000087286a30) 
thrown [s\src\hotspot\sha
Event: 33.765 Thread 0x000002224e00c1d0 Exception <a 'java/lang/NoSuchMethodError'{0x00000000872af078}: 'java.lang.Object java.lang.invoke.DirectMethodHandle$Holder.invokeStatic(java.lang.Object, java.lang.Object, java.lang.Object, java.lang.Object, java.lang.Object, java.lang.Object, java.lang.Object, java.lang.Object, java.lang.Object, java.lang.Object, java.lang.Object, java.lang.Object, java.lang.Object, java.lang.Object, java.lang.Object, java.lang.Object, java.lang.Object, java.lang.Object, java.lang.Object)'> (0x00000000872af078) 
thrown 
Event: 33.807 Thread 0x000002224e00c1d0 Exception <a 'java/lang/NoSuchMethodError'{0x00000000872d89b8}: 'java.lang.Object java.lang.invoke.DirectMethodHandle$Holder.invokeStatic(java.lang.Object, java.lang.Object, java.lang.Object, java.lang.Object, java.lang.Object, java.lang.Object, java.lang.Object, java.lang.Object, java.lang.Object, java.lang.Object, java.lang.Object, java.lang.Object, java.lang.Object, java.lang.Object, java.lang.Object, java.lang.Object, java.lang.Object, java.lang.Object, java.lang.Object, java.lang.Object)'> (0x00000000
Event: 33.822 Thread 0x000002224e00c1d0 Exception <a 'java/lang/NoSuchMethodError'{0x0000000087103dd0}: 'java.lang.Object java.lang.invoke.DirectMethodHandle$Holder.invokeStatic(java.lang.Object, java.lang.Object, java.lang.Object, java.lang.Object, java.lang.Object, java.lang.Object, java.lang.Object, java.lang.Object, java.lang.Object, java.lang.Object, java.lang.Object, java.lang.Object, java.lang.Object, java.lang.Object, java.lang.Object, java.lang.Object, java.lang.Object, java.lang.Object, java.lang.Object, java.lang.Object, java.lang.Obj
Event: 33.882 Thread 0x000002224e00c1d0 Exception <a 'java/lang/NoSuchMethodError'{0x000000008712f0d8}: 'java.lang.Object java.lang.invoke.DirectMethodHandle$Holder.invokeStatic(java.lang.Object, java.lang.Object, java.lang.Object, java.lang.Object, java.lang.Object, java.lang.Object, java.lang.Object, java.lang.Object, java.lang.Object, java.lang.Object, java.lang.Object, java.lang.Object, java.lang.Object, java.lang.Object, java.lang.Object, java.lang.Object, java.lang.Object, java.lang.Object, java.lang.Object, java.lang.Object, java.lang.Obj
Event: 33.920 Thread 0x000002224e00c1d0 Exception <a 'java/lang/NoSuchMethodError'{0x000000008715be78}: 'java.lang.Object java.lang.invoke.DirectMethodHandle$Holder.invokeStatic(java.lang.Object, java.lang.Object, java.lang.Object, java.lang.Object, java.lang.Object, java.lang.Object, java.lang.Object, java.lang.Object, java.lang.Object, java.lang.Object, java.lang.Object, java.lang.Object, java.lang.Object, java.lang.Object, java.lang.Object, java.lang.Object, java.lang.Object, java.lang.Object, java.lang.Object, java.lang.Object, java.lang.Obj
Event: 34.061 Thread 0x000002224e00c1d0 Exception <a 'java/lang/NoSuchMethodError'{0x000000008718a788}: 'java.lang.Object java.lang.invoke.DirectMethodHandle$Holder.invokeStatic(java.lang.Object, java.lang.Object, java.lang.Object, java.lang.Object, java.lang.Object, java.lang.Object, java.lang.Object, java.lang.Object, java.lang.Object, java.lang.Object, java.lang.Object, java.lang.Object, java.lang.Object, java.lang.Object, java.lang.Object, java.lang.Object, java.lang.Object, java.lang.Object, java.lang.Object, java.lang.Object, java.lang.Obj
Event: 34.517 Thread 0x000002224e00c1d0 Exception <a 'java/lang/IncompatibleClassChangeError'{0x00000000866e4e78}: Found class java.lang.Object, but interface was expected> (0x00000000866e4e78) 
thrown [s\src\hotspot\share\interpreter\linkResolver.cpp, line 838]
Event: 34.964 Thread 0x000002224e00c1d0 Exception <a 'java/lang/IncompatibleClassChangeError'{0x00000000863607f0}: Found class java.lang.Object, but interface was expected> (0x00000000863607f0) 
thrown [s\src\hotspot\share\interpreter\linkResolver.cpp, line 838]
Event: 35.125 Thread 0x000002224e00c1d0 Exception <a 'java/lang/NoSuchMethodError'{0x00000000882e6f98}: 'int java.lang.invoke.DirectMethodHandle$Holder.invokeStaticInit(java.lang.Object, java.lang.Object, java.lang.Object, java.lang.Object, java.lang.Object)'> (0x00000000882e6f98) 
thrown [s\src\hotspot\share\interpreter\linkResolver.cpp, line 771]

VM Operations (20 events):
Event: 29.322 Executing VM operation: Cleanup
Event: 29.340 Executing VM operation: Cleanup done
Event: 29.904 Executing VM operation: HandshakeAllThreads
Event: 29.904 Executing VM operation: HandshakeAllThreads done
Event: 30.562 Executing VM operation: G1TryInitiateConcMark
Event: 30.568 Executing VM operation: G1TryInitiateConcMark done
Event: 30.675 Executing VM operation: G1Concurrent
Event: 30.681 Executing VM operation: G1Concurrent done
Event: 30.726 Executing VM operation: G1Concurrent
Event: 30.726 Executing VM operation: G1Concurrent done
Event: 31.747 Executing VM operation: Cleanup
Event: 31.861 Executing VM operation: Cleanup done
Event: 32.872 Executing VM operation: Cleanup
Event: 32.876 Executing VM operation: Cleanup done
Event: 33.890 Executing VM operation: Cleanup
Event: 33.925 Executing VM operation: Cleanup done
Event: 34.522 Executing VM operation: HandshakeAllThreads
Event: 34.523 Executing VM operation: HandshakeAllThreads done
Event: 34.988 Executing VM operation: G1CollectForAllocation
Event: 34.998 Executing VM operation: G1CollectForAllocation done

Events (20 events):
Event: 33.776 loading class java/lang/invoke/BoundMethodHandle$Species_LLLLLLLLLLLLLLLLL done
Event: 33.810 loading class java/lang/invoke/BoundMethodHandle$Species_LLLLLLLLLLLLLLLLLL
Event: 33.810 loading class java/lang/invoke/BoundMethodHandle$Species_LLLLLLLLLLLLLLLLLL done
Event: 33.878 loading class java/lang/invoke/BoundMethodHandle$Species_LLLLLLLLLLLLLLLLLLL
Event: 33.878 loading class java/lang/invoke/BoundMethodHandle$Species_LLLLLLLLLLLLLLLLLLL done
Event: 33.885 loading class java/lang/invoke/BoundMethodHandle$Species_LLLLLLLLLLLLLLLLLLLL
Event: 33.885 loading class java/lang/invoke/BoundMethodHandle$Species_LLLLLLLLLLLLLLLLLLLL done
Event: 33.925 loading class java/lang/invoke/BoundMethodHandle$Species_LLLLLLLLLLLLLLLLLLLLL
Event: 33.925 loading class java/lang/invoke/BoundMethodHandle$Species_LLLLLLLLLLLLLLLLLLLLL done
Event: 34.317 Thread 0x000002224e5d24a0 Thread added: 0x000002224e5d24a0
Event: 34.919 loading class java/util/stream/ReferencePipeline$4
Event: 34.919 loading class java/util/stream/ReferencePipeline$4 done
Event: 34.920 loading class java/util/function/IntBinaryOperator
Event: 34.920 loading class java/util/function/IntBinaryOperator done
Event: 34.920 loading class java/util/stream/ReduceOps$6
Event: 34.920 loading class java/util/stream/ReduceOps$6 done
Event: 34.920 loading class java/util/stream/ReduceOps$5ReducingSink
Event: 34.921 loading class java/util/stream/ReduceOps$5ReducingSink done
Event: 34.921 loading class java/util/stream/ReferencePipeline$4$1
Event: 34.921 loading class java/util/stream/ReferencePipeline$4$1 done


Dynamic libraries:
0x00007ff7b2af0000 - 0x00007ff7b2afa000 	C:\Program Files\Android\Android Studio\jbr\bin\java.exe
0x00007ff987c70000 - 0x00007ff987e64000 	C:\Windows\SYSTEM32\ntdll.dll
0x00007ff986740000 - 0x00007ff9867fd000 	C:\Windows\System32\KERNEL32.DLL
0x00007ff9853c0000 - 0x00007ff985687000 	C:\Windows\System32\KERNELBASE.dll
0x00007ff985730000 - 0x00007ff985830000 	C:\Windows\System32\ucrtbase.dll
0x00007ff97ff80000 - 0x00007ff97ff97000 	C:\Program Files\Android\Android Studio\jbr\bin\jli.dll
0x00007ff97a6a0000 - 0x00007ff97a6bb000 	C:\Program Files\Android\Android Studio\jbr\bin\VCRUNTIME140.dll
0x00007ff9878d0000 - 0x00007ff987a70000 	C:\Windows\System32\USER32.dll
0x00007ff985c60000 - 0x00007ff985c82000 	C:\Windows\System32\win32u.dll
0x00007ff975210000 - 0x00007ff9754aa000 	C:\Windows\WinSxS\amd64_microsoft.windows.common-controls_6595b64144ccf1df_6.0.19041.1_none_b555e41d4684ddec\COMCTL32.dll
0x00007ff987a70000 - 0x00007ff987a9a000 	C:\Windows\System32\GDI32.dll
0x00007ff985ad0000 - 0x00007ff985bd9000 	C:\Windows\System32\gdi32full.dll
0x00007ff986210000 - 0x00007ff9862ae000 	C:\Windows\System32\msvcrt.dll
0x00007ff985690000 - 0x00007ff98572d000 	C:\Windows\System32\msvcp_win.dll
0x00007ff9861e0000 - 0x00007ff986210000 	C:\Windows\System32\IMM32.DLL
0x00007ff981200000 - 0x00007ff98120c000 	C:\Program Files\Android\Android Studio\jbr\bin\vcruntime140_1.dll
0x00007ff956390000 - 0x00007ff95641d000 	C:\Program Files\Android\Android Studio\jbr\bin\msvcp140.dll
0x00007ff95a160000 - 0x00007ff95adce000 	C:\Program Files\Android\Android Studio\jbr\bin\server\jvm.dll
0x00007ff9862b0000 - 0x00007ff98635a000 	C:\Windows\System32\ADVAPI32.dll
0x00007ff986360000 - 0x00007ff9863fb000 	C:\Windows\System32\sechost.dll
0x00007ff986600000 - 0x00007ff986723000 	C:\Windows\System32\RPCRT4.dll
0x00007ff971430000 - 0x00007ff971439000 	C:\Windows\SYSTEM32\WSOCK32.dll
0x00007ff986940000 - 0x00007ff9869ab000 	C:\Windows\System32\WS2_32.dll
0x00007ff976c50000 - 0x00007ff976c77000 	C:\Windows\SYSTEM32\WINMM.dll
0x00007ff97a340000 - 0x00007ff97a34a000 	C:\Windows\SYSTEM32\VERSION.dll
0x00007ff983310000 - 0x00007ff983323000 	C:\Windows\SYSTEM32\kernel.appcore.dll
0x00007ff9812c0000 - 0x00007ff9812ca000 	C:\Program Files\Android\Android Studio\jbr\bin\jimage.dll
0x00007ff96f1e0000 - 0x00007ff96f3c4000 	C:\Windows\SYSTEM32\DBGHELP.DLL
0x00007ff96f170000 - 0x00007ff96f19c000 	C:\Windows\SYSTEM32\dbgcore.DLL
0x00007ff985be0000 - 0x00007ff985c5f000 	C:\Windows\System32\bcryptPrimitives.dll
0x00007ff981250000 - 0x00007ff981275000 	C:\Program Files\Android\Android Studio\jbr\bin\java.dll
0x00007ff9812a0000 - 0x00007ff9812b8000 	C:\Program Files\Android\Android Studio\jbr\bin\zip.dll
0x00007ff9869c0000 - 0x00007ff9870f1000 	C:\Windows\System32\SHELL32.dll
0x00007ff983510000 - 0x00007ff983c9a000 	C:\Windows\SYSTEM32\windows.storage.dll
0x00007ff987390000 - 0x00007ff9876e4000 	C:\Windows\System32\combase.dll
0x00007ff984d00000 - 0x00007ff984d2b000 	C:\Windows\SYSTEM32\Wldp.dll
0x00007ff9876f0000 - 0x00007ff98779e000 	C:\Windows\System32\SHCORE.dll
0x00007ff9868e0000 - 0x00007ff986935000 	C:\Windows\System32\shlwapi.dll
0x00007ff985300000 - 0x00007ff98531f000 	C:\Windows\SYSTEM32\profapi.dll
0x00007ff980610000 - 0x00007ff980629000 	C:\Program Files\Android\Android Studio\jbr\bin\net.dll
0x00007ff97d930000 - 0x00007ff97da30000 	C:\Windows\SYSTEM32\WINHTTP.dll
0x00007ff984af0000 - 0x00007ff984b5a000 	C:\Windows\system32\mswsock.dll
0x00007ff980360000 - 0x00007ff980376000 	C:\Program Files\Android\Android Studio\jbr\bin\nio.dll
0x00007ff980600000 - 0x00007ff980610000 	C:\Program Files\Android\Android Studio\jbr\bin\verify.dll
0x00007ff981210000 - 0x00007ff981237000 	D:\DOWNLOADS\JetPlayer\native\68d5fa5c4cc2d200863cafc0d521ce42e7d3e7ee720ec0a83991735586a16f82\windows-amd64\native-platform.dll
0x00007ff94baf0000 - 0x00007ff94bc34000 	D:\DOWNLOADS\JetPlayer\native\e376f236ea51e6404a007f0833ffe2c6e607c4080706a723a18a27aeea778392\windows-amd64\native-platform-file-events.dll
0x00007ff980350000 - 0x00007ff980359000 	C:\Program Files\Android\Android Studio\jbr\bin\management.dll
0x00007ff980210000 - 0x00007ff98021b000 	C:\Program Files\Android\Android Studio\jbr\bin\management_ext.dll
0x00007ff986730000 - 0x00007ff986738000 	C:\Windows\System32\PSAPI.DLL
0x00007ff9850a0000 - 0x00007ff9850b8000 	C:\Windows\SYSTEM32\CRYPTSP.dll
0x00007ff9844a0000 - 0x00007ff9844d4000 	C:\Windows\system32\rsaenh.dll
0x00007ff9859f0000 - 0x00007ff985a17000 	C:\Windows\System32\bcrypt.dll
0x00007ff985280000 - 0x00007ff9852ae000 	C:\Windows\SYSTEM32\USERENV.dll
0x00007ff984c70000 - 0x00007ff984c7c000 	C:\Windows\SYSTEM32\CRYPTBASE.dll
0x00007ff984800000 - 0x00007ff98483b000 	C:\Windows\SYSTEM32\IPHLPAPI.DLL
0x00007ff986400000 - 0x00007ff986409000 	C:\Windows\System32\NSI.dll
0x00007ff97f3a0000 - 0x00007ff97f3b7000 	C:\Windows\SYSTEM32\dhcpcsvc6.DLL
0x00007ff97f380000 - 0x00007ff97f39d000 	C:\Windows\SYSTEM32\dhcpcsvc.DLL
0x00007ff984840000 - 0x00007ff98490a000 	C:\Windows\SYSTEM32\DNSAPI.dll
0x00007ff980200000 - 0x00007ff980207000 	C:\Windows\system32\wshunix.dll

dbghelp: loaded successfully - version: 4.0.5 - missing functions: none
symbol engine: initialized successfully - sym options: 0x614 - pdb path: .;C:\Program Files\Android\Android Studio\jbr\bin;C:\Windows\SYSTEM32;C:\Windows\WinSxS\amd64_microsoft.windows.common-controls_6595b64144ccf1df_6.0.19041.1_none_b555e41d4684ddec;C:\Program Files\Android\Android Studio\jbr\bin\server;D:\DOWNLOADS\JetPlayer\native\68d5fa5c4cc2d200863cafc0d521ce42e7d3e7ee720ec0a83991735586a16f82\windows-amd64;D:\DOWNLOADS\JetPlayer\native\e376f236ea51e6404a007f0833ffe2c6e607c4080706a723a18a27aeea778392\windows-amd64

VM Arguments:
jvm_args: --add-opens=java.base/java.util=ALL-UNNAMED --add-opens=java.base/java.lang=ALL-UNNAMED --add-opens=java.base/java.lang.invoke=ALL-UNNAMED --add-opens=java.prefs/java.util.prefs=ALL-UNNAMED --add-opens=java.base/java.nio.charset=ALL-UNNAMED --add-opens=java.base/java.net=ALL-UNNAMED --add-opens=java.base/java.util.concurrent.atomic=ALL-UNNAMED -Xmx2048m -Dfile.encoding=UTF-8 -Duser.country=US -Duser.language=en -Duser.variant 
java_command: org.gradle.launcher.daemon.bootstrap.GradleDaemon 8.0
java_class_path (initial): D:\DOWNLOADS\JetPlayer\wrapper\dists\gradle-8.0-bin\ca5e32bp14vu59qr306oxotwh\gradle-8.0\lib\gradle-launcher-8.0.jar
Launcher Type: SUN_STANDARD

[Global flags]
     intx CICompilerCount                          = 3                                         {product} {ergonomic}
     uint ConcGCThreads                            = 1                                         {product} {ergonomic}
     uint G1ConcRefinementThreads                  = 4                                         {product} {ergonomic}
   size_t G1HeapRegionSize                         = 1048576                                   {product} {ergonomic}
    uintx GCDrainStackTargetSize                   = 64                                        {product} {ergonomic}
   size_t InitialHeapSize                          = 132120576                                 {product} {ergonomic}
   size_t MarkStackSize                            = 4194304                                   {product} {ergonomic}
   size_t MaxHeapSize                              = 2147483648                                {product} {command line}
   size_t MaxNewSize                               = 1287651328                                {product} {ergonomic}
   size_t MinHeapDeltaBytes                        = 1048576                                   {product} {ergonomic}
   size_t MinHeapSize                              = 8388608                                   {product} {ergonomic}
    uintx NonNMethodCodeHeapSize                   = 5832780                                {pd product} {ergonomic}
    uintx NonProfiledCodeHeapSize                  = 122912730                              {pd product} {ergonomic}
    uintx ProfiledCodeHeapSize                     = 122912730                              {pd product} {ergonomic}
    uintx ReservedCodeCacheSize                    = 251658240                              {pd product} {ergonomic}
     bool SegmentedCodeCache                       = true                                      {product} {ergonomic}
   size_t SoftMaxHeapSize                          = 2147483648                             {manageable} {ergonomic}
     bool UseCompressedClassPointers               = true                           {product lp64_product} {ergonomic}
     bool UseCompressedOops                        = true                           {product lp64_product} {ergonomic}
     bool UseG1GC                                  = true                                      {product} {ergonomic}
     bool UseLargePagesIndividualAllocation        = false                                  {pd product} {ergonomic}

Logging:
Log output configuration:
 #0: stdout all=warning uptime,level,tags
 #1: stderr all=off uptime,level,tags

Environment Variables:
JAVA_HOME=C:\Program Files\Zulu\zulu-17
PATH=C:\Program Files\Zulu\zulu-17\bin\;C:\Program Files\Common Files\Oracle\Java\javapath;C:\Program Files (x86)\Common Files\Oracle\Java\javapath;C:\Program Files\Zulu\zulu-8\bin\;C:\ProgramData\Oracle\Java\javapath;C:\Windows\system32;C:\Windows;C:\Windows\System32\Wbem;C:\Windows\System32\WindowsPowerShell\v1.0\;C:\Windows\System32\OpenSSH\;C:\Program Files (x86)\dotnet\;C:\Program Files\dotnet\;C:\Program Files (x86)\QuickTime\QTSystem\;D:\DOWNLOADS\gradle-8.3-all\gradle-8.3\bin;C:\Program Files\Git\cmd;C:\Program Files\Java\jdk-21\bin;C:\Users\ACER\AppData\Local\Microsoft\WindowsApps;C:\Users\ACER\AppData\Local\Programs\Microsoft VS Code\bin;C:\Program Files\Java\jdk-21\bin;
USERNAME=ACER
OS=Windows_NT
PROCESSOR_IDENTIFIER=Intel64 Family 6 Model 58 Stepping 9, GenuineIntel
TMP=C:\Users\ACER\AppData\Local\Temp
TEMP=C:\Users\ACER\AppData\Local\Temp


JNI global refs:
JNI global refs: 23, weak refs: 0

JNI global refs memory usage: 843, weak refs: 209


---------------  S Y S T E M  ---------------

OS:
 Windows 10 , 64 bit Build 19041 (10.0.19041.207)
OS uptime: 0 days 17:16 hours
Hyper-V role detected

CPU: total 4 (initial active 4) (2 cores per cpu, 2 threads per core) family 6 model 58 stepping 9 microcode 0x21, cx8, cmov, fxsr, ht, mmx, sse, sse2, sse3, ssse3, sse4.1, sse4.2, popcnt, tsc, tscinvbit, avx, aes, erms, clmul, vzeroupper, clflush, hv

Memory: 4k page, system-wide physical 8030M (993M free)
TotalPageFile size 10078M (AvailPageFile size 16M)
current process WorkingSet (physical memory assigned to process): 297M, peak: 307M
current process commit charge ("private bytes"): 332M, peak: 344M

vm_info: OpenJDK 64-Bit Server VM (17.0.6+0-b2043.56-10027231) for windows-amd64 JRE (17.0.6+0-b2043.56-10027231), built on Apr 28 2023 00:43:19 by "androidbuild" with MS VC++ 16.10 / 16.11 (VS2019)

END.
